core   0: 0x00001000 (0x00000297) auipc   t0, 0x0
core   0: 3 0x00001000 (0x00000297) x5  0x00001000
core   0: 0x00001004 (0x02028593) addi    a1, t0, 32
core   0: 3 0x00001004 (0x02028593) x11 0x00001020
core   0: 0x00001008 (0xf1402573) csrr    a0, mhartid
core   0: 3 0x00001008 (0xf1402573) x10 0x00000000
core   0: 0x0000100c (0x0182a283) lw      t0, 24(t0)
core   0: 3 0x0000100c (0x0182a283) x5  0x80000000 mem 0x00001018
core   0: 0x00001010 (0x00028067) jr      t0
core   0: 3 0x00001010 (0x00028067)
core   0: 0x80000000 (0xf14022f3) csrr    t0, mhartid
core   0: 3 0x80000000 (0xf14022f3) x5  0x00000000
core   0: 0x80000004 (0x00004301) c.li    t1, 0
core   0: 3 0x80000004 (0x4301) x6  0x00000000
core   0: 0x80000006 (0x00628263) beq     t0, t1, pc + 4
core   0: 3 0x80000006 (0x00628263)
core   0: 0x8000000a (0x00000797) auipc   a5, 0x0
core   0: 3 0x8000000a (0x00000797) x15 0x8000000a
core   0: 0x8000000e (0x00c78793) addi    a5, a5, 12
core   0: 3 0x8000000e (0x00c78793) x15 0x80000016
core   0: 0x80000012 (0x00078067) jr      a5
core   0: 3 0x80000012 (0x00078067)
core   0: 0x80000016 (0x40001637) lui     a2, 0x40001
core   0: 3 0x80000016 (0x40001637) x12 0x40001000
core   0: 0x8000001a (0x10560613) addi    a2, a2, 261
core   0: 3 0x8000001a (0x10560613) x12 0x40001105
core   0: 0x8000001e (0x30161073) csrw    misa, a2
core   0: 3 0x8000001e (0x30161073) c769_misa 0x40141105
core   0: 0x80000022 (0x0002a117) auipc   sp, 0x2a
core   0: 3 0x80000022 (0x0002a117) x2  0x8002a022
core   0: 0x80000026 (0xd0210113) addi    sp, sp, -766
core   0: 3 0x80000026 (0xd0210113) x2  0x80029d24
core   0: 0x8000002a (0x0000a617) auipc   a2, 0xa
core   0: 3 0x8000002a (0x0000a617) x12 0x8000a02a
core   0: 0x8000002e (0x70660613) addi    a2, a2, 1798
core   0: 3 0x8000002e (0x70660613) x12 0x8000a730
core   0: 0x80000032 (0x00066613) ori     a2, a2, 0
core   0: 3 0x80000032 (0x00066613) x12 0x8000a730
core   0: 0x80000036 (0x30561073) csrw    mtvec, a2
core   0: 3 0x80000036 (0x30561073) c773_mtvec 0x8000a730
core   0: 0x8000003a (0x00000617) auipc   a2, 0x0
core   0: 3 0x8000003a (0x00000617) x12 0x8000003a
core   0: 0x8000003e (0x02260613) addi    a2, a2, 34
core   0: 3 0x8000003e (0x02260613) x12 0x8000005c
core   0: 0x80000042 (0x34161073) csrw    mepc, a2
core   0: 3 0x80000042 (0x34161073) c833_mepc 0x8000005c
core   0: 0x80000046 (0x00000001) c.nop
core   0: 3 0x80000046 (0x0001)
core   0: 0x80000048 (0x00006609) c.lui   a2, 0x2
core   0: 3 0x80000048 (0x6609) x12 0x00002000
core   0: 0x8000004a (0x80060613) addi    a2, a2, -2048
core   0: 3 0x8000004a (0x80060613) x12 0x00001800
core   0: 0x8000004e (0x30061073) csrw    mstatus, a2
core   0: 3 0x8000004e (0x30061073) c768_mstatus 0x00001800
core   0: 0x80000052 (0x00004601) c.li    a2, 0
core   0: 3 0x80000052 (0x4601) x12 0x00000000
core   0: 0x80000054 (0x30461073) csrw    mie, a2
core   0: 3 0x80000054 (0x30461073) c772_mie 0x00000000
core   0: 0x80000058 (0x30200073) mret
core   0: 3 0x80000058 (0x30200073) c784_mstatush 0x00000000 c768_mstatus 0x00000080
core   0: >>>>  init
core   0: 0x8000005c (0xf00c9037) lui     zero, 0xf00c9
core   0: 3 0x8000005c (0xf00c9037)
core   0: 0x80000060 (0xb2000013) li      zero, -1248
core   0: 3 0x80000060 (0xb2000013)
core   0: 0x80000064 (0x000040b5) c.li    ra, 13
core   0: 3 0x80000064 (0x40b5) x1  0x0000000d
core   0: 0x80000066 (0xf71511b7) lui     gp, 0xf7151
core   0: 3 0x80000066 (0xf71511b7) x3  0xf7151000
core   0: 0x8000006a (0x62e18193) addi    gp, gp, 1582
core   0: 3 0x8000006a (0x62e18193) x3  0xf715162e
core   0: 0x8000006e (0x00004201) c.li    tp, 0
core   0: 3 0x8000006e (0x4201) x4  0x00000000
core   0: 0x80000070 (0xf498a2b7) lui     t0, 0xf498a
core   0: 3 0x80000070 (0xf498a2b7) x5  0xf498a000
core   0: 0x80000074 (0x72928293) addi    t0, t0, 1833
core   0: 3 0x80000074 (0x72928293) x5  0xf498a729
core   0: 0x80000078 (0xf5ddd337) lui     t1, 0xf5ddd
core   0: 3 0x80000078 (0xf5ddd337) x6  0xf5ddd000
core   0: 0x8000007c (0xbeb30313) addi    t1, t1, -1045
core   0: 3 0x8000007c (0xbeb30313) x6  0xf5ddcbeb
core   0: 0x80000080 (0x0000440d) c.li    s0, 3
core   0: 3 0x80000080 (0x440d) x8  0x00000003
core   0: 0x80000082 (0x00004485) c.li    s1, 1
core   0: 3 0x80000082 (0x4485) x9  0x00000001
core   0: 0x80000084 (0x00004501) c.li    a0, 0
core   0: 3 0x80000084 (0x4501) x10 0x00000000
core   0: 0x80000086 (0x7a0a15b7) lui     a1, 0x7a0a1
core   0: 3 0x80000086 (0x7a0a15b7) x11 0x7a0a1000
core   0: 0x8000008a (0x00000591) c.addi  a1, 4
core   0: 3 0x8000008a (0x0591) x11 0x7a0a1004
core   0: 0x8000008c (0xee2eb637) lui     a2, 0xee2eb
core   0: 3 0x8000008c (0xee2eb637) x12 0xee2eb000
core   0: 0x80000090 (0xeec60613) addi    a2, a2, -276
core   0: 3 0x80000090 (0xeec60613) x12 0xee2eaeec
core   0: 0x80000094 (0x00004691) c.li    a3, 4
core   0: 3 0x80000094 (0x4691) x13 0x00000004
core   0: 0x80000096 (0x97142737) lui     a4, 0x97142
core   0: 3 0x80000096 (0x97142737) x14 0x97142000
core   0: 0x8000009a (0x83e70713) addi    a4, a4, -1986
core   0: 3 0x8000009a (0x83e70713) x14 0x9714183e
core   0: 0x8000009e (0x800007b7) lui     a5, 0x80000
core   0: 3 0x8000009e (0x800007b7) x15 0x80000000
core   0: 0x800000a2 (0xfa62a837) lui     a6, 0xfa62a
core   0: 3 0x800000a2 (0xfa62a837) x16 0xfa62a000
core   0: 0x800000a6 (0x71480813) addi    a6, a6, 1812
core   0: 3 0x800000a6 (0x71480813) x16 0xfa62a714
core   0: 0x800000aa (0x251a98b7) lui     a7, 0x251a9
core   0: 3 0x800000aa (0x251a98b7) x17 0x251a9000
core   0: 0x800000ae (0x15a88893) addi    a7, a7, 346
core   0: 3 0x800000ae (0x15a88893) x17 0x251a915a
core   0: 0x800000b2 (0x539c9937) lui     s2, 0x539c9
core   0: 3 0x800000b2 (0x539c9937) x18 0x539c9000
core   0: 0x800000b6 (0x5b790913) addi    s2, s2, 1463
core   0: 3 0x800000b6 (0x5b790913) x18 0x539c95b7
core   0: 0x800000ba (0xf9d3d9b7) lui     s3, 0xf9d3d
core   0: 3 0x800000ba (0xf9d3d9b7) x19 0xf9d3d000
core   0: 0x800000be (0x4d398993) addi    s3, s3, 1235
core   0: 3 0x800000be (0x4d398993) x19 0xf9d3d4d3
core   0: 0x800000c2 (0x00004a3d) c.li    s4, 15
core   0: 3 0x800000c2 (0x4a3d) x20 0x0000000f
core   0: 0x800000c4 (0xf5413ab7) lui     s5, 0xf5413
core   0: 3 0x800000c4 (0xf5413ab7) x21 0xf5413000
core   0: 0x800000c8 (0x7eaa8a93) addi    s5, s5, 2026
core   0: 3 0x800000c8 (0x7eaa8a93) x21 0xf54137ea
core   0: 0x800000cc (0x00004b01) c.li    s6, 0
core   0: 3 0x800000cc (0x4b01) x22 0x00000000
core   0: 0x800000ce (0x80000bb7) lui     s7, 0x80000
core   0: 3 0x800000ce (0x80000bb7) x23 0x80000000
core   0: 0x800000d2 (0x80000c37) lui     s8, 0x80000
core   0: 3 0x800000d2 (0x80000c37) x24 0x80000000
core   0: 0x800000d6 (0x00004c81) c.li    s9, 0
core   0: 3 0x800000d6 (0x4c81) x25 0x00000000
core   0: 0x800000d8 (0x00004d01) c.li    s10, 0
core   0: 3 0x800000d8 (0x4d01) x26 0x00000000
core   0: 0x800000da (0x00004dad) c.li    s11, 11
core   0: 3 0x800000da (0x4dad) x27 0x0000000b
core   0: 0x800000dc (0x80000e37) lui     t3, 0x80000
core   0: 3 0x800000dc (0x80000e37) x28 0x80000000
core   0: 0x800000e0 (0x80000eb7) lui     t4, 0x80000
core   0: 3 0x800000e0 (0x80000eb7) x29 0x80000000
core   0: 0x800000e4 (0xfe608f37) lui     t5, 0xfe608
core   0: 3 0x800000e4 (0xfe608f37) x30 0xfe608000
core   0: 0x800000e8 (0x43cf0f13) addi    t5, t5, 1084
core   0: 3 0x800000e8 (0x43cf0f13) x30 0xfe60843c
core   0: 0x800000ec (0x80000fb7) lui     t6, 0x80000
core   0: 3 0x800000ec (0x80000fb7) x31 0x80000000
core   0: 0x800000f0 (0x00026397) auipc   t2, 0x26
core   0: 3 0x800000f0 (0x00026397) x7  0x800260f0
core   0: 0x800000f4 (0xdb438393) addi    t2, t2, -588
core   0: 3 0x800000f4 (0xdb438393) x7  0x80025ea4
core   0: 0x800000f8 (0x0000428d) c.li    t0, 3
core   0: 3 0x800000f8 (0x428d) x5  0x00000003
core   0: 0x800000fa (0x000048b1) c.li    a7, 12
core   0: 3 0x800000fa (0x48b1) x17 0x0000000c
core   0: 0x800000fc (0x03ecf933) remu    s2, s9, t5
core   0: 3 0x800000fc (0x03ecf933) x18 0x00000000
core   0: 0x80000100 (0x01c9b633) sltu    a2, s3, t3
core   0: 3 0x80000100 (0x01c9b633) x12 0x00000000
core   0: 0x80000104 (0x00000285) c.addi  t0, 1
core   0: 3 0x80000104 (0x0285) x5  0x00000004
core   0: 0x80000106 (0x00008e91) c.sub   a3, a2
core   0: 3 0x80000106 (0x8e91) x13 0x00000004
core   0: 0x80000108 (0x00005cd9) c.li    s9, -10
core   0: 3 0x80000108 (0x5cd9) x25 0xfffffff6
core   0: 0x8000010a (0x037be933) rem     s2, s7, s7
core   0: 3 0x8000010a (0x037be933) x18 0x00000000
core   0: 0x8000010e (0x039c9033) mulh    zero, s9, s9
core   0: 3 0x8000010e (0x039c9033)
core   0: 0x80000112 (0x00000001) c.nop
core   0: 3 0x80000112 (0x0001)
core   0: 0x80000114 (0x000050bd) c.li    ra, -17
core   0: 3 0x80000114 (0x50bd) x1  0xffffffef
core   0: 0x80000116 (0x00008dcd) c.or    a1, a1
core   0: 3 0x80000116 (0x8dcd) x11 0x7a0a1004
core   0: 0x80000118 (0x00000001) c.nop
core   0: 3 0x80000118 (0x0001)
core   0: 0x8000011a (0x00001cfd) c.addi  s9, -1
core   0: 3 0x8000011a (0x1cfd) x25 0xfffffff5
core   0: 0x8000011c (0x0061f5b3) and     a1, gp, t1
core   0: 3 0x8000011c (0x0061f5b3) x11 0xf515022a
core   0: 0x80000120 (0xfe1c8be3) beq     s9, ra, pc - 10
core   0: 3 0x80000120 (0xfe1c8be3)
core   0: 0x80000124 (0x00000001) c.nop
core   0: 3 0x80000124 (0x0001)
core   0: 0x80000126 (0xfd12ebe3) bltu    t0, a7, pc - 42
core   0: 3 0x80000126 (0xfd12ebe3)
core   0: 0x800000fc (0x03ecf933) remu    s2, s9, t5
core   0: 3 0x800000fc (0x03ecf933) x18 0x019f7bb9
core   0: 0x80000100 (0x01c9b633) sltu    a2, s3, t3
core   0: 3 0x80000100 (0x01c9b633) x12 0x00000000
core   0: 0x80000104 (0x00000285) c.addi  t0, 1
core   0: 3 0x80000104 (0x0285) x5  0x00000005
core   0: 0x80000106 (0x00008e91) c.sub   a3, a2
core   0: 3 0x80000106 (0x8e91) x13 0x00000004
core   0: 0x80000108 (0x00005cd9) c.li    s9, -10
core   0: 3 0x80000108 (0x5cd9) x25 0xfffffff6
core   0: 0x8000010a (0x037be933) rem     s2, s7, s7
core   0: 3 0x8000010a (0x037be933) x18 0x00000000
core   0: 0x8000010e (0x039c9033) mulh    zero, s9, s9
core   0: 3 0x8000010e (0x039c9033)
core   0: 0x80000112 (0x00000001) c.nop
core   0: 3 0x80000112 (0x0001)
core   0: 0x80000114 (0x000050bd) c.li    ra, -17
core   0: 3 0x80000114 (0x50bd) x1  0xffffffef
core   0: 0x80000116 (0x00008dcd) c.or    a1, a1
core   0: 3 0x80000116 (0x8dcd) x11 0xf515022a
core   0: 0x80000118 (0x00000001) c.nop
core   0: 3 0x80000118 (0x0001)
core   0: 0x8000011a (0x00001cfd) c.addi  s9, -1
core   0: 3 0x8000011a (0x1cfd) x25 0xfffffff5
core   0: 0x8000011c (0x0061f5b3) and     a1, gp, t1
core   0: 3 0x8000011c (0x0061f5b3) x11 0xf515022a
core   0: 0x80000120 (0xfe1c8be3) beq     s9, ra, pc - 10
core   0: 3 0x80000120 (0xfe1c8be3)
core   0: 0x80000124 (0x00000001) c.nop
core   0: 3 0x80000124 (0x0001)
core   0: 0x80000126 (0xfd12ebe3) bltu    t0, a7, pc - 42
core   0: 3 0x80000126 (0xfd12ebe3)
core   0: 0x800000fc (0x03ecf933) remu    s2, s9, t5
core   0: 3 0x800000fc (0x03ecf933) x18 0x019f7bb9
core   0: 0x80000100 (0x01c9b633) sltu    a2, s3, t3
core   0: 3 0x80000100 (0x01c9b633) x12 0x00000000
core   0: 0x80000104 (0x00000285) c.addi  t0, 1
core   0: 3 0x80000104 (0x0285) x5  0x00000006
core   0: 0x80000106 (0x00008e91) c.sub   a3, a2
core   0: 3 0x80000106 (0x8e91) x13 0x00000004
core   0: 0x80000108 (0x00005cd9) c.li    s9, -10
core   0: 3 0x80000108 (0x5cd9) x25 0xfffffff6
core   0: 0x8000010a (0x037be933) rem     s2, s7, s7
core   0: 3 0x8000010a (0x037be933) x18 0x00000000
core   0: 0x8000010e (0x039c9033) mulh    zero, s9, s9
core   0: 3 0x8000010e (0x039c9033)
core   0: 0x80000112 (0x00000001) c.nop
core   0: 3 0x80000112 (0x0001)
core   0: 0x80000114 (0x000050bd) c.li    ra, -17
core   0: 3 0x80000114 (0x50bd) x1  0xffffffef
core   0: 0x80000116 (0x00008dcd) c.or    a1, a1
core   0: 3 0x80000116 (0x8dcd) x11 0xf515022a
core   0: 0x80000118 (0x00000001) c.nop
core   0: 3 0x80000118 (0x0001)
core   0: 0x8000011a (0x00001cfd) c.addi  s9, -1
core   0: 3 0x8000011a (0x1cfd) x25 0xfffffff5
core   0: 0x8000011c (0x0061f5b3) and     a1, gp, t1
core   0: 3 0x8000011c (0x0061f5b3) x11 0xf515022a
core   0: 0x80000120 (0xfe1c8be3) beq     s9, ra, pc - 10
core   0: 3 0x80000120 (0xfe1c8be3)
core   0: 0x80000124 (0x00000001) c.nop
core   0: 3 0x80000124 (0x0001)
core   0: 0x80000126 (0xfd12ebe3) bltu    t0, a7, pc - 42
core   0: 3 0x80000126 (0xfd12ebe3)
core   0: 0x800000fc (0x03ecf933) remu    s2, s9, t5
core   0: 3 0x800000fc (0x03ecf933) x18 0x019f7bb9
core   0: 0x80000100 (0x01c9b633) sltu    a2, s3, t3
core   0: 3 0x80000100 (0x01c9b633) x12 0x00000000
core   0: 0x80000104 (0x00000285) c.addi  t0, 1
core   0: 3 0x80000104 (0x0285) x5  0x00000007
core   0: 0x80000106 (0x00008e91) c.sub   a3, a2
core   0: 3 0x80000106 (0x8e91) x13 0x00000004
core   0: 0x80000108 (0x00005cd9) c.li    s9, -10
core   0: 3 0x80000108 (0x5cd9) x25 0xfffffff6
core   0: 0x8000010a (0x037be933) rem     s2, s7, s7
core   0: 3 0x8000010a (0x037be933) x18 0x00000000
core   0: 0x8000010e (0x039c9033) mulh    zero, s9, s9
core   0: 3 0x8000010e (0x039c9033)
core   0: 0x80000112 (0x00000001) c.nop
core   0: 3 0x80000112 (0x0001)
core   0: 0x80000114 (0x000050bd) c.li    ra, -17
core   0: 3 0x80000114 (0x50bd) x1  0xffffffef
core   0: 0x80000116 (0x00008dcd) c.or    a1, a1
core   0: 3 0x80000116 (0x8dcd) x11 0xf515022a
core   0: 0x80000118 (0x00000001) c.nop
core   0: 3 0x80000118 (0x0001)
core   0: 0x8000011a (0x00001cfd) c.addi  s9, -1
core   0: 3 0x8000011a (0x1cfd) x25 0xfffffff5
core   0: 0x8000011c (0x0061f5b3) and     a1, gp, t1
core   0: 3 0x8000011c (0x0061f5b3) x11 0xf515022a
core   0: 0x80000120 (0xfe1c8be3) beq     s9, ra, pc - 10
core   0: 3 0x80000120 (0xfe1c8be3)
core   0: 0x80000124 (0x00000001) c.nop
core   0: 3 0x80000124 (0x0001)
core   0: 0x80000126 (0xfd12ebe3) bltu    t0, a7, pc - 42
core   0: 3 0x80000126 (0xfd12ebe3)
core   0: 0x800000fc (0x03ecf933) remu    s2, s9, t5
core   0: 3 0x800000fc (0x03ecf933) x18 0x019f7bb9
core   0: 0x80000100 (0x01c9b633) sltu    a2, s3, t3
core   0: 3 0x80000100 (0x01c9b633) x12 0x00000000
core   0: 0x80000104 (0x00000285) c.addi  t0, 1
core   0: 3 0x80000104 (0x0285) x5  0x00000008
core   0: 0x80000106 (0x00008e91) c.sub   a3, a2
core   0: 3 0x80000106 (0x8e91) x13 0x00000004
core   0: 0x80000108 (0x00005cd9) c.li    s9, -10
core   0: 3 0x80000108 (0x5cd9) x25 0xfffffff6
core   0: 0x8000010a (0x037be933) rem     s2, s7, s7
core   0: 3 0x8000010a (0x037be933) x18 0x00000000
core   0: 0x8000010e (0x039c9033) mulh    zero, s9, s9
core   0: 3 0x8000010e (0x039c9033)
core   0: 0x80000112 (0x00000001) c.nop
core   0: 3 0x80000112 (0x0001)
core   0: 0x80000114 (0x000050bd) c.li    ra, -17
core   0: 3 0x80000114 (0x50bd) x1  0xffffffef
core   0: 0x80000116 (0x00008dcd) c.or    a1, a1
core   0: 3 0x80000116 (0x8dcd) x11 0xf515022a
core   0: 0x80000118 (0x00000001) c.nop
core   0: 3 0x80000118 (0x0001)
core   0: 0x8000011a (0x00001cfd) c.addi  s9, -1
core   0: 3 0x8000011a (0x1cfd) x25 0xfffffff5
core   0: 0x8000011c (0x0061f5b3) and     a1, gp, t1
core   0: 3 0x8000011c (0x0061f5b3) x11 0xf515022a
core   0: 0x80000120 (0xfe1c8be3) beq     s9, ra, pc - 10
core   0: 3 0x80000120 (0xfe1c8be3)
core   0: 0x80000124 (0x00000001) c.nop
core   0: 3 0x80000124 (0x0001)
core   0: 0x80000126 (0xfd12ebe3) bltu    t0, a7, pc - 42
core   0: 3 0x80000126 (0xfd12ebe3)
core   0: 0x800000fc (0x03ecf933) remu    s2, s9, t5
core   0: 3 0x800000fc (0x03ecf933) x18 0x019f7bb9
core   0: 0x80000100 (0x01c9b633) sltu    a2, s3, t3
core   0: 3 0x80000100 (0x01c9b633) x12 0x00000000
core   0: 0x80000104 (0x00000285) c.addi  t0, 1
core   0: 3 0x80000104 (0x0285) x5  0x00000009
core   0: 0x80000106 (0x00008e91) c.sub   a3, a2
core   0: 3 0x80000106 (0x8e91) x13 0x00000004
core   0: 0x80000108 (0x00005cd9) c.li    s9, -10
core   0: 3 0x80000108 (0x5cd9) x25 0xfffffff6
core   0: 0x8000010a (0x037be933) rem     s2, s7, s7
core   0: 3 0x8000010a (0x037be933) x18 0x00000000
core   0: 0x8000010e (0x039c9033) mulh    zero, s9, s9
core   0: 3 0x8000010e (0x039c9033)
core   0: 0x80000112 (0x00000001) c.nop
core   0: 3 0x80000112 (0x0001)
core   0: 0x80000114 (0x000050bd) c.li    ra, -17
core   0: 3 0x80000114 (0x50bd) x1  0xffffffef
core   0: 0x80000116 (0x00008dcd) c.or    a1, a1
core   0: 3 0x80000116 (0x8dcd) x11 0xf515022a
core   0: 0x80000118 (0x00000001) c.nop
core   0: 3 0x80000118 (0x0001)
core   0: 0x8000011a (0x00001cfd) c.addi  s9, -1
core   0: 3 0x8000011a (0x1cfd) x25 0xfffffff5
core   0: 0x8000011c (0x0061f5b3) and     a1, gp, t1
core   0: 3 0x8000011c (0x0061f5b3) x11 0xf515022a
core   0: 0x80000120 (0xfe1c8be3) beq     s9, ra, pc - 10
core   0: 3 0x80000120 (0xfe1c8be3)
core   0: 0x80000124 (0x00000001) c.nop
core   0: 3 0x80000124 (0x0001)
core   0: 0x80000126 (0xfd12ebe3) bltu    t0, a7, pc - 42
core   0: 3 0x80000126 (0xfd12ebe3)
core   0: 0x800000fc (0x03ecf933) remu    s2, s9, t5
core   0: 3 0x800000fc (0x03ecf933) x18 0x019f7bb9
core   0: 0x80000100 (0x01c9b633) sltu    a2, s3, t3
core   0: 3 0x80000100 (0x01c9b633) x12 0x00000000
core   0: 0x80000104 (0x00000285) c.addi  t0, 1
core   0: 3 0x80000104 (0x0285) x5  0x0000000a
core   0: 0x80000106 (0x00008e91) c.sub   a3, a2
core   0: 3 0x80000106 (0x8e91) x13 0x00000004
core   0: 0x80000108 (0x00005cd9) c.li    s9, -10
core   0: 3 0x80000108 (0x5cd9) x25 0xfffffff6
core   0: 0x8000010a (0x037be933) rem     s2, s7, s7
core   0: 3 0x8000010a (0x037be933) x18 0x00000000
core   0: 0x8000010e (0x039c9033) mulh    zero, s9, s9
core   0: 3 0x8000010e (0x039c9033)
core   0: 0x80000112 (0x00000001) c.nop
core   0: 3 0x80000112 (0x0001)
core   0: 0x80000114 (0x000050bd) c.li    ra, -17
core   0: 3 0x80000114 (0x50bd) x1  0xffffffef
core   0: 0x80000116 (0x00008dcd) c.or    a1, a1
core   0: 3 0x80000116 (0x8dcd) x11 0xf515022a
core   0: 0x80000118 (0x00000001) c.nop
core   0: 3 0x80000118 (0x0001)
core   0: 0x8000011a (0x00001cfd) c.addi  s9, -1
core   0: 3 0x8000011a (0x1cfd) x25 0xfffffff5
core   0: 0x8000011c (0x0061f5b3) and     a1, gp, t1
core   0: 3 0x8000011c (0x0061f5b3) x11 0xf515022a
core   0: 0x80000120 (0xfe1c8be3) beq     s9, ra, pc - 10
core   0: 3 0x80000120 (0xfe1c8be3)
core   0: 0x80000124 (0x00000001) c.nop
core   0: 3 0x80000124 (0x0001)
core   0: 0x80000126 (0xfd12ebe3) bltu    t0, a7, pc - 42
core   0: 3 0x80000126 (0xfd12ebe3)
core   0: 0x800000fc (0x03ecf933) remu    s2, s9, t5
core   0: 3 0x800000fc (0x03ecf933) x18 0x019f7bb9
core   0: 0x80000100 (0x01c9b633) sltu    a2, s3, t3
core   0: 3 0x80000100 (0x01c9b633) x12 0x00000000
core   0: 0x80000104 (0x00000285) c.addi  t0, 1
core   0: 3 0x80000104 (0x0285) x5  0x0000000b
core   0: 0x80000106 (0x00008e91) c.sub   a3, a2
core   0: 3 0x80000106 (0x8e91) x13 0x00000004
core   0: 0x80000108 (0x00005cd9) c.li    s9, -10
core   0: 3 0x80000108 (0x5cd9) x25 0xfffffff6
core   0: 0x8000010a (0x037be933) rem     s2, s7, s7
core   0: 3 0x8000010a (0x037be933) x18 0x00000000
core   0: 0x8000010e (0x039c9033) mulh    zero, s9, s9
core   0: 3 0x8000010e (0x039c9033)
core   0: 0x80000112 (0x00000001) c.nop
core   0: 3 0x80000112 (0x0001)
core   0: 0x80000114 (0x000050bd) c.li    ra, -17
core   0: 3 0x80000114 (0x50bd) x1  0xffffffef
core   0: 0x80000116 (0x00008dcd) c.or    a1, a1
core   0: 3 0x80000116 (0x8dcd) x11 0xf515022a
core   0: 0x80000118 (0x00000001) c.nop
core   0: 3 0x80000118 (0x0001)
core   0: 0x8000011a (0x00001cfd) c.addi  s9, -1
core   0: 3 0x8000011a (0x1cfd) x25 0xfffffff5
core   0: 0x8000011c (0x0061f5b3) and     a1, gp, t1
core   0: 3 0x8000011c (0x0061f5b3) x11 0xf515022a
core   0: 0x80000120 (0xfe1c8be3) beq     s9, ra, pc - 10
core   0: 3 0x80000120 (0xfe1c8be3)
core   0: 0x80000124 (0x00000001) c.nop
core   0: 3 0x80000124 (0x0001)
core   0: 0x80000126 (0xfd12ebe3) bltu    t0, a7, pc - 42
core   0: 3 0x80000126 (0xfd12ebe3)
core   0: 0x800000fc (0x03ecf933) remu    s2, s9, t5
core   0: 3 0x800000fc (0x03ecf933) x18 0x019f7bb9
core   0: 0x80000100 (0x01c9b633) sltu    a2, s3, t3
core   0: 3 0x80000100 (0x01c9b633) x12 0x00000000
core   0: 0x80000104 (0x00000285) c.addi  t0, 1
core   0: 3 0x80000104 (0x0285) x5  0x0000000c
core   0: 0x80000106 (0x00008e91) c.sub   a3, a2
core   0: 3 0x80000106 (0x8e91) x13 0x00000004
core   0: 0x80000108 (0x00005cd9) c.li    s9, -10
core   0: 3 0x80000108 (0x5cd9) x25 0xfffffff6
core   0: 0x8000010a (0x037be933) rem     s2, s7, s7
core   0: 3 0x8000010a (0x037be933) x18 0x00000000
core   0: 0x8000010e (0x039c9033) mulh    zero, s9, s9
core   0: 3 0x8000010e (0x039c9033)
core   0: 0x80000112 (0x00000001) c.nop
core   0: 3 0x80000112 (0x0001)
core   0: 0x80000114 (0x000050bd) c.li    ra, -17
core   0: 3 0x80000114 (0x50bd) x1  0xffffffef
core   0: 0x80000116 (0x00008dcd) c.or    a1, a1
core   0: 3 0x80000116 (0x8dcd) x11 0xf515022a
core   0: 0x80000118 (0x00000001) c.nop
core   0: 3 0x80000118 (0x0001)
core   0: 0x8000011a (0x00001cfd) c.addi  s9, -1
core   0: 3 0x8000011a (0x1cfd) x25 0xfffffff5
core   0: 0x8000011c (0x0061f5b3) and     a1, gp, t1
core   0: 3 0x8000011c (0x0061f5b3) x11 0xf515022a
core   0: 0x80000120 (0xfe1c8be3) beq     s9, ra, pc - 10
core   0: 3 0x80000120 (0xfe1c8be3)
core   0: 0x80000124 (0x00000001) c.nop
core   0: 3 0x80000124 (0x0001)
core   0: 0x80000126 (0xfd12ebe3) bltu    t0, a7, pc - 42
core   0: 3 0x80000126 (0xfd12ebe3)
core   0: 0x8000012a (0x02098fb3) mul     t6, s3, zero
core   0: 3 0x8000012a (0x02098fb3) x31 0x00000000
core   0: 0x8000012e (0x0001d997) auipc   s3, 0x1d
core   0: 3 0x8000012e (0x0001d997) x19 0x8001d12e
core   0: 0x80000132 (0x3ad98993) addi    s3, s3, 941
core   0: 3 0x80000132 (0x3ad98993) x19 0x8001d4db
core   0: 0x80000136 (0xfeb98823) sb      a1, -16(s3)
core   0: 3 0x80000136 (0xfeb98823) mem 0x8001d4cb 0x2a
core   0: 0x8000013a (0x03e9afb3) mulhsu  t6, s3, t5
core   0: 3 0x8000013a (0x03e9afb3) x31 0x80d18fc4
core   0: 0x8000013e (0x02bfdfb3) divu    t6, t6, a1
core   0: 3 0x8000013e (0x02bfdfb3) x31 0x00000000
core   0: 0x80000142 (0x0039c583) lbu     a1, 3(s3)
core   0: 3 0x80000142 (0x0039c583) x11 0x000000ff mem 0x8001d4de
core   0: 0x80000146 (0xff59a703) lw      a4, -11(s3)
core   0: 3 0x80000146 (0xff59a703) x14 0x34d98fc6 mem 0x8001d4d0
core   0: 0x8000014a (0xff49ca83) lbu     s5, -12(s3)
core   0: 3 0x8000014a (0xff49ca83) x21 0x000000a5 mem 0x8001d4cf
core   0: 0x8000014e (0x01c98623) sb      t3, 12(s3)
core   0: 3 0x8000014e (0x01c98623) mem 0x8001d4e7 0x00
core   0: 0x80000152 (0x015c25b3) slt     a1, s8, s5
core   0: 3 0x80000152 (0x015c25b3) x11 0x00000001
core   0: 0x80000156 (0xffe98f83) lb      t6, -2(s3)
core   0: 3 0x80000156 (0xffe98f83) x31 0x0000002f mem 0x8001d4d9
core   0: 0x8000015a (0xd67e2c13) slti    s8, t3, -665
core   0: 3 0x8000015a (0xd67e2c13) x24 0x00000001
core   0: 0x8000015e (0x020f3bb3) mulhu   s7, t5, zero
core   0: 3 0x8000015e (0x020f3bb3) x23 0x00000000
core   0: 0x80000162 (0x00599e03) lh      t3, 5(s3)
core   0: 3 0x80000162 (0x00599e03) x28 0x0000453f mem 0x8001d4e0
core   0: 0x80000166 (0x000001c2) c.slli  gp, 16
core   0: 3 0x80000166 (0x01c2) x3  0x162e0000
core   0: 0x80000168 (0x497b7713) andi    a4, s6, 1175
core   0: 3 0x80000168 (0x497b7713) x14 0x00000000
core   0: 0x8000016c (0x00f98183) lb      gp, 15(s3)
core   0: 3 0x8000016c (0x00f98183) x3  0x00000047 mem 0x8001d4ea
core   0: 0x80000170 (0xfb0eac13) slti    s8, t4, -80
core   0: 3 0x80000170 (0xfb0eac13) x24 0x00000001
core   0: 0x80000174 (0x0039c003) lbu     zero, 3(s3)
core   0: 3 0x80000174 (0x0039c003) mem 0x8001d4de
core   0: 0x80000178 (0x017540b3) xor     ra, a0, s7
core   0: 3 0x80000178 (0x017540b3) x1  0x00000000
core   0: 0x8000017c (0xff79aea3) sw      s7, -3(s3)
core   0: 3 0x8000017c (0xff79aea3) mem 0x8001d4d8 0x00000000
core   0: 0x80000180 (0xff698583) lb      a1, -10(s3)
core   0: 3 0x80000180 (0xff698583) x11 0xffffff8f mem 0x8001d4d1
core   0: 0x80000184 (0x006993a3) sh      t1, 7(s3)
core   0: 3 0x80000184 (0x006993a3) mem 0x8001d4e2 0xcbeb
core   0: 0x80000188 (0x9ed25cb7) lui     s9, 0x9ed25
core   0: 3 0x80000188 (0x9ed25cb7) x25 0x9ed25000
core   0: 0x8000018c (0xff798f23) sb      s7, -2(s3)
core   0: 3 0x8000018c (0xff798f23) mem 0x8001d4d9 0x00
core   0: 0x80000190 (0xffb99e03) lh      t3, -5(s3)
core   0: 3 0x80000190 (0xffb99e03) x28 0xffffdb36 mem 0x8001d4d6
core   0: 0x80000194 (0x4dec3313) sltiu   t1, s8, 1246
core   0: 3 0x80000194 (0x4dec3313) x6  0x00000001
core   0: 0x80000198 (0x000000c9) c.addi  ra, 18
core   0: 3 0x80000198 (0x00c9) x1  0x00000012
core   0: 0x8000019a (0xffb9c703) lbu     a4, -5(s3)
core   0: 3 0x8000019a (0xffb9c703) x14 0x00000036 mem 0x8001d4d6
core   0: 0x8000019e (0x0109c403) lbu     s0, 16(s3)
core   0: 3 0x8000019e (0x0109c403) x8  0x00000043 mem 0x8001d4eb
core   0: 0x800001a2 (0x00898523) sb      s0, 10(s3)
core   0: 3 0x800001a2 (0x00898523) mem 0x8001d4e5 0x43
core   0: 0x800001a6 (0x0059a003) lw      zero, 5(s3)
core   0: 3 0x800001a6 (0x0059a003) mem 0x8001d4e0
core   0: 0x800001aa (0xffd9a583) lw      a1, -3(s3)
core   0: 3 0x800001aa (0xffd9a583) x11 0x00000000 mem 0x8001d4d8
core   0: 0x800001ae (0x00b98f83) lb      t6, 11(s3)
core   0: 3 0x800001ae (0x00b98f83) x31 0x00000041 mem 0x8001d4e6
core   0: 0x800001b2 (0x7facfc13) andi    s8, s9, 2042
core   0: 3 0x800001b2 (0x7facfc13) x24 0x00000000
core   0: 0x800001b6 (0x00c98423) sb      a2, 8(s3)
core   0: 3 0x800001b6 (0x00c98423) mem 0x8001d4e3 0x00
core   0: 0x800001ba (0x00698403) lb      s0, 6(s3)
core   0: 3 0x800001ba (0x00698403) x8  0x00000045 mem 0x8001d4e1
core   0: 0x800001be (0x5dea4fb7) lui     t6, 0x5dea4
core   0: 3 0x800001be (0x5dea4fb7) x31 0x5dea4000
core   0: 0x800001c2 (0x02b088b3) mul     a7, ra, a1
core   0: 3 0x800001c2 (0x02b088b3) x17 0x00000000
core   0: 0x800001c6 (0x0019c883) lbu     a7, 1(s3)
core   0: 3 0x800001c6 (0x0019c883) x17 0x0000007e mem 0x8001d4dc
core   0: 0x800001ca (0x00020b17) auipc   s6, 0x20
core   0: 3 0x800001ca (0x00020b17) x22 0x800201ca
core   0: 0x800001ce (0x764b0b13) addi    s6, s6, 1892
core   0: 3 0x800001ce (0x764b0b13) x22 0x8002092e
core   0: 0x800001d2 (0x939b4e03) lbu     t3, -1735(s6)
core   0: 3 0x800001d2 (0x939b4e03) x28 0x00000026 mem 0x80020267
core   0: 0x800001d6 (0x6c4b4d03) lbu     s10, 1732(s6)
core   0: 3 0x800001d6 (0x6c4b4d03) x26 0x00000076 mem 0x80020ff2
core   0: 0x800001da (0x0110dc93) srli    s9, ra, 17
core   0: 3 0x800001da (0x0110dc93) x25 0x00000000
core   0: 0x800001de (0x15cb0fa3) sb      t3, 351(s6)
core   0: 3 0x800001de (0x15cb0fa3) mem 0x80020a8d 0x26
core   0: 0x800001e2 (0x008624b3) slt     s1, a2, s0
core   0: 3 0x800001e2 (0x008624b3) x9  0x00000001
core   0: 0x800001e6 (0x625b0583) lb      a1, 1573(s6)
core   0: 3 0x800001e6 (0x625b0583) x11 0xfffffffc mem 0x80020f53
core   0: 0x800001ea (0xfbfb0303) lb      t1, -65(s6)
core   0: 3 0x800001ea (0xfbfb0303) x6  0xffffffd9 mem 0x800208ed
core   0: 0x800001ee (0xe31b4b83) lbu     s7, -463(s6)
core   0: 3 0x800001ee (0xe31b4b83) x23 0x00000054 mem 0x8002075f
core   0: 0x800001f2 (0xe31b4a03) lbu     s4, -463(s6)
core   0: 3 0x800001f2 (0xe31b4a03) x20 0x00000054 mem 0x8002075f
core   0: 0x800001f6 (0xe31b0583) lb      a1, -463(s6)
core   0: 3 0x800001f6 (0xe31b0583) x11 0x00000054 mem 0x8002075f
core   0: 0x800001fa (0xe31b4903) lbu     s2, -463(s6)
core   0: 3 0x800001fa (0xe31b4903) x18 0x00000054 mem 0x8002075f
core   0: 0x800001fe (0x4c3b4503) lbu     a0, 1219(s6)
core   0: 3 0x800001fe (0x4c3b4503) x10 0x0000007e mem 0x80020df1
core   0: 0x80000202 (0x1a8b4d83) lbu     s11, 424(s6)
core   0: 3 0x80000202 (0x1a8b4d83) x27 0x00000057 mem 0x80020ad6
core   0: 0x80000206 (0x958b0583) lb      a1, -1704(s6)
core   0: 3 0x80000206 (0x958b0583) x11 0x00000069 mem 0x80020286
core   0: 0x8000020a (0x00008d25) c.xor   a0, s1
core   0: 3 0x8000020a (0x8d25) x10 0x0000007f
core   0: 0x8000020c (0x412b54b3) sra     s1, s6, s2
core   0: 3 0x8000020c (0x412b54b3) x9  0xfffff800
core   0: 0x80000210 (0x858b5883) lhu     a7, -1960(s6)
core   0: 3 0x80000210 (0x858b5883) x17 0x00002979 mem 0x80020186
core   0: 0x80000214 (0x85cb0c23) sb      t3, -1960(s6)
core   0: 3 0x80000214 (0x85cb0c23) mem 0x80020186 0x26
core   0: 0x80000218 (0x00011c17) auipc   s8, 0x11
core   0: 3 0x80000218 (0x00011c17) x24 0x80011218
core   0: 0x8000021c (0x3b3c0c13) addi    s8, s8, 947
core   0: 3 0x8000021c (0x3b3c0c13) x24 0x800115cb
core   0: 0x80000220 (0x99b46213) ori     tp, s0, -1637
core   0: 3 0x80000220 (0x99b46213) x4  0xfffff9df
core   0: 0x80000224 (0x290c0523) sb      a6, 650(s8)
core   0: 3 0x80000224 (0x290c0523) mem 0x80011855 0x14
core   0: 0x80000228 (0x0241b6b3) mulhu   a3, gp, tp
core   0: 3 0x80000228 (0x0241b6b3) x13 0x00000046
core   0: 0x8000022c (0x132c1ba3) sh      s2, 311(s8)
core   0: 3 0x8000022c (0x132c1ba3) mem 0x80011702 0x0054
core   0: 0x80000230 (0x0280bd33) mulhu   s10, ra, s0
core   0: 3 0x80000230 (0x0280bd33) x26 0x00000000
core   0: 0x80000234 (0x01631db3) sll     s11, t1, s6
core   0: 3 0x80000234 (0x01631db3) x27 0xfff64000
core   0: 0x80000238 (0x6ecc4703) lbu     a4, 1772(s8)
core   0: 3 0x80000238 (0x6ecc4703) x14 0x000000ff mem 0x80011cb7
core   0: 0x8000023c (0x03d57533) remu    a0, a0, t4
core   0: 3 0x8000023c (0x03d57533) x10 0x0000007f
core   0: 0x80000240 (0xd81cfe93) andi    t4, s9, -639
core   0: 3 0x80000240 (0xd81cfe93) x29 0x00000000
core   0: 0x80000244 (0x026eddb3) divu    s11, t4, t1
core   0: 3 0x80000244 (0x026eddb3) x27 0x00000000
core   0: 0x80000248 (0x493c4d83) lbu     s11, 1171(s8)
core   0: 3 0x80000248 (0x493c4d83) x27 0x00000063 mem 0x80011a5e
core   0: 0x8000024c (0x00008746) c.mv    a4, a7
core   0: 3 0x8000024c (0x8746) x14 0x00002979
core   0: 0x8000024e (0xbf3c0523) sb      s3, -1046(s8)
core   0: 3 0x8000024e (0xbf3c0523) mem 0x800111b5 0xdb
core   0: 0x80000252 (0xaf9c4c83) lbu     s9, -1287(s8)
core   0: 3 0x80000252 (0xaf9c4c83) x25 0x000000a6 mem 0x800110c4
core   0: 0x80000256 (0x012fabb3) slt     s7, t6, s2
core   0: 3 0x80000256 (0x012fabb3) x23 0x00000000
core   0: 0x8000025a (0x4d7c1b83) lh      s7, 1239(s8)
core   0: 3 0x8000025a (0x4d7c1b83) x23 0x0000098b mem 0x80011aa2
core   0: 0x8000025e (0x0322bf33) mulhu   t5, t0, s2
core   0: 3 0x8000025e (0x0322bf33) x30 0x00000000
core   0: 0x80000262 (0xb36c0583) lb      a1, -1226(s8)
core   0: 3 0x80000262 (0xb36c0583) x11 0x00000048 mem 0x80011101
core   0: 0x80000266 (0x00008c2d) c.xor   s0, a1
core   0: 3 0x80000266 (0x8c2d) x8  0x0000000d
core   0: 0x80000268 (0xe70c4d83) lbu     s11, -400(s8)
core   0: 3 0x80000268 (0xe70c4d83) x27 0x0000002c mem 0x8001143b
core   0: 0x8000026c (0x00000001) c.nop
core   0: 3 0x8000026c (0x0001)
core   0: 0x8000026e (0x00006da9) c.lui   s11, 0xa
core   0: 3 0x8000026e (0x6da9) x27 0x0000a000
core   0: 0x80000270 (0x04a08f93) addi    t6, ra, 74
core   0: 3 0x80000270 (0x04a08f93) x31 0x0000005c
core   0: 0x80000274 (0xec2c0903) lb      s2, -318(s8)
core   0: 3 0x80000274 (0xec2c0903) x18 0xffffffbf mem 0x8001148d
core   0: 0x80000278 (0xca7c5903) lhu     s2, -857(s8)
core   0: 3 0x80000278 (0xca7c5903) x18 0x00001058 mem 0x80011272
core   0: 0x8000027c (0x0161de33) srl     t3, gp, s6
core   0: 3 0x8000027c (0x0161de33) x28 0x00000000
core   0: 0x80000280 (0x00008ef1) c.and   a3, a2
core   0: 3 0x80000280 (0x8ef1) x13 0x00000000
core   0: 0x80000282 (0x761c5203) lhu     tp, 1889(s8)
core   0: 3 0x80000282 (0x761c5203) x4  0x0000ac17 mem 0x80011d2c
core   0: 0x80000286 (0x00010a17) auipc   s4, 0x10
core   0: 3 0x80000286 (0x00010a17) x20 0x80010286
core   0: 0x8000028a (0x40ba0a13) addi    s4, s4, 1035
core   0: 3 0x8000028a (0x40ba0a13) x20 0x80010691
core   0: 0x8000028e (0x03da1403) lh      s0, 61(s4)
core   0: 3 0x8000028e (0x03da1403) x8  0xffffc915 mem 0x800106ce
core   0: 0x80000292 (0xff7a2da3) sw      s7, -5(s4)
core   0: 3 0x80000292 (0xff7a2da3) mem 0x8001068c 0x0000098b
core   0: 0x80000296 (0xfd8a0603) lb      a2, -40(s4)
core   0: 3 0x80000296 (0xfd8a0603) x12 0x00000013 mem 0x80010669
core   0: 0x8000029a (0x035a4883) lbu     a7, 53(s4)
core   0: 3 0x8000029a (0x035a4883) x17 0x00000052 mem 0x800106c6
core   0: 0x8000029e (0xfdaa4403) lbu     s0, -38(s4)
core   0: 3 0x8000029e (0xfdaa4403) x8  0x000000d9 mem 0x8001066b
core   0: 0x800002a2 (0xfcaa0883) lb      a7, -54(s4)
core   0: 3 0x800002a2 (0xfcaa0883) x17 0x0000003b mem 0x8001065b
core   0: 0x800002a6 (0xff2a4883) lbu     a7, -14(s4)
core   0: 3 0x800002a6 (0xff2a4883) x17 0x0000009f mem 0x80010683
core   0: 0x800002aa (0x01b71bb3) sll     s7, a4, s11
core   0: 3 0x800002aa (0x01b71bb3) x23 0x00002979
core   0: 0x800002ae (0xff9a4883) lbu     a7, -7(s4)
core   0: 3 0x800002ae (0xff9a4883) x17 0x000000d8 mem 0x8001068a
core   0: 0x800002b2 (0xfe8a0e23) sb      s0, -4(s4)
core   0: 3 0x800002b2 (0xfe8a0e23) mem 0x8001068d 0xd9
core   0: 0x800002b6 (0x003a1d83) lh      s11, 3(s4)
core   0: 3 0x800002b6 (0x003a1d83) x27 0x00003d8f mem 0x80010694
core   0: 0x800002ba (0xffea4403) lbu     s0, -2(s4)
core   0: 3 0x800002ba (0xffea4403) x8  0x00000000 mem 0x8001068f
core   0: 0x800002be (0x018a4603) lbu     a2, 24(s4)
core   0: 3 0x800002be (0x018a4603) x12 0x00000027 mem 0x800106a9
core   0: 0x800002c2 (0x02aa4703) lbu     a4, 42(s4)
core   0: 3 0x800002c2 (0x02aa4703) x14 0x0000000a mem 0x800106bb
core   0: 0x800002c6 (0xdda74893) xori    a7, a4, -550
core   0: 3 0x800002c6 (0xdda74893) x17 0xfffffdd0
core   0: 0x800002ca (0xfcca0e23) sb      a2, -36(s4)
core   0: 3 0x800002ca (0xfcca0e23) mem 0x8001066d 0x27
core   0: 0x800002ce (0x00008f59) c.or    a4, a4
core   0: 3 0x800002ce (0x8f59) x14 0x0000000a
core   0: 0x800002d0 (0x00008a61) c.andi  a2, 24
core   0: 3 0x800002d0 (0x8a61) x12 0x00000000
core   0: 0x800002d2 (0xfeea1aa3) sh      a4, -11(s4)
core   0: 3 0x800002d2 (0xfeea1aa3) mem 0x80010686 0x000a
core   0: 0x800002d6 (0x402bdb93) srai    s7, s7, 2
core   0: 3 0x800002d6 (0x402bdb93) x23 0x00000a5e
core   0: 0x800002da (0xfd6a4603) lbu     a2, -42(s4)
core   0: 3 0x800002da (0xfd6a4603) x12 0x00000073 mem 0x80010667
core   0: 0x800002de (0x018a4403) lbu     s0, 24(s4)
core   0: 3 0x800002de (0x018a4403) x8  0x00000027 mem 0x800106a9
core   0: 0x800002e2 (0x008a0b23) sb      s0, 22(s4)
core   0: 3 0x800002e2 (0x008a0b23) mem 0x800106a7 0x27
core   0: 0x800002e6 (0x018a4603) lbu     a2, 24(s4)
core   0: 3 0x800002e6 (0x018a4603) x12 0x00000027 mem 0x800106a9
core   0: 0x800002ea (0xcc28c613) xori    a2, a7, -830
core   0: 3 0x800002ea (0xcc28c613) x12 0x00000112
core   0: 0x800002ee (0x03fa2b83) lw      s7, 63(s4)
core   0: 3 0x800002ee (0x03fa2b83) x23 0x2f03093c mem 0x800106d0
core   0: 0x800002f2 (0x01bd98b3) sll     a7, s11, s11
core   0: 3 0x800002f2 (0x01bd98b3) x17 0x1ec78000
core   0: 0x800002f6 (0xfefa1d83) lh      s11, -17(s4)
core   0: 3 0x800002f6 (0xfefa1d83) x27 0x000074c0 mem 0x80010680
core   0: 0x800002fa (0x034a0b83) lb      s7, 52(s4)
core   0: 3 0x800002fa (0x034a0b83) x23 0x00000005 mem 0x800106c5
core   0: 0x800002fe (0x000a0d83) lb      s11, 0(s4)
core   0: 3 0x800002fe (0x000a0d83) x27 0x00000022 mem 0x80010691
core   0: 0x80000302 (0xf9fbf893) andi    a7, s7, -97
core   0: 3 0x80000302 (0xf9fbf893) x17 0x00000005
core   0: 0x80000306 (0x026a0403) lb      s0, 38(s4)
core   0: 3 0x80000306 (0x026a0403) x8  0xffffff9b mem 0x800106b7
core   0: 0x8000030a (0x018a0603) lb      a2, 24(s4)
core   0: 3 0x8000030a (0x018a0603) x12 0x00000027 mem 0x800106a9
core   0: 0x8000030e (0x00004659) c.li    a2, 22
core   0: 3 0x8000030e (0x4659) x12 0x00000016
core   0: 0x80000310 (0x011a0223) sb      a7, 4(s4)
core   0: 3 0x80000310 (0x011a0223) mem 0x80010695 0x05
core   0: 0x80000314 (0x000098de) c.add   a7, s7
core   0: 3 0x80000314 (0x98de) x17 0x0000000a
core   0: 0x80000316 (0x0288d433) divu    s0, a7, s0
core   0: 3 0x80000316 (0x0288d433) x8  0x00000000
core   0: 0x8000031a (0x031a0923) sb      a7, 50(s4)
core   0: 3 0x8000031a (0x031a0923) mem 0x800106c3 0x0a
core   0: 0x8000031e (0x00011297) auipc   t0, 0x11
core   0: 3 0x8000031e (0x00011297) x5  0x8001131e
core   0: 0x80000322 (0x9a328293) addi    t0, t0, -1629
core   0: 3 0x80000322 (0x9a328293) x5  0x80010cc1
core   0: 0x80000326 (0x019d9013) slli    zero, s11, 25
core   0: 3 0x80000326 (0x019d9013)
core   0: 0x8000032a (0xe1328923) sb      s3, -494(t0)
core   0: 3 0x8000032a (0xe1328923) mem 0x80010ad3 0xdb
core   0: 0x8000032e (0xdc428e83) lb      t4, -572(t0)
core   0: 3 0x8000032e (0xdc428e83) x29 0x0000000a mem 0x80010a85
core   0: 0x80000332 (0x8752ca83) lbu     s5, -1931(t0)
core   0: 3 0x80000332 (0x8752ca83) x21 0x000000d2 mem 0x80010536
core   0: 0x80000336 (0x02bd5c33) divu    s8, s10, a1
core   0: 3 0x80000336 (0x02bd5c33) x24 0x00000000
core   0: 0x8000033a (0x00bd2fb3) slt     t6, s10, a1
core   0: 3 0x8000033a (0x00bd2fb3) x31 0x00000001
core   0: 0x8000033e (0x41085533) sra     a0, a6, a6
core   0: 3 0x8000033e (0x41085533) x10 0xffffffa6
core   0: 0x80000342 (0x03f3ff33) remu    t5, t2, t6
core   0: 3 0x80000342 (0x03f3ff33) x30 0x00000000
core   0: 0x80000346 (0xbc92ada3) sw      s1, -1061(t0)
core   0: 3 0x80000346 (0xbc92ada3) mem 0x8001089c 0xfffff800
core   0: 0x8000034a (0x83928623) sb      s9, -2004(t0)
core   0: 3 0x8000034a (0x83928623) mem 0x800104ed 0xa6
core   0: 0x8000034e (0xe9f8ed93) ori     s11, a7, -353
core   0: 3 0x8000034e (0xe9f8ed93) x27 0xfffffe9f
core   0: 0x80000352 (0xa7028303) lb      t1, -1424(t0)
core   0: 3 0x80000352 (0xa7028303) x6  0xffffff94 mem 0x80010731
core   0: 0x80000356 (0x9b128583) lb      a1, -1615(t0)
core   0: 3 0x80000356 (0x9b128583) x11 0xffffffb7 mem 0x80010672
core   0: 0x8000035a (0x005b9633) sll     a2, s7, t0
core   0: 3 0x8000035a (0x005b9633) x12 0x0000000a
core   0: 0x8000035e (0x02966933) rem     s2, a2, s1
core   0: 3 0x8000035e (0x02966933) x18 0x0000000a
core   0: 0x80000362 (0xd1f2ce83) lbu     t4, -737(t0)
core   0: 3 0x80000362 (0xd1f2ce83) x29 0x0000001d mem 0x800109e0
core   0: 0x80000366 (0x01f79e33) sll     t3, a5, t6
core   0: 3 0x80000366 (0x01f79e33) x28 0x00000000
core   0: 0x8000036a (0xa5b9a813) slti    a6, s3, -1445
core   0: 3 0x8000036a (0xa5b9a813) x16 0x00000001
core   0: 0x8000036e (0x010c9db3) sll     s11, s9, a6
core   0: 3 0x8000036e (0x010c9db3) x27 0x0000014c
core   0: 0x80000372 (0xf202c683) lbu     a3, -224(t0)
core   0: 3 0x80000372 (0xf202c683) x13 0x00000042 mem 0x80010be1
core   0: 0x80000376 (0x9702ce83) lbu     t4, -1680(t0)
core   0: 3 0x80000376 (0x9702ce83) x29 0x0000008f mem 0x80010631
core   0: 0x8000037a (0x0bf29da3) sh      t6, 187(t0)
core   0: 3 0x8000037a (0x0bf29da3) mem 0x80010d7c 0x0001
core   0: 0x8000037e (0xef52c183) lbu     gp, -267(t0)
core   0: 3 0x8000037e (0xef52c183) x3  0x00000042 mem 0x80010bb6
core   0: 0x80000382 (0x00000001) c.nop
core   0: 3 0x80000382 (0x0001)
core   0: 0x80000384 (0xf9f28b03) lb      s6, -97(t0)
core   0: 3 0x80000384 (0xf9f28b03) x22 0x00000075 mem 0x80010c60
core   0: 0x80000388 (0x18128723) sb      ra, 398(t0)
core   0: 3 0x80000388 (0x18128723) mem 0x80010e4f 0x12
core   0: 0x8000038c (0xa752ca83) lbu     s5, -1419(t0)
core   0: 3 0x8000038c (0xa752ca83) x21 0x0000003e mem 0x80010736
core   0: 0x80000390 (0x016b3633) sltu    a2, s6, s6
core   0: 3 0x80000390 (0x016b3633) x12 0x00000000
core   0: 0x80000394 (0xbe028083) lb      ra, -1056(t0)
core   0: 3 0x80000394 (0xbe028083) x1  0xffffffd0 mem 0x800108a1
core   0: 0x80000398 (0xe2429da3) sh      tp, -453(t0)
core   0: 3 0x80000398 (0xe2429da3) mem 0x80010afc 0xac17
core   0: 0x8000039c (0xe5528583) lb      a1, -427(t0)
core   0: 3 0x8000039c (0xe5528583) x11 0x00000031 mem 0x80010b16
core   0: 0x800003a0 (0x35f2ab83) lw      s7, 863(t0)
core   0: 3 0x800003a0 (0x35f2ab83) x23 0x7eed96b5 mem 0x80011020
core   0: 0x800003a4 (0x0114f033) and     zero, s1, a7
core   0: 3 0x800003a4 (0x0114f033)
core   0: 0x800003a8 (0x32328083) lb      ra, 803(t0)
core   0: 3 0x800003a8 (0x32328083) x1  0xffffffa4 mem 0x80010fe4
core   0: 0x800003ac (0x99e295a3) sh      t5, -1653(t0)
core   0: 3 0x800003ac (0x99e295a3) mem 0x8001064c 0x0000
core   0: 0x800003b0 (0x00008dbd) c.xor   a1, a5
core   0: 3 0x800003b0 (0x8dbd) x11 0x80000031
core   0: 0x800003b2 (0x35c280a3) sb      t3, 833(t0)
core   0: 3 0x800003b2 (0x35c280a3) mem 0x80011002 0x00
core   0: 0x800003b6 (0x00df5493) srli    s1, t5, 13
core   0: 3 0x800003b6 (0x00df5493) x9  0x00000000
core   0: 0x800003ba (0xb1928ca3) sb      s9, -1255(t0)
core   0: 3 0x800003ba (0xb1928ca3) mem 0x800107da 0xa6
core   0: 0x800003be (0x02322733) mulhsu  a4, tp, gp
core   0: 3 0x800003be (0x02322733) x14 0x00000000
core   0: 0x800003c2 (0x93f2d403) lhu     s0, -1729(t0)
core   0: 3 0x800003c2 (0x93f2d403) x8  0x0000c7bc mem 0x80010600
core   0: 0x800003c6 (0xe6433f13) sltiu   t5, t1, -412
core   0: 3 0x800003c6 (0xe6433f13) x30 0x00000000
core   0: 0x800003ca (0x0ac28223) sb      a2, 164(t0)
core   0: 3 0x800003ca (0x0ac28223) mem 0x80010d65 0x00
core   0: 0x800003ce (0xa7628a23) sb      s6, -1420(t0)
core   0: 3 0x800003ce (0xa7628a23) mem 0x80010735 0x75
core   0: 0x800003d2 (0xd0228203) lb      tp, -766(t0)
core   0: 3 0x800003d2 (0xd0228203) x4  0xffffffe5 mem 0x800109c3
core   0: 0x800003d6 (0x000056fd) c.li    a3, -1
core   0: 3 0x800003d6 (0x56fd) x13 0xffffffff
core   0: 0x800003d8 (0xdd518013) addi    zero, gp, -555
core   0: 3 0x800003d8 (0xdd518013)
core   0: 0x800003dc (0x01a01413) slli    s0, zero, 26
core   0: 3 0x800003dc (0x01a01413) x8  0x00000000
core   0: 0x800003e0 (0xbe02cd83) lbu     s11, -1056(t0)
core   0: 3 0x800003e0 (0xbe02cd83) x27 0x000000d0 mem 0x800108a1
core   0: 0x800003e4 (0x5e686093) ori     ra, a6, 1510
core   0: 3 0x800003e4 (0x5e686093) x1  0x000005e7
core   0: 0x800003e8 (0xacd29d83) lh      s11, -1331(t0)
core   0: 3 0x800003e8 (0xacd29d83) x27 0x00003089 mem 0x8001078e
core   0: 0x800003ec (0x00005561) c.li    a0, -8
core   0: 3 0x800003ec (0x5561) x10 0xfffffff8
core   0: 0x800003ee (0x00000001) c.nop
core   0: 3 0x800003ee (0x0001)
core   0: 0x800003f0 (0x000099fd) c.andi  a1, -1
core   0: 3 0x800003f0 (0x99fd) x11 0x80000031
core   0: 0x800003f2 (0x000085aa) c.mv    a1, a0
core   0: 3 0x800003f2 (0x85aa) x11 0xfffffff8
core   0: 0x800003f4 (0x00000505) c.addi  a0, 1
core   0: 3 0x800003f4 (0x0505) x10 0xfffffff9
core   0: 0x800003f6 (0x35fce993) ori     s3, s9, 863
core   0: 3 0x800003f6 (0x35fce993) x19 0x000003ff
core   0: 0x800003fa (0x000041a9) c.li    gp, 10
core   0: 3 0x800003fa (0x41a9) x3  0x0000000a
core   0: 0x800003fc (0x00004d8d) c.li    s11, 3
core   0: 3 0x800003fc (0x4d8d) x27 0x00000003
core   0: 0x800003fe (0x039d5c33) divu    s8, s10, s9
core   0: 3 0x800003fe (0x039d5c33) x24 0x00000000
core   0: 0x80000402 (0x00004cb9) c.li    s9, 14
core   0: 3 0x80000402 (0x4cb9) x25 0x0000000e
core   0: 0x80000404 (0x000011f9) c.addi  gp, -2
core   0: 3 0x80000404 (0x11f9) x3  0x00000008
core   0: 0x80000406 (0xffb1fce3) bgeu    gp, s11, pc - 8
core   0: 3 0x80000406 (0xffb1fce3)
core   0: 0x800003fe (0x039d5c33) divu    s8, s10, s9
core   0: 3 0x800003fe (0x039d5c33) x24 0x00000000
core   0: 0x80000402 (0x00004cb9) c.li    s9, 14
core   0: 3 0x80000402 (0x4cb9) x25 0x0000000e
core   0: 0x80000404 (0x000011f9) c.addi  gp, -2
core   0: 3 0x80000404 (0x11f9) x3  0x00000006
core   0: 0x80000406 (0xffb1fce3) bgeu    gp, s11, pc - 8
core   0: 3 0x80000406 (0xffb1fce3)
core   0: 0x800003fe (0x039d5c33) divu    s8, s10, s9
core   0: 3 0x800003fe (0x039d5c33) x24 0x00000000
core   0: 0x80000402 (0x00004cb9) c.li    s9, 14
core   0: 3 0x80000402 (0x4cb9) x25 0x0000000e
core   0: 0x80000404 (0x000011f9) c.addi  gp, -2
core   0: 3 0x80000404 (0x11f9) x3  0x00000004
core   0: 0x80000406 (0xffb1fce3) bgeu    gp, s11, pc - 8
core   0: 3 0x80000406 (0xffb1fce3)
core   0: 0x800003fe (0x039d5c33) divu    s8, s10, s9
core   0: 3 0x800003fe (0x039d5c33) x24 0x00000000
core   0: 0x80000402 (0x00004cb9) c.li    s9, 14
core   0: 3 0x80000402 (0x4cb9) x25 0x0000000e
core   0: 0x80000404 (0x000011f9) c.addi  gp, -2
core   0: 3 0x80000404 (0x11f9) x3  0x00000002
core   0: 0x80000406 (0xffb1fce3) bgeu    gp, s11, pc - 8
core   0: 3 0x80000406 (0xffb1fce3)
core   0: 0x8000040a (0x0000d17d) c.beqz  a0, pc - 26
core   0: 3 0x8000040a (0xd17d)
core   0: 0x8000040c (0x40fb04b3) sub     s1, s6, a5
core   0: 3 0x8000040c (0x40fb04b3) x9  0x80000075
core   0: 0x80000410 (0x00012697) auipc   a3, 0x12
core   0: 3 0x80000410 (0x00012697) x13 0x80012410
core   0: 0x80000414 (0xef968693) addi    a3, a3, -263
core   0: 3 0x80000414 (0xef968693) x13 0x80012309
core   0: 0x80000418 (0x0c168f83) lb      t6, 193(a3)
core   0: 3 0x80000418 (0x0c168f83) x31 0x00000011 mem 0x800123ca
core   0: 0x8000041c (0x0446cf83) lbu     t6, 68(a3)
core   0: 3 0x8000041c (0x0446cf83) x31 0x00000080 mem 0x8001234d
core   0: 0x80000420 (0x04468903) lb      s2, 68(a3)
core   0: 3 0x80000420 (0x04468903) x18 0xffffff80 mem 0x8001234d
core   0: 0x80000424 (0xf4969183) lh      gp, -183(a3)
core   0: 3 0x80000424 (0xf4969183) x3  0x00001daa mem 0x80012252
core   0: 0x80000428 (0x00000001) c.nop
core   0: 3 0x80000428 (0x0001)
core   0: 0x8000042a (0x05d69883) lh      a7, 93(a3)
core   0: 3 0x8000042a (0x05d69883) x17 0xffff8f45 mem 0x80012366
core   0: 0x8000042e (0x00000001) c.nop
core   0: 3 0x8000042e (0x0001)
core   0: 0x80000430 (0x05d6c003) lbu     zero, 93(a3)
core   0: 3 0x80000430 (0x05d6c003) mem 0x80012366
core   0: 0x80000434 (0xffa68e03) lb      t3, -6(a3)
core   0: 3 0x80000434 (0xffa68e03) x28 0xffffffe9 mem 0x80012303
core   0: 0x80000438 (0xf1d68423) sb      t4, -248(a3)
core   0: 3 0x80000438 (0xf1d68423) mem 0x80012211 0x8f
core   0: 0x8000043c (0xf1968423) sb      s9, -248(a3)
core   0: 3 0x8000043c (0xf1968423) mem 0x80012211 0x0e
core   0: 0x80000440 (0xf086c083) lbu     ra, -248(a3)
core   0: 3 0x80000440 (0xf086c083) x1  0x0000000e mem 0x80012211
core   0: 0x80000444 (0xf0768423) sb      t2, -248(a3)
core   0: 3 0x80000444 (0xf0768423) mem 0x80012211 0xa4
core   0: 0x80000448 (0xf086c603) lbu     a2, -248(a3)
core   0: 3 0x80000448 (0xf086c603) x12 0x000000a4 mem 0x80012211
core   0: 0x8000044c (0xf086cc83) lbu     s9, -248(a3)
core   0: 3 0x8000044c (0xf086cc83) x25 0x000000a4 mem 0x80012211
core   0: 0x80000450 (0x023686a3) sb      gp, 45(a3)
core   0: 3 0x80000450 (0x023686a3) mem 0x80012336 0xaa
core   0: 0x80000454 (0x02d6d403) lhu     s0, 45(a3)
core   0: 3 0x80000454 (0x02d6d403) x8  0x00002eaa mem 0x80012336
core   0: 0x80000458 (0xf946cf03) lbu     t5, -108(a3)
core   0: 3 0x80000458 (0xf946cf03) x30 0x00000047 mem 0x8001229d
core   0: 0x8000045c (0xf9068a23) sb      a6, -108(a3)
core   0: 3 0x8000045c (0xf9068a23) mem 0x8001229d 0x01
core   0: 0x80000460 (0x6ff4f313) andi    t1, s1, 1791
core   0: 3 0x80000460 (0x6ff4f313) x6  0x00000075
core   0: 0x80000464 (0x0eb68303) lb      t1, 235(a3)
core   0: 3 0x80000464 (0x0eb68303) x6  0xffffffce mem 0x800123f4
core   0: 0x80000468 (0x0f368a23) sb      s3, 244(a3)
core   0: 3 0x80000468 (0x0f368a23) mem 0x800123fd 0xff
core   0: 0x8000046c (0x00013897) auipc   a7, 0x13
core   0: 3 0x8000046c (0x00013897) x17 0x8001346c
core   0: 0x80000470 (0x86c88893) addi    a7, a7, -1940
core   0: 3 0x80000470 (0x86c88893) x17 0x80012cd8
core   0: 0x80000474 (0xfe48aa23) sw      tp, -12(a7)
core   0: 3 0x80000474 (0xfe48aa23) mem 0x80012ccc 0xffffffe5
core   0: 0x80000478 (0x0318c203) lbu     tp, 49(a7)
core   0: 3 0x80000478 (0x0318c203) x4  0x000000d3 mem 0x80012d09
core   0: 0x8000047c (0xfe788483) lb      s1, -25(a7)
core   0: 3 0x8000047c (0xfe788483) x9  0xffffffd0 mem 0x80012cbf
core   0: 0x80000480 (0xfcc88503) lb      a0, -52(a7)
core   0: 3 0x80000480 (0xfcc88503) x10 0xffffffdb mem 0x80012ca4
core   0: 0x80000484 (0xfd68c483) lbu     s1, -42(a7)
core   0: 3 0x80000484 (0xfd68c483) x9  0x000000a8 mem 0x80012cae
core   0: 0x80000488 (0xfec89483) lh      s1, -20(a7)
core   0: 3 0x80000488 (0xfec89483) x9  0xffff9458 mem 0x80012cc4
core   0: 0x8000048c (0xfea88023) sb      a0, -32(a7)
core   0: 3 0x8000048c (0xfea88023) mem 0x80012cb8 0xdb
core   0: 0x80000490 (0xffd8c303) lbu     t1, -3(a7)
core   0: 3 0x80000490 (0xffd8c303) x6  0x000000e5 mem 0x80012cd5
core   0: 0x80000494 (0xfdc8c683) lbu     a3, -36(a7)
core   0: 3 0x80000494 (0xfdc8c683) x13 0x00000031 mem 0x80012cb4
core   0: 0x80000498 (0x00d4e333) or      t1, s1, a3
core   0: 3 0x80000498 (0x00d4e333) x6  0xffff9479
core   0: 0x8000049c (0x0258ce83) lbu     t4, 37(a7)
core   0: 3 0x8000049c (0x0258ce83) x29 0x00000092 mem 0x80012cfd
core   0: 0x800004a0 (0x02d88503) lb      a0, 45(a7)
core   0: 3 0x800004a0 (0x02d88503) x10 0xfffffff5 mem 0x80012d05
core   0: 0x800004a4 (0x02635533) divu    a0, t1, t1
core   0: 3 0x800004a4 (0x02635533) x10 0x00000001
core   0: 0x800004a8 (0x00008ea9) c.xor   a3, a0
core   0: 3 0x800004a8 (0x8ea9) x13 0x00000030
core   0: 0x800004aa (0xfc68aa23) sw      t1, -44(a7)
core   0: 3 0x800004aa (0xfc68aa23) mem 0x80012cac 0xffff9479
core   0: 0x800004ae (0x5c14a313) slti    t1, s1, 1473
core   0: 3 0x800004ae (0x5c14a313) x6  0x00000001
core   0: 0x800004b2 (0x0058c483) lbu     s1, 5(a7)
core   0: 3 0x800004b2 (0x0058c483) x9  0x0000008d mem 0x80012cdd
core   0: 0x800004b6 (0x00000001) c.nop
core   0: 3 0x800004b6 (0x0001)
core   0: 0x800004b8 (0x009ea333) slt     t1, t4, s1
core   0: 3 0x800004b8 (0x009ea333) x6  0x00000000
core   0: 0x800004bc (0x00008ee5) c.and   a3, s1
core   0: 3 0x800004bc (0x8ee5) x13 0x00000000
core   0: 0x800004be (0x01defeb3) and     t4, t4, t4
core   0: 3 0x800004be (0x01defeb3) x29 0x00000092
core   0: 0x800004c2 (0x0000949a) c.add   s1, t1
core   0: 3 0x800004c2 (0x949a) x9  0x0000008d
core   0: 0x800004c4 (0xfdb88e83) lb      t4, -37(a7)
core   0: 3 0x800004c4 (0xfdb88e83) x29 0x00000056 mem 0x80012cb3
core   0: 0x800004c8 (0x02427eb3) remu    t4, tp, tp
core   0: 3 0x800004c8 (0x02427eb3) x29 0x00000000
core   0: 0x800004cc (0x02454233) div     tp, a0, tp
core   0: 3 0x800004cc (0x02454233) x4  0x00000000
core   0: 0x800004d0 (0x01f8c203) lbu     tp, 31(a7)
core   0: 3 0x800004d0 (0x01f8c203) x4  0x00000029 mem 0x80012cf7
core   0: 0x800004d4 (0x0288a503) lw      a0, 40(a7)
core   0: 3 0x800004d4 (0x0288a503) x10 0xc6688fff mem 0x80012d00
core   0: 0x800004d8 (0x00689483) lh      s1, 6(a7)
core   0: 3 0x800004d8 (0x00689483) x9  0xffffe79a mem 0x80012cde
core   0: 0x800004dc (0x02d55533) divu    a0, a0, a3
core   0: 3 0x800004dc (0x02d55533) x10 0xffffffff
core   0: 0x800004e0 (0xfe4887a3) sb      tp, -17(a7)
core   0: 3 0x800004e0 (0xfe4887a3) mem 0x80012cc7 0x29
core   0: 0x800004e4 (0x0000627d) c.lui   tp, 0x1f
core   0: 3 0x800004e4 (0x627d) x4  0x0001f000
core   0: 0x800004e6 (0xfcb88303) lb      t1, -53(a7)
core   0: 3 0x800004e6 (0xfcb88303) x6  0x0000003e mem 0x80012ca3
core   0: 0x800004ea (0xfe988123) sb      s1, -30(a7)
core   0: 3 0x800004ea (0xfe988123) mem 0x80012cba 0x9a
core   0: 0x800004ee (0xffd88503) lb      a0, -3(a7)
core   0: 3 0x800004ee (0xffd88503) x10 0xffffffe5 mem 0x80012cd5
core   0: 0x800004f2 (0xfdf8c503) lbu     a0, -33(a7)
core   0: 3 0x800004f2 (0xfdf8c503) x10 0x00000036 mem 0x80012cb7
core   0: 0x800004f6 (0x00011317) auipc   t1, 0x11
core   0: 3 0x800004f6 (0x00011317) x6  0x800114f6
core   0: 0x800004fa (0x92f30313) addi    t1, t1, -1745
core   0: 3 0x800004fa (0x92f30313) x6  0x80010e25
core   0: 0x800004fe (0x031309a3) sb      a7, 51(t1)
core   0: 3 0x800004fe (0x031309a3) mem 0x80010e58 0xd8
core   0: 0x80000502 (0x03730ea3) sb      s7, 61(t1)
core   0: 3 0x80000502 (0x03730ea3) mem 0x80010e62 0xb5
core   0: 0x80000506 (0x009e3633) sltu    a2, t3, s1
core   0: 3 0x80000506 (0x009e3633) x12 0x00000000
core   0: 0x8000050a (0x00008f65) c.and   a4, s1
core   0: 3 0x8000050a (0x8f65) x14 0x00000000
core   0: 0x8000050c (0xf2a30183) lb      gp, -214(t1)
core   0: 3 0x8000050c (0xf2a30183) x3  0x00000046 mem 0x80010d4f
core   0: 0x80000510 (0x00000001) c.nop
core   0: 3 0x80000510 (0x0001)
core   0: 0x80000512 (0x00000225) c.addi  tp, 9
core   0: 3 0x80000512 (0x0225) x4  0x0001f009
core   0: 0x80000514 (0x405300b3) sub     ra, t1, t0
core   0: 3 0x80000514 (0x405300b3) x1  0x00000164
core   0: 0x80000518 (0x29c40b13) addi    s6, s0, 668
core   0: 3 0x80000518 (0x29c40b13) x22 0x00003146
core   0: 0x8000051c (0xf1530703) lb      a4, -235(t1)
core   0: 3 0x8000051c (0xf1530703) x14 0xffffff84 mem 0x80010d3a
core   0: 0x80000520 (0x0ee34f83) lbu     t6, 238(t1)
core   0: 3 0x80000520 (0x0ee34f83) x31 0x00000062 mem 0x80010f13
core   0: 0x80000524 (0x09834183) lbu     gp, 152(t1)
core   0: 3 0x80000524 (0x09834183) x3  0x0000005c mem 0x80010ebd
core   0: 0x80000528 (0x00008f62) c.mv    t5, s8
core   0: 3 0x80000528 (0x8f62) x30 0x00000000
core   0: 0x8000052a (0x00008dbd) c.xor   a1, a5
core   0: 3 0x8000052a (0x8dbd) x11 0x7ffffff8
core   0: 0x8000052c (0xf3335283) lhu     t0, -205(t1)
core   0: 3 0x8000052c (0xf3335283) x5  0x0000a0f6 mem 0x80010d58
core   0: 0x80000530 (0xf7d53893) sltiu   a7, a0, -131
core   0: 3 0x80000530 (0xf7d53893) x17 0x00000001
core   0: 0x80000534 (0xf1931603) lh      a2, -231(t1)
core   0: 3 0x80000534 (0xf1931603) x12 0xffffd322 mem 0x80010d3e
core   0: 0x80000538 (0x00c8fd33) and     s10, a7, a2
core   0: 3 0x80000538 (0x00c8fd33) x26 0x00000000
core   0: 0x8000053c (0xf98321a3) sw      s8, -125(t1)
core   0: 3 0x8000053c (0xf98321a3) mem 0x80010da8 0x00000000
core   0: 0x80000540 (0x0297cb33) div     s6, a5, s1
core   0: 3 0x80000540 (0x0297cb33) x22 0x00053f09
core   0: 0x80000544 (0x00000531) c.addi  a0, 12
core   0: 3 0x80000544 (0x0531) x10 0x00000042
core   0: 0x80000546 (0x023ae533) rem     a0, s5, gp
core   0: 3 0x80000546 (0x023ae533) x10 0x0000003e
core   0: 0x8000054a (0x00830483) lb      s1, 8(t1)
core   0: 3 0x8000054a (0x00830483) x9  0x0000001b mem 0x80010e2d
core   0: 0x8000054e (0xfdc34483) lbu     s1, -36(t1)
core   0: 3 0x8000054e (0xfdc34483) x9  0x00000065 mem 0x80010e01
core   0: 0x80000552 (0xf6730c83) lb      s9, -153(t1)
core   0: 3 0x80000552 (0xf6730c83) x25 0xffffffe1 mem 0x80010d8c
core   0: 0x80000556 (0x0081b733) sltu    a4, gp, s0
core   0: 3 0x80000556 (0x0081b733) x14 0x00000001
core   0: 0x8000055a (0x05331703) lh      a4, 83(t1)
core   0: 3 0x8000055a (0x05331703) x14 0xffff91dd mem 0x80010e78
core   0: 0x8000055e (0x09230583) lb      a1, 146(t1)
core   0: 3 0x8000055e (0x09230583) x11 0x0000003b mem 0x80010eb7
core   0: 0x80000562 (0x06b30c23) sb      a1, 120(t1)
core   0: 3 0x80000562 (0x06b30c23) mem 0x80010e9d 0x3b
core   0: 0x80000566 (0x0090cdb3) xor     s11, ra, s1
core   0: 3 0x80000566 (0x0090cdb3) x27 0x00000101
core   0: 0x8000056a (0x00000e41) c.addi  t3, 16
core   0: 3 0x8000056a (0x0e41) x28 0xfffffff9
core   0: 0x8000056c (0x01fba8b3) slt     a7, s7, t6
core   0: 3 0x8000056c (0x01fba8b3) x17 0x00000000
core   0: 0x80000570 (0x00000001) c.nop
core   0: 3 0x80000570 (0x0001)
core   0: 0x80000572 (0x04234603) lbu     a2, 66(t1)
core   0: 3 0x80000572 (0x04234603) x12 0x0000009b mem 0x80010e67
core   0: 0x80000576 (0x00a7d813) srli    a6, a5, 10
core   0: 3 0x80000576 (0x00a7d813) x16 0x00200000
core   0: 0x8000057a (0x03c30d23) sb      t3, 58(t1)
core   0: 3 0x8000057a (0x03c30d23) mem 0x80010e5f 0xf9
core   0: 0x8000057e (0xfb230003) lb      zero, -78(t1)
core   0: 3 0x8000057e (0xfb230003) mem 0x80010dd7
core   0: 0x80000582 (0xf4334d03) lbu     s10, -189(t1)
core   0: 3 0x80000582 (0xf4334d03) x26 0x000000ea mem 0x80010d68
core   0: 0x80000586 (0x00008511) c.srai  a0, 4
core   0: 3 0x80000586 (0x8511) x10 0x00000003
core   0: 0x80000588 (0x20ce5fb7) lui     t6, 0x20ce5
core   0: 3 0x80000588 (0x20ce5fb7) x31 0x20ce5000
core   0: 0x8000058c (0xfc034a83) lbu     s5, -64(t1)
core   0: 3 0x8000058c (0xfc034a83) x21 0x0000008e mem 0x80010de5
core   0: 0x80000590 (0x018e1993) slli    s3, t3, 24
core   0: 3 0x80000590 (0x018e1993) x19 0xf9000000
core   0: 0x80000594 (0x06632fa3) sw      t1, 127(t1)
core   0: 3 0x80000594 (0x06632fa3) mem 0x80010ea4 0x80010e25
core   0: 0x80000598 (0x0c830123) sb      s0, 194(t1)
core   0: 3 0x80000598 (0x0c830123) mem 0x80010ee7 0xaa
core   0: 0x8000059c (0x00004891) c.li    a7, 4
core   0: 3 0x8000059c (0x4891) x17 0x00000004
core   0: 0x8000059e (0x03897733) remu    a4, s2, s8
core   0: 3 0x8000059e (0x03897733) x14 0xffffff80
core   0: 0x800005a2 (0xb5140713) addi    a4, s0, -1199
core   0: 3 0x800005a2 (0xb5140713) x14 0x000029fb
core   0: 0x800005a6 (0x00005d45) c.li    s10, -15
core   0: 3 0x800005a6 (0x5d45) x26 0xfffffff1
core   0: 0x800005a8 (0x0305e733) rem     a4, a1, a6
core   0: 3 0x800005a8 (0x0305e733) x14 0x0000003b
core   0: 0x800005ac (0x0000963a) c.add   a2, a4
core   0: 3 0x800005ac (0x963a) x12 0x000000d6
core   0: 0x800005ae (0x010b1d93) slli    s11, s6, 16
core   0: 3 0x800005ae (0x010b1d93) x27 0x3f090000
core   0: 0x800005b2 (0x000018f9) c.addi  a7, -2
core   0: 3 0x800005b2 (0x18f9) x17 0x00000002
core   0: 0x800005b4 (0x00004429) c.li    s0, 10
core   0: 3 0x800005b4 (0x4429) x8  0x0000000a
core   0: 0x800005b6 (0x033b2233) mulhsu  tp, s6, s3
core   0: 3 0x800005b6 (0x033b2233) x4  0x00051a4f
core   0: 0x800005ba (0x59d4c593) xori    a1, s1, 1437
core   0: 3 0x800005ba (0x59d4c593) x11 0x000005f8
core   0: 0x800005be (0x00004f25) c.li    t5, 9
core   0: 3 0x800005be (0x4f25) x30 0x00000009
core   0: 0x800005c0 (0x00008cf5) c.and   s1, a3
core   0: 3 0x800005c0 (0x8cf5) x9  0x00000000
core   0: 0x800005c2 (0x001ed733) srl     a4, t4, ra
core   0: 3 0x800005c2 (0x001ed733) x14 0x00000000
core   0: 0x800005c6 (0x01c4a033) slt     zero, s1, t3
core   0: 3 0x800005c6 (0x01c4a033)
core   0: 0x800005ca (0x475bf993) andi    s3, s7, 1141
core   0: 3 0x800005ca (0x475bf993) x19 0x00000435
core   0: 0x800005ce (0x0000860d) c.srai  a2, 3
core   0: 3 0x800005ce (0x860d) x12 0x0000001a
core   0: 0x800005d0 (0x00000001) c.nop
core   0: 3 0x800005d0 (0x0001)
core   0: 0x800005d2 (0xca3c3e93) sltiu   t4, s8, -861
core   0: 3 0x800005d2 (0xca3c3e93) x29 0x00000001
core   0: 0x800005d6 (0x0278c5b3) div     a1, a7, t2
core   0: 3 0x800005d6 (0x0278c5b3) x11 0x00000000
core   0: 0x800005da (0x02833fb3) mulhu   t6, t1, s0
core   0: 3 0x800005da (0x02833fb3) x31 0x00000005
core   0: 0x800005de (0x00b6d733) srl     a4, a3, a1
core   0: 3 0x800005de (0x00b6d733) x14 0x00000000
core   0: 0x800005e2 (0x0000668d) c.lui   a3, 0x3
core   0: 3 0x800005e2 (0x668d) x13 0x00003000
core   0: 0x800005e4 (0x00000001) c.nop
core   0: 3 0x800005e4 (0x0001)
core   0: 0x800005e6 (0x00001471) c.addi  s0, -4
core   0: 3 0x800005e6 (0x1471) x8  0x00000006
core   0: 0x800005e8 (0x00008d7d) c.and   a0, a5
core   0: 3 0x800005e8 (0x8d7d) x10 0x00000000
core   0: 0x800005ea (0xffe476e3) bgeu    s0, t5, pc - 20
core   0: 3 0x800005ea (0xffe476e3)
core   0: 0x800005ee (0xfba8dde3) bge     a7, s10, pc - 70
core   0: 3 0x800005ee (0xfba8dde3)
core   0: 0x800005a8 (0x0305e733) rem     a4, a1, a6
core   0: 3 0x800005a8 (0x0305e733) x14 0x00000000
core   0: 0x800005ac (0x0000963a) c.add   a2, a4
core   0: 3 0x800005ac (0x963a) x12 0x0000001a
core   0: 0x800005ae (0x010b1d93) slli    s11, s6, 16
core   0: 3 0x800005ae (0x010b1d93) x27 0x3f090000
core   0: 0x800005b2 (0x000018f9) c.addi  a7, -2
core   0: 3 0x800005b2 (0x18f9) x17 0x00000000
core   0: 0x800005b4 (0x00004429) c.li    s0, 10
core   0: 3 0x800005b4 (0x4429) x8  0x0000000a
core   0: 0x800005b6 (0x033b2233) mulhsu  tp, s6, s3
core   0: 3 0x800005b6 (0x033b2233) x4  0x00000000
core   0: 0x800005ba (0x59d4c593) xori    a1, s1, 1437
core   0: 3 0x800005ba (0x59d4c593) x11 0x0000059d
core   0: 0x800005be (0x00004f25) c.li    t5, 9
core   0: 3 0x800005be (0x4f25) x30 0x00000009
core   0: 0x800005c0 (0x00008cf5) c.and   s1, a3
core   0: 3 0x800005c0 (0x8cf5) x9  0x00000000
core   0: 0x800005c2 (0x001ed733) srl     a4, t4, ra
core   0: 3 0x800005c2 (0x001ed733) x14 0x00000000
core   0: 0x800005c6 (0x01c4a033) slt     zero, s1, t3
core   0: 3 0x800005c6 (0x01c4a033)
core   0: 0x800005ca (0x475bf993) andi    s3, s7, 1141
core   0: 3 0x800005ca (0x475bf993) x19 0x00000435
core   0: 0x800005ce (0x0000860d) c.srai  a2, 3
core   0: 3 0x800005ce (0x860d) x12 0x00000003
core   0: 0x800005d0 (0x00000001) c.nop
core   0: 3 0x800005d0 (0x0001)
core   0: 0x800005d2 (0xca3c3e93) sltiu   t4, s8, -861
core   0: 3 0x800005d2 (0xca3c3e93) x29 0x00000001
core   0: 0x800005d6 (0x0278c5b3) div     a1, a7, t2
core   0: 3 0x800005d6 (0x0278c5b3) x11 0x00000000
core   0: 0x800005da (0x02833fb3) mulhu   t6, t1, s0
core   0: 3 0x800005da (0x02833fb3) x31 0x00000005
core   0: 0x800005de (0x00b6d733) srl     a4, a3, a1
core   0: 3 0x800005de (0x00b6d733) x14 0x00003000
core   0: 0x800005e2 (0x0000668d) c.lui   a3, 0x3
core   0: 3 0x800005e2 (0x668d) x13 0x00003000
core   0: 0x800005e4 (0x00000001) c.nop
core   0: 3 0x800005e4 (0x0001)
core   0: 0x800005e6 (0x00001471) c.addi  s0, -4
core   0: 3 0x800005e6 (0x1471) x8  0x00000006
core   0: 0x800005e8 (0x00008d7d) c.and   a0, a5
core   0: 3 0x800005e8 (0x8d7d) x10 0x00000000
core   0: 0x800005ea (0xffe476e3) bgeu    s0, t5, pc - 20
core   0: 3 0x800005ea (0xffe476e3)
core   0: 0x800005ee (0xfba8dde3) bge     a7, s10, pc - 70
core   0: 3 0x800005ee (0xfba8dde3)
core   0: 0x800005a8 (0x0305e733) rem     a4, a1, a6
core   0: 3 0x800005a8 (0x0305e733) x14 0x00000000
core   0: 0x800005ac (0x0000963a) c.add   a2, a4
core   0: 3 0x800005ac (0x963a) x12 0x00000003
core   0: 0x800005ae (0x010b1d93) slli    s11, s6, 16
core   0: 3 0x800005ae (0x010b1d93) x27 0x3f090000
core   0: 0x800005b2 (0x000018f9) c.addi  a7, -2
core   0: 3 0x800005b2 (0x18f9) x17 0xfffffffe
core   0: 0x800005b4 (0x00004429) c.li    s0, 10
core   0: 3 0x800005b4 (0x4429) x8  0x0000000a
core   0: 0x800005b6 (0x033b2233) mulhsu  tp, s6, s3
core   0: 3 0x800005b6 (0x033b2233) x4  0x00000000
core   0: 0x800005ba (0x59d4c593) xori    a1, s1, 1437
core   0: 3 0x800005ba (0x59d4c593) x11 0x0000059d
core   0: 0x800005be (0x00004f25) c.li    t5, 9
core   0: 3 0x800005be (0x4f25) x30 0x00000009
core   0: 0x800005c0 (0x00008cf5) c.and   s1, a3
core   0: 3 0x800005c0 (0x8cf5) x9  0x00000000
core   0: 0x800005c2 (0x001ed733) srl     a4, t4, ra
core   0: 3 0x800005c2 (0x001ed733) x14 0x00000000
core   0: 0x800005c6 (0x01c4a033) slt     zero, s1, t3
core   0: 3 0x800005c6 (0x01c4a033)
core   0: 0x800005ca (0x475bf993) andi    s3, s7, 1141
core   0: 3 0x800005ca (0x475bf993) x19 0x00000435
core   0: 0x800005ce (0x0000860d) c.srai  a2, 3
core   0: 3 0x800005ce (0x860d) x12 0x00000000
core   0: 0x800005d0 (0x00000001) c.nop
core   0: 3 0x800005d0 (0x0001)
core   0: 0x800005d2 (0xca3c3e93) sltiu   t4, s8, -861
core   0: 3 0x800005d2 (0xca3c3e93) x29 0x00000001
core   0: 0x800005d6 (0x0278c5b3) div     a1, a7, t2
core   0: 3 0x800005d6 (0x0278c5b3) x11 0x00000000
core   0: 0x800005da (0x02833fb3) mulhu   t6, t1, s0
core   0: 3 0x800005da (0x02833fb3) x31 0x00000005
core   0: 0x800005de (0x00b6d733) srl     a4, a3, a1
core   0: 3 0x800005de (0x00b6d733) x14 0x00003000
core   0: 0x800005e2 (0x0000668d) c.lui   a3, 0x3
core   0: 3 0x800005e2 (0x668d) x13 0x00003000
core   0: 0x800005e4 (0x00000001) c.nop
core   0: 3 0x800005e4 (0x0001)
core   0: 0x800005e6 (0x00001471) c.addi  s0, -4
core   0: 3 0x800005e6 (0x1471) x8  0x00000006
core   0: 0x800005e8 (0x00008d7d) c.and   a0, a5
core   0: 3 0x800005e8 (0x8d7d) x10 0x00000000
core   0: 0x800005ea (0xffe476e3) bgeu    s0, t5, pc - 20
core   0: 3 0x800005ea (0xffe476e3)
core   0: 0x800005ee (0xfba8dde3) bge     a7, s10, pc - 70
core   0: 3 0x800005ee (0xfba8dde3)
core   0: 0x800005a8 (0x0305e733) rem     a4, a1, a6
core   0: 3 0x800005a8 (0x0305e733) x14 0x00000000
core   0: 0x800005ac (0x0000963a) c.add   a2, a4
core   0: 3 0x800005ac (0x963a) x12 0x00000000
core   0: 0x800005ae (0x010b1d93) slli    s11, s6, 16
core   0: 3 0x800005ae (0x010b1d93) x27 0x3f090000
core   0: 0x800005b2 (0x000018f9) c.addi  a7, -2
core   0: 3 0x800005b2 (0x18f9) x17 0xfffffffc
core   0: 0x800005b4 (0x00004429) c.li    s0, 10
core   0: 3 0x800005b4 (0x4429) x8  0x0000000a
core   0: 0x800005b6 (0x033b2233) mulhsu  tp, s6, s3
core   0: 3 0x800005b6 (0x033b2233) x4  0x00000000
core   0: 0x800005ba (0x59d4c593) xori    a1, s1, 1437
core   0: 3 0x800005ba (0x59d4c593) x11 0x0000059d
core   0: 0x800005be (0x00004f25) c.li    t5, 9
core   0: 3 0x800005be (0x4f25) x30 0x00000009
core   0: 0x800005c0 (0x00008cf5) c.and   s1, a3
core   0: 3 0x800005c0 (0x8cf5) x9  0x00000000
core   0: 0x800005c2 (0x001ed733) srl     a4, t4, ra
core   0: 3 0x800005c2 (0x001ed733) x14 0x00000000
core   0: 0x800005c6 (0x01c4a033) slt     zero, s1, t3
core   0: 3 0x800005c6 (0x01c4a033)
core   0: 0x800005ca (0x475bf993) andi    s3, s7, 1141
core   0: 3 0x800005ca (0x475bf993) x19 0x00000435
core   0: 0x800005ce (0x0000860d) c.srai  a2, 3
core   0: 3 0x800005ce (0x860d) x12 0x00000000
core   0: 0x800005d0 (0x00000001) c.nop
core   0: 3 0x800005d0 (0x0001)
core   0: 0x800005d2 (0xca3c3e93) sltiu   t4, s8, -861
core   0: 3 0x800005d2 (0xca3c3e93) x29 0x00000001
core   0: 0x800005d6 (0x0278c5b3) div     a1, a7, t2
core   0: 3 0x800005d6 (0x0278c5b3) x11 0x00000000
core   0: 0x800005da (0x02833fb3) mulhu   t6, t1, s0
core   0: 3 0x800005da (0x02833fb3) x31 0x00000005
core   0: 0x800005de (0x00b6d733) srl     a4, a3, a1
core   0: 3 0x800005de (0x00b6d733) x14 0x00003000
core   0: 0x800005e2 (0x0000668d) c.lui   a3, 0x3
core   0: 3 0x800005e2 (0x668d) x13 0x00003000
core   0: 0x800005e4 (0x00000001) c.nop
core   0: 3 0x800005e4 (0x0001)
core   0: 0x800005e6 (0x00001471) c.addi  s0, -4
core   0: 3 0x800005e6 (0x1471) x8  0x00000006
core   0: 0x800005e8 (0x00008d7d) c.and   a0, a5
core   0: 3 0x800005e8 (0x8d7d) x10 0x00000000
core   0: 0x800005ea (0xffe476e3) bgeu    s0, t5, pc - 20
core   0: 3 0x800005ea (0xffe476e3)
core   0: 0x800005ee (0xfba8dde3) bge     a7, s10, pc - 70
core   0: 3 0x800005ee (0xfba8dde3)
core   0: 0x800005a8 (0x0305e733) rem     a4, a1, a6
core   0: 3 0x800005a8 (0x0305e733) x14 0x00000000
core   0: 0x800005ac (0x0000963a) c.add   a2, a4
core   0: 3 0x800005ac (0x963a) x12 0x00000000
core   0: 0x800005ae (0x010b1d93) slli    s11, s6, 16
core   0: 3 0x800005ae (0x010b1d93) x27 0x3f090000
core   0: 0x800005b2 (0x000018f9) c.addi  a7, -2
core   0: 3 0x800005b2 (0x18f9) x17 0xfffffffa
core   0: 0x800005b4 (0x00004429) c.li    s0, 10
core   0: 3 0x800005b4 (0x4429) x8  0x0000000a
core   0: 0x800005b6 (0x033b2233) mulhsu  tp, s6, s3
core   0: 3 0x800005b6 (0x033b2233) x4  0x00000000
core   0: 0x800005ba (0x59d4c593) xori    a1, s1, 1437
core   0: 3 0x800005ba (0x59d4c593) x11 0x0000059d
core   0: 0x800005be (0x00004f25) c.li    t5, 9
core   0: 3 0x800005be (0x4f25) x30 0x00000009
core   0: 0x800005c0 (0x00008cf5) c.and   s1, a3
core   0: 3 0x800005c0 (0x8cf5) x9  0x00000000
core   0: 0x800005c2 (0x001ed733) srl     a4, t4, ra
core   0: 3 0x800005c2 (0x001ed733) x14 0x00000000
core   0: 0x800005c6 (0x01c4a033) slt     zero, s1, t3
core   0: 3 0x800005c6 (0x01c4a033)
core   0: 0x800005ca (0x475bf993) andi    s3, s7, 1141
core   0: 3 0x800005ca (0x475bf993) x19 0x00000435
core   0: 0x800005ce (0x0000860d) c.srai  a2, 3
core   0: 3 0x800005ce (0x860d) x12 0x00000000
core   0: 0x800005d0 (0x00000001) c.nop
core   0: 3 0x800005d0 (0x0001)
core   0: 0x800005d2 (0xca3c3e93) sltiu   t4, s8, -861
core   0: 3 0x800005d2 (0xca3c3e93) x29 0x00000001
core   0: 0x800005d6 (0x0278c5b3) div     a1, a7, t2
core   0: 3 0x800005d6 (0x0278c5b3) x11 0x00000000
core   0: 0x800005da (0x02833fb3) mulhu   t6, t1, s0
core   0: 3 0x800005da (0x02833fb3) x31 0x00000005
core   0: 0x800005de (0x00b6d733) srl     a4, a3, a1
core   0: 3 0x800005de (0x00b6d733) x14 0x00003000
core   0: 0x800005e2 (0x0000668d) c.lui   a3, 0x3
core   0: 3 0x800005e2 (0x668d) x13 0x00003000
core   0: 0x800005e4 (0x00000001) c.nop
core   0: 3 0x800005e4 (0x0001)
core   0: 0x800005e6 (0x00001471) c.addi  s0, -4
core   0: 3 0x800005e6 (0x1471) x8  0x00000006
core   0: 0x800005e8 (0x00008d7d) c.and   a0, a5
core   0: 3 0x800005e8 (0x8d7d) x10 0x00000000
core   0: 0x800005ea (0xffe476e3) bgeu    s0, t5, pc - 20
core   0: 3 0x800005ea (0xffe476e3)
core   0: 0x800005ee (0xfba8dde3) bge     a7, s10, pc - 70
core   0: 3 0x800005ee (0xfba8dde3)
core   0: 0x800005a8 (0x0305e733) rem     a4, a1, a6
core   0: 3 0x800005a8 (0x0305e733) x14 0x00000000
core   0: 0x800005ac (0x0000963a) c.add   a2, a4
core   0: 3 0x800005ac (0x963a) x12 0x00000000
core   0: 0x800005ae (0x010b1d93) slli    s11, s6, 16
core   0: 3 0x800005ae (0x010b1d93) x27 0x3f090000
core   0: 0x800005b2 (0x000018f9) c.addi  a7, -2
core   0: 3 0x800005b2 (0x18f9) x17 0xfffffff8
core   0: 0x800005b4 (0x00004429) c.li    s0, 10
core   0: 3 0x800005b4 (0x4429) x8  0x0000000a
core   0: 0x800005b6 (0x033b2233) mulhsu  tp, s6, s3
core   0: 3 0x800005b6 (0x033b2233) x4  0x00000000
core   0: 0x800005ba (0x59d4c593) xori    a1, s1, 1437
core   0: 3 0x800005ba (0x59d4c593) x11 0x0000059d
core   0: 0x800005be (0x00004f25) c.li    t5, 9
core   0: 3 0x800005be (0x4f25) x30 0x00000009
core   0: 0x800005c0 (0x00008cf5) c.and   s1, a3
core   0: 3 0x800005c0 (0x8cf5) x9  0x00000000
core   0: 0x800005c2 (0x001ed733) srl     a4, t4, ra
core   0: 3 0x800005c2 (0x001ed733) x14 0x00000000
core   0: 0x800005c6 (0x01c4a033) slt     zero, s1, t3
core   0: 3 0x800005c6 (0x01c4a033)
core   0: 0x800005ca (0x475bf993) andi    s3, s7, 1141
core   0: 3 0x800005ca (0x475bf993) x19 0x00000435
core   0: 0x800005ce (0x0000860d) c.srai  a2, 3
core   0: 3 0x800005ce (0x860d) x12 0x00000000
core   0: 0x800005d0 (0x00000001) c.nop
core   0: 3 0x800005d0 (0x0001)
core   0: 0x800005d2 (0xca3c3e93) sltiu   t4, s8, -861
core   0: 3 0x800005d2 (0xca3c3e93) x29 0x00000001
core   0: 0x800005d6 (0x0278c5b3) div     a1, a7, t2
core   0: 3 0x800005d6 (0x0278c5b3) x11 0x00000000
core   0: 0x800005da (0x02833fb3) mulhu   t6, t1, s0
core   0: 3 0x800005da (0x02833fb3) x31 0x00000005
core   0: 0x800005de (0x00b6d733) srl     a4, a3, a1
core   0: 3 0x800005de (0x00b6d733) x14 0x00003000
core   0: 0x800005e2 (0x0000668d) c.lui   a3, 0x3
core   0: 3 0x800005e2 (0x668d) x13 0x00003000
core   0: 0x800005e4 (0x00000001) c.nop
core   0: 3 0x800005e4 (0x0001)
core   0: 0x800005e6 (0x00001471) c.addi  s0, -4
core   0: 3 0x800005e6 (0x1471) x8  0x00000006
core   0: 0x800005e8 (0x00008d7d) c.and   a0, a5
core   0: 3 0x800005e8 (0x8d7d) x10 0x00000000
core   0: 0x800005ea (0xffe476e3) bgeu    s0, t5, pc - 20
core   0: 3 0x800005ea (0xffe476e3)
core   0: 0x800005ee (0xfba8dde3) bge     a7, s10, pc - 70
core   0: 3 0x800005ee (0xfba8dde3)
core   0: 0x800005a8 (0x0305e733) rem     a4, a1, a6
core   0: 3 0x800005a8 (0x0305e733) x14 0x00000000
core   0: 0x800005ac (0x0000963a) c.add   a2, a4
core   0: 3 0x800005ac (0x963a) x12 0x00000000
core   0: 0x800005ae (0x010b1d93) slli    s11, s6, 16
core   0: 3 0x800005ae (0x010b1d93) x27 0x3f090000
core   0: 0x800005b2 (0x000018f9) c.addi  a7, -2
core   0: 3 0x800005b2 (0x18f9) x17 0xfffffff6
core   0: 0x800005b4 (0x00004429) c.li    s0, 10
core   0: 3 0x800005b4 (0x4429) x8  0x0000000a
core   0: 0x800005b6 (0x033b2233) mulhsu  tp, s6, s3
core   0: 3 0x800005b6 (0x033b2233) x4  0x00000000
core   0: 0x800005ba (0x59d4c593) xori    a1, s1, 1437
core   0: 3 0x800005ba (0x59d4c593) x11 0x0000059d
core   0: 0x800005be (0x00004f25) c.li    t5, 9
core   0: 3 0x800005be (0x4f25) x30 0x00000009
core   0: 0x800005c0 (0x00008cf5) c.and   s1, a3
core   0: 3 0x800005c0 (0x8cf5) x9  0x00000000
core   0: 0x800005c2 (0x001ed733) srl     a4, t4, ra
core   0: 3 0x800005c2 (0x001ed733) x14 0x00000000
core   0: 0x800005c6 (0x01c4a033) slt     zero, s1, t3
core   0: 3 0x800005c6 (0x01c4a033)
core   0: 0x800005ca (0x475bf993) andi    s3, s7, 1141
core   0: 3 0x800005ca (0x475bf993) x19 0x00000435
core   0: 0x800005ce (0x0000860d) c.srai  a2, 3
core   0: 3 0x800005ce (0x860d) x12 0x00000000
core   0: 0x800005d0 (0x00000001) c.nop
core   0: 3 0x800005d0 (0x0001)
core   0: 0x800005d2 (0xca3c3e93) sltiu   t4, s8, -861
core   0: 3 0x800005d2 (0xca3c3e93) x29 0x00000001
core   0: 0x800005d6 (0x0278c5b3) div     a1, a7, t2
core   0: 3 0x800005d6 (0x0278c5b3) x11 0x00000000
core   0: 0x800005da (0x02833fb3) mulhu   t6, t1, s0
core   0: 3 0x800005da (0x02833fb3) x31 0x00000005
core   0: 0x800005de (0x00b6d733) srl     a4, a3, a1
core   0: 3 0x800005de (0x00b6d733) x14 0x00003000
core   0: 0x800005e2 (0x0000668d) c.lui   a3, 0x3
core   0: 3 0x800005e2 (0x668d) x13 0x00003000
core   0: 0x800005e4 (0x00000001) c.nop
core   0: 3 0x800005e4 (0x0001)
core   0: 0x800005e6 (0x00001471) c.addi  s0, -4
core   0: 3 0x800005e6 (0x1471) x8  0x00000006
core   0: 0x800005e8 (0x00008d7d) c.and   a0, a5
core   0: 3 0x800005e8 (0x8d7d) x10 0x00000000
core   0: 0x800005ea (0xffe476e3) bgeu    s0, t5, pc - 20
core   0: 3 0x800005ea (0xffe476e3)
core   0: 0x800005ee (0xfba8dde3) bge     a7, s10, pc - 70
core   0: 3 0x800005ee (0xfba8dde3)
core   0: 0x800005a8 (0x0305e733) rem     a4, a1, a6
core   0: 3 0x800005a8 (0x0305e733) x14 0x00000000
core   0: 0x800005ac (0x0000963a) c.add   a2, a4
core   0: 3 0x800005ac (0x963a) x12 0x00000000
core   0: 0x800005ae (0x010b1d93) slli    s11, s6, 16
core   0: 3 0x800005ae (0x010b1d93) x27 0x3f090000
core   0: 0x800005b2 (0x000018f9) c.addi  a7, -2
core   0: 3 0x800005b2 (0x18f9) x17 0xfffffff4
core   0: 0x800005b4 (0x00004429) c.li    s0, 10
core   0: 3 0x800005b4 (0x4429) x8  0x0000000a
core   0: 0x800005b6 (0x033b2233) mulhsu  tp, s6, s3
core   0: 3 0x800005b6 (0x033b2233) x4  0x00000000
core   0: 0x800005ba (0x59d4c593) xori    a1, s1, 1437
core   0: 3 0x800005ba (0x59d4c593) x11 0x0000059d
core   0: 0x800005be (0x00004f25) c.li    t5, 9
core   0: 3 0x800005be (0x4f25) x30 0x00000009
core   0: 0x800005c0 (0x00008cf5) c.and   s1, a3
core   0: 3 0x800005c0 (0x8cf5) x9  0x00000000
core   0: 0x800005c2 (0x001ed733) srl     a4, t4, ra
core   0: 3 0x800005c2 (0x001ed733) x14 0x00000000
core   0: 0x800005c6 (0x01c4a033) slt     zero, s1, t3
core   0: 3 0x800005c6 (0x01c4a033)
core   0: 0x800005ca (0x475bf993) andi    s3, s7, 1141
core   0: 3 0x800005ca (0x475bf993) x19 0x00000435
core   0: 0x800005ce (0x0000860d) c.srai  a2, 3
core   0: 3 0x800005ce (0x860d) x12 0x00000000
core   0: 0x800005d0 (0x00000001) c.nop
core   0: 3 0x800005d0 (0x0001)
core   0: 0x800005d2 (0xca3c3e93) sltiu   t4, s8, -861
core   0: 3 0x800005d2 (0xca3c3e93) x29 0x00000001
core   0: 0x800005d6 (0x0278c5b3) div     a1, a7, t2
core   0: 3 0x800005d6 (0x0278c5b3) x11 0x00000000
core   0: 0x800005da (0x02833fb3) mulhu   t6, t1, s0
core   0: 3 0x800005da (0x02833fb3) x31 0x00000005
core   0: 0x800005de (0x00b6d733) srl     a4, a3, a1
core   0: 3 0x800005de (0x00b6d733) x14 0x00003000
core   0: 0x800005e2 (0x0000668d) c.lui   a3, 0x3
core   0: 3 0x800005e2 (0x668d) x13 0x00003000
core   0: 0x800005e4 (0x00000001) c.nop
core   0: 3 0x800005e4 (0x0001)
core   0: 0x800005e6 (0x00001471) c.addi  s0, -4
core   0: 3 0x800005e6 (0x1471) x8  0x00000006
core   0: 0x800005e8 (0x00008d7d) c.and   a0, a5
core   0: 3 0x800005e8 (0x8d7d) x10 0x00000000
core   0: 0x800005ea (0xffe476e3) bgeu    s0, t5, pc - 20
core   0: 3 0x800005ea (0xffe476e3)
core   0: 0x800005ee (0xfba8dde3) bge     a7, s10, pc - 70
core   0: 3 0x800005ee (0xfba8dde3)
core   0: 0x800005a8 (0x0305e733) rem     a4, a1, a6
core   0: 3 0x800005a8 (0x0305e733) x14 0x00000000
core   0: 0x800005ac (0x0000963a) c.add   a2, a4
core   0: 3 0x800005ac (0x963a) x12 0x00000000
core   0: 0x800005ae (0x010b1d93) slli    s11, s6, 16
core   0: 3 0x800005ae (0x010b1d93) x27 0x3f090000
core   0: 0x800005b2 (0x000018f9) c.addi  a7, -2
core   0: 3 0x800005b2 (0x18f9) x17 0xfffffff2
core   0: 0x800005b4 (0x00004429) c.li    s0, 10
core   0: 3 0x800005b4 (0x4429) x8  0x0000000a
core   0: 0x800005b6 (0x033b2233) mulhsu  tp, s6, s3
core   0: 3 0x800005b6 (0x033b2233) x4  0x00000000
core   0: 0x800005ba (0x59d4c593) xori    a1, s1, 1437
core   0: 3 0x800005ba (0x59d4c593) x11 0x0000059d
core   0: 0x800005be (0x00004f25) c.li    t5, 9
core   0: 3 0x800005be (0x4f25) x30 0x00000009
core   0: 0x800005c0 (0x00008cf5) c.and   s1, a3
core   0: 3 0x800005c0 (0x8cf5) x9  0x00000000
core   0: 0x800005c2 (0x001ed733) srl     a4, t4, ra
core   0: 3 0x800005c2 (0x001ed733) x14 0x00000000
core   0: 0x800005c6 (0x01c4a033) slt     zero, s1, t3
core   0: 3 0x800005c6 (0x01c4a033)
core   0: 0x800005ca (0x475bf993) andi    s3, s7, 1141
core   0: 3 0x800005ca (0x475bf993) x19 0x00000435
core   0: 0x800005ce (0x0000860d) c.srai  a2, 3
core   0: 3 0x800005ce (0x860d) x12 0x00000000
core   0: 0x800005d0 (0x00000001) c.nop
core   0: 3 0x800005d0 (0x0001)
core   0: 0x800005d2 (0xca3c3e93) sltiu   t4, s8, -861
core   0: 3 0x800005d2 (0xca3c3e93) x29 0x00000001
core   0: 0x800005d6 (0x0278c5b3) div     a1, a7, t2
core   0: 3 0x800005d6 (0x0278c5b3) x11 0x00000000
core   0: 0x800005da (0x02833fb3) mulhu   t6, t1, s0
core   0: 3 0x800005da (0x02833fb3) x31 0x00000005
core   0: 0x800005de (0x00b6d733) srl     a4, a3, a1
core   0: 3 0x800005de (0x00b6d733) x14 0x00003000
core   0: 0x800005e2 (0x0000668d) c.lui   a3, 0x3
core   0: 3 0x800005e2 (0x668d) x13 0x00003000
core   0: 0x800005e4 (0x00000001) c.nop
core   0: 3 0x800005e4 (0x0001)
core   0: 0x800005e6 (0x00001471) c.addi  s0, -4
core   0: 3 0x800005e6 (0x1471) x8  0x00000006
core   0: 0x800005e8 (0x00008d7d) c.and   a0, a5
core   0: 3 0x800005e8 (0x8d7d) x10 0x00000000
core   0: 0x800005ea (0xffe476e3) bgeu    s0, t5, pc - 20
core   0: 3 0x800005ea (0xffe476e3)
core   0: 0x800005ee (0xfba8dde3) bge     a7, s10, pc - 70
core   0: 3 0x800005ee (0xfba8dde3)
core   0: 0x800005a8 (0x0305e733) rem     a4, a1, a6
core   0: 3 0x800005a8 (0x0305e733) x14 0x00000000
core   0: 0x800005ac (0x0000963a) c.add   a2, a4
core   0: 3 0x800005ac (0x963a) x12 0x00000000
core   0: 0x800005ae (0x010b1d93) slli    s11, s6, 16
core   0: 3 0x800005ae (0x010b1d93) x27 0x3f090000
core   0: 0x800005b2 (0x000018f9) c.addi  a7, -2
core   0: 3 0x800005b2 (0x18f9) x17 0xfffffff0
core   0: 0x800005b4 (0x00004429) c.li    s0, 10
core   0: 3 0x800005b4 (0x4429) x8  0x0000000a
core   0: 0x800005b6 (0x033b2233) mulhsu  tp, s6, s3
core   0: 3 0x800005b6 (0x033b2233) x4  0x00000000
core   0: 0x800005ba (0x59d4c593) xori    a1, s1, 1437
core   0: 3 0x800005ba (0x59d4c593) x11 0x0000059d
core   0: 0x800005be (0x00004f25) c.li    t5, 9
core   0: 3 0x800005be (0x4f25) x30 0x00000009
core   0: 0x800005c0 (0x00008cf5) c.and   s1, a3
core   0: 3 0x800005c0 (0x8cf5) x9  0x00000000
core   0: 0x800005c2 (0x001ed733) srl     a4, t4, ra
core   0: 3 0x800005c2 (0x001ed733) x14 0x00000000
core   0: 0x800005c6 (0x01c4a033) slt     zero, s1, t3
core   0: 3 0x800005c6 (0x01c4a033)
core   0: 0x800005ca (0x475bf993) andi    s3, s7, 1141
core   0: 3 0x800005ca (0x475bf993) x19 0x00000435
core   0: 0x800005ce (0x0000860d) c.srai  a2, 3
core   0: 3 0x800005ce (0x860d) x12 0x00000000
core   0: 0x800005d0 (0x00000001) c.nop
core   0: 3 0x800005d0 (0x0001)
core   0: 0x800005d2 (0xca3c3e93) sltiu   t4, s8, -861
core   0: 3 0x800005d2 (0xca3c3e93) x29 0x00000001
core   0: 0x800005d6 (0x0278c5b3) div     a1, a7, t2
core   0: 3 0x800005d6 (0x0278c5b3) x11 0x00000000
core   0: 0x800005da (0x02833fb3) mulhu   t6, t1, s0
core   0: 3 0x800005da (0x02833fb3) x31 0x00000005
core   0: 0x800005de (0x00b6d733) srl     a4, a3, a1
core   0: 3 0x800005de (0x00b6d733) x14 0x00003000
core   0: 0x800005e2 (0x0000668d) c.lui   a3, 0x3
core   0: 3 0x800005e2 (0x668d) x13 0x00003000
core   0: 0x800005e4 (0x00000001) c.nop
core   0: 3 0x800005e4 (0x0001)
core   0: 0x800005e6 (0x00001471) c.addi  s0, -4
core   0: 3 0x800005e6 (0x1471) x8  0x00000006
core   0: 0x800005e8 (0x00008d7d) c.and   a0, a5
core   0: 3 0x800005e8 (0x8d7d) x10 0x00000000
core   0: 0x800005ea (0xffe476e3) bgeu    s0, t5, pc - 20
core   0: 3 0x800005ea (0xffe476e3)
core   0: 0x800005ee (0xfba8dde3) bge     a7, s10, pc - 70
core   0: 3 0x800005ee (0xfba8dde3)
core   0: 0x800005f2 (0x026c5233) divu    tp, s8, t1
core   0: 3 0x800005f2 (0x026c5233) x4  0x00000000
core   0: 0x800005f6 (0x0320036f) jal     t1, pc + 0x32
core   0: 3 0x800005f6 (0x0320036f) x6  0x800005fa
core   0: 0x80000628 (0x0000a019) c.j     pc + 6
core   0: 3 0x80000628 (0xa019)
core   0: 0x8000062e (0x0000bfe5) c.j     pc - 8
core   0: 3 0x8000062e (0xbfe5)
core   0: 0x80000626 (0x0000bfdd) c.j     pc - 10
core   0: 3 0x80000626 (0xbfdd)
core   0: 0x8000061c (0x00003fcd) c.jal   pc - 14
core   0: 3 0x8000061c (0x3fcd) x1  0x8000061e
core   0: 0x8000060e (0x00002025) c.jal   pc + 40
core   0: 3 0x8000060e (0x2025) x1  0x80000610
core   0: 0x80000636 (0xfe9ff36f) jal     t1, pc - 0x18
core   0: 3 0x80000636 (0xfe9ff36f) x6  0x8000063a
core   0: 0x8000061e (0x0000b7c5) c.j     pc - 32
core   0: 3 0x8000061e (0xb7c5)
core   0: 0x800005fe (0x00002019) c.jal   pc + 6
core   0: 3 0x800005fe (0x2019) x1  0x80000600
core   0: 0x80000604 (0x00003ff5) c.jal   pc - 4
core   0: 3 0x80000604 (0x3ff5) x1  0x80000606
core   0: 0x80000600 (0x018001ef) jal     gp, pc + 0x18
core   0: 3 0x80000600 (0x018001ef) x3  0x80000604
core   0: 0x80000618 (0x0000bfd5) c.j     pc - 12
core   0: 3 0x80000618 (0xbfd5)
core   0: 0x8000060c (0x0000a80d) c.j     pc + 50
core   0: 3 0x8000060c (0xa80d)
core   0: 0x8000063e (0xfc9ff8ef) jal     a7, pc - 0x38
core   0: 3 0x8000063e (0xfc9ff8ef) x17 0x80000642
core   0: 0x80000606 (0x034000ef) jal     pc + 0x34
core   0: 3 0x80000606 (0x034000ef) x1  0x8000060a
core   0: 0x8000063a (0xffbffd6f) jal     s10, pc - 0x6
core   0: 3 0x8000063a (0xffbffd6f) x26 0x8000063e
core   0: 0x80000634 (0x000037d9) c.jal   pc - 58
core   0: 3 0x80000634 (0x37d9) x1  0x80000636
core   0: 0x800005fa (0x01a0086f) jal     a6, pc + 0x1a
core   0: 3 0x800005fa (0x01a0086f) x16 0x800005fe
core   0: 0x80000614 (0x01600b6f) jal     s6, pc + 0x16
core   0: 3 0x80000614 (0x01600b6f) x22 0x80000618
core   0: 0x8000062a (0x0060036f) jal     t1, pc + 0x6
core   0: 3 0x8000062a (0x0060036f) x6  0x8000062e
core   0: 0x80000630 (0xfebffe6f) jal     t3, pc - 0x16
core   0: 3 0x80000630 (0xfebffe6f) x28 0x80000634
core   0: 0x8000061a (0x0000a019) c.j     pc + 6
core   0: 3 0x8000061a (0xa019)
core   0: 0x80000620 (0xff1ff0ef) jal     pc - 0x10
core   0: 3 0x80000620 (0xff1ff0ef) x1  0x80000624
core   0: 0x80000610 (0xffbff0ef) jal     pc - 0x6
core   0: 3 0x80000610 (0xffbff0ef) x1  0x80000614
core   0: 0x8000060a (0x00002829) c.jal   pc + 26
core   0: 3 0x8000060a (0x2829) x1  0x8000060c
core   0: 0x80000624 (0x0000a839) c.j     pc + 30
core   0: 3 0x80000624 (0xa839)
core   0: 0x80000642 (0x02b1ec33) rem     s8, gp, a1
core   0: 3 0x80000642 (0x02b1ec33) x24 0x80000604
core   0: 0x80000646 (0x00010717) auipc   a4, 0x10
core   0: 3 0x80000646 (0x00010717) x14 0x80010646
core   0: 0x8000064a (0xa9e70713) addi    a4, a4, -1378
core   0: 3 0x8000064a (0xa9e70713) x14 0x800100e4
core   0: 0x8000064e (0x03170b83) lb      s7, 49(a4)
core   0: 3 0x8000064e (0x03170b83) x23 0x00000016 mem 0x80010115
core   0: 0x80000652 (0xfcf74583) lbu     a1, -49(a4)
core   0: 3 0x80000652 (0xfcf74583) x11 0x000000db mem 0x800100b3
core   0: 0x80000656 (0xfcf70b83) lb      s7, -49(a4)
core   0: 3 0x80000656 (0xfcf70b83) x23 0xffffffdb mem 0x800100b3
core   0: 0x8000065a (0x03d70203) lb      tp, 61(a4)
core   0: 3 0x8000065a (0x03d70203) x4  0xffffffc5 mem 0x80010121
core   0: 0x8000065e (0x03e71183) lh      gp, 62(a4)
core   0: 3 0x8000065e (0x03e71183) x3  0xffff9fba mem 0x80010122
core   0: 0x80000662 (0x03e74e83) lbu     t4, 62(a4)
core   0: 3 0x80000662 (0x03e74e83) x29 0x000000ba mem 0x80010122
core   0: 0x80000666 (0xf4c3bc37) lui     s8, 0xf4c3b
core   0: 3 0x80000666 (0xf4c3bc37) x24 0xf4c3b000
core   0: 0x8000066a (0x0105d333) srl     t1, a1, a6
core   0: 3 0x8000066a (0x0105d333) x6  0x00000000
core   0: 0x8000066e (0xfc570083) lb      ra, -59(a4)
core   0: 3 0x8000066e (0xfc570083) x1  0x00000020 mem 0x800100a9
core   0: 0x80000672 (0x00005cfd) c.li    s9, -1
core   0: 3 0x80000672 (0x5cfd) x25 0xffffffff
core   0: 0x80000674 (0x033348b3) div     a7, t1, s3
core   0: 3 0x80000674 (0x033348b3) x17 0x00000000
core   0: 0x80000678 (0x00009a7d) c.andi  a2, -1
core   0: 3 0x80000678 (0x9a7d) x12 0x00000000
core   0: 0x8000067a (0x01971d23) sh      s9, 26(a4)
core   0: 3 0x8000067a (0x01971d23) mem 0x800100fe 0xffff
core   0: 0x8000067e (0x03d4e2b3) rem     t0, s1, t4
core   0: 3 0x8000067e (0x03d4e2b3) x5  0x00000000
core   0: 0x80000682 (0x01a75c03) lhu     s8, 26(a4)
core   0: 3 0x80000682 (0x01a75c03) x24 0x0000ffff mem 0x800100fe
core   0: 0x80000686 (0x01a70f83) lb      t6, 26(a4)
core   0: 3 0x80000686 (0x01a70f83) x31 0xffffffff mem 0x800100fe
core   0: 0x8000068a (0x01a70683) lb      a3, 26(a4)
core   0: 3 0x8000068a (0x01a70683) x13 0xffffffff mem 0x800100fe
core   0: 0x8000068e (0x04c0036f) jal     t1, pc + 0x4c
core   0: 3 0x8000068e (0x04c0036f) x6  0x80000692
core   0: 0x800006da (0xfb9ff0ef) jal     pc - 0x48
core   0: 3 0x800006da (0xfb9ff0ef) x1  0x800006de
core   0: 0x80000692 (0x01a000ef) jal     pc + 0x1a
core   0: 3 0x80000692 (0x01a000ef) x1  0x80000696
core   0: 0x800006ac (0x0000bffd) c.j     pc - 2
core   0: 3 0x800006ac (0xbffd)
core   0: 0x800006aa (0x00002801) c.jal   pc + 16
core   0: 3 0x800006aa (0x2801) x1  0x800006ac
core   0: 0x800006ba (0x000037cd) c.jal   pc - 30
core   0: 3 0x800006ba (0x37cd) x1  0x800006bc
core   0: 0x8000069c (0xffbff0ef) jal     pc - 0x6
core   0: 3 0x8000069c (0xffbff0ef) x1  0x800006a0
core   0: 0x80000696 (0x0000a031) c.j     pc + 12
core   0: 3 0x80000696 (0xa031)
core   0: 0x800006a2 (0x004000ef) jal     pc + 0x4
core   0: 3 0x800006a2 (0x004000ef) x1  0x800006a6
core   0: 0x800006a6 (0x0000a801) c.j     pc + 16
core   0: 3 0x800006a6 (0xa801)
core   0: 0x800006b6 (0x0000a831) c.j     pc + 28
core   0: 3 0x800006b6 (0xa831)
core   0: 0x800006d2 (0xfebff1ef) jal     gp, pc - 0x16
core   0: 3 0x800006d2 (0xfebff1ef) x3  0x800006d6
core   0: 0x800006bc (0x00c000ef) jal     pc + 0xc
core   0: 3 0x800006bc (0x00c000ef) x1  0x800006c0
core   0: 0x800006c8 (0x00003fc1) c.jal   pc - 48
core   0: 3 0x800006c8 (0x3fc1) x1  0x800006ca
core   0: 0x80000698 (0x032000ef) jal     pc + 0x32
core   0: 3 0x80000698 (0x032000ef) x1  0x8000069c
core   0: 0x800006ca (0x00002031) c.jal   pc + 12
core   0: 3 0x800006ca (0x2031) x1  0x800006cc
core   0: 0x800006d6 (0xfd3ff0ef) jal     pc - 0x2e
core   0: 3 0x800006d6 (0xfd3ff0ef) x1  0x800006da
core   0: 0x800006a8 (0x00002821) c.jal   pc + 24
core   0: 3 0x800006a8 (0x2821) x1  0x800006aa
core   0: 0x800006c0 (0x00e0056f) jal     a0, pc + 0xe
core   0: 3 0x800006c0 (0x00e0056f) x10 0x800006c4
core   0: 0x800006ce (0x000037ed) c.jal   pc - 22
core   0: 3 0x800006ce (0x37ed) x1  0x800006d0
core   0: 0x800006b8 (0x0000bfed) c.j     pc - 6
core   0: 3 0x800006b8 (0xbfed)
core   0: 0x800006b2 (0x00002829) c.jal   pc + 26
core   0: 3 0x800006b2 (0x2829) x1  0x800006b4
core   0: 0x800006cc (0x0000b7d5) c.j     pc - 28
core   0: 3 0x800006cc (0xb7d5)
core   0: 0x800006b0 (0x0000a005) c.j     pc + 32
core   0: 3 0x800006b0 (0xa005)
core   0: 0x800006d0 (0x00002039) c.jal   pc + 14
core   0: 3 0x800006d0 (0x2039) x1  0x800006d2
core   0: 0x800006de (0x000037dd) c.jal   pc - 26
core   0: 3 0x800006de (0x37dd) x1  0x800006e0
core   0: 0x800006c4 (0xff1ff0ef) jal     pc - 0x10
core   0: 3 0x800006c4 (0xff1ff0ef) x1  0x800006c8
core   0: 0x800006b4 (0x000037f5) c.jal   pc - 20
core   0: 3 0x800006b4 (0x37f5) x1  0x800006b6
core   0: 0x800006a0 (0x00002039) c.jal   pc + 14
core   0: 3 0x800006a0 (0x2039) x1  0x800006a2
core   0: 0x800006ae (0x0000a80d) c.j     pc + 50
core   0: 3 0x800006ae (0xa80d)
core   0: 0x800006e0 (0x02e87233) remu    tp, a6, a4
core   0: 3 0x800006e0 (0x02e87233) x4  0x800005fe
core   0: 0x800006e4 (0x0001b297) auipc   t0, 0x1b
core   0: 3 0x800006e4 (0x0001b297) x5  0x8001b6e4
core   0: 0x800006e8 (0x03e28293) addi    t0, t0, 62
core   0: 3 0x800006e8 (0x03e28293) x5  0x8001b722
core   0: 0x800006ec (0x85729f23) sh      s7, -1954(t0)
core   0: 3 0x800006ec (0x85729f23) mem 0x8001af80 0xffdb
core   0: 0x800006f0 (0xcb528903) lb      s2, -843(t0)
core   0: 3 0x800006f0 (0xcb528903) x18 0xffffffe5 mem 0x8001b3d7
core   0: 0x800006f4 (0x812287a3) sb      s2, -2033(t0)
core   0: 3 0x800006f4 (0x812287a3) mem 0x8001af31 0xe5
core   0: 0x800006f8 (0x00841db3) sll     s11, s0, s0
core   0: 3 0x800006f8 (0x00841db3) x27 0x00000180
core   0: 0x800006fc (0x00008461) c.srai  s0, 24
core   0: 3 0x800006fc (0x8461) x8  0x00000000
core   0: 0x800006fe (0xa6f28503) lb      a0, -1425(t0)
core   0: 3 0x800006fe (0xa6f28503) x10 0x00000042 mem 0x8001b191
core   0: 0x80000702 (0xafc28d83) lb      s11, -1284(t0)
core   0: 3 0x80000702 (0xafc28d83) x27 0x00000008 mem 0x8001b21e
core   0: 0x80000706 (0x65028903) lb      s2, 1616(t0)
core   0: 3 0x80000706 (0x65028903) x18 0xfffffff1 mem 0x8001bd72
core   0: 0x8000070a (0x00008c41) c.or    s0, s0
core   0: 3 0x8000070a (0x8c41) x8  0x00000000
core   0: 0x8000070c (0x05f28503) lb      a0, 95(t0)
core   0: 3 0x8000070c (0x05f28503) x10 0x00000020 mem 0x8001b781
core   0: 0x80000710 (0xbd228903) lb      s2, -1070(t0)
core   0: 3 0x80000710 (0xbd228903) x18 0x00000006 mem 0x8001b2f4
core   0: 0x80000714 (0x00009922) c.add   s2, s0
core   0: 3 0x80000714 (0x9922) x18 0x00000006
core   0: 0x80000716 (0x1d82c903) lbu     s2, 472(t0)
core   0: 3 0x80000716 (0x1d82c903) x18 0x0000004a mem 0x8001b8fa
core   0: 0x8000071a (0x01c55433) srl     s0, a0, t3
core   0: 3 0x8000071a (0x01c55433) x8  0x00000000
core   0: 0x8000071e (0xb0a283a3) sb      a0, -1273(t0)
core   0: 3 0x8000071e (0xb0a283a3) mem 0x8001b229 0x20
core   0: 0x80000722 (0xd6c29503) lh      a0, -660(t0)
core   0: 3 0x80000722 (0xd6c29503) x10 0xffff8377 mem 0x8001b48e
core   0: 0x80000726 (0x01b46933) or      s2, s0, s11
core   0: 3 0x80000726 (0x01b46933) x18 0x00000008
core   0: 0x8000072a (0xf1db8e13) addi    t3, s7, -227
core   0: 3 0x8000072a (0xf1db8e13) x28 0xfffffef8
core   0: 0x8000072e (0x7e22d903) lhu     s2, 2018(t0)
core   0: 3 0x8000072e (0x7e22d903) x18 0x0000be77 mem 0x8001bf04
core   0: 0x80000732 (0x9f82c903) lbu     s2, -1544(t0)
core   0: 3 0x80000732 (0x9f82c903) x18 0x00000056 mem 0x8001b11a
core   0: 0x80000736 (0x56a28823) sb      a0, 1392(t0)
core   0: 3 0x80000736 (0x56a28823) mem 0x8001bc92 0x77
core   0: 0x8000073a (0x0172cd83) lbu     s11, 23(t0)
core   0: 3 0x8000073a (0x0172cd83) x27 0x00000081 mem 0x8001b739
core   0: 0x8000073e (0x43728903) lb      s2, 1079(t0)
core   0: 3 0x8000073e (0x43728903) x18 0xffffffb3 mem 0x8001bb59
core   0: 0x80000742 (0x41295e33) sra     t3, s2, s2
core   0: 3 0x80000742 (0x41295e33) x28 0xffffffff
core   0: 0x80000746 (0x00abcdb3) xor     s11, s7, a0
core   0: 3 0x80000746 (0x00abcdb3) x27 0x00007cac
core   0: 0x8000074a (0x00128403) lb      s0, 1(t0)
core   0: 3 0x8000074a (0x00128403) x8  0xffffffa3 mem 0x8001b723
core   0: 0x8000074e (0x15851917) auipc   s2, 0x15851
core   0: 3 0x8000074e (0x15851917) x18 0x9585174e
core   0: 0x80000752 (0x2e82d403) lhu     s0, 744(t0)
core   0: 3 0x80000752 (0x2e82d403) x8  0x00001a49 mem 0x8001ba0a
core   0: 0x80000756 (0xe6828423) sb      s0, -408(t0)
core   0: 3 0x80000756 (0xe6828423) mem 0x8001b58a 0x49
core   0: 0x8000075a (0x47c287a3) sb      t3, 1135(t0)
core   0: 3 0x8000075a (0x47c287a3) mem 0x8001bb91 0xff
core   0: 0x8000075e (0x0000997d) c.andi  a0, -1
core   0: 3 0x8000075e (0x997d) x10 0xffff8377
core   0: 0x80000760 (0x1aa282a3) sb      a0, 421(t0)
core   0: 3 0x80000760 (0x1aa282a3) mem 0x8001b8c7 0x77
core   0: 0x80000764 (0x29c28aa3) sb      t3, 661(t0)
core   0: 3 0x80000764 (0x29c28aa3) mem 0x8001b9b7 0xff
core   0: 0x80000768 (0x03746e33) rem     t3, s0, s7
core   0: 3 0x80000768 (0x03746e33) x28 0x00000020
core   0: 0x8000076c (0x51728ba3) sb      s7, 1303(t0)
core   0: 3 0x8000076c (0x51728ba3) mem 0x8001bc39 0xdb
core   0: 0x80000770 (0x65adf413) andi    s0, s11, 1626
core   0: 3 0x80000770 (0x65adf413) x8  0x00000408
core   0: 0x80000774 (0x418bd513) srai    a0, s7, 24
core   0: 3 0x80000774 (0x418bd513) x10 0xffffffff
core   0: 0x80000778 (0x00000001) c.nop
core   0: 3 0x80000778 (0x0001)
core   0: 0x8000077a (0x00000001) c.nop
core   0: 3 0x8000077a (0x0001)
core   0: 0x8000077c (0xc1b28ea3) sb      s11, -995(t0)
core   0: 3 0x8000077c (0xc1b28ea3) mem 0x8001b33f 0xac
core   0: 0x80000780 (0x81b2c503) lbu     a0, -2021(t0)
core   0: 3 0x80000780 (0x81b2c503) x10 0x0000003d mem 0x8001af3d
core   0: 0x80000784 (0x0000157d) c.addi  a0, -1
core   0: 3 0x80000784 (0x157d) x10 0x0000003c
core   0: 0x80000786 (0x06a28da3) sb      a0, 123(t0)
core   0: 3 0x80000786 (0x06a28da3) mem 0x8001b79d 0x3c
core   0: 0x8000078a (0xf5d28b83) lb      s7, -163(t0)
core   0: 3 0x8000078a (0xf5d28b83) x23 0xffffffac mem 0x8001b67f
core   0: 0x8000078e (0x71e2d503) lhu     a0, 1822(t0)
core   0: 3 0x8000078e (0x71e2d503) x10 0x00009490 mem 0x8001be40
core   0: 0x80000792 (0xfdb28aa3) sb      s11, -43(t0)
core   0: 3 0x80000792 (0xfdb28aa3) mem 0x8001b6f7 0xac
core   0: 0x80000796 (0x00019d97) auipc   s11, 0x19
core   0: 3 0x80000796 (0x00019d97) x27 0x80019796
core   0: 0x8000079a (0x742d8d93) addi    s11, s11, 1858
core   0: 3 0x8000079a (0x742d8d93) x27 0x80019ed8
core   0: 0x8000079e (0xf41dc703) lbu     a4, -191(s11)
core   0: 3 0x8000079e (0xf41dc703) x14 0x0000009b mem 0x80019e19
core   0: 0x800007a2 (0xf41d8b83) lb      s7, -191(s11)
core   0: 3 0x800007a2 (0xf41d8b83) x23 0xffffff9b mem 0x80019e19
core   0: 0x800007a6 (0xff262413) slti    s0, a2, -14
core   0: 3 0x800007a6 (0xff262413) x8  0x00000000
core   0: 0x800007aa (0x00f17eb3) and     t4, sp, a5
core   0: 3 0x800007aa (0x00f17eb3) x29 0x80000000
core   0: 0x800007ae (0x40a50433) sub     s0, a0, a0
core   0: 3 0x800007ae (0x40a50433) x8  0x00000000
core   0: 0x800007b2 (0xf41d8283) lb      t0, -191(s11)
core   0: 3 0x800007b2 (0xf41d8283) x5  0xffffff9b mem 0x80019e19
core   0: 0x800007b6 (0xf47d80a3) sb      t2, -191(s11)
core   0: 3 0x800007b6 (0xf47d80a3) mem 0x80019e19 0xa4
core   0: 0x800007ba (0x00001c7d) c.addi  s8, -1
core   0: 3 0x800007ba (0x1c7d) x24 0x0000fffe
core   0: 0x800007bc (0x019678b3) and     a7, a2, s9
core   0: 3 0x800007bc (0x019678b3) x17 0x00000000
core   0: 0x800007c0 (0xf41dc403) lbu     s0, -191(s11)
core   0: 3 0x800007c0 (0xf41dc403) x8  0x000000a4 mem 0x80019e19
core   0: 0x800007c4 (0xf12d9d03) lh      s10, -238(s11)
core   0: 3 0x800007c4 (0xf12d9d03) x26 0x0000567f mem 0x80019dea
core   0: 0x800007c8 (0xf12d8c83) lb      s9, -238(s11)
core   0: 3 0x800007c8 (0xf12d8c83) x25 0x0000007f mem 0x80019dea
core   0: 0x800007cc (0xf1ed8923) sb      t5, -238(s11)
core   0: 3 0x800007cc (0xf1ed8923) mem 0x80019dea 0x09
core   0: 0x800007d0 (0xf12dc503) lbu     a0, -238(s11)
core   0: 3 0x800007d0 (0xf12dc503) x10 0x00000009 mem 0x80019dea
core   0: 0x800007d4 (0xf12d8003) lb      zero, -238(s11)
core   0: 3 0x800007d4 (0xf12d8003) mem 0x80019dea
core   0: 0x800007d8 (0xf1ed8923) sb      t5, -238(s11)
core   0: 3 0x800007d8 (0xf1ed8923) mem 0x80019dea 0x09
core   0: 0x800007dc (0xf12d8a03) lb      s4, -238(s11)
core   0: 3 0x800007dc (0xf12d8a03) x20 0x00000009 mem 0x80019dea
core   0: 0x800007e0 (0x0056b1b3) sltu    gp, a3, t0
core   0: 3 0x800007e0 (0x0056b1b3) x3  0x00000000
core   0: 0x800007e4 (0xf12ddb83) lhu     s7, -238(s11)
core   0: 3 0x800007e4 (0xf12ddb83) x23 0x00005609 mem 0x80019dea
core   0: 0x800007e8 (0x00010f17) auipc   t5, 0x10
core   0: 3 0x800007e8 (0x00010f17) x30 0x800107e8
core   0: 0x800007ec (0xe9ff0f13) addi    t5, t5, -353
core   0: 3 0x800007ec (0xe9ff0f13) x30 0x80010687
core   0: 0x800007f0 (0x00af0023) sb      a0, 0(t5)
core   0: 3 0x800007f0 (0x00af0023) mem 0x80010687 0x09
core   0: 0x800007f4 (0xff7f0ca3) sb      s7, -7(t5)
core   0: 3 0x800007f4 (0xff7f0ca3) mem 0x80010680 0x09
core   0: 0x800007f8 (0x005f0823) sb      t0, 16(t5)
core   0: 3 0x800007f8 (0x005f0823) mem 0x80010697 0x9b
core   0: 0x800007fc (0x00a56bb3) or      s7, a0, a0
core   0: 3 0x800007fc (0x00a56bb3) x23 0x00000009
core   0: 0x80000800 (0x02a53533) mulhu   a0, a0, a0
core   0: 3 0x80000800 (0x02a53533) x10 0x00000000
core   0: 0x80000804 (0xff3f1503) lh      a0, -13(t5)
core   0: 3 0x80000804 (0xff3f1503) x10 0xffff9e2e mem 0x8001067a
core   0: 0x80000808 (0x0000997d) c.andi  a0, -1
core   0: 3 0x80000808 (0x997d) x10 0xffff9e2e
core   0: 0x8000080a (0x00008901) c.andi  a0, 0
core   0: 3 0x8000080a (0x8901) x10 0x00000000
core   0: 0x8000080c (0x00008959) c.andi  a0, 22
core   0: 3 0x8000080c (0x8959) x10 0x00000000
core   0: 0x8000080e (0x002f4803) lbu     a6, 2(t5)
core   0: 3 0x8000080e (0x002f4803) x16 0x000000ef mem 0x80010689
core   0: 0x80000812 (0xffaf4f83) lbu     t6, -6(t5)
core   0: 3 0x80000812 (0xffaf4f83) x31 0x00000074 mem 0x80010681
core   0: 0x80000816 (0x00000001) c.nop
core   0: 3 0x80000816 (0x0001)
core   0: 0x80000818 (0xfe5f0d23) sb      t0, -6(t5)
core   0: 3 0x80000818 (0xfe5f0d23) mem 0x80010681 0x9b
core   0: 0x8000081c (0x0302dbb3) divu    s7, t0, a6
core   0: 3 0x8000081c (0x0302dbb3) x23 0x0112358e
core   0: 0x80000820 (0xfe4f0e23) sb      tp, -4(t5)
core   0: 3 0x80000820 (0xfe4f0e23) mem 0x80010683 0xfe
core   0: 0x80000824 (0x00008d69) c.and   a0, a0
core   0: 3 0x80000824 (0x8d69) x10 0x00000000
core   0: 0x80000826 (0x01f2afb3) slt     t6, t0, t6
core   0: 3 0x80000826 (0x01f2afb3) x31 0x00000001
core   0: 0x8000082a (0x917bb293) sltiu   t0, s7, -1769
core   0: 3 0x8000082a (0x917bb293) x5  0x00000001
core   0: 0x8000082e (0x03757533) remu    a0, a0, s7
core   0: 3 0x8000082e (0x03757533) x10 0x00000000
core   0: 0x80000832 (0x02a51fb3) mulh    t6, a0, a0
core   0: 3 0x80000832 (0x02a51fb3) x31 0x00000000
core   0: 0x80000836 (0x00528833) add     a6, t0, t0
core   0: 3 0x80000836 (0x00528833) x16 0x00000002
core   0: 0x8000083a (0x002f4b83) lbu     s7, 2(t5)
core   0: 3 0x8000083a (0x002f4b83) x23 0x000000ef mem 0x80010689
core   0: 0x8000083e (0xff7f2aa3) sw      s7, -11(t5)
core   0: 3 0x8000083e (0xff7f2aa3) mem 0x8001067c 0x000000ef
core   0: 0x80000842 (0x00550fb3) add     t6, a0, t0
core   0: 3 0x80000842 (0x00550fb3) x31 0x00000001
core   0: 0x80000846 (0x03786533) rem     a0, a6, s7
core   0: 3 0x80000846 (0x03786533) x10 0x00000002
core   0: 0x8000084a (0xffdf2283) lw      t0, -3(t5)
core   0: 3 0x8000084a (0xffdf2283) x5  0x090a4f3b mem 0x80010684
core   0: 0x8000084e (0x002f4803) lbu     a6, 2(t5)
core   0: 3 0x8000084e (0x002f4803) x16 0x000000ef mem 0x80010689
core   0: 0x80000852 (0x9932c513) xori    a0, t0, -1645
core   0: 3 0x80000852 (0x9932c513) x10 0xf6f5b6a8
core   0: 0x80000856 (0x47228813) addi    a6, t0, 1138
core   0: 3 0x80000856 (0x47228813) x16 0x090a53ad
core   0: 0x8000085a (0x001f1803) lh      a6, 1(t5)
core   0: 3 0x8000085a (0x001f1803) x16 0xffffef49 mem 0x80010688
core   0: 0x8000085e (0x00af01a3) sb      a0, 3(t5)
core   0: 3 0x8000085e (0x00af01a3) mem 0x8001068a 0xa8
core   0: 0x80000862 (0x01ff0223) sb      t6, 4(t5)
core   0: 3 0x80000862 (0x01ff0223) mem 0x8001068b 0x01
core   0: 0x80000866 (0xff1f2803) lw      a6, -15(t5)
core   0: 3 0x80000866 (0xff1f2803) x16 0x9e2ef6e2 mem 0x80010678
core   0: 0x8000086a (0x4182df93) srai    t6, t0, 24
core   0: 3 0x8000086a (0x4182df93) x31 0x00000009
core   0: 0x8000086e (0x01ff0023) sb      t6, 0(t5)
core   0: 3 0x8000086e (0x01ff0023) mem 0x80010687 0x09
core   0: 0x80000872 (0x005f0123) sb      t0, 2(t5)
core   0: 3 0x80000872 (0x005f0123) mem 0x80010689 0x3b
core   0: 0x80000876 (0x00cf0503) lb      a0, 12(t5)
core   0: 3 0x80000876 (0x00cf0503) x10 0x00000041 mem 0x80010693
core   0: 0x8000087a (0x00000001) c.nop
core   0: 3 0x8000087a (0x0001)
core   0: 0x8000087c (0x40a80fb3) sub     t6, a6, a0
core   0: 3 0x8000087c (0x40a80fb3) x31 0x9e2ef6a1
core   0: 0x80000880 (0x010ba833) slt     a6, s7, a6
core   0: 3 0x80000880 (0x010ba833) x16 0x00000000
core   0: 0x80000884 (0xfe5f0b23) sb      t0, -10(t5)
core   0: 3 0x80000884 (0xfe5f0b23) mem 0x8001067d 0x3b
core   0: 0x80000888 (0x000002be) c.slli  t0, 15
core   0: 3 0x80000888 (0x02be) x5  0x279d8000
core   0: 0x8000088a (0x20c22513) slti    a0, tp, 524
core   0: 3 0x8000088a (0x20c22513) x10 0x00000001
core   0: 0x8000088e (0x00ef4b83) lbu     s7, 14(t5)
core   0: 3 0x8000088e (0x00ef4b83) x23 0x00000005 mem 0x80010695
core   0: 0x80000892 (0xff7f0b83) lb      s7, -9(t5)
core   0: 3 0x80000892 (0xff7f0b83) x23 0x00000000 mem 0x8001067e
core   0: 0x80000896 (0x00008d29) c.xor   a0, a0
core   0: 3 0x80000896 (0x8d29) x10 0x00000000
core   0: 0x80000898 (0x003f4503) lbu     a0, 3(t5)
core   0: 3 0x80000898 (0x003f4503) x10 0x000000a8 mem 0x8001068a
core   0: 0x8000089c (0x007f1f83) lh      t6, 7(t5)
core   0: 3 0x8000089c (0x007f1f83) x31 0x00000000 mem 0x8001068e
core   0: 0x800008a0 (0x0120036f) jal     t1, pc + 0x12
core   0: 3 0x800008a0 (0x0120036f) x6  0x800008a4
core   0: 0x800008b2 (0x00003ff5) c.jal   pc - 4
core   0: 3 0x800008b2 (0x3ff5) x1  0x800008b4
core   0: 0x800008ae (0x00002019) c.jal   pc + 6
core   0: 3 0x800008ae (0x2019) x1  0x800008b0
core   0: 0x800008b4 (0x00a0066f) jal     a2, pc + 0xa
core   0: 3 0x800008b4 (0x00a0066f) x12 0x800008b8
core   0: 0x800008be (0x000037ed) c.jal   pc - 22
core   0: 3 0x800008be (0x37ed) x1  0x800008c0
core   0: 0x800008a8 (0x00002801) c.jal   pc + 16
core   0: 3 0x800008a8 (0x2801) x1  0x800008aa
core   0: 0x800008b8 (0x0000b7fd) c.j     pc - 18
core   0: 3 0x800008b8 (0xb7fd)
core   0: 0x800008a6 (0x0000a019) c.j     pc + 6
core   0: 3 0x800008a6 (0xa019)
core   0: 0x800008ac (0x0000bfe5) c.j     pc - 8
core   0: 3 0x800008ac (0xbfe5)
core   0: 0x800008a4 (0x00002819) c.jal   pc + 22
core   0: 3 0x800008a4 (0x2819) x1  0x800008a6
core   0: 0x800008ba (0xff1ff36f) jal     t1, pc - 0x10
core   0: 3 0x800008ba (0xff1ff36f) x6  0x800008be
core   0: 0x800008aa (0x0000a019) c.j     pc + 6
core   0: 3 0x800008aa (0xa019)
core   0: 0x800008b0 (0x00002801) c.jal   pc + 16
core   0: 3 0x800008b0 (0x2801) x1  0x800008b2
core   0: 0x800008c0 (0x02d3a933) mulhsu  s2, t2, a3
core   0: 3 0x800008c0 (0x02d3a933) x18 0x80025ea4
core   0: 0x800008c4 (0x0180036f) jal     t1, pc + 0x18
core   0: 3 0x800008c4 (0x0180036f) x6  0x800008c8
core   0: 0x800008dc (0x0000a009) c.j     pc + 2
core   0: 3 0x800008dc (0xa009)
core   0: 0x800008de (0x00003fed) c.jal   pc - 6
core   0: 3 0x800008de (0x3fed) x1  0x800008e0
core   0: 0x800008d8 (0x0000bfed) c.j     pc - 6
core   0: 3 0x800008d8 (0xbfed)
core   0: 0x800008d2 (0x00002039) c.jal   pc + 14
core   0: 3 0x800008d2 (0x2039) x1  0x800008d4
core   0: 0x800008e0 (0x000037e5) c.jal   pc - 24
core   0: 3 0x800008e0 (0x37e5) x1  0x800008e2
core   0: 0x800008c8 (0x00002809) c.jal   pc + 18
core   0: 3 0x800008c8 (0x2809) x1  0x800008ca
core   0: 0x800008da (0x00003fc5) c.jal   pc - 16
core   0: 3 0x800008da (0x3fc5) x1  0x800008dc
core   0: 0x800008ca (0x0000a029) c.j     pc + 10
core   0: 3 0x800008ca (0xa029)
core   0: 0x800008d4 (0xffdff0ef) jal     pc - 0x4
core   0: 3 0x800008d4 (0xffdff0ef) x1  0x800008d8
core   0: 0x800008d0 (0x0000bff5) c.j     pc - 4
core   0: 3 0x800008d0 (0xbff5)
core   0: 0x800008cc (0x016000ef) jal     pc + 0x16
core   0: 3 0x800008cc (0x016000ef) x1  0x800008d0
core   0: 0x800008e2 (0x02dd30b3) mulhu   ra, s10, a3
core   0: 3 0x800008e2 (0x02dd30b3) x1  0x0000567e
core   0: 0x800008e6 (0x0220036f) jal     t1, pc + 0x22
core   0: 3 0x800008e6 (0x0220036f) x6  0x800008ea
core   0: 0x80000908 (0x010000ef) jal     pc + 0x10
core   0: 3 0x80000908 (0x010000ef) x1  0x8000090c
core   0: 0x80000918 (0xff5ff0ef) jal     pc - 0xc
core   0: 3 0x80000918 (0xff5ff0ef) x1  0x8000091c
core   0: 0x8000090c (0x0000b7c5) c.j     pc - 32
core   0: 3 0x8000090c (0xb7c5)
core   0: 0x800008ec (0x0000282d) c.jal   pc + 58
core   0: 3 0x800008ec (0x282d) x1  0x800008ee
core   0: 0x80000926 (0x0000b7f5) c.j     pc - 20
core   0: 3 0x80000926 (0xb7f5)
core   0: 0x80000912 (0xfedff0ef) jal     pc - 0x14
core   0: 3 0x80000912 (0xfedff0ef) x1  0x80000916
core   0: 0x800008fe (0x0000a01d) c.j     pc + 38
core   0: 3 0x800008fe (0xa01d)
core   0: 0x80000924 (0x0000bfcd) c.j     pc - 14
core   0: 3 0x80000924 (0xbfcd)
core   0: 0x80000916 (0x0000a031) c.j     pc + 12
core   0: 3 0x80000916 (0xa031)
core   0: 0x80000922 (0x00003fe1) c.jal   pc - 40
core   0: 3 0x80000922 (0x3fe1) x1  0x80000924
core   0: 0x800008fa (0xff5ff0ef) jal     pc - 0xc
core   0: 3 0x800008fa (0xff5ff0ef) x1  0x800008fe
core   0: 0x800008ee (0x012000ef) jal     pc + 0x12
core   0: 3 0x800008ee (0x012000ef) x1  0x800008f2
core   0: 0x80000900 (0x0000a831) c.j     pc + 28
core   0: 3 0x80000900 (0xa831)
core   0: 0x8000091c (0x0000bfd9) c.j     pc - 42
core   0: 3 0x8000091c (0xbfd9)
core   0: 0x800008f2 (0xff9ff0ef) jal     pc - 0x8
core   0: 3 0x800008f2 (0xff9ff0ef) x1  0x800008f6
core   0: 0x800008ea (0x0000a031) c.j     pc + 12
core   0: 3 0x800008ea (0xa031)
core   0: 0x800008f6 (0x036000ef) jal     pc + 0x36
core   0: 3 0x800008f6 (0x036000ef) x1  0x800008fa
core   0: 0x8000092c (0x0000bffd) c.j     pc - 2
core   0: 3 0x8000092c (0xbffd)
core   0: 0x8000092a (0x0000bffd) c.j     pc - 2
core   0: 3 0x8000092a (0xbffd)
core   0: 0x80000928 (0x00003fdd) c.jal   pc - 10
core   0: 3 0x80000928 (0x3fdd) x1  0x8000092a
core   0: 0x8000091e (0xfe5ff0ef) jal     pc - 0x1c
core   0: 3 0x8000091e (0xfe5ff0ef) x1  0x80000922
core   0: 0x80000902 (0x0040086f) jal     a6, pc + 0x4
core   0: 3 0x80000902 (0x0040086f) x16 0x80000906
core   0: 0x80000906 (0x0000a025) c.j     pc + 40
core   0: 3 0x80000906 (0xa025)
core   0: 0x8000092e (0x000037cd) c.jal   pc - 30
core   0: 3 0x8000092e (0x37cd) x1  0x80000930
core   0: 0x80000910 (0x0000bffd) c.j     pc - 2
core   0: 3 0x80000910 (0xbffd)
core   0: 0x8000090e (0x0000200d) c.jal   pc + 34
core   0: 3 0x8000090e (0x200d) x1  0x80000910
core   0: 0x80000930 (0x654c0313) addi    t1, s8, 1620
core   0: 3 0x80000930 (0x654c0313) x6  0x00010652
core   0: 0x80000934 (0x00010a17) auipc   s4, 0x10
core   0: 3 0x80000934 (0x00010a17) x20 0x80010934
core   0: 0x80000938 (0x0c1a0a13) addi    s4, s4, 193
core   0: 3 0x80000938 (0x0c1a0a13) x20 0x800109f5
core   0: 0x8000093c (0x00000001) c.nop
core   0: 3 0x8000093c (0x0001)
core   0: 0x8000093e (0xbfaa0023) sb      s10, -1056(s4)
core   0: 3 0x8000093e (0xbfaa0023) mem 0x800105d5 0x7f
core   0: 0x80000942 (0x00008256) c.mv    tp, s5
core   0: 3 0x80000942 (0x8256) x4  0x0000008e
core   0: 0x80000944 (0x517a13a3) sh      s7, 1287(s4)
core   0: 3 0x80000944 (0x517a13a3) mem 0x80010efc 0x0000
core   0: 0x80000948 (0x030a28b3) mulhsu  a7, s4, a6
core   0: 3 0x80000948 (0x030a28b3) x17 0xc0008077
core   0: 0x8000094c (0x5a7a0c03) lb      s8, 1447(s4)
core   0: 3 0x8000094c (0x5a7a0c03) x24 0xffffff95 mem 0x80010f9c
core   0: 0x80000950 (0xad4a4583) lbu     a1, -1324(s4)
core   0: 3 0x80000950 (0xad4a4583) x11 0x0000002d mem 0x800104c9
core   0: 0x80000954 (0x138a0683) lb      a3, 312(s4)
core   0: 3 0x80000954 (0x138a0683) x13 0x00000035 mem 0x80010b2d
core   0: 0x80000958 (0x588b2093) slti    ra, s6, 1416
core   0: 3 0x80000958 (0x588b2093) x1  0x00000001
core   0: 0x8000095c (0x02d07533) remu    a0, zero, a3
core   0: 3 0x8000095c (0x02d07533) x10 0x00000000
core   0: 0x80000960 (0x012fcab3) xor     s5, t6, s2
core   0: 3 0x80000960 (0x012fcab3) x21 0x80025ea4
core   0: 0x80000964 (0x187a1e83) lh      t4, 391(s4)
core   0: 3 0x80000964 (0x187a1e83) x29 0xffffe040 mem 0x80010b7c
core   0: 0x80000968 (0x939a05a3) sb      s9, -1749(s4)
core   0: 3 0x80000968 (0x939a05a3) mem 0x80010320 0x7f
core   0: 0x8000096c (0xc54a0183) lb      gp, -940(s4)
core   0: 3 0x8000096c (0xc54a0183) x3  0xffffff83 mem 0x80010649
core   0: 0x80000970 (0x02fa2583) lw      a1, 47(s4)
core   0: 3 0x80000970 (0x02fa2583) x11 0xa9c3b14d mem 0x80010a24
core   0: 0x80000974 (0x00008e8d) c.sub   a3, a1
core   0: 3 0x80000974 (0x8e8d) x13 0x563c4ee8
core   0: 0x80000976 (0x00008d69) c.and   a0, a0
core   0: 3 0x80000976 (0x8d69) x10 0x00000000
core   0: 0x80000978 (0x43ba27a3) sw      s11, 1071(s4)
core   0: 3 0x80000978 (0x43ba27a3) mem 0x80010e24 0x80019ed8
core   0: 0x8000097c (0xcd6f8993) addi    s3, t6, -810
core   0: 3 0x8000097c (0xcd6f8993) x19 0xfffffcd6
core   0: 0x80000980 (0xa91a0ca3) sb      a7, -1383(s4)
core   0: 3 0x80000980 (0xa91a0ca3) mem 0x8001048e 0x77
core   0: 0x80000984 (0xe70a0a83) lb      s5, -400(s4)
core   0: 3 0x80000984 (0xe70a0a83) x21 0xffffffb8 mem 0x80010865
core   0: 0x80000988 (0x25ea4603) lbu     a2, 606(s4)
core   0: 3 0x80000988 (0x25ea4603) x12 0x000000fe mem 0x80010c53
core   0: 0x8000098c (0xf95a5683) lhu     a3, -107(s4)
core   0: 3 0x8000098c (0xf95a5683) x13 0x00004da6 mem 0x8001098a
core   0: 0x80000990 (0x28ba0d03) lb      s10, 651(s4)
core   0: 3 0x80000990 (0x28ba0d03) x26 0xffffffc2 mem 0x80010c80
core   0: 0x80000994 (0xce2a0a23) sb      sp, -780(s4)
core   0: 3 0x80000994 (0xce2a0a23) mem 0x800106e9 0x24
core   0: 0x80000998 (0x9fba0323) sb      s11, -1562(s4)
core   0: 3 0x80000998 (0x9fba0323) mem 0x800103db 0xd8
core   0: 0x8000099c (0x0c7a5303) lhu     t1, 199(s4)
core   0: 3 0x8000099c (0x0c7a5303) x6  0x0000f9ae mem 0x80010abc
core   0: 0x800009a0 (0xeaaa4883) lbu     a7, -342(s4)
core   0: 3 0x800009a0 (0xeaaa4883) x17 0x000000ff mem 0x8001089f
core   0: 0x800009a4 (0x01de9233) sll     tp, t4, t4
core   0: 3 0x800009a4 (0x01de9233) x4  0xffffe040
core   0: 0x800009a8 (0x00000869) c.addi  a6, 26
core   0: 3 0x800009a8 (0x0869) x16 0x80000920
core   0: 0x800009aa (0x000081ea) c.mv    gp, s10
core   0: 3 0x800009aa (0x81ea) x3  0xffffffc2
core   0: 0x800009ac (0x632a4a83) lbu     s5, 1586(s4)
core   0: 3 0x800009ac (0x632a4a83) x21 0x00000078 mem 0x80011027
core   0: 0x800009b0 (0x550a4d03) lbu     s10, 1360(s4)
core   0: 3 0x800009b0 (0x550a4d03) x26 0x00000046 mem 0x80010f45
core   0: 0x800009b4 (0x00008f4d) c.or    a4, a1
core   0: 3 0x800009b4 (0x8f4d) x14 0xa9c3b1df
core   0: 0x800009b6 (0xc9ca2fa3) sw      t3, -865(s4)
core   0: 3 0x800009b6 (0xc9ca2fa3) mem 0x80010694 0x00000020
core   0: 0x800009ba (0x806a0303) lb      t1, -2042(s4)
core   0: 3 0x800009ba (0x806a0303) x6  0x00000045 mem 0x800101fb
core   0: 0x800009be (0x000051fd) c.li    gp, -1
core   0: 3 0x800009be (0x51fd) x3  0xffffffff
core   0: 0x800009c0 (0x9b8a4203) lbu     tp, -1608(s4)
core   0: 3 0x800009c0 (0x9b8a4203) x4  0x0000003e mem 0x800103ad
core   0: 0x800009c4 (0x19da18a3) sh      t4, 401(s4)
core   0: 3 0x800009c4 (0x19da18a3) mem 0x80010b86 0xe040
core   0: 0x800009c8 (0x297a2f83) lw      t6, 663(s4)
core   0: 3 0x800009c8 (0x297a2f83) x31 0x55586e22 mem 0x80010c8c
core   0: 0x800009cc (0x60aa0683) lb      a3, 1546(s4)
core   0: 3 0x800009cc (0x60aa0683) x13 0x00000046 mem 0x80010fff
core   0: 0x800009d0 (0xeb6a4b03) lbu     s6, -330(s4)
core   0: 3 0x800009d0 (0xeb6a4b03) x22 0x00000084 mem 0x800108ab
core   0: 0x800009d4 (0xe27a5303) lhu     t1, -473(s4)
core   0: 3 0x800009d4 (0xe27a5303) x6  0x00004f80 mem 0x8001081c
core   0: 0x800009d8 (0x00005665) c.li    a2, -7
core   0: 3 0x800009d8 (0x5665) x12 0xfffffff9
core   0: 0x800009da (0x00008dcd) c.or    a1, a1
core   0: 3 0x800009da (0x8dcd) x11 0xa9c3b14d
core   0: 0x800009dc (0x0334f933) remu    s2, s1, s3
core   0: 3 0x800009dc (0x0334f933) x18 0x00000000
core   0: 0x800009e0 (0x00004e11) c.li    t3, 4
core   0: 3 0x800009e0 (0x4e11) x28 0x00000004
core   0: 0x800009e2 (0x00004f69) c.li    t5, 26
core   0: 3 0x800009e2 (0x4f69) x30 0x0000001a
core   0: 0x800009e4 (0x0138df33) srl     t5, a7, s3
core   0: 3 0x800009e4 (0x0138df33) x30 0x00000000
core   0: 0x800009e8 (0x00000629) c.addi  a2, 10
core   0: 3 0x800009e8 (0x0629) x12 0x00000003
core   0: 0x800009ea (0x000056f9) c.li    a3, -2
core   0: 3 0x800009ea (0x56f9) x13 0xfffffffe
core   0: 0x800009ec (0x000048a1) c.li    a7, 8
core   0: 3 0x800009ec (0x48a1) x17 0x00000008
core   0: 0x800009ee (0x00008f79) c.and   a4, a4
core   0: 3 0x800009ee (0x8f79) x14 0xa9c3b1df
core   0: 0x800009f0 (0x018f0733) add     a4, t5, s8
core   0: 3 0x800009f0 (0x018f0733) x14 0xffffff95
core   0: 0x800009f4 (0x000006a9) c.addi  a3, 10
core   0: 3 0x800009f4 (0x06a9) x13 0x00000008
core   0: 0x800009f6 (0xff169ce3) bne     a3, a7, pc - 8
core   0: 3 0x800009f6 (0xff169ce3)
core   0: 0x800009fa (0xffc644e3) blt     a2, t3, pc - 24
core   0: 3 0x800009fa (0xffc644e3)
core   0: 0x800009e2 (0x00004f69) c.li    t5, 26
core   0: 3 0x800009e2 (0x4f69) x30 0x0000001a
core   0: 0x800009e4 (0x0138df33) srl     t5, a7, s3
core   0: 3 0x800009e4 (0x0138df33) x30 0x00000000
core   0: 0x800009e8 (0x00000629) c.addi  a2, 10
core   0: 3 0x800009e8 (0x0629) x12 0x0000000d
core   0: 0x800009ea (0x000056f9) c.li    a3, -2
core   0: 3 0x800009ea (0x56f9) x13 0xfffffffe
core   0: 0x800009ec (0x000048a1) c.li    a7, 8
core   0: 3 0x800009ec (0x48a1) x17 0x00000008
core   0: 0x800009ee (0x00008f79) c.and   a4, a4
core   0: 3 0x800009ee (0x8f79) x14 0xffffff95
core   0: 0x800009f0 (0x018f0733) add     a4, t5, s8
core   0: 3 0x800009f0 (0x018f0733) x14 0xffffff95
core   0: 0x800009f4 (0x000006a9) c.addi  a3, 10
core   0: 3 0x800009f4 (0x06a9) x13 0x00000008
core   0: 0x800009f6 (0xff169ce3) bne     a3, a7, pc - 8
core   0: 3 0x800009f6 (0xff169ce3)
core   0: 0x800009fa (0xffc644e3) blt     a2, t3, pc - 24
core   0: 3 0x800009fa (0xffc644e3)
core   0: 0x800009fe (0x00008d69) c.and   a0, a0
core   0: 3 0x800009fe (0x8d69) x10 0x00000000
core   0: 0x80000a00 (0x0120036f) jal     t1, pc + 0x12
core   0: 3 0x80000a00 (0x0120036f) x6  0x80000a04
core   0: 0x80000a12 (0x0000a029) c.j     pc + 10
core   0: 3 0x80000a12 (0xa029)
core   0: 0x80000a1c (0x0000a021) c.j     pc + 8
core   0: 3 0x80000a1c (0xa021)
core   0: 0x80000a24 (0x00a0036f) jal     t1, pc + 0xa
core   0: 3 0x80000a24 (0x00a0036f) x6  0x80000a28
core   0: 0x80000a2e (0x0000bff5) c.j     pc - 4
core   0: 3 0x80000a2e (0xbff5)
core   0: 0x80000a2a (0x00003fe5) c.jal   pc - 8
core   0: 3 0x80000a2a (0x3fe5) x1  0x80000a2c
core   0: 0x80000a22 (0x000037dd) c.jal   pc - 26
core   0: 3 0x80000a22 (0x37dd) x1  0x80000a24
core   0: 0x80000a08 (0x00e000ef) jal     pc + 0xe
core   0: 3 0x80000a08 (0x00e000ef) x1  0x80000a0c
core   0: 0x80000a16 (0x016000ef) jal     pc + 0x16
core   0: 3 0x80000a16 (0x016000ef) x1  0x80000a1a
core   0: 0x80000a2c (0x00002011) c.jal   pc + 4
core   0: 3 0x80000a2c (0x2011) x1  0x80000a2e
core   0: 0x80000a30 (0x000037ed) c.jal   pc - 22
core   0: 3 0x80000a30 (0x37ed) x1  0x80000a32
core   0: 0x80000a1a (0x00003fdd) c.jal   pc - 10
core   0: 3 0x80000a1a (0x3fdd) x1  0x80000a1c
core   0: 0x80000a10 (0x00003fdd) c.jal   pc - 10
core   0: 3 0x80000a10 (0x3fdd) x1  0x80000a12
core   0: 0x80000a06 (0x00003ffd) c.jal   pc - 2
core   0: 3 0x80000a06 (0x3ffd) x1  0x80000a08
core   0: 0x80000a04 (0x0000a015) c.j     pc + 36
core   0: 3 0x80000a04 (0xa015)
core   0: 0x80000a28 (0x00003fdd) c.jal   pc - 10
core   0: 3 0x80000a28 (0x3fdd) x1  0x80000a2a
core   0: 0x80000a1e (0xfefffa6f) jal     s4, pc - 0x12
core   0: 3 0x80000a1e (0xfefffa6f) x20 0x80000a22
core   0: 0x80000a0c (0x00002009) c.jal   pc + 2
core   0: 3 0x80000a0c (0x2009) x1  0x80000a0e
core   0: 0x80000a0e (0x00002019) c.jal   pc + 6
core   0: 3 0x80000a0e (0x2019) x1  0x80000a10
core   0: 0x80000a14 (0x00002839) c.jal   pc + 30
core   0: 3 0x80000a14 (0x2839) x1  0x80000a16
core   0: 0x80000a32 (0x0000886a) c.mv    a6, s10
core   0: 3 0x80000a32 (0x886a) x16 0x00000046
core   0: 0x80000a34 (0x00017197) auipc   gp, 0x17
core   0: 3 0x80000a34 (0x00017197) x3  0x80017a34
core   0: 0x80000a38 (0x8e218193) addi    gp, gp, -1822
core   0: 3 0x80000a38 (0x8e218193) x3  0x80017316
core   0: 0x80000a3c (0x41a7d2b3) sra     t0, a5, s10
core   0: 3 0x80000a3c (0x41a7d2b3) x5  0xfe000000
core   0: 0x80000a40 (0x03118c23) sb      a7, 56(gp)
core   0: 3 0x80000a40 (0x03118c23) mem 0x8001734e 0x08
core   0: 0x80000a44 (0x01d1c003) lbu     zero, 29(gp)
core   0: 3 0x80000a44 (0x01d1c003) mem 0x80017333
core   0: 0x80000a48 (0x010f0fb3) add     t6, t5, a6
core   0: 3 0x80000a48 (0x010f0fb3) x31 0x00000046
core   0: 0x80000a4c (0x0c8d7e93) andi    t4, s10, 200
core   0: 3 0x80000a4c (0x0c8d7e93) x29 0x00000040
core   0: 0x80000a50 (0x0030ca33) xor     s4, ra, gp
core   0: 3 0x80000a50 (0x0030ca33) x20 0x00017900
core   0: 0x80000a54 (0x00c18ba3) sb      a2, 23(gp)
core   0: 3 0x80000a54 (0x00c18ba3) mem 0x8001732d 0x0d
core   0: 0x80000a58 (0xfef185a3) sb      a5, -21(gp)
core   0: 3 0x80000a58 (0xfef185a3) mem 0x80017301 0x00
core   0: 0x80000a5c (0x00401bb3) sll     s7, zero, tp
core   0: 3 0x80000a5c (0x00401bb3) x23 0x00000000
core   0: 0x80000a60 (0xffd1c583) lbu     a1, -3(gp)
core   0: 3 0x80000a60 (0xffd1c583) x11 0x0000008b mem 0x80017313
core   0: 0x80000a64 (0xffd18903) lb      s2, -3(gp)
core   0: 3 0x80000a64 (0xffd18903) x18 0xffffff8b mem 0x80017313
core   0: 0x80000a68 (0xffd18f03) lb      t5, -3(gp)
core   0: 3 0x80000a68 (0xffd18f03) x30 0xffffff8b mem 0x80017313
core   0: 0x80000a6c (0xff518903) lb      s2, -11(gp)
core   0: 3 0x80000a6c (0xff518903) x18 0xffffffab mem 0x8001730b
core   0: 0x80000a70 (0x7adcc9b7) lui     s3, 0x7adcc
core   0: 3 0x80000a70 (0x7adcc9b7) x19 0x7adcc000
core   0: 0x80000a74 (0xfe21ad23) sw      sp, -6(gp)
core   0: 3 0x80000a74 (0xfe21ad23) mem 0x80017310 0x80029d24
core   0: 0x80000a78 (0x51567b93) andi    s7, a2, 1301
core   0: 3 0x80000a78 (0x51567b93) x23 0x00000005
core   0: 0x80000a7c (0xfc61ac03) lw      s8, -58(gp)
core   0: 3 0x80000a7c (0xfc61ac03) x24 0x3cd07e71 mem 0x800172dc
core   0: 0x80000a80 (0xfc618da3) sb      t1, -37(gp)
core   0: 3 0x80000a80 (0xfc618da3) mem 0x800172f1 0x28
core   0: 0x80000a84 (0x00014497) auipc   s1, 0x14
core   0: 3 0x80000a84 (0x00014497) x9  0x80014a84
core   0: 0x80000a88 (0xc3648493) addi    s1, s1, -970
core   0: 3 0x80000a88 (0xc3648493) x9  0x800146ba
core   0: 0x80000a8c (0x0ba49883) lh      a7, 186(s1)
core   0: 3 0x80000a8c (0x0ba49883) x17 0x0000325f mem 0x80014774
core   0: 0x80000a90 (0xbf148283) lb      t0, -1039(s1)
core   0: 3 0x80000a90 (0xbf148283) x5  0xfffffff0 mem 0x800142ab
core   0: 0x80000a94 (0x8b0e0293) addi    t0, t3, -1872
core   0: 3 0x80000a94 (0x8b0e0293) x5  0xfffff8b4
core   0: 0x80000a98 (0x023b1333) mulh    t1, s6, gp
core   0: 3 0x80000a98 (0x023b1333) x6  0xffffffbe
core   0: 0x80000a9c (0xbf148803) lb      a6, -1039(s1)
core   0: 3 0x80000a9c (0xbf148803) x16 0xfffffff0 mem 0x800142ab
core   0: 0x80000aa0 (0x15149823) sh      a7, 336(s1)
core   0: 3 0x80000aa0 (0x15149823) mem 0x8001480a 0x325f
core   0: 0x80000aa4 (0x15049183) lh      gp, 336(s1)
core   0: 3 0x80000aa4 (0x15049183) x3  0x0000325f mem 0x8001480a
core   0: 0x80000aa8 (0xa2c49c03) lh      s8, -1492(s1)
core   0: 3 0x80000aa8 (0xa2c49c03) x24 0xffffa4e3 mem 0x800140e6
core   0: 0x80000aac (0x4b748d83) lb      s11, 1207(s1)
core   0: 3 0x80000aac (0x4b748d83) x27 0x00000065 mem 0x80014b71
core   0: 0x80000ab0 (0x9334cc83) lbu     s9, -1741(s1)
core   0: 3 0x80000ab0 (0x9334cc83) x25 0x000000d5 mem 0x80013fed
core   0: 0x80000ab4 (0x9334cd83) lbu     s11, -1741(s1)
core   0: 3 0x80000ab4 (0x9334cd83) x27 0x000000d5 mem 0x80013fed
core   0: 0x80000ab8 (0x9334cc03) lbu     s8, -1741(s1)
core   0: 3 0x80000ab8 (0x9334cc03) x24 0x000000d5 mem 0x80013fed
core   0: 0x80000abc (0x63049683) lh      a3, 1584(s1)
core   0: 3 0x80000abc (0x63049683) x13 0x00002f1b mem 0x80014cea
core   0: 0x80000ac0 (0x00000001) c.nop
core   0: 3 0x80000ac0 (0x0001)
core   0: 0x80000ac2 (0x6304c203) lbu     tp, 1584(s1)
core   0: 3 0x80000ac2 (0x6304c203) x4  0x0000001b mem 0x80014cea
core   0: 0x80000ac6 (0x6304dd03) lhu     s10, 1584(s1)
core   0: 3 0x80000ac6 (0x6304dd03) x26 0x00002f1b mem 0x80014cea
core   0: 0x80000aca (0x32f4c703) lbu     a4, 815(s1)
core   0: 3 0x80000aca (0x32f4c703) x14 0x000000ec mem 0x800149e9
core   0: 0x80000ace (0xe3449983) lh      s3, -460(s1)
core   0: 3 0x80000ace (0xe3449983) x19 0x00000a75 mem 0x800144ee
core   0: 0x80000ad2 (0x0824ad23) sw      sp, 154(s1)
core   0: 3 0x80000ad2 (0x0824ad23) mem 0x80014754 0x80029d24
core   0: 0x80000ad6 (0x09a4d983) lhu     s3, 154(s1)
core   0: 3 0x80000ad6 (0x09a4d983) x19 0x00009d24 mem 0x80014754
core   0: 0x80000ada (0x01f04db3) xor     s11, zero, t6
core   0: 3 0x80000ada (0x01f04db3) x27 0x00000046
core   0: 0x80000ade (0xe2a4db83) lhu     s7, -470(s1)
core   0: 3 0x80000ade (0xe2a4db83) x23 0x0000b60e mem 0x800144e4
core   0: 0x80000ae2 (0xe2a49503) lh      a0, -470(s1)
core   0: 3 0x80000ae2 (0xe2a49503) x10 0xffffb60e mem 0x800144e4
core   0: 0x80000ae6 (0x00020f17) auipc   t5, 0x20
core   0: 3 0x80000ae6 (0x00020f17) x30 0x80020ae6
core   0: 0x80000aea (0xb39f0f13) addi    t5, t5, -1223
core   0: 3 0x80000aea (0xb39f0f13) x30 0x8002061f
core   0: 0x80000aee (0x030d4fb3) div     t6, s10, a6
core   0: 3 0x80000aee (0x030d4fb3) x31 0xfffffd0f
core   0: 0x80000af2 (0x00008c51) c.or    s0, a2
core   0: 3 0x80000af2 (0x8c51) x8  0x000000ad
core   0: 0x80000af4 (0x01dee733) or      a4, t4, t4
core   0: 3 0x80000af4 (0x01dee733) x14 0x00000040
core   0: 0x80000af8 (0x003f4483) lbu     s1, 3(t5)
core   0: 3 0x80000af8 (0x003f4483) x9  0x000000dc mem 0x80020622
core   0: 0x80000afc (0x41ae51b3) sra     gp, t3, s10
core   0: 3 0x80000afc (0x41ae51b3) x3  0x00000000
core   0: 0x80000b00 (0x00adecb3) or      s9, s11, a0
core   0: 3 0x80000b00 (0x00adecb3) x25 0xffffb64e
core   0: 0x80000b04 (0x01c9dbb3) srl     s7, s3, t3
core   0: 3 0x80000b04 (0x01c9dbb3) x23 0x000009d2
core   0: 0x80000b08 (0x010f0203) lb      tp, 16(t5)
core   0: 3 0x80000b08 (0x010f0203) x4  0xffffffb1 mem 0x8002062f
core   0: 0x80000b0c (0x013365b3) or      a1, t1, s3
core   0: 3 0x80000b0c (0x013365b3) x11 0xffffffbe
core   0: 0x80000b10 (0x02030bb3) mul     s7, t1, zero
core   0: 3 0x80000b10 (0x02030bb3) x23 0x00000000
core   0: 0x80000b14 (0x00000001) c.nop
core   0: 3 0x80000b14 (0x0001)
core   0: 0x80000b16 (0x00000a4a) c.slli  s4, 18
core   0: 3 0x80000b16 (0x0a4a) x20 0xe4000000
core   0: 0x80000b18 (0x003f0d83) lb      s11, 3(t5)
core   0: 3 0x80000b18 (0x003f0d83) x27 0xffffffdc mem 0x80020622
core   0: 0x80000b1c (0x00000001) c.nop
core   0: 3 0x80000b1c (0x0001)
core   0: 0x80000b1e (0x19816e97) auipc   t4, 0x19816
core   0: 3 0x80000b1e (0x19816e97) x29 0x99816b1e
core   0: 0x80000b22 (0x01cf0523) sb      t3, 10(t5)
core   0: 3 0x80000b22 (0x01cf0523) mem 0x80020629 0x04
core   0: 0x80000b26 (0x01e455b3) srl     a1, s0, t5
core   0: 3 0x80000b26 (0x01e455b3) x11 0x00000000
core   0: 0x80000b2a (0x009f1e03) lh      t3, 9(t5)
core   0: 3 0x80000b2a (0x009f1e03) x28 0x000004e1 mem 0x80020628
core   0: 0x80000b2e (0x007f4303) lbu     t1, 7(t5)
core   0: 3 0x80000b2e (0x007f4303) x6  0x000000f2 mem 0x80020626
core   0: 0x80000b32 (0xffff5883) lhu     a7, -1(t5)
core   0: 3 0x80000b32 (0xffff5883) x17 0x00000e68 mem 0x8002061e
core   0: 0x80000b36 (0x00008da5) c.xor   a1, s1
core   0: 3 0x80000b36 (0x8da5) x11 0x000000dc
core   0: 0x80000b38 (0xff6f0e03) lb      t3, -10(t5)
core   0: 3 0x80000b38 (0xff6f0e03) x28 0xffffff95 mem 0x80020615
core   0: 0x80000b3c (0x011f0223) sb      a7, 4(t5)
core   0: 3 0x80000b3c (0x011f0223) mem 0x80020623 0x68
core   0: 0x80000b40 (0xffff5583) lhu     a1, -1(t5)
core   0: 3 0x80000b40 (0xffff5583) x11 0x00000e68 mem 0x8002061e
core   0: 0x80000b44 (0x037e9d33) mulh    s10, t4, s7
core   0: 3 0x80000b44 (0x037e9d33) x26 0x00000000
core   0: 0x80000b48 (0x007f4183) lbu     gp, 7(t5)
core   0: 3 0x80000b48 (0x007f4183) x3  0x000000f2 mem 0x80020626
core   0: 0x80000b4c (0x00008f49) c.or    a4, a0
core   0: 3 0x80000b4c (0x8f49) x14 0xffffb64e
core   0: 0x80000b4e (0x401ad293) srai    t0, s5, 1
core   0: 3 0x80000b4e (0x401ad293) x5  0x0000003c
core   0: 0x80000b52 (0xff0f2aa3) sw      a6, -11(t5)
core   0: 3 0x80000b52 (0xff0f2aa3) mem 0x80020614 0xfffffff0
core   0: 0x80000b56 (0x038918b3) mulh    a7, s2, s8
core   0: 3 0x80000b56 (0x038918b3) x17 0xffffffff
core   0: 0x80000b5a (0x007f03a3) sb      t2, 7(t5)
core   0: 3 0x80000b5a (0x007f03a3) mem 0x80020626 0xa4
core   0: 0x80000b5e (0xff5f0683) lb      a3, -11(t5)
core   0: 3 0x80000b5e (0xff5f0683) x13 0xfffffff0 mem 0x80020614
core   0: 0x80000b62 (0x0001fe97) auipc   t4, 0x1f
core   0: 3 0x80000b62 (0x0001fe97) x29 0x8001fb62
core   0: 0x80000b66 (0x137e8e93) addi    t4, t4, 311
core   0: 3 0x80000b66 (0x137e8e93) x29 0x8001fc99
core   0: 0x80000b6a (0xbecec883) lbu     a7, -1044(t4)
core   0: 3 0x80000b6a (0xbecec883) x17 0x000000db mem 0x8001f885
core   0: 0x80000b6e (0x1d5ec583) lbu     a1, 469(t4)
core   0: 3 0x80000b6e (0x1d5ec583) x11 0x000000c9 mem 0x8001fe6e
core   0: 0x80000b72 (0x00001e7d) c.addi  t3, -1
core   0: 3 0x80000b72 (0x1e7d) x28 0xffffff94
core   0: 0x80000b74 (0xd5ee95a3) sh      t5, -693(t4)
core   0: 3 0x80000b74 (0xd5ee95a3) mem 0x8001f9e4 0x061f
core   0: 0x80000b78 (0x358e8983) lb      s3, 856(t4)
core   0: 3 0x80000b78 (0x358e8983) x19 0xffffffc1 mem 0x8001fff1
core   0: 0x80000b7c (0x0365ba33) mulhu   s4, a1, s6
core   0: 3 0x80000b7c (0x0365ba33) x20 0x00000000
core   0: 0x80000b80 (0xf83ea203) lw      tp, -125(t4)
core   0: 3 0x80000b80 (0xf83ea203) x4  0x7cc01785 mem 0x8001fc1c
core   0: 0x80000b84 (0xdade9b03) lh      s6, -595(t4)
core   0: 3 0x80000b84 (0xdade9b03) x22 0xffffee14 mem 0x8001fa46
core   0: 0x80000b88 (0x9ffe8883) lb      a7, -1537(t4)
core   0: 3 0x80000b88 (0x9ffe8883) x17 0xffffffee mem 0x8001f698
core   0: 0x80000b8c (0x00008e89) c.sub   a3, a0
core   0: 3 0x80000b8c (0x8e89) x13 0x000049e2
core   0: 0x80000b8e (0x8f8e8f23) sb      s8, -1794(t4)
core   0: 3 0x80000b8e (0x8f8e8f23) mem 0x8001f597 0xd5
core   0: 0x80000b92 (0x299e9a83) lh      s5, 665(t4)
core   0: 3 0x80000b92 (0x299e9a83) x21 0xffffd4fb mem 0x8001ff32
core   0: 0x80000b96 (0x03ab3993) sltiu   s3, s6, 58
core   0: 3 0x80000b96 (0x03ab3993) x19 0x00000000
core   0: 0x80000b9a (0x0000897a) c.mv    s2, t5
core   0: 3 0x80000b9a (0x897a) x18 0x8002061f
core   0: 0x80000b9c (0x017359b3) srl     s3, t1, s7
core   0: 3 0x80000b9c (0x017359b3) x19 0x000000f2
core   0: 0x80000ba0 (0xed8ec483) lbu     s1, -296(t4)
core   0: 3 0x80000ba0 (0xed8ec483) x9  0x0000000e mem 0x8001fb71
core   0: 0x80000ba4 (0xe72e8c83) lb      s9, -398(t4)
core   0: 3 0x80000ba4 (0xe72e8c83) x25 0xffffffab mem 0x8001fb0b
core   0: 0x80000ba8 (0x02d48d33) mul     s10, s1, a3
core   0: 3 0x80000ba8 (0x02d48d33) x26 0x00040a5c
core   0: 0x80000bac (0x060ec583) lbu     a1, 96(t4)
core   0: 3 0x80000bac (0x060ec583) x11 0x0000000e mem 0x8001fcf9
core   0: 0x80000bb0 (0x0157db93) srli    s7, a5, 21
core   0: 3 0x80000bb0 (0x0157db93) x23 0x00000400
core   0: 0x80000bb4 (0x083e82a3) sb      gp, 133(t4)
core   0: 3 0x80000bb4 (0x083e82a3) mem 0x8001fd1e 0xf2
core   0: 0x80000bb8 (0x00008dbd) c.xor   a1, a5
core   0: 3 0x80000bb8 (0x8dbd) x11 0x8000000e
core   0: 0x80000bba (0x030a59b3) divu    s3, s4, a6
core   0: 3 0x80000bba (0x030a59b3) x19 0x00000000
core   0: 0x80000bbe (0x29ae9ca3) sh      s10, 665(t4)
core   0: 3 0x80000bbe (0x29ae9ca3) mem 0x8001ff32 0x0a5c
core   0: 0x80000bc2 (0x0034b2b3) sltu    t0, s1, gp
core   0: 3 0x80000bc2 (0x0034b2b3) x5  0x00000001
core   0: 0x80000bc6 (0x00008561) c.srai  a0, 24
core   0: 3 0x80000bc6 (0x8561) x10 0xffffffff
core   0: 0x80000bc8 (0xe0ee8683) lb      a3, -498(t4)
core   0: 3 0x80000bc8 (0xe0ee8683) x13 0x00000054 mem 0x8001faa7
core   0: 0x80000bcc (0x00020c97) auipc   s9, 0x20
core   0: 3 0x80000bcc (0x00020c97) x25 0x80020bcc
core   0: 0x80000bd0 (0x1a8c8c93) addi    s9, s9, 424
core   0: 3 0x80000bd0 (0x1a8c8c93) x25 0x80020d74
core   0: 0x80000bd4 (0x00004be1) c.li    s7, 24
core   0: 3 0x80000bd4 (0x4be1) x23 0x00000018
core   0: 0x80000bd6 (0xa58b0bb7) lui     s7, 0xa58b0
core   0: 3 0x80000bd6 (0xa58b0bb7) x23 0xa58b0000
core   0: 0x80000bda (0x00ca1b93) slli    s7, s4, 12
core   0: 3 0x80000bda (0x00ca1b93) x23 0x00000000
core   0: 0x80000bde (0xaa5c8503) lb      a0, -1371(s9)
core   0: 3 0x80000bde (0xaa5c8503) x10 0x00000009 mem 0x80020819
core   0: 0x80000be2 (0x00842533) slt     a0, s0, s0
core   0: 3 0x80000be2 (0x00842533) x10 0x00000000
core   0: 0x80000be6 (0xaebcca03) lbu     s4, -1301(s9)
core   0: 3 0x80000be6 (0xaebcca03) x20 0x0000002e mem 0x8002085f
core   0: 0x80000bea (0xf82cda03) lhu     s4, -126(s9)
core   0: 3 0x80000bea (0xf82cda03) x20 0x00000b7d mem 0x80020cf6
core   0: 0x80000bee (0xb16c82a3) sb      s6, -1275(s9)
core   0: 3 0x80000bee (0xb16c82a3) mem 0x80020879 0x14
core   0: 0x80000bf2 (0x034bdb33) divu    s6, s7, s4
core   0: 3 0x80000bf2 (0x034bdb33) x22 0x00000000
core   0: 0x80000bf6 (0x292c8403) lb      s0, 658(s9)
core   0: 3 0x80000bf6 (0x292c8403) x8  0x0000004f mem 0x80021006
core   0: 0x80000bfa (0x00845433) srl     s0, s0, s0
core   0: 3 0x80000bfa (0x00845433) x8  0x00000000
core   0: 0x80000bfe (0xbb4c8ba3) sb      s4, -1097(s9)
core   0: 3 0x80000bfe (0xbb4c8ba3) mem 0x8002092b 0x7d
core   0: 0x80000c02 (0xf02ccb83) lbu     s7, -254(s9)
core   0: 3 0x80000c02 (0xf02ccb83) x23 0x000000a9 mem 0x80020c76
core   0: 0x80000c06 (0x0aac82a3) sb      a0, 165(s9)
core   0: 3 0x80000c06 (0x0aac82a3) mem 0x80020e19 0x00
core   0: 0x80000c0a (0x00008d29) c.xor   a0, a0
core   0: 3 0x80000c0a (0x8d29) x10 0x00000000
core   0: 0x80000c0c (0x00ab4433) xor     s0, s6, a0
core   0: 3 0x80000c0c (0x00ab4433) x8  0x00000000
core   0: 0x80000c10 (0x036a5bb3) divu    s7, s4, s6
core   0: 3 0x80000c10 (0x036a5bb3) x23 0xffffffff
core   0: 0x80000c14 (0x02bb55b3) divu    a1, s6, a1
core   0: 3 0x80000c14 (0x02bb55b3) x11 0x00000000
core   0: 0x80000c18 (0x154c8503) lb      a0, 340(s9)
core   0: 3 0x80000c18 (0x154c8503) x10 0xfffffff3 mem 0x80020ec8
core   0: 0x80000c1c (0x00009a52) c.add   s4, s4
core   0: 3 0x80000c1c (0x9a52) x20 0x000016fa
core   0: 0x80000c1e (0x00008079) c.srli  s0, 30
core   0: 3 0x80000c1e (0x8079) x8  0x00000000
core   0: 0x80000c20 (0xdadc8b83) lb      s7, -595(s9)
core   0: 3 0x80000c20 (0xdadc8b83) x23 0xffffffca mem 0x80020b21
core   0: 0x80000c24 (0x37856a13) ori     s4, a0, 888
core   0: 3 0x80000c24 (0x37856a13) x20 0xfffffffb
core   0: 0x80000c28 (0x02abb5b3) mulhu   a1, s7, a0
core   0: 3 0x80000c28 (0x02abb5b3) x11 0xffffffbd
core   0: 0x80000c2c (0xb8ac8aa3) sb      a0, -1131(s9)
core   0: 3 0x80000c2c (0xb8ac8aa3) mem 0x80020909 0xf3
core   0: 0x80000c30 (0x837c8fa3) sb      s7, -1985(s9)
core   0: 3 0x80000c30 (0x837c8fa3) mem 0x800205b3 0xca
core   0: 0x80000c34 (0x408b5a13) srai    s4, s6, 8
core   0: 3 0x80000c34 (0x408b5a13) x20 0x00000000
core   0: 0x80000c38 (0x00000001) c.nop
core   0: 3 0x80000c38 (0x0001)
core   0: 0x80000c3a (0xf3ac9a03) lh      s4, -198(s9)
core   0: 3 0x80000c3a (0xf3ac9a03) x20 0x00001611 mem 0x80020cae
core   0: 0x80000c3e (0x00bbba33) sltu    s4, s7, a1
core   0: 3 0x80000c3e (0x00bbba33) x20 0x00000000
core   0: 0x80000c42 (0x40955a13) srai    s4, a0, 9
core   0: 3 0x80000c42 (0x40955a13) x20 0xffffffff
core   0: 0x80000c46 (0x947ccb83) lbu     s7, -1721(s9)
core   0: 3 0x80000c46 (0x947ccb83) x23 0x00000018 mem 0x800206bb
core   0: 0x80000c4a (0x028be433) rem     s0, s7, s0
core   0: 3 0x80000c4a (0x028be433) x8  0x00000018
core   0: 0x80000c4e (0xee3cc503) lbu     a0, -285(s9)
core   0: 3 0x80000c4e (0xee3cc503) x10 0x0000006e mem 0x80020c57
core   0: 0x80000c52 (0x249ccb03) lbu     s6, 585(s9)
core   0: 3 0x80000c52 (0x249ccb03) x22 0x00000004 mem 0x80020fbd
core   0: 0x80000c56 (0x9c87aa17) auipc   s4, 0x9c87a
core   0: 3 0x80000c56 (0x9c87aa17) x20 0x1c87ac56
core   0: 0x80000c5a (0x00008c4d) c.or    s0, a1
core   0: 3 0x80000c5a (0x8c4d) x8  0xffffffbd
core   0: 0x80000c5c (0xabcb2593) slti    a1, s6, -1348
core   0: 3 0x80000c5c (0xabcb2593) x11 0x00000000
core   0: 0x80000c60 (0x0285ba33) mulhu   s4, a1, s0
core   0: 3 0x80000c60 (0x0285ba33) x20 0x00000000
core   0: 0x80000c64 (0x03458a33) mul     s4, a1, s4
core   0: 3 0x80000c64 (0x03458a33) x20 0x00000000
core   0: 0x80000c68 (0x02aa3bb3) mulhu   s7, s4, a0
core   0: 3 0x80000c68 (0x02aa3bb3) x23 0x00000000
core   0: 0x80000c6c (0xf5940a13) addi    s4, s0, -167
core   0: 3 0x80000c6c (0xf5940a13) x20 0xffffff16
core   0: 0x80000c70 (0x00008d09) c.sub   a0, a0
core   0: 3 0x80000c70 (0x8d09) x10 0x00000000
core   0: 0x80000c72 (0xe97c8f23) sb      s7, -354(s9)
core   0: 3 0x80000c72 (0xe97c8f23) mem 0x80020c12 0x00
core   0: 0x80000c76 (0x00010a17) auipc   s4, 0x10
core   0: 3 0x80000c76 (0x00010a17) x20 0x80010c76
core   0: 0x80000c7a (0x315a0a13) addi    s4, s4, 789
core   0: 3 0x80000c7a (0x315a0a13) x20 0x80010f8b
core   0: 0x80000c7e (0x40725213) srai    tp, tp, 7
core   0: 3 0x80000c7e (0x40725213) x4  0x00f9802f
core   0: 0x80000c82 (0x01bf8c33) add     s8, t6, s11
core   0: 3 0x80000c82 (0x01bf8c33) x24 0xfffffceb
core   0: 0x80000c86 (0xfc5a0923) sb      t0, -46(s4)
core   0: 3 0x80000c86 (0xfc5a0923) mem 0x80010f5d 0x01
core   0: 0x80000c8a (0xfd4a0923) sb      s4, -46(s4)
core   0: 3 0x80000c8a (0xfd4a0923) mem 0x80010f5d 0x8b
core   0: 0x80000c8e (0xfcfa0923) sb      a5, -46(s4)
core   0: 3 0x80000c8e (0xfcfa0923) mem 0x80010f5d 0x00
core   0: 0x80000c92 (0xfdda0923) sb      t4, -46(s4)
core   0: 3 0x80000c92 (0xfdda0923) mem 0x80010f5d 0x99
core   0: 0x80000c96 (0x00009c42) c.add   s8, a6
core   0: 3 0x80000c96 (0x9c42) x24 0xfffffcdb
core   0: 0x80000c98 (0x029218b3) mulh    a7, tp, s1
core   0: 3 0x80000c98 (0x029218b3) x17 0x00000000
core   0: 0x80000c9c (0xfdaa0923) sb      s10, -46(s4)
core   0: 3 0x80000c9c (0xfdaa0923) mem 0x80010f5d 0x5c
core   0: 0x80000ca0 (0x01a5d033) srl     zero, a1, s10
core   0: 3 0x80000ca0 (0x01a5d033)
core   0: 0x80000ca4 (0xfd2a0a83) lb      s5, -46(s4)
core   0: 3 0x80000ca4 (0xfd2a0a83) x21 0x0000005c mem 0x80010f5d
core   0: 0x80000ca8 (0xfcba0923) sb      a1, -46(s4)
core   0: 3 0x80000ca8 (0xfcba0923) mem 0x80010f5d 0x00
core   0: 0x80000cac (0x00000001) c.nop
core   0: 3 0x80000cac (0x0001)
core   0: 0x80000cae (0xfd2a4c83) lbu     s9, -46(s4)
core   0: 3 0x80000cae (0xfd2a4c83) x25 0x00000000 mem 0x80010f5d
core   0: 0x80000cb2 (0xfd2a0923) sb      s2, -46(s4)
core   0: 3 0x80000cb2 (0xfd2a0923) mem 0x80010f5d 0x1f
core   0: 0x80000cb6 (0x02a6b9b3) mulhu   s3, a3, a0
core   0: 3 0x80000cb6 (0x02a6b9b3) x19 0x00000000
core   0: 0x80000cba (0xfd2a0c03) lb      s8, -46(s4)
core   0: 3 0x80000cba (0xfd2a0c03) x24 0x0000001f mem 0x80010f5d
core   0: 0x80000cbe (0xfc3a0923) sb      gp, -46(s4)
core   0: 3 0x80000cbe (0xfc3a0923) mem 0x80010f5d 0xf2
core   0: 0x80000cc2 (0x0001d617) auipc   a2, 0x1d
core   0: 3 0x80000cc2 (0x0001d617) x12 0x8001dcc2
core   0: 0x80000cc6 (0xbcb60613) addi    a2, a2, -1077
core   0: 3 0x80000cc6 (0xbcb60613) x12 0x8001d88d
core   0: 0x80000cca (0x00008869) c.andi  s0, 26
core   0: 3 0x80000cca (0x8869) x8  0x00000018
core   0: 0x80000ccc (0x00000001) c.nop
core   0: 3 0x80000ccc (0x0001)
core   0: 0x80000cce (0x01760623) sb      s7, 12(a2)
core   0: 3 0x80000cce (0x01760623) mem 0x8001d899 0x00
core   0: 0x80000cd2 (0x00008a72) c.mv    s4, t3
core   0: 3 0x80000cd2 (0x8a72) x20 0xffffff94
core   0: 0x80000cd4 (0x00000001) c.nop
core   0: 3 0x80000cd4 (0x0001)
core   0: 0x80000cd6 (0xf2060f83) lb      t6, -224(a2)
core   0: 3 0x80000cd6 (0xf2060f83) x31 0x00000036 mem 0x8001d7ad
core   0: 0x80000cda (0x0344b4b3) mulhu   s1, s1, s4
core   0: 3 0x80000cda (0x0344b4b3) x9  0x0000000d
core   0: 0x80000cde (0x0000446d) c.li    s0, 27
core   0: 3 0x80000cde (0x446d) x8  0x0000001b
core   0: 0x80000ce0 (0x41c48a33) sub     s4, s1, t3
core   0: 3 0x80000ce0 (0x41c48a33) x20 0x00000079
core   0: 0x80000ce4 (0x017b9fb3) sll     t6, s7, s7
core   0: 3 0x80000ce4 (0x017b9fb3) x31 0x00000000
core   0: 0x80000ce8 (0x05464b83) lbu     s7, 84(a2)
core   0: 3 0x80000ce8 (0x05464b83) x23 0x000000f8 mem 0x8001d8e1
core   0: 0x80000cec (0x000098fd) c.andi  s1, -1
core   0: 3 0x80000cec (0x98fd) x9  0x0000000d
core   0: 0x80000cee (0x03f61aa3) sh      t6, 53(a2)
core   0: 3 0x80000cee (0x03f61aa3) mem 0x8001d8c2 0x0000
core   0: 0x80000cf2 (0xccf7fa37) lui     s4, 0xccf7f
core   0: 3 0x80000cf2 (0xccf7fa37) x20 0xccf7f000
core   0: 0x80000cf6 (0x009619a3) sh      s1, 19(a2)
core   0: 3 0x80000cf6 (0x009619a3) mem 0x8001d8a0 0x000d
core   0: 0x80000cfa (0x00009472) c.add   s0, t3
core   0: 3 0x80000cfa (0x9472) x8  0xffffffaf
core   0: 0x80000cfc (0x00000001) c.nop
core   0: 3 0x80000cfc (0x0001)
core   0: 0x80000cfe (0x000084c5) c.srai  s1, 17
core   0: 3 0x80000cfe (0x84c5) x9  0x00000000
core   0: 0x80000d00 (0x6d8a6493) ori     s1, s4, 1752
core   0: 3 0x80000d00 (0x6d8a6493) x9  0xccf7f6d8
core   0: 0x80000d04 (0x017625a3) sw      s7, 11(a2)
core   0: 3 0x80000d04 (0x017625a3) mem 0x8001d898 0x000000f8
core   0: 0x80000d08 (0xfb561f83) lh      t6, -75(a2)
core   0: 3 0x80000d08 (0xfb561f83) x31 0xffffc3bf mem 0x8001d842
core   0: 0x80000d0c (0x028a4433) div     s0, s4, s0
core   0: 3 0x80000d0c (0x028a4433) x8  0x00a148e3
core   0: 0x80000d10 (0x2687de17) auipc   t3, 0x2687d
core   0: 3 0x80000d10 (0x2687de17) x28 0xa687dd10
core   0: 0x80000d14 (0x03161483) lh      s1, 49(a2)
core   0: 3 0x80000d14 (0x03161483) x9  0xffff8e6b mem 0x8001d8be
core   0: 0x80000d18 (0x01365483) lhu     s1, 19(a2)
core   0: 3 0x80000d18 (0x01365483) x9  0x0000000d mem 0x8001d8a0
core   0: 0x80000d1c (0x00000fb1) c.addi  t6, 12
core   0: 3 0x80000d1c (0x0fb1) x31 0xffffc3cb
core   0: 0x80000d1e (0xf2762a03) lw      s4, -217(a2)
core   0: 3 0x80000d1e (0xf2762a03) x20 0xc1494dbf mem 0x8001d7b4
core   0: 0x80000d22 (0xf1762483) lw      s1, -233(a2)
core   0: 3 0x80000d22 (0xf1762483) x9  0x878b8060 mem 0x8001d7a4
core   0: 0x80000d26 (0x0d161e03) lh      t3, 209(a2)
core   0: 3 0x80000d26 (0x0d161e03) x28 0xfffff804 mem 0x8001d95e
core   0: 0x80000d2a (0x00011e17) auipc   t3, 0x11
core   0: 3 0x80000d2a (0x00011e17) x28 0x80011d2a
core   0: 0x80000d2e (0xa35e0e13) addi    t3, t3, -1483
core   0: 3 0x80000d2e (0xa35e0e13) x28 0x8001175f
core   0: 0x80000d32 (0x02ce4403) lbu     s0, 44(t3)
core   0: 3 0x80000d32 (0x02ce4403) x8  0x00000026 mem 0x8001178b
core   0: 0x80000d36 (0x00006525) c.lui   a0, 0x9
core   0: 3 0x80000d36 (0x6525) x10 0x00009000
core   0: 0x80000d38 (0xfefe0283) lb      t0, -17(t3)
core   0: 3 0x80000d38 (0xfefe0283) x5  0x0000005d mem 0x8001174e
core   0: 0x80000d3c (0x40555193) srai    gp, a0, 5
core   0: 3 0x80000d3c (0x40555193) x3  0x00000480
core   0: 0x80000d40 (0x2516c193) xori    gp, a3, 593
core   0: 3 0x80000d40 (0x2516c193) x3  0x00000205
core   0: 0x80000d44 (0x00be0e23) sb      a1, 28(t3)
core   0: 3 0x80000d44 (0x00be0e23) mem 0x8001177b 0x00
core   0: 0x80000d48 (0xfcde0f23) sb      a3, -34(t3)
core   0: 3 0x80000d48 (0xfcde0f23) mem 0x8001173d 0x54
core   0: 0x80000d4c (0x025422b3) mulhsu  t0, s0, t0
core   0: 3 0x80000d4c (0x025422b3) x5  0x00000000
core   0: 0x80000d50 (0xfd7e1683) lh      a3, -41(t3)
core   0: 3 0x80000d50 (0xfd7e1683) x13 0x00003a18 mem 0x80011736
core   0: 0x80000d54 (0x00008d0d) c.sub   a0, a1
core   0: 3 0x80000d54 (0x8d0d) x10 0x00009000
core   0: 0x80000d56 (0x00008c69) c.and   s0, a0
core   0: 3 0x80000d56 (0x8c69) x8  0x00000000
core   0: 0x80000d58 (0x1af1b513) sltiu   a0, gp, 431
core   0: 3 0x80000d58 (0x1af1b513) x10 0x00000000
core   0: 0x80000d5c (0x023e18a3) sh      gp, 49(t3)
core   0: 3 0x80000d5c (0x023e18a3) mem 0x80011790 0x0205
core   0: 0x80000d60 (0xfe5e16a3) sh      t0, -19(t3)
core   0: 3 0x80000d60 (0xfe5e16a3) mem 0x8001174c 0x0000
core   0: 0x80000d64 (0x0285a5b3) mulhsu  a1, a1, s0
core   0: 3 0x80000d64 (0x0285a5b3) x11 0x00000000
core   0: 0x80000d68 (0xfcde0403) lb      s0, -51(t3)
core   0: 3 0x80000d68 (0xfcde0403) x8  0xffffffda mem 0x8001172c
core   0: 0x80000d6c (0xfc1e4403) lbu     s0, -63(t3)
core   0: 3 0x80000d6c (0xfc1e4403) x8  0x000000fc mem 0x80011720
core   0: 0x80000d70 (0x00008071) c.srli  s0, 28
core   0: 3 0x80000d70 (0x8071) x8  0x00000000
core   0: 0x80000d72 (0xffde2283) lw      t0, -3(t3)
core   0: 3 0x80000d72 (0xffde2283) x5  0xcbcffdfc mem 0x8001175c
core   0: 0x80000d76 (0x02b442b3) div     t0, s0, a1
core   0: 3 0x80000d76 (0x02b442b3) x5  0xffffffff
core   0: 0x80000d7a (0x0000997d) c.andi  a0, -1
core   0: 3 0x80000d7a (0x997d) x10 0x00000000
core   0: 0x80000d7c (0x02be0523) sb      a1, 42(t3)
core   0: 3 0x80000d7c (0x02be0523) mem 0x80011789 0x00
core   0: 0x80000d80 (0x028292b3) mulh    t0, t0, s0
core   0: 3 0x80000d80 (0x028292b3) x5  0x00000000
core   0: 0x80000d84 (0x000095aa) c.add   a1, a0
core   0: 3 0x80000d84 (0x95aa) x11 0x00000000
core   0: 0x80000d86 (0x0000952a) c.add   a0, a0
core   0: 3 0x80000d86 (0x952a) x10 0x00000000
core   0: 0x80000d88 (0x000046e1) c.li    a3, 24
core   0: 3 0x80000d88 (0x46e1) x13 0x00000018
core   0: 0x80000d8a (0xd2b562b7) lui     t0, 0xd2b56
core   0: 3 0x80000d8a (0xd2b562b7) x5  0xd2b56000
core   0: 0x80000d8e (0xfe5e0fa3) sb      t0, -1(t3)
core   0: 3 0x80000d8e (0xfe5e0fa3) mem 0x8001175e 0x00
core   0: 0x80000d92 (0x02847433) remu    s0, s0, s0
core   0: 3 0x80000d92 (0x02847433) x8  0x00000000
core   0: 0x80000d96 (0x000086b6) c.mv    a3, a3
core   0: 3 0x80000d96 (0x86b6) x13 0x00000018
core   0: 0x80000d98 (0x0000147d) c.addi  s0, -1
core   0: 3 0x80000d98 (0x147d) x8  0xffffffff
core   0: 0x80000d9a (0xfc5e0b23) sb      t0, -42(t3)
core   0: 3 0x80000d9a (0xfc5e0b23) mem 0x80011735 0x00
core   0: 0x80000d9e (0x01de0403) lb      s0, 29(t3)
core   0: 3 0x80000d9e (0x01de0403) x8  0x00000043 mem 0x8001177c
core   0: 0x80000da2 (0x0000419d) c.li    gp, 7
core   0: 3 0x80000da2 (0x419d) x3  0x00000007
core   0: 0x80000da4 (0x000011fd) c.addi  gp, -1
core   0: 3 0x80000da4 (0x11fd) x3  0x00000006
core   0: 0x80000da6 (0x02a592b3) mulh    t0, a1, a0
core   0: 3 0x80000da6 (0x02a592b3) x5  0x00000000
core   0: 0x80000daa (0xfd7e1683) lh      a3, -41(t3)
core   0: 3 0x80000daa (0xfd7e1683) x13 0x00003a18 mem 0x80011736
core   0: 0x80000dae (0x03ce4183) lbu     gp, 60(t3)
core   0: 3 0x80000dae (0x03ce4183) x3  0x00000034 mem 0x8001179b
core   0: 0x80000db2 (0x00000472) c.slli  s0, 28
core   0: 3 0x80000db2 (0x0472) x8  0x30000000
core   0: 0x80000db4 (0xfd2e0683) lb      a3, -46(t3)
core   0: 3 0x80000db4 (0xfd2e0683) x13 0x00000004 mem 0x80011731
core   0: 0x80000db8 (0xfc2e4403) lbu     s0, -62(t3)
core   0: 3 0x80000db8 (0xfc2e4403) x8  0x000000c9 mem 0x80011721
core   0: 0x80000dbc (0x018e0683) lb      a3, 24(t3)
core   0: 3 0x80000dbc (0x018e0683) x13 0x00000031 mem 0x80011777
core   0: 0x80000dc0 (0x02be0323) sb      a1, 38(t3)
core   0: 3 0x80000dc0 (0x02be0323) mem 0x80011785 0x00
core   0: 0x80000dc4 (0x03fe0283) lb      t0, 63(t3)
core   0: 3 0x80000dc4 (0x03fe0283) x5  0x00000053 mem 0x8001179e
core   0: 0x80000dc8 (0xfc3e03a3) sb      gp, -57(t3)
core   0: 3 0x80000dc8 (0xfc3e03a3) mem 0x80011726 0x34
core   0: 0x80000dcc (0x027e5583) lhu     a1, 39(t3)
core   0: 3 0x80000dcc (0x027e5583) x11 0x00002b73 mem 0x80011786
core   0: 0x80000dd0 (0x0200036f) jal     t1, pc + 0x20
core   0: 3 0x80000dd0 (0x0200036f) x6  0x80000dd4
core   0: 0x80000df0 (0x00003ffd) c.jal   pc - 2
core   0: 3 0x80000df0 (0x3ffd) x1  0x80000df2
core   0: 0x80000dee (0x0000bfd5) c.j     pc - 12
core   0: 3 0x80000dee (0xbfd5)
core   0: 0x80000de2 (0x0000202d) c.jal   pc + 42
core   0: 3 0x80000de2 (0x202d) x1  0x80000de4
core   0: 0x80000e0c (0xff9ff0ef) jal     pc - 0x8
core   0: 3 0x80000e0c (0xff9ff0ef) x1  0x80000e10
core   0: 0x80000e04 (0x000037dd) c.jal   pc - 26
core   0: 3 0x80000e04 (0x37dd) x1  0x80000e06
core   0: 0x80000dea (0x01c0036f) jal     t1, pc + 0x1c
core   0: 3 0x80000dea (0x01c0036f) x6  0x80000dee
core   0: 0x80000e06 (0xfdbff0ef) jal     pc - 0x26
core   0: 3 0x80000e06 (0xfdbff0ef) x1  0x80000e0a
core   0: 0x80000de0 (0x00003fd5) c.jal   pc - 12
core   0: 3 0x80000de0 (0x3fd5) x1  0x80000de2
core   0: 0x80000dd4 (0x0000a025) c.j     pc + 40
core   0: 3 0x80000dd4 (0xa025)
core   0: 0x80000dfc (0x0040036f) jal     t1, pc + 0x4
core   0: 3 0x80000dfc (0x0040036f) x6  0x80000e00
core   0: 0x80000e00 (0x00003ff9) c.jal   pc - 34
core   0: 3 0x80000e00 (0x3ff9) x1  0x80000e02
core   0: 0x80000dde (0x00002015) c.jal   pc + 36
core   0: 3 0x80000dde (0x2015) x1  0x80000de0
core   0: 0x80000e02 (0x0000bfd1) c.j     pc - 44
core   0: 3 0x80000e02 (0xbfd1)
core   0: 0x80000dd6 (0x01c000ef) jal     pc + 0x1c
core   0: 3 0x80000dd6 (0x01c000ef) x1  0x80000dda
core   0: 0x80000df2 (0xfe9ff1ef) jal     gp, pc - 0x18
core   0: 3 0x80000df2 (0xfe9ff1ef) x3  0x80000df6
core   0: 0x80000dda (0x00a000ef) jal     pc + 0xa
core   0: 3 0x80000dda (0x00a000ef) x1  0x80000dde
core   0: 0x80000de4 (0x0000a01d) c.j     pc + 38
core   0: 3 0x80000de4 (0xa01d)
core   0: 0x80000e0a (0x00003ff1) c.jal   pc - 36
core   0: 3 0x80000e0a (0x3ff1) x1  0x80000e0c
core   0: 0x80000de6 (0x010000ef) jal     pc + 0x10
core   0: 3 0x80000de6 (0x010000ef) x1  0x80000dea
core   0: 0x80000df6 (0x004000ef) jal     pc + 0x4
core   0: 3 0x80000df6 (0x004000ef) x1  0x80000dfa
core   0: 0x80000dfa (0x0000a819) c.j     pc + 22
core   0: 3 0x80000dfa (0xa819)
core   0: 0x80000e10 (0x026f02b3) mul     t0, t5, t1
core   0: 3 0x80000e10 (0x026f02b3) x5  0x9c55b200
core   0: 0x80000e14 (0x0160036f) jal     t1, pc + 0x16
core   0: 3 0x80000e14 (0x0160036f) x6  0x80000e18
core   0: 0x80000e2a (0x00002801) c.jal   pc + 16
core   0: 3 0x80000e2a (0x2801) x1  0x80000e2c
core   0: 0x80000e3a (0xfdfff2ef) jal     t0, pc - 0x22
core   0: 3 0x80000e3a (0xfdfff2ef) x5  0x80000e3e
core   0: 0x80000e18 (0x0000a821) c.j     pc + 24
core   0: 3 0x80000e18 (0xa821)
core   0: 0x80000e30 (0x0000b7fd) c.j     pc - 18
core   0: 3 0x80000e30 (0xb7fd)
core   0: 0x80000e1e (0x004000ef) jal     pc + 0x4
core   0: 3 0x80000e1e (0x004000ef) x1  0x80000e22
core   0: 0x80000e22 (0x00a004ef) jal     s1, pc + 0xa
core   0: 3 0x80000e22 (0x00a004ef) x9  0x80000e26
core   0: 0x80000e2c (0x00600a6f) jal     s4, pc + 0x6
core   0: 3 0x80000e2c (0x00600a6f) x20 0x80000e30
core   0: 0x80000e32 (0xfe9ff0ef) jal     pc - 0x18
core   0: 3 0x80000e32 (0xfe9ff0ef) x1  0x80000e36
core   0: 0x80000e1a (0x0000a039) c.j     pc + 14
core   0: 3 0x80000e1a (0xa039)
core   0: 0x80000e28 (0x0000a801) c.j     pc + 16
core   0: 3 0x80000e28 (0xa801)
core   0: 0x80000e38 (0x000037fd) c.jal   pc - 18
core   0: 3 0x80000e38 (0x37fd) x1  0x80000e3a
core   0: 0x80000e26 (0x0000a801) c.j     pc + 16
core   0: 3 0x80000e26 (0xa801)
core   0: 0x80000e36 (0x0000b7dd) c.j     pc - 26
core   0: 3 0x80000e36 (0xb7dd)
core   0: 0x80000e1c (0x0000200d) c.jal   pc + 34
core   0: 3 0x80000e1c (0x200d) x1  0x80000e1e
core   0: 0x80000e3e (0x1863af93) slti    t6, t2, 390
core   0: 3 0x80000e3e (0x1863af93) x31 0x00000001
core   0: 0x80000e42 (0x00010697) auipc   a3, 0x10
core   0: 3 0x80000e42 (0x00010697) x13 0x80010e42
core   0: 0x80000e46 (0xa8a68693) addi    a3, a3, -1398
core   0: 3 0x80000e46 (0xa8a68693) x13 0x800108cc
core   0: 0x80000e4a (0xe8069d03) lh      s10, -384(a3)
core   0: 3 0x80000e4a (0xe8069d03) x26 0x000034e2 mem 0x8001074c
core   0: 0x80000e4e (0x037d5a33) divu    s4, s10, s7
core   0: 3 0x80000e4e (0x037d5a33) x20 0x00000036
core   0: 0x80000e52 (0x00000e3e) c.slli  t3, 15
core   0: 3 0x80000e52 (0x0e3e) x28 0x8baf8000
core   0: 0x80000e54 (0x01be15b3) sll     a1, t3, s11
core   0: 3 0x80000e54 (0x01be15b3) x11 0x00000000
core   0: 0x80000e58 (0x034bae33) mulhsu  t3, s7, s4
core   0: 3 0x80000e58 (0x034bae33) x28 0x00000000
core   0: 0x80000e5c (0x02bbb5b3) mulhu   a1, s7, a1
core   0: 3 0x80000e5c (0x02bbb5b3) x11 0x00000000
core   0: 0x80000e60 (0x00008dcd) c.or    a1, a1
core   0: 3 0x80000e60 (0x8dcd) x11 0x00000000
core   0: 0x80000e62 (0x03bbba33) mulhu   s4, s7, s11
core   0: 3 0x80000e62 (0x03bbba33) x20 0x000000f7
core   0: 0x80000e66 (0x00bbda33) srl     s4, s7, a1
core   0: 3 0x80000e66 (0x00bbda33) x20 0x000000f8
core   0: 0x80000e6a (0xccda0593) addi    a1, s4, -819
core   0: 3 0x80000e6a (0xccda0593) x11 0xfffffdc5
core   0: 0x80000e6e (0x00000dfe) c.slli  s11, 31
core   0: 3 0x80000e6e (0x0dfe) x27 0x00000000
core   0: 0x80000e70 (0x1646db83) lhu     s7, 356(a3)
core   0: 3 0x80000e70 (0x1646db83) x23 0x00002b04 mem 0x80010a30
core   0: 0x80000e74 (0x03c5d5b3) divu    a1, a1, t3
core   0: 3 0x80000e74 (0x03c5d5b3) x11 0xffffffff
core   0: 0x80000e78 (0xa236c583) lbu     a1, -1501(a3)
core   0: 3 0x80000e78 (0xa236c583) x11 0x0000006c mem 0x800102ef
core   0: 0x80000e7c (0x8ca68583) lb      a1, -1846(a3)
core   0: 3 0x80000e7c (0x8ca68583) x11 0x0000000b mem 0x80010196
core   0: 0x80000e80 (0x01ca4e33) xor     t3, s4, t3
core   0: 3 0x80000e80 (0x01ca4e33) x28 0x000000f8
core   0: 0x80000e84 (0x4da68d03) lb      s10, 1242(a3)
core   0: 3 0x80000e84 (0x4da68d03) x26 0x00000039 mem 0x80010da6
core   0: 0x80000e88 (0x01ca3bb3) sltu    s7, s4, t3
core   0: 3 0x80000e88 (0x01ca3bb3) x23 0x00000000
core   0: 0x80000e8c (0x034d55b3) divu    a1, s10, s4
core   0: 3 0x80000e8c (0x034d55b3) x11 0x00000000
core   0: 0x80000e90 (0x5cbd2e13) slti    t3, s10, 1483
core   0: 3 0x80000e90 (0x5cbd2e13) x28 0x00000001
core   0: 0x80000e94 (0x00008ded) c.and   a1, a1
core   0: 3 0x80000e94 (0x8ded) x11 0x00000000
core   0: 0x80000e96 (0xfc85ca13) xori    s4, a1, -56
core   0: 3 0x80000e96 (0xfc85ca13) x20 0xffffffc8
core   0: 0x80000e9a (0x1bb6a823) sw      s11, 432(a3)
core   0: 3 0x80000e9a (0x1bb6a823) mem 0x80010a7c 0x00000000
core   0: 0x80000e9e (0x01bd05b3) add     a1, s10, s11
core   0: 3 0x80000e9e (0x01bd05b3) x11 0x00000039
core   0: 0x80000ea2 (0x03ca5bb3) divu    s7, s4, t3
core   0: 3 0x80000ea2 (0x03ca5bb3) x23 0xffffffc8
core   0: 0x80000ea6 (0x00009a72) c.add   s4, t3
core   0: 3 0x80000ea6 (0x9a72) x20 0xffffffc9
core   0: 0x80000ea8 (0x9be6cb83) lbu     s7, -1602(a3)
core   0: 3 0x80000ea8 (0x9be6cb83) x23 0x000000cb mem 0x8001028a
core   0: 0x80000eac (0x00000001) c.nop
core   0: 3 0x80000eac (0x0001)
core   0: 0x80000eae (0xb2b69723) sh      a1, -1234(a3)
core   0: 3 0x80000eae (0xb2b69723) mem 0x800103fa 0x0039
core   0: 0x80000eb2 (0x7336cb83) lbu     s7, 1843(a3)
core   0: 3 0x80000eb2 (0x7336cb83) x23 0x00000046 mem 0x80010fff
core   0: 0x80000eb6 (0xada681a3) sb      s10, -1341(a3)
core   0: 3 0x80000eb6 (0xada681a3) mem 0x8001038f 0x39
core   0: 0x80000eba (0x0080036f) jal     t1, pc + 0x8
core   0: 3 0x80000eba (0x0080036f) x6  0x80000ebe
core   0: 0x80000ec2 (0x0000a029) c.j     pc + 10
core   0: 3 0x80000ec2 (0xa029)
core   0: 0x80000ecc (0x00002039) c.jal   pc + 14
core   0: 3 0x80000ecc (0x2039) x1  0x80000ece
core   0: 0x80000eda (0x00002009) c.jal   pc + 2
core   0: 3 0x80000eda (0x2009) x1  0x80000edc
core   0: 0x80000edc (0x000037f5) c.jal   pc - 20
core   0: 3 0x80000edc (0x37f5) x1  0x80000ede
core   0: 0x80000ec8 (0x0000a009) c.j     pc + 2
core   0: 3 0x80000ec8 (0xa009)
core   0: 0x80000eca (0x0000a811) c.j     pc + 20
core   0: 3 0x80000eca (0xa811)
core   0: 0x80000ede (0x00002019) c.jal   pc + 6
core   0: 3 0x80000ede (0x2019) x1  0x80000ee0
core   0: 0x80000ee4 (0x00003fd5) c.jal   pc - 12
core   0: 3 0x80000ee4 (0x3fd5) x1  0x80000ee6
core   0: 0x80000ed8 (0x00002039) c.jal   pc + 14
core   0: 3 0x80000ed8 (0x2039) x1  0x80000eda
core   0: 0x80000ee6 (0x0000bfe9) c.j     pc - 38
core   0: 3 0x80000ee6 (0xbfe9)
core   0: 0x80000ec0 (0x0000a809) c.j     pc + 18
core   0: 3 0x80000ec0 (0xa809)
core   0: 0x80000ed2 (0x0000bffd) c.j     pc - 2
core   0: 3 0x80000ed2 (0xbffd)
core   0: 0x80000ed0 (0x00003fd5) c.jal   pc - 12
core   0: 3 0x80000ed0 (0x3fd5) x1  0x80000ed2
core   0: 0x80000ec4 (0x00002009) c.jal   pc + 2
core   0: 3 0x80000ec4 (0x2009) x1  0x80000ec6
core   0: 0x80000ec6 (0x0000a021) c.j     pc + 8
core   0: 3 0x80000ec6 (0xa021)
core   0: 0x80000ece (0x0000bfc5) c.j     pc - 16
core   0: 3 0x80000ece (0xbfc5)
core   0: 0x80000ebe (0x0000a00d) c.j     pc + 34
core   0: 3 0x80000ebe (0xa00d)
core   0: 0x80000ee0 (0xff5ff0ef) jal     pc - 0xc
core   0: 3 0x80000ee0 (0xff5ff0ef) x1  0x80000ee4
core   0: 0x80000ed4 (0x01400eef) jal     t4, pc + 0x14
core   0: 3 0x80000ed4 (0x01400eef) x29 0x80000ed8
core   0: 0x80000ee8 (0x6e22c4b7) lui     s1, 0x6e22c
core   0: 3 0x80000ee8 (0x6e22c4b7) x9  0x6e22c000
core   0: 0x80000eec (0x00010c97) auipc   s9, 0x10
core   0: 3 0x80000eec (0x00010c97) x25 0x80010eec
core   0: 0x80000ef0 (0xdf7c8c93) addi    s9, s9, -521
core   0: 3 0x80000ef0 (0xdf7c8c93) x25 0x80010ce3
core   0: 0x80000ef4 (0x0b2c9fa3) sh      s2, 191(s9)
core   0: 3 0x80000ef4 (0x0b2c9fa3) mem 0x80010da2 0x061f
core   0: 0x80000ef8 (0xfd2cc003) lbu     zero, -46(s9)
core   0: 3 0x80000ef8 (0xfd2cc003) mem 0x80010cb5
core   0: 0x80000efc (0xf06c8283) lb      t0, -250(s9)
core   0: 3 0x80000efc (0xf06c8283) x5  0x00000021 mem 0x80010be9
core   0: 0x80000f00 (0x00008cc5) c.or    s1, s1
core   0: 3 0x80000f00 (0x8cc5) x9  0x6e22c000
core   0: 0x80000f02 (0xfa4c8683) lb      a3, -92(s9)
core   0: 3 0x80000f02 (0xfa4c8683) x13 0x00000071 mem 0x80010c87
core   0: 0x80000f06 (0xf06c8223) sb      t1, -252(s9)
core   0: 3 0x80000f06 (0xf06c8223) mem 0x80010be7 0xbe
core   0: 0x80000f0a (0x000000d1) c.addi  ra, 20
core   0: 3 0x80000f0a (0x00d1) x1  0x80000ef8
core   0: 0x80000f0c (0x024604b3) mul     s1, a2, tp
core   0: 3 0x80000f0c (0x024604b3) x9  0x0dc241e3
core   0: 0x80000f10 (0xfddcaf83) lw      t6, -35(s9)
core   0: 3 0x80000f10 (0xfddcaf83) x31 0x26de21e4 mem 0x80010cc0
core   0: 0x80000f14 (0x000094be) c.add   s1, a5
core   0: 3 0x80000f14 (0x94be) x9  0x8dc241e3
core   0: 0x80000f16 (0x0b0c8183) lb      gp, 176(s9)
core   0: 3 0x80000f16 (0x0b0c8183) x3  0xffffff80 mem 0x80010d93
core   0: 0x80000f1a (0x002c2e33) slt     t3, s8, sp
core   0: 3 0x80000f1a (0x002c2e33) x28 0x00000000
core   0: 0x80000f1e (0xf1dc8603) lb      a2, -227(s9)
core   0: 3 0x80000f1e (0xf1dc8603) x12 0xffffffbb mem 0x80010c00
core   0: 0x80000f22 (0xf63c90a3) sh      gp, -159(s9)
core   0: 3 0x80000f22 (0xf63c90a3) mem 0x80010c44 0xff80
core   0: 0x80000f26 (0x015b9f13) slli    t5, s7, 21
core   0: 3 0x80000f26 (0x015b9f13) x30 0x08c00000
core   0: 0x80000f2a (0x0e9cab83) lw      s7, 233(s9)
core   0: 3 0x80000f2a (0x0e9cab83) x23 0xcdbf0077 mem 0x80010dcc
core   0: 0x80000f2e (0x00004b1d) c.li    s6, 7
core   0: 3 0x80000f2e (0x4b1d) x22 0x00000007
core   0: 0x80000f30 (0x0000927a) c.add   tp, t5
core   0: 3 0x80000f30 (0x927a) x4  0x09b9802f
core   0: 0x80000f32 (0x083cd303) lhu     t1, 131(s9)
core   0: 3 0x80000f32 (0x083cd303) x6  0x0000c184 mem 0x80010d66
core   0: 0x80000f36 (0xf2ec92a3) sh      a4, -219(s9)
core   0: 3 0x80000f36 (0xf2ec92a3) mem 0x80010c08 0xb64e
core   0: 0x80000f3a (0xf11c8f23) sb      a7, -226(s9)
core   0: 3 0x80000f3a (0xf11c8f23) mem 0x80010c01 0x00
core   0: 0x80000f3e (0x0c8c8203) lb      tp, 200(s9)
core   0: 3 0x80000f3e (0x0c8c8203) x4  0x00000000 mem 0x80010dab
core   0: 0x80000f42 (0x091c9303) lh      t1, 145(s9)
core   0: 3 0x80000f42 (0x091c9303) x6  0x0000165b mem 0x80010d74
core   0: 0x80000f46 (0x00000e9e) c.slli  t4, 7
core   0: 3 0x80000f46 (0x0e9e) x29 0x00076c00
core   0: 0x80000f48 (0x00008d65) c.and   a0, s1
core   0: 3 0x80000f48 (0x8d65) x10 0x00000000
core   0: 0x80000f4a (0x00bc9b83) lh      s7, 11(s9)
core   0: 3 0x80000f4a (0x00bc9b83) x23 0xffff83c9 mem 0x80010cee
core   0: 0x80000f4e (0x0b2c8303) lb      t1, 178(s9)
core   0: 3 0x80000f4e (0x0b2c8303) x6  0x0000007d mem 0x80010d95
core   0: 0x80000f52 (0xf1bccf03) lbu     t5, -229(s9)
core   0: 3 0x80000f52 (0xf1bccf03) x30 0x000000e5 mem 0x80010bfe
core   0: 0x80000f56 (0xf84c9da3) sh      tp, -101(s9)
core   0: 3 0x80000f56 (0xf84c9da3) mem 0x80010c7e 0x0000
core   0: 0x80000f5a (0xe4a37a93) andi    s5, t1, -438
core   0: 3 0x80000f5a (0xe4a37a93) x21 0x00000048
core   0: 0x80000f5e (0x00008f49) c.or    a4, a0
core   0: 3 0x80000f5e (0x8f49) x14 0xffffb64e
core   0: 0x80000f60 (0xfa7cc203) lbu     tp, -89(s9)
core   0: 3 0x80000f60 (0xfa7cc203) x4  0x00000025 mem 0x80010c8a
core   0: 0x80000f64 (0x4780ee13) ori     t3, ra, 1144
core   0: 3 0x80000f64 (0x4780ee13) x28 0x80000ef8
core   0: 0x80000f68 (0x02e9deb3) divu    t4, s3, a4
core   0: 3 0x80000f68 (0x02e9deb3) x29 0x00000000
core   0: 0x80000f6c (0x0a3c8083) lb      ra, 163(s9)
core   0: 3 0x80000f6c (0x0a3c8083) x1  0x0000001e mem 0x80010d86
core   0: 0x80000f70 (0x00009e5e) c.add   t3, s7
core   0: 3 0x80000f70 (0x9e5e) x28 0x7fff92c1
core   0: 0x80000f72 (0x00008662) c.mv    a2, s8
core   0: 3 0x80000f72 (0x8662) x12 0x0000001f
core   0: 0x80000f74 (0xfd7c9983) lh      s3, -41(s9)
core   0: 3 0x80000f74 (0xfd7c9983) x19 0xffffe42b mem 0x80010cba
core   0: 0x80000f78 (0xf1ecce03) lbu     t3, -226(s9)
core   0: 3 0x80000f78 (0xf1ecce03) x28 0x00000000 mem 0x80010c01
core   0: 0x80000f7c (0x05fc9d83) lh      s11, 95(s9)
core   0: 3 0x80000f7c (0x05fc9d83) x27 0xffff959e mem 0x80010d42
core   0: 0x80000f80 (0x00017817) auipc   a6, 0x17
core   0: 3 0x80000f80 (0x00017817) x16 0x80017f80
core   0: 0x80000f84 (0x2e280813) addi    a6, a6, 738
core   0: 3 0x80000f84 (0x2e280813) x16 0x80018262
core   0: 0x80000f88 (0xfed80b83) lb      s7, -19(a6)
core   0: 3 0x80000f88 (0xfed80b83) x23 0xffffffee mem 0x8001824f
core   0: 0x80000f8c (0x00000001) c.nop
core   0: 3 0x80000f8c (0x0001)
core   0: 0x80000f8e (0x00000001) c.nop
core   0: 3 0x80000f8e (0x0001)
core   0: 0x80000f90 (0xfed80003) lb      zero, -19(a6)
core   0: 3 0x80000f90 (0xfed80003) mem 0x8001824f
core   0: 0x80000f94 (0x03584583) lbu     a1, 53(a6)
core   0: 3 0x80000f94 (0x03584583) x11 0x00000061 mem 0x80018297
core   0: 0x80000f98 (0x03580283) lb      t0, 53(a6)
core   0: 3 0x80000f98 (0x03580283) x5  0x00000061 mem 0x80018297
core   0: 0x80000f9c (0x02480aa3) sb      tp, 53(a6)
core   0: 3 0x80000f9c (0x02480aa3) mem 0x80018297 0x25
core   0: 0x80000fa0 (0x03380aa3) sb      s3, 53(a6)
core   0: 3 0x80000fa0 (0x03380aa3) mem 0x80018297 0x2b
core   0: 0x80000fa4 (0x03b80aa3) sb      s11, 53(a6)
core   0: 3 0x80000fa4 (0x03b80aa3) mem 0x80018297 0x9e
core   0: 0x80000fa8 (0x000089cd) c.andi  a1, 19
core   0: 3 0x80000fa8 (0x89cd) x11 0x00000001
core   0: 0x80000faa (0xcf6f7093) andi    ra, t5, -778
core   0: 3 0x80000faa (0xcf6f7093) x1  0x000000e4
core   0: 0x80000fae (0x00008e35) c.xor   a2, a3
core   0: 3 0x80000fae (0x8e35) x12 0x0000006e
core   0: 0x80000fb0 (0x03584d03) lbu     s10, 53(a6)
core   0: 3 0x80000fb0 (0x03584d03) x26 0x0000009e mem 0x80018297
core   0: 0x80000fb4 (0x03d80aa3) sb      t4, 53(a6)
core   0: 3 0x80000fb4 (0x03d80aa3) mem 0x80018297 0x00
core   0: 0x80000fb8 (0x0000849d) c.srai  s1, 7
core   0: 3 0x80000fb8 (0x849d) x9  0xff1b8483
core   0: 0x80000fba (0x03680aa3) sb      s6, 53(a6)
core   0: 3 0x80000fba (0x03680aa3) mem 0x80018297 0x07
core   0: 0x80000fbe (0x03580f83) lb      t6, 53(a6)
core   0: 3 0x80000fbe (0x03580f83) x31 0x00000007 mem 0x80018297
core   0: 0x80000fc2 (0x03880aa3) sb      s8, 53(a6)
core   0: 3 0x80000fc2 (0x03880aa3) mem 0x80018297 0x1f
core   0: 0x80000fc6 (0x03584c03) lbu     s8, 53(a6)
core   0: 3 0x80000fc6 (0x03584c03) x24 0x0000001f mem 0x80018297
core   0: 0x80000fca (0x03a80aa3) sb      s10, 53(a6)
core   0: 3 0x80000fca (0x03a80aa3) mem 0x80018297 0x9e
core   0: 0x80000fce (0x03584d03) lbu     s10, 53(a6)
core   0: 3 0x80000fce (0x03584d03) x26 0x0000009e mem 0x80018297
core   0: 0x80000fd2 (0x03080aa3) sb      a6, 53(a6)
core   0: 3 0x80000fd2 (0x03080aa3) mem 0x80018297 0x62
core   0: 0x80000fd6 (0x028416b3) mulh    a3, s0, s0
core   0: 3 0x80000fd6 (0x028416b3) x13 0x00000000
core   0: 0x80000fda (0x03e80aa3) sb      t5, 53(a6)
core   0: 3 0x80000fda (0x03e80aa3) mem 0x80018297 0xe5
core   0: 0x80000fde (0x02b80aa3) sb      a1, 53(a6)
core   0: 3 0x80000fde (0x02b80aa3) mem 0x80018297 0x01
core   0: 0x80000fe2 (0x03584703) lbu     a4, 53(a6)
core   0: 3 0x80000fe2 (0x03584703) x14 0x00000001 mem 0x80018297
core   0: 0x80000fe6 (0x03584d03) lbu     s10, 53(a6)
core   0: 3 0x80000fe6 (0x03584d03) x26 0x00000001 mem 0x80018297
core   0: 0x80000fea (0x0001a517) auipc   a0, 0x1a
core   0: 3 0x80000fea (0x0001a517) x10 0x8001afea
core   0: 0x80000fee (0x05750513) addi    a0, a0, 87
core   0: 3 0x80000fee (0x05750513) x10 0x8001b041
core   0: 0x80000ff2 (0xf7e54403) lbu     s0, -130(a0)
core   0: 3 0x80000ff2 (0xf7e54403) x8  0x00000043 mem 0x8001afbf
core   0: 0x80000ff6 (0x02d88833) mul     a6, a7, a3
core   0: 3 0x80000ff6 (0x02d88833) x16 0x00000000
core   0: 0x80000ffa (0x00000001) c.nop
core   0: 3 0x80000ffa (0x0001)
core   0: 0x80000ffc (0x00ffbeb3) sltu    t4, t6, a5
core   0: 3 0x80000ffc (0x00ffbeb3) x29 0x00000001
core   0: 0x80001000 (0x03c3a1b3) mulhsu  gp, t2, t3
core   0: 3 0x80001000 (0x03c3a1b3) x3  0x00000000
core   0: 0x80001004 (0x010f2633) slt     a2, t5, a6
core   0: 3 0x80001004 (0x010f2633) x12 0x00000000
core   0: 0x80001008 (0xf7e54c83) lbu     s9, -130(a0)
core   0: 3 0x80001008 (0xf7e54c83) x25 0x00000043 mem 0x8001afbf
core   0: 0x8000100c (0xf7e50a83) lb      s5, -130(a0)
core   0: 3 0x8000100c (0xf7e50a83) x21 0x00000043 mem 0x8001afbf
core   0: 0x80001010 (0xf7a50f23) sb      s10, -130(a0)
core   0: 3 0x80001010 (0xf7a50f23) mem 0x8001afbf 0x01
core   0: 0x80001014 (0xf3450723) sb      s4, -210(a0)
core   0: 3 0x80001014 (0xf3450723) mem 0x8001af6f 0xc9
core   0: 0x80001018 (0x0319fbb3) remu    s7, s3, a7
core   0: 3 0x80001018 (0x0319fbb3) x23 0xffffe42b
core   0: 0x8000101c (0x09550323) sb      s5, 134(a0)
core   0: 3 0x8000101c (0x09550323) mem 0x8001b0c7 0x43
core   0: 0x80001020 (0x08650e03) lb      t3, 134(a0)
core   0: 3 0x80001020 (0x08650e03) x28 0x00000043 mem 0x8001b0c7
core   0: 0x80001024 (0x01650b23) sb      s6, 22(a0)
core   0: 3 0x80001024 (0x01650b23) mem 0x8001b057 0x07
core   0: 0x80001028 (0x01650c83) lb      s9, 22(a0)
core   0: 3 0x80001028 (0x01650c83) x25 0x00000007 mem 0x8001b057
core   0: 0x8000102c (0x01750b23) sb      s7, 22(a0)
core   0: 3 0x8000102c (0x01750b23) mem 0x8001b057 0x2b
core   0: 0x80001030 (0x0300036f) jal     t1, pc + 0x30
core   0: 3 0x80001030 (0x0300036f) x6  0x80001034
core   0: 0x80001060 (0x00003fd1) c.jal   pc - 44
core   0: 3 0x80001060 (0x3fd1) x1  0x80001062
core   0: 0x80001034 (0x00002091) c.jal   pc + 68
core   0: 3 0x80001034 (0x2091) x1  0x80001036
core   0: 0x80001078 (0xffdff0ef) jal     pc - 0x4
core   0: 3 0x80001078 (0xffdff0ef) x1  0x8000107c
core   0: 0x80001074 (0x0000b7ed) c.j     pc - 22
core   0: 3 0x80001074 (0xb7ed)
core   0: 0x8000105e (0x0000b7d5) c.j     pc - 28
core   0: 3 0x8000105e (0xb7d5)
core   0: 0x80001042 (0x00002815) c.jal   pc + 52
core   0: 3 0x80001042 (0x2815) x1  0x80001044
core   0: 0x80001076 (0x0000b7c5) c.j     pc - 32
core   0: 3 0x80001076 (0xb7c5)
core   0: 0x80001056 (0xff3ff0ef) jal     pc - 0xe
core   0: 3 0x80001056 (0xff3ff0ef) x1  0x8000105a
core   0: 0x80001048 (0x0000a809) c.j     pc + 18
core   0: 3 0x80001048 (0xa809)
core   0: 0x8000105a (0x00003fdd) c.jal   pc - 10
core   0: 3 0x8000105a (0x3fdd) x1  0x8000105c
core   0: 0x80001050 (0x000037ed) c.jal   pc - 22
core   0: 3 0x80001050 (0x37ed) x1  0x80001052
core   0: 0x8000103a (0x010000ef) jal     pc + 0x10
core   0: 3 0x8000103a (0x010000ef) x1  0x8000103e
core   0: 0x8000104a (0x01c002ef) jal     t0, pc + 0x1c
core   0: 3 0x8000104a (0x01c002ef) x5  0x8000104e
core   0: 0x80001066 (0x00003ff9) c.jal   pc - 34
core   0: 3 0x80001066 (0x3ff9) x1  0x80001068
core   0: 0x80001044 (0xffbff1ef) jal     gp, pc - 0x6
core   0: 3 0x80001044 (0xffbff1ef) x3  0x80001048
core   0: 0x8000103e (0x0000a015) c.j     pc + 36
core   0: 3 0x8000103e (0xa015)
core   0: 0x80001062 (0x008000ef) jal     pc + 0x8
core   0: 3 0x80001062 (0x008000ef) x1  0x80001066
core   0: 0x8000106a (0xff3ff26f) jal     tp, pc - 0xe
core   0: 3 0x8000106a (0xff3ff26f) x4  0x8000106e
core   0: 0x8000105c (0x0000a809) c.j     pc + 18
core   0: 3 0x8000105c (0xa809)
core   0: 0x8000106e (0x000037c5) c.jal   pc - 32
core   0: 3 0x8000106e (0x37c5) x1  0x80001070
core   0: 0x8000104e (0x000037e5) c.jal   pc - 24
core   0: 3 0x8000104e (0x37e5) x1  0x80001050
core   0: 0x80001036 (0x00a00aef) jal     s5, pc + 0xa
core   0: 3 0x80001036 (0x00a00aef) x21 0x8000103a
core   0: 0x80001040 (0x00002025) c.jal   pc + 40
core   0: 3 0x80001040 (0x2025) x1  0x80001042
core   0: 0x80001068 (0x0000a811) c.j     pc + 20
core   0: 3 0x80001068 (0xa811)
core   0: 0x8000107c (0xfd7fffef) jal     t6, pc - 0x2a
core   0: 3 0x8000107c (0xfd7fffef) x31 0x80001080
core   0: 0x80001052 (0x01e00fef) jal     t6, pc + 0x1e
core   0: 3 0x80001052 (0x01e00fef) x31 0x80001056
core   0: 0x80001070 (0x010006ef) jal     a3, pc + 0x10
core   0: 3 0x80001070 (0x010006ef) x13 0x80001074
core   0: 0x80001080 (0x01d37533) and     a0, t1, t4
core   0: 3 0x80001080 (0x01d37533) x10 0x00000000
core   0: 0x80001084 (0x0001d217) auipc   tp, 0x1d
core   0: 3 0x80001084 (0x0001d217) x4  0x8001e084
core   0: 0x80001088 (0xa7920213) addi    tp, tp, -1415
core   0: 3 0x80001088 (0xa7920213) x4  0x8001dafd
core   0: 0x8000108c (0x57424503) lbu     a0, 1396(tp)
core   0: 3 0x8000108c (0x57424503) x10 0x00000047 mem 0x8001e071
core   0: 0x80001090 (0x06e06513) ori     a0, zero, 110
core   0: 3 0x80001090 (0x06e06513) x10 0x0000006e
core   0: 0x80001094 (0x00000e46) c.slli  t3, 17
core   0: 3 0x80001094 (0x0e46) x28 0x00860000
core   0: 0x80001096 (0x017bceb3) xor     t4, s7, s7
core   0: 3 0x80001096 (0x017bceb3) x29 0x00000000
core   0: 0x8000109a (0x000ea1b3) slt     gp, t4, zero
core   0: 3 0x8000109a (0x000ea1b3) x3  0x00000000
core   0: 0x8000109e (0xc8a24e03) lbu     t3, -886(tp)
core   0: 3 0x8000109e (0xc8a24e03) x28 0x0000008a mem 0x8001d787
core   0: 0x800010a2 (0x0161d513) srli    a0, gp, 22
core   0: 3 0x800010a2 (0x0161d513) x10 0x00000000
core   0: 0x800010a6 (0x037b81b3) mul     gp, s7, s7
core   0: 3 0x800010a6 (0x037b81b3) x3  0x03069f39
core   0: 0x800010aa (0x00052bb3) slt     s7, a0, zero
core   0: 3 0x800010aa (0x00052bb3) x23 0x00000000
core   0: 0x800010ae (0xad125003) lhu     zero, -1327(tp)
core   0: 3 0x800010ae (0xad125003) mem 0x8001d5ce
core   0: 0x800010b2 (0xaaa206a3) sb      a0, -1363(tp)
core   0: 3 0x800010b2 (0xaaa206a3) mem 0x8001d5aa 0x00
core   0: 0x800010b6 (0xf8620183) lb      gp, -122(tp)
core   0: 3 0x800010b6 (0xf8620183) x3  0xffffffd2 mem 0x8001da83
core   0: 0x800010ba (0x01d01eb3) sll     t4, zero, t4
core   0: 3 0x800010ba (0x01d01eb3) x29 0x00000000
core   0: 0x800010be (0x00000001) c.nop
core   0: 3 0x800010be (0x0001)
core   0: 0x800010c0 (0x8d720723) sb      s7, -1842(tp)
core   0: 3 0x800010c0 (0x8d720723) mem 0x8001d3cb 0x00
core   0: 0x800010c4 (0x003bf533) and     a0, s7, gp
core   0: 3 0x800010c4 (0x003bf533) x10 0x00000000
core   0: 0x800010c8 (0x0ee24003) lbu     zero, 238(tp)
core   0: 3 0x800010c8 (0x0ee24003) mem 0x8001dbeb
core   0: 0x800010cc (0x00008509) c.srai  a0, 2
core   0: 3 0x800010cc (0x8509) x10 0x00000000
core   0: 0x800010ce (0x00000565) c.addi  a0, 25
core   0: 3 0x800010ce (0x0565) x10 0x00000019
core   0: 0x800010d0 (0x00eb9513) slli    a0, s7, 14
core   0: 3 0x800010d0 (0x00eb9513) x10 0x00000000
core   0: 0x800010d4 (0x4be20183) lb      gp, 1214(tp)
core   0: 3 0x800010d4 (0x4be20183) x3  0xffffffe6 mem 0x8001dfbb
core   0: 0x800010d8 (0xdda20e83) lb      t4, -550(tp)
core   0: 3 0x800010d8 (0xdda20e83) x29 0xffffffe7 mem 0x8001d8d7
core   0: 0x800010dc (0x00000001) c.nop
core   0: 3 0x800010dc (0x0001)
core   0: 0x800010de (0x8ed20b83) lb      s7, -1811(tp)
core   0: 3 0x800010de (0x8ed20b83) x23 0x00000033 mem 0x8001d3ea
core   0: 0x800010e2 (0x00ab9bb3) sll     s7, s7, a0
core   0: 3 0x800010e2 (0x00ab9bb3) x23 0x00000033
core   0: 0x800010e6 (0x5fc20503) lb      a0, 1532(tp)
core   0: 3 0x800010e6 (0x5fc20503) x10 0x0000007b mem 0x8001e0f9
core   0: 0x800010ea (0x02a551b3) divu    gp, a0, a0
core   0: 3 0x800010ea (0x02a551b3) x3  0x00000001
core   0: 0x800010ee (0x000ebbb3) sltu    s7, t4, zero
core   0: 3 0x800010ee (0x000ebbb3) x23 0x00000000
core   0: 0x800010f2 (0xd8a20023) sb      a0, -640(tp)
core   0: 3 0x800010f2 (0xd8a20023) mem 0x8001d87d 0x7b
core   0: 0x800010f6 (0x5d420503) lb      a0, 1492(tp)
core   0: 3 0x800010f6 (0x5d420503) x10 0x00000046 mem 0x8001e0d1
core   0: 0x800010fa (0x4bb24003) lbu     zero, 1211(tp)
core   0: 3 0x800010fa (0x4bb24003) mem 0x8001dfb8
core   0: 0x800010fe (0x00352533) slt     a0, a0, gp
core   0: 3 0x800010fe (0x00352533) x10 0x00000000
core   0: 0x80001102 (0x0ab1f013) andi    zero, gp, 171
core   0: 3 0x80001102 (0x0ab1f013)
core   0: 0x80001106 (0xe2420503) lb      a0, -476(tp)
core   0: 3 0x80001106 (0xe2420503) x10 0x00000042 mem 0x8001d921
core   0: 0x8000110a (0x5641f013) andi    zero, gp, 1380
core   0: 3 0x8000110a (0x5641f013)
core   0: 0x8000110e (0xc3721ba3) sh      s7, -969(tp)
core   0: 3 0x8000110e (0xc3721ba3) mem 0x8001d734 0x0000
core   0: 0x80001112 (0x15d18513) addi    a0, gp, 349
core   0: 3 0x80001112 (0x15d18513) x10 0x0000015e
core   0: 0x80001116 (0x1e824e03) lbu     t3, 488(tp)
core   0: 3 0x80001116 (0x1e824e03) x28 0x00000085 mem 0x8001dce5
core   0: 0x8000111a (0x003031b3) snez    gp, gp
core   0: 3 0x8000111a (0x003031b3) x3  0x00000001
core   0: 0x8000111e (0x00a54bb3) xor     s7, a0, a0
core   0: 3 0x8000111e (0x00a54bb3) x23 0x00000000
core   0: 0x80001122 (0x00008d29) c.xor   a0, a0
core   0: 3 0x80001122 (0x8d29) x10 0x00000000
core   0: 0x80001124 (0x0000997d) c.andi  a0, -1
core   0: 3 0x80001124 (0x997d) x10 0x00000000
core   0: 0x80001126 (0x00ab9193) slli    gp, s7, 10
core   0: 3 0x80001126 (0x00ab9193) x3  0x00000000
core   0: 0x8000112a (0x00008d49) c.or    a0, a0
core   0: 3 0x8000112a (0x8d49) x10 0x00000000
core   0: 0x8000112c (0x48124003) lbu     zero, 1153(tp)
core   0: 3 0x8000112c (0x48124003) mem 0x8001df7e
core   0: 0x80001130 (0x40a18033) sub     zero, gp, a0
core   0: 3 0x80001130 (0x40a18033)
core   0: 0x80001134 (0x000011fd) c.addi  gp, -1
core   0: 3 0x80001134 (0x11fd) x3  0xffffffff
core   0: 0x80001136 (0x417bd1b3) sra     gp, s7, s7
core   0: 3 0x80001136 (0x417bd1b3) x3  0x00000000
core   0: 0x8000113a (0x73224e03) lbu     t3, 1842(tp)
core   0: 3 0x8000113a (0x73224e03) x28 0x000000fd mem 0x8001e22f
core   0: 0x8000113e (0x47720ca3) sb      s7, 1145(tp)
core   0: 3 0x8000113e (0x47720ca3) mem 0x8001df76 0x00
core   0: 0x80001142 (0x00004601) c.li    a2, 0
core   0: 3 0x80001142 (0x4601) x12 0x00000000
core   0: 0x80001144 (0x0234c733) div     a4, s1, gp
core   0: 3 0x80001144 (0x0234c733) x14 0xffffffff
core   0: 0x80001148 (0x00009afd) c.andi  a3, -1
core   0: 3 0x80001148 (0x9afd) x13 0x80001074
core   0: 0x8000114a (0x00000d7e) c.slli  s10, 31
core   0: 3 0x8000114a (0x0d7e) x26 0x80000000
core   0: 0x8000114c (0x00004829) c.li    a6, 10
core   0: 3 0x8000114c (0x4829) x16 0x0000000a
core   0: 0x8000114e (0x1bc64913) xori    s2, a2, 444
core   0: 3 0x8000114e (0x1bc64913) x18 0x000001bc
core   0: 0x80001152 (0x01613733) sltu    a4, sp, s6
core   0: 3 0x80001152 (0x01613733) x14 0x00000000
core   0: 0x80001156 (0x08976ab7) lui     s5, 0x8976
core   0: 3 0x80001156 (0x08976ab7) x21 0x08976000
core   0: 0x8000115a (0x00000605) c.addi  a2, 1
core   0: 3 0x8000115a (0x0605) x12 0x00000001
core   0: 0x8000115c (0x033ff1b3) remu    gp, t6, s3
core   0: 3 0x8000115c (0x033ff1b3) x3  0x80001056
core   0: 0x80001160 (0x00000c36) c.slli  s8, 13
core   0: 3 0x80001160 (0x0c36) x24 0x0003e000
core   0: 0x80001162 (0xaa7aae13) slti    t3, s5, -1369
core   0: 3 0x80001162 (0xaa7aae13) x28 0x00000000
core   0: 0x80001166 (0x40ffdb13) srai    s6, t6, 15
core   0: 3 0x80001166 (0x40ffdb13) x22 0xffff0000
core   0: 0x8000116a (0x0000987d) c.andi  s0, -1
core   0: 3 0x8000116a (0x987d) x8  0x00000043
core   0: 0x8000116c (0x02b63433) mulhu   s0, a2, a1
core   0: 3 0x8000116c (0x02b63433) x8  0x00000000
core   0: 0x80001170 (0xfd060fe3) beq     a2, a6, pc - 34
core   0: 3 0x80001170 (0xfd060fe3)
core   0: 0x80001174 (0x000d7c33) and     s8, s10, zero
core   0: 3 0x80001174 (0x000d7c33) x24 0x00000000
core   0: 0x80001178 (0x00004fa1) c.li    t6, 8
core   0: 3 0x80001178 (0x4fa1) x31 0x00000008
core   0: 0x8000117a (0x00005a49) c.li    s4, -14
core   0: 3 0x8000117a (0x5a49) x20 0xfffffff2
core   0: 0x8000117c (0x00008f49) c.or    a4, a0
core   0: 3 0x8000117c (0x8f49) x14 0x00000000
core   0: 0x8000117e (0x00001fed) c.addi  t6, -5
core   0: 3 0x8000117e (0x1fed) x31 0x00000003
core   0: 0x80001180 (0xed6cb213) sltiu   tp, s9, -298
core   0: 3 0x80001180 (0xed6cb213) x4  0x00000001
core   0: 0x80001184 (0x00004509) c.li    a0, 2
core   0: 3 0x80001184 (0x4509) x10 0x00000002
core   0: 0x80001186 (0x00005d69) c.li    s10, -6
core   0: 3 0x80001186 (0x5d69) x26 0xfffffffa
core   0: 0x80001188 (0xe9862c93) slti    s9, a2, -360
core   0: 3 0x80001188 (0xe9862c93) x25 0x00000000
core   0: 0x8000118c (0x02b24bb3) div     s7, tp, a1
core   0: 3 0x8000118c (0x02b24bb3) x23 0x00000001
core   0: 0x80001190 (0x015f91b3) sll     gp, t6, s5
core   0: 3 0x80001190 (0x015f91b3) x3  0x00000003
core   0: 0x80001194 (0x00001571) c.addi  a0, -4
core   0: 3 0x80001194 (0x1571) x10 0xfffffffe
core   0: 0x80001196 (0xffa51be3) bne     a0, s10, pc - 10
core   0: 3 0x80001196 (0xffa51be3)
core   0: 0x8000118c (0x02b24bb3) div     s7, tp, a1
core   0: 3 0x8000118c (0x02b24bb3) x23 0x00000001
core   0: 0x80001190 (0x015f91b3) sll     gp, t6, s5
core   0: 3 0x80001190 (0x015f91b3) x3  0x00000003
core   0: 0x80001194 (0x00001571) c.addi  a0, -4
core   0: 3 0x80001194 (0x1571) x10 0xfffffffa
core   0: 0x80001196 (0xffa51be3) bne     a0, s10, pc - 10
core   0: 3 0x80001196 (0xffa51be3)
core   0: 0x8000119a (0xff4fd1e3) bge     t6, s4, pc - 30
core   0: 3 0x8000119a (0xff4fd1e3)
core   0: 0x8000117c (0x00008f49) c.or    a4, a0
core   0: 3 0x8000117c (0x8f49) x14 0xfffffffa
core   0: 0x8000117e (0x00001fed) c.addi  t6, -5
core   0: 3 0x8000117e (0x1fed) x31 0xfffffffe
core   0: 0x80001180 (0xed6cb213) sltiu   tp, s9, -298
core   0: 3 0x80001180 (0xed6cb213) x4  0x00000001
core   0: 0x80001184 (0x00004509) c.li    a0, 2
core   0: 3 0x80001184 (0x4509) x10 0x00000002
core   0: 0x80001186 (0x00005d69) c.li    s10, -6
core   0: 3 0x80001186 (0x5d69) x26 0xfffffffa
core   0: 0x80001188 (0xe9862c93) slti    s9, a2, -360
core   0: 3 0x80001188 (0xe9862c93) x25 0x00000000
core   0: 0x8000118c (0x02b24bb3) div     s7, tp, a1
core   0: 3 0x8000118c (0x02b24bb3) x23 0x00000001
core   0: 0x80001190 (0x015f91b3) sll     gp, t6, s5
core   0: 3 0x80001190 (0x015f91b3) x3  0xfffffffe
core   0: 0x80001194 (0x00001571) c.addi  a0, -4
core   0: 3 0x80001194 (0x1571) x10 0xfffffffe
core   0: 0x80001196 (0xffa51be3) bne     a0, s10, pc - 10
core   0: 3 0x80001196 (0xffa51be3)
core   0: 0x8000118c (0x02b24bb3) div     s7, tp, a1
core   0: 3 0x8000118c (0x02b24bb3) x23 0x00000001
core   0: 0x80001190 (0x015f91b3) sll     gp, t6, s5
core   0: 3 0x80001190 (0x015f91b3) x3  0xfffffffe
core   0: 0x80001194 (0x00001571) c.addi  a0, -4
core   0: 3 0x80001194 (0x1571) x10 0xfffffffa
core   0: 0x80001196 (0xffa51be3) bne     a0, s10, pc - 10
core   0: 3 0x80001196 (0xffa51be3)
core   0: 0x8000119a (0xff4fd1e3) bge     t6, s4, pc - 30
core   0: 3 0x8000119a (0xff4fd1e3)
core   0: 0x8000117c (0x00008f49) c.or    a4, a0
core   0: 3 0x8000117c (0x8f49) x14 0xfffffffa
core   0: 0x8000117e (0x00001fed) c.addi  t6, -5
core   0: 3 0x8000117e (0x1fed) x31 0xfffffff9
core   0: 0x80001180 (0xed6cb213) sltiu   tp, s9, -298
core   0: 3 0x80001180 (0xed6cb213) x4  0x00000001
core   0: 0x80001184 (0x00004509) c.li    a0, 2
core   0: 3 0x80001184 (0x4509) x10 0x00000002
core   0: 0x80001186 (0x00005d69) c.li    s10, -6
core   0: 3 0x80001186 (0x5d69) x26 0xfffffffa
core   0: 0x80001188 (0xe9862c93) slti    s9, a2, -360
core   0: 3 0x80001188 (0xe9862c93) x25 0x00000000
core   0: 0x8000118c (0x02b24bb3) div     s7, tp, a1
core   0: 3 0x8000118c (0x02b24bb3) x23 0x00000001
core   0: 0x80001190 (0x015f91b3) sll     gp, t6, s5
core   0: 3 0x80001190 (0x015f91b3) x3  0xfffffff9
core   0: 0x80001194 (0x00001571) c.addi  a0, -4
core   0: 3 0x80001194 (0x1571) x10 0xfffffffe
core   0: 0x80001196 (0xffa51be3) bne     a0, s10, pc - 10
core   0: 3 0x80001196 (0xffa51be3)
core   0: 0x8000118c (0x02b24bb3) div     s7, tp, a1
core   0: 3 0x8000118c (0x02b24bb3) x23 0x00000001
core   0: 0x80001190 (0x015f91b3) sll     gp, t6, s5
core   0: 3 0x80001190 (0x015f91b3) x3  0xfffffff9
core   0: 0x80001194 (0x00001571) c.addi  a0, -4
core   0: 3 0x80001194 (0x1571) x10 0xfffffffa
core   0: 0x80001196 (0xffa51be3) bne     a0, s10, pc - 10
core   0: 3 0x80001196 (0xffa51be3)
core   0: 0x8000119a (0xff4fd1e3) bge     t6, s4, pc - 30
core   0: 3 0x8000119a (0xff4fd1e3)
core   0: 0x8000117c (0x00008f49) c.or    a4, a0
core   0: 3 0x8000117c (0x8f49) x14 0xfffffffa
core   0: 0x8000117e (0x00001fed) c.addi  t6, -5
core   0: 3 0x8000117e (0x1fed) x31 0xfffffff4
core   0: 0x80001180 (0xed6cb213) sltiu   tp, s9, -298
core   0: 3 0x80001180 (0xed6cb213) x4  0x00000001
core   0: 0x80001184 (0x00004509) c.li    a0, 2
core   0: 3 0x80001184 (0x4509) x10 0x00000002
core   0: 0x80001186 (0x00005d69) c.li    s10, -6
core   0: 3 0x80001186 (0x5d69) x26 0xfffffffa
core   0: 0x80001188 (0xe9862c93) slti    s9, a2, -360
core   0: 3 0x80001188 (0xe9862c93) x25 0x00000000
core   0: 0x8000118c (0x02b24bb3) div     s7, tp, a1
core   0: 3 0x8000118c (0x02b24bb3) x23 0x00000001
core   0: 0x80001190 (0x015f91b3) sll     gp, t6, s5
core   0: 3 0x80001190 (0x015f91b3) x3  0xfffffff4
core   0: 0x80001194 (0x00001571) c.addi  a0, -4
core   0: 3 0x80001194 (0x1571) x10 0xfffffffe
core   0: 0x80001196 (0xffa51be3) bne     a0, s10, pc - 10
core   0: 3 0x80001196 (0xffa51be3)
core   0: 0x8000118c (0x02b24bb3) div     s7, tp, a1
core   0: 3 0x8000118c (0x02b24bb3) x23 0x00000001
core   0: 0x80001190 (0x015f91b3) sll     gp, t6, s5
core   0: 3 0x80001190 (0x015f91b3) x3  0xfffffff4
core   0: 0x80001194 (0x00001571) c.addi  a0, -4
core   0: 3 0x80001194 (0x1571) x10 0xfffffffa
core   0: 0x80001196 (0xffa51be3) bne     a0, s10, pc - 10
core   0: 3 0x80001196 (0xffa51be3)
core   0: 0x8000119a (0xff4fd1e3) bge     t6, s4, pc - 30
core   0: 3 0x8000119a (0xff4fd1e3)
core   0: 0x8000117c (0x00008f49) c.or    a4, a0
core   0: 3 0x8000117c (0x8f49) x14 0xfffffffa
core   0: 0x8000117e (0x00001fed) c.addi  t6, -5
core   0: 3 0x8000117e (0x1fed) x31 0xffffffef
core   0: 0x80001180 (0xed6cb213) sltiu   tp, s9, -298
core   0: 3 0x80001180 (0xed6cb213) x4  0x00000001
core   0: 0x80001184 (0x00004509) c.li    a0, 2
core   0: 3 0x80001184 (0x4509) x10 0x00000002
core   0: 0x80001186 (0x00005d69) c.li    s10, -6
core   0: 3 0x80001186 (0x5d69) x26 0xfffffffa
core   0: 0x80001188 (0xe9862c93) slti    s9, a2, -360
core   0: 3 0x80001188 (0xe9862c93) x25 0x00000000
core   0: 0x8000118c (0x02b24bb3) div     s7, tp, a1
core   0: 3 0x8000118c (0x02b24bb3) x23 0x00000001
core   0: 0x80001190 (0x015f91b3) sll     gp, t6, s5
core   0: 3 0x80001190 (0x015f91b3) x3  0xffffffef
core   0: 0x80001194 (0x00001571) c.addi  a0, -4
core   0: 3 0x80001194 (0x1571) x10 0xfffffffe
core   0: 0x80001196 (0xffa51be3) bne     a0, s10, pc - 10
core   0: 3 0x80001196 (0xffa51be3)
core   0: 0x8000118c (0x02b24bb3) div     s7, tp, a1
core   0: 3 0x8000118c (0x02b24bb3) x23 0x00000001
core   0: 0x80001190 (0x015f91b3) sll     gp, t6, s5
core   0: 3 0x80001190 (0x015f91b3) x3  0xffffffef
core   0: 0x80001194 (0x00001571) c.addi  a0, -4
core   0: 3 0x80001194 (0x1571) x10 0xfffffffa
core   0: 0x80001196 (0xffa51be3) bne     a0, s10, pc - 10
core   0: 3 0x80001196 (0xffa51be3)
core   0: 0x8000119a (0xff4fd1e3) bge     t6, s4, pc - 30
core   0: 3 0x8000119a (0xff4fd1e3)
core   0: 0x8000119e (0xca2d7c13) andi    s8, s10, -862
core   0: 3 0x8000119e (0xca2d7c13) x24 0xfffffca2
core   0: 0x800011a2 (0x00005461) c.li    s0, -8
core   0: 3 0x800011a2 (0x5461) x8  0xfffffff8
core   0: 0x800011a4 (0x000008c2) c.slli  a7, 16
core   0: 3 0x800011a4 (0x08c2) x17 0x00000000
core   0: 0x800011a6 (0x00000001) c.nop
core   0: 3 0x800011a6 (0x0001)
core   0: 0x800011a8 (0x020fb833) mulhu   a6, t6, zero
core   0: 3 0x800011a8 (0x020fb833) x16 0x00000000
core   0: 0x800011ac (0x67e2f213) andi    tp, t0, 1662
core   0: 3 0x800011ac (0x67e2f213) x4  0x0000004e
core   0: 0x800011b0 (0x0000075a) c.slli  a4, 22
core   0: 3 0x800011b0 (0x075a) x14 0xfe800000
core   0: 0x800011b2 (0x000080f5) c.srli  s1, 29
core   0: 3 0x800011b2 (0x80f5) x9  0x00000007
core   0: 0x800011b4 (0x00000409) c.addi  s0, 2
core   0: 3 0x800011b4 (0x0409) x8  0xfffffffa
core   0: 0x800011b6 (0x00008881) c.andi  s1, 0
core   0: 3 0x800011b6 (0x8881) x9  0x00000000
core   0: 0x800011b8 (0x000e2933) slt     s2, t3, zero
core   0: 3 0x800011b8 (0x000e2933) x18 0x00000000
core   0: 0x800011bc (0x02dfefb3) rem     t6, t6, a3
core   0: 3 0x800011bc (0x02dfefb3) x31 0xffffffef
core   0: 0x800011c0 (0xdbc0edb7) lui     s11, 0xdbc0e
core   0: 3 0x800011c0 (0xdbc0edb7) x27 0xdbc0e000
core   0: 0x800011c4 (0x01c9ba33) sltu    s4, s3, t3
core   0: 3 0x800011c4 (0x01c9ba33) x20 0x00000000
core   0: 0x800011c8 (0x0000d065) c.beqz  s0, pc - 32
core   0: 3 0x800011c8 (0xd065)
core   0: 0x800011ca (0x00000001) c.nop
core   0: 3 0x800011ca (0x0001)
core   0: 0x800011cc (0x0000f217) auipc   tp, 0xf
core   0: 3 0x800011cc (0x0000f217) x4  0x800101cc
core   0: 0x800011d0 (0xed320213) addi    tp, tp, -301
core   0: 3 0x800011d0 (0xed320213) x4  0x8001009f
core   0: 0x800011d4 (0x00008eb5) c.xor   a3, a3
core   0: 3 0x800011d4 (0x8eb5) x13 0x00000000
core   0: 0x800011d6 (0x0162d4b3) srl     s1, t0, s6
core   0: 3 0x800011d6 (0x0162d4b3) x9  0x8000104e
core   0: 0x800011da (0x02300ab3) mul     s5, zero, gp
core   0: 3 0x800011da (0x02300ab3) x21 0x00000000
core   0: 0x800011de (0x00008f6d) c.and   a4, a1
core   0: 3 0x800011de (0x8f6d) x14 0x00000000
core   0: 0x800011e0 (0x03c20f23) sb      t3, 62(tp)
core   0: 3 0x800011e0 (0x03c20f23) mem 0x800100dd 0x00
core   0: 0x800011e4 (0x03524c83) lbu     s9, 53(tp)
core   0: 3 0x800011e4 (0x03524c83) x25 0x00000084 mem 0x800100d4
core   0: 0x800011e8 (0x000018fd) c.addi  a7, -1
core   0: 3 0x800011e8 (0x18fd) x17 0xffffffff
core   0: 0x800011ea (0x01325f83) lhu     t6, 19(tp)
core   0: 3 0x800011ea (0x01325f83) x31 0x0000db17 mem 0x800100b2
core   0: 0x800011ee (0x02c20c03) lb      s8, 44(tp)
core   0: 3 0x800011ee (0x02c20c03) x24 0xffffff95 mem 0x800100cb
core   0: 0x800011f2 (0x01c2b433) sltu    s0, t0, t3
core   0: 3 0x800011f2 (0x01c2b433) x8  0x00000000
core   0: 0x800011f6 (0x01020683) lb      a3, 16(tp)
core   0: 3 0x800011f6 (0x01020683) x13 0x00000046 mem 0x800100af
core   0: 0x800011fa (0x03d21983) lh      s3, 61(tp)
core   0: 3 0x800011fa (0x03d21983) x19 0x00000067 mem 0x800100dc
core   0: 0x800011fe (0x0161d2b3) srl     t0, gp, s6
core   0: 3 0x800011fe (0x0161d2b3) x5  0xffffffef
core   0: 0x80001202 (0x02b7df33) divu    t5, a5, a1
core   0: 3 0x80001202 (0x02b7df33) x30 0x80000000
core   0: 0x80001206 (0x2d3bf1b7) lui     gp, 0x2d3bf
core   0: 3 0x80001206 (0x2d3bf1b7) x3  0x2d3bf000
core   0: 0x8000120a (0x01520b23) sb      s5, 22(tp)
core   0: 3 0x8000120a (0x01520b23) mem 0x800100b5 0x00
core   0: 0x8000120e (0x40488533) sub     a0, a7, tp
core   0: 3 0x8000120e (0x40488533) x10 0x7ffeff60
core   0: 0x80001212 (0x09baab93) slti    s7, s5, 155
core   0: 3 0x80001212 (0x09baab93) x23 0x00000001
core   0: 0x80001216 (0x41878733) sub     a4, a5, s8
core   0: 3 0x80001216 (0x41878733) x14 0x8000006b
core   0: 0x8000121a (0xff020ea3) sb      a6, -3(tp)
core   0: 3 0x8000121a (0xff020ea3) mem 0x8001009c 0x00
core   0: 0x8000121e (0x01e24d03) lbu     s10, 30(tp)
core   0: 3 0x8000121e (0x01e24d03) x26 0x0000009b mem 0x800100bd
core   0: 0x80001222 (0x01ed3c33) sltu    s8, s10, t5
core   0: 3 0x80001222 (0x01ed3c33) x24 0x00000001
core   0: 0x80001226 (0x05420023) sb      s4, 64(tp)
core   0: 3 0x80001226 (0x05420023) mem 0x800100df 0x00
core   0: 0x8000122a (0x03220703) lb      a4, 50(tp)
core   0: 3 0x8000122a (0x03220703) x14 0xffffffa1 mem 0x800100d1
core   0: 0x8000122e (0xfcb20a23) sb      a1, -44(tp)
core   0: 3 0x8000122e (0xfcb20a23) mem 0x80010073 0x01
core   0: 0x80001232 (0x02c42ab3) mulhsu  s5, s0, a2
core   0: 3 0x80001232 (0x02c42ab3) x21 0x00000000
core   0: 0x80001236 (0x00008af1) c.andi  a3, 28
core   0: 3 0x80001236 (0x8af1) x13 0x00000004
core   0: 0x80001238 (0xfc624183) lbu     gp, -58(tp)
core   0: 3 0x80001238 (0xfc624183) x3  0x00000065 mem 0x80010065
core   0: 0x8000123c (0xfec24e83) lbu     t4, -20(tp)
core   0: 3 0x8000123c (0xfec24e83) x29 0x00000065 mem 0x8001008b
core   0: 0x80001240 (0xfe420a03) lb      s4, -28(tp)
core   0: 3 0x80001240 (0xfe420a03) x20 0x0000007d mem 0x80010083
core   0: 0x80001244 (0x01e20c23) sb      t5, 24(tp)
core   0: 3 0x80001244 (0x01e20c23) mem 0x800100b7 0x00
core   0: 0x80001248 (0x03d24003) lbu     zero, 61(tp)
core   0: 3 0x80001248 (0x03d24003) mem 0x800100dc
core   0: 0x8000124c (0xfed25b03) lhu     s6, -19(tp)
core   0: 3 0x8000124c (0xfed25b03) x22 0x0000d515 mem 0x8001008c
core   0: 0x80001250 (0x0001f897) auipc   a7, 0x1f
core   0: 3 0x80001250 (0x0001f897) x17 0x80020250
core   0: 0x80001254 (0xbdd88893) addi    a7, a7, -1059
core   0: 3 0x80001254 (0xbdd88893) x17 0x8001fe2d
core   0: 0x80001258 (0x0f5891a3) sh      s5, 227(a7)
core   0: 3 0x80001258 (0x0f5891a3) mem 0x8001ff10 0x0000
core   0: 0x8000125c (0x00008dad) c.xor   a1, a1
core   0: 3 0x8000125c (0x8dad) x11 0x00000000
core   0: 0x8000125e (0x02b04fb3) div     t6, zero, a1
core   0: 3 0x8000125e (0x02b04fb3) x31 0xffffffff
core   0: 0x80001262 (0x021aefb3) rem     t6, s5, ra
core   0: 3 0x80001262 (0x021aefb3) x31 0x00000000
core   0: 0x80001266 (0x06c8c083) lbu     ra, 108(a7)
core   0: 3 0x80001266 (0x06c8c083) x1  0x000000b1 mem 0x8001fe99
core   0: 0x8000126a (0xf2a895a3) sh      a0, -213(a7)
core   0: 3 0x8000126a (0xf2a895a3) mem 0x8001fd58 0xff60
core   0: 0x8000126e (0xf61895a3) sh      ra, -149(a7)
core   0: 3 0x8000126e (0xf61895a3) mem 0x8001fd98 0x00b1
core   0: 0x80001272 (0x06688083) lb      ra, 102(a7)
core   0: 3 0x80001272 (0x06688083) x1  0xffffff92 mem 0x8001fe93
core   0: 0x80001276 (0x02af8ab3) mul     s5, t6, a0
core   0: 3 0x80001276 (0x02af8ab3) x21 0x00000000
core   0: 0x8000127a (0xf5f883a3) sb      t6, -185(a7)
core   0: 3 0x8000127a (0xf5f883a3) mem 0x8001fd74 0x00
core   0: 0x8000127e (0x081885a3) sb      ra, 139(a7)
core   0: 3 0x8000127e (0x081885a3) mem 0x8001feb8 0x92
core   0: 0x80001282 (0xbd050513) addi    a0, a0, -1072
core   0: 3 0x80001282 (0xbd050513) x10 0x7ffefb30
core   0: 0x80001286 (0xfcb88123) sb      a1, -62(a7)
core   0: 3 0x80001286 (0xfcb88123) mem 0x8001fdef 0x00
core   0: 0x8000128a (0x1cb52093) slti    ra, a0, 459
core   0: 3 0x8000128a (0x1cb52093) x1  0x00000000
core   0: 0x8000128e (0xf6f89a83) lh      s5, -145(a7)
core   0: 3 0x8000128e (0xf6f89a83) x21 0xffff90ff mem 0x8001fd9c
core   0: 0x80001292 (0x02189083) lh      ra, 33(a7)
core   0: 3 0x80001292 (0x02189083) x1  0x000032a6 mem 0x8001fe4e
core   0: 0x80001296 (0x00008d29) c.xor   a0, a0
core   0: 3 0x80001296 (0x8d29) x10 0x00000000
core   0: 0x80001298 (0x000089cd) c.andi  a1, 19
core   0: 3 0x80001298 (0x89cd) x11 0x00000000
core   0: 0x8000129a (0xf5c8ca83) lbu     s5, -164(a7)
core   0: 3 0x8000129a (0xf5c8ca83) x21 0x00000081 mem 0x8001fd89
core   0: 0x8000129e (0xf4a88fa3) sb      a0, -161(a7)
core   0: 3 0x8000129e (0xf4a88fa3) mem 0x8001fd8c 0x00
core   0: 0x800012a2 (0x05f88c23) sb      t6, 88(a7)
core   0: 3 0x800012a2 (0x05f88c23) mem 0x8001fe85 0x00
core   0: 0x800012a6 (0x000085bd) c.srai  a1, 15
core   0: 3 0x800012a6 (0x85bd) x11 0x00000000
core   0: 0x800012a8 (0xe8352093) slti    ra, a0, -381
core   0: 3 0x800012a8 (0xe8352093) x1  0x00000000
core   0: 0x800012ac (0x0000957e) c.add   a0, t6
core   0: 3 0x800012ac (0x957e) x10 0x00000000
core   0: 0x800012ae (0xe785cf93) xori    t6, a1, -392
core   0: 3 0x800012ae (0xe785cf93) x31 0xfffffe78
core   0: 0x800012b2 (0x020ac533) div     a0, s5, zero
core   0: 3 0x800012b2 (0x020ac533) x10 0xffffffff
core   0: 0x800012b6 (0x08b88023) sb      a1, 128(a7)
core   0: 3 0x800012b6 (0x08b88023) mem 0x8001fead 0x00
core   0: 0x800012ba (0x47aae013) ori     zero, s5, 1146
core   0: 3 0x800012ba (0x47aae013)
core   0: 0x800012be (0x000095d6) c.add   a1, s5
core   0: 3 0x800012be (0x95d6) x11 0x00000081
core   0: 0x800012c0 (0x0448ca83) lbu     s5, 68(a7)
core   0: 3 0x800012c0 (0x0448ca83) x21 0x000000b5 mem 0x8001fe71
core   0: 0x800012c4 (0xf718da83) lhu     s5, -143(a7)
core   0: 3 0x800012c4 (0xf718da83) x21 0x00009621 mem 0x8001fd9e
core   0: 0x800012c8 (0xa7c57513) andi    a0, a0, -1412
core   0: 3 0x800012c8 (0xa7c57513) x10 0xfffffa7c
core   0: 0x800012cc (0x00188323) sb      ra, 6(a7)
core   0: 3 0x800012cc (0x00188323) mem 0x8001fe33 0x00
core   0: 0x800012d0 (0x0ac8c503) lbu     a0, 172(a7)
core   0: 3 0x800012d0 (0x0ac8c503) x10 0x00000081 mem 0x8001fed9
core   0: 0x800012d4 (0x00008979) c.andi  a0, 30
core   0: 3 0x800012d4 (0x8979) x10 0x00000000
core   0: 0x800012d6 (0xfde8c583) lbu     a1, -34(a7)
core   0: 3 0x800012d6 (0xfde8c583) x11 0x000000b5 mem 0x8001fe0b
core   0: 0x800012da (0xf9088583) lb      a1, -112(a7)
core   0: 3 0x800012da (0xf9088583) x11 0x00000040 mem 0x8001fdbd
core   0: 0x800012de (0x01f88623) sb      t6, 12(a7)
core   0: 3 0x800012de (0x01f88623) mem 0x8001fe39 0x78
core   0: 0x800012e2 (0x01fab0b3) sltu    ra, s5, t6
core   0: 3 0x800012e2 (0x01fab0b3) x1  0x00000001
core   0: 0x800012e6 (0xb8bfc513) xori    a0, t6, -1141
core   0: 3 0x800012e6 (0xb8bfc513) x10 0x000005f3
core   0: 0x800012ea (0x00b0c5b3) xor     a1, ra, a1
core   0: 3 0x800012ea (0x00b0c5b3) x11 0x00000041
core   0: 0x800012ee (0x0b588503) lb      a0, 181(a7)
core   0: 3 0x800012ee (0x0b588503) x10 0xffffffa4 mem 0x8001fee2
core   0: 0x800012f2 (0x00008d29) c.xor   a0, a0
core   0: 3 0x800012f2 (0x8d29) x10 0x00000000
core   0: 0x800012f4 (0x0150e033) or      zero, ra, s5
core   0: 3 0x800012f4 (0x0150e033)
core   0: 0x800012f8 (0xf3288583) lb      a1, -206(a7)
core   0: 3 0x800012f8 (0xf3288583) x11 0x00000032 mem 0x8001fd5f
core   0: 0x800012fc (0x00009aaa) c.add   s5, a0
core   0: 3 0x800012fc (0x9aaa) x21 0x00009621
core   0: 0x800012fe (0x0228ca83) lbu     s5, 34(a7)
core   0: 3 0x800012fe (0x0228ca83) x21 0x00000032 mem 0x8001fe4f
core   0: 0x80001302 (0x0000997d) c.andi  a0, -1
core   0: 3 0x80001302 (0x997d) x10 0x00000000
core   0: 0x80001304 (0xfd38d583) lhu     a1, -45(a7)
core   0: 3 0x80001304 (0xfd38d583) x11 0x0000f183 mem 0x8001fe00
core   0: 0x80001308 (0x0b588d23) sb      s5, 186(a7)
core   0: 3 0x80001308 (0x0b588d23) mem 0x8001fee7 0x32
core   0: 0x8000130c (0x0000891d) c.andi  a0, 7
core   0: 3 0x8000130c (0x891d) x10 0x00000000
core   0: 0x8000130e (0x0205cab3) div     s5, a1, zero
core   0: 3 0x8000130e (0x0205cab3) x21 0xffffffff
core   0: 0x80001312 (0x0000957e) c.add   a0, t6
core   0: 3 0x80001312 (0x957e) x10 0xfffffe78
core   0: 0x80001314 (0x06b88f83) lb      t6, 107(a7)
core   0: 3 0x80001314 (0x06b88f83) x31 0x00000034 mem 0x8001fe98
core   0: 0x80001318 (0x00016417) auipc   s0, 0x16
core   0: 3 0x80001318 (0x00016417) x8  0x80017318
core   0: 0x8000131c (0x83240413) addi    s0, s0, -1998
core   0: 3 0x8000131c (0x83240413) x8  0x80016b4a
core   0: 0x80001320 (0x1da40283) lb      t0, 474(s0)
core   0: 3 0x80001320 (0x1da40283) x5  0xffffffd4 mem 0x80016d24
core   0: 0x80001324 (0xe3144a03) lbu     s4, -463(s0)
core   0: 3 0x80001324 (0xe3144a03) x20 0x0000003c mem 0x8001697b
core   0: 0x80001328 (0x002954b3) srl     s1, s2, sp
core   0: 3 0x80001328 (0x002954b3) x9  0x00000000
core   0: 0x8000132c (0x1a445703) lhu     a4, 420(s0)
core   0: 3 0x8000132c (0x1a445703) x14 0x0000f1c1 mem 0x80016cee
core   0: 0x80001330 (0x000080d5) c.srli  s1, 21
core   0: 3 0x80001330 (0x80d5) x9  0x00000000
core   0: 0x80001332 (0x3d140583) lb      a1, 977(s0)
core   0: 3 0x80001332 (0x3d140583) x11 0xffffffe7 mem 0x80016f1b
core   0: 0x80001336 (0xcbd40803) lb      a6, -835(s0)
core   0: 3 0x80001336 (0xcbd40803) x16 0x00000046 mem 0x80016807
core   0: 0x8000133a (0xc4242203) lw      tp, -958(s0)
core   0: 3 0x8000133a (0xc4242203) x4  0x804eb248 mem 0x8001678c
core   0: 0x8000133e (0x00000001) c.nop
core   0: 3 0x8000133e (0x0001)
core   0: 0x80001340 (0x03869533) mulh    a0, a3, s8
core   0: 3 0x80001340 (0x03869533) x10 0x00000000
core   0: 0x80001344 (0x03116f33) rem     t5, sp, a7
core   0: 3 0x80001344 (0x03116f33) x30 0x80029d24
core   0: 0x80001348 (0x000082d9) c.srli  a3, 22
core   0: 3 0x80001348 (0x82d9) x13 0x00000000
core   0: 0x8000134a (0x41e70233) sub     tp, a4, t5
core   0: 3 0x8000134a (0x41e70233) x4  0x7ffe549d
core   0: 0x8000134e (0x2bc40123) sb      t3, 674(s0)
core   0: 3 0x8000134e (0x2bc40123) mem 0x80016dec 0x00
core   0: 0x80001352 (0x0000951a) c.add   a0, t1
core   0: 3 0x80001352 (0x951a) x10 0x80001034
core   0: 0x80001354 (0x92442923) sw      tp, -1742(s0)
core   0: 3 0x80001354 (0x92442923) mem 0x8001647c 0x7ffe549d
core   0: 0x80001358 (0x3f045003) lhu     zero, 1008(s0)
core   0: 3 0x80001358 (0x3f045003) mem 0x80016f3a
core   0: 0x8000135c (0xfa540da3) sb      t0, -69(s0)
core   0: 3 0x8000135c (0xfa540da3) mem 0x80016b05 0xd4
core   0: 0x80001360 (0x90744303) lbu     t1, -1785(s0)
core   0: 3 0x80001360 (0x90744303) x6  0x00000027 mem 0x80016451
core   0: 0x80001364 (0x010401a3) sb      a6, 3(s0)
core   0: 3 0x80001364 (0x010401a3) mem 0x80016b4d 0x46
core   0: 0x80001368 (0x01b2fbb3) and     s7, t0, s11
core   0: 3 0x80001368 (0x01b2fbb3) x23 0xdbc0e000
core   0: 0x8000136c (0x13440423) sb      s4, 296(s0)
core   0: 3 0x8000136c (0x13440423) mem 0x80016c72 0x3c
core   0: 0x80001370 (0x82040183) lb      gp, -2016(s0)
core   0: 3 0x80001370 (0x82040183) x3  0x00000001 mem 0x8001636a
core   0: 0x80001374 (0xb9742723) sw      s7, -1138(s0)
core   0: 3 0x80001374 (0xb9742723) mem 0x800166d8 0xdbc0e000
core   0: 0x80001378 (0x02844b03) lbu     s6, 40(s0)
core   0: 3 0x80001378 (0x02844b03) x22 0x000000de mem 0x80016b72
core   0: 0x8000137c (0xb6342723) sw      gp, -1170(s0)
core   0: 3 0x8000137c (0xb6342723) mem 0x800166b8 0x00000001
core   0: 0x80001380 (0x00005ffd) c.li    t6, -1
core   0: 3 0x80001380 (0x5ffd) x31 0xffffffff
core   0: 0x80001382 (0x6e744983) lbu     s3, 1767(s0)
core   0: 3 0x80001382 (0x6e744983) x19 0x00000030 mem 0x80017231
core   0: 0x80001386 (0xca441583) lh      a1, -860(s0)
core   0: 3 0x80001386 (0xca441583) x11 0xffff874e mem 0x800167ee
core   0: 0x8000138a (0x48d40ba3) sb      a3, 1175(s0)
core   0: 3 0x8000138a (0x48d40ba3) mem 0x80016fe1 0x00
core   0: 0x8000138e (0xaf45b513) sltiu   a0, a1, -1292
core   0: 3 0x8000138e (0xaf45b513) x10 0x00000001
core   0: 0x80001392 (0xa2544283) lbu     t0, -1499(s0)
core   0: 3 0x80001392 (0xa2544283) x5  0x00000009 mem 0x8001656f
core   0: 0x80001396 (0xb5840e23) sb      s8, -1188(s0)
core   0: 3 0x80001396 (0xb5840e23) mem 0x800166a6 0x01
core   0: 0x8000139a (0xb3141f23) sh      a7, -1218(s0)
core   0: 3 0x8000139a (0xb3141f23) mem 0x80016688 0xfe2d
core   0: 0x8000139e (0x00000001) c.nop
core   0: 3 0x8000139e (0x0001)
core   0: 0x800013a0 (0x51ba4917) auipc   s2, 0x51ba4
core   0: 3 0x800013a0 (0x51ba4917) x18 0xd1ba53a0
core   0: 0x800013a4 (0x0fe41d03) lh      s10, 254(s0)
core   0: 3 0x800013a4 (0x0fe41d03) x26 0xffffb24f mem 0x80016c48
core   0: 0x800013a8 (0x0001ec17) auipc   s8, 0x1e
core   0: 3 0x800013a8 (0x0001ec17) x24 0x8001f3a8
core   0: 0x800013ac (0xfbdc0c13) addi    s8, s8, -67
core   0: 3 0x800013ac (0xfbdc0c13) x24 0x8001f365
core   0: 0x800013b0 (0x040c4583) lbu     a1, 64(s8)
core   0: 3 0x800013b0 (0x040c4583) x11 0x000000f4 mem 0x8001f3a5
core   0: 0x800013b4 (0xe39bc713) xori    a4, s7, -455
core   0: 3 0x800013b4 (0xe39bc713) x14 0x243f1e39
core   0: 0x800013b8 (0x000091f6) c.add   gp, t4
core   0: 3 0x800013b8 (0x91f6) x3  0x00000066
core   0: 0x800013ba (0xfcdc5803) lhu     a6, -51(s8)
core   0: 3 0x800013ba (0xfcdc5803) x16 0x00000597 mem 0x8001f332
core   0: 0x800013be (0x00008ea1) c.xor   a3, s0
core   0: 3 0x800013be (0x8ea1) x13 0x80016b4a
core   0: 0x800013c0 (0x99ae0897) auipc   a7, 0x99ae0
core   0: 3 0x800013c0 (0x99ae0897) x17 0x19ae13c0
core   0: 0x800013c4 (0x01d70ab3) add     s5, a4, t4
core   0: 3 0x800013c4 (0x01d70ab3) x21 0x243f1e9e
core   0: 0x800013c8 (0x170d3b93) sltiu   s7, s10, 368
core   0: 3 0x800013c8 (0x170d3b93) x23 0x00000000
core   0: 0x800013cc (0xfffc2d03) lw      s10, -1(s8)
core   0: 3 0x800013cc (0xfffc2d03) x26 0x01825661 mem 0x8001f364
core   0: 0x800013d0 (0x023c0f83) lb      t6, 35(s8)
core   0: 3 0x800013d0 (0x023c0f83) x31 0xffffffe3 mem 0x8001f388
core   0: 0x800013d4 (0x026c4503) lbu     a0, 38(s8)
core   0: 3 0x800013d4 (0x026c4503) x10 0x0000009b mem 0x8001f38b
core   0: 0x800013d8 (0x003c1593) slli    a1, s8, 3
core   0: 3 0x800013d8 (0x003c1593) x11 0x000f9b28
core   0: 0x800013dc (0xffbc2a03) lw      s4, -5(s8)
core   0: 3 0x800013dc (0xffbc2a03) x20 0xfa335ce8 mem 0x8001f360
core   0: 0x800013e0 (0x02dc1fa3) sh      a3, 63(s8)
core   0: 3 0x800013e0 (0x02dc1fa3) mem 0x8001f3a4 0x6b4a
core   0: 0x800013e4 (0xfdec12a3) sh      t5, -59(s8)
core   0: 3 0x800013e4 (0xfdec12a3) mem 0x8001f32a 0x9d24
core   0: 0x800013e8 (0x00ab6f33) or      t5, s6, a0
core   0: 3 0x800013e8 (0x00ab6f33) x30 0x000000df
core   0: 0x800013ec (0x032c0803) lb      a6, 50(s8)
core   0: 3 0x800013ec (0x032c0803) x16 0x00000078 mem 0x8001f397
core   0: 0x800013f0 (0x0000925a) c.add   tp, s6
core   0: 3 0x800013f0 (0x925a) x4  0x7ffe557b
core   0: 0x800013f2 (0x00008af1) c.andi  a3, 28
core   0: 3 0x800013f2 (0x8af1) x13 0x00000008
core   0: 0x800013f4 (0x036c04a3) sb      s6, 41(s8)
core   0: 3 0x800013f4 (0x036c04a3) mem 0x8001f38e 0xde
core   0: 0x800013f8 (0x033c1833) mulh    a6, s8, s3
core   0: 3 0x800013f8 (0x033c1833) x16 0xffffffe8
core   0: 0x800013fc (0xfe3c1b83) lh      s7, -29(s8)
core   0: 3 0x800013fc (0xfe3c1b83) x23 0x00000ac3 mem 0x8001f348
core   0: 0x80001400 (0xfc8c4b83) lbu     s7, -56(s8)
core   0: 3 0x80001400 (0xfc8c4b83) x23 0x00000039 mem 0x8001f32d
core   0: 0x80001404 (0x03fc0aa3) sb      t6, 53(s8)
core   0: 3 0x80001404 (0x03fc0aa3) mem 0x8001f39a 0xe3
core   0: 0x80001408 (0x282fa593) slti    a1, t6, 642
core   0: 3 0x80001408 (0x282fa593) x11 0x00000001
core   0: 0x8000140c (0x006c0903) lb      s2, 6(s8)
core   0: 3 0x8000140c (0x006c0903) x18 0xffffffe5 mem 0x8001f36b
core   0: 0x80001410 (0x010f5293) srli    t0, t5, 16
core   0: 3 0x80001410 (0x010f5293) x5  0x00000000
core   0: 0x80001414 (0x0324de33) divu    t3, s1, s2
core   0: 3 0x80001414 (0x0324de33) x28 0x00000000
core   0: 0x80001418 (0x01ec0123) sb      t5, 2(s8)
core   0: 3 0x80001418 (0x01ec0123) mem 0x8001f367 0xdf
core   0: 0x8000141c (0xfcbc13a3) sh      a1, -57(s8)
core   0: 3 0x8000141c (0xfcbc13a3) mem 0x8001f32c 0x0001
core   0: 0x80001420 (0x015c1e83) lh      t4, 21(s8)
core   0: 3 0x80001420 (0x015c1e83) x29 0x00005d2b mem 0x8001f37a
core   0: 0x80001424 (0xfc2c4e83) lbu     t4, -62(s8)
core   0: 3 0x80001424 (0xfc2c4e83) x29 0x000000ce mem 0x8001f327
core   0: 0x80001428 (0x00008685) c.srai  a3, 1
core   0: 3 0x80001428 (0x8685) x13 0x00000004
core   0: 0x8000142a (0x003c12a3) sh      gp, 5(s8)
core   0: 3 0x8000142a (0x003c12a3) mem 0x8001f36a 0x0066
core   0: 0x8000142e (0x00008d99) c.sub   a1, a4
core   0: 3 0x8000142e (0x8d99) x11 0xdbc0e1c8
core   0: 0x80001430 (0x40285493) srai    s1, a6, 2
core   0: 3 0x80001430 (0x40285493) x9  0xfffffffa
core   0: 0x80001434 (0x02ec0b83) lb      s7, 46(s8)
core   0: 3 0x80001434 (0x02ec0b83) x23 0xffffff92 mem 0x8001f393
core   0: 0x80001438 (0x3cb67f93) andi    t6, a2, 971
core   0: 3 0x80001438 (0x3cb67f93) x31 0x00000001
core   0: 0x8000143c (0xff5c0f83) lb      t6, -11(s8)
core   0: 3 0x8000143c (0xff5c0f83) x31 0xffffffdd mem 0x8001f35a
core   0: 0x80001440 (0xb452c693) xori    a3, t0, -1211
core   0: 3 0x80001440 (0xb452c693) x13 0xfffffb45
core   0: 0x80001444 (0x01ac0c83) lb      s9, 26(s8)
core   0: 3 0x80001444 (0x01ac0c83) x25 0xfffffff9 mem 0x8001f37f
core   0: 0x80001448 (0x011c29a3) sw      a7, 19(s8)
core   0: 3 0x80001448 (0x011c29a3) mem 0x8001f378 0x19ae13c0
core   0: 0x8000144c (0x040c4d03) lbu     s10, 64(s8)
core   0: 3 0x8000144c (0x040c4d03) x26 0x0000006b mem 0x8001f3a5
core   0: 0x80001450 (0x01178d33) add     s10, a5, a7
core   0: 3 0x80001450 (0x01178d33) x26 0x99ae13c0
core   0: 0x80001454 (0xfdcc10a3) sh      t3, -63(s8)
core   0: 3 0x80001454 (0xfdcc10a3) mem 0x8001f326 0x0000
core   0: 0x80001458 (0x00008545) c.srai  a0, 17
core   0: 3 0x80001458 (0x8545) x10 0x00000000
core   0: 0x8000145a (0x001c0303) lb      t1, 1(s8)
core   0: 3 0x8000145a (0x001c0303) x6  0xffffff82 mem 0x8001f366
core   0: 0x8000145e (0x021c08a3) sb      ra, 49(s8)
core   0: 3 0x8000145e (0x021c08a3) mem 0x8001f396 0x01
core   0: 0x80001462 (0xfcac0d83) lb      s11, -54(s8)
core   0: 3 0x80001462 (0xfcac0d83) x27 0x00000054 mem 0x8001f32f
core   0: 0x80001466 (0x35b10493) addi    s1, sp, 859
core   0: 3 0x80001466 (0x35b10493) x9  0x8002a07f
core   0: 0x8000146a (0xfdfc2803) lw      a6, -33(s8)
core   0: 3 0x8000146a (0xfdfc2803) x16 0xb31a928f mem 0x8001f344
core   0: 0x8000146e (0x0000f197) auipc   gp, 0xf
core   0: 3 0x8000146e (0x0000f197) x3  0x8001046e
core   0: 0x80001472 (0x71918193) addi    gp, gp, 1817
core   0: 3 0x80001472 (0x71918193) x3  0x80010b87
core   0: 0x80001476 (0x39e18f23) sb      t5, 926(gp)
core   0: 3 0x80001476 (0x39e18f23) mem 0x80010f25 0xdf
core   0: 0x8000147a (0xeab19e83) lh      t4, -341(gp)
core   0: 3 0x8000147a (0xeab19e83) x29 0x000055fb mem 0x80010a32
core   0: 0x8000147e (0xeaa185a3) sb      a0, -341(gp)
core   0: 3 0x8000147e (0xeaa185a3) mem 0x80010a32 0x00
core   0: 0x80001482 (0xeab18f03) lb      t5, -341(gp)
core   0: 3 0x80001482 (0xeab18f03) x30 0x00000000 mem 0x80010a32
core   0: 0x80001486 (0xeab18983) lb      s3, -341(gp)
core   0: 3 0x80001486 (0xeab18983) x19 0x00000000 mem 0x80010a32
core   0: 0x8000148a (0xce11a8a3) sw      ra, -783(gp)
core   0: 3 0x8000148a (0xce11a8a3) mem 0x80010878 0x00000001
core   0: 0x8000148e (0xcf11c203) lbu     tp, -783(gp)
core   0: 3 0x8000148e (0xcf11c203) x4  0x00000001 mem 0x80010878
core   0: 0x80001492 (0x02ec90b3) mulh    ra, s9, a4
core   0: 3 0x80001492 (0x02ec90b3) x1  0xffffffff
core   0: 0x80001496 (0xae818903) lb      s2, -1304(gp)
core   0: 3 0x80001496 (0xae818903) x18 0xffffffb8 mem 0x8001066f
core   0: 0x8000149a (0xae81c983) lbu     s3, -1304(gp)
core   0: 3 0x8000149a (0xae81c983) x19 0x000000b8 mem 0x8001066f
core   0: 0x8000149e (0xae81c903) lbu     s2, -1304(gp)
core   0: 3 0x8000149e (0xae81c903) x18 0x000000b8 mem 0x8001066f
core   0: 0x800014a2 (0xae818f83) lb      t6, -1304(gp)
core   0: 3 0x800014a2 (0xae818f83) x31 0xffffffb8 mem 0x8001066f
core   0: 0x800014a6 (0xae818503) lb      a0, -1304(gp)
core   0: 3 0x800014a6 (0xae818503) x10 0xffffffb8 mem 0x8001066f
core   0: 0x800014aa (0xd49183a3) sb      s1, -697(gp)
core   0: 3 0x800014aa (0xd49183a3) mem 0x800108ce 0x7f
core   0: 0x800014ae (0xd5f183a3) sb      t6, -697(gp)
core   0: 3 0x800014ae (0xd5f183a3) mem 0x800108ce 0xb8
core   0: 0x800014b2 (0xd4719583) lh      a1, -697(gp)
core   0: 3 0x800014b2 (0xd4719583) x11 0x000025b8 mem 0x800108ce
core   0: 0x800014b6 (0xd4719603) lh      a2, -697(gp)
core   0: 3 0x800014b6 (0xd4719603) x12 0x000025b8 mem 0x800108ce
core   0: 0x800014ba (0xc8e1ca03) lbu     s4, -882(gp)
core   0: 3 0x800014ba (0xc8e1ca03) x20 0x0000003b mem 0x80010815
core   0: 0x800014be (0xc8e18f83) lb      t6, -882(gp)
core   0: 3 0x800014be (0xc8e18f83) x31 0x0000003b mem 0x80010815
core   0: 0x800014c2 (0x01e0036f) jal     t1, pc + 0x1e
core   0: 3 0x800014c2 (0x01e0036f) x6  0x800014c6
core   0: 0x800014e0 (0x00003ff5) c.jal   pc - 4
core   0: 3 0x800014e0 (0x3ff5) x1  0x800014e2
core   0: 0x800014dc (0x0000b7fd) c.j     pc - 18
core   0: 3 0x800014dc (0xb7fd)
core   0: 0x800014ca (0x00e0026f) jal     tp, pc + 0xe
core   0: 3 0x800014ca (0x00e0026f) x4  0x800014ce
core   0: 0x800014d8 (0xfefff36f) jal     t1, pc - 0x12
core   0: 3 0x800014d8 (0xfefff36f) x6  0x800014dc
core   0: 0x800014c6 (0x0180026f) jal     tp, pc + 0x18
core   0: 3 0x800014c6 (0x0180026f) x4  0x800014ca
core   0: 0x800014de (0x0000bfc5) c.j     pc - 16
core   0: 3 0x800014de (0xbfc5)
core   0: 0x800014ce (0x014000ef) jal     pc + 0x14
core   0: 3 0x800014ce (0x014000ef) x1  0x800014d2
core   0: 0x800014e2 (0x0000bfc5) c.j     pc - 16
core   0: 3 0x800014e2 (0xbfc5)
core   0: 0x800014d2 (0x0000a009) c.j     pc + 2
core   0: 3 0x800014d2 (0xa009)
core   0: 0x800014d4 (0x010002ef) jal     t0, pc + 0x10
core   0: 3 0x800014d4 (0x010002ef) x5  0x800014d8
core   0: 0x800014e4 (0x00000001) c.nop
core   0: 3 0x800014e4 (0x0001)
core   0: 0x800014e6 (0x0260036f) jal     t1, pc + 0x26
core   0: 3 0x800014e6 (0x0260036f) x6  0x800014ea
core   0: 0x8000150c (0x00003ff9) c.jal   pc - 34
core   0: 3 0x8000150c (0x3ff9) x1  0x8000150e
core   0: 0x800014ea (0x00800cef) jal     s9, pc + 0x8
core   0: 3 0x800014ea (0x00800cef) x25 0x800014ee
core   0: 0x800014f2 (0x00002021) c.jal   pc + 8
core   0: 3 0x800014f2 (0x2021) x1  0x800014f4
core   0: 0x800014fa (0x0000bfd5) c.j     pc - 12
core   0: 3 0x800014fa (0xbfd5)
core   0: 0x800014ee (0x0080036f) jal     t1, pc + 0x8
core   0: 3 0x800014ee (0x0080036f) x6  0x800014f2
core   0: 0x800014f6 (0x00002009) c.jal   pc + 2
core   0: 3 0x800014f6 (0x2009) x1  0x800014f8
core   0: 0x800014f8 (0x00002031) c.jal   pc + 12
core   0: 3 0x800014f8 (0x2031) x1  0x800014fa
core   0: 0x80001504 (0x0000a011) c.j     pc + 4
core   0: 3 0x80001504 (0xa011)
core   0: 0x80001508 (0x0060036f) jal     t1, pc + 0x6
core   0: 3 0x80001508 (0x0060036f) x6  0x8000150c
core   0: 0x8000150e (0x00003fcd) c.jal   pc - 14
core   0: 3 0x8000150e (0x3fcd) x1  0x80001510
core   0: 0x80001500 (0x006008ef) jal     a7, pc + 0x6
core   0: 3 0x80001500 (0x006008ef) x17 0x80001504
core   0: 0x80001506 (0x0000bfdd) c.j     pc - 10
core   0: 3 0x80001506 (0xbfdd)
core   0: 0x800014fc (0xff9ff0ef) jal     pc - 0x8
core   0: 3 0x800014fc (0xff9ff0ef) x1  0x80001500
core   0: 0x800014f4 (0x00002831) c.jal   pc + 28
core   0: 3 0x800014f4 (0x2831) x1  0x800014f6
core   0: 0x80001510 (0x403f00b3) sub     ra, t5, gp
core   0: 3 0x80001510 (0x403f00b3) x1  0x7ffef479
core   0: 0x80001514 (0x0000f597) auipc   a1, 0xf
core   0: 3 0x80001514 (0x0000f597) x11 0x80010514
core   0: 0x80001518 (0x5bd58593) addi    a1, a1, 1469
core   0: 3 0x80001518 (0x5bd58593) x11 0x80010ad1
core   0: 0x8000151c (0x41a4d8b3) sra     a7, s1, s10
core   0: 3 0x8000151c (0x41a4d8b3) x17 0x8002a07f
core   0: 0x80001520 (0x87559f83) lh      t6, -1931(a1)
core   0: 3 0x80001520 (0x87559f83) x31 0x00003e60 mem 0x80010346
core   0: 0x80001524 (0x86059aa3) sh      zero, -1931(a1)
core   0: 3 0x80001524 (0x86059aa3) mem 0x80010346 0x0000
core   0: 0x80001528 (0x000062c9) c.lui   t0, 0x12
core   0: 3 0x80001528 (0x62c9) x5  0x00012000
core   0: 0x8000152a (0x94e58903) lb      s2, -1714(a1)
core   0: 3 0x8000152a (0x94e58903) x18 0xffffff84 mem 0x8001041f
core   0: 0x8000152e (0x00008f71) c.and   a4, a2
core   0: 3 0x8000152e (0x8f71) x14 0x00000438
core   0: 0x80001530 (0x02483033) mulhu   zero, a6, tp
core   0: 3 0x80001530 (0x02483033)
core   0: 0x80001534 (0xf2f59203) lh      tp, -209(a1)
core   0: 3 0x80001534 (0xf2f59203) x4  0x00006f6c mem 0x80010a00
core   0: 0x80001538 (0xf3e587a3) sb      t5, -209(a1)
core   0: 3 0x80001538 (0xf3e587a3) mem 0x80010a00 0x00
core   0: 0x8000153c (0xcb258403) lb      s0, -846(a1)
core   0: 3 0x8000153c (0xcb258403) x8  0x0000006a mem 0x80010783
core   0: 0x80001540 (0x89a58603) lb      a2, -1894(a1)
core   0: 3 0x80001540 (0x89a58603) x12 0x0000000c mem 0x8001036b
core   0: 0x80001544 (0xaf758323) sb      s7, -1306(a1)
core   0: 3 0x80001544 (0xaf758323) mem 0x800105b7 0x92
core   0: 0x80001548 (0xc355c603) lbu     a2, -971(a1)
core   0: 3 0x80001548 (0xc355c603) x12 0x000000a6 mem 0x80010706
core   0: 0x8000154c (0xc355c403) lbu     s0, -971(a1)
core   0: 3 0x8000154c (0xc355c403) x8  0x000000a6 mem 0x80010706
core   0: 0x80001550 (0x11e58303) lb      t1, 286(a1)
core   0: 3 0x80001550 (0x11e58303) x6  0xffffffe5 mem 0x80010bef
core   0: 0x80001554 (0x9485cc83) lbu     s9, -1720(a1)
core   0: 3 0x80001554 (0x9485cc83) x25 0x000000bb mem 0x80010419
core   0: 0x80001558 (0x2fb58323) sb      s11, 742(a1)
core   0: 3 0x80001558 (0x2fb58323) mem 0x80010db7 0x54
core   0: 0x8000155c (0x48c59ca3) sh      a2, 1177(a1)
core   0: 3 0x8000155c (0x48c59ca3) mem 0x80010f6a 0x00a6
core   0: 0x80001560 (0x68d3e617) auipc   a2, 0x68d3e
core   0: 3 0x80001560 (0x68d3e617) x12 0xe8d3f560
core   0: 0x80001564 (0x02b659b3) divu    s3, a2, a1
core   0: 3 0x80001564 (0x02b659b3) x19 0x00000001
core   0: 0x80001568 (0x48e59ca3) sh      a4, 1177(a1)
core   0: 3 0x80001568 (0x48e59ca3) mem 0x80010f6a 0x0438
core   0: 0x8000156c (0x0001a617) auipc   a2, 0x1a
core   0: 3 0x8000156c (0x0001a617) x12 0x8001b56c
core   0: 0x80001570 (0x22660613) addi    a2, a2, 550
core   0: 3 0x80001570 (0x22660613) x12 0x8001b792
core   0: 0x80001574 (0x591d0e93) addi    t4, s10, 1425
core   0: 3 0x80001574 (0x591d0e93) x29 0x99ae1951
core   0: 0x80001578 (0x00008a91) c.andi  a3, 4
core   0: 3 0x80001578 (0x8a91) x13 0x00000004
core   0: 0x8000157a (0xfc261e03) lh      t3, -62(a2)
core   0: 3 0x8000157a (0xfc261e03) x28 0x000048b9 mem 0x8001b754
core   0: 0x8000157e (0xed00ce93) xori    t4, ra, -304
core   0: 3 0x8000157e (0xed00ce93) x29 0x80010aa9
core   0: 0x80001582 (0x01c884b3) add     s1, a7, t3
core   0: 3 0x80001582 (0x01c884b3) x9  0x8002e938
core   0: 0x80001586 (0x03f94533) div     a0, s2, t6
core   0: 3 0x80001586 (0x03f94533) x10 0x00000000
core   0: 0x8000158a (0x01d604a3) sb      t4, 9(a2)
core   0: 3 0x8000158a (0x01d604a3) mem 0x8001b79b 0xa9
core   0: 0x8000158e (0x01b6df13) srli    t5, a3, 27
core   0: 3 0x8000158e (0x01b6df13) x30 0x00000000
core   0: 0x80001592 (0x02260ea3) sb      sp, 61(a2)
core   0: 3 0x80001592 (0x02260ea3) mem 0x8001b7cf 0x24
core   0: 0x80001596 (0x03a62183) lw      gp, 58(a2)
core   0: 3 0x80001596 (0x03a62183) x3  0x24966833 mem 0x8001b7cc
core   0: 0x8000159a (0x032f3fb3) mulhu   t6, t5, s2
core   0: 3 0x8000159a (0x032f3fb3) x31 0x00000000
core   0: 0x8000159e (0xfe060983) lb      s3, -32(a2)
core   0: 3 0x8000159e (0xfe060983) x19 0xfffffff4 mem 0x8001b772
core   0: 0x800015a2 (0x00160483) lb      s1, 1(a2)
core   0: 3 0x800015a2 (0x00160483) x9  0xffffffb5 mem 0x8001b793
core   0: 0x800015a6 (0x011600a3) sb      a7, 1(a2)
core   0: 3 0x800015a6 (0x011600a3) mem 0x8001b793 0x7f
core   0: 0x800015aa (0x008600a3) sb      s0, 1(a2)
core   0: 3 0x800015aa (0x008600a3) mem 0x8001b793 0xa6
core   0: 0x800015ae (0x00008efd) c.and   a3, a5
core   0: 3 0x800015ae (0x8efd) x13 0x00000000
core   0: 0x800015b0 (0x00461d23) sh      tp, 26(a2)
core   0: 3 0x800015b0 (0x00461d23) mem 0x8001b7ac 0x6f6c
core   0: 0x800015b4 (0xd1bdc837) lui     a6, 0xd1bdc
core   0: 3 0x800015b4 (0xd1bdc837) x16 0xd1bdc000
core   0: 0x800015b8 (0x0000641d) c.lui   s0, 0x7
core   0: 3 0x800015b8 (0x641d) x8  0x00007000
core   0: 0x800015ba (0x01dbbdb3) sltu    s11, s7, t4
core   0: 3 0x800015ba (0x01dbbdb3) x27 0x00000000
core   0: 0x800015be (0x03f64f03) lbu     t5, 63(a2)
core   0: 3 0x800015be (0x03f64f03) x30 0x000000e5 mem 0x8001b7d1
core   0: 0x800015c2 (0x41c108b3) sub     a7, sp, t3
core   0: 3 0x800015c2 (0x41c108b3) x17 0x8002546b
core   0: 0x800015c6 (0x7add6e97) auipc   t4, 0x7add6
core   0: 3 0x800015c6 (0x7add6e97) x29 0xfadd75c6
core   0: 0x800015ca (0x01860183) lb      gp, 24(a2)
core   0: 3 0x800015ca (0x01860183) x3  0xffffffce mem 0x8001b7aa
core   0: 0x800015ce (0x0000875d) c.srai  a4, 23
core   0: 3 0x800015ce (0x875d) x14 0x00000000
core   0: 0x800015d0 (0x016ca0b3) slt     ra, s9, s6
core   0: 3 0x800015d0 (0x016ca0b3) x1  0x00000001
core   0: 0x800015d4 (0x02360183) lb      gp, 35(a2)
core   0: 3 0x800015d4 (0x02360183) x3  0xffffffa3 mem 0x8001b7b5
core   0: 0x800015d8 (0xc0bf6413) ori     s0, t5, -1013
core   0: 3 0x800015d8 (0xc0bf6413) x8  0xfffffcef
core   0: 0x800015dc (0x0dc4ed13) ori     s10, s1, 220
core   0: 3 0x800015dc (0x0dc4ed13) x26 0xfffffffd
core   0: 0x800015e0 (0xfcf60a03) lb      s4, -49(a2)
core   0: 3 0x800015e0 (0xfcf60a03) x20 0xffffffa7 mem 0x8001b761
core   0: 0x800015e4 (0x0000840d) c.srai  s0, 3
core   0: 3 0x800015e4 (0x840d) x8  0xffffff9d
core   0: 0x800015e6 (0x02f44433) div     s0, s0, a5
core   0: 3 0x800015e6 (0x02f44433) x8  0x00000000
core   0: 0x800015ea (0x01760883) lb      a7, 23(a2)
core   0: 3 0x800015ea (0x01760883) x17 0x00000047 mem 0x8001b7a9
core   0: 0x800015ee (0x03d60003) lb      zero, 61(a2)
core   0: 3 0x800015ee (0x03d60003) mem 0x8001b7cf
core   0: 0x800015f2 (0x000001d6) c.slli  gp, 21
core   0: 3 0x800015f2 (0x01d6) x3  0xf4600000
core   0: 0x800015f4 (0xfed60c83) lb      s9, -19(a2)
core   0: 3 0x800015f4 (0xfed60c83) x25 0x0000007b mem 0x8001b77f
core   0: 0x800015f8 (0x000099fd) c.andi  a1, -1
core   0: 3 0x800015f8 (0x99fd) x11 0x80010ad1
core   0: 0x800015fa (0x41885913) srai    s2, a6, 24
core   0: 3 0x800015fa (0x41885913) x18 0xffffffd1
core   0: 0x800015fe (0x0a1feb93) ori     s7, t6, 161
core   0: 3 0x800015fe (0x0a1feb93) x23 0x000000a1
core   0: 0x80001602 (0xff062d23) sw      a6, -6(a2)
core   0: 3 0x80001602 (0xff062d23) mem 0x8001b78c 0xd1bdc000
core   0: 0x80001606 (0x02760523) sb      t2, 42(a2)
core   0: 3 0x80001606 (0x02760523) mem 0x8001b7bc 0xa4
core   0: 0x8000160a (0x00945c93) srli    s9, s0, 9
core   0: 3 0x8000160a (0x00945c93) x25 0x00000000
core   0: 0x8000160e (0xfd960483) lb      s1, -39(a2)
core   0: 3 0x8000160e (0xfd960483) x9  0x00000035 mem 0x8001b76b
core   0: 0x80001612 (0x037dfa33) remu    s4, s11, s7
core   0: 3 0x80001612 (0x037dfa33) x20 0x00000000
core   0: 0x80001616 (0x00560083) lb      ra, 5(a2)
core   0: 3 0x80001616 (0x00560083) x1  0x00000079 mem 0x8001b797
core   0: 0x8000161a (0x02a0036f) jal     t1, pc + 0x2a
core   0: 3 0x8000161a (0x02a0036f) x6  0x8000161e
core   0: 0x80001644 (0x00003fd5) c.jal   pc - 12
core   0: 3 0x80001644 (0x3fd5) x1  0x80001646
core   0: 0x80001638 (0x000037e5) c.jal   pc - 24
core   0: 3 0x80001638 (0x37e5) x1  0x8000163a
core   0: 0x80001620 (0x0000282d) c.jal   pc + 58
core   0: 3 0x80001620 (0x282d) x1  0x80001622
core   0: 0x8000165a (0x000037e9) c.jal   pc - 54
core   0: 3 0x8000165a (0x37e9) x1  0x8000165c
core   0: 0x80001624 (0x00002021) c.jal   pc + 8
core   0: 3 0x80001624 (0x2021) x1  0x80001626
core   0: 0x8000162c (0x0000bfcd) c.j     pc - 14
core   0: 3 0x8000162c (0xbfcd)
core   0: 0x8000161e (0x0000283d) c.jal   pc + 62
core   0: 3 0x8000161e (0x283d) x1  0x80001620
core   0: 0x8000165c (0x000037e9) c.jal   pc - 54
core   0: 3 0x8000165c (0x37e9) x1  0x8000165e
core   0: 0x80001626 (0x0000a01d) c.j     pc + 38
core   0: 3 0x80001626 (0xa01d)
core   0: 0x8000164c (0x00a0036f) jal     t1, pc + 0xa
core   0: 3 0x8000164c (0x00a0036f) x6  0x80001650
core   0: 0x80001656 (0xfe9ff1ef) jal     gp, pc - 0x18
core   0: 3 0x80001656 (0xfe9ff1ef) x3  0x8000165a
core   0: 0x8000163e (0x0000b7d5) c.j     pc - 28
core   0: 3 0x8000163e (0xb7d5)
core   0: 0x80001622 (0x0000a039) c.j     pc + 14
core   0: 3 0x80001622 (0xa039)
core   0: 0x80001630 (0x020005ef) jal     a1, pc + 0x20
core   0: 3 0x80001630 (0x020005ef) x11 0x80001634
core   0: 0x80001650 (0x00003fe1) c.jal   pc - 40
core   0: 3 0x80001650 (0x3fe1) x1  0x80001652
core   0: 0x80001628 (0x0000202d) c.jal   pc + 42
core   0: 3 0x80001628 (0x202d) x1  0x8000162a
core   0: 0x80001652 (0x0000bfc5) c.j     pc - 16
core   0: 3 0x80001652 (0xbfc5)
core   0: 0x80001642 (0x0000a021) c.j     pc + 8
core   0: 3 0x80001642 (0xa021)
core   0: 0x8000164a (0x0000a029) c.j     pc + 10
core   0: 3 0x8000164a (0xa029)
core   0: 0x80001654 (0x00003fd9) c.jal   pc - 42
core   0: 3 0x80001654 (0x3fd9) x1  0x80001656
core   0: 0x8000162a (0x0000a011) c.j     pc + 4
core   0: 3 0x8000162a (0xa011)
core   0: 0x8000162e (0x0000a821) c.j     pc + 24
core   0: 3 0x8000162e (0xa821)
core   0: 0x80001646 (0xff5ff36f) jal     t1, pc - 0xc
core   0: 3 0x80001646 (0xff5ff36f) x6  0x8000164a
core   0: 0x8000163a (0x006000ef) jal     pc + 0x6
core   0: 3 0x8000163a (0x006000ef) x1  0x8000163e
core   0: 0x80001640 (0x00003fd5) c.jal   pc - 12
core   0: 3 0x80001640 (0x3fd5) x1  0x80001642
core   0: 0x80001634 (0x02a000ef) jal     pc + 0x2a
core   0: 3 0x80001634 (0x02a000ef) x1  0x80001638
core   0: 0x8000165e (0x0120e6b3) or      a3, ra, s2
core   0: 3 0x8000165e (0x0120e6b3) x13 0xfffffff9
core   0: 0x80001662 (0x0000fc17) auipc   s8, 0xf
core   0: 3 0x80001662 (0x0000fc17) x24 0x80010662
core   0: 0x80001666 (0x0c7c0c13) addi    s8, s8, 199
core   0: 3 0x80001666 (0x0c7c0c13) x24 0x80010729
core   0: 0x8000166a (0x00e86633) or      a2, a6, a4
core   0: 3 0x8000166a (0x00e86633) x12 0xd1bdc000
core   0: 0x8000166e (0x00000001) c.nop
core   0: 3 0x8000166e (0x0001)
core   0: 0x80001670 (0xc37c0d23) sb      s7, -966(s8)
core   0: 3 0x80001670 (0xc37c0d23) mem 0x80010363 0xa1
core   0: 0x80001674 (0xa88c0d03) lb      s10, -1400(s8)
core   0: 3 0x80001674 (0xa88c0d03) x26 0xffffffbe mem 0x800101b1
core   0: 0x80001678 (0x94cc0923) sb      a2, -1710(s8)
core   0: 3 0x80001678 (0x94cc0923) mem 0x8001007b 0x00
core   0: 0x8000167c (0xf32c0583) lb      a1, -206(s8)
core   0: 3 0x8000167c (0xf32c0583) x11 0x0000003b mem 0x8001065b
core   0: 0x80001680 (0xbcec0b03) lb      s6, -1074(s8)
core   0: 3 0x80001680 (0xbcec0b03) x22 0xffffff83 mem 0x800102f7
core   0: 0x80001684 (0x784c4403) lbu     s0, 1924(s8)
core   0: 3 0x80001684 (0x784c4403) x8  0x00000069 mem 0x80010ead
core   0: 0x80001688 (0xde2c4203) lbu     tp, -542(s8)
core   0: 3 0x80001688 (0xde2c4203) x4  0x000000ab mem 0x8001050b
core   0: 0x8000168c (0x0c9c1503) lh      a0, 201(s8)
core   0: 3 0x8000168c (0x0c9c1503) x10 0xffff87c5 mem 0x800107f2
core   0: 0x80001690 (0x00008e85) c.sub   a3, s1
core   0: 3 0x80001690 (0x8e85) x13 0xffffffc4
core   0: 0x80001692 (0x618c0123) sb      s8, 1538(s8)
core   0: 3 0x80001692 (0x618c0123) mem 0x80010d2b 0x29
core   0: 0x80001696 (0x422c0603) lb      a2, 1058(s8)
core   0: 3 0x80001696 (0x422c0603) x12 0x00000033 mem 0x80010b4b
core   0: 0x8000169a (0xfa8c13a3) sh      s0, -89(s8)
core   0: 3 0x8000169a (0xfa8c13a3) mem 0x800106d0 0x0069
core   0: 0x8000169e (0x0000850a) c.mv    a0, sp
core   0: 3 0x8000169e (0x850a) x10 0x80029d24
core   0: 0x800016a0 (0x5c2ed2b7) lui     t0, 0x5c2ed
core   0: 3 0x800016a0 (0x5c2ed2b7) x5  0x5c2ed000
core   0: 0x800016a4 (0x00008885) c.andi  s1, 1
core   0: 3 0x800016a4 (0x8885) x9  0x00000001
core   0: 0x800016a6 (0xe15c5503) lhu     a0, -491(s8)
core   0: 3 0x800016a6 (0xe15c5503) x10 0x0000ea3e mem 0x8001053e
core   0: 0x800016aa (0x573c0523) sb      s3, 1386(s8)
core   0: 3 0x800016aa (0x573c0523) mem 0x80010c93 0xf4
core   0: 0x800016ae (0x00000001) c.nop
core   0: 3 0x800016ae (0x0001)
core   0: 0x800016b0 (0xe02c4b03) lbu     s6, -510(s8)
core   0: 3 0x800016b0 (0xe02c4b03) x22 0x00000078 mem 0x8001052b
core   0: 0x800016b4 (0x00a8c2b3) xor     t0, a7, a0
core   0: 3 0x800016b4 (0x00a8c2b3) x5  0x0000ea79
core   0: 0x800016b8 (0x004e6733) or      a4, t3, tp
core   0: 3 0x800016b8 (0x004e6733) x14 0x000048bb
core   0: 0x800016bc (0x78222837) lui     a6, 0x78222
core   0: 3 0x800016bc (0x78222837) x16 0x78222000
core   0: 0x800016c0 (0x012c9293) slli    t0, s9, 18
core   0: 3 0x800016c0 (0x012c9293) x5  0x00000000
core   0: 0x800016c4 (0x0336cab3) div     s5, a3, s3
core   0: 3 0x800016c4 (0x0336cab3) x21 0x00000005
core   0: 0x800016c8 (0x41f80db3) sub     s11, a6, t6
core   0: 3 0x800016c8 (0x41f80db3) x27 0x78222000
core   0: 0x800016cc (0x9e6c0a03) lb      s4, -1562(s8)
core   0: 3 0x800016cc (0x9e6c0a03) x20 0x00000066 mem 0x8001010f
core   0: 0x800016d0 (0x00008d29) c.xor   a0, a0
core   0: 3 0x800016d0 (0x8d29) x10 0x00000000
core   0: 0x800016d2 (0x7c5c00a3) sb      t0, 1985(s8)
core   0: 3 0x800016d2 (0x7c5c00a3) mem 0x80010eea 0x00
core   0: 0x800016d6 (0x237c2fa3) sw      s7, 575(s8)
core   0: 3 0x800016d6 (0x237c2fa3) mem 0x80010968 0x000000a1
core   0: 0x800016da (0x226c4e83) lbu     t4, 550(s8)
core   0: 3 0x800016da (0x226c4e83) x29 0x000000e8 mem 0x8001094f
core   0: 0x800016de (0x095c1f83) lh      t6, 149(s8)
core   0: 3 0x800016de (0x095c1f83) x31 0x000047e4 mem 0x800107be
core   0: 0x800016e2 (0xf79c4283) lbu     t0, -135(s8)
core   0: 3 0x800016e2 (0xf79c4283) x5  0x0000000a mem 0x800106a2
core   0: 0x800016e6 (0x3ddc0aa3) sb      t4, 981(s8)
core   0: 3 0x800016e6 (0x3ddc0aa3) mem 0x80010afe 0xe8
core   0: 0x800016ea (0x131c00a3) sb      a7, 289(s8)
core   0: 3 0x800016ea (0x131c00a3) mem 0x8001084a 0x47
core   0: 0x800016ee (0x033f0d33) mul     s10, t5, s3
core   0: 3 0x800016ee (0x033f0d33) x26 0xfffff544
core   0: 0x800016f2 (0x0a4c0403) lb      s0, 164(s8)
core   0: 3 0x800016f2 (0x0a4c0403) x8  0x00000044 mem 0x800107cd
core   0: 0x800016f6 (0x03f42733) mulhsu  a4, s0, t6
core   0: 3 0x800016f6 (0x03f42733) x14 0x00000000
core   0: 0x800016fa (0x00008db5) c.xor   a1, a3
core   0: 3 0x800016fa (0x8db5) x11 0xffffffff
core   0: 0x800016fc (0xf5cac593) xori    a1, s5, -164
core   0: 3 0x800016fc (0xf5cac593) x11 0xffffff59
core   0: 0x80001700 (0x0e6c4903) lbu     s2, 230(s8)
core   0: 3 0x80001700 (0x0e6c4903) x18 0x000000d7 mem 0x8001080f
core   0: 0x80001704 (0x30cc09a3) sb      a2, 787(s8)
core   0: 3 0x80001704 (0x30cc09a3) mem 0x80010a3c 0x33
core   0: 0x80001708 (0x5edb8713) addi    a4, s7, 1517
core   0: 3 0x80001708 (0x5edb8713) x14 0x0000068e
core   0: 0x8000170c (0x41bfd013) srai    zero, t6, 27
core   0: 3 0x8000170c (0x41bfd013)
core   0: 0x80001710 (0x631c5a83) lhu     s5, 1585(s8)
core   0: 3 0x80001710 (0x631c5a83) x21 0x00000373 mem 0x80010d5a
core   0: 0x80001714 (0x00005f61) c.li    t5, -8
core   0: 3 0x80001714 (0x5f61) x30 0xfffffff8
core   0: 0x80001716 (0x00005375) c.li    t1, -3
core   0: 3 0x80001716 (0x5375) x6  0xfffffffd
core   0: 0x80001718 (0x01063433) sltu    s0, a2, a6
core   0: 3 0x80001718 (0x01063433) x8  0x00000001
core   0: 0x8000171c (0xd126a593) slti    a1, a3, -750
core   0: 3 0x8000171c (0xd126a593) x11 0x00000000
core   0: 0x80001720 (0x80da9ab7) lui     s5, 0x80da9
core   0: 3 0x80001720 (0x80da9ab7) x21 0x80da9000
core   0: 0x80001724 (0x00000f19) c.addi  t5, 6
core   0: 3 0x80001724 (0x0f19) x30 0xfffffffe
core   0: 0x80001726 (0xe5da0297) auipc   t0, 0xe5da0
core   0: 3 0x80001726 (0xe5da0297) x5  0x65da1726
core   0: 0x8000172a (0x0012bb33) sltu    s6, t0, ra
core   0: 3 0x8000172a (0x0012bb33) x22 0x00000001
core   0: 0x8000172e (0x00005e79) c.li    t3, -2
core   0: 3 0x8000172e (0x5e79) x28 0xfffffffe
core   0: 0x80001730 (0x00005245) c.li    tp, -15
core   0: 3 0x80001730 (0x5245) x4  0xfffffff1
core   0: 0x80001732 (0xffd72293) slti    t0, a4, -3
core   0: 3 0x80001732 (0xffd72293) x5  0x00000000
core   0: 0x80001736 (0x0260e733) rem     a4, ra, t1
core   0: 3 0x80001736 (0x0260e733) x14 0xfffffffe
core   0: 0x8000173a (0x00001e59) c.addi  t3, -10
core   0: 3 0x8000173a (0x1e59) x28 0xfffffff4
core   0: 0x8000173c (0x01959993) slli    s3, a1, 25
core   0: 3 0x8000173c (0x01959993) x19 0x00000000
core   0: 0x80001740 (0xfe4e5be3) bge     t3, tp, pc - 10
core   0: 3 0x80001740 (0xfe4e5be3)
core   0: 0x80001736 (0x0260e733) rem     a4, ra, t1
core   0: 3 0x80001736 (0x0260e733) x14 0xfffffffe
core   0: 0x8000173a (0x00001e59) c.addi  t3, -10
core   0: 3 0x8000173a (0x1e59) x28 0xffffffea
core   0: 0x8000173c (0x01959993) slli    s3, a1, 25
core   0: 3 0x8000173c (0x01959993) x19 0x00000000
core   0: 0x80001740 (0xfe4e5be3) bge     t3, tp, pc - 10
core   0: 3 0x80001740 (0xfe4e5be3)
core   0: 0x80001744 (0x000060a1) c.lui   ra, 0x8
core   0: 3 0x80001744 (0x60a1) x1  0x00008000
core   0: 0x80001746 (0x02deb733) mulhu   a4, t4, a3
core   0: 3 0x80001746 (0x02deb733) x14 0x000000e7
core   0: 0x8000174a (0xfc6f4be3) blt     t5, t1, pc - 42
core   0: 3 0x8000174a (0xfc6f4be3)
core   0: 0x8000174e (0x00000001) c.nop
core   0: 3 0x8000174e (0x0001)
core   0: 0x80001750 (0x0000470d) c.li    a4, 3
core   0: 3 0x80001750 (0x470d) x14 0x00000003
core   0: 0x80001752 (0x3720fc37) lui     s8, 0x3720f
core   0: 3 0x80001752 (0x3720fc37) x24 0x3720f000
core   0: 0x80001756 (0x01528633) add     a2, t0, s5
core   0: 3 0x80001756 (0x01528633) x12 0x80da9000
core   0: 0x8000175a (0x00008946) c.mv    s2, a7
core   0: 3 0x8000175a (0x8946) x18 0x00000047
core   0: 0x8000175c (0x01459833) sll     a6, a1, s4
core   0: 3 0x8000175c (0x01459833) x16 0x00000000
core   0: 0x80001760 (0x00000001) c.nop
core   0: 3 0x80001760 (0x0001)
core   0: 0x80001762 (0x4ec2b237) lui     tp, 0x4ec2b
core   0: 3 0x80001762 (0x4ec2b237) x4  0x4ec2b000
core   0: 0x80001766 (0x00009f2e) c.add   t5, a1
core   0: 3 0x80001766 (0x9f2e) x30 0xfffffffe
core   0: 0x80001768 (0x0000177d) c.addi  a4, -1
core   0: 3 0x80001768 (0x177d) x14 0x00000002
core   0: 0x8000176a (0xce1e0b13) addi    s6, t3, -799
core   0: 3 0x8000176a (0xce1e0b13) x22 0xfffffccb
core   0: 0x8000176e (0x000002cd) c.addi  t0, 19
core   0: 3 0x8000176e (0x02cd) x5  0x00000013
core   0: 0x80001770 (0x415751b3) sra     gp, a4, s5
core   0: 3 0x80001770 (0x415751b3) x3  0x00000002
core   0: 0x80001774 (0x04c34f93) xori    t6, t1, 76
core   0: 3 0x80001774 (0x04c34f93) x31 0xffffffb1
core   0: 0x80001778 (0x0075da93) srli    s5, a1, 7
core   0: 3 0x80001778 (0x0075da93) x21 0x00000000
core   0: 0x8000177c (0x6a7d2993) slti    s3, s10, 1703
core   0: 3 0x8000177c (0x6a7d2993) x19 0x00000001
core   0: 0x80001780 (0x0369d5b3) divu    a1, s3, s6
core   0: 3 0x80001780 (0x0369d5b3) x11 0x00000000
core   0: 0x80001784 (0x00006939) c.lui   s2, 0xe
core   0: 3 0x80001784 (0x6939) x18 0x0000e000
core   0: 0x80001786 (0x01769eb3) sll     t4, a3, s7
core   0: 3 0x80001786 (0x01769eb3) x29 0xffffff88
core   0: 0x8000178a (0x00000b3e) c.slli  s6, 15
core   0: 3 0x8000178a (0x0b3e) x22 0xfe658000
core   0: 0x8000178c (0x00008c45) c.or    s0, s1
core   0: 3 0x8000178c (0x8c45) x8  0x00000001
core   0: 0x8000178e (0x0bf07993) andi    s3, zero, 191
core   0: 3 0x8000178e (0x0bf07993) x19 0x00000000
core   0: 0x80001792 (0x00000931) c.addi  s2, 12
core   0: 3 0x80001792 (0x0931) x18 0x0000e00c
core   0: 0x80001794 (0x0000997d) c.andi  a0, -1
core   0: 3 0x80001794 (0x997d) x10 0x00000000
core   0: 0x80001796 (0x02d8a8b3) mulhsu  a7, a7, a3
core   0: 3 0x80001796 (0x02d8a8b3) x17 0x00000046
core   0: 0x8000179a (0x0000f761) c.bnez  a4, pc - 56
core   0: 3 0x8000179a (0xf761)
core   0: 0x80001762 (0x4ec2b237) lui     tp, 0x4ec2b
core   0: 3 0x80001762 (0x4ec2b237) x4  0x4ec2b000
core   0: 0x80001766 (0x00009f2e) c.add   t5, a1
core   0: 3 0x80001766 (0x9f2e) x30 0xfffffffe
core   0: 0x80001768 (0x0000177d) c.addi  a4, -1
core   0: 3 0x80001768 (0x177d) x14 0x00000001
core   0: 0x8000176a (0xce1e0b13) addi    s6, t3, -799
core   0: 3 0x8000176a (0xce1e0b13) x22 0xfffffccb
core   0: 0x8000176e (0x000002cd) c.addi  t0, 19
core   0: 3 0x8000176e (0x02cd) x5  0x00000026
core   0: 0x80001770 (0x415751b3) sra     gp, a4, s5
core   0: 3 0x80001770 (0x415751b3) x3  0x00000001
core   0: 0x80001774 (0x04c34f93) xori    t6, t1, 76
core   0: 3 0x80001774 (0x04c34f93) x31 0xffffffb1
core   0: 0x80001778 (0x0075da93) srli    s5, a1, 7
core   0: 3 0x80001778 (0x0075da93) x21 0x00000000
core   0: 0x8000177c (0x6a7d2993) slti    s3, s10, 1703
core   0: 3 0x8000177c (0x6a7d2993) x19 0x00000001
core   0: 0x80001780 (0x0369d5b3) divu    a1, s3, s6
core   0: 3 0x80001780 (0x0369d5b3) x11 0x00000000
core   0: 0x80001784 (0x00006939) c.lui   s2, 0xe
core   0: 3 0x80001784 (0x6939) x18 0x0000e000
core   0: 0x80001786 (0x01769eb3) sll     t4, a3, s7
core   0: 3 0x80001786 (0x01769eb3) x29 0xffffff88
core   0: 0x8000178a (0x00000b3e) c.slli  s6, 15
core   0: 3 0x8000178a (0x0b3e) x22 0xfe658000
core   0: 0x8000178c (0x00008c45) c.or    s0, s1
core   0: 3 0x8000178c (0x8c45) x8  0x00000001
core   0: 0x8000178e (0x0bf07993) andi    s3, zero, 191
core   0: 3 0x8000178e (0x0bf07993) x19 0x00000000
core   0: 0x80001792 (0x00000931) c.addi  s2, 12
core   0: 3 0x80001792 (0x0931) x18 0x0000e00c
core   0: 0x80001794 (0x0000997d) c.andi  a0, -1
core   0: 3 0x80001794 (0x997d) x10 0x00000000
core   0: 0x80001796 (0x02d8a8b3) mulhsu  a7, a7, a3
core   0: 3 0x80001796 (0x02d8a8b3) x17 0x00000045
core   0: 0x8000179a (0x0000f761) c.bnez  a4, pc - 56
core   0: 3 0x8000179a (0xf761)
core   0: 0x80001762 (0x4ec2b237) lui     tp, 0x4ec2b
core   0: 3 0x80001762 (0x4ec2b237) x4  0x4ec2b000
core   0: 0x80001766 (0x00009f2e) c.add   t5, a1
core   0: 3 0x80001766 (0x9f2e) x30 0xfffffffe
core   0: 0x80001768 (0x0000177d) c.addi  a4, -1
core   0: 3 0x80001768 (0x177d) x14 0x00000000
core   0: 0x8000176a (0xce1e0b13) addi    s6, t3, -799
core   0: 3 0x8000176a (0xce1e0b13) x22 0xfffffccb
core   0: 0x8000176e (0x000002cd) c.addi  t0, 19
core   0: 3 0x8000176e (0x02cd) x5  0x00000039
core   0: 0x80001770 (0x415751b3) sra     gp, a4, s5
core   0: 3 0x80001770 (0x415751b3) x3  0x00000000
core   0: 0x80001774 (0x04c34f93) xori    t6, t1, 76
core   0: 3 0x80001774 (0x04c34f93) x31 0xffffffb1
core   0: 0x80001778 (0x0075da93) srli    s5, a1, 7
core   0: 3 0x80001778 (0x0075da93) x21 0x00000000
core   0: 0x8000177c (0x6a7d2993) slti    s3, s10, 1703
core   0: 3 0x8000177c (0x6a7d2993) x19 0x00000001
core   0: 0x80001780 (0x0369d5b3) divu    a1, s3, s6
core   0: 3 0x80001780 (0x0369d5b3) x11 0x00000000
core   0: 0x80001784 (0x00006939) c.lui   s2, 0xe
core   0: 3 0x80001784 (0x6939) x18 0x0000e000
core   0: 0x80001786 (0x01769eb3) sll     t4, a3, s7
core   0: 3 0x80001786 (0x01769eb3) x29 0xffffff88
core   0: 0x8000178a (0x00000b3e) c.slli  s6, 15
core   0: 3 0x8000178a (0x0b3e) x22 0xfe658000
core   0: 0x8000178c (0x00008c45) c.or    s0, s1
core   0: 3 0x8000178c (0x8c45) x8  0x00000001
core   0: 0x8000178e (0x0bf07993) andi    s3, zero, 191
core   0: 3 0x8000178e (0x0bf07993) x19 0x00000000
core   0: 0x80001792 (0x00000931) c.addi  s2, 12
core   0: 3 0x80001792 (0x0931) x18 0x0000e00c
core   0: 0x80001794 (0x0000997d) c.andi  a0, -1
core   0: 3 0x80001794 (0x997d) x10 0x00000000
core   0: 0x80001796 (0x02d8a8b3) mulhsu  a7, a7, a3
core   0: 3 0x80001796 (0x02d8a8b3) x17 0x00000044
core   0: 0x8000179a (0x0000f761) c.bnez  a4, pc - 56
core   0: 3 0x8000179a (0xf761)
core   0: 0x8000179c (0x034cb433) mulhu   s0, s9, s4
core   0: 3 0x8000179c (0x034cb433) x8  0x00000000
core   0: 0x800017a0 (0x0000fd97) auipc   s11, 0xf
core   0: 3 0x800017a0 (0x0000fd97) x27 0x800107a0
core   0: 0x800017a4 (0xc8fd8d93) addi    s11, s11, -881
core   0: 3 0x800017a4 (0xc8fd8d93) x27 0x8001042f
core   0: 0x800017a8 (0x0b5d9ca3) sh      s5, 185(s11)
core   0: 3 0x800017a8 (0x0b5d9ca3) mem 0x800104e8 0x0000
core   0: 0x800017ac (0x0b9d8603) lb      a2, 185(s11)
core   0: 3 0x800017ac (0x0b9d8603) x12 0x00000000 mem 0x800104e8
core   0: 0x800017b0 (0x0b9dc503) lbu     a0, 185(s11)
core   0: 3 0x800017b0 (0x0b9dc503) x10 0x00000000 mem 0x800104e8
core   0: 0x800017b4 (0x0000894d) c.andi  a0, 19
core   0: 3 0x800017b4 (0x894d) x10 0x00000000
core   0: 0x800017b6 (0x0ead8503) lb      a0, 234(s11)
core   0: 3 0x800017b6 (0x0ead8503) x10 0x0000005d mem 0x80010519
core   0: 0x800017ba (0x02f34cb3) div     s9, t1, a5
core   0: 3 0x800017ba (0x02f34cb3) x25 0x00000000
core   0: 0x800017be (0x070dcf83) lbu     t6, 112(s11)
core   0: 3 0x800017be (0x070dcf83) x31 0x00000038 mem 0x8001049f
core   0: 0x800017c2 (0x070d8603) lb      a2, 112(s11)
core   0: 3 0x800017c2 (0x070d8603) x12 0x00000038 mem 0x8001049f
core   0: 0x800017c6 (0x0117ecb3) or      s9, a5, a7
core   0: 3 0x800017c6 (0x0117ecb3) x25 0x80000044
core   0: 0x800017ca (0xff4d8803) lb      a6, -12(s11)
core   0: 3 0x800017ca (0xff4d8803) x16 0x00000056 mem 0x80010423
core   0: 0x800017ce (0x00008e11) c.sub   a2, a2
core   0: 3 0x800017ce (0x8e11) x12 0x00000000
core   0: 0x800017d0 (0xff4dca03) lbu     s4, -12(s11)
core   0: 3 0x800017d0 (0xff4dca03) x20 0x00000056 mem 0x80010423
core   0: 0x800017d4 (0x039362b3) rem     t0, t1, s9
core   0: 3 0x800017d4 (0x039362b3) x5  0xfffffffd
core   0: 0x800017d8 (0xff4d8283) lb      t0, -12(s11)
core   0: 3 0x800017d8 (0xff4d8283) x5  0x00000056 mem 0x80010423
core   0: 0x800017dc (0x01b1b233) sltu    tp, gp, s11
core   0: 3 0x800017dc (0x01b1b233) x4  0x00000001
core   0: 0x800017e0 (0xfe4d8a23) sb      tp, -12(s11)
core   0: 3 0x800017e0 (0xfe4d8a23) mem 0x80010423 0x01
core   0: 0x800017e4 (0x027bb833) mulhu   a6, s7, t2
core   0: 3 0x800017e4 (0x027bb833) x16 0x00000050
core   0: 0x800017e8 (0xff4dcb83) lbu     s7, -12(s11)
core   0: 3 0x800017e8 (0xff4dcb83) x23 0x00000001 mem 0x80010423
core   0: 0x800017ec (0x0000f597) auipc   a1, 0xf
core   0: 3 0x800017ec (0x0000f597) x11 0x800107ec
core   0: 0x800017f0 (0x5e458593) addi    a1, a1, 1508
core   0: 3 0x800017f0 (0x5e458593) x11 0x80010dd0
core   0: 0x800017f4 (0x01c59183) lh      gp, 28(a1)
core   0: 3 0x800017f4 (0x01c59183) x3  0x00007e57 mem 0x80010dec
core   0: 0x800017f8 (0xff05a483) lw      s1, -16(a1)
core   0: 3 0x800017f8 (0xff05a483) x9  0x29f85f02 mem 0x80010dc0
core   0: 0x800017fc (0xff05c303) lbu     t1, -16(a1)
core   0: 3 0x800017fc (0xff05c303) x6  0x00000002 mem 0x80010dc0
core   0: 0x80001800 (0xff05ca03) lbu     s4, -16(a1)
core   0: 3 0x80001800 (0xff05ca03) x20 0x00000002 mem 0x80010dc0
core   0: 0x80001804 (0x00000001) c.nop
core   0: 3 0x80001804 (0x0001)
core   0: 0x80001806 (0xff059e03) lh      t3, -16(a1)
core   0: 3 0x80001806 (0xff059e03) x28 0x00005f02 mem 0x80010dc0
core   0: 0x8000180a (0xff058903) lb      s2, -16(a1)
core   0: 3 0x8000180a (0xff058903) x18 0x00000002 mem 0x80010dc0
core   0: 0x8000180e (0xff05ab83) lw      s7, -16(a1)
core   0: 3 0x8000180e (0xff05ab83) x23 0x29f85f02 mem 0x80010dc0
core   0: 0x80001812 (0x0000936a) c.add   t1, s10
core   0: 3 0x80001812 (0x936a) x6  0xfffff546
core   0: 0x80001814 (0xff05ca83) lbu     s5, -16(a1)
core   0: 3 0x80001814 (0xff05ca83) x21 0x00000002 mem 0x80010dc0
core   0: 0x80001818 (0xfcd587a3) sb      a3, -49(a1)
core   0: 3 0x80001818 (0xfcd587a3) mem 0x80010d9f 0xc4
core   0: 0x8000181c (0xfca587a3) sb      a0, -49(a1)
core   0: 3 0x8000181c (0xfca587a3) mem 0x80010d9f 0x5d
core   0: 0x80001820 (0xfd9587a3) sb      s9, -49(a1)
core   0: 3 0x80001820 (0xfd9587a3) mem 0x80010d9f 0x44
core   0: 0x80001824 (0xfcf5c483) lbu     s1, -49(a1)
core   0: 3 0x80001824 (0xfcf5c483) x9  0x00000044 mem 0x80010d9f
core   0: 0x80001828 (0xfcf58683) lb      a3, -49(a1)
core   0: 3 0x80001828 (0xfcf58683) x13 0x00000044 mem 0x80010d9f
core   0: 0x8000182c (0x0000f097) auipc   ra, 0xf
core   0: 3 0x8000182c (0x0000f097) x1  0x8001082c
core   0: 0x80001830 (0x16308093) addi    ra, ra, 355
core   0: 3 0x80001830 (0x16308093) x1  0x8001098f
core   0: 0x80001834 (0x01969b33) sll     s6, a3, s9
core   0: 3 0x80001834 (0x01969b33) x22 0x00000440
core   0: 0x80001838 (0xfc8091a3) sh      s0, -61(ra)
core   0: 3 0x80001838 (0xfc8091a3) mem 0x80010952 0x0000
core   0: 0x8000183c (0x97bdcc97) auipc   s9, 0x97bdc
core   0: 3 0x8000183c (0x97bdcc97) x25 0x17bdd83c
core   0: 0x80001840 (0xff008a23) sb      a6, -12(ra)
core   0: 3 0x80001840 (0xff008a23) mem 0x80010983 0x50
core   0: 0x80001844 (0x00008815) c.andi  s0, 5
core   0: 3 0x80001844 (0x8815) x8  0x00000000
core   0: 0x80001846 (0xfc208803) lb      a6, -62(ra)
core   0: 3 0x80001846 (0xfc208803) x16 0xffffff91 mem 0x80010951
core   0: 0x8000184a (0x00d47cb3) and     s9, s0, a3
core   0: 3 0x8000184a (0x00d47cb3) x25 0x00000000
core   0: 0x8000184e (0x00008c61) c.and   s0, s0
core   0: 3 0x8000184e (0x8c61) x8  0x00000000
core   0: 0x80001850 (0x00006815) c.lui   a6, 0x5
core   0: 3 0x80001850 (0x6815) x16 0x00005000
core   0: 0x80001852 (0x02c08b03) lb      s6, 44(ra)
core   0: 3 0x80001852 (0x02c08b03) x22 0x00000008 mem 0x800109bb
core   0: 0x80001856 (0x016c16b3) sll     a3, s8, s6
core   0: 3 0x80001856 (0x016c16b3) x13 0x20f00000
core   0: 0x8000185a (0xfc908b03) lb      s6, -55(ra)
core   0: 3 0x8000185a (0xfc908b03) x22 0xffffff87 mem 0x80010958
core   0: 0x8000185e (0x40845c33) sra     s8, s0, s0
core   0: 3 0x8000185e (0x40845c33) x24 0x00000000
core   0: 0x80001862 (0xfc90db03) lhu     s6, -55(ra)
core   0: 3 0x80001862 (0xfc90db03) x22 0x00005d87 mem 0x80010958
core   0: 0x80001866 (0xe316bc93) sltiu   s9, a3, -463
core   0: 3 0x80001866 (0xe316bc93) x25 0x00000001
core   0: 0x8000186a (0x0180cb03) lbu     s6, 24(ra)
core   0: 3 0x8000186a (0x0180cb03) x22 0x0000000b mem 0x800109a7
core   0: 0x8000186e (0x010094a3) sh      a6, 9(ra)
core   0: 3 0x8000186e (0x010094a3) mem 0x80010998 0x5000
core   0: 0x80001872 (0x000082a5) c.srli  a3, 9
core   0: 3 0x80001872 (0x82a5) x13 0x00107800
core   0: 0x80001874 (0x01808923) sb      s8, 18(ra)
core   0: 3 0x80001874 (0x01808923) mem 0x800109a1 0x00
core   0: 0x80001878 (0xcc0b6b13) ori     s6, s6, -832
core   0: 3 0x80001878 (0xcc0b6b13) x22 0xfffffccb
core   0: 0x8000187c (0xfc108b03) lb      s6, -63(ra)
core   0: 3 0x8000187c (0xfc108b03) x22 0x00000067 mem 0x80010950
core   0: 0x80001880 (0x00709c83) lh      s9, 7(ra)
core   0: 3 0x80001880 (0x00709c83) x25 0x0000772a mem 0x80010996
core   0: 0x80001884 (0x4f0c7813) andi    a6, s8, 1264
core   0: 3 0x80001884 (0x4f0c7813) x16 0x00000000
core   0: 0x80001888 (0x8d142813) slti    a6, s0, -1839
core   0: 3 0x80001888 (0x8d142813) x16 0x00000000
core   0: 0x8000188c (0x40f45c93) srai    s9, s0, 15
core   0: 3 0x8000188c (0x40f45c93) x25 0x00000000
core   0: 0x80001890 (0x03d08b03) lb      s6, 61(ra)
core   0: 3 0x80001890 (0x03d08b03) x22 0x0000005e mem 0x800109cc
core   0: 0x80001894 (0x008093a3) sh      s0, 7(ra)
core   0: 3 0x80001894 (0x008093a3) mem 0x80010996 0x0000
core   0: 0x80001898 (0x0040c683) lbu     a3, 4(ra)
core   0: 3 0x80001898 (0x0040c683) x13 0x00000026 mem 0x80010993
core   0: 0x8000189c (0xfe70cb03) lbu     s6, -25(ra)
core   0: 3 0x8000189c (0xfe70cb03) x22 0x00000042 mem 0x80010976
core   0: 0x800018a0 (0x016c1c93) slli    s9, s8, 22
core   0: 3 0x800018a0 (0x016c1c93) x25 0x00000000
core   0: 0x800018a4 (0xfff0c403) lbu     s0, -1(ra)
core   0: 3 0x800018a4 (0xfff0c403) x8  0x0000004b mem 0x8001098e
core   0: 0x800018a8 (0x467cf413) andi    s0, s9, 1127
core   0: 3 0x800018a8 (0x467cf413) x8  0x00000000
core   0: 0x800018ac (0xfe109683) lh      a3, -31(ra)
core   0: 3 0x800018ac (0xfe109683) x13 0xffffd4c6 mem 0x80010970
core   0: 0x800018b0 (0x01ec9693) slli    a3, s9, 30
core   0: 3 0x800018b0 (0x01ec9693) x13 0x00000000
core   0: 0x800018b4 (0xfed08023) sb      a3, -32(ra)
core   0: 3 0x800018b4 (0xfed08023) mem 0x8001096f 0x00
core   0: 0x800018b8 (0x00000c9e) c.slli  s9, 7
core   0: 3 0x800018b8 (0x0c9e) x25 0x00000000
core   0: 0x800018ba (0x02dc7cb3) remu    s9, s8, a3
core   0: 3 0x800018ba (0x02dc7cb3) x25 0x00000000
core   0: 0x800018be (0x00385c93) srli    s9, a6, 3
core   0: 3 0x800018be (0x00385c93) x25 0x00000000
core   0: 0x800018c2 (0xfea0c803) lbu     a6, -22(ra)
core   0: 3 0x800018c2 (0xfea0c803) x16 0x0000002e mem 0x80010979
core   0: 0x800018c6 (0x00008c75) c.and   s0, a3
core   0: 3 0x800018c6 (0x8c75) x8  0x00000000
core   0: 0x800018c8 (0x01947cb3) and     s9, s0, s9
core   0: 3 0x800018c8 (0x01947cb3) x25 0x00000000
core   0: 0x800018cc (0x039b5cb3) divu    s9, s6, s9
core   0: 3 0x800018cc (0x039b5cb3) x25 0xffffffff
core   0: 0x800018d0 (0x01d0d803) lhu     a6, 29(ra)
core   0: 3 0x800018d0 (0x01d0d803) x16 0x00005219 mem 0x800109ac
core   0: 0x800018d4 (0x007c5b13) srli    s6, s8, 7
core   0: 3 0x800018d4 (0x007c5b13) x22 0x00000000
core   0: 0x800018d8 (0x00000696) c.slli  a3, 5
core   0: 3 0x800018d8 (0x0696) x13 0x00000000
core   0: 0x800018da (0x01a08b03) lb      s6, 26(ra)
core   0: 3 0x800018da (0x01a08b03) x22 0xffffff92 mem 0x800109a9
core   0: 0x800018de (0x039b4833) div     a6, s6, s9
core   0: 3 0x800018de (0x039b4833) x16 0x0000006e
core   0: 0x800018e2 (0x0286db33) divu    s6, a3, s0
core   0: 3 0x800018e2 (0x0286db33) x22 0xffffffff
core   0: 0x800018e6 (0x40d45693) srai    a3, s0, 13
core   0: 3 0x800018e6 (0x40d45693) x13 0x00000000
core   0: 0x800018ea (0x03886cb3) rem     s9, a6, s8
core   0: 3 0x800018ea (0x03886cb3) x25 0x0000006e
core   0: 0x800018ee (0x01908d23) sb      s9, 26(ra)
core   0: 3 0x800018ee (0x01908d23) mem 0x800109a9 0x6e
core   0: 0x800018f2 (0x0000f097) auipc   ra, 0xf
core   0: 3 0x800018f2 (0x0000f097) x1  0x800108f2
core   0: 0x800018f6 (0xa9008093) addi    ra, ra, -1392
core   0: 3 0x800018f6 (0xa9008093) x1  0x80010382
core   0: 0x800018fa (0x7da58593) addi    a1, a1, 2010
core   0: 3 0x800018fa (0x7da58593) x11 0x800115aa
core   0: 0x800018fe (0xff708583) lb      a1, -9(ra)
core   0: 3 0x800018fe (0xff708583) x11 0x00000046 mem 0x80010379
core   0: 0x80001902 (0x0020d483) lhu     s1, 2(ra)
core   0: 3 0x80001902 (0x0020d483) x9  0x00001987 mem 0x80010384
core   0: 0x80001906 (0x00008ca5) c.xor   s1, s1
core   0: 3 0x80001906 (0x8ca5) x9  0x00000000
core   0: 0x80001908 (0x0020d583) lhu     a1, 2(ra)
core   0: 3 0x80001908 (0x0020d583) x11 0x00001987 mem 0x80010384
core   0: 0x8000190c (0x031191b3) mulh    gp, gp, a7
core   0: 3 0x8000190c (0x031191b3) x3  0x00000000
core   0: 0x80001910 (0xff70ca03) lbu     s4, -9(ra)
core   0: 3 0x80001910 (0xff70ca03) x20 0x00000046 mem 0x80010379
core   0: 0x80001914 (0x000004a6) c.slli  s1, 9
core   0: 3 0x80001914 (0x04a6) x9  0x00000000
core   0: 0x80001916 (0x00d08483) lb      s1, 13(ra)
core   0: 3 0x80001916 (0x00d08483) x9  0x00000039 mem 0x8001038f
core   0: 0x8000191a (0x003a3a33) sltu    s4, s4, gp
core   0: 3 0x8000191a (0x003a3a33) x20 0x00000000
core   0: 0x8000191e (0x00b9fa33) and     s4, s3, a1
core   0: 3 0x8000191e (0x00b9fa33) x20 0x00000000
core   0: 0x80001922 (0x0100d483) lhu     s1, 16(ra)
core   0: 3 0x80001922 (0x0100d483) x9  0x0000a489 mem 0x80010392
core   0: 0x80001926 (0x00000a15) c.addi  s4, 5
core   0: 3 0x80001926 (0x0a15) x20 0x00000005
core   0: 0x80001928 (0x00f0ca03) lbu     s4, 15(ra)
core   0: 3 0x80001928 (0x00f0ca03) x20 0x0000003b mem 0x80010391
core   0: 0x8000192c (0x00000001) c.nop
core   0: 3 0x8000192c (0x0001)
core   0: 0x8000192e (0x0294c4b3) div     s1, s1, s1
core   0: 3 0x8000192e (0x0294c4b3) x9  0x00000001
core   0: 0x80001932 (0x0070c483) lbu     s1, 7(ra)
core   0: 3 0x80001932 (0x0070c483) x9  0x000000de mem 0x80010389
core   0: 0x80001936 (0x00c0d483) lhu     s1, 12(ra)
core   0: 3 0x80001936 (0x00c0d483) x9  0x00003996 mem 0x8001038e
core   0: 0x8000193a (0x0338fa33) remu    s4, a7, s3
core   0: 3 0x8000193a (0x0338fa33) x20 0x00000044
core   0: 0x8000193e (0x00a0aa03) lw      s4, 10(ra)
core   0: 3 0x8000193e (0x00a0aa03) x20 0x39966d31 mem 0x8001038c
core   0: 0x80001942 (0x000085ce) c.mv    a1, s3
core   0: 3 0x80001942 (0x85ce) x11 0x00000000
core   0: 0x80001944 (0xffd08483) lb      s1, -3(ra)
core   0: 3 0x80001944 (0xffd08483) x9  0x0000003a mem 0x8001037f
core   0: 0x80001948 (0x4138d593) srai    a1, a7, 19
core   0: 3 0x80001948 (0x4138d593) x11 0x00000000
core   0: 0x8000194c (0x0130a123) sw      s3, 2(ra)
core   0: 3 0x8000194c (0x0130a123) mem 0x80010384 0x00000000
core   0: 0x80001950 (0x0090c483) lbu     s1, 9(ra)
core   0: 3 0x80001950 (0x0090c483) x9  0x000000ab mem 0x8001038b
core   0: 0x80001954 (0xff70ca03) lbu     s4, -9(ra)
core   0: 3 0x80001954 (0xff70ca03) x20 0x00000046 mem 0x80010379
core   0: 0x80001958 (0x0001ec17) auipc   s8, 0x1e
core   0: 3 0x80001958 (0x0001ec17) x24 0x8001f958
core   0: 0x8000195c (0x964c0c13) addi    s8, s8, -1692
core   0: 3 0x8000195c (0x964c0c13) x24 0x8001f2bc
core   0: 0x80001960 (0xffcc5c83) lhu     s9, -4(s8)
core   0: 3 0x80001960 (0xffcc5c83) x25 0x0000cd83 mem 0x8001f2b8
core   0: 0x80001964 (0xd07da693) slti    a3, s11, -761
core   0: 3 0x80001964 (0xd07da693) x13 0x00000001
core   0: 0x80001968 (0x00008685) c.srai  a3, 1
core   0: 3 0x80001968 (0x8685) x13 0x00000000
core   0: 0x8000196a (0x039decb3) rem     s9, s11, s9
core   0: 3 0x8000196a (0x039decb3) x25 0xffff4a7f
core   0: 0x8000196e (0x00008ef5) c.and   a3, a3
core   0: 3 0x8000196e (0x8ef5) x13 0x00000000
core   0: 0x80001970 (0x00fc0d83) lb      s11, 15(s8)
core   0: 3 0x80001970 (0x00fc0d83) x27 0x00000046 mem 0x8001f2cb
core   0: 0x80001974 (0xff6c1303) lh      t1, -10(s8)
core   0: 3 0x80001974 (0xff6c1303) x6  0xffff98f0 mem 0x8001f2b2
core   0: 0x80001978 (0x009c0283) lb      t0, 9(s8)
core   0: 3 0x80001978 (0x009c0283) x5  0xffffffde mem 0x8001f2c5
core   0: 0x8000197c (0x01dc05a3) sb      t4, 11(s8)
core   0: 3 0x8000197c (0x01dc05a3) mem 0x8001f2c7 0x88
core   0: 0x80001980 (0x01d6bdb3) sltu    s11, a3, t4
core   0: 3 0x80001980 (0x01d6bdb3) x27 0x00000001
core   0: 0x80001984 (0x003c0683) lb      a3, 3(s8)
core   0: 3 0x80001984 (0x003c0683) x13 0x00000050 mem 0x8001f2bf
core   0: 0x80001988 (0xff6c5c83) lhu     s9, -10(s8)
core   0: 3 0x80001988 (0xff6c5c83) x25 0x000098f0 mem 0x8001f2b2
core   0: 0x8000198c (0x026326b3) mulhsu  a3, t1, t1
core   0: 3 0x8000198c (0x026326b3) x13 0xffff98f0
core   0: 0x80001990 (0x006db333) sltu    t1, s11, t1
core   0: 3 0x80001990 (0x006db333) x6  0x00000001
core   0: 0x80001994 (0x00006dcd) c.lui   s11, 0x13
core   0: 3 0x80001994 (0x6dcd) x27 0x00013000
core   0: 0x80001996 (0xff7c4683) lbu     a3, -9(s8)
core   0: 3 0x80001996 (0xff7c4683) x13 0x00000098 mem 0x8001f2b3
core   0: 0x8000199a (0x006c05a3) sb      t1, 11(s8)
core   0: 3 0x8000199a (0x006c05a3) mem 0x8001f2c7 0x01
core   0: 0x8000199e (0x00000001) c.nop
core   0: 3 0x8000199e (0x0001)
core   0: 0x800019a0 (0x00dc00a3) sb      a3, 1(s8)
core   0: 3 0x800019a0 (0x00dc00a3) mem 0x8001f2bd 0x98
core   0: 0x800019a4 (0x006c1323) sh      t1, 6(s8)
core   0: 3 0x800019a4 (0x006c1323) mem 0x8001f2c2 0x0001
core   0: 0x800019a8 (0x000002ea) c.slli  t0, 26
core   0: 3 0x800019a8 (0x02ea) x5  0x78000000
core   0: 0x800019aa (0x00009cf6) c.add   s9, t4
core   0: 3 0x800019aa (0x9cf6) x25 0x00009878
core   0: 0x800019ac (0x02d30333) mul     t1, t1, a3
core   0: 3 0x800019ac (0x02d30333) x6  0x00000098
core   0: 0x800019b0 (0xffbc0303) lb      t1, -5(s8)
core   0: 3 0x800019b0 (0xffbc0303) x6  0x00000039 mem 0x8001f2b7
core   0: 0x800019b4 (0x5c539d97) auipc   s11, 0x5c539
core   0: 3 0x800019b4 (0x5c539d97) x27 0xdc53a9b4
core   0: 0x800019b8 (0xfe5c0f23) sb      t0, -2(s8)
core   0: 3 0x800019b8 (0xfe5c0f23) mem 0x8001f2ba 0x00
core   0: 0x800019bc (0x004c1283) lh      t0, 4(s8)
core   0: 3 0x800019bc (0x004c1283) x5  0x000009c9 mem 0x8001f2c0
core   0: 0x800019c0 (0x004c4e83) lbu     t4, 4(s8)
core   0: 3 0x800019c0 (0x004c4e83) x29 0x000000c9 mem 0x8001f2c0
core   0: 0x800019c4 (0xff4c0303) lb      t1, -12(s8)
core   0: 3 0x800019c4 (0xff4c0303) x6  0x0000005b mem 0x8001f2b0
core   0: 0x800019c8 (0x00015b17) auipc   s6, 0x15
core   0: 3 0x800019c8 (0x00015b17) x22 0x800169c8
core   0: 0x800019cc (0x503b0b13) addi    s6, s6, 1283
core   0: 3 0x800019cc (0x503b0b13) x22 0x80016ecb
core   0: 0x800019d0 (0xff7b12a3) sh      s7, -27(s6)
core   0: 3 0x800019d0 (0xff7b12a3) mem 0x80016eb0 0x5f02
core   0: 0x800019d4 (0x3ca5b893) sltiu   a7, a1, 970
core   0: 3 0x800019d4 (0x3ca5b893) x17 0x00000001
core   0: 0x800019d8 (0x015a90b3) sll     ra, s5, s5
core   0: 3 0x800019d8 (0x015a90b3) x1  0x00000008
core   0: 0x800019dc (0x00008cd1) c.or    s1, a2
core   0: 3 0x800019dc (0x8cd1) x9  0x000000ab
core   0: 0x800019de (0x075b0e23) sb      s5, 124(s6)
core   0: 3 0x800019de (0x075b0e23) mem 0x80016f47 0x02
core   0: 0x800019e2 (0x079b0e83) lb      t4, 121(s6)
core   0: 3 0x800019e2 (0x079b0e83) x29 0xffffffbd mem 0x80016f44
core   0: 0x800019e6 (0xfc2b2ea3) sw      sp, -35(s6)
core   0: 3 0x800019e6 (0xfc2b2ea3) mem 0x80016ea8 0x80029d24
core   0: 0x800019ea (0x0d2b0083) lb      ra, 210(s6)
core   0: 3 0x800019ea (0x0d2b0083) x1  0x0000007d mem 0x80016f9d
core   0: 0x800019ee (0x00008ef5) c.and   a3, a3
core   0: 3 0x800019ee (0x8ef5) x13 0x00000098
core   0: 0x800019f0 (0x03de5333) divu    t1, t3, t4
core   0: 3 0x800019f0 (0x03de5333) x6  0x00000000
core   0: 0x800019f4 (0x000098fd) c.andi  s1, -1
core   0: 3 0x800019f4 (0x98fd) x9  0x000000ab
core   0: 0x800019f6 (0x02355cb3) divu    s9, a0, gp
core   0: 3 0x800019f6 (0x02355cb3) x25 0xffffffff
core   0: 0x800019fa (0x09bb0323) sb      s11, 134(s6)
core   0: 3 0x800019fa (0x09bb0323) mem 0x80016f51 0xb4
core   0: 0x800019fe (0x054b0223) sb      s4, 68(s6)
core   0: 3 0x800019fe (0x054b0223) mem 0x80016f0f 0x46
core   0: 0x80001a02 (0x000c1833) sll     a6, s8, zero
core   0: 3 0x80001a02 (0x000c1833) x16 0x8001f2bc
core   0: 0x80001a06 (0xf0ab4603) lbu     a2, -246(s6)
core   0: 3 0x80001a06 (0xf0ab4603) x12 0x00000028 mem 0x80016dd5
core   0: 0x80001a0a (0x004b0d83) lb      s11, 4(s6)
core   0: 3 0x80001a0a (0x004b0d83) x27 0xffffffe2 mem 0x80016ecf
core   0: 0x80001a0e (0x00008c09) c.sub   s0, a0
core   0: 3 0x80001a0e (0x8c09) x8  0xffffffa3
core   0: 0x80001a10 (0x047b0e23) sb      t2, 92(s6)
core   0: 3 0x80001a10 (0x047b0e23) mem 0x80016f27 0xa4
core   0: 0x80001a14 (0x020b4c03) lbu     s8, 32(s6)
core   0: 3 0x80001a14 (0x020b4c03) x24 0x00000052 mem 0x80016eeb
core   0: 0x80001a18 (0x0f8b4d03) lbu     s10, 248(s6)
core   0: 3 0x80001a18 (0x0f8b4d03) x26 0x00000086 mem 0x80016fc3
core   0: 0x80001a1c (0x00000001) c.nop
core   0: 3 0x80001a1c (0x0001)
core   0: 0x80001a1e (0xf71b0183) lb      gp, -143(s6)
core   0: 3 0x80001a1e (0xf71b0183) x3  0xffffff9b mem 0x80016e3c
core   0: 0x80001a22 (0x03464333) div     t1, a2, s4
core   0: 3 0x80001a22 (0x03464333) x6  0x00000000
core   0: 0x80001a26 (0x09eb0723) sb      t5, 142(s6)
core   0: 3 0x80001a26 (0x09eb0723) mem 0x80016f59 0xfe
core   0: 0x80001a2a (0x0086b9b3) sltu    s3, a3, s0
core   0: 3 0x80001a2a (0x0086b9b3) x19 0x00000001
core   0: 0x80001a2e (0x00006a31) c.lui   s4, 0xc
core   0: 3 0x80001a2e (0x6a31) x20 0x0000c000
core   0: 0x80001a30 (0xd2c0a817) auipc   a6, 0xd2c0a
core   0: 3 0x80001a30 (0xd2c0a817) x16 0x52c0ba30
core   0: 0x80001a34 (0xf89b4183) lbu     gp, -119(s6)
core   0: 3 0x80001a34 (0xf89b4183) x3  0x000000db mem 0x80016e54
core   0: 0x80001a38 (0x071b2483) lw      s1, 113(s6)
core   0: 3 0x80001a38 (0x071b2483) x9  0x1c3ff7fb mem 0x80016f3c
core   0: 0x80001a3c (0x008cc4b3) xor     s1, s9, s0
core   0: 3 0x80001a3c (0x008cc4b3) x9  0x0000005c
core   0: 0x80001a40 (0x00000001) c.nop
core   0: 3 0x80001a40 (0x0001)
core   0: 0x80001a42 (0xf42b0503) lb      a0, -190(s6)
core   0: 3 0x80001a42 (0xf42b0503) x10 0x00000043 mem 0x80016e0d
core   0: 0x80001a46 (0xf71b0aa3) sb      a7, -139(s6)
core   0: 3 0x80001a46 (0xf71b0aa3) mem 0x80016e40 0x01
core   0: 0x80001a4a (0xfa7b4a83) lbu     s5, -89(s6)
core   0: 3 0x80001a4a (0xfa7b4a83) x21 0x000000a0 mem 0x80016e72
core   0: 0x80001a4e (0x00004091) c.li    ra, 4
core   0: 3 0x80001a4e (0x4091) x1  0x00000004
core   0: 0x80001a50 (0x00c79633) sll     a2, a5, a2
core   0: 3 0x80001a50 (0x00c79633) x12 0x00000000
core   0: 0x80001a54 (0x00d124b3) slt     s1, sp, a3
core   0: 3 0x80001a54 (0x00d124b3) x9  0x00000001
core   0: 0x80001a58 (0x03866533) rem     a0, a2, s8
core   0: 3 0x80001a58 (0x03866533) x10 0x00000000
core   0: 0x80001a5c (0x00000001) c.nop
core   0: 3 0x80001a5c (0x0001)
core   0: 0x80001a5e (0x02049433) mulh    s0, s1, zero
core   0: 3 0x80001a5e (0x02049433) x8  0x00000000
core   0: 0x80001a62 (0x00008715) c.srai  a4, 5
core   0: 3 0x80001a62 (0x8715) x14 0x00000000
core   0: 0x80001a64 (0x00000a29) c.addi  s4, 10
core   0: 3 0x80001a64 (0x0a29) x20 0x0000c00a
core   0: 0x80001a66 (0x01f3dbb3) srl     s7, t2, t6
core   0: 3 0x80001a66 (0x01f3dbb3) x23 0x00000080
core   0: 0x80001a6a (0x00c285b3) add     a1, t0, a2
core   0: 3 0x80001a6a (0x00c285b3) x11 0x000009c9
core   0: 0x80001a6e (0x0152e2b3) or      t0, t0, s5
core   0: 3 0x80001a6e (0x0152e2b3) x5  0x000009e9
core   0: 0x80001a72 (0x40205e33) sra     t3, zero, sp
core   0: 3 0x80001a72 (0x40205e33) x28 0x00000000
core   0: 0x80001a76 (0x0212a233) mulhsu  tp, t0, ra
core   0: 3 0x80001a76 (0x0212a233) x4  0x00000000
core   0: 0x80001a7a (0x026b2eb3) mulhsu  t4, s6, t1
core   0: 3 0x80001a7a (0x026b2eb3) x29 0x00000000
core   0: 0x80001a7e (0x000041c9) c.li    gp, 18
core   0: 3 0x80001a7e (0x41c9) x3  0x00000012
core   0: 0x80001a80 (0x00008e5d) c.or    a2, a5
core   0: 3 0x80001a80 (0x8e5d) x12 0x80000000
core   0: 0x80001a82 (0x022d96b3) mulh    a3, s11, sp
core   0: 3 0x80001a82 (0x022d96b3) x13 0x0000000e
core   0: 0x80001a86 (0xbbb00f13) li      t5, -1093
core   0: 3 0x80001a86 (0xbbb00f13) x30 0xfffffbbb
core   0: 0x80001a8a (0x000000a5) c.addi  ra, 9
core   0: 3 0x80001a8a (0x00a5) x1  0x0000000d
core   0: 0x80001a8c (0x414f5013) srai    zero, t5, 20
core   0: 3 0x80001a8c (0x414f5013)
core   0: 0x80001a90 (0x6c1f6f13) ori     t5, t5, 1729
core   0: 3 0x80001a90 (0x6c1f6f13) x30 0xfffffffb
core   0: 0x80001a94 (0x0206d633) divu    a2, a3, zero
core   0: 3 0x80001a94 (0x0206d633) x12 0xffffffff
core   0: 0x80001a98 (0x40f5da13) srai    s4, a1, 15
core   0: 3 0x80001a98 (0x40f5da13) x20 0x00000000
core   0: 0x80001a9c (0x02957233) remu    tp, a0, s1
core   0: 3 0x80001a9c (0x02957233) x4  0x00000000
core   0: 0x80001aa0 (0xfe30e1e3) bltu    ra, gp, pc - 30
core   0: 3 0x80001aa0 (0xfe30e1e3)
core   0: 0x80001a82 (0x022d96b3) mulh    a3, s11, sp
core   0: 3 0x80001a82 (0x022d96b3) x13 0x0000000e
core   0: 0x80001a86 (0xbbb00f13) li      t5, -1093
core   0: 3 0x80001a86 (0xbbb00f13) x30 0xfffffbbb
core   0: 0x80001a8a (0x000000a5) c.addi  ra, 9
core   0: 3 0x80001a8a (0x00a5) x1  0x00000016
core   0: 0x80001a8c (0x414f5013) srai    zero, t5, 20
core   0: 3 0x80001a8c (0x414f5013)
core   0: 0x80001a90 (0x6c1f6f13) ori     t5, t5, 1729
core   0: 3 0x80001a90 (0x6c1f6f13) x30 0xfffffffb
core   0: 0x80001a94 (0x0206d633) divu    a2, a3, zero
core   0: 3 0x80001a94 (0x0206d633) x12 0xffffffff
core   0: 0x80001a98 (0x40f5da13) srai    s4, a1, 15
core   0: 3 0x80001a98 (0x40f5da13) x20 0x00000000
core   0: 0x80001a9c (0x02957233) remu    tp, a0, s1
core   0: 3 0x80001a9c (0x02957233) x4  0x00000000
core   0: 0x80001aa0 (0xfe30e1e3) bltu    ra, gp, pc - 30
core   0: 3 0x80001aa0 (0xfe30e1e3)
core   0: 0x80001aa4 (0x01934933) xor     s2, t1, s9
core   0: 3 0x80001aa4 (0x01934933) x18 0xffffffff
core   0: 0x80001aa8 (0x0100036f) jal     t1, pc + 0x10
core   0: 3 0x80001aa8 (0x0100036f) x6  0x80001aac
core   0: 0x80001ab8 (0x00002821) c.jal   pc + 24
core   0: 3 0x80001ab8 (0x2821) x1  0x80001aba
core   0: 0x80001ad0 (0x000037fd) c.jal   pc - 18
core   0: 3 0x80001ad0 (0x37fd) x1  0x80001ad2
core   0: 0x80001abe (0x010000ef) jal     pc + 0x10
core   0: 3 0x80001abe (0x010000ef) x1  0x80001ac2
core   0: 0x80001ace (0x0000bfe5) c.j     pc - 8
core   0: 3 0x80001ace (0xbfe5)
core   0: 0x80001ac6 (0x000037dd) c.jal   pc - 26
core   0: 3 0x80001ac6 (0x37dd) x1  0x80001ac8
core   0: 0x80001aac (0x0000a005) c.j     pc + 32
core   0: 3 0x80001aac (0xa005)
core   0: 0x80001acc (0x0000bfdd) c.j     pc - 10
core   0: 3 0x80001acc (0xbfdd)
core   0: 0x80001ac2 (0xfedff5ef) jal     a1, pc - 0x14
core   0: 3 0x80001ac2 (0xfedff5ef) x11 0x80001ac6
core   0: 0x80001aae (0x0000a829) c.j     pc + 26
core   0: 3 0x80001aae (0xa829)
core   0: 0x80001ac8 (0x0000b7f5) c.j     pc - 20
core   0: 3 0x80001ac8 (0xb7f5)
core   0: 0x80001ab4 (0xffdff0ef) jal     pc - 0x4
core   0: 3 0x80001ab4 (0xffdff0ef) x1  0x80001ab8
core   0: 0x80001ab0 (0x0000a009) c.j     pc + 2
core   0: 3 0x80001ab0 (0xa009)
core   0: 0x80001ab2 (0x00002029) c.jal   pc + 10
core   0: 3 0x80001ab2 (0x2029) x1  0x80001ab4
core   0: 0x80001abc (0x00002039) c.jal   pc + 14
core   0: 3 0x80001abc (0x2039) x1  0x80001abe
core   0: 0x80001aca (0x00003fc5) c.jal   pc - 16
core   0: 3 0x80001aca (0x3fc5) x1  0x80001acc
core   0: 0x80001aba (0x0000a821) c.j     pc + 24
core   0: 3 0x80001aba (0xa821)
core   0: 0x80001ad2 (0x025b79b3) remu    s3, s6, t0
core   0: 3 0x80001ad2 (0x025b79b3) x19 0x000007b5
core   0: 0x80001ad6 (0x000048a9) c.li    a7, 10
core   0: 3 0x80001ad6 (0x48a9) x17 0x0000000a
core   0: 0x80001ad8 (0x03216ab3) rem     s5, sp, s2
core   0: 3 0x80001ad8 (0x03216ab3) x21 0x00000000
core   0: 0x80001adc (0x00005b59) c.li    s6, -10
core   0: 3 0x80001adc (0x5b59) x22 0xfffffff6
core   0: 0x80001ade (0x00006219) c.lui   tp, 0x6
core   0: 3 0x80001ade (0x6219) x4  0x00006000
core   0: 0x80001ae0 (0x00581093) slli    ra, a6, 5
core   0: 3 0x80001ae0 (0x00581093) x1  0x58174600
core   0: 0x80001ae4 (0x00000812) c.slli  a6, 4
core   0: 3 0x80001ae4 (0x0812) x16 0x2c0ba300
core   0: 0x80001ae6 (0x000018fd) c.addi  a7, -1
core   0: 3 0x80001ae6 (0x18fd) x17 0x00000009
core   0: 0x80001ae8 (0x00005561) c.li    a0, -8
core   0: 3 0x80001ae8 (0x5561) x10 0xfffffff8
core   0: 0x80001aea (0x00000001) c.nop
core   0: 3 0x80001aea (0x0001)
core   0: 0x80001aec (0x036c89b3) mul     s3, s9, s6
core   0: 3 0x80001aec (0x036c89b3) x19 0x0000000a
core   0: 0x80001af0 (0x027c31b3) mulhu   gp, s8, t2
core   0: 3 0x80001af0 (0x027c31b3) x3  0x00000029
core   0: 0x80001af4 (0x00008379) c.srli  a4, 30
core   0: 3 0x80001af4 (0x8379) x14 0x00000000
core   0: 0x80001af6 (0x00008dd1) c.or    a1, a2
core   0: 3 0x80001af6 (0x8dd1) x11 0xffffffff
core   0: 0x80001af8 (0x00000001) c.nop
core   0: 3 0x80001af8 (0x0001)
core   0: 0x80001afa (0x0f026d13) ori     s10, tp, 240
core   0: 3 0x80001afa (0x0f026d13) x26 0x000060f0
core   0: 0x80001afe (0x001ba333) slt     t1, s7, ra
core   0: 3 0x80001afe (0x001ba333) x6  0x00000001
core   0: 0x80001b02 (0x00000509) c.addi  a0, 2
core   0: 3 0x80001b02 (0x0509) x10 0xfffffffa
core   0: 0x80001b04 (0x000099fd) c.andi  a1, -1
core   0: 3 0x80001b04 (0x99fd) x11 0xffffffff
core   0: 0x80001b06 (0x0000d975) c.beqz  a0, pc - 12
core   0: 3 0x80001b06 (0xd975)
core   0: 0x80001b08 (0x01d821b3) slt     gp, a6, t4
core   0: 3 0x80001b08 (0x01d821b3) x3  0x00000000
core   0: 0x80001b0c (0xfd6889e3) beq     a7, s6, pc - 46
core   0: 3 0x80001b0c (0xfd6889e3)
core   0: 0x80001b10 (0x00008f69) c.and   a4, a0
core   0: 3 0x80001b10 (0x8f69) x14 0x00000000
core   0: 0x80001b12 (0x00004a19) c.li    s4, 6
core   0: 3 0x80001b12 (0x4a19) x20 0x00000006
core   0: 0x80001b14 (0x40cf5613) srai    a2, t5, 12
core   0: 3 0x80001b14 (0x40cf5613) x12 0xffffffff
core   0: 0x80001b18 (0x029fd2b3) divu    t0, t6, s1
core   0: 3 0x80001b18 (0x029fd2b3) x5  0x00000038
core   0: 0x80001b1c (0x00005bc9) c.li    s7, -14
core   0: 3 0x80001b1c (0x5bc9) x23 0xfffffff2
core   0: 0x80001b1e (0x00e141b3) xor     gp, sp, a4
core   0: 3 0x80001b1e (0x00e141b3) x3  0x80029d24
core   0: 0x80001b22 (0x00008c79) c.and   s0, a4
core   0: 3 0x80001b22 (0x8c79) x8  0x00000000
core   0: 0x80001b24 (0x00001a71) c.addi  s4, -4
core   0: 3 0x80001b24 (0x1a71) x20 0x00000002
core   0: 0x80001b26 (0x00d19d13) slli    s10, gp, 13
core   0: 3 0x80001b26 (0x00d19d13) x26 0x53a48000
core   0: 0x80001b2a (0xff7a5ce3) bge     s4, s7, pc - 8
core   0: 3 0x80001b2a (0xff7a5ce3)
core   0: 0x80001b22 (0x00008c79) c.and   s0, a4
core   0: 3 0x80001b22 (0x8c79) x8  0x00000000
core   0: 0x80001b24 (0x00001a71) c.addi  s4, -4
core   0: 3 0x80001b24 (0x1a71) x20 0xfffffffe
core   0: 0x80001b26 (0x00d19d13) slli    s10, gp, 13
core   0: 3 0x80001b26 (0x00d19d13) x26 0x53a48000
core   0: 0x80001b2a (0xff7a5ce3) bge     s4, s7, pc - 8
core   0: 3 0x80001b2a (0xff7a5ce3)
core   0: 0x80001b22 (0x00008c79) c.and   s0, a4
core   0: 3 0x80001b22 (0x8c79) x8  0x00000000
core   0: 0x80001b24 (0x00001a71) c.addi  s4, -4
core   0: 3 0x80001b24 (0x1a71) x20 0xfffffffa
core   0: 0x80001b26 (0x00d19d13) slli    s10, gp, 13
core   0: 3 0x80001b26 (0x00d19d13) x26 0x53a48000
core   0: 0x80001b2a (0xff7a5ce3) bge     s4, s7, pc - 8
core   0: 3 0x80001b2a (0xff7a5ce3)
core   0: 0x80001b22 (0x00008c79) c.and   s0, a4
core   0: 3 0x80001b22 (0x8c79) x8  0x00000000
core   0: 0x80001b24 (0x00001a71) c.addi  s4, -4
core   0: 3 0x80001b24 (0x1a71) x20 0xfffffff6
core   0: 0x80001b26 (0x00d19d13) slli    s10, gp, 13
core   0: 3 0x80001b26 (0x00d19d13) x26 0x53a48000
core   0: 0x80001b2a (0xff7a5ce3) bge     s4, s7, pc - 8
core   0: 3 0x80001b2a (0xff7a5ce3)
core   0: 0x80001b22 (0x00008c79) c.and   s0, a4
core   0: 3 0x80001b22 (0x8c79) x8  0x00000000
core   0: 0x80001b24 (0x00001a71) c.addi  s4, -4
core   0: 3 0x80001b24 (0x1a71) x20 0xfffffff2
core   0: 0x80001b26 (0x00d19d13) slli    s10, gp, 13
core   0: 3 0x80001b26 (0x00d19d13) x26 0x53a48000
core   0: 0x80001b2a (0xff7a5ce3) bge     s4, s7, pc - 8
core   0: 3 0x80001b2a (0xff7a5ce3)
core   0: 0x80001b22 (0x00008c79) c.and   s0, a4
core   0: 3 0x80001b22 (0x8c79) x8  0x00000000
core   0: 0x80001b24 (0x00001a71) c.addi  s4, -4
core   0: 3 0x80001b24 (0x1a71) x20 0xffffffee
core   0: 0x80001b26 (0x00d19d13) slli    s10, gp, 13
core   0: 3 0x80001b26 (0x00d19d13) x26 0x53a48000
core   0: 0x80001b2a (0xff7a5ce3) bge     s4, s7, pc - 8
core   0: 3 0x80001b2a (0xff7a5ce3)
core   0: 0x80001b2e (0x0274ae33) mulhsu  t3, s1, t2
core   0: 3 0x80001b2e (0x0274ae33) x28 0x00000000
core   0: 0x80001b32 (0x0000ff97) auipc   t6, 0xf
core   0: 3 0x80001b32 (0x0000ff97) x31 0x80010b32
core   0: 0x80001b36 (0x440f8f93) addi    t6, t6, 1088
core   0: 3 0x80001b36 (0x440f8f93) x31 0x80010f72
core   0: 0x80001b3a (0xffdf8003) lb      zero, -3(t6)
core   0: 3 0x80001b3a (0xffdf8003) mem 0x80010f6f
core   0: 0x80001b3e (0x467e4193) xori    gp, t3, 1127
core   0: 3 0x80001b3e (0x467e4193) x3  0x00000467
core   0: 0x80001b42 (0x0142dc33) srl     s8, t0, s4
core   0: 3 0x80001b42 (0x0142dc33) x24 0x00000000
core   0: 0x80001b46 (0x009f8b83) lb      s7, 9(t6)
core   0: 3 0x80001b46 (0x009f8b83) x23 0x00000053 mem 0x80010f7b
core   0: 0x80001b4a (0x000fd303) lhu     t1, 0(t6)
core   0: 3 0x80001b4a (0x000fd303) x6  0x0000e979 mem 0x80010f72
core   0: 0x80001b4e (0xffafd583) lhu     a1, -6(t6)
core   0: 3 0x80001b4e (0xffafd583) x11 0x00005db5 mem 0x80010f6c
core   0: 0x80001b52 (0x00877e33) and     t3, a4, s0
core   0: 3 0x80001b52 (0x00877e33) x28 0x00000000
core   0: 0x80001b56 (0xfe8f9d23) sh      s0, -6(t6)
core   0: 3 0x80001b56 (0xfe8f9d23) mem 0x80010f6c 0x0000
core   0: 0x80001b5a (0x000fdd03) lhu     s10, 0(t6)
core   0: 3 0x80001b5a (0x000fdd03) x26 0x0000e979 mem 0x80010f72
core   0: 0x80001b5e (0xffcfce03) lbu     t3, -4(t6)
core   0: 3 0x80001b5e (0xffcfce03) x28 0x00000071 mem 0x80010f6e
core   0: 0x80001b62 (0x021254b3) divu    s1, tp, ra
core   0: 3 0x80001b62 (0x021254b3) x9  0x00000000
core   0: 0x80001b66 (0x00008c51) c.or    s0, a2
core   0: 3 0x80001b66 (0x8c51) x8  0xffffffff
core   0: 0x80001b68 (0x00ff9023) sh      a5, 0(t6)
core   0: 3 0x80001b68 (0x00ff9023) mem 0x80010f72 0x0000
core   0: 0x80001b6c (0x01ff82a3) sb      t6, 5(t6)
core   0: 3 0x80001b6c (0x01ff82a3) mem 0x80010f77 0x72
core   0: 0x80001b70 (0x015f81a3) sb      s5, 3(t6)
core   0: 3 0x80001b70 (0x015f81a3) mem 0x80010f75 0x00
core   0: 0x80001b74 (0x03bc99b3) mulh    s3, s9, s11
core   0: 3 0x80001b74 (0x03bc99b3) x19 0x00000000
core   0: 0x80001b78 (0x01209893) slli    a7, ra, 18
core   0: 3 0x80001b78 (0x01209893) x17 0x18000000
core   0: 0x80001b7c (0x41fed193) srai    gp, t4, 31
core   0: 3 0x80001b7c (0x41fed193) x3  0x00000000
core   0: 0x80001b80 (0x0f317093) andi    ra, sp, 243
core   0: 3 0x80001b80 (0x0f317093) x1  0x00000020
core   0: 0x80001b84 (0xff9f8283) lb      t0, -7(t6)
core   0: 3 0x80001b84 (0xff9f8283) x5  0x00000004 mem 0x80010f6b
core   0: 0x80001b88 (0x000f8223) sb      zero, 4(t6)
core   0: 3 0x80001b88 (0x000f8223) mem 0x80010f76 0x00
core   0: 0x80001b8c (0xffdf8ca3) sb      t4, -7(t6)
core   0: 3 0x80001b8c (0xffdf8ca3) mem 0x80010f6b 0x00
core   0: 0x80001b90 (0xff3f8e03) lb      t3, -13(t6)
core   0: 3 0x80001b90 (0xff3f8e03) x28 0x0000006b mem 0x80010f65
core   0: 0x80001b94 (0xfeff9a23) sh      a5, -12(t6)
core   0: 3 0x80001b94 (0xfeff9a23) mem 0x80010f66 0x0000
core   0: 0x80001b98 (0xfeaf8da3) sb      a0, -5(t6)
core   0: 3 0x80001b98 (0xfeaf8da3) mem 0x80010f6d 0xfa
core   0: 0x80001b9c (0x00bfc703) lbu     a4, 11(t6)
core   0: 3 0x80001b9c (0x00bfc703) x14 0x000000f1 mem 0x80010f7d
core   0: 0x80001ba0 (0x00bf8e83) lb      t4, 11(t6)
core   0: 3 0x80001ba0 (0x00bf8e83) x29 0xfffffff1 mem 0x80010f7d
core   0: 0x80001ba4 (0xff2f8ba3) sb      s2, -9(t6)
core   0: 3 0x80001ba4 (0xff2f8ba3) mem 0x80010f69 0xff
core   0: 0x80001ba8 (0xff7f9e23) sh      s7, -4(t6)
core   0: 3 0x80001ba8 (0xff7f9e23) mem 0x80010f6e 0x0053
core   0: 0x80001bac (0x00008c2d) c.xor   s0, a1
core   0: 3 0x80001bac (0x8c2d) x8  0xffffa24a
core   0: 0x80001bae (0x00ff8683) lb      a3, 15(t6)
core   0: 3 0x80001bae (0x00ff8683) x13 0x00000015 mem 0x80010f81
core   0: 0x80001bb2 (0x00008d21) c.xor   a0, s0
core   0: 3 0x80001bb2 (0x8d21) x10 0x00005db0
core   0: 0x80001bb4 (0xff0fab23) sw      a6, -10(t6)
core   0: 3 0x80001bb4 (0xff0fab23) mem 0x80010f68 0x2c0ba300
core   0: 0x80001bb8 (0x00011f97) auipc   t6, 0x11
core   0: 3 0x80001bb8 (0x00011f97) x31 0x80012bb8
core   0: 0x80001bbc (0x5bbf8f93) addi    t6, t6, 1467
core   0: 3 0x80001bbc (0x5bbf8f93) x31 0x80013173
core   0: 0x80001bc0 (0x00008149) c.srli  a0, 18
core   0: 3 0x80001bc0 (0x8149) x10 0x00000000
core   0: 0x80001bc2 (0x01cfce83) lbu     t4, 28(t6)
core   0: 3 0x80001bc2 (0x01cfce83) x29 0x00000093 mem 0x8001318f
core   0: 0x80001bc6 (0x01459e93) slli    t4, a1, 20
core   0: 3 0x80001bc6 (0x01459e93) x29 0xdb500000
core   0: 0x80001bca (0x0eb82813) slti    a6, a6, 235
core   0: 3 0x80001bca (0x0eb82813) x16 0x00000000
core   0: 0x80001bce (0x03cef5b3) remu    a1, t4, t3
core   0: 3 0x80001bce (0x03cef5b3) x11 0x00000064
core   0: 0x80001bd2 (0xb5886813) ori     a6, a6, -1192
core   0: 3 0x80001bd2 (0xb5886813) x16 0xfffffb58
core   0: 0x80001bd6 (0x029805b3) mul     a1, a6, s1
core   0: 3 0x80001bd6 (0x029805b3) x11 0x00000000
core   0: 0x80001bda (0x01551593) slli    a1, a0, 21
core   0: 3 0x80001bda (0x01551593) x11 0x00000000
core   0: 0x80001bde (0x01c49813) slli    a6, s1, 28
core   0: 3 0x80001bde (0x01c49813) x16 0x00000000
core   0: 0x80001be2 (0xfdffd483) lhu     s1, -33(t6)
core   0: 3 0x80001be2 (0xfdffd483) x9  0x0000e08f mem 0x80013152
core   0: 0x80001be6 (0xa3aa65b7) lui     a1, 0xa3aa6
core   0: 3 0x80001be6 (0xa3aa65b7) x11 0xa3aa6000
core   0: 0x80001bea (0x005fce83) lbu     t4, 5(t6)
core   0: 3 0x80001bea (0x005fce83) x29 0x00000061 mem 0x80013178
core   0: 0x80001bee (0x0304b5b3) mulhu   a1, s1, a6
core   0: 3 0x80001bee (0x0304b5b3) x11 0x00000000
core   0: 0x80001bf2 (0x006f8803) lb      a6, 6(t6)
core   0: 3 0x80001bf2 (0x006f8803) x16 0x0000006f mem 0x80013179
core   0: 0x80001bf6 (0x030815b3) mulh    a1, a6, a6
core   0: 3 0x80001bf6 (0x030815b3) x11 0x00000000
core   0: 0x80001bfa (0xfdcf8023) sb      t3, -64(t6)
core   0: 3 0x80001bfa (0xfdcf8023) mem 0x80013133 0x6b
core   0: 0x80001bfe (0xfeaf8e83) lb      t4, -22(t6)
core   0: 3 0x80001bfe (0xfeaf8e83) x29 0x0000007b mem 0x8001315d
core   0: 0x80001c02 (0x01c5c533) xor     a0, a1, t3
core   0: 3 0x80001c02 (0x01c5c533) x10 0x0000006b
core   0: 0x80001c06 (0x015f9e83) lh      t4, 21(t6)
core   0: 3 0x80001c06 (0x015f9e83) x29 0x00003315 mem 0x80013188
core   0: 0x80001c0a (0xfe5fd803) lhu     a6, -27(t6)
core   0: 3 0x80001c0a (0xfe5fd803) x16 0x0000eb27 mem 0x80013158
core   0: 0x80001c0e (0x02bf8723) sb      a1, 46(t6)
core   0: 3 0x80001c0e (0x02bf8723) mem 0x800131a1 0x00
core   0: 0x80001c12 (0x0000082a) c.slli  a6, 10
core   0: 3 0x80001c12 (0x082a) x16 0x03ac9c00
core   0: 0x80001c14 (0x00000ec2) c.slli  t4, 16
core   0: 3 0x80001c14 (0x0ec2) x29 0x33150000
core   0: 0x80001c16 (0x012f8483) lb      s1, 18(t6)
core   0: 3 0x80001c16 (0x012f8483) x9  0x00000046 mem 0x80013185
core   0: 0x80001c1a (0x01df8e83) lb      t4, 29(t6)
core   0: 3 0x80001c1a (0x01df8e83) x29 0xfffffffa mem 0x80013190
core   0: 0x80001c1e (0x01c875b3) and     a1, a6, t3
core   0: 3 0x80001c1e (0x01c875b3) x11 0x00000000
core   0: 0x80001c22 (0x01cf8a23) sb      t3, 20(t6)
core   0: 3 0x80001c22 (0x01cf8a23) mem 0x80013187 0x6b
core   0: 0x80001c26 (0x000f8583) lb      a1, 0(t6)
core   0: 3 0x80001c26 (0x000f8583) x11 0xffffff98 mem 0x80013173
core   0: 0x80001c2a (0x41d55813) srai    a6, a0, 29
core   0: 3 0x80001c2a (0x41d55813) x16 0x00000000
core   0: 0x80001c2e (0x03c5eeb3) rem     t4, a1, t3
core   0: 3 0x80001c2e (0x03c5eeb3) x29 0xffffff98
core   0: 0x80001c32 (0xed35b813) sltiu   a6, a1, -301
core   0: 3 0x80001c32 (0xed35b813) x16 0x00000000
core   0: 0x80001c36 (0x02ff8e83) lb      t4, 47(t6)
core   0: 3 0x80001c36 (0x02ff8e83) x29 0xffffffeb mem 0x800131a2
core   0: 0x80001c3a (0x00cfc803) lbu     a6, 12(t6)
core   0: 3 0x80001c3a (0x00cfc803) x16 0x0000009b mem 0x8001317f
core   0: 0x80001c3e (0x02ef8583) lb      a1, 46(t6)
core   0: 3 0x80001c3e (0x02ef8583) x11 0x00000000 mem 0x800131a1
core   0: 0x80001c42 (0x02bfc803) lbu     a6, 43(t6)
core   0: 3 0x80001c42 (0x02bfc803) x16 0x0000005d mem 0x8001319e
core   0: 0x80001c46 (0x00000e69) c.addi  t3, 26
core   0: 3 0x80001c46 (0x0e69) x28 0x00000085
core   0: 0x80001c48 (0x02981833) mulh    a6, a6, s1
core   0: 3 0x80001c48 (0x02981833) x16 0x00000000
core   0: 0x80001c4c (0x00efc803) lbu     a6, 14(t6)
core   0: 3 0x80001c4c (0x00efc803) x16 0x000000f4 mem 0x80013181
core   0: 0x80001c50 (0x00000001) c.nop
core   0: 3 0x80001c50 (0x0001)
core   0: 0x80001c52 (0x01d85833) srl     a6, a6, t4
core   0: 3 0x80001c52 (0x01d85833) x16 0x00000000
core   0: 0x80001c56 (0x00006e41) c.lui   t3, 0x10
core   0: 3 0x80001c56 (0x6e41) x28 0x00010000
core   0: 0x80001c58 (0x00a57833) and     a6, a0, a0
core   0: 3 0x80001c58 (0x00a57833) x16 0x0000006b
core   0: 0x80001c5c (0x000099fd) c.andi  a1, -1
core   0: 3 0x80001c5c (0x99fd) x11 0x00000000
core   0: 0x80001c5e (0x03cf8423) sb      t3, 40(t6)
core   0: 3 0x80001c5e (0x03cf8423) mem 0x8001319b 0x00
core   0: 0x80001c62 (0x01d5f533) and     a0, a1, t4
core   0: 3 0x80001c62 (0x01d5f533) x10 0x00000000
core   0: 0x80001c66 (0xfedfd583) lhu     a1, -19(t6)
core   0: 3 0x80001c66 (0xfedfd583) x11 0x00004421 mem 0x80013160
core   0: 0x80001c6a (0x00cf8803) lb      a6, 12(t6)
core   0: 3 0x80001c6a (0x00cf8803) x16 0xffffff9b mem 0x8001317f
core   0: 0x80001c6e (0x027fd803) lhu     a6, 39(t6)
core   0: 3 0x80001c6e (0x027fd803) x16 0x00000012 mem 0x8001319a
core   0: 0x80001c72 (0xfc5f8e03) lb      t3, -59(t6)
core   0: 3 0x80001c72 (0xfc5f8e03) x28 0xffffffba mem 0x80013138
core   0: 0x80001c76 (0x016f8483) lb      s1, 22(t6)
core   0: 3 0x80001c76 (0x016f8483) x9  0x00000033 mem 0x80013189
core   0: 0x80001c7a (0x027fde83) lhu     t4, 39(t6)
core   0: 3 0x80001c7a (0x027fde83) x29 0x00000012 mem 0x8001319a
core   0: 0x80001c7e (0xfddf8da3) sb      t4, -37(t6)
core   0: 3 0x80001c7e (0xfddf8da3) mem 0x8001314e 0x12
core   0: 0x80001c82 (0x01d57eb3) and     t4, a0, t4
core   0: 3 0x80001c82 (0x01d57eb3) x29 0x00000000
core   0: 0x80001c86 (0x035fc803) lbu     a6, 53(t6)
core   0: 3 0x80001c86 (0x035fc803) x16 0x0000002a mem 0x800131a8
core   0: 0x80001c8a (0x03cf86a3) sb      t3, 45(t6)
core   0: 3 0x80001c8a (0x03cf86a3) mem 0x800131a0 0xba
core   0: 0x80001c8e (0x00019917) auipc   s2, 0x19
core   0: 3 0x80001c8e (0x00019917) x18 0x8001ac8e
core   0: 0x80001c92 (0x52a90913) addi    s2, s2, 1322
core   0: 3 0x80001c92 (0x52a90913) x18 0x8001b1b8
core   0: 0x80001c96 (0x008904a3) sb      s0, 9(s2)
core   0: 3 0x80001c96 (0x008904a3) mem 0x8001b1c1 0x4a
core   0: 0x80001c9a (0x00008e11) c.sub   a2, a2
core   0: 3 0x80001c9a (0x8e11) x12 0x00000000
core   0: 0x80001c9c (0x00994403) lbu     s0, 9(s2)
core   0: 3 0x80001c9c (0x00994403) x8  0x0000004a mem 0x8001b1c1
core   0: 0x80001ca0 (0x00994483) lbu     s1, 9(s2)
core   0: 3 0x80001ca0 (0x00994483) x9  0x0000004a mem 0x8001b1c1
core   0: 0x80001ca4 (0x00990d03) lb      s10, 9(s2)
core   0: 3 0x80001ca4 (0x00990d03) x26 0x0000004a mem 0x8001b1c1
core   0: 0x80001ca8 (0x00994203) lbu     tp, 9(s2)
core   0: 3 0x80001ca8 (0x00994203) x4  0x0000004a mem 0x8001b1c1
core   0: 0x80001cac (0x00990803) lb      a6, 9(s2)
core   0: 3 0x80001cac (0x00990803) x16 0x0000004a mem 0x8001b1c1
core   0: 0x80001cb0 (0x017904a3) sb      s7, 9(s2)
core   0: 3 0x80001cb0 (0x017904a3) mem 0x8001b1c1 0x53
core   0: 0x80001cb4 (0x00990883) lb      a7, 9(s2)
core   0: 3 0x80001cb4 (0x00990883) x17 0x00000053 mem 0x8001b1c1
core   0: 0x80001cb8 (0x00000ea2) c.slli  t4, 8
core   0: 3 0x80001cb8 (0x0ea2) x29 0x00000000
core   0: 0x80001cba (0x01c904a3) sb      t3, 9(s2)
core   0: 3 0x80001cba (0x01c904a3) mem 0x8001b1c1 0xba
core   0: 0x80001cbe (0x00e904a3) sb      a4, 9(s2)
core   0: 3 0x80001cbe (0x00e904a3) mem 0x8001b1c1 0xf1
core   0: 0x80001cc2 (0x00994483) lbu     s1, 9(s2)
core   0: 3 0x80001cc2 (0x00994483) x9  0x000000f1 mem 0x8001b1c1
core   0: 0x80001cc6 (0x00990a83) lb      s5, 9(s2)
core   0: 3 0x80001cc6 (0x00990a83) x21 0xfffffff1 mem 0x8001b1c1
core   0: 0x80001cca (0x001904a3) sb      ra, 9(s2)
core   0: 3 0x80001cca (0x001904a3) mem 0x8001b1c1 0x20
core   0: 0x80001cce (0x00994b83) lbu     s7, 9(s2)
core   0: 3 0x80001cce (0x00994b83) x23 0x00000020 mem 0x8001b1c1
core   0: 0x80001cd2 (0x9d662b93) slti    s7, a2, -1578
core   0: 3 0x80001cd2 (0x9d662b93) x23 0x00000000
core   0: 0x80001cd6 (0xfee92823) sw      a4, -16(s2)
core   0: 3 0x80001cd6 (0xfee92823) mem 0x8001b1a8 0x000000f1
core   0: 0x80001cda (0xff090803) lb      a6, -16(s2)
core   0: 3 0x80001cda (0xff090803) x16 0xfffffff1 mem 0x8001b1a8
core   0: 0x80001cde (0x00490503) lb      a0, 4(s2)
core   0: 3 0x80001cde (0x00490503) x10 0xffffffc3 mem 0x8001b1bc
core   0: 0x80001ce2 (0x01092223) sw      a6, 4(s2)
core   0: 3 0x80001ce2 (0x01092223) mem 0x8001b1bc 0xfffffff1
core   0: 0x80001ce6 (0x0001a617) auipc   a2, 0x1a
core   0: 3 0x80001ce6 (0x0001a617) x12 0x8001bce6
core   0: 0x80001cea (0xe1060613) addi    a2, a2, -496
core   0: 3 0x80001cea (0xe1060613) x12 0x8001baf6
core   0: 0x80001cee (0x00865903) lhu     s2, 8(a2)
core   0: 3 0x80001cee (0x00865903) x18 0x00006aa8 mem 0x8001bafe
core   0: 0x80001cf2 (0x00864e83) lbu     t4, 8(a2)
core   0: 3 0x80001cf2 (0x00864e83) x29 0x000000a8 mem 0x8001bafe
core   0: 0x80001cf6 (0xff065a83) lhu     s5, -16(a2)
core   0: 3 0x80001cf6 (0xff065a83) x21 0x00003f78 mem 0x8001bae6
core   0: 0x80001cfa (0x70113013) sltiu   zero, sp, 1793
core   0: 3 0x80001cfa (0x70113013)
core   0: 0x80001cfe (0xff060203) lb      tp, -16(a2)
core   0: 3 0x80001cfe (0xff060203) x4  0x00000078 mem 0x8001bae6
core   0: 0x80001d02 (0xff061d03) lh      s10, -16(a2)
core   0: 3 0x80001d02 (0xff061d03) x26 0x00003f78 mem 0x8001bae6
core   0: 0x80001d06 (0xff065303) lhu     t1, -16(a2)
core   0: 3 0x80001d06 (0xff065303) x6  0x00003f78 mem 0x8001bae6
core   0: 0x80001d0a (0xff860823) sb      s8, -16(a2)
core   0: 3 0x80001d0a (0xff860823) mem 0x8001bae6 0x00
core   0: 0x80001d0e (0xff064203) lbu     tp, -16(a2)
core   0: 3 0x80001d0e (0xff064203) x4  0x00000000 mem 0x8001bae6
core   0: 0x80001d12 (0xff060203) lb      tp, -16(a2)
core   0: 3 0x80001d12 (0xff060203) x4  0x00000000 mem 0x8001bae6
core   0: 0x80001d16 (0x000092ba) c.add   t0, a4
core   0: 3 0x80001d16 (0x92ba) x5  0x000000f5
core   0: 0x80001d18 (0xff061d03) lh      s10, -16(a2)
core   0: 3 0x80001d18 (0xff061d03) x26 0x00003f00 mem 0x8001bae6
core   0: 0x80001d1c (0xff064a83) lbu     s5, -16(a2)
core   0: 3 0x80001d1c (0xff064a83) x21 0x00000000 mem 0x8001bae6
core   0: 0x80001d20 (0xfee60823) sb      a4, -16(a2)
core   0: 3 0x80001d20 (0xfee60823) mem 0x8001bae6 0xf1
core   0: 0x80001d24 (0x0000555d) c.li    a0, -9
core   0: 3 0x80001d24 (0x555d) x10 0xfffffff7
core   0: 0x80001d26 (0x01b11e33) sll     t3, sp, s11
core   0: 3 0x80001d26 (0x01b11e33) x28 0x000a7490
core   0: 0x80001d2a (0x00005379) c.li    t1, -2
core   0: 3 0x80001d2a (0x5379) x6  0xfffffffe
core   0: 0x80001d2c (0x016e5d13) srli    s10, t3, 22
core   0: 3 0x80001d2c (0x016e5d13) x26 0x00000000
core   0: 0x80001d30 (0x00000432) c.slli  s0, 12
core   0: 3 0x80001d30 (0x0432) x8  0x0004a000
core   0: 0x80001d32 (0x00b3d733) srl     a4, t2, a1
core   0: 3 0x80001d32 (0x00b3d733) x14 0x40012f52
core   0: 0x80001d36 (0x0164aa33) slt     s4, s1, s6
core   0: 3 0x80001d36 (0x0164aa33) x20 0x00000000
core   0: 0x80001d3a (0x02dd8033) mul     zero, s11, a3
core   0: 3 0x80001d3a (0x02dd8033)
core   0: 0x80001d3e (0x02de2f33) mulhsu  t5, t3, a3
core   0: 3 0x80001d3e (0x02de2f33) x30 0x00000000
core   0: 0x80001d42 (0x00564eb3) xor     t4, a2, t0
core   0: 3 0x80001d42 (0x00564eb3) x29 0x8001ba03
core   0: 0x80001d46 (0x0080b733) sltu    a4, ra, s0
core   0: 3 0x80001d46 (0x0080b733) x14 0x00000001
core   0: 0x80001d4a (0x00006871) c.lui   a6, 0x1c
core   0: 3 0x80001d4a (0x6871) x16 0x0001c000
core   0: 0x80001d4c (0x0000841d) c.srai  s0, 7
core   0: 3 0x80001d4c (0x841d) x8  0x00000940
core   0: 0x80001d4e (0x6caf3cb7) lui     s9, 0x6caf3
core   0: 3 0x80001d4e (0x6caf3cb7) x25 0x6caf3000
core   0: 0x80001d52 (0x00000519) c.addi  a0, 6
core   0: 3 0x80001d52 (0x0519) x10 0xfffffffd
core   0: 0x80001d54 (0xc91d7b13) andi    s6, s10, -879
core   0: 3 0x80001d54 (0xc91d7b13) x22 0x00000000
core   0: 0x80001d58 (0x0000489d) c.li    a7, 7
core   0: 3 0x80001d58 (0x489d) x17 0x00000007
core   0: 0x80001d5a (0xfc654ee3) blt     a0, t1, pc - 36
core   0: 3 0x80001d5a (0xfc654ee3)
core   0: 0x80001d36 (0x0164aa33) slt     s4, s1, s6
core   0: 3 0x80001d36 (0x0164aa33) x20 0x00000000
core   0: 0x80001d3a (0x02dd8033) mul     zero, s11, a3
core   0: 3 0x80001d3a (0x02dd8033)
core   0: 0x80001d3e (0x02de2f33) mulhsu  t5, t3, a3
core   0: 3 0x80001d3e (0x02de2f33) x30 0x00000000
core   0: 0x80001d42 (0x00564eb3) xor     t4, a2, t0
core   0: 3 0x80001d42 (0x00564eb3) x29 0x8001ba03
core   0: 0x80001d46 (0x0080b733) sltu    a4, ra, s0
core   0: 3 0x80001d46 (0x0080b733) x14 0x00000001
core   0: 0x80001d4a (0x00006871) c.lui   a6, 0x1c
core   0: 3 0x80001d4a (0x6871) x16 0x0001c000
core   0: 0x80001d4c (0x0000841d) c.srai  s0, 7
core   0: 3 0x80001d4c (0x841d) x8  0x00000012
core   0: 0x80001d4e (0x6caf3cb7) lui     s9, 0x6caf3
core   0: 3 0x80001d4e (0x6caf3cb7) x25 0x6caf3000
core   0: 0x80001d52 (0x00000519) c.addi  a0, 6
core   0: 3 0x80001d52 (0x0519) x10 0x00000003
core   0: 0x80001d54 (0xc91d7b13) andi    s6, s10, -879
core   0: 3 0x80001d54 (0xc91d7b13) x22 0x00000000
core   0: 0x80001d58 (0x0000489d) c.li    a7, 7
core   0: 3 0x80001d58 (0x489d) x17 0x00000007
core   0: 0x80001d5a (0xfc654ee3) blt     a0, t1, pc - 36
core   0: 3 0x80001d5a (0xfc654ee3)
core   0: 0x80001d5e (0x000065bd) c.lui   a1, 0xf
core   0: 3 0x80001d5e (0x65bd) x11 0x0000f000
core   0: 0x80001d60 (0x0000ec17) auipc   s8, 0xe
core   0: 3 0x80001d60 (0x0000ec17) x24 0x8000fd60
core   0: 0x80001d64 (0x334c0c13) addi    s8, s8, 820
core   0: 3 0x80001d64 (0x334c0c13) x24 0x80010094
core   0: 0x80001d68 (0x00006531) c.lui   a0, 0xc
core   0: 3 0x80001d68 (0x6531) x10 0x0000c000
core   0: 0x80001d6a (0xff4c1603) lh      a2, -12(s8)
core   0: 3 0x80001d6a (0xff4c1603) x12 0xffffdc0d mem 0x80010088
core   0: 0x80001d6e (0x01e8de13) srli    t3, a7, 30
core   0: 3 0x80001d6e (0x01e8de13) x28 0x00000000
core   0: 0x80001d72 (0x016c4583) lbu     a1, 22(s8)
core   0: 3 0x80001d72 (0x016c4583) x11 0x00000099 mem 0x800100aa
core   0: 0x80001d76 (0x2bb26f93) ori     t6, tp, 699
core   0: 3 0x80001d76 (0x2bb26f93) x31 0x000002bb
core   0: 0x80001d7a (0x025df2b3) remu    t0, s11, t0
core   0: 3 0x80001d7a (0x025df2b3) x5  0x0000009c
core   0: 0x80001d7e (0x03921333) mulh    t1, tp, s9
core   0: 3 0x80001d7e (0x03921333) x6  0x00000000
core   0: 0x80001d82 (0xfecc0323) sb      a2, -26(s8)
core   0: 3 0x80001d82 (0xfecc0323) mem 0x8001007a 0x0d
core   0: 0x80001d86 (0x00000001) c.nop
core   0: 3 0x80001d86 (0x0001)
core   0: 0x80001d88 (0x000086f1) c.srai  a3, 28
core   0: 3 0x80001d88 (0x86f1) x13 0x00000000
core   0: 0x80001d8a (0xfedc0183) lb      gp, -19(s8)
core   0: 3 0x80001d8a (0xfedc0183) x3  0x00000043 mem 0x80010081
core   0: 0x80001d8e (0xfc0c2883) lw      a7, -64(s8)
core   0: 3 0x80001d8e (0xfc0c2883) x17 0x40e43261 mem 0x80010054
core   0: 0x80001d92 (0xcea5ae93) slti    t4, a1, -790
core   0: 3 0x80001d92 (0xcea5ae93) x29 0x00000000
core   0: 0x80001d96 (0xcdf3a813) slti    a6, t2, -801
core   0: 3 0x80001d96 (0xcdf3a813) x16 0x00000001
core   0: 0x80001d9a (0x00008e15) c.sub   a2, a3
core   0: 3 0x80001d9a (0x8e15) x12 0xffffdc0d
core   0: 0x80001d9c (0x00008ef1) c.and   a3, a2
core   0: 3 0x80001d9c (0x8ef1) x13 0x00000000
core   0: 0x80001d9e (0xfd5c0403) lb      s0, -43(s8)
core   0: 3 0x80001d9e (0xfd5c0403) x8  0x00000064 mem 0x80010069
core   0: 0x80001da2 (0x038c2703) lw      a4, 56(s8)
core   0: 3 0x80001da2 (0x038c2703) x14 0x5dfd3555 mem 0x800100cc
core   0: 0x80001da6 (0x01bc4483) lbu     s1, 27(s8)
core   0: 3 0x80001da6 (0x01bc4483) x9  0x00000046 mem 0x800100af
core   0: 0x80001daa (0xfeac1723) sh      a0, -18(s8)
core   0: 3 0x80001daa (0xfeac1723) mem 0x80010082 0xc000
core   0: 0x80001dae (0xfd3c1d23) sh      s3, -38(s8)
core   0: 3 0x80001dae (0xfd3c1d23) mem 0x8001006e 0x0000
core   0: 0x80001db2 (0xff1c4403) lbu     s0, -15(s8)
core   0: 3 0x80001db2 (0xff1c4403) x8  0x000000a4 mem 0x80010085
core   0: 0x80001db6 (0x006c4283) lbu     t0, 6(s8)
core   0: 3 0x80001db6 (0x006c4283) x5  0x00000047 mem 0x8001009a
core   0: 0x80001dba (0xfcfc4283) lbu     t0, -49(s8)
core   0: 3 0x80001dba (0xfcfc4283) x5  0x000000c6 mem 0x80010063
core   0: 0x80001dbe (0x3b3ff193) andi    gp, t6, 947
core   0: 3 0x80001dbe (0x3b3ff193) x3  0x000002b3
core   0: 0x80001dc2 (0xff4c0ba3) sb      s4, -9(s8)
core   0: 3 0x80001dc2 (0xff4c0ba3) mem 0x8001008b 0x00
core   0: 0x80001dc6 (0x00013197) auipc   gp, 0x13
core   0: 3 0x80001dc6 (0x00013197) x3  0x80014dc6
core   0: 0x80001dca (0x39518193) addi    gp, gp, 917
core   0: 3 0x80001dca (0x39518193) x3  0x8001515b
core   0: 0x80001dce (0x09f1c603) lbu     a2, 159(gp)
core   0: 3 0x80001dce (0x09f1c603) x12 0x0000005b mem 0x800151fa
core   0: 0x80001dd2 (0x00000001) c.nop
core   0: 3 0x80001dd2 (0x0001)
core   0: 0x80001dd4 (0xf6418203) lb      tp, -156(gp)
core   0: 3 0x80001dd4 (0xf6418203) x4  0xffffffb5 mem 0x800150bf
core   0: 0x80001dd8 (0x41425f33) sra     t5, tp, s4
core   0: 3 0x80001dd8 (0x41425f33) x30 0xffffffb5
core   0: 0x80001ddc (0xf791a603) lw      a2, -135(gp)
core   0: 3 0x80001ddc (0xf791a603) x12 0x63c4227f mem 0x800150d4
core   0: 0x80001de0 (0x01018603) lb      a2, 16(gp)
core   0: 3 0x80001de0 (0x01018603) x12 0xffffffd6 mem 0x8001516b
core   0: 0x80001de4 (0xaf7a3293) sltiu   t0, s4, -1289
core   0: 3 0x80001de4 (0xaf7a3293) x5  0x00000001
core   0: 0x80001de8 (0xfd81c283) lbu     t0, -40(gp)
core   0: 3 0x80001de8 (0xfd81c283) x5  0x000000e2 mem 0x80015133
core   0: 0x80001dec (0x00008e51) c.or    a2, a2
core   0: 3 0x80001dec (0x8e51) x12 0xffffffd6
core   0: 0x80001dee (0x00000001) c.nop
core   0: 3 0x80001dee (0x0001)
core   0: 0x80001df0 (0x00009f62) c.add   t5, s8
core   0: 3 0x80001df0 (0x9f62) x30 0x80010049
core   0: 0x80001df2 (0xf14187a3) sb      s4, -241(gp)
core   0: 3 0x80001df2 (0xf14187a3) mem 0x8001506a 0x00
core   0: 0x80001df6 (0x018f72b3) and     t0, t5, s8
core   0: 3 0x80001df6 (0x018f72b3) x5  0x80010000
core   0: 0x80001dfa (0x03e29f33) mulh    t5, t0, t5
core   0: 3 0x80001dfa (0x03e29f33) x30 0x3ffeffdc
core   0: 0x80001dfe (0x00006279) c.lui   tp, 0x1e
core   0: 3 0x80001dfe (0x6279) x4  0x0001e000
core   0: 0x80001e00 (0xf9418623) sb      s4, -116(gp)
core   0: 3 0x80001e00 (0xf9418623) mem 0x800150e7 0x00
core   0: 0x80001e04 (0x00008e51) c.or    a2, a2
core   0: 3 0x80001e04 (0x8e51) x12 0xffffffd6
core   0: 0x80001e06 (0x0000866d) c.srai  a2, 27
core   0: 3 0x80001e06 (0x866d) x12 0xffffffff
core   0: 0x80001e08 (0x0c41a8a3) sw      tp, 209(gp)
core   0: 3 0x80001e08 (0x0c41a8a3) mem 0x8001522c 0x0001e000
core   0: 0x80001e0c (0x00000001) c.nop
core   0: 3 0x80001e0c (0x0001)
core   0: 0x80001e0e (0x00c26c33) or      s8, tp, a2
core   0: 3 0x80001e0e (0x00c26c33) x24 0xffffffff
core   0: 0x80001e12 (0x00008e71) c.and   a2, a2
core   0: 3 0x80001e12 (0x8e71) x12 0xffffffff
core   0: 0x80001e14 (0xfa218c03) lb      s8, -94(gp)
core   0: 3 0x80001e14 (0xfa218c03) x24 0xffffff82 mem 0x800150fd
core   0: 0x80001e18 (0x00c222b3) slt     t0, tp, a2
core   0: 3 0x80001e18 (0x00c222b3) x5  0x00000000
core   0: 0x80001e1c (0xff41cf03) lbu     t5, -12(gp)
core   0: 3 0x80001e1c (0xff41cf03) x30 0x000000b4 mem 0x8001514f
core   0: 0x80001e20 (0x0da1cf03) lbu     t5, 218(gp)
core   0: 3 0x80001e20 (0x0da1cf03) x30 0x000000cb mem 0x80015235
core   0: 0x80001e24 (0x00000001) c.nop
core   0: 3 0x80001e24 (0x0001)
core   0: 0x80001e26 (0x09818f23) sb      s8, 158(gp)
core   0: 3 0x80001e26 (0x09818f23) mem 0x800151f9 0x82
core   0: 0x80001e2a (0xfed1dc03) lhu     s8, -19(gp)
core   0: 3 0x80001e2a (0xfed1dc03) x24 0x000006bd mem 0x80015148
core   0: 0x80001e2e (0xf8a18f03) lb      t5, -118(gp)
core   0: 3 0x80001e2e (0xf8a18f03) x30 0xffffff81 mem 0x800150e5
core   0: 0x80001e32 (0x404f5293) srai    t0, t5, 4
core   0: 3 0x80001e32 (0x404f5293) x5  0xfffffff8
core   0: 0x80001e36 (0x0991dc03) lhu     s8, 153(gp)
core   0: 3 0x80001e36 (0x0991dc03) x24 0x0000b0c7 mem 0x800151f4
core   0: 0x80001e3a (0x0491dc03) lhu     s8, 73(gp)
core   0: 3 0x80001e3a (0x0491dc03) x24 0x0000b767 mem 0x800151a4
core   0: 0x80001e3e (0x0db1d283) lhu     t0, 219(gp)
core   0: 3 0x80001e3e (0x0db1d283) x5  0x0000d38c mem 0x80015236
core   0: 0x80001e42 (0x41ef5c33) sra     s8, t5, t5
core   0: 3 0x80001e42 (0x41ef5c33) x24 0xffffffc0
core   0: 0x80001e46 (0x004f0c33) add     s8, t5, tp
core   0: 3 0x80001e46 (0x004f0c33) x24 0x0001df81
core   0: 0x80001e4a (0x0242bf33) mulhu   t5, t0, tp
core   0: 3 0x80001e4a (0x0242bf33) x30 0x00000001
core   0: 0x80001e4e (0xfe319a03) lh      s4, -29(gp)
core   0: 3 0x80001e4e (0xfe319a03) x20 0xffff9c74 mem 0x8001513e
core   0: 0x80001e52 (0xf1518283) lb      t0, -235(gp)
core   0: 3 0x80001e52 (0xf1518283) x5  0xffffffc2 mem 0x80015070
core   0: 0x80001e56 (0x0000167d) c.addi  a2, -1
core   0: 3 0x80001e56 (0x167d) x12 0xfffffffe
core   0: 0x80001e58 (0xf9e199a3) sh      t5, -109(gp)
core   0: 3 0x80001e58 (0xf9e199a3) mem 0x800150ee 0x0001
core   0: 0x80001e5c (0x025c72b3) remu    t0, s8, t0
core   0: 3 0x80001e5c (0x025c72b3) x5  0x0001df81
core   0: 0x80001e60 (0x000082fa) c.mv    t0, t5
core   0: 3 0x80001e60 (0x82fa) x5  0x00000001
core   0: 0x80001e62 (0x000f5c13) srli    s8, t5, 0
core   0: 3 0x80001e62 (0x000f5c13) x24 0x00000001
core   0: 0x80001e66 (0x034c1f33) mulh    t5, s8, s4
core   0: 3 0x80001e66 (0x034c1f33) x30 0xffffffff
core   0: 0x80001e6a (0xf9118f03) lb      t5, -111(gp)
core   0: 3 0x80001e6a (0xf9118f03) x30 0xffffff89 mem 0x800150ec
core   0: 0x80001e6e (0x01ef6c33) or      s8, t5, t5
core   0: 3 0x80001e6e (0x01ef6c33) x24 0xffffff89
core   0: 0x80001e72 (0x0ea1cf03) lbu     t5, 234(gp)
core   0: 3 0x80001e72 (0x0ea1cf03) x30 0x00000044 mem 0x80015245
core   0: 0x80001e76 (0x0000f917) auipc   s2, 0xf
core   0: 3 0x80001e76 (0x0000f917) x18 0x80010e76
core   0: 0x80001e7a (0x1ef90913) addi    s2, s2, 495
core   0: 3 0x80001e7a (0x1ef90913) x18 0x80011065
core   0: 0x80001e7e (0x038ac333) div     t1, s5, s8
core   0: 3 0x80001e7e (0x038ac333) x6  0x00000000
core   0: 0x80001e82 (0x0e3906a3) sb      gp, 237(s2)
core   0: 3 0x80001e82 (0x0e3906a3) mem 0x80011152 0x5b
core   0: 0x80001e86 (0x00000001) c.nop
core   0: 3 0x80001e86 (0x0001)
core   0: 0x80001e88 (0x26294c03) lbu     s8, 610(s2)
core   0: 3 0x80001e88 (0x26294c03) x24 0x000000fe mem 0x800112c7
core   0: 0x80001e8c (0x02e7b333) mulhu   t1, a5, a4
core   0: 3 0x80001e8c (0x02e7b333) x6  0x2efe9aaa
core   0: 0x80001e90 (0x01790223) sb      s7, 4(s2)
core   0: 3 0x80001e90 (0x01790223) mem 0x80011069 0x00
core   0: 0x80001e94 (0x9c68ca37) lui     s4, 0x9c68c
core   0: 3 0x80001e94 (0x9c68ca37) x20 0x9c68c000
core   0: 0x80001e98 (0x009fd493) srli    s1, t6, 9
core   0: 3 0x80001e98 (0x009fd493) x9  0x00000001
core   0: 0x80001e9c (0x1cc94e83) lbu     t4, 460(s2)
core   0: 3 0x80001e9c (0x1cc94e83) x29 0x000000ac mem 0x80011231
core   0: 0x80001ea0 (0x033660b3) rem     ra, a2, s3
core   0: 3 0x80001ea0 (0x033660b3) x1  0xfffffffe
core   0: 0x80001ea4 (0x6a191b83) lh      s7, 1697(s2)
core   0: 3 0x80001ea4 (0x6a191b83) x23 0xffffd4b2 mem 0x80011706
core   0: 0x80001ea8 (0x41f0d6b3) sra     a3, ra, t6
core   0: 3 0x80001ea8 (0x41f0d6b3) x13 0xffffffff
core   0: 0x80001eac (0x035ff1b3) remu    gp, t6, s5
core   0: 3 0x80001eac (0x035ff1b3) x3  0x000002bb
core   0: 0x80001eb0 (0x031a69b3) rem     s3, s4, a7
core   0: 3 0x80001eb0 (0x031a69b3) x19 0xdd4cf261
core   0: 0x80001eb4 (0x47f91703) lh      a4, 1151(s2)
core   0: 3 0x80001eb4 (0x47f91703) x14 0xffffb8eb mem 0x800114e4
core   0: 0x80001eb8 (0x00433fb3) sltu    t6, t1, tp
core   0: 3 0x80001eb8 (0x00433fb3) x31 0x00000000
core   0: 0x80001ebc (0x86a83093) sltiu   ra, a6, -1942
core   0: 3 0x80001ebc (0x86a83093) x1  0x00000001
core   0: 0x80001ec0 (0x2e090483) lb      s1, 736(s2)
core   0: 3 0x80001ec0 (0x2e090483) x9  0x00000063 mem 0x80011345
core   0: 0x80001ec4 (0x4e790d03) lb      s10, 1255(s2)
core   0: 3 0x80001ec4 (0x4e790d03) x26 0x00000033 mem 0x8001154c
core   0: 0x80001ec8 (0x007c5593) srli    a1, s8, 7
core   0: 3 0x80001ec8 (0x007c5593) x11 0x00000001
core   0: 0x80001ecc (0x03275633) divu    a2, a4, s2
core   0: 3 0x80001ecc (0x03275633) x12 0x00000001
core   0: 0x80001ed0 (0x00008751) c.srai  a4, 20
core   0: 3 0x80001ed0 (0x8751) x14 0xffffffff
core   0: 0x80001ed2 (0x1a890c23) sb      s0, 440(s2)
core   0: 3 0x80001ed2 (0x1a890c23) mem 0x8001121d 0xa4
core   0: 0x80001ed6 (0x00008db1) c.xor   a1, a2
core   0: 3 0x80001ed6 (0x8db1) x11 0x00000000
core   0: 0x80001ed8 (0x00000001) c.nop
core   0: 3 0x80001ed8 (0x0001)
core   0: 0x80001eda (0x00009a7d) c.andi  a2, -1
core   0: 3 0x80001eda (0x9a7d) x12 0x00000001
core   0: 0x80001edc (0x06991003) lh      zero, 105(s2)
core   0: 3 0x80001edc (0x06991003) mem 0x800110ce
core   0: 0x80001ee0 (0x60690403) lb      s0, 1542(s2)
core   0: 3 0x80001ee0 (0x60690403) x8  0xffffffaa mem 0x8001166b
core   0: 0x80001ee4 (0xf198f717) auipc   a4, 0xf198f
core   0: 3 0x80001ee4 (0xf198f717) x14 0x71990ee4
core   0: 0x80001ee8 (0x00000001) c.nop
core   0: 3 0x80001ee8 (0x0001)
core   0: 0x80001eea (0x000084e9) c.srai  s1, 26
core   0: 3 0x80001eea (0x84e9) x9  0x00000000
core   0: 0x80001eec (0x21b92403) lw      s0, 539(s2)
core   0: 3 0x80001eec (0x21b92403) x8  0xb9d5e146 mem 0x80011280
core   0: 0x80001ef0 (0x43790c23) sb      s7, 1080(s2)
core   0: 3 0x80001ef0 (0x43790c23) mem 0x8001149d 0xb2
core   0: 0x80001ef4 (0x00000fad) c.addi  t6, 11
core   0: 3 0x80001ef4 (0x0fad) x31 0x0000000b
core   0: 0x80001ef6 (0x0000997d) c.andi  a0, -1
core   0: 3 0x80001ef6 (0x997d) x10 0x0000c000
core   0: 0x80001ef8 (0x6a8cc613) xori    a2, s9, 1704
core   0: 3 0x80001ef8 (0x6a8cc613) x12 0x6caf36a8
core   0: 0x80001efc (0x17a91fa3) sh      s10, 383(s2)
core   0: 3 0x80001efc (0x17a91fa3) mem 0x800111e4 0x0033
core   0: 0x80001f00 (0x00000001) c.nop
core   0: 3 0x80001f00 (0x0001)
core   0: 0x80001f02 (0x09094f03) lbu     t5, 144(s2)
core   0: 3 0x80001f02 (0x09094f03) x30 0x000000d8 mem 0x800110f5
core   0: 0x80001f06 (0x13e913a3) sh      t5, 295(s2)
core   0: 3 0x80001f06 (0x13e913a3) mem 0x8001118c 0x00d8
core   0: 0x80001f0a (0x1df94a83) lbu     s5, 479(s2)
core   0: 3 0x80001f0a (0x1df94a83) x21 0x00000033 mem 0x80011244
core   0: 0x80001f0e (0x032b0cb3) mul     s9, s6, s2
core   0: 3 0x80001f0e (0x032b0cb3) x25 0x00000000
core   0: 0x80001f12 (0x67195b83) lhu     s7, 1649(s2)
core   0: 3 0x80001f12 (0x67195b83) x23 0x00003c87 mem 0x800116d6
core   0: 0x80001f16 (0x4f5911a3) sh      s5, 1251(s2)
core   0: 3 0x80001f16 (0x4f5911a3) mem 0x80011548 0x0033
core   0: 0x80001f1a (0x02ece1b3) rem     gp, s9, a4
core   0: 3 0x80001f1a (0x02ece1b3) x3  0x00000000
core   0: 0x80001f1e (0x1dc94883) lbu     a7, 476(s2)
core   0: 3 0x80001f1e (0x1dc94883) x17 0x0000004b mem 0x80011241
core   0: 0x80001f22 (0x6de94303) lbu     t1, 1758(s2)
core   0: 3 0x80001f22 (0x6de94303) x6  0x0000005e mem 0x80011743
core   0: 0x80001f26 (0x41e1d2b3) sra     t0, gp, t5
core   0: 3 0x80001f26 (0x41e1d2b3) x5  0x00000000
core   0: 0x80001f2a (0x00008ed9) c.or    a3, a4
core   0: 3 0x80001f2a (0x8ed9) x13 0xffffffff
core   0: 0x80001f2c (0x70894e03) lbu     t3, 1800(s2)
core   0: 3 0x80001f2c (0x70894e03) x28 0x0000007b mem 0x8001176d
core   0: 0x80001f30 (0x30a90e03) lb      t3, 778(s2)
core   0: 3 0x80001f30 (0x30a90e03) x28 0x00000020 mem 0x8001136f
core   0: 0x80001f34 (0x79790a03) lb      s4, 1943(s2)
core   0: 3 0x80001f34 (0x79790a03) x20 0xffffffba mem 0x800117fc
core   0: 0x80001f38 (0x02f690b3) mulh    ra, a3, a5
core   0: 3 0x80001f38 (0x02f690b3) x1  0x00000000
core   0: 0x80001f3c (0x012b4c33) xor     s8, s6, s2
core   0: 3 0x80001f3c (0x012b4c33) x24 0x80011065
core   0: 0x80001f40 (0x05d90d03) lb      s10, 93(s2)
core   0: 3 0x80001f40 (0x05d90d03) x26 0xffffffd8 mem 0x800110c2
core   0: 0x80001f44 (0x0000e717) auipc   a4, 0xe
core   0: 3 0x80001f44 (0x0000e717) x14 0x8000ff44
core   0: 0x80001f48 (0x39870713) addi    a4, a4, 920
core   0: 3 0x80001f48 (0x39870713) x14 0x800102dc
core   0: 0x80001f4c (0xff3708a3) sb      s3, -15(a4)
core   0: 3 0x80001f4c (0xff3708a3) mem 0x800102cd 0x61
core   0: 0x80001f50 (0xff871f83) lh      t6, -8(a4)
core   0: 3 0x80001f50 (0xff871f83) x31 0xfffff914 mem 0x800102d4
core   0: 0x80001f54 (0x00ab21b3) slt     gp, s6, a0
core   0: 3 0x80001f54 (0x00ab21b3) x3  0x00000001
core   0: 0x80001f58 (0xff870203) lb      tp, -8(a4)
core   0: 3 0x80001f58 (0xff870203) x4  0x00000014 mem 0x800102d4
core   0: 0x80001f5c (0x00570a83) lb      s5, 5(a4)
core   0: 3 0x80001f5c (0x00570a83) x21 0xffffffc3 mem 0x800102e1
core   0: 0x80001f60 (0x00574d83) lbu     s11, 5(a4)
core   0: 3 0x80001f60 (0x00574d83) x27 0x000000c3 mem 0x800102e1
core   0: 0x80001f64 (0xff274f83) lbu     t6, -14(a4)
core   0: 3 0x80001f64 (0xff274f83) x31 0x000000ca mem 0x800102ce
core   0: 0x80001f68 (0xff274303) lbu     t1, -14(a4)
core   0: 3 0x80001f68 (0xff274303) x6  0x000000ca mem 0x800102ce
core   0: 0x80001f6c (0x00a702a3) sb      a0, 5(a4)
core   0: 3 0x80001f6c (0x00a702a3) mem 0x800102e1 0x00
core   0: 0x80001f70 (0x00570f03) lb      t5, 5(a4)
core   0: 3 0x80001f70 (0x00570f03) x30 0x00000000 mem 0x800102e1
core   0: 0x80001f74 (0x013702a3) sb      s3, 5(a4)
core   0: 3 0x80001f74 (0x013702a3) mem 0x800102e1 0x61
core   0: 0x80001f78 (0x354ae013) ori     zero, s5, 852
core   0: 3 0x80001f78 (0x354ae013)
core   0: 0x80001f7c (0x00074a03) lbu     s4, 0(a4)
core   0: 3 0x80001f7c (0x00074a03) x20 0x000000ca mem 0x800102dc
core   0: 0x80001f80 (0x0000c30c) c.sw    a1, 0(a4)
core   0: 3 0x80001f80 (0xc30c) mem 0x800102dc 0x00000000
core   0: 0x80001f82 (0xff970883) lb      a7, -7(a4)
core   0: 3 0x80001f82 (0xff970883) x17 0xfffffff9 mem 0x800102d5
core   0: 0x80001f86 (0xff974583) lbu     a1, -7(a4)
core   0: 3 0x80001f86 (0xff974583) x11 0x000000f9 mem 0x800102d5
core   0: 0x80001f8a (0xff271483) lh      s1, -14(a4)
core   0: 3 0x80001f8a (0xff271483) x9  0xffffe5ca mem 0x800102ce
core   0: 0x80001f8e (0x00072003) lw      zero, 0(a4)
core   0: 3 0x80001f8e (0x00072003) mem 0x800102dc
core   0: 0x80001f92 (0x00974603) lbu     a2, 9(a4)
core   0: 3 0x80001f92 (0x00974603) x12 0x00000008 mem 0x800102e5
core   0: 0x80001f96 (0x003700a3) sb      gp, 1(a4)
core   0: 3 0x80001f96 (0x003700a3) mem 0x800102dd 0x01
core   0: 0x80001f9a (0x00770323) sb      t2, 6(a4)
core   0: 3 0x80001f9a (0x00770323) mem 0x800102e2 0xa4
core   0: 0x80001f9e (0x0120036f) jal     t1, pc + 0x12
core   0: 3 0x80001f9e (0x0120036f) x6  0x80001fa2
core   0: 0x80001fb0 (0x00002015) c.jal   pc + 36
core   0: 3 0x80001fb0 (0x2015) x1  0x80001fb2
core   0: 0x80001fd4 (0x000037e5) c.jal   pc - 24
core   0: 3 0x80001fd4 (0x37e5) x1  0x80001fd6
core   0: 0x80001fbc (0x0000200d) c.jal   pc + 34
core   0: 3 0x80001fbc (0x200d) x1  0x80001fbe
core   0: 0x80001fde (0x0000bfc5) c.j     pc - 16
core   0: 3 0x80001fde (0xbfc5)
core   0: 0x80001fce (0x00003fdd) c.jal   pc - 10
core   0: 3 0x80001fce (0x3fdd) x1  0x80001fd0
core   0: 0x80001fc4 (0x00003fcd) c.jal   pc - 14
core   0: 3 0x80001fc4 (0x3fcd) x1  0x80001fc6
core   0: 0x80001fb6 (0x000037f5) c.jal   pc - 20
core   0: 3 0x80001fb6 (0x37f5) x1  0x80001fb8
core   0: 0x80001fa2 (0x0000a099) c.j     pc + 70
core   0: 3 0x80001fa2 (0xa099)
core   0: 0x80001fe8 (0x00003fe5) c.jal   pc - 8
core   0: 3 0x80001fe8 (0x3fe5) x1  0x80001fea
core   0: 0x80001fe0 (0xffdff1ef) jal     gp, pc - 0x4
core   0: 3 0x80001fe0 (0xffdff1ef) x3  0x80001fe4
core   0: 0x80001fdc (0x00002029) c.jal   pc + 10
core   0: 3 0x80001fdc (0x2029) x1  0x80001fde
core   0: 0x80001fe6 (0x00003ffd) c.jal   pc - 2
core   0: 3 0x80001fe6 (0x3ffd) x1  0x80001fe8
core   0: 0x80001fe4 (0x0000b7cd) c.j     pc - 30
core   0: 3 0x80001fe4 (0xb7cd)
core   0: 0x80001fc6 (0x0000bfcd) c.j     pc - 14
core   0: 3 0x80001fc6 (0xbfcd)
core   0: 0x80001fb8 (0xffbff2ef) jal     t0, pc - 0x6
core   0: 3 0x80001fb8 (0xffbff2ef) x5  0x80001fbc
core   0: 0x80001fb2 (0x0240036f) jal     t1, pc + 0x24
core   0: 3 0x80001fb2 (0x0240036f) x6  0x80001fb6
core   0: 0x80001fd6 (0x0000bfd9) c.j     pc - 42
core   0: 3 0x80001fd6 (0xbfd9)
core   0: 0x80001fac (0x0120036f) jal     t1, pc + 0x12
core   0: 3 0x80001fac (0x0120036f) x6  0x80001fb0
core   0: 0x80001fbe (0x0000b7dd) c.j     pc - 26
core   0: 3 0x80001fbe (0xb7dd)
core   0: 0x80001fa4 (0x00002815) c.jal   pc + 52
core   0: 3 0x80001fa4 (0x2815) x1  0x80001fa6
core   0: 0x80001fd8 (0xfd3ffb6f) jal     s6, pc - 0x2e
core   0: 3 0x80001fd8 (0xfd3ffb6f) x22 0x80001fdc
core   0: 0x80001faa (0x00002081) c.jal   pc + 64
core   0: 3 0x80001faa (0x2081) x1  0x80001fac
core   0: 0x80001fea (0x0000b7c5) c.j     pc - 32
core   0: 3 0x80001fea (0xb7c5)
core   0: 0x80001fca (0x0000bff1) c.j     pc - 36
core   0: 3 0x80001fca (0xbff1)
core   0: 0x80001fa6 (0x01a0056f) jal     a0, pc + 0x1a
core   0: 3 0x80001fa6 (0x01a0056f) x10 0x80001faa
core   0: 0x80001fc0 (0x0100036f) jal     t1, pc + 0x10
core   0: 3 0x80001fc0 (0x0100036f) x6  0x80001fc4
core   0: 0x80001fd0 (0xffdff36f) jal     t1, pc - 0x4
core   0: 3 0x80001fd0 (0xffdff36f) x6  0x80001fd4
core   0: 0x80001fcc (0x00003ff5) c.jal   pc - 4
core   0: 3 0x80001fcc (0x3ff5) x1  0x80001fce
core   0: 0x80001fc8 (0x0000a015) c.j     pc + 36
core   0: 3 0x80001fc8 (0xa015)
core   0: 0x80001fec (0x00008ca5) c.xor   s1, s1
core   0: 3 0x80001fec (0x8ca5) x9  0x00000000
core   0: 0x80001fee (0x0140036f) jal     t1, pc + 0x14
core   0: 3 0x80001fee (0x0140036f) x6  0x80001ff2
core   0: 0x80002002 (0x0000a801) c.j     pc + 16
core   0: 3 0x80002002 (0xa801)
core   0: 0x80002012 (0x00003fd5) c.jal   pc - 12
core   0: 3 0x80002012 (0x3fd5) x1  0x80002014
core   0: 0x80002006 (0xfedff36f) jal     t1, pc - 0x14
core   0: 3 0x80002006 (0xfedff36f) x6  0x8000200a
core   0: 0x80001ff2 (0x0000a029) c.j     pc + 10
core   0: 3 0x80001ff2 (0xa029)
core   0: 0x80001ffc (0x00003fe5) c.jal   pc - 8
core   0: 3 0x80001ffc (0x3fe5) x1  0x80001ffe
core   0: 0x80001ff4 (0x0260026f) jal     tp, pc + 0x26
core   0: 3 0x80001ff4 (0x0260026f) x4  0x80001ff8
core   0: 0x8000201a (0x00003fc5) c.jal   pc - 16
core   0: 3 0x8000201a (0x3fc5) x1  0x8000201c
core   0: 0x8000200a (0x00003fed) c.jal   pc - 6
core   0: 3 0x8000200a (0x3fed) x1  0x8000200c
core   0: 0x80002004 (0x0000a811) c.j     pc + 20
core   0: 3 0x80002004 (0xa811)
core   0: 0x80002018 (0x0000a019) c.j     pc + 6
core   0: 3 0x80002018 (0xa019)
core   0: 0x8000201e (0x00003fc5) c.jal   pc - 16
core   0: 3 0x8000201e (0x3fc5) x1  0x80002020
core   0: 0x8000200e (0x0000a019) c.j     pc + 6
core   0: 3 0x8000200e (0xa019)
core   0: 0x80002014 (0xfe5fff6f) jal     t5, pc - 0x1c
core   0: 3 0x80002014 (0xfe5fff6f) x30 0x80002018
core   0: 0x80001ff8 (0x0240086f) jal     a6, pc + 0x24
core   0: 3 0x80001ff8 (0x0240086f) x16 0x80001ffc
core   0: 0x8000201c (0x000037cd) c.jal   pc - 30
core   0: 3 0x8000201c (0x37cd) x1  0x8000201e
core   0: 0x80001ffe (0x012000ef) jal     pc + 0x12
core   0: 3 0x80001ffe (0x012000ef) x1  0x80002002
core   0: 0x80002010 (0x0000bff5) c.j     pc - 4
core   0: 3 0x80002010 (0xbff5)
core   0: 0x8000200c (0x00002811) c.jal   pc + 20
core   0: 3 0x8000200c (0x2811) x1  0x8000200e
core   0: 0x80002020 (0xb8dee613) ori     a2, t4, -1139
core   0: 3 0x80002020 (0xb8dee613) x12 0xfffffbad
core   0: 0x80002024 (0x0000ff17) auipc   t5, 0xf
core   0: 3 0x80002024 (0x0000ff17) x30 0x80011024
core   0: 0x80002028 (0xfdff0f13) addi    t5, t5, -33
core   0: 3 0x80002028 (0xfdff0f13) x30 0x80011003
core   0: 0x8000202c (0xafdf0583) lb      a1, -1283(t5)
core   0: 3 0x8000202c (0xafdf0583) x11 0x0000002f mem 0x80010b00
core   0: 0x80002030 (0x000086e5) c.srai  a3, 25
core   0: 3 0x80002030 (0x86e5) x13 0xffffffff
core   0: 0x80002032 (0x01af4e83) lbu     t4, 26(t5)
core   0: 3 0x80002032 (0x01af4e83) x29 0x00000082 mem 0x8001101d
core   0: 0x80002036 (0xc68f0fa3) sb      s0, -897(t5)
core   0: 3 0x80002036 (0xc68f0fa3) mem 0x80010c82 0x46
core   0: 0x8000203a (0xe5df0623) sb      t4, -436(t5)
core   0: 3 0x8000203a (0xe5df0623) mem 0x80010e4f 0x82
core   0: 0x8000203e (0x000085fe) c.mv    a1, t6
core   0: 3 0x8000203e (0x85fe) x11 0x000000ca
core   0: 0x80002040 (0x00008c35) c.xor   s0, a3
core   0: 3 0x80002040 (0x8c35) x8  0x462a1eb9
core   0: 0x80002042 (0xfcbf4003) lbu     zero, -53(t5)
core   0: 3 0x80002042 (0xfcbf4003) mem 0x80010fce
core   0: 0x80002046 (0x01305693) srli    a3, zero, 19
core   0: 3 0x80002046 (0x01305693) x13 0x00000000
core   0: 0x8000204a (0xbcbf18a3) sh      a1, -1071(t5)
core   0: 3 0x8000204a (0xbcbf18a3) mem 0x80010bd4 0x00ca
core   0: 0x8000204e (0x0000147d) c.addi  s0, -1
core   0: 3 0x8000204e (0x147d) x8  0x462a1eb8
core   0: 0x80002050 (0x41f585b3) sub     a1, a1, t6
core   0: 3 0x80002050 (0x41f585b3) x11 0x00000000
core   0: 0x80002054 (0x00009fae) c.add   t6, a1
core   0: 3 0x80002054 (0x9fae) x31 0x000000ca
core   0: 0x80002056 (0x809f0e83) lb      t4, -2039(t5)
core   0: 3 0x80002056 (0x809f0e83) x29 0x00000056 mem 0x8001080c
core   0: 0x8000205a (0x02df8033) mul     zero, t6, a3
core   0: 3 0x8000205a (0x02df8033)
core   0: 0x8000205e (0x03f035b3) mulhu   a1, zero, t6
core   0: 3 0x8000205e (0x03f035b3) x11 0x00000000
core   0: 0x80002062 (0x02d03433) mulhu   s0, zero, a3
core   0: 3 0x80002062 (0x02d03433) x8  0x00000000
core   0: 0x80002066 (0x03f036b3) mulhu   a3, zero, t6
core   0: 3 0x80002066 (0x03f036b3) x13 0x00000000
core   0: 0x8000206a (0x00008c35) c.xor   s0, a3
core   0: 3 0x8000206a (0x8c35) x8  0x00000000
core   0: 0x8000206c (0x01441013) slli    zero, s0, 20
core   0: 3 0x8000206c (0x01441013)
core   0: 0x80002070 (0x03ffdfb3) divu    t6, t6, t6
core   0: 3 0x80002070 (0x03ffdfb3) x31 0x00000001
core   0: 0x80002074 (0x00d02033) slt     zero, zero, a3
core   0: 3 0x80002074 (0x00d02033)
core   0: 0x80002078 (0x860f0223) sb      zero, -1948(t5)
core   0: 3 0x80002078 (0x860f0223) mem 0x80010867 0x00
core   0: 0x8000207c (0xc78f0403) lb      s0, -904(t5)
core   0: 3 0x8000207c (0xc78f0403) x8  0xffffffa5 mem 0x80010c7b
core   0: 0x80002080 (0xcacf0583) lb      a1, -852(t5)
core   0: 3 0x80002080 (0xcacf0583) x11 0xffffffd6 mem 0x80010caf
core   0: 0x80002084 (0xaf803e93) sltiu   t4, zero, -1288
core   0: 3 0x80002084 (0xaf803e93) x29 0x00000001
core   0: 0x80002088 (0xc0bf0d23) sb      a1, -998(t5)
core   0: 3 0x80002088 (0xc0bf0d23) mem 0x80010c1d 0xd6
core   0: 0x8000208c (0xaa0f4583) lbu     a1, -1376(t5)
core   0: 3 0x8000208c (0xaa0f4583) x11 0x000000b4 mem 0x80010aa3
core   0: 0x80002090 (0xdbdf0223) sb      t4, -604(t5)
core   0: 3 0x80002090 (0xdbdf0223) mem 0x80010da7 0x01
core   0: 0x80002094 (0x997f4683) lbu     a3, -1641(t5)
core   0: 3 0x80002094 (0x997f4683) x13 0x000000de mem 0x8001099a
core   0: 0x80002098 (0x887f4683) lbu     a3, -1913(t5)
core   0: 3 0x80002098 (0x887f4683) x13 0x000000ea mem 0x8001088a
core   0: 0x8000209c (0x00841033) sll     zero, s0, s0
core   0: 3 0x8000209c (0x00841033)
core   0: 0x800020a0 (0x94bf4e83) lbu     t4, -1717(t5)
core   0: 3 0x800020a0 (0x94bf4e83) x29 0x000000ed mem 0x8001094e
core   0: 0x800020a4 (0xddbf4403) lbu     s0, -549(t5)
core   0: 3 0x800020a4 (0xddbf4403) x8  0x000000e2 mem 0x80010dde
core   0: 0x800020a8 (0x920f0c23) sb      zero, -1736(t5)
core   0: 3 0x800020a8 (0x920f0c23) mem 0x8001093b 0x00
core   0: 0x800020ac (0xe1ff0d23) sb      t6, -486(t5)
core   0: 3 0x800020ac (0xe1ff0d23) mem 0x80010e1d 0x01
core   0: 0x800020b0 (0xc8af0f83) lb      t6, -886(t5)
core   0: 3 0x800020b0 (0xc8af0f83) x31 0x0000006e mem 0x80010c8d
core   0: 0x800020b4 (0xacaf4e83) lbu     t4, -1334(t5)
core   0: 3 0x800020b4 (0xacaf4e83) x29 0x000000cc mem 0x80010acd
core   0: 0x800020b8 (0x00006419) c.lui   s0, 0x6
core   0: 3 0x800020b8 (0x6419) x8  0x00006000
core   0: 0x800020ba (0x960f07a3) sb      zero, -1681(t5)
core   0: 3 0x800020ba (0x960f07a3) mem 0x80010972 0x00
core   0: 0x800020be (0x00010717) auipc   a4, 0x10
core   0: 3 0x800020be (0x00010717) x14 0x800120be
core   0: 0x800020c2 (0x6b870713) addi    a4, a4, 1720
core   0: 3 0x800020c2 (0x6b870713) x14 0x80012776
core   0: 0x800020c6 (0x0c271c03) lh      s8, 194(a4)
core   0: 3 0x800020c6 (0x0c271c03) x24 0x00006275 mem 0x80012838
core   0: 0x800020ca (0x0d972123) sw      s9, 194(a4)
core   0: 3 0x800020ca (0x0d972123) mem 0x80012838 0x00000000
core   0: 0x800020ce (0x0ce72123) sw      a4, 194(a4)
core   0: 3 0x800020ce (0x0ce72123) mem 0x80012838 0x80012776
core   0: 0x800020d2 (0x0c971123) sh      s1, 194(a4)
core   0: 3 0x800020d2 (0x0c971123) mem 0x80012838 0x0000
core   0: 0x800020d6 (0x0dd74c03) lbu     s8, 221(a4)
core   0: 3 0x800020d6 (0x0dd74c03) x24 0x00000022 mem 0x80012853
core   0: 0x800020da (0x0dd70c83) lb      s9, 221(a4)
core   0: 3 0x800020da (0x0dd70c83) x25 0x00000022 mem 0x80012853
core   0: 0x800020de (0xfe070b83) lb      s7, -32(a4)
core   0: 3 0x800020de (0xfe070b83) x23 0xffffffdb mem 0x80012756
core   0: 0x800020e2 (0xfe770023) sb      t2, -32(a4)
core   0: 3 0x800020e2 (0xfe770023) mem 0x80012756 0xa4
core   0: 0x800020e6 (0x03dfc5b3) div     a1, t6, t4
core   0: 3 0x800020e6 (0x03dfc5b3) x11 0x00000000
core   0: 0x800020ea (0x0d974003) lbu     zero, 217(a4)
core   0: 3 0x800020ea (0x0d974003) mem 0x8001284f
core   0: 0x800020ee (0x410c5893) srai    a7, s8, 16
core   0: 3 0x800020ee (0x410c5893) x17 0x00000000
core   0: 0x800020f2 (0x0c770ca3) sb      t2, 217(a4)
core   0: 3 0x800020f2 (0x0c770ca3) mem 0x8001284f 0xa4
core   0: 0x800020f6 (0x0d970283) lb      t0, 217(a4)
core   0: 3 0x800020f6 (0x0d970283) x5  0xffffffa4 mem 0x8001284f
core   0: 0x800020fa (0x0fb74303) lbu     t1, 251(a4)
core   0: 3 0x800020fa (0x0fb74303) x6  0x000000f7 mem 0x80012871
core   0: 0x800020fe (0xf4271323) sh      sp, -186(a4)
core   0: 3 0x800020fe (0xf4271323) mem 0x800126bc 0x9d24
core   0: 0x80002102 (0x055704a3) sb      s5, 73(a4)
core   0: 3 0x80002102 (0x055704a3) mem 0x800127bf 0xc3
core   0: 0x80002106 (0x0ad70aa3) sb      a3, 181(a4)
core   0: 3 0x80002106 (0x0ad70aa3) mem 0x8001282b 0xea
core   0: 0x8000210a (0x03d704a3) sb      t4, 41(a4)
core   0: 3 0x8000210a (0x03d704a3) mem 0x8001279f 0xcc
core   0: 0x8000210e (0x03935233) divu    tp, t1, s9
core   0: 3 0x8000210e (0x03935233) x4  0x00000007
core   0: 0x80002112 (0xf6e71b83) lh      s7, -146(a4)
core   0: 3 0x80002112 (0xf6e71b83) x23 0x00001ec9 mem 0x800126e4
core   0: 0x80002116 (0xf8470f83) lb      t6, -124(a4)
core   0: 3 0x80002116 (0xf8470f83) x31 0x0000007c mem 0x800126fa
core   0: 0x8000211a (0xf4a71303) lh      t1, -182(a4)
core   0: 3 0x8000211a (0xf4a71303) x6  0x00007661 mem 0x800126c0
core   0: 0x8000211e (0x00010e17) auipc   t3, 0x10
core   0: 3 0x8000211e (0x00010e17) x28 0x8001211e
core   0: 0x80002122 (0x77ae0e13) addi    t3, t3, 1914
core   0: 3 0x80002122 (0x77ae0e13) x28 0x80012898
core   0: 0x80002126 (0x02b62eb3) mulhsu  t4, a2, a1
core   0: 3 0x80002126 (0x02b62eb3) x29 0x00000000
core   0: 0x8000212a (0x08be0aa3) sb      a1, 149(t3)
core   0: 3 0x8000212a (0x08be0aa3) mem 0x8001292d 0x00
core   0: 0x8000212e (0xf7de03a3) sb      t4, -153(t3)
core   0: 3 0x8000212e (0xf7de03a3) mem 0x800127ff 0x00
core   0: 0x80002132 (0x8384f413) andi    s0, s1, -1992
core   0: 3 0x80002132 (0x8384f413) x8  0x00000000
core   0: 0x80002136 (0xf41e4583) lbu     a1, -191(t3)
core   0: 3 0x80002136 (0xf41e4583) x11 0x0000003d mem 0x800127d9
core   0: 0x8000213a (0xfa6e1583) lh      a1, -90(t3)
core   0: 3 0x8000213a (0xfa6e1583) x11 0xffff86ae mem 0x8001283e
core   0: 0x8000213e (0x0efe0583) lb      a1, 239(t3)
core   0: 3 0x8000213e (0x0efe0583) x11 0x00000036 mem 0x80012987
core   0: 0x80002142 (0xf04e5583) lhu     a1, -252(t3)
core   0: 3 0x80002142 (0xf04e5583) x11 0x0000c9b6 mem 0x8001279c
core   0: 0x80002146 (0xf46e4e83) lbu     t4, -186(t3)
core   0: 3 0x80002146 (0xf46e4e83) x29 0x000000d5 mem 0x800127de
core   0: 0x8000214a (0xf3be4603) lbu     a2, -197(t3)
core   0: 3 0x8000214a (0xf3be4603) x12 0x00000051 mem 0x800127d3
core   0: 0x8000214e (0x000098fd) c.andi  s1, -1
core   0: 3 0x8000214e (0x98fd) x9  0x00000000
core   0: 0x80002150 (0x00008031) c.srli  s0, 12
core   0: 3 0x80002150 (0x8031) x8  0x00000000
core   0: 0x80002152 (0xf6de0983) lb      s3, -147(t3)
core   0: 3 0x80002152 (0xf6de0983) x19 0x00000070 mem 0x80012805
core   0: 0x80002156 (0xf6ce5603) lhu     a2, -148(t3)
core   0: 3 0x80002156 (0xf6ce5603) x12 0x00007004 mem 0x80012804
core   0: 0x8000215a (0x0094d4b3) srl     s1, s1, s1
core   0: 3 0x8000215a (0x0094d4b3) x9  0x00000000
core   0: 0x8000215e (0xffde0f23) sb      t4, -2(t3)
core   0: 3 0x8000215e (0xffde0f23) mem 0x80012896 0xd5
core   0: 0x80002162 (0xf0be1f23) sh      a1, -226(t3)
core   0: 3 0x80002162 (0xf0be1f23) mem 0x800127b6 0xc9b6
core   0: 0x80002166 (0x0139a433) slt     s0, s3, s3
core   0: 3 0x80002166 (0x0139a433) x8  0x00000000
core   0: 0x8000216a (0x028599b3) mulh    s3, a1, s0
core   0: 3 0x8000216a (0x028599b3) x19 0x00000000
core   0: 0x8000216e (0xf39e0e83) lb      t4, -199(t3)
core   0: 3 0x8000216e (0xf39e0e83) x29 0x00000070 mem 0x800127d1
core   0: 0x80002172 (0xfbee0983) lb      s3, -66(t3)
core   0: 3 0x80002172 (0xfbee0983) x19 0xffffffd4 mem 0x80012856
core   0: 0x80002176 (0x050e2e83) lw      t4, 80(t3)
core   0: 3 0x80002176 (0x050e2e83) x29 0xf201d386 mem 0x800128e8
core   0: 0x8000217a (0x056e5583) lhu     a1, 86(t3)
core   0: 3 0x8000217a (0x056e5583) x11 0x000076b5 mem 0x800128ee
core   0: 0x8000217e (0x009e4403) lbu     s0, 9(t3)
core   0: 3 0x8000217e (0x009e4403) x8  0x00000079 mem 0x800128a1
core   0: 0x80002182 (0x00ee5983) lhu     s3, 14(t3)
core   0: 3 0x80002182 (0x00ee5983) x19 0x00003458 mem 0x800128a6
core   0: 0x80002186 (0x0000823d) c.srli  a2, 15
core   0: 3 0x80002186 (0x823d) x12 0x00000000
core   0: 0x80002188 (0xf96e0e83) lb      t4, -106(t3)
core   0: 3 0x80002188 (0xf96e0e83) x29 0xffffffc8 mem 0x8001282e
core   0: 0x8000218c (0x093e0da3) sb      s3, 155(t3)
core   0: 3 0x8000218c (0x093e0da3) mem 0x80012933 0x58
core   0: 0x80002190 (0x009e0f23) sb      s1, 30(t3)
core   0: 3 0x80002190 (0x009e0f23) mem 0x800128b6 0x00
core   0: 0x80002194 (0xf3de2623) sw      t4, -212(t3)
core   0: 3 0x80002194 (0xf3de2623) mem 0x800127c4 0xffffffc8
core   0: 0x80002198 (0x8a7ef493) andi    s1, t4, -1881
core   0: 3 0x80002198 (0x8a7ef493) x9  0xfffff880
core   0: 0x8000219c (0x0c9e0403) lb      s0, 201(t3)
core   0: 3 0x8000219c (0x0c9e0403) x8  0x00000055 mem 0x80012961
core   0: 0x800021a0 (0x02c5e433) rem     s0, a1, a2
core   0: 3 0x800021a0 (0x02c5e433) x8  0x000076b5
core   0: 0x800021a4 (0x005e0603) lb      a2, 5(t3)
core   0: 3 0x800021a4 (0x005e0603) x12 0x00000061 mem 0x8001289d
core   0: 0x800021a8 (0x028649b3) div     s3, a2, s0
core   0: 3 0x800021a8 (0x028649b3) x19 0x00000000
core   0: 0x800021ac (0x0285aeb3) mulhsu  t4, a1, s0
core   0: 3 0x800021ac (0x0285aeb3) x29 0x00000000
core   0: 0x800021b0 (0x00941eb3) sll     t4, s0, s1
core   0: 3 0x800021b0 (0x00941eb3) x29 0x000076b5
core   0: 0x800021b4 (0x05ee1483) lh      s1, 94(t3)
core   0: 3 0x800021b4 (0x05ee1483) x9  0x00007876 mem 0x800128f6
core   0: 0x800021b8 (0x06ce09a3) sb      a2, 115(t3)
core   0: 3 0x800021b8 (0x06ce09a3) mem 0x8001290b 0x61
core   0: 0x800021bc (0xf2be03a3) sb      a1, -217(t3)
core   0: 3 0x800021bc (0xf2be03a3) mem 0x800127bf 0xb5
core   0: 0x800021c0 (0x028414b3) mulh    s1, s0, s0
core   0: 3 0x800021c0 (0x028414b3) x9  0x00000000
core   0: 0x800021c4 (0xfebe0da3) sb      a1, -5(t3)
core   0: 3 0x800021c4 (0xfebe0da3) mem 0x80012893 0xb5
core   0: 0x800021c8 (0xf73e0723) sb      s3, -146(t3)
core   0: 3 0x800021c8 (0xf73e0723) mem 0x80012806 0x00
core   0: 0x800021cc (0xf20e4e83) lbu     t4, -224(t3)
core   0: 3 0x800021cc (0xf20e4e83) x29 0x0000000a mem 0x800127b8
core   0: 0x800021d0 (0x00a0036f) jal     t1, pc + 0xa
core   0: 3 0x800021d0 (0x00a0036f) x6  0x800021d4
core   0: 0x800021da (0x0000a039) c.j     pc + 14
core   0: 3 0x800021da (0xa039)
core   0: 0x800021e8 (0xff5ff2ef) jal     t0, pc - 0xc
core   0: 3 0x800021e8 (0xff5ff2ef) x5  0x800021ec
core   0: 0x800021dc (0x00002029) c.jal   pc + 10
core   0: 3 0x800021dc (0x2029) x1  0x800021de
core   0: 0x800021e6 (0x00003ff5) c.jal   pc - 4
core   0: 3 0x800021e6 (0x3ff5) x1  0x800021e8
core   0: 0x800021e2 (0x0000a031) c.j     pc + 12
core   0: 3 0x800021e2 (0xa031)
core   0: 0x800021ee (0x0000b7ed) c.j     pc - 22
core   0: 3 0x800021ee (0xb7ed)
core   0: 0x800021d8 (0x0000a021) c.j     pc + 8
core   0: 3 0x800021d8 (0xa021)
core   0: 0x800021e0 (0x00003fdd) c.jal   pc - 10
core   0: 3 0x800021e0 (0x3fdd) x1  0x800021e2
core   0: 0x800021d6 (0x0000a021) c.j     pc + 8
core   0: 3 0x800021d6 (0xa021)
core   0: 0x800021de (0x0000bfdd) c.j     pc - 10
core   0: 3 0x800021de (0xbfdd)
core   0: 0x800021d4 (0x0000a821) c.j     pc + 24
core   0: 3 0x800021d4 (0xa821)
core   0: 0x800021ec (0x00003fe5) c.jal   pc - 8
core   0: 3 0x800021ec (0x3fe5) x1  0x800021ee
core   0: 0x800021e4 (0x00002031) c.jal   pc + 12
core   0: 3 0x800021e4 (0x2031) x1  0x800021e6
core   0: 0x800021f0 (0x40995293) srai    t0, s2, 9
core   0: 3 0x800021f0 (0x40995293) x5  0xffc00088
core   0: 0x800021f4 (0x00004585) c.li    a1, 1
core   0: 3 0x800021f4 (0x4585) x11 0x00000001
core   0: 0x800021f6 (0x000041c9) c.li    gp, 18
core   0: 3 0x800021f6 (0x41c9) x3  0x00000012
core   0: 0x800021f8 (0x40148533) sub     a0, s1, ra
core   0: 3 0x800021f8 (0x40148533) x10 0x7fffde1a
core   0: 0x800021fc (0x000062f5) c.lui   t0, 0x1d
core   0: 3 0x800021fc (0x62f5) x5  0x0001d000
core   0: 0x800021fe (0x000005a9) c.addi  a1, 10
core   0: 3 0x800021fe (0x05a9) x11 0x0000000b
core   0: 0x80002200 (0x00004e21) c.li    t3, 8
core   0: 3 0x80002200 (0x4e21) x28 0x00000008
core   0: 0x80002202 (0x00004429) c.li    s0, 10
core   0: 3 0x80002202 (0x4429) x8  0x0000000a
core   0: 0x80002204 (0x000084cd) c.srai  s1, 19
core   0: 3 0x80002204 (0x84cd) x9  0x00000000
core   0: 0x80002206 (0x01978bb3) add     s7, a5, s9
core   0: 3 0x80002206 (0x01978bb3) x23 0x80000022
core   0: 0x8000220a (0x00000e05) c.addi  t3, 1
core   0: 3 0x8000220a (0x0e05) x28 0x00000009
core   0: 0x8000220c (0x021d0c33) mul     s8, s10, ra
core   0: 3 0x8000220c (0x021d0c33) x24 0xfffab410
core   0: 0x80002210 (0xfe8e0be3) beq     t3, s0, pc - 10
core   0: 3 0x80002210 (0xfe8e0be3)
core   0: 0x80002214 (0xc1e83a13) sltiu   s4, a6, -994
core   0: 3 0x80002214 (0xc1e83a13) x20 0x00000001
core   0: 0x80002218 (0xfe35c2e3) blt     a1, gp, pc - 28
core   0: 3 0x80002218 (0xfe35c2e3)
core   0: 0x800021fc (0x000062f5) c.lui   t0, 0x1d
core   0: 3 0x800021fc (0x62f5) x5  0x0001d000
core   0: 0x800021fe (0x000005a9) c.addi  a1, 10
core   0: 3 0x800021fe (0x05a9) x11 0x00000015
core   0: 0x80002200 (0x00004e21) c.li    t3, 8
core   0: 3 0x80002200 (0x4e21) x28 0x00000008
core   0: 0x80002202 (0x00004429) c.li    s0, 10
core   0: 3 0x80002202 (0x4429) x8  0x0000000a
core   0: 0x80002204 (0x000084cd) c.srai  s1, 19
core   0: 3 0x80002204 (0x84cd) x9  0x00000000
core   0: 0x80002206 (0x01978bb3) add     s7, a5, s9
core   0: 3 0x80002206 (0x01978bb3) x23 0x80000022
core   0: 0x8000220a (0x00000e05) c.addi  t3, 1
core   0: 3 0x8000220a (0x0e05) x28 0x00000009
core   0: 0x8000220c (0x021d0c33) mul     s8, s10, ra
core   0: 3 0x8000220c (0x021d0c33) x24 0xfffab410
core   0: 0x80002210 (0xfe8e0be3) beq     t3, s0, pc - 10
core   0: 3 0x80002210 (0xfe8e0be3)
core   0: 0x80002214 (0xc1e83a13) sltiu   s4, a6, -994
core   0: 3 0x80002214 (0xc1e83a13) x20 0x00000001
core   0: 0x80002218 (0xfe35c2e3) blt     a1, gp, pc - 28
core   0: 3 0x80002218 (0xfe35c2e3)
core   0: 0x8000221c (0x002fd013) srli    zero, t6, 2
core   0: 3 0x8000221c (0x002fd013)
core   0: 0x80002220 (0x00004591) c.li    a1, 4
core   0: 3 0x80002220 (0x4591) x11 0x00000004
core   0: 0x80002222 (0x00bf7eb3) and     t4, t5, a1
core   0: 3 0x80002222 (0x00bf7eb3) x29 0x00000000
core   0: 0x80002226 (0x00000001) c.nop
core   0: 3 0x80002226 (0x0001)
core   0: 0x80002228 (0x29b94513) xori    a0, s2, 667
core   0: 3 0x80002228 (0x29b94513) x10 0x800112fe
core   0: 0x8000222c (0x000049b9) c.li    s3, 14
core   0: 3 0x8000222c (0x49b9) x19 0x0000000e
core   0: 0x8000222e (0x015cc1b3) xor     gp, s9, s5
core   0: 3 0x8000222e (0x015cc1b3) x3  0xffffffe1
core   0: 0x80002232 (0x4113a013) slti    zero, t2, 1041
core   0: 3 0x80002232 (0x4113a013)
core   0: 0x80002236 (0x00000001) c.nop
core   0: 3 0x80002236 (0x0001)
core   0: 0x80002238 (0x00000ff5) c.addi  t6, 29
core   0: 3 0x80002238 (0x0ff5) x31 0x00000099
core   0: 0x8000223a (0x000005a9) c.addi  a1, 10
core   0: 3 0x8000223a (0x05a9) x11 0x0000000e
core   0: 0x8000223c (0xff359de3) bne     a1, s3, pc - 6
core   0: 3 0x8000223c (0xff359de3)
core   0: 0x80002240 (0x00009232) c.add   tp, a2
core   0: 3 0x80002240 (0x9232) x4  0x00000068
core   0: 0x80002242 (0x0000f997) auipc   s3, 0xf
core   0: 3 0x80002242 (0x0000f997) x19 0x80011242
core   0: 0x80002246 (0xb4698993) addi    s3, s3, -1210
core   0: 3 0x80002246 (0xb4698993) x19 0x80010d88
core   0: 0x8000224a (0x0d598283) lb      t0, 213(s3)
core   0: 3 0x8000224a (0x0d598283) x5  0x00000058 mem 0x80010e5d
core   0: 0x8000224e (0x025be633) rem     a2, s7, t0
core   0: 3 0x8000224e (0x025be633) x12 0xffffffb2
core   0: 0x80002252 (0x0d59c283) lbu     t0, 213(s3)
core   0: 3 0x80002252 (0x0d59c283) x5  0x00000058 mem 0x80010e5d
core   0: 0x80002256 (0x0d098aa3) sb      a6, 213(s3)
core   0: 3 0x80002256 (0x0d098aa3) mem 0x80010e5d 0xfc
core   0: 0x8000225a (0x02098603) lb      a2, 32(s3)
core   0: 3 0x8000225a (0x02098603) x12 0x00000000 mem 0x80010da8
core   0: 0x8000225e (0x00000a46) c.slli  s4, 17
core   0: 3 0x8000225e (0x0a46) x20 0x00020000
core   0: 0x80002260 (0xb601bb93) sltiu   s7, gp, -1184
core   0: 3 0x80002260 (0xb601bb93) x23 0x00000000
core   0: 0x80002264 (0x03299023) sh      s2, 32(s3)
core   0: 3 0x80002264 (0x03299023) mem 0x80010da8 0x1065
core   0: 0x80002268 (0x0209ac03) lw      s8, 32(s3)
core   0: 3 0x80002268 (0x0209ac03) x24 0x00001065 mem 0x80010da8
core   0: 0x8000226c (0x02098c03) lb      s8, 32(s3)
core   0: 3 0x8000226c (0x02098c03) x24 0x00000065 mem 0x80010da8
core   0: 0x80002270 (0x41cc01b3) sub     gp, s8, t3
core   0: 3 0x80002270 (0x41cc01b3) x3  0x0000005c
core   0: 0x80002274 (0x00b9c403) lbu     s0, 11(s3)
core   0: 3 0x80002274 (0x00b9c403) x8  0x00000080 mem 0x80010d93
core   0: 0x80002278 (0xf909c083) lbu     ra, -112(s3)
core   0: 3 0x80002278 (0xf909c083) x1  0x00000046 mem 0x80010d18
core   0: 0x8000227c (0xf8b9a823) sw      a1, -112(s3)
core   0: 3 0x8000227c (0xf8b9a823) mem 0x80010d18 0x0000000e
core   0: 0x80002280 (0xf9099a03) lh      s4, -112(s3)
core   0: 3 0x80002280 (0xf9099a03) x20 0x0000000e mem 0x80010d18
core   0: 0x80002284 (0xf879a823) sw      t2, -112(s3)
core   0: 3 0x80002284 (0xf879a823) mem 0x80010d18 0x80025ea4
core   0: 0x80002288 (0xf9a9a823) sw      s10, -112(s3)
core   0: 3 0x80002288 (0xf9a9a823) mem 0x80010d18 0xffffffd8
core   0: 0x8000228c (0x40c1d1b3) sra     gp, gp, a2
core   0: 3 0x8000228c (0x40c1d1b3) x3  0x0000005c
core   0: 0x80002290 (0x03798583) lb      a1, 55(s3)
core   0: 3 0x80002290 (0x03798583) x11 0xffffffd6 mem 0x80010dbf
core   0: 0x80002294 (0x93167617) auipc   a2, 0x93167
core   0: 3 0x80002294 (0x93167617) x12 0x13169294
core   0: 0x80002298 (0xf69988a3) sb      s1, -143(s3)
core   0: 3 0x80002298 (0xf69988a3) mem 0x80010cf9 0x00
core   0: 0x8000229c (0x0309a083) lw      ra, 48(s3)
core   0: 3 0x8000229c (0x0309a083) x1  0xca790c42 mem 0x80010db8
core   0: 0x800022a0 (0x0309c403) lbu     s0, 48(s3)
core   0: 3 0x800022a0 (0x0309c403) x8  0x00000042 mem 0x80010db8
core   0: 0x800022a4 (0x03533433) mulhu   s0, t1, s5
core   0: 3 0x800022a4 (0x03533433) x8  0x800021b5
core   0: 0x800022a8 (0x03199823) sh      a7, 48(s3)
core   0: 3 0x800022a8 (0x03199823) mem 0x80010db8 0x0000
core   0: 0x800022ac (0x00014717) auipc   a4, 0x14
core   0: 3 0x800022ac (0x00014717) x14 0x800162ac
core   0: 0x800022b0 (0x4f570713) addi    a4, a4, 1269
core   0: 3 0x800022b0 (0x4f570713) x14 0x800167a1
core   0: 0x800022b4 (0x025989b3) mul     s3, s3, t0
core   0: 3 0x800022b4 (0x025989b3) x19 0x005ca6c0
core   0: 0x800022b8 (0x00008ab1) c.andi  a3, 12
core   0: 3 0x800022b8 (0x8ab1) x13 0x00000008
core   0: 0x800022ba (0xfa371583) lh      a1, -93(a4)
core   0: 3 0x800022ba (0xfa371583) x11 0x00005f92 mem 0x80016744
core   0: 0x800022be (0x000015fd) c.addi  a1, -1
core   0: 3 0x800022be (0x15fd) x11 0x00005f91
core   0: 0x800022c0 (0x0ad705a3) sb      a3, 171(a4)
core   0: 3 0x800022c0 (0x0ad705a3) mem 0x8001684c 0x08
core   0: 0x800022c4 (0x009a75b3) and     a1, s4, s1
core   0: 3 0x800022c4 (0x009a75b3) x11 0x00000000
core   0: 0x800022c8 (0x03770683) lb      a3, 55(a4)
core   0: 3 0x800022c8 (0x03770683) x13 0xffffffa8 mem 0x800167d8
core   0: 0x800022cc (0x0096e9b3) or      s3, a3, s1
core   0: 3 0x800022cc (0x0096e9b3) x19 0xffffffa8
core   0: 0x800022d0 (0xff370c23) sb      s3, -8(a4)
core   0: 3 0x800022d0 (0xff370c23) mem 0x80016799 0xa8
core   0: 0x800022d4 (0x02ba64b3) rem     s1, s4, a1
core   0: 3 0x800022d4 (0x02ba64b3) x9  0x0000000e
core   0: 0x800022d8 (0x0eb71483) lh      s1, 235(a4)
core   0: 3 0x800022d8 (0x0eb71483) x9  0xffff9e53 mem 0x8001688c
core   0: 0x800022dc (0x02d9aa33) mulhsu  s4, s3, a3
core   0: 3 0x800022dc (0x02d9aa33) x20 0xffffffa8
core   0: 0x800022e0 (0x07870683) lb      a3, 120(a4)
core   0: 3 0x800022e0 (0x07870683) x13 0x00000000 mem 0x80016819
core   0: 0x800022e4 (0xf4070683) lb      a3, -192(a4)
core   0: 3 0x800022e4 (0xf4070683) x13 0xffffff9f mem 0x800166e1
core   0: 0x800022e8 (0xf6d70a23) sb      a3, -140(a4)
core   0: 3 0x800022e8 (0xf6d70a23) mem 0x80016715 0x9f
core   0: 0x800022ec (0x01470a03) lb      s4, 20(a4)
core   0: 3 0x800022ec (0x01470a03) x20 0xfffffffd mem 0x800167b5
core   0: 0x800022f0 (0x025292b3) mulh    t0, t0, t0
core   0: 3 0x800022f0 (0x025292b3) x5  0x00000000
core   0: 0x800022f4 (0xfe975283) lhu     t0, -23(a4)
core   0: 3 0x800022f4 (0xfe975283) x5  0x00000997 mem 0x8001678a
core   0: 0x800022f8 (0x0c574a03) lbu     s4, 197(a4)
core   0: 3 0x800022f8 (0x0c574a03) x20 0x0000009d mem 0x80016866
core   0: 0x800022fc (0x00000001) c.nop
core   0: 3 0x800022fc (0x0001)
core   0: 0x800022fe (0x413985b3) sub     a1, s3, s3
core   0: 3 0x800022fe (0x413985b3) x11 0x00000000
core   0: 0x80002302 (0x0296c4b3) div     s1, a3, s1
core   0: 3 0x80002302 (0x0296c4b3) x9  0x00000000
core   0: 0x80002306 (0xfe175a03) lhu     s4, -31(a4)
core   0: 3 0x80002306 (0xfe175a03) x20 0x0000dced mem 0x80016782
core   0: 0x8000230a (0x95db39b7) lui     s3, 0x95db3
core   0: 3 0x8000230a (0x95db39b7) x19 0x95db3000
core   0: 0x8000230e (0xfec74483) lbu     s1, -20(a4)
core   0: 3 0x8000230e (0xfec74483) x9  0x000000b2 mem 0x8001678d
core   0: 0x80002312 (0x00009596) c.add   a1, t0
core   0: 3 0x80002312 (0x9596) x11 0x00000997
core   0: 0x80002314 (0x00008ded) c.and   a1, a1
core   0: 3 0x80002314 (0x8ded) x11 0x00000997
core   0: 0x80002316 (0x08570f23) sb      t0, 158(a4)
core   0: 3 0x80002316 (0x08570f23) mem 0x8001683f 0x97
core   0: 0x8000231a (0x00019317) auipc   t1, 0x19
core   0: 3 0x8000231a (0x00019317) x6  0x8001b31a
core   0: 0x8000231e (0x90430313) addi    t1, t1, -1788
core   0: 3 0x8000231e (0x90430313) x6  0x8001ac1e
core   0: 0x80002322 (0x01d30503) lb      a0, 29(t1)
core   0: 3 0x80002322 (0x01d30503) x10 0xffffffb8 mem 0x8001ac3b
core   0: 0x80002326 (0x01d30c83) lb      s9, 29(t1)
core   0: 3 0x80002326 (0x01d30c83) x25 0xffffffb8 mem 0x8001ac3b
core   0: 0x8000232a (0x01d34883) lbu     a7, 29(t1)
core   0: 3 0x8000232a (0x01d34883) x17 0x000000b8 mem 0x8001ac3b
core   0: 0x8000232e (0x01d30703) lb      a4, 29(t1)
core   0: 3 0x8000232e (0x01d30703) x14 0xffffffb8 mem 0x8001ac3b
core   0: 0x80002332 (0x01d34f83) lbu     t6, 29(t1)
core   0: 3 0x80002332 (0x01d34f83) x31 0x000000b8 mem 0x8001ac3b
core   0: 0x80002336 (0x00009afd) c.andi  a3, -1
core   0: 3 0x80002336 (0x9afd) x13 0xffffff9f
core   0: 0x80002338 (0x000008f5) c.addi  a7, 29
core   0: 3 0x80002338 (0x08f5) x17 0x000000d5
core   0: 0x8000233a (0x01d30d03) lb      s10, 29(t1)
core   0: 3 0x8000233a (0x01d30d03) x26 0xffffffb8 mem 0x8001ac3b
core   0: 0x8000233e (0xebb82293) slti    t0, a6, -325
core   0: 3 0x8000233e (0xebb82293) x5  0x00000001
core   0: 0x80002342 (0x01c30ea3) sb      t3, 29(t1)
core   0: 3 0x80002342 (0x01c30ea3) mem 0x8001ac3b 0x09
core   0: 0x80002346 (0x38096f13) ori     t5, s2, 896
core   0: 3 0x80002346 (0x38096f13) x30 0x800113e5
core   0: 0x8000234a (0x02e32b03) lw      s6, 46(t1)
core   0: 3 0x8000234a (0x02e32b03) x22 0xfc4f38bf mem 0x8001ac4c
core   0: 0x8000234e (0x02e31183) lh      gp, 46(t1)
core   0: 3 0x8000234e (0x02e31183) x3  0x000038bf mem 0x8001ac4c
core   0: 0x80002352 (0x03a32e03) lw      t3, 58(t1)
core   0: 3 0x80002352 (0x03a32e03) x28 0x33de29ea mem 0x8001ac58
core   0: 0x80002356 (0x00000001) c.nop
core   0: 3 0x80002356 (0x0001)
core   0: 0x80002358 (0x03a32d23) sw      s10, 58(t1)
core   0: 3 0x80002358 (0x03a32d23) mem 0x8001ac58 0xffffffb8
core   0: 0x8000235c (0xfc0308a3) sb      zero, -47(t1)
core   0: 3 0x8000235c (0xfc0308a3) mem 0x8001abef 0x00
core   0: 0x80002360 (0xfc6308a3) sb      t1, -47(t1)
core   0: 3 0x80002360 (0xfc6308a3) mem 0x8001abef 0x1e
core   0: 0x80002364 (0xfd130503) lb      a0, -47(t1)
core   0: 3 0x80002364 (0xfd130503) x10 0x0000001e mem 0x8001abef
core   0: 0x80002368 (0x00004a15) c.li    s4, 5
core   0: 3 0x80002368 (0x4a15) x20 0x00000005
core   0: 0x8000236a (0x00008f7d) c.and   a4, a5
core   0: 3 0x8000236a (0x8f7d) x14 0x80000000
core   0: 0x8000236c (0x00000aed) c.addi  s5, 27
core   0: 3 0x8000236c (0x0aed) x21 0xffffffde
core   0: 0x8000236e (0xd5a3cf13) xori    t5, t2, -678
core   0: 3 0x8000236e (0xd5a3cf13) x30 0x7ffda3fe
core   0: 0x80002372 (0x223dc493) xori    s1, s11, 547
core   0: 3 0x80002372 (0x223dc493) x9  0x000002e0
core   0: 0x80002376 (0xad6e3b93) sltiu   s7, t3, -1322
core   0: 3 0x80002376 (0xad6e3b93) x23 0x00000001
core   0: 0x8000237a (0x01782333) slt     t1, a6, s7
core   0: 3 0x8000237a (0x01782333) x6  0x00000001
core   0: 0x8000237e (0x41898533) sub     a0, s3, s8
core   0: 3 0x8000237e (0x41898533) x10 0x95db2f9b
core   0: 0x80002382 (0x0120d033) srl     zero, ra, s2
core   0: 3 0x80002382 (0x0120d033)
core   0: 0x80002386 (0x00008c51) c.or    s0, a2
core   0: 3 0x80002386 (0x8c51) x8  0x9316b3b5
core   0: 0x80002388 (0x04033b13) sltiu   s6, t1, 64
core   0: 3 0x80002388 (0x04033b13) x22 0x00000001
core   0: 0x8000238c (0x00004909) c.li    s2, 2
core   0: 3 0x8000238c (0x4909) x18 0x00000002
core   0: 0x8000238e (0x01959213) slli    tp, a1, 25
core   0: 3 0x8000238e (0x01959213) x4  0x2e000000
core   0: 0x80002392 (0x000049d1) c.li    s3, 20
core   0: 3 0x80002392 (0x49d1) x19 0x00000014
core   0: 0x80002394 (0x00005cfd) c.li    s9, -1
core   0: 3 0x80002394 (0x5cfd) x25 0xffffffff
core   0: 0x80002396 (0x93646d93) ori     s11, s0, -1738
core   0: 3 0x80002396 (0x93646d93) x27 0xfffffbb7
core   0: 0x8000239a (0xcc784fb7) lui     t6, 0xcc784
core   0: 3 0x8000239a (0xcc784fb7) x31 0xcc784000
core   0: 0x8000239e (0x01e72333) slt     t1, a4, t5
core   0: 3 0x8000239e (0x01e72333) x6  0x00000001
core   0: 0x800023a2 (0x00001a7d) c.addi  s4, -1
core   0: 3 0x800023a2 (0x1a7d) x20 0x00000004
core   0: 0x800023a4 (0x039ff5b3) remu    a1, t6, s9
core   0: 3 0x800023a4 (0x039ff5b3) x11 0xcc784000
core   0: 0x800023a8 (0x00765d33) srl     s10, a2, t2
core   0: 3 0x800023a8 (0x00765d33) x26 0x01316929
core   0: 0x800023ac (0x0172b233) sltu    tp, t0, s7
core   0: 3 0x800023ac (0x0172b233) x4  0x00000000
core   0: 0x800023b0 (0x03ff26b3) mulhsu  a3, t5, t6
core   0: 3 0x800023b0 (0x03ff26b3) x13 0x663a3d92
core   0: 0x800023b4 (0x03fee033) rem     zero, t4, t6
core   0: 3 0x800023b4 (0x03fee033)
core   0: 0x800023b8 (0x001c5eb3) srl     t4, s8, ra
core   0: 3 0x800023b8 (0x001c5eb3) x29 0x00000019
core   0: 0x800023bc (0xfd2a7de3) bgeu    s4, s2, pc - 38
core   0: 3 0x800023bc (0xfd2a7de3)
core   0: 0x80002396 (0x93646d93) ori     s11, s0, -1738
core   0: 3 0x80002396 (0x93646d93) x27 0xfffffbb7
core   0: 0x8000239a (0xcc784fb7) lui     t6, 0xcc784
core   0: 3 0x8000239a (0xcc784fb7) x31 0xcc784000
core   0: 0x8000239e (0x01e72333) slt     t1, a4, t5
core   0: 3 0x8000239e (0x01e72333) x6  0x00000001
core   0: 0x800023a2 (0x00001a7d) c.addi  s4, -1
core   0: 3 0x800023a2 (0x1a7d) x20 0x00000003
core   0: 0x800023a4 (0x039ff5b3) remu    a1, t6, s9
core   0: 3 0x800023a4 (0x039ff5b3) x11 0xcc784000
core   0: 0x800023a8 (0x00765d33) srl     s10, a2, t2
core   0: 3 0x800023a8 (0x00765d33) x26 0x01316929
core   0: 0x800023ac (0x0172b233) sltu    tp, t0, s7
core   0: 3 0x800023ac (0x0172b233) x4  0x00000000
core   0: 0x800023b0 (0x03ff26b3) mulhsu  a3, t5, t6
core   0: 3 0x800023b0 (0x03ff26b3) x13 0x663a3d92
core   0: 0x800023b4 (0x03fee033) rem     zero, t4, t6
core   0: 3 0x800023b4 (0x03fee033)
core   0: 0x800023b8 (0x001c5eb3) srl     t4, s8, ra
core   0: 3 0x800023b8 (0x001c5eb3) x29 0x00000019
core   0: 0x800023bc (0xfd2a7de3) bgeu    s4, s2, pc - 38
core   0: 3 0x800023bc (0xfd2a7de3)
core   0: 0x80002396 (0x93646d93) ori     s11, s0, -1738
core   0: 3 0x80002396 (0x93646d93) x27 0xfffffbb7
core   0: 0x8000239a (0xcc784fb7) lui     t6, 0xcc784
core   0: 3 0x8000239a (0xcc784fb7) x31 0xcc784000
core   0: 0x8000239e (0x01e72333) slt     t1, a4, t5
core   0: 3 0x8000239e (0x01e72333) x6  0x00000001
core   0: 0x800023a2 (0x00001a7d) c.addi  s4, -1
core   0: 3 0x800023a2 (0x1a7d) x20 0x00000002
core   0: 0x800023a4 (0x039ff5b3) remu    a1, t6, s9
core   0: 3 0x800023a4 (0x039ff5b3) x11 0xcc784000
core   0: 0x800023a8 (0x00765d33) srl     s10, a2, t2
core   0: 3 0x800023a8 (0x00765d33) x26 0x01316929
core   0: 0x800023ac (0x0172b233) sltu    tp, t0, s7
core   0: 3 0x800023ac (0x0172b233) x4  0x00000000
core   0: 0x800023b0 (0x03ff26b3) mulhsu  a3, t5, t6
core   0: 3 0x800023b0 (0x03ff26b3) x13 0x663a3d92
core   0: 0x800023b4 (0x03fee033) rem     zero, t4, t6
core   0: 3 0x800023b4 (0x03fee033)
core   0: 0x800023b8 (0x001c5eb3) srl     t4, s8, ra
core   0: 3 0x800023b8 (0x001c5eb3) x29 0x00000019
core   0: 0x800023bc (0xfd2a7de3) bgeu    s4, s2, pc - 38
core   0: 3 0x800023bc (0xfd2a7de3)
core   0: 0x80002396 (0x93646d93) ori     s11, s0, -1738
core   0: 3 0x80002396 (0x93646d93) x27 0xfffffbb7
core   0: 0x8000239a (0xcc784fb7) lui     t6, 0xcc784
core   0: 3 0x8000239a (0xcc784fb7) x31 0xcc784000
core   0: 0x8000239e (0x01e72333) slt     t1, a4, t5
core   0: 3 0x8000239e (0x01e72333) x6  0x00000001
core   0: 0x800023a2 (0x00001a7d) c.addi  s4, -1
core   0: 3 0x800023a2 (0x1a7d) x20 0x00000001
core   0: 0x800023a4 (0x039ff5b3) remu    a1, t6, s9
core   0: 3 0x800023a4 (0x039ff5b3) x11 0xcc784000
core   0: 0x800023a8 (0x00765d33) srl     s10, a2, t2
core   0: 3 0x800023a8 (0x00765d33) x26 0x01316929
core   0: 0x800023ac (0x0172b233) sltu    tp, t0, s7
core   0: 3 0x800023ac (0x0172b233) x4  0x00000000
core   0: 0x800023b0 (0x03ff26b3) mulhsu  a3, t5, t6
core   0: 3 0x800023b0 (0x03ff26b3) x13 0x663a3d92
core   0: 0x800023b4 (0x03fee033) rem     zero, t4, t6
core   0: 3 0x800023b4 (0x03fee033)
core   0: 0x800023b8 (0x001c5eb3) srl     t4, s8, ra
core   0: 3 0x800023b8 (0x001c5eb3) x29 0x00000019
core   0: 0x800023bc (0xfd2a7de3) bgeu    s4, s2, pc - 38
core   0: 3 0x800023bc (0xfd2a7de3)
core   0: 0x800023c0 (0x00001e33) sll     t3, zero, zero
core   0: 3 0x800023c0 (0x00001e33) x28 0x00000000
core   0: 0x800023c4 (0x00008ca1) c.xor   s1, s0
core   0: 3 0x800023c4 (0x8ca1) x9  0x9316b155
core   0: 0x800023c6 (0x001202b3) add     t0, tp, ra
core   0: 3 0x800023c6 (0x001202b3) x5  0xca790c42
core   0: 0x800023ca (0x03225d63) bge     tp, s2, pc + 58
core   0: 3 0x800023ca (0x03225d63)
core   0: 0x800023ce (0x017fcf33) xor     t5, t6, s7
core   0: 3 0x800023ce (0x017fcf33) x30 0xcc784001
core   0: 0x800023d2 (0x000001fd) c.addi  gp, 31
core   0: 3 0x800023d2 (0x01fd) x3  0x000038de
core   0: 0x800023d4 (0x0000870d) c.srai  a4, 3
core   0: 3 0x800023d4 (0x870d) x14 0xf0000000
core   0: 0x800023d6 (0x02211063) bne     sp, sp, pc + 32
core   0: 3 0x800023d6 (0x02211063)
core   0: 0x800023da (0x03673833) mulhu   a6, a4, s6
core   0: 3 0x800023da (0x03673833) x16 0x00000000
core   0: 0x800023de (0x0002fe33) and     t3, t0, zero
core   0: 3 0x800023de (0x0002fe33) x28 0x00000000
core   0: 0x800023e2 (0x000004e2) c.slli  s1, 24
core   0: 3 0x800023e2 (0x04e2) x9  0x55000000
core   0: 0x800023e4 (0x00000001) c.nop
core   0: 3 0x800023e4 (0x0001)
core   0: 0x800023e6 (0x01352233) slt     tp, a0, s3
core   0: 3 0x800023e6 (0x01352233) x4  0x00000001
core   0: 0x800023ea (0x0100d913) srli    s2, ra, 16
core   0: 3 0x800023ea (0x0100d913) x18 0x0000ca79
core   0: 0x800023ee (0x02985863) bge     a6, s1, pc + 48
core   0: 3 0x800023ee (0x02985863)
core   0: 0x800023f2 (0x03166fb3) rem     t6, a2, a7
core   0: 3 0x800023f2 (0x03166fb3) x31 0x00000044
core   0: 0x800023f6 (0x00000001) c.nop
core   0: 3 0x800023f6 (0x0001)
core   0: 0x800023f8 (0x0000e68d) c.bnez  a3, pc + 42
core   0: 3 0x800023f8 (0xe68d)
core   0: 0x80002422 (0xde714fb7) lui     t6, 0xde714
core   0: 3 0x80002422 (0xde714fb7) x31 0xde714000
core   0: 0x80002426 (0x0000460d) c.li    a2, 3
core   0: 3 0x80002426 (0x460d) x12 0x00000003
core   0: 0x80002428 (0x000006ca) c.slli  a3, 18
core   0: 3 0x80002428 (0x06ca) x13 0xf6480000
core   0: 0x8000242a (0x02657063) bgeu    a0, t1, pc + 32
core   0: 3 0x8000242a (0x02657063)
core   0: 0x8000244a (0x001f9b63) bne     t6, ra, pc + 22
core   0: 3 0x8000244a (0x001f9b63)
core   0: 0x80002460 (0x00008f09) c.sub   a4, a0
core   0: 3 0x80002460 (0x8f09) x14 0x5a24d065
core   0: 0x80002462 (0x01ddb033) sltu    zero, s11, t4
core   0: 3 0x80002462 (0x01ddb033)
core   0: 0x80002466 (0x019f1433) sll     s0, t5, s9
core   0: 3 0x80002466 (0x019f1433) x8  0x80000000
core   0: 0x8000246a (0x00008ec5) c.or    a3, s1
core   0: 3 0x8000246a (0x8ec5) x13 0xf7480000
core   0: 0x8000246c (0x03236e33) rem     t3, t1, s2
core   0: 3 0x8000246c (0x03236e33) x28 0x00000001
core   0: 0x80002470 (0x40fe8833) sub     a6, t4, a5
core   0: 3 0x80002470 (0x40fe8833) x16 0x80000019
core   0: 0x80002474 (0x034f5163) bge     t5, s4, pc + 34
core   0: 3 0x80002474 (0x034f5163)
core   0: 0x80002478 (0x022ddfb3) divu    t6, s11, sp
core   0: 3 0x80002478 (0x022ddfb3) x31 0x00000001
core   0: 0x8000247c (0x49b6b313) sltiu   t1, a3, 1179
core   0: 3 0x8000247c (0x49b6b313) x6  0x00000000
core   0: 0x80002480 (0x000082e9) c.srli  a3, 26
core   0: 3 0x80002480 (0x82e9) x13 0x0000003d
core   0: 0x80002482 (0x0000547d) c.li    s0, -1
core   0: 3 0x80002482 (0x547d) x8  0xffffffff
core   0: 0x80002484 (0x5cac2193) slti    gp, s8, 1482
core   0: 3 0x80002484 (0x5cac2193) x3  0x00000001
core   0: 0x80002488 (0x03f58d33) mul     s10, a1, t6
core   0: 3 0x80002488 (0x03f58d33) x26 0xcc784000
core   0: 0x8000248c (0x0000c99d) c.beqz  a1, pc + 54
core   0: 3 0x8000248c (0xc99d)
core   0: 0x8000248e (0x03bac063) blt     s5, s11, pc + 32
core   0: 3 0x8000248e (0x03bac063)
core   0: 0x80002492 (0x0112cc33) xor     s8, t0, a7
core   0: 3 0x80002492 (0x0112cc33) x24 0xca790c97
core   0: 0x80002496 (0x000094d2) c.add   s1, s4
core   0: 3 0x80002496 (0x94d2) x9  0x55000001
core   0: 0x80002498 (0x00006831) c.lui   a6, 0xc
core   0: 3 0x80002498 (0x6831) x16 0x0000c000
core   0: 0x8000249a (0x035baa33) mulhsu  s4, s7, s5
core   0: 3 0x8000249a (0x035baa33) x20 0x00000000
core   0: 0x8000249e (0x00006a9d) c.lui   s5, 0x7
core   0: 3 0x8000249e (0x6a9d) x21 0x00007000
core   0: 0x800024a0 (0x03266263) bltu    a2, s2, pc + 36
core   0: 3 0x800024a0 (0x03266263)
core   0: 0x800024c4 (0x40fadb13) srai    s6, s5, 15
core   0: 3 0x800024c4 (0x40fadb13) x22 0x00000000
core   0: 0x800024c8 (0x40795d93) srai    s11, s2, 7
core   0: 3 0x800024c8 (0x40795d93) x27 0x00000194
core   0: 0x800024cc (0x016fc763) blt     t6, s6, pc + 14
core   0: 3 0x800024cc (0x016fc763)
core   0: 0x800024d0 (0x02241d33) mulh    s10, s0, sp
core   0: 3 0x800024d0 (0x02241d33) x26 0x00000000
core   0: 0x800024d4 (0x00008909) c.andi  a0, 2
core   0: 3 0x800024d4 (0x8909) x10 0x00000002
core   0: 0x800024d6 (0x039b7563) bgeu    s6, s9, pc + 42
core   0: 3 0x800024d6 (0x039b7563)
core   0: 0x800024da (0x00008f19) c.sub   a4, a4
core   0: 3 0x800024da (0x8f19) x14 0x00000000
core   0: 0x800024dc (0x004d5c13) srli    s8, s10, 4
core   0: 3 0x800024dc (0x004d5c13) x24 0x00000000
core   0: 0x800024e0 (0xf418ad93) slti    s11, a7, -191
core   0: 3 0x800024e0 (0xf418ad93) x27 0x00000000
core   0: 0x800024e4 (0x00dcd313) srli    t1, s9, 13
core   0: 3 0x800024e4 (0x00dcd313) x6  0x0007ffff
core   0: 0x800024e8 (0x00347db3) and     s11, s0, gp
core   0: 3 0x800024e8 (0x00347db3) x27 0x00000001
core   0: 0x800024ec (0x03c8c663) blt     a7, t3, pc + 44
core   0: 3 0x800024ec (0x03c8c663)
core   0: 0x800024f0 (0x404fd733) sra     a4, t6, tp
core   0: 3 0x800024f0 (0x404fd733) x14 0x00000000
core   0: 0x800024f4 (0xb0016013) prefetch.i -1280(sp)
core   0: 3 0x800024f4 (0xb0016013)
core   0: 0x800024f8 (0xe1137013) andi    zero, t1, -495
core   0: 3 0x800024f8 (0xe1137013)
core   0: 0x800024fc (0x400e08b3) sub     a7, t3, zero
core   0: 3 0x800024fc (0x400e08b3) x17 0x00000001
core   0: 0x80002500 (0x00008d99) c.sub   a1, a4
core   0: 3 0x80002500 (0x8d99) x11 0xcc784000
core   0: 0x80002502 (0x0140a933) slt     s2, ra, s4
core   0: 3 0x80002502 (0x0140a933) x18 0x00000001
core   0: 0x80002506 (0x40515c13) srai    s8, sp, 5
core   0: 3 0x80002506 (0x40515c13) x24 0xfc0014e9
core   0: 0x8000250a (0x02ec5533) divu    a0, s8, a4
core   0: 3 0x8000250a (0x02ec5533) x10 0xffffffff
core   0: 0x8000250e (0x0004e433) or      s0, s1, zero
core   0: 3 0x8000250e (0x0004e433) x8  0x55000001
core   0: 0x80002512 (0x01435833) srl     a6, t1, s4
core   0: 3 0x80002512 (0x01435833) x16 0x0007ffff
core   0: 0x80002516 (0x00008da1) c.xor   a1, s0
core   0: 3 0x80002516 (0x8da1) x11 0x99784001
core   0: 0x80002518 (0x004a6033) or      zero, s4, tp
core   0: 3 0x80002518 (0x004a6033)
core   0: 0x8000251c (0x4049d993) srai    s3, s3, 4
core   0: 3 0x8000251c (0x4049d993) x19 0x00000001
core   0: 0x80002520 (0x0000ec15) c.bnez  s0, pc + 60
core   0: 3 0x80002520 (0xec15)
core   0: 0x8000255c (0x419b5f33) sra     t5, s6, s9
core   0: 3 0x8000255c (0x419b5f33) x30 0x00000000
core   0: 0x80002560 (0x008e9e63) bne     t4, s0, pc + 28
core   0: 3 0x80002560 (0x008e9e63)
core   0: 0x8000257c (0x01f11633) sll     a2, sp, t6
core   0: 3 0x8000257c (0x01f11633) x12 0x00053a48
core   0: 0x80002580 (0x00000001) c.nop
core   0: 3 0x80002580 (0x0001)
core   0: 0x80002582 (0x02032933) mulhsu  s2, t1, zero
core   0: 3 0x80002582 (0x02032933) x18 0x00000000
core   0: 0x80002586 (0x00000a56) c.slli  s4, 21
core   0: 3 0x80002586 (0x0a56) x20 0x00000000
core   0: 0x80002588 (0x01496e33) or      t3, s2, s4
core   0: 3 0x80002588 (0x01496e33) x28 0x00000000
core   0: 0x8000258c (0x03378633) mul     a2, a5, s3
core   0: 3 0x8000258c (0x03378633) x12 0x80000000
core   0: 0x80002590 (0x015a5b13) srli    s6, s4, 21
core   0: 3 0x80002590 (0x015a5b13) x22 0x00000000
core   0: 0x80002594 (0x039b8033) mul     zero, s7, s9
core   0: 3 0x80002594 (0x039b8033)
core   0: 0x80002598 (0x03164bb3) div     s7, a2, a7
core   0: 3 0x80002598 (0x03164bb3) x23 0x80000000
core   0: 0x8000259c (0x01486533) or      a0, a6, s4
core   0: 3 0x8000259c (0x01486533) x10 0x0007ffff
core   0: 0x800025a0 (0x00008609) c.srai  a2, 2
core   0: 3 0x800025a0 (0x8609) x12 0xe0000000
core   0: 0x800025a2 (0x12460f13) addi    t5, a2, 292
core   0: 3 0x800025a2 (0x12460f13) x30 0xe0000124
core   0: 0x800025a6 (0x00019993) slli    s3, gp, 0
core   0: 3 0x800025a6 (0x00019993) x19 0x00000001
core   0: 0x800025aa (0x0220b5b3) mulhu   a1, ra, sp
core   0: 3 0x800025aa (0x0220b5b3) x11 0x653e975b
core   0: 0x800025ae (0x01518263) beq     gp, s5, pc + 4
core   0: 3 0x800025ae (0x01518263)
core   0: 0x800025b2 (0x0000908a) c.add   ra, sp
core   0: 3 0x800025b2 (0x908a) x1  0x4a7ba966
core   0: 0x800025b4 (0x077870b7) lui     ra, 0x7787
core   0: 3 0x800025b4 (0x077870b7) x1  0x07787000
core   0: 0x800025b8 (0x01fe2eb3) slt     t4, t3, t6
core   0: 3 0x800025b8 (0x01fe2eb3) x29 0x00000001
core   0: 0x800025bc (0xd8050317) auipc   t1, 0xd8050
core   0: 3 0x800025bc (0xd8050317) x6  0x580525bc
core   0: 0x800025c0 (0x01e99563) bne     s3, t5, pc + 10
core   0: 3 0x800025c0 (0x01e99563)
core   0: 0x800025ca (0xce7b4313) xori    t1, s6, -793
core   0: 3 0x800025ca (0xce7b4313) x6  0xfffffce7
core   0: 0x800025ce (0x01cf8333) add     t1, t6, t3
core   0: 3 0x800025ce (0x01cf8333) x6  0x00000001
core   0: 0x800025d2 (0x00351cb3) sll     s9, a0, gp
core   0: 3 0x800025d2 (0x00351cb3) x25 0x000ffffe
core   0: 0x800025d6 (0xec474637) lui     a2, 0xec474
core   0: 3 0x800025d6 (0xec474637) x12 0xec474000
core   0: 0x800025da (0x00008afd) c.andi  a3, 31
core   0: 3 0x800025da (0x8afd) x13 0x0000001d
core   0: 0x800025dc (0xe43e3593) sltiu   a1, t3, -445
core   0: 3 0x800025dc (0xe43e3593) x11 0x00000001
core   0: 0x800025e0 (0x01622233) slt     tp, tp, s6
core   0: 3 0x800025e0 (0x01622233) x4  0x00000000
core   0: 0x800025e4 (0x00000001) c.nop
core   0: 3 0x800025e4 (0x0001)
core   0: 0x800025e6 (0x0081ef33) or      t5, gp, s0
core   0: 3 0x800025e6 (0x0081ef33) x30 0x55000001
core   0: 0x800025ea (0x7965c593) xori    a1, a1, 1942
core   0: 3 0x800025ea (0x7965c593) x11 0x00000797
core   0: 0x800025ee (0x2845fa13) andi    s4, a1, 644
core   0: 3 0x800025ee (0x2845fa13) x20 0x00000284
core   0: 0x800025f2 (0x0015d4b3) srl     s1, a1, ra
core   0: 3 0x800025f2 (0x0015d4b3) x9  0x00000797
core   0: 0x800025f6 (0x00008d69) c.and   a0, a0
core   0: 3 0x800025f6 (0x8d69) x10 0x0007ffff
core   0: 0x800025f8 (0x0065d763) bge     a1, t1, pc + 14
core   0: 3 0x800025f8 (0x0065d763)
core   0: 0x80002606 (0x01ac0eb3) add     t4, s8, s10
core   0: 3 0x80002606 (0x01ac0eb3) x29 0xfc0014e9
core   0: 0x8000260a (0x40335893) srai    a7, t1, 3
core   0: 3 0x8000260a (0x40335893) x17 0x00000000
core   0: 0x8000260e (0x06b77697) auipc   a3, 0x6b77
core   0: 3 0x8000260e (0x06b77697) x13 0x86b7960e
core   0: 0x80002612 (0x01aad733) srl     a4, s5, s10
core   0: 3 0x80002612 (0x01aad733) x14 0x00007000
core   0: 0x80002616 (0x5ba11ab7) lui     s5, 0x5ba11
core   0: 3 0x80002616 (0x5ba11ab7) x21 0x5ba11000
core   0: 0x8000261a (0x03d6ff33) remu    t5, a3, t4
core   0: 3 0x8000261a (0x03d6ff33) x30 0x86b7960e
core   0: 0x8000261e (0x03c56763) bltu    a0, t3, pc + 46
core   0: 3 0x8000261e (0x03c56763)
core   0: 0x80002622 (0x00804f33) xor     t5, zero, s0
core   0: 3 0x80002622 (0x00804f33) x30 0x55000001
core   0: 0x80002626 (0x00008a26) c.mv    s4, s1
core   0: 3 0x80002626 (0x8a26) x20 0x00000797
core   0: 0x80002628 (0x09e63e97) auipc   t4, 0x9e63
core   0: 3 0x80002628 (0x09e63e97) x29 0x89e65628
core   0: 0x8000262c (0x410d06b3) sub     a3, s10, a6
core   0: 3 0x8000262c (0x410d06b3) x13 0xfff80001
core   0: 0x80002630 (0xa9374d93) xori    s11, a4, -1389
core   0: 3 0x80002630 (0xa9374d93) x27 0xffff8a93
core   0: 0x80002634 (0x026e3bb3) mulhu   s7, t3, t1
core   0: 3 0x80002634 (0x026e3bb3) x23 0x00000000
core   0: 0x80002638 (0x0000c111) c.beqz  a0, pc + 4
core   0: 3 0x80002638 (0xc111)
core   0: 0x8000263a (0x00001f7d) c.addi  t5, -1
core   0: 3 0x8000263a (0x1f7d) x30 0x55000000
core   0: 0x8000263c (0x00008e41) c.or    a2, s0
core   0: 3 0x8000263c (0x8e41) x12 0xfd474001
core   0: 0x8000263e (0x00525233) srl     tp, tp, t0
core   0: 3 0x8000263e (0x00525233) x4  0x00000000
core   0: 0x80002642 (0x01721763) bne     tp, s7, pc + 14
core   0: 3 0x80002642 (0x01721763)
core   0: 0x80002646 (0x000009b2) c.slli  s3, 12
core   0: 3 0x80002646 (0x09b2) x19 0x00001000
core   0: 0x80002648 (0x00008eed) c.and   a3, a1
core   0: 3 0x80002648 (0x8eed) x13 0x00000001
core   0: 0x8000264a (0x00008f01) c.sub   a4, s0
core   0: 3 0x8000264a (0x8f01) x14 0xab006fff
core   0: 0x8000264c (0x00004f11) c.li    t5, 4
core   0: 3 0x8000264c (0x4f11) x30 0x00000004
core   0: 0x8000264e (0x00008ee5) c.and   a3, s1
core   0: 3 0x8000264e (0x8ee5) x13 0x00000001
core   0: 0x80002650 (0x031cee33) rem     t3, s9, a7
core   0: 3 0x80002650 (0x031cee33) x28 0x000ffffe
core   0: 0x80002654 (0x0102cf63) blt     t0, a6, pc + 30
core   0: 3 0x80002654 (0x0102cf63)
core   0: 0x80002672 (0x02c8ed63) bltu    a7, a2, pc + 58
core   0: 3 0x80002672 (0x02c8ed63)
core   0: 0x800026ac (0x00009abe) c.add   s5, a5
core   0: 3 0x800026ac (0x9abe) x21 0xdba11000
core   0: 0x800026ae (0xab04af13) slti    t5, s1, -1360
core   0: 3 0x800026ae (0xab04af13) x30 0x00000000
core   0: 0x800026b2 (0x48944e13) xori    t3, s0, 1161
core   0: 3 0x800026b2 (0x48944e13) x28 0x55000488
core   0: 0x800026b6 (0xd34c6493) ori     s1, s8, -716
core   0: 3 0x800026b6 (0xd34c6493) x9  0xfffffdfd
core   0: 0x800026ba (0x00db0f63) beq     s6, a3, pc + 30
core   0: 3 0x800026ba (0x00db0f63)
core   0: 0x800026be (0x0000cf15) c.beqz  a4, pc + 60
core   0: 3 0x800026be (0xcf15)
core   0: 0x800026c0 (0x0259feb3) remu    t4, s3, t0
core   0: 3 0x800026c0 (0x0259feb3) x29 0x00001000
core   0: 0x800026c4 (0x017fd093) srli    ra, t6, 23
core   0: 3 0x800026c4 (0x017fd093) x1  0x00000000
core   0: 0x800026c8 (0x03fb0a33) mul     s4, s6, t6
core   0: 3 0x800026c8 (0x03fb0a33) x20 0x00000000
core   0: 0x800026cc (0x00000001) c.nop
core   0: 3 0x800026cc (0x0001)
core   0: 0x800026ce (0x000084bd) c.srai  s1, 15
core   0: 3 0x800026ce (0x84bd) x9  0xffffffff
core   0: 0x800026d0 (0x000098fd) c.andi  s1, -1
core   0: 3 0x800026d0 (0x98fd) x9  0xffffffff
core   0: 0x800026d2 (0x00005efd) c.li    t4, -1
core   0: 3 0x800026d2 (0x5efd) x29 0xffffffff
core   0: 0x800026d4 (0x80748713) addi    a4, s1, -2041
core   0: 3 0x800026d4 (0x80748713) x14 0xfffff806
core   0: 0x800026d8 (0x03f4b433) mulhu   s0, s1, t6
core   0: 3 0x800026d8 (0x03f4b433) x8  0x00000000
core   0: 0x800026dc (0x015bd993) srli    s3, s7, 21
core   0: 3 0x800026dc (0x015bd993) x19 0x00000000
core   0: 0x800026e0 (0xc2cace93) xori    t4, s5, -980
core   0: 3 0x800026e0 (0xc2cace93) x29 0x245eec2c
core   0: 0x800026e4 (0x232a7c93) andi    s9, s4, 562
core   0: 3 0x800026e4 (0x232a7c93) x25 0x00000000
core   0: 0x800026e8 (0x00008c3d) c.xor   s0, a5
core   0: 3 0x800026e8 (0x8c3d) x8  0x80000000
core   0: 0x800026ea (0x01655e93) srli    t4, a0, 22
core   0: 3 0x800026ea (0x01655e93) x29 0x00000000
core   0: 0x800026ee (0x0306fe33) remu    t3, a3, a6
core   0: 3 0x800026ee (0x0306fe33) x28 0x00000001
core   0: 0x800026f2 (0x02ac6e33) rem     t3, s8, a0
core   0: 3 0x800026f2 (0x02ac6e33) x28 0xfff8146a
core   0: 0x800026f6 (0x02b71163) bne     a4, a1, pc + 34
core   0: 3 0x800026f6 (0x02b71163)
core   0: 0x80002718 (0x03a915b3) mulh    a1, s2, s10
core   0: 3 0x80002718 (0x03a915b3) x11 0x00000000
core   0: 0x8000271c (0x026a61b3) rem     gp, s4, t1
core   0: 3 0x8000271c (0x026a61b3) x3  0x00000000
core   0: 0x80002720 (0x00008ced) c.and   s1, a1
core   0: 3 0x80002720 (0x8ced) x9  0x00000000
core   0: 0x80002722 (0x010edb93) srli    s7, t4, 16
core   0: 3 0x80002722 (0x010edb93) x23 0x00000000
core   0: 0x80002726 (0x000b8933) add     s2, s7, zero
core   0: 3 0x80002726 (0x000b8933) x18 0x00000000
core   0: 0x8000272a (0xc2c9e613) ori     a2, s3, -980
core   0: 3 0x8000272a (0xc2c9e613) x12 0xfffffc2c
core   0: 0x8000272e (0x00160ab3) add     s5, a2, ra
core   0: 3 0x8000272e (0x00160ab3) x21 0xfffffc2c
core   0: 0x80002732 (0x8f284693) xori    a3, a6, -1806
core   0: 3 0x80002732 (0x8f284693) x13 0xfff8070d
core   0: 0x80002736 (0x0000675d) c.lui   a4, 0x17
core   0: 3 0x80002736 (0x675d) x14 0x00017000
core   0: 0x80002738 (0x01e05b13) srli    s6, zero, 30
core   0: 3 0x80002738 (0x01e05b13) x22 0x00000000
core   0: 0x8000273c (0x00008da9) c.xor   a1, a0
core   0: 3 0x8000273c (0x8da9) x11 0x0007ffff
core   0: 0x8000273e (0x02c4e4b3) rem     s1, s1, a2
core   0: 3 0x8000273e (0x02c4e4b3) x9  0x00000000
core   0: 0x80002742 (0x02272033) mulhsu  zero, a4, sp
core   0: 3 0x80002742 (0x02272033)
core   0: 0x80002746 (0x00000001) c.nop
core   0: 3 0x80002746 (0x0001)
core   0: 0x80002748 (0x01a29eb3) sll     t4, t0, s10
core   0: 3 0x80002748 (0x01a29eb3) x29 0xca790c42
core   0: 0x8000274c (0x00008f9a) c.mv    t6, t1
core   0: 3 0x8000274c (0x8f9a) x31 0x00000001
core   0: 0x8000274e (0x03acf363) bgeu    s9, s10, pc + 38
core   0: 3 0x8000274e (0x03acf363)
core   0: 0x80002774 (0x57c1f313) andi    t1, gp, 1404
core   0: 3 0x80002774 (0x57c1f313) x6  0x00000000
core   0: 0x80002778 (0x000086e1) c.srai  a3, 24
core   0: 3 0x80002778 (0x86e1) x13 0xffffffff
core   0: 0x8000277a (0x00000a3e) c.slli  s4, 15
core   0: 3 0x8000277a (0x0a3e) x20 0x00000000
core   0: 0x8000277c (0x03bb42b3) div     t0, s6, s11
core   0: 3 0x8000277c (0x03bb42b3) x5  0x00000000
core   0: 0x80002780 (0x00e0db13) srli    s6, ra, 14
core   0: 3 0x80002780 (0x00e0db13) x22 0x00000000
core   0: 0x80002784 (0x00005afd) c.li    s5, -1
core   0: 3 0x80002784 (0x5afd) x21 0xffffffff
core   0: 0x80002786 (0x00000b92) c.slli  s7, 4
core   0: 3 0x80002786 (0x0b92) x23 0x00000000
core   0: 0x80002788 (0x01c60933) add     s2, a2, t3
core   0: 3 0x80002788 (0x01c60933) x18 0xfff81096
core   0: 0x8000278c (0x011d6e63) bltu    s10, a7, pc + 28
core   0: 3 0x8000278c (0x011d6e63)
core   0: 0x80002790 (0x00006975) c.lui   s2, 0x1d
core   0: 3 0x80002790 (0x6975) x18 0x0001d000
core   0: 0x80002792 (0x00008ae2) c.mv    s5, s8
core   0: 3 0x80002792 (0x8ae2) x21 0xfc0014e9
core   0: 0x80002794 (0x00000a36) c.slli  s4, 13
core   0: 3 0x80002794 (0x0a36) x20 0x00000000
core   0: 0x80002796 (0x034af433) remu    s0, s5, s4
core   0: 3 0x80002796 (0x034af433) x8  0xfc0014e9
core   0: 0x8000279a (0x00008571) c.srai  a0, 28
core   0: 3 0x8000279a (0x8571) x10 0x00000000
core   0: 0x8000279c (0x00265963) bge     a2, sp, pc + 18
core   0: 3 0x8000279c (0x00265963)
core   0: 0x800027ae (0x0371e333) rem     t1, gp, s7
core   0: 3 0x800027ae (0x0371e333) x6  0x00000000
core   0: 0x800027b2 (0x00008df9) c.and   a1, a4
core   0: 3 0x800027b2 (0x8df9) x11 0x00017000
core   0: 0x800027b4 (0x01710633) add     a2, sp, s7
core   0: 3 0x800027b4 (0x01710633) x12 0x80029d24
core   0: 0x800027b8 (0x585bc917) auipc   s2, 0x585bc
core   0: 3 0x800027b8 (0x585bc917) x18 0xd85be7b8
core   0: 0x800027bc (0x00810633) add     a2, sp, s0
core   0: 3 0x800027bc (0x00810633) x12 0x7c02b20d
core   0: 0x800027c0 (0x028350b3) divu    ra, t1, s0
core   0: 3 0x800027c0 (0x028350b3) x1  0x00000000
core   0: 0x800027c4 (0x0001e263) bltu    gp, zero, pc + 4
core   0: 3 0x800027c4 (0x0001e263)
core   0: 0x800027c8 (0x60634413) xori    s0, t1, 1542
core   0: 3 0x800027c8 (0x60634413) x8  0x00000606
core   0: 0x800027cc (0x0000e115) c.bnez  a0, pc + 36
core   0: 3 0x800027cc (0xe115)
core   0: 0x800027ce (0x00005efd) c.li    t4, -1
core   0: 3 0x800027ce (0x5efd) x29 0xffffffff
core   0: 0x800027d0 (0x032cdbb3) divu    s7, s9, s2
core   0: 3 0x800027d0 (0x032cdbb3) x23 0x00000000
core   0: 0x800027d4 (0x03948663) beq     s1, s9, pc + 44
core   0: 3 0x800027d4 (0x03948663)
core   0: 0x80002800 (0x0000940a) c.add   s0, sp
core   0: 3 0x80002800 (0x940a) x8  0x8002a32a
core   0: 0x80002802 (0xa00a3713) sltiu   a4, s4, -1536
core   0: 3 0x80002802 (0xa00a3713) x14 0x00000001
core   0: 0x80002806 (0x0384a1b3) mulhsu  gp, s1, s8
core   0: 3 0x80002806 (0x0384a1b3) x3  0x00000000
core   0: 0x8000280a (0x01e75493) srli    s1, a4, 30
core   0: 3 0x8000280a (0x01e75493) x9  0x00000000
core   0: 0x8000280e (0x00370fb3) add     t6, a4, gp
core   0: 3 0x8000280e (0x00370fb3) x31 0x00000001
core   0: 0x80002812 (0x038d1163) bne     s10, s8, pc + 34
core   0: 3 0x80002812 (0x038d1163)
core   0: 0x80002834 (0x00dcbb33) sltu    s6, s9, a3
core   0: 3 0x80002834 (0x00dcbb33) x22 0x00000001
core   0: 0x80002838 (0x005e1a93) slli    s5, t3, 5
core   0: 3 0x80002838 (0x005e1a93) x21 0xff028d40
core   0: 0x8000283c (0x40855233) sra     tp, a0, s0
core   0: 3 0x8000283c (0x40855233) x4  0x00000000
core   0: 0x80002840 (0x41d05093) srai    ra, zero, 29
core   0: 3 0x80002840 (0x41d05093) x1  0x00000000
core   0: 0x80002844 (0x40c6dcb3) sra     s9, a3, a2
core   0: 3 0x80002844 (0x40c6dcb3) x25 0xffffffff
core   0: 0x80002848 (0x00b0ee33) or      t3, ra, a1
core   0: 3 0x80002848 (0x00b0ee33) x28 0x00017000
core   0: 0x8000284c (0x00008dc9) c.or    a1, a0
core   0: 3 0x8000284c (0x8dc9) x11 0x00017000
core   0: 0x8000284e (0x00bc9e33) sll     t3, s9, a1
core   0: 3 0x8000284e (0x00bc9e33) x28 0xffffffff
core   0: 0x80002852 (0x012b41b3) xor     gp, s6, s2
core   0: 3 0x80002852 (0x012b41b3) x3  0xd85be7b9
core   0: 0x80002856 (0x00008d8d) c.sub   a1, a1
core   0: 3 0x80002856 (0x8d8d) x11 0x00000000
core   0: 0x80002858 (0x01e03f33) snez    t5, t5
core   0: 3 0x80002858 (0x01e03f33) x30 0x00000000
core   0: 0x8000285c (0x00008ea1) c.xor   a3, s0
core   0: 3 0x8000285c (0x8ea1) x13 0x7ffd5cd5
core   0: 0x8000285e (0x00008d92) c.mv    s11, tp
core   0: 3 0x8000285e (0x8d92) x27 0x00000000
core   0: 0x80002860 (0x02251333) mulh    t1, a0, sp
core   0: 3 0x80002860 (0x02251333) x6  0x00000000
core   0: 0x80002864 (0x0167f033) and     zero, a5, s6
core   0: 3 0x80002864 (0x0167f033)
core   0: 0x80002868 (0x0160e333) or      t1, ra, s6
core   0: 3 0x80002868 (0x0160e333) x6  0x00000001
core   0: 0x8000286c (0x5f7dc9b7) lui     s3, 0x5f7dc
core   0: 3 0x8000286c (0x5f7dc9b7) x19 0x5f7dc000
core   0: 0x80002870 (0x036655b3) divu    a1, a2, s6
core   0: 3 0x80002870 (0x036655b3) x11 0x7c02b20d
core   0: 0x80002874 (0xd099e193) ori     gp, s3, -759
core   0: 3 0x80002874 (0xd099e193) x3  0xfffffd09
core   0: 0x80002878 (0x00008e35) c.xor   a2, a3
core   0: 3 0x80002878 (0x8e35) x12 0x03ffeed8
core   0: 0x8000287a (0x03f6fb63) bgeu    a3, t6, pc + 54
core   0: 3 0x8000287a (0x03f6fb63)
core   0: 0x800028b0 (0x0003ea63) bltu    t2, zero, pc + 20
core   0: 3 0x800028b0 (0x0003ea63)
core   0: 0x800028b4 (0x00000001) c.nop
core   0: 3 0x800028b4 (0x0001)
core   0: 0x800028b6 (0x000060e9) c.lui   ra, 0x1a
core   0: 3 0x800028b6 (0x60e9) x1  0x0001a000
core   0: 0x800028b8 (0x03d30333) mul     t1, t1, t4
core   0: 3 0x800028b8 (0x03d30333) x6  0xffffffff
core   0: 0x800028bc (0x0000e995) c.bnez  a1, pc + 52
core   0: 3 0x800028bc (0xe995)
core   0: 0x800028f0 (0x00008cbd) c.xor   s1, a5
core   0: 3 0x800028f0 (0x8cbd) x9  0x80000000
core   0: 0x800028f2 (0xf1364337) lui     t1, 0xf1364
core   0: 3 0x800028f2 (0xf1364337) x6  0xf1364000
core   0: 0x800028f6 (0x41b3db13) srai    s6, t2, 27
core   0: 3 0x800028f6 (0x41b3db13) x22 0xfffffff0
core   0: 0x800028fa (0x400455b3) sra     a1, s0, zero
core   0: 3 0x800028fa (0x400455b3) x11 0x8002a32a
core   0: 0x800028fe (0x00008cc9) c.or    s1, a0
core   0: 3 0x800028fe (0x8cc9) x9  0x80000000
core   0: 0x80002900 (0x000008f6) c.slli  a7, 29
core   0: 3 0x80002900 (0x08f6) x17 0x00000000
core   0: 0x80002902 (0x00008ec9) c.or    a3, a0
core   0: 3 0x80002902 (0x8ec9) x13 0x7ffd5cd5
core   0: 0x80002904 (0x00000001) c.nop
core   0: 3 0x80002904 (0x0001)
core   0: 0x80002906 (0x0e587e13) andi    t3, a6, 229
core   0: 3 0x80002906 (0x0e587e13) x28 0x000000e5
core   0: 0x8000290a (0x00fb4763) blt     s6, a5, pc + 14
core   0: 3 0x8000290a (0x00fb4763)
core   0: 0x8000290e (0xf18a0993) addi    s3, s4, -232
core   0: 3 0x8000290e (0xf18a0993) x19 0xffffff18
core   0: 0x80002912 (0x407b5a33) sra     s4, s6, t2
core   0: 3 0x80002912 (0x407b5a33) x20 0xffffffff
core   0: 0x80002916 (0x00008b09) c.andi  a4, 2
core   0: 3 0x80002916 (0x8b09) x14 0x00000000
core   0: 0x80002918 (0x9c737093) andi    ra, t1, -1593
core   0: 3 0x80002918 (0x9c737093) x1  0xf1364000
core   0: 0x8000291c (0x014e4463) blt     t3, s4, pc + 8
core   0: 3 0x8000291c (0x014e4463)
core   0: 0x80002920 (0x01e9b833) sltu    a6, s3, t5
core   0: 3 0x80002920 (0x01e9b833) x16 0x00000000
core   0: 0x80002924 (0x0000861d) c.srai  a2, 7
core   0: 3 0x80002924 (0x861d) x12 0x0007ffdd
core   0: 0x80002926 (0x41b6d093) srai    ra, a3, 27
core   0: 3 0x80002926 (0x41b6d093) x1  0x0000000f
core   0: 0x8000292a (0x02f8c9b3) div     s3, a7, a5
core   0: 3 0x8000292a (0x02f8c9b3) x19 0x00000000
core   0: 0x8000292e (0x1b758613) addi    a2, a1, 439
core   0: 3 0x8000292e (0x1b758613) x12 0x8002a4e1
core   0: 0x80002932 (0x40315f33) sra     t5, sp, gp
core   0: 3 0x80002932 (0x40315f33) x30 0xffc0014e
core   0: 0x80002936 (0x0000924e) c.add   tp, s3
core   0: 3 0x80002936 (0x924e) x4  0x00000000
core   0: 0x80002938 (0x00008f1d) c.sub   a4, a5
core   0: 3 0x80002938 (0x8f1d) x14 0x80000000
core   0: 0x8000293a (0x00000c16) c.slli  s8, 5
core   0: 3 0x8000293a (0x0c16) x24 0x80029d20
core   0: 0x8000293c (0x032b2b33) mulhsu  s6, s6, s2
core   0: 3 0x8000293c (0x032b2b33) x22 0xfffffff2
core   0: 0x80002940 (0x00008e85) c.sub   a3, s1
core   0: 3 0x80002940 (0x8e85) x13 0xfffd5cd5
core   0: 0x80002942 (0x000086f2) c.mv    a3, t3
core   0: 3 0x80002942 (0x86f2) x13 0x000000e5
core   0: 0x80002944 (0x00008099) c.srli  s1, 6
core   0: 3 0x80002944 (0x8099) x9  0x02000000
core   0: 0x80002946 (0x89a4b513) sltiu   a0, s1, -1894
core   0: 3 0x80002946 (0x89a4b513) x10 0x00000001
core   0: 0x8000294a (0x00008eb1) c.xor   a3, a2
core   0: 3 0x8000294a (0x8eb1) x13 0x8002a404
core   0: 0x8000294c (0x78dd7f37) lui     t5, 0x78dd7
core   0: 3 0x8000294c (0x78dd7f37) x30 0x78dd7000
core   0: 0x80002950 (0x0000096e) c.slli  s2, 27
core   0: 3 0x80002950 (0x096e) x18 0xc0000000
core   0: 0x80002952 (0x000099fd) c.andi  a1, -1
core   0: 3 0x80002952 (0x99fd) x11 0x8002a32a
core   0: 0x80002954 (0x001d0763) beq     s10, ra, pc + 14
core   0: 3 0x80002954 (0x001d0763)
core   0: 0x80002958 (0x00008f7d) c.and   a4, a5
core   0: 3 0x80002958 (0x8f7d) x14 0x80000000
core   0: 0x8000295a (0x033750b3) divu    ra, a4, s3
core   0: 3 0x8000295a (0x033750b3) x1  0xffffffff
core   0: 0x8000295e (0x0039fa63) bgeu    s3, gp, pc + 20
core   0: 3 0x8000295e (0x0039fa63)
core   0: 0x80002962 (0x008dd613) srli    a2, s11, 8
core   0: 3 0x80002962 (0x008dd613) x12 0x00000000
core   0: 0x80002966 (0x029b5163) bge     s6, s1, pc + 34
core   0: 3 0x80002966 (0x029b5163)
core   0: 0x8000296a (0x0000167d) c.addi  a2, -1
core   0: 3 0x8000296a (0x167d) x12 0xffffffff
core   0: 0x8000296c (0x00008d9d) c.sub   a1, a5
core   0: 3 0x8000296c (0x8d9d) x11 0x0002a32a
core   0: 0x8000296e (0xcfcbb013) sltiu   zero, s7, -772
core   0: 3 0x8000296e (0xcfcbb013)
core   0: 0x80002972 (0x032ee733) rem     a4, t4, s2
core   0: 3 0x80002972 (0x032ee733) x14 0xffffffff
core   0: 0x80002976 (0x02b64c63) blt     a2, a1, pc + 56
core   0: 3 0x80002976 (0x02b64c63)
core   0: 0x800029ae (0x40055d33) sra     s10, a0, zero
core   0: 3 0x800029ae (0x40055d33) x26 0x00000001
core   0: 0x800029b2 (0x0000ef05) c.bnez  a4, pc + 56
core   0: 3 0x800029b2 (0xef05)
core   0: 0x800029ea (0x00008d91) c.sub   a1, a2
core   0: 3 0x800029ea (0x8d91) x11 0x0002a32b
core   0: 0x800029ec (0x29792613) slti    a2, s2, 663
core   0: 3 0x800029ec (0x29792613) x12 0x00000001
core   0: 0x800029f0 (0x00b79693) slli    a3, a5, 11
core   0: 3 0x800029f0 (0x00b79693) x13 0x00000000
core   0: 0x800029f4 (0x00000001) c.nop
core   0: 3 0x800029f4 (0x0001)
core   0: 0x800029f6 (0x00000001) c.nop
core   0: 3 0x800029f6 (0x0001)
core   0: 0x800029f8 (0x00118e33) add     t3, gp, ra
core   0: 3 0x800029f8 (0x00118e33) x28 0xfffffd08
core   0: 0x800029fc (0x0000ed15) c.bnez  a0, pc + 60
core   0: 3 0x800029fc (0xed15)
core   0: 0x80002a38 (0x03555033) divu    zero, a0, s5
core   0: 3 0x80002a38 (0x03555033)
core   0: 0x80002a3c (0x000085e1) c.srai  a1, 24
core   0: 3 0x80002a3c (0x85e1) x11 0x00000000
core   0: 0x80002a3e (0x03a80e33) mul     t3, a6, s10
core   0: 3 0x80002a3e (0x03a80e33) x28 0x00000000
core   0: 0x80002a42 (0x027a8433) mul     s0, s5, t2
core   0: 3 0x80002a42 (0x027a8433) x8  0x67fffd00
core   0: 0x80002a46 (0x410d5533) sra     a0, s10, a6
core   0: 3 0x80002a46 (0x410d5533) x10 0x00000001
core   0: 0x80002a4a (0x000081c5) c.srli  a1, 17
core   0: 3 0x80002a4a (0x81c5) x11 0x00000000
core   0: 0x80002a4c (0x000089a2) c.mv    s3, s0
core   0: 3 0x80002a4c (0x89a2) x19 0x67fffd00
core   0: 0x80002a4e (0x000002aa) c.slli  t0, 10
core   0: 3 0x80002a4e (0x02aa) x5  0x00000000
core   0: 0x80002a50 (0x00f14663) blt     sp, a5, pc + 12
core   0: 3 0x80002a50 (0x00f14663)
core   0: 0x80002a54 (0x00000001) c.nop
core   0: 3 0x80002a54 (0x0001)
core   0: 0x80002a56 (0x00000001) c.nop
core   0: 3 0x80002a56 (0x0001)
core   0: 0x80002a58 (0x00129c13) slli    s8, t0, 1
core   0: 3 0x80002a58 (0x00129c13) x24 0x00000000
core   0: 0x80002a5c (0x40aa5713) srai    a4, s4, 10
core   0: 3 0x80002a5c (0x40aa5713) x14 0xffffffff
core   0: 0x80002a60 (0x8ca4ea13) ori     s4, s1, -1846
core   0: 3 0x80002a60 (0x8ca4ea13) x20 0xfffff8ca
core   0: 0x80002a64 (0x02b47833) remu    a6, s0, a1
core   0: 3 0x80002a64 (0x02b47833) x16 0x67fffd00
core   0: 0x80002a68 (0x00008921) c.andi  a0, 8
core   0: 3 0x80002a68 (0x8921) x10 0x00000000
core   0: 0x80002a6a (0x011ceeb3) or      t4, s9, a7
core   0: 3 0x80002a6a (0x011ceeb3) x29 0xffffffff
core   0: 0x80002a6e (0x00000432) c.slli  s0, 12
core   0: 3 0x80002a6e (0x0432) x8  0xffd00000
core   0: 0x80002a70 (0x949b4a13) xori    s4, s6, -1719
core   0: 3 0x80002a70 (0x949b4a13) x20 0x000006bb
core   0: 0x80002a74 (0x0269b1b3) mulhu   gp, s3, t1
core   0: 3 0x80002a74 (0x0269b1b3) x3  0x61fe072c
core   0: 0x80002a78 (0xd208e593) ori     a1, a7, -736
core   0: 3 0x80002a78 (0xd208e593) x11 0xfffffd20
core   0: 0x80002a7c (0x41f45693) srai    a3, s0, 31
core   0: 3 0x80002a7c (0x41f45693) x13 0xffffffff
core   0: 0x80002a80 (0x000092c6) c.add   t0, a7
core   0: 3 0x80002a80 (0x92c6) x5  0x00000000
core   0: 0x80002a82 (0x037ddc63) bge     s11, s7, pc + 56
core   0: 3 0x80002a82 (0x037ddc63)
core   0: 0x80002aba (0x01220c63) beq     tp, s2, pc + 24
core   0: 3 0x80002aba (0x01220c63)
core   0: 0x80002abe (0x6ecb4913) xori    s2, s6, 1772
core   0: 3 0x80002abe (0x6ecb4913) x18 0xfffff91e
core   0: 0x80002ac2 (0x037f6833) rem     a6, t5, s7
core   0: 3 0x80002ac2 (0x037f6833) x16 0x78dd7000
core   0: 0x80002ac6 (0x03b3fa63) bgeu    t2, s11, pc + 52
core   0: 3 0x80002ac6 (0x03b3fa63)
core   0: 0x80002afa (0x9cf72713) slti    a4, a4, -1585
core   0: 3 0x80002afa (0x9cf72713) x14 0x00000000
core   0: 0x80002afe (0x0363bfb3) mulhu   t6, t2, s6
core   0: 3 0x80002afe (0x0363bfb3) x31 0x80025e9c
core   0: 0x80002b02 (0x02557663) bgeu    a0, t0, pc + 44
core   0: 3 0x80002b02 (0x02557663)
core   0: 0x80002b2e (0x000084b9) c.srai  s1, 14
core   0: 3 0x80002b2e (0x84b9) x9  0x00000800
core   0: 0x80002b30 (0x039f7db3) remu    s11, t5, s9
core   0: 3 0x80002b30 (0x039f7db3) x27 0x78dd7000
core   0: 0x80002b34 (0x866035b7) lui     a1, 0x86603
core   0: 3 0x80002b34 (0x866035b7) x11 0x86603000
core   0: 0x80002b38 (0x00008c4d) c.or    s0, a1
core   0: 3 0x80002b38 (0x8c4d) x8  0xfff03000
core   0: 0x80002b3a (0x039898b3) mulh    a7, a7, s9
core   0: 3 0x80002b3a (0x039898b3) x17 0x00000000
core   0: 0x80002b3e (0xff4e0413) addi    s0, t3, -12
core   0: 3 0x80002b3e (0xff4e0413) x8  0xfffffff4
core   0: 0x80002b42 (0x001f65b3) or      a1, t5, ra
core   0: 3 0x80002b42 (0x001f65b3) x11 0xffffffff
core   0: 0x80002b46 (0x002e02b3) add     t0, t3, sp
core   0: 3 0x80002b46 (0x002e02b3) x5  0x80029d24
core   0: 0x80002b4a (0x70ef4f93) xori    t6, t5, 1806
core   0: 3 0x80002b4a (0x70ef4f93) x31 0x78dd770e
core   0: 0x80002b4e (0x0000054a) c.slli  a0, 18
core   0: 3 0x80002b4e (0x054a) x10 0x00000000
core   0: 0x80002b50 (0x0000c08d) c.beqz  s1, pc + 34
core   0: 3 0x80002b50 (0xc08d)
core   0: 0x80002b52 (0x40518c33) sub     s8, gp, t0
core   0: 3 0x80002b52 (0x40518c33) x24 0xe1fb6a08
core   0: 0x80002b56 (0x03b03cb3) mulhu   s9, zero, s11
core   0: 3 0x80002b56 (0x03b03cb3) x25 0x00000000
core   0: 0x80002b5a (0x030afab3) remu    s5, s5, a6
core   0: 3 0x80002b5a (0x030afab3) x21 0x0d47ad40
core   0: 0x80002b5e (0x02fee863) bltu    t4, a5, pc + 48
core   0: 3 0x80002b5e (0x02fee863)
core   0: 0x80002b62 (0x0044c6b3) xor     a3, s1, tp
core   0: 3 0x80002b62 (0x0044c6b3) x13 0x00000800
core   0: 0x80002b66 (0x00008e51) c.or    a2, a2
core   0: 3 0x80002b66 (0x8e51) x12 0x00000001
core   0: 0x80002b68 (0x00008965) c.andi  a0, 25
core   0: 3 0x80002b68 (0x8965) x10 0x00000000
core   0: 0x80002b6a (0xd64bb517) auipc   a0, 0xd64bb
core   0: 3 0x80002b6a (0xd64bb517) x10 0x564bdb6a
core   0: 0x80002b6e (0x40ef8333) sub     t1, t6, a4
core   0: 3 0x80002b6e (0x40ef8333) x6  0x78dd770e
core   0: 0x80002b72 (0x0000e701) c.bnez  a4, pc + 8
core   0: 3 0x80002b72 (0xe701)
core   0: 0x80002b74 (0x01f34f33) xor     t5, t1, t6
core   0: 3 0x80002b74 (0x01f34f33) x30 0x00000000
core   0: 0x80002b78 (0x00000001) c.nop
core   0: 3 0x80002b78 (0x0001)
core   0: 0x80002b7a (0x6150e737) lui     a4, 0x6150e
core   0: 3 0x80002b7a (0x6150e737) x14 0x6150e000
core   0: 0x80002b7e (0x00008df5) c.and   a1, a3
core   0: 3 0x80002b7e (0x8df5) x11 0x00000800
core   0: 0x80002b80 (0x039f8633) mul     a2, t6, s9
core   0: 3 0x80002b80 (0x039f8633) x12 0x00000000
core   0: 0x80002b84 (0x0000877d) c.srai  a4, 31
core   0: 3 0x80002b84 (0x877d) x14 0x00000000
core   0: 0x80002b86 (0x034c5cb3) divu    s9, s8, s4
core   0: 3 0x80002b86 (0x034c5cb3) x25 0x00219373
core   0: 0x80002b8a (0x00008f09) c.sub   a4, a0
core   0: 3 0x80002b8a (0x8f09) x14 0xa9b42496
core   0: 0x80002b8c (0x00001bfd) c.addi  s7, -1
core   0: 3 0x80002b8c (0x1bfd) x23 0xffffffff
core   0: 0x80002b8e (0x03efebb3) rem     s7, t6, t5
core   0: 3 0x80002b8e (0x03efebb3) x23 0x78dd770e
core   0: 0x80002b92 (0x7234fb13) andi    s6, s1, 1827
core   0: 3 0x80002b92 (0x7234fb13) x22 0x00000000
core   0: 0x80002b96 (0x00005a7d) c.li    s4, -1
core   0: 3 0x80002b96 (0x5a7d) x20 0xffffffff
core   0: 0x80002b98 (0x039a6fb3) rem     t6, s4, s9
core   0: 3 0x80002b98 (0x039a6fb3) x31 0xffffffff
core   0: 0x80002b9c (0x0000997d) c.andi  a0, -1
core   0: 3 0x80002b9c (0x997d) x10 0x564bdb6a
core   0: 0x80002b9e (0x0147cbb3) xor     s7, a5, s4
core   0: 3 0x80002b9e (0x0147cbb3) x23 0x7fffffff
core   0: 0x80002ba2 (0x0000c719) c.beqz  a4, pc + 14
core   0: 3 0x80002ba2 (0xc719)
core   0: 0x80002ba4 (0x010cae33) slt     t3, s9, a6
core   0: 3 0x80002ba4 (0x010cae33) x28 0x00000001
core   0: 0x80002ba8 (0x012b4b63) blt     s6, s2, pc + 22
core   0: 3 0x80002ba8 (0x012b4b63)
core   0: 0x80002bac (0x7e17f193) andi    gp, a5, 2017
core   0: 3 0x80002bac (0x7e17f193) x3  0x00000000
core   0: 0x80002bb0 (0x0036efb3) or      t6, a3, gp
core   0: 3 0x80002bb0 (0x0036efb3) x31 0x00000800
core   0: 0x80002bb4 (0x85b73993) sltiu   s3, a4, -1957
core   0: 3 0x80002bb4 (0x85b73993) x19 0x00000001
core   0: 0x80002bb8 (0x0000e611) c.bnez  a2, pc + 12
core   0: 3 0x80002bb8 (0xe611)
core   0: 0x80002bba (0x0171a233) slt     tp, gp, s7
core   0: 3 0x80002bba (0x0171a233) x4  0x00000001
core   0: 0x80002bbe (0x00000f42) c.slli  t5, 16
core   0: 3 0x80002bbe (0x0f42) x30 0x00000000
core   0: 0x80002bc0 (0x409d8d33) sub     s10, s11, s1
core   0: 3 0x80002bc0 (0x409d8d33) x26 0x78dd6800
core   0: 0x80002bc4 (0xff5ab813) sltiu   a6, s5, -11
core   0: 3 0x80002bc4 (0xff5ab813) x16 0x00000001
core   0: 0x80002bc8 (0x00008edd) c.or    a3, a5
core   0: 3 0x80002bc8 (0x8edd) x13 0x80000800
core   0: 0x80002bca (0x01049a13) slli    s4, s1, 16
core   0: 3 0x80002bca (0x01049a13) x20 0x08000000
core   0: 0x80002bce (0x0286eb63) bltu    a3, s0, pc + 54
core   0: 3 0x80002bce (0x0286eb63)
core   0: 0x80002c04 (0x00008dc1) c.or    a1, s0
core   0: 3 0x80002c04 (0x8dc1) x11 0xfffffff4
core   0: 0x80002c06 (0x0000030a) c.slli  t1, 2
core   0: 3 0x80002c06 (0x030a) x6  0xe375dc38
core   0: 0x80002c08 (0x00000001) c.nop
core   0: 3 0x80002c08 (0x0001)
core   0: 0x80002c0a (0x00008775) c.srai  a4, 29
core   0: 3 0x80002c0a (0x8775) x14 0xfffffffd
core   0: 0x80002c0c (0x023a59b3) divu    s3, s4, gp
core   0: 3 0x80002c0c (0x023a59b3) x19 0xffffffff
core   0: 0x80002c10 (0x03f8bdb3) mulhu   s11, a7, t6
core   0: 3 0x80002c10 (0x03f8bdb3) x27 0x00000000
core   0: 0x80002c14 (0x0000ea9d) c.bnez  a3, pc + 54
core   0: 3 0x80002c14 (0xea9d)
core   0: 0x80002c4a (0xe1506513) ori     a0, zero, -491
core   0: 3 0x80002c4a (0xe1506513) x10 0xfffffe15
core   0: 0x80002c4e (0x00ae1c63) bne     t3, a0, pc + 24
core   0: 3 0x80002c4e (0x00ae1c63)
core   0: 0x80002c66 (0x00008f35) c.xor   a4, a3
core   0: 3 0x80002c66 (0x8f35) x14 0x7ffff7fd
core   0: 0x80002c68 (0x000099fe) c.add   s3, t6
core   0: 3 0x80002c68 (0x99fe) x19 0x000007ff
core   0: 0x80002c6a (0xbf7ca713) slti    a4, s9, -1033
core   0: 3 0x80002c6a (0xbf7ca713) x14 0x00000000
core   0: 0x80002c6e (0x03a340b3) div     ra, t1, s10
core   0: 3 0x80002c6e (0x03a340b3) x1  0x00000000
core   0: 0x80002c72 (0x00008a97) auipc   s5, 0x8
core   0: 3 0x80002c72 (0x00008a97) x21 0x8000ac72
core   0: 0x80002c76 (0x994a8a93) addi    s5, s5, -1644
core   0: 3 0x80002c76 (0x994a8a93) x21 0x8000a606
core   0: 0x80002c7a (0x0306bfb3) mulhu   t6, a3, a6
core   0: 3 0x80002c7a (0x0306bfb3) x31 0x00000000
core   0: 0x80002c7e (0xcdabaf13) slti    t5, s7, -806
core   0: 3 0x80002c7e (0xcdabaf13) x30 0x00000000
core   0: 0x80002c82 (0x269a8a93) addi    s5, s5, 617
core   0: 3 0x80002c82 (0x269a8a93) x21 0x8000a86f
core   0: 0x80002c86 (0x00008541) c.srai  a0, 16
core   0: 3 0x80002c86 (0x8541) x10 0xffffffff
core   0: 0x80002c88 (0x015496b3) sll     a3, s1, s5
core   0: 3 0x80002c88 (0x015496b3) x13 0x04000000
core   0: 0x80002c8c (0x00f264b3) or      s1, tp, a5
core   0: 3 0x80002c8c (0x00f264b3) x9  0x80000001
core   0: 0x80002c90 (0x01db71b3) and     gp, s6, t4
core   0: 3 0x80002c90 (0x01db71b3) x3  0x00000000
core   0: 0x80002c94 (0x2227c193) xori    gp, a5, 546
core   0: 3 0x80002c94 (0x2227c193) x3  0x80000222
core   0: 0x80002c98 (0x00000001) c.nop
core   0: 3 0x80002c98 (0x0001)
core   0: 0x80002c9a (0x017bf363) bgeu    s7, s7, pc + 6
core   0: 3 0x80002c9a (0x017bf363)
core   0: 0x80002ca0 (0xd97a8367) jalr    t1, s5, -617
core   0: 3 0x80002ca0 (0xd97a8367) x6  0x80002ca4
core   0: 0x8000a606 (0x000013a1) c.addi  t2, -24
core   0: 3 0x8000a606 (0x13a1) x7  0x80025e8c
core   0: 0x8000a608 (0x000012fd) c.addi  t0, -1
core   0: 3 0x8000a608 (0x12fd) x5  0x80029d23
core   0: 0x8000a60a (0x00008cd1) c.or    s1, a2
core   0: 3 0x8000a60a (0x8cd1) x9  0x80000001
core   0: 0x8000a60c (0xc0316b93) ori     s7, sp, -1021
core   0: 3 0x8000a60c (0xc0316b93) x23 0xfffffd27
core   0: 0x8000a610 (0x001d6433) or      s0, s10, ra
core   0: 3 0x8000a610 (0x001d6433) x8  0x78dd6800
core   0: 0x8000a614 (0x0063a223) sw      t1, 4(t2)
core   0: 3 0x8000a614 (0x0063a223) mem 0x80025e90 0x80002ca4
core   0: 0x8000a618 (0x41658cb3) sub     s9, a1, s6
core   0: 3 0x8000a618 (0x41658cb3) x25 0xfffffff4
core   0: 0x8000a61c (0x6fcfa0b7) lui     ra, 0x6fcfa
core   0: 3 0x8000a61c (0x6fcfa0b7) x1  0x6fcfa000
core   0: 0x8000a620 (0x00009efe) c.add   t4, t6
core   0: 3 0x8000a620 (0x9efe) x29 0xffffffff
core   0: 0x8000a622 (0x1bc0ad13) slti    s10, ra, 444
core   0: 3 0x8000a622 (0x1bc0ad13) x26 0x00000000
core   0: 0x8000a626 (0x00008ebd) c.xor   a3, a5
core   0: 3 0x8000a626 (0x8ebd) x13 0x84000000
core   0: 0x8000a628 (0x01d575b3) and     a1, a0, t4
core   0: 3 0x8000a628 (0x01d575b3) x11 0xffffffff
core   0: 0x8000a62c (0x00000d66) c.slli  s10, 25
core   0: 3 0x8000a62c (0x0d66) x26 0x00000000
core   0: 0x8000a62e (0x6e77fd93) andi    s11, a5, 1767
core   0: 3 0x8000a62e (0x6e77fd93) x27 0x00000000
core   0: 0x8000a632 (0x00bac363) blt     s5, a1, pc + 6
core   0: 3 0x8000a632 (0x00bac363)
core   0: 0x8000a638 (0xdbefc36f) jal     t1, pc - 0x3a42
core   0: 3 0x8000a638 (0xdbefc36f) x6  0x8000a63c
core   0: 0x80006bf6 (0x9747f193) andi    gp, a5, -1676
core   0: 3 0x80006bf6 (0x9747f193) x3  0x80000000
core   0: 0x80006bfa (0xfd838393) addi    t2, t2, -40
core   0: 3 0x80006bfa (0xfd838393) x7  0x80025e64
core   0: 0x80006bfe (0x01068533) add     a0, a3, a6
core   0: 3 0x80006bfe (0x01068533) x10 0x84000001
core   0: 0x80006c02 (0x66c32d93) slti    s11, t1, 1644
core   0: 3 0x80006c02 (0x66c32d93) x27 0x00000001
core   0: 0x80006c06 (0x00ab1693) slli    a3, s6, 10
core   0: 3 0x80006c06 (0x00ab1693) x13 0x00000000
core   0: 0x80006c0a (0x0063a223) sw      t1, 4(t2)
core   0: 3 0x80006c0a (0x0063a223) mem 0x80025e68 0x8000a63c
core   0: 0x80006c0e (0x0000443d) c.li    s0, 15
core   0: 3 0x80006c0e (0x443d) x8  0x0000000f
core   0: 0x80006c10 (0x00000415) c.addi  s0, 5
core   0: 3 0x80006c10 (0x0415) x8  0x00000014
core   0: 0x80006c12 (0x00008b5d) c.andi  a4, 23
core   0: 3 0x80006c12 (0x8b5d) x14 0x00000000
core   0: 0x80006c14 (0x74cf6593) ori     a1, t5, 1868
core   0: 3 0x80006c14 (0x74cf6593) x11 0x0000074c
core   0: 0x80006c18 (0x030e40b3) div     ra, t3, a6
core   0: 3 0x80006c18 (0x030e40b3) x1  0x00000001
core   0: 0x80006c1c (0x0370c933) div     s2, ra, s7
core   0: 3 0x80006c1c (0x0370c933) x18 0x00000000
core   0: 0x80006c20 (0x0191ae33) slt     t3, gp, s9
core   0: 3 0x80006c20 (0x0191ae33) x28 0x00000001
core   0: 0x80006c24 (0x01349763) bne     s1, s3, pc + 14
core   0: 3 0x80006c24 (0x01349763)
core   0: 0x80006c32 (0x0fe0136f) jal     t1, pc + 0x10fe
core   0: 3 0x80006c32 (0x0fe0136f) x6  0x80006c36
core   0: 0x80007d30 (0x00009afd) c.andi  a3, -1
core   0: 3 0x80007d30 (0x9afd) x13 0x00000000
core   0: 0x80007d32 (0x01b78833) add     a6, a5, s11
core   0: 3 0x80007d32 (0x01b78833) x16 0x80000001
core   0: 0x80007d36 (0xfd438393) addi    t2, t2, -44
core   0: 3 0x80007d36 (0xfd438393) x7  0x80025e38
core   0: 0x80007d3a (0x0063a223) sw      t1, 4(t2)
core   0: 3 0x80007d3a (0x0063a223) mem 0x80025e3c 0x80006c36
core   0: 0x80007d3e (0x76b98913) addi    s2, s3, 1899
core   0: 3 0x80007d3e (0x76b98913) x18 0x00000f6a
core   0: 0x80007d42 (0x0000f717) auipc   a4, 0xf
core   0: 3 0x80007d42 (0x0000f717) x14 0x80016d42
core   0: 0x80007d46 (0x30970713) addi    a4, a4, 777
core   0: 3 0x80007d46 (0x30970713) x14 0x8001704b
core   0: 0x80007d4a (0x0156a1b3) slt     gp, a3, s5
core   0: 3 0x80007d4a (0x0156a1b3) x3  0x00000000
core   0: 0x80007d4e (0x94375883) lhu     a7, -1725(a4)
core   0: 3 0x80007d4e (0x94375883) x17 0x00006d19 mem 0x8001698e
core   0: 0x80007d52 (0x02d8a433) mulhsu  s0, a7, a3
core   0: 3 0x80007d52 (0x02d8a433) x8  0x00000000
core   0: 0x80007d56 (0x3ce70f83) lb      t6, 974(a4)
core   0: 3 0x80007d56 (0x3ce70f83) x31 0x00000022 mem 0x80017419
core   0: 0x80007d5a (0x0088c433) xor     s0, a7, s0
core   0: 3 0x80007d5a (0x0088c433) x8  0x00006d19
core   0: 0x80007d5e (0xff374683) lbu     a3, -13(a4)
core   0: 3 0x80007d5e (0xff374683) x13 0x0000003d mem 0x8001703e
core   0: 0x80007d62 (0x84370a83) lb      s5, -1981(a4)
core   0: 3 0x80007d62 (0x84370a83) x21 0xffffffa8 mem 0x8001688e
core   0: 0x80007d66 (0x86370f83) lb      t6, -1949(a4)
core   0: 3 0x80007d66 (0x86370f83) x31 0xffffff92 mem 0x800168ae
core   0: 0x80007d6a (0x02d70023) sb      a3, 32(a4)
core   0: 3 0x80007d6a (0x02d70023) mem 0x8001706b 0x3d
core   0: 0x80007d6e (0x6f91c413) xori    s0, gp, 1785
core   0: 3 0x80007d6e (0x6f91c413) x8  0x000006f9
core   0: 0x80007d72 (0x00000fe6) c.slli  t6, 25
core   0: 3 0x80007d72 (0x0fe6) x31 0x24000000
core   0: 0x80007d74 (0x00000001) c.nop
core   0: 3 0x80007d74 (0x0001)
core   0: 0x80007d76 (0xc3b44f93) xori    t6, s0, -965
core   0: 3 0x80007d76 (0xc3b44f93) x31 0xfffffac2
core   0: 0x80007d7a (0x9e347693) andi    a3, s0, -1565
core   0: 3 0x80007d7a (0x9e347693) x13 0x000000e1
core   0: 0x80007d7e (0xaa66f693) andi    a3, a3, -1370
core   0: 3 0x80007d7e (0xaa66f693) x13 0x000000a0
core   0: 0x80007d82 (0x00af9413) slli    s0, t6, 10
core   0: 3 0x80007d82 (0x00af9413) x8  0xffeb0800
core   0: 0x80007d86 (0xec370c23) sb      gp, -296(a4)
core   0: 3 0x80007d86 (0xec370c23) mem 0x80016f23 0x00
core   0: 0x80007d8a (0x00008c35) c.xor   s0, a3
core   0: 3 0x80007d8a (0x8c35) x8  0xffeb08a0
core   0: 0x80007d8c (0x0df70923) sb      t6, 210(a4)
core   0: 3 0x80007d8c (0x0df70923) mem 0x8001711d 0xc2
core   0: 0x80007d90 (0x0000987d) c.andi  s0, -1
core   0: 3 0x80007d90 (0x987d) x8  0xffeb08a0
core   0: 0x80007d92 (0x011ab8b3) sltu    a7, s5, a7
core   0: 3 0x80007d92 (0x011ab8b3) x17 0x00000000
core   0: 0x80007d96 (0xacd70ea3) sb      a3, -1315(a4)
core   0: 3 0x80007d96 (0xacd70ea3) mem 0x80016b28 0xa0
core   0: 0x80007d9a (0x70771183) lh      gp, 1799(a4)
core   0: 3 0x80007d9a (0x70771183) x3  0xffffd9dc mem 0x80017752
core   0: 0x80007d9e (0x5ff70183) lb      gp, 1535(a4)
core   0: 3 0x80007d9e (0x5ff70183) x3  0x00000016 mem 0x8001764a
core   0: 0x80007da2 (0x0081cfb3) xor     t6, gp, s0
core   0: 3 0x80007da2 (0x0081cfb3) x31 0xffeb08b6
core   0: 0x80007da6 (0x00008c21) c.xor   s0, s0
core   0: 3 0x80007da6 (0x8c21) x8  0x00000000
core   0: 0x80007da8 (0x41f1d433) sra     s0, gp, t6
core   0: 3 0x80007da8 (0x41f1d433) x8  0x00000000
core   0: 0x80007dac (0x41a1da93) srai    s5, gp, 26
core   0: 3 0x80007dac (0x41a1da93) x21 0x00000000
core   0: 0x80007db0 (0x3c670403) lb      s0, 966(a4)
core   0: 3 0x80007db0 (0x3c670403) x8  0x00000047 mem 0x80017411
core   0: 0x80007db4 (0x4bf70a23) sb      t6, 1204(a4)
core   0: 3 0x80007db4 (0x4bf70a23) mem 0x800174ff 0xb6
core   0: 0x80007db8 (0xbb570923) sb      s5, -1102(a4)
core   0: 3 0x80007db8 (0xbb570923) mem 0x80016bfd 0x00
core   0: 0x80007dbc (0x03143433) mulhu   s0, s0, a7
core   0: 3 0x80007dbc (0x03143433) x8  0x00000000
core   0: 0x80007dc0 (0x6ed717a3) sh      a3, 1775(a4)
core   0: 3 0x80007dc0 (0x6ed717a3) mem 0x8001773a 0x00a0
core   0: 0x80007dc4 (0x384aaa93) slti    s5, s5, 900
core   0: 3 0x80007dc4 (0x384aaa93) x21 0x00000001
core   0: 0x80007dc8 (0x78642f93) slti    t6, s0, 1926
core   0: 3 0x80007dc8 (0x78642f93) x31 0x00000001
core   0: 0x80007dcc (0x8bb70683) lb      a3, -1861(a4)
core   0: 3 0x80007dcc (0x8bb70683) x13 0xffffffa6 mem 0x80016906
core   0: 0x80007dd0 (0x65474f83) lbu     t6, 1620(a4)
core   0: 3 0x80007dd0 (0x65474f83) x31 0x000000c6 mem 0x8001769f
core   0: 0x80007dd4 (0x000086a2) c.mv    a3, s0
core   0: 3 0x80007dd4 (0x86a2) x13 0x00000000
core   0: 0x80007dd6 (0x2de74183) lbu     gp, 734(a4)
core   0: 3 0x80007dd6 (0x2de74183) x3  0x0000008f mem 0x80017329
core   0: 0x80007dda (0x00bf9193) slli    gp, t6, 11
core   0: 3 0x80007dda (0x00bf9193) x3  0x00063000
core   0: 0x80007dde (0x031f91b3) mulh    gp, t6, a7
core   0: 3 0x80007dde (0x031f91b3) x3  0x00000000
core   0: 0x80007de2 (0x4e470f83) lb      t6, 1252(a4)
core   0: 3 0x80007de2 (0x4e470f83) x31 0xffffffb5 mem 0x8001752f
core   0: 0x80007de6 (0x0181d893) srli    a7, gp, 24
core   0: 3 0x80007de6 (0x0181d893) x17 0x00000000
core   0: 0x80007dea (0x4ed70183) lb      gp, 1261(a4)
core   0: 3 0x80007dea (0x4ed70183) x3  0x00000009 mem 0x80017538
core   0: 0x80007dee (0x02841fb3) mulh    t6, s0, s0
core   0: 3 0x80007dee (0x02841fb3) x31 0x00000000
core   0: 0x80007df2 (0xa5171fa3) sh      a7, -1441(a4)
core   0: 3 0x80007df2 (0xa5171fa3) mem 0x80016aaa 0x0000
core   0: 0x80007df6 (0x00008c75) c.and   s0, a3
core   0: 3 0x80007df6 (0x8c75) x8  0x00000000
core   0: 0x80007df8 (0x031888b3) mul     a7, a7, a7
core   0: 3 0x80007df8 (0x031888b3) x17 0x00000000
core   0: 0x80007dfc (0xcf670683) lb      a3, -778(a4)
core   0: 3 0x80007dfc (0xcf670683) x13 0x00000050 mem 0x80016d41
core   0: 0x80007e00 (0x8d674183) lbu     gp, -1834(a4)
core   0: 3 0x80007e00 (0x8d674183) x3  0x000000cf mem 0x80016921
core   0: 0x80007e04 (0xbc870623) sb      s0, -1076(a4)
core   0: 3 0x80007e04 (0xbc870623) mem 0x80016c17 0x00
core   0: 0x80007e08 (0x00008317) auipc   t1, 0x8
core   0: 3 0x80007e08 (0x00008317) x6  0x8000fe08
core   0: 0x80007e0c (0x2d630313) addi    t1, t1, 726
core   0: 3 0x80007e0c (0x2d630313) x6  0x800100de
core   0: 0x80007e10 (0x00205733) srl     a4, zero, sp
core   0: 3 0x80007e10 (0x00205733) x14 0x00000000
core   0: 0x80007e14 (0x39531d23) sh      s5, 922(t1)
core   0: 3 0x80007e14 (0x39531d23) mem 0x80010478 0x0001
core   0: 0x80007e18 (0x38831d23) sh      s0, 922(t1)
core   0: 3 0x80007e18 (0x38831d23) mem 0x80010478 0x0000
core   0: 0x80007e1c (0x39a34a03) lbu     s4, 922(t1)
core   0: 3 0x80007e1c (0x39a34a03) x20 0x00000000 mem 0x80010478
core   0: 0x80007e20 (0x39a30483) lb      s1, 922(t1)
core   0: 3 0x80007e20 (0x39a30483) x9  0x00000000 mem 0x80010478
core   0: 0x80007e24 (0x001b20b3) slt     ra, s6, ra
core   0: 3 0x80007e24 (0x001b20b3) x1  0x00000001
core   0: 0x80007e28 (0x39a30c83) lb      s9, 922(t1)
core   0: 3 0x80007e28 (0x39a30c83) x25 0x00000000 mem 0x80010478
core   0: 0x80007e2c (0x39a32203) lw      tp, 922(t1)
core   0: 3 0x80007e2c (0x39a32203) x4  0xf7a70000 mem 0x80010478
core   0: 0x80007e30 (0x00162c33) slt     s8, a2, ra
core   0: 3 0x80007e30 (0x00162c33) x24 0x00000001
core   0: 0x80007e34 (0x0000997d) c.andi  a0, -1
core   0: 3 0x80007e34 (0x997d) x10 0x84000001
core   0: 0x80007e36 (0x42a30623) sb      a0, 1068(t1)
core   0: 3 0x80007e36 (0x42a30623) mem 0x8001050a 0x01
core   0: 0x80007e3a (0x42c34583) lbu     a1, 1068(t1)
core   0: 3 0x80007e3a (0x42c34583) x11 0x00000001 mem 0x8001050a
core   0: 0x80007e3e (0x42c35b83) lhu     s7, 1068(t1)
core   0: 3 0x80007e3e (0x42c35b83) x23 0x0000ab01 mem 0x8001050a
core   0: 0x80007e42 (0x42c35903) lhu     s2, 1068(t1)
core   0: 3 0x80007e42 (0x42c35903) x18 0x0000ab01 mem 0x8001050a
core   0: 0x80007e46 (0x42c35a03) lhu     s4, 1068(t1)
core   0: 3 0x80007e46 (0x42c35a03) x20 0x0000ab01 mem 0x8001050a
core   0: 0x80007e4a (0x0e3e0193) addi    gp, t3, 227
core   0: 3 0x80007e4a (0x0e3e0193) x3  0x000000e4
core   0: 0x80007e4e (0x021e5d33) divu    s10, t3, ra
core   0: 3 0x80007e4e (0x021e5d33) x26 0x00000001
core   0: 0x80007e52 (0x00000001) c.nop
core   0: 3 0x80007e52 (0x0001)
core   0: 0x80007e54 (0x42431623) sh      tp, 1068(t1)
core   0: 3 0x80007e54 (0x42431623) mem 0x8001050a 0x0000
core   0: 0x80007e58 (0x00005779) c.li    a4, -2
core   0: 3 0x80007e58 (0x5779) x14 0xfffffffe
core   0: 0x80007e5a (0x00004919) c.li    s2, 6
core   0: 3 0x80007e5a (0x4919) x18 0x00000006
core   0: 0x80007e5c (0x3182b437) lui     s0, 0x3182b
core   0: 3 0x80007e5c (0x3182b437) x8  0x3182b000
core   0: 0x80007e60 (0x00e272b3) and     t0, tp, a4
core   0: 3 0x80007e60 (0x00e272b3) x5  0xf7a70000
core   0: 0x80007e64 (0xe4cb8293) addi    t0, s7, -436
core   0: 3 0x80007e64 (0xe4cb8293) x5  0x0000a94d
core   0: 0x80007e68 (0x01eb8d33) add     s10, s7, t5
core   0: 3 0x80007e68 (0x01eb8d33) x26 0x0000ab01
core   0: 0x80007e6c (0x000045f5) c.li    a1, 29
core   0: 3 0x80007e6c (0x45f5) x11 0x0000001d
core   0: 0x80007e6e (0x004b40b3) xor     ra, s6, tp
core   0: 3 0x80007e6e (0x004b40b3) x1  0xf7a70000
core   0: 0x80007e72 (0x00000721) c.addi  a4, 8
core   0: 3 0x80007e72 (0x0721) x14 0x00000006
core   0: 0x80007e74 (0x00008e75) c.and   a2, a3
core   0: 3 0x80007e74 (0x8e75) x12 0x00000000
core   0: 0x80007e76 (0x02659f33) mulh    t5, a1, t1
core   0: 3 0x80007e76 (0x02659f33) x30 0xfffffff1
core   0: 0x80007e7a (0xa8e02593) slti    a1, zero, -1394
core   0: 3 0x80007e7a (0xa8e02593) x11 0x00000000
core   0: 0x80007e7e (0x00d6e9b3) or      s3, a3, a3
core   0: 3 0x80007e7e (0x00d6e9b3) x19 0x00000050
core   0: 0x80007e82 (0x0038d613) srli    a2, a7, 3
core   0: 3 0x80007e82 (0x0038d613) x12 0x00000000
core   0: 0x80007e86 (0x010d1593) slli    a1, s10, 16
core   0: 3 0x80007e86 (0x010d1593) x11 0xab010000
core   0: 0x80007e8a (0x02bdd433) divu    s0, s11, a1
core   0: 3 0x80007e8a (0x02bdd433) x8  0x00000000
core   0: 0x80007e8e (0x027f7cb3) remu    s9, t5, t2
core   0: 3 0x80007e8e (0x027f7cb3) x25 0x7ffda1b9
core   0: 0x80007e92 (0x00004885) c.li    a7, 1
core   0: 3 0x80007e92 (0x4885) x17 0x00000001
core   0: 0x80007e94 (0x00008d59) c.or    a0, a4
core   0: 3 0x80007e94 (0x8d59) x10 0x84000007
core   0: 0x80007e96 (0x030575b3) remu    a1, a0, a6
core   0: 3 0x80007e96 (0x030575b3) x11 0x04000006
core   0: 0x80007e9a (0x000044c1) c.li    s1, 16
core   0: 3 0x80007e9a (0x44c1) x9  0x00000010
core   0: 0x80007e9c (0x03346e33) rem     t3, s0, s3
core   0: 3 0x80007e9c (0x03346e33) x28 0x00000000
core   0: 0x80007ea0 (0x00009fd6) c.add   t6, s5
core   0: 3 0x80007ea0 (0x9fd6) x31 0x00000001
core   0: 0x80007ea2 (0x9098a293) slti    t0, a7, -1783
core   0: 3 0x80007ea2 (0x9098a293) x5  0x00000000
core   0: 0x80007ea6 (0x6575a593) slti    a1, a1, 1623
core   0: 3 0x80007ea6 (0x6575a593) x11 0x00000000
core   0: 0x80007eaa (0x01aa9e13) slli    t3, s5, 26
core   0: 3 0x80007eaa (0x01aa9e13) x28 0x04000000
core   0: 0x80007eae (0x00000895) c.addi  a7, 5
core   0: 3 0x80007eae (0x0895) x17 0x00000006
core   0: 0x80007eb0 (0x00008d7d) c.and   a0, a5
core   0: 3 0x80007eb0 (0x8d7d) x10 0x80000000
core   0: 0x80007eb2 (0x007e0bb3) add     s7, t3, t2
core   0: 3 0x80007eb2 (0x007e0bb3) x23 0x84025e38
core   0: 0x80007eb6 (0x000092fa) c.add   t0, t5
core   0: 3 0x80007eb6 (0x92fa) x5  0xfffffff1
core   0: 0x80007eb8 (0xfe9885e3) beq     a7, s1, pc - 22
core   0: 3 0x80007eb8 (0xfe9885e3)
core   0: 0x80007ebc (0x02965633) divu    a2, a2, s1
core   0: 3 0x80007ebc (0x02965633) x12 0x00000000
core   0: 0x80007ec0 (0xfb2707e3) beq     a4, s2, pc - 82
core   0: 3 0x80007ec0 (0xfb2707e3)
core   0: 0x80007e6e (0x004b40b3) xor     ra, s6, tp
core   0: 3 0x80007e6e (0x004b40b3) x1  0xf7a70000
core   0: 0x80007e72 (0x00000721) c.addi  a4, 8
core   0: 3 0x80007e72 (0x0721) x14 0x0000000e
core   0: 0x80007e74 (0x00008e75) c.and   a2, a3
core   0: 3 0x80007e74 (0x8e75) x12 0x00000000
core   0: 0x80007e76 (0x02659f33) mulh    t5, a1, t1
core   0: 3 0x80007e76 (0x02659f33) x30 0x00000000
core   0: 0x80007e7a (0xa8e02593) slti    a1, zero, -1394
core   0: 3 0x80007e7a (0xa8e02593) x11 0x00000000
core   0: 0x80007e7e (0x00d6e9b3) or      s3, a3, a3
core   0: 3 0x80007e7e (0x00d6e9b3) x19 0x00000050
core   0: 0x80007e82 (0x0038d613) srli    a2, a7, 3
core   0: 3 0x80007e82 (0x0038d613) x12 0x00000000
core   0: 0x80007e86 (0x010d1593) slli    a1, s10, 16
core   0: 3 0x80007e86 (0x010d1593) x11 0xab010000
core   0: 0x80007e8a (0x02bdd433) divu    s0, s11, a1
core   0: 3 0x80007e8a (0x02bdd433) x8  0x00000000
core   0: 0x80007e8e (0x027f7cb3) remu    s9, t5, t2
core   0: 3 0x80007e8e (0x027f7cb3) x25 0x00000000
core   0: 0x80007e92 (0x00004885) c.li    a7, 1
core   0: 3 0x80007e92 (0x4885) x17 0x00000001
core   0: 0x80007e94 (0x00008d59) c.or    a0, a4
core   0: 3 0x80007e94 (0x8d59) x10 0x8000000e
core   0: 0x80007e96 (0x030575b3) remu    a1, a0, a6
core   0: 3 0x80007e96 (0x030575b3) x11 0x0000000d
core   0: 0x80007e9a (0x000044c1) c.li    s1, 16
core   0: 3 0x80007e9a (0x44c1) x9  0x00000010
core   0: 0x80007e9c (0x03346e33) rem     t3, s0, s3
core   0: 3 0x80007e9c (0x03346e33) x28 0x00000000
core   0: 0x80007ea0 (0x00009fd6) c.add   t6, s5
core   0: 3 0x80007ea0 (0x9fd6) x31 0x00000002
core   0: 0x80007ea2 (0x9098a293) slti    t0, a7, -1783
core   0: 3 0x80007ea2 (0x9098a293) x5  0x00000000
core   0: 0x80007ea6 (0x6575a593) slti    a1, a1, 1623
core   0: 3 0x80007ea6 (0x6575a593) x11 0x00000001
core   0: 0x80007eaa (0x01aa9e13) slli    t3, s5, 26
core   0: 3 0x80007eaa (0x01aa9e13) x28 0x04000000
core   0: 0x80007eae (0x00000895) c.addi  a7, 5
core   0: 3 0x80007eae (0x0895) x17 0x00000006
core   0: 0x80007eb0 (0x00008d7d) c.and   a0, a5
core   0: 3 0x80007eb0 (0x8d7d) x10 0x80000000
core   0: 0x80007eb2 (0x007e0bb3) add     s7, t3, t2
core   0: 3 0x80007eb2 (0x007e0bb3) x23 0x84025e38
core   0: 0x80007eb6 (0x000092fa) c.add   t0, t5
core   0: 3 0x80007eb6 (0x92fa) x5  0x00000000
core   0: 0x80007eb8 (0xfe9885e3) beq     a7, s1, pc - 22
core   0: 3 0x80007eb8 (0xfe9885e3)
core   0: 0x80007ebc (0x02965633) divu    a2, a2, s1
core   0: 3 0x80007ebc (0x02965633) x12 0x00000000
core   0: 0x80007ec0 (0xfb2707e3) beq     a4, s2, pc - 82
core   0: 3 0x80007ec0 (0xfb2707e3)
core   0: 0x80007ec4 (0x00aab033) sltu    zero, s5, a0
core   0: 3 0x80007ec4 (0x00aab033)
core   0: 0x80007ec8 (0x0000bf97) auipc   t6, 0xb
core   0: 3 0x80007ec8 (0x0000bf97) x31 0x80012ec8
core   0: 0x80007ecc (0x6f0f8f93) addi    t6, t6, 1776
core   0: 3 0x80007ecc (0x6f0f8f93) x31 0x800135b8
core   0: 0x80007ed0 (0xff7fce83) lbu     t4, -9(t6)
core   0: 3 0x80007ed0 (0xff7fce83) x29 0x000000c6 mem 0x800135af
core   0: 0x80007ed4 (0xffbfc303) lbu     t1, -5(t6)
core   0: 3 0x80007ed4 (0xffbfc303) x6  0x000000d4 mem 0x800135b3
core   0: 0x80007ed8 (0x00ffce03) lbu     t3, 15(t6)
core   0: 3 0x80007ed8 (0x00ffce03) x28 0x000000bb mem 0x800135c7
core   0: 0x80007edc (0x2b88b993) sltiu   s3, a7, 696
core   0: 3 0x80007edc (0x2b88b993) x19 0x00000001
core   0: 0x80007ee0 (0xff6fd603) lhu     a2, -10(t6)
core   0: 3 0x80007ee0 (0xff6fd603) x12 0x0000c6dd mem 0x800135ae
core   0: 0x80007ee4 (0xff5fc603) lbu     a2, -11(t6)
core   0: 3 0x80007ee4 (0xff5fc603) x12 0x00000045 mem 0x800135ad
core   0: 0x80007ee8 (0x00008b2e) c.mv    s6, a1
core   0: 3 0x80007ee8 (0x8b2e) x22 0x00000001
core   0: 0x80007eea (0x02714833) div     a6, sp, t2
core   0: 3 0x80007eea (0x02714833) x16 0x00000000
core   0: 0x80007eee (0xffff8303) lb      t1, -1(t6)
core   0: 3 0x80007eee (0xffff8303) x6  0x0000001c mem 0x800135b7
core   0: 0x80007ef2 (0x6b573193) sltiu   gp, a4, 1717
core   0: 3 0x80007ef2 (0x6b573193) x3  0x00000001
core   0: 0x80007ef6 (0xc58e7813) andi    a6, t3, -936
core   0: 3 0x80007ef6 (0xc58e7813) x16 0x00000018
core   0: 0x80007efa (0xff8fac83) lw      s9, -8(t6)
core   0: 3 0x80007efa (0xff8fac83) x25 0xd498da6e mem 0x800135b0
core   0: 0x80007efe (0xfe0f9a23) sh      zero, -12(t6)
core   0: 3 0x80007efe (0xfe0f9a23) mem 0x800135ac 0x0000
core   0: 0x80007f02 (0xffdf8da3) sb      t4, -5(t6)
core   0: 3 0x80007f02 (0xffdf8da3) mem 0x800135b3 0xc6
core   0: 0x80007f06 (0x009f8b03) lb      s6, 9(t6)
core   0: 3 0x80007f06 (0x009f8b03) x22 0xffffff84 mem 0x800135c1
core   0: 0x80007f0a (0x00cfdc83) lhu     s9, 12(t6)
core   0: 3 0x80007f0a (0x00cfdc83) x25 0x00003c90 mem 0x800135c4
core   0: 0x80007f0e (0xff2f8fa3) sb      s2, -1(t6)
core   0: 3 0x80007f0e (0xff2f8fa3) mem 0x800135b7 0x06
core   0: 0x80007f12 (0x001fcc03) lbu     s8, 1(t6)
core   0: 3 0x80007f12 (0x001fcc03) x24 0x0000002e mem 0x800135b9
core   0: 0x80007f16 (0x00df8023) sb      a3, 0(t6)
core   0: 3 0x80007f16 (0x00df8023) mem 0x800135b8 0x50
core   0: 0x80007f1a (0x001ad413) srli    s0, s5, 1
core   0: 3 0x80007f1a (0x001ad413) x8  0x00000000
core   0: 0x80007f1e (0x006fd183) lhu     gp, 6(t6)
core   0: 3 0x80007f1e (0x006fd183) x3  0x0000e941 mem 0x800135be
core   0: 0x80007f22 (0x004ea533) slt     a0, t4, tp
core   0: 3 0x80007f22 (0x004ea533) x10 0x00000000
core   0: 0x80007f26 (0x8abae313) ori     t1, s5, -1877
core   0: 3 0x80007f26 (0x8abae313) x6  0xfffff8ab
core   0: 0x80007f2a (0xfebf8823) sb      a1, -16(t6)
core   0: 3 0x80007f2a (0xfebf8823) mem 0x800135a8 0x01
core   0: 0x80007f2e (0x01cf81a3) sb      t3, 3(t6)
core   0: 3 0x80007f2e (0x01cf81a3) mem 0x800135bb 0xbb
core   0: 0x80007f32 (0xff7f8903) lb      s2, -9(t6)
core   0: 3 0x80007f32 (0xff7f8903) x18 0xffffffc6 mem 0x800135af
core   0: 0x80007f36 (0x0000091e) c.slli  s2, 7
core   0: 3 0x80007f36 (0x091e) x18 0xffffe300
core   0: 0x80007f38 (0x019f81a3) sb      s9, 3(t6)
core   0: 3 0x80007f38 (0x019f81a3) mem 0x800135bb 0x90
core   0: 0x80007f3c (0x005fc803) lbu     a6, 5(t6)
core   0: 3 0x80007f3c (0x005fc803) x16 0x000000d8 mem 0x800135bd
core   0: 0x80007f40 (0xfeafac23) sw      a0, -8(t6)
core   0: 3 0x80007f40 (0xfeafac23) mem 0x800135b0 0x00000000
core   0: 0x80007f44 (0x000010fd) c.addi  ra, -1
core   0: 3 0x80007f44 (0x10fd) x1  0xf7a6ffff
core   0: 0x80007f46 (0xff0fae03) lw      t3, -16(t6)
core   0: 3 0x80007f46 (0xff0fae03) x28 0xafc7b101 mem 0x800135a8
core   0: 0x80007f4a (0x00dfca83) lbu     s5, 13(t6)
core   0: 3 0x80007f4a (0x00dfca83) x21 0x0000003c mem 0x800135c5
core   0: 0x80007f4e (0x004f5893) srli    a7, t5, 4
core   0: 3 0x80007f4e (0x004f5893) x17 0x00000000
core   0: 0x80007f52 (0x00bf8583) lb      a1, 11(t6)
core   0: 3 0x80007f52 (0x00bf8583) x11 0xffffff93 mem 0x800135c3
core   0: 0x80007f56 (0x00008ec1) c.or    a3, s0
core   0: 3 0x80007f56 (0x8ec1) x13 0x00000050
core   0: 0x80007f58 (0xff4f88a3) sb      s4, -15(t6)
core   0: 3 0x80007f58 (0xff4f88a3) mem 0x800135a9 0x01
core   0: 0x80007f5c (0x0000470d) c.li    a4, 3
core   0: 3 0x80007f5c (0x470d) x14 0x00000003
core   0: 0x80007f5e (0x00000001) c.nop
core   0: 3 0x80007f5e (0x0001)
core   0: 0x80007f60 (0x00000001) c.nop
core   0: 3 0x80007f60 (0x0001)
core   0: 0x80007f62 (0x00008e51) c.or    a2, a2
core   0: 3 0x80007f62 (0x8e51) x12 0x00000045
core   0: 0x80007f64 (0x02987f33) remu    t5, a6, s1
core   0: 3 0x80007f64 (0x02987f33) x30 0x00000008
core   0: 0x80007f68 (0x02924f33) div     t5, tp, s1
core   0: 3 0x80007f68 (0x02924f33) x30 0xff7a7000
core   0: 0x80007f6c (0x00001775) c.addi  a4, -3
core   0: 3 0x80007f6c (0x1775) x14 0x00000000
core   0: 0x80007f6e (0x01ed1bb3) sll     s7, s10, t5
core   0: 3 0x80007f6e (0x01ed1bb3) x23 0x0000ab01
core   0: 0x80007f72 (0x010389b3) add     s3, t2, a6
core   0: 3 0x80007f72 (0x010389b3) x19 0x80025f10
core   0: 0x80007f76 (0x0000d77d) c.beqz  a4, pc - 18
core   0: 3 0x80007f76 (0xd77d)
core   0: 0x80007f64 (0x02987f33) remu    t5, a6, s1
core   0: 3 0x80007f64 (0x02987f33) x30 0x00000008
core   0: 0x80007f68 (0x02924f33) div     t5, tp, s1
core   0: 3 0x80007f68 (0x02924f33) x30 0xff7a7000
core   0: 0x80007f6c (0x00001775) c.addi  a4, -3
core   0: 3 0x80007f6c (0x1775) x14 0xfffffffd
core   0: 0x80007f6e (0x01ed1bb3) sll     s7, s10, t5
core   0: 3 0x80007f6e (0x01ed1bb3) x23 0x0000ab01
core   0: 0x80007f72 (0x010389b3) add     s3, t2, a6
core   0: 3 0x80007f72 (0x010389b3) x19 0x80025f10
core   0: 0x80007f76 (0x0000d77d) c.beqz  a4, pc - 18
core   0: 3 0x80007f76 (0xd77d)
core   0: 0x80007f78 (0x00000001) c.nop
core   0: 3 0x80007f78 (0x0001)
core   0: 0x80007f7a (0x00018517) auipc   a0, 0x18
core   0: 3 0x80007f7a (0x00018517) x10 0x8001ff7a
core   0: 0x80007f7e (0xa1450513) addi    a0, a0, -1516
core   0: 3 0x80007f7e (0xa1450513) x10 0x8001f98e
core   0: 0x80007f82 (0x01352923) sw      s3, 18(a0)
core   0: 3 0x80007f82 (0x01352923) mem 0x8001f9a0 0x80025f10
core   0: 0x80007f86 (0x01255083) lhu     ra, 18(a0)
core   0: 3 0x80007f86 (0x01255083) x1  0x00005f10 mem 0x8001f9a0
core   0: 0x80007f8a (0x00008f3d) c.xor   a4, a5
core   0: 3 0x80007f8a (0x8f3d) x14 0x7ffffffd
core   0: 0x80007f8c (0x01252d03) lw      s10, 18(a0)
core   0: 3 0x80007f8c (0x01252d03) x26 0x80025f10 mem 0x8001f9a0
core   0: 0x80007f90 (0x00950923) sb      s1, 18(a0)
core   0: 3 0x80007f90 (0x00950923) mem 0x8001f9a0 0x10
core   0: 0x80007f94 (0x00451923) sh      tp, 18(a0)
core   0: 3 0x80007f94 (0x00451923) mem 0x8001f9a0 0x0000
core   0: 0x80007f98 (0x01250403) lb      s0, 18(a0)
core   0: 3 0x80007f98 (0x01250403) x8  0x00000000 mem 0x8001f9a0
core   0: 0x80007f9c (0x00b51923) sh      a1, 18(a0)
core   0: 3 0x80007f9c (0x00b51923) mem 0x8001f9a0 0xff93
core   0: 0x80007fa0 (0x00952923) sw      s1, 18(a0)
core   0: 3 0x80007fa0 (0x00952923) mem 0x8001f9a0 0x00000010
core   0: 0x80007fa4 (0x01254903) lbu     s2, 18(a0)
core   0: 3 0x80007fa4 (0x01254903) x18 0x00000010 mem 0x8001f9a0
core   0: 0x80007fa8 (0xfe850683) lb      a3, -24(a0)
core   0: 3 0x80007fa8 (0xfe850683) x13 0xffffff93 mem 0x8001f976
core   0: 0x80007fac (0xff951423) sh      s9, -24(a0)
core   0: 3 0x80007fac (0xff951423) mem 0x8001f976 0x3c90
core   0: 0x80007fb0 (0xfe854183) lbu     gp, -24(a0)
core   0: 3 0x80007fb0 (0xfe854183) x3  0x00000090 mem 0x8001f976
core   0: 0x80007fb4 (0xff851423) sh      s8, -24(a0)
core   0: 3 0x80007fb4 (0xff851423) mem 0x8001f976 0x002e
core   0: 0x80007fb8 (0x01a30033) add     zero, t1, s10
core   0: 3 0x80007fb8 (0x01a30033)
core   0: 0x80007fbc (0xffb50423) sb      s11, -24(a0)
core   0: 3 0x80007fbc (0xffb50423) mem 0x8001f976 0x01
core   0: 0x80007fc0 (0xfe851c03) lh      s8, -24(a0)
core   0: 3 0x80007fc0 (0xfe851c03) x24 0x00000001 mem 0x8001f976
core   0: 0x80007fc4 (0x00008217) auipc   tp, 0x8
core   0: 3 0x80007fc4 (0x00008217) x4  0x8000ffc4
core   0: 0x80007fc8 (0x4a420213) addi    tp, tp, 1188
core   0: 3 0x80007fc8 (0x4a420213) x4  0x80010468
core   0: 0x80007fcc (0xf8e24e03) lbu     t3, -114(tp)
core   0: 3 0x80007fcc (0xf8e24e03) x28 0x00000010 mem 0x800103f6
core   0: 0x80007fd0 (0x0339a2b3) mulhsu  t0, s3, s3
core   0: 3 0x80007fd0 (0x0339a2b3) x5  0xc0000005
core   0: 0x80007fd4 (0x00000e1a) c.slli  t3, 6
core   0: 3 0x80007fd4 (0x0e1a) x28 0x00000400
core   0: 0x80007fd6 (0x0bc20423) sb      t3, 168(tp)
core   0: 3 0x80007fd6 (0x0bc20423) mem 0x80010510 0x00
core   0: 0x80007fda (0x6a825983) lhu     s3, 1704(tp)
core   0: 3 0x80007fda (0x6a825983) x19 0x000098d4 mem 0x80010b10
core   0: 0x80007fde (0x51820403) lb      s0, 1304(tp)
core   0: 3 0x80007fde (0x51820403) x8  0x00000061 mem 0x80010980
core   0: 0x80007fe2 (0x10124e03) lbu     t3, 257(tp)
core   0: 3 0x80007fe2 (0x10124e03) x28 0x00000027 mem 0x80010569
core   0: 0x80007fe6 (0xaffe0e13) addi    t3, t3, -1281
core   0: 3 0x80007fe6 (0xaffe0e13) x28 0xfffffb26
core   0: 0x80007fea (0x13c20ca3) sb      t3, 313(tp)
core   0: 3 0x80007fea (0x13c20ca3) mem 0x800105a1 0x26
core   0: 0x80007fee (0x028989b3) mul     s3, s3, s0
core   0: 3 0x80007fee (0x028989b3) x19 0x0039e854
core   0: 0x80007ff2 (0x42820ca3) sb      s0, 1081(tp)
core   0: 3 0x80007ff2 (0x42820ca3) mem 0x800108a1 0x61
core   0: 0x80007ff6 (0x000099a2) c.add   s3, s0
core   0: 3 0x80007ff6 (0x99a2) x19 0x0039e8b5
core   0: 0x80007ff8 (0x5b621403) lh      s0, 1462(tp)
core   0: 3 0x80007ff8 (0x5b621403) x8  0x00003077 mem 0x80010a1e
core   0: 0x80007ffc (0x47c21823) sh      t3, 1136(tp)
core   0: 3 0x80007ffc (0x47c21823) mem 0x800108d8 0xfb26
core   0: 0x80008000 (0x00e99613) slli    a2, s3, 14
core   0: 3 0x80008000 (0x00e99613) x12 0x7a2d4000
core   0: 0x80008004 (0x14720983) lb      s3, 327(tp)
core   0: 3 0x80008004 (0x14720983) x19 0x00000066 mem 0x800105af
core   0: 0x80008008 (0x0a324983) lbu     s3, 163(tp)
core   0: 3 0x80008008 (0x0a324983) x19 0x00000000 mem 0x8001050b
core   0: 0x8000800c (0x7de20403) lb      s0, 2014(tp)
core   0: 3 0x8000800c (0x7de20403) x8  0xffffffe4 mem 0x80010c46
core   0: 0x80008010 (0x4c225e03) lhu     t3, 1218(tp)
core   0: 3 0x80008010 (0x4c225e03) x28 0x00006534 mem 0x8001092a
core   0: 0x80008014 (0x00008a59) c.andi  a2, 22
core   0: 3 0x80008014 (0x8a59) x12 0x00000000
core   0: 0x80008016 (0x0000547d) c.li    s0, -1
core   0: 3 0x80008016 (0x547d) x8  0xffffffff
core   0: 0x80008018 (0x44c21a23) sh      a2, 1108(tp)
core   0: 3 0x80008018 (0x44c21a23) mem 0x800108bc 0x0000
core   0: 0x8000801c (0x0f924983) lbu     s3, 249(tp)
core   0: 3 0x8000801c (0x0f924983) x19 0x00000081 mem 0x80010561
core   0: 0x80008020 (0x71b24983) lbu     s3, 1819(tp)
core   0: 3 0x80008020 (0x71b24983) x19 0x00000070 mem 0x80010b83
core   0: 0x80008024 (0x00008639) c.srai  a2, 14
core   0: 3 0x80008024 (0x8639) x12 0x00000000
core   0: 0x80008026 (0x2ed5e613) ori     a2, a1, 749
core   0: 3 0x80008026 (0x2ed5e613) x12 0xffffffff
core   0: 0x8000802a (0x0c124e03) lbu     t3, 193(tp)
core   0: 3 0x8000802a (0x0c124e03) x28 0x000000e1 mem 0x80010529
core   0: 0x8000802e (0x5b3200a3) sb      s3, 1441(tp)
core   0: 3 0x8000802e (0x5b3200a3) mem 0x80010a09 0x70
core   0: 0x80008032 (0x1be21583) lh      a1, 446(tp)
core   0: 3 0x80008032 (0x1be21583) x11 0x000068f2 mem 0x80010626
core   0: 0x80008036 (0x29c20623) sb      t3, 652(tp)
core   0: 3 0x80008036 (0x29c20623) mem 0x800106f4 0xe1
core   0: 0x8000803a (0x4f425283) lhu     t0, 1268(tp)
core   0: 3 0x8000803a (0x4f425283) x5  0x0000e8e1 mem 0x8001095c
core   0: 0x8000803e (0x508207a3) sb      s0, 1295(tp)
core   0: 3 0x8000803e (0x508207a3) mem 0x80010977 0xff
core   0: 0x80008042 (0x76820b23) sb      s0, 1910(tp)
core   0: 3 0x80008042 (0x76820b23) mem 0x80010bde 0xff
core   0: 0x80008046 (0x0000029a) c.slli  t0, 6
core   0: 3 0x80008046 (0x029a) x5  0x003a3840
core   0: 0x80008048 (0x37924e03) lbu     t3, 889(tp)
core   0: 3 0x80008048 (0x37924e03) x28 0x00000023 mem 0x800107e1
core   0: 0x8000804c (0x1f3d19b7) lui     s3, 0x1f3d1
core   0: 3 0x8000804c (0x1f3d19b7) x19 0x1f3d1000
core   0: 0x80008050 (0xb89a7297) auipc   t0, 0xb89a7
core   0: 3 0x80008050 (0xb89a7297) x5  0x389af050
core   0: 0x80008054 (0xc8724583) lbu     a1, -889(tp)
core   0: 3 0x80008054 (0xc8724583) x11 0x000000fe mem 0x800100ef
core   0: 0x80008058 (0x26b209a3) sb      a1, 627(tp)
core   0: 3 0x80008058 (0x26b209a3) mem 0x800106db 0xfe
core   0: 0x8000805c (0x00008e2d) c.xor   a2, a1
core   0: 3 0x8000805c (0x8e2d) x12 0xffffff01
core   0: 0x8000805e (0x43422403) lw      s0, 1076(tp)
core   0: 3 0x8000805e (0x43422403) x8  0xfffff800 mem 0x8001089c
core   0: 0x80008062 (0x00013a97) auipc   s5, 0x13
core   0: 3 0x80008062 (0x00013a97) x21 0x8001b062
core   0: 0x80008066 (0xe84a8a93) addi    s5, s5, -380
core   0: 3 0x80008066 (0xe84a8a93) x21 0x8001aee6
core   0: 0x8000806a (0xf22acb03) lbu     s6, -222(s5)
core   0: 3 0x8000806a (0xf22acb03) x22 0x0000003c mem 0x8001ae08
core   0: 0x8000806e (0x045a8183) lb      gp, 69(s5)
core   0: 3 0x8000806e (0x045a8183) x3  0x00000026 mem 0x8001af2b
core   0: 0x80008072 (0x034ac503) lbu     a0, 52(s5)
core   0: 3 0x80008072 (0x034ac503) x10 0x00000036 mem 0x8001af1a
core   0: 0x80008076 (0x0c3a8b83) lb      s7, 195(s5)
core   0: 3 0x80008076 (0x0c3a8b83) x23 0xffffffef mem 0x8001afa9
core   0: 0x8000807a (0x016a80a3) sb      s6, 1(s5)
core   0: 3 0x8000807a (0x016a80a3) mem 0x8001aee7 0x3c
core   0: 0x8000807e (0x41358f33) sub     t5, a1, s3
core   0: 3 0x8000807e (0x41358f33) x30 0xe0c2f0fe
core   0: 0x80008082 (0x0dca8b23) sb      t3, 214(s5)
core   0: 3 0x80008082 (0x0dca8b23) mem 0x8001afbc 0x23
core   0: 0x80008086 (0xcc404593) xori    a1, zero, -828
core   0: 3 0x80008086 (0xcc404593) x11 0xfffffcc4
core   0: 0x8000808a (0xf67a8403) lb      s0, -153(s5)
core   0: 3 0x8000808a (0xf67a8403) x8  0xffffffe3 mem 0x8001ae4d
core   0: 0x8000808e (0x00cacb83) lbu     s7, 12(s5)
core   0: 3 0x8000808e (0x00cacb83) x23 0x00000089 mem 0x8001aef2
core   0: 0x80008092 (0x0b3a8e23) sb      s3, 188(s5)
core   0: 3 0x80008092 (0x0b3a8e23) mem 0x8001afa2 0x00
core   0: 0x80008096 (0xf88a8883) lb      a7, -120(s5)
core   0: 3 0x80008096 (0xf88a8883) x17 0x00000011 mem 0x8001ae6e
core   0: 0x8000809a (0x016a8e23) sb      s6, 28(s5)
core   0: 3 0x8000809a (0x016a8e23) mem 0x8001af02 0x3c
core   0: 0x8000809e (0xfbface83) lbu     t4, -65(s5)
core   0: 3 0x8000809e (0xfbface83) x29 0x0000000d mem 0x8001aea5
core   0: 0x800080a2 (0x01639233) sll     tp, t2, s6
core   0: 3 0x800080a2 (0x01639233) x4  0x80000000
core   0: 0x800080a6 (0x0a3a87a3) sb      gp, 175(s5)
core   0: 3 0x800080a6 (0x0a3a87a3) mem 0x8001af95 0x26
core   0: 0x800080aa (0x01419933) sll     s2, gp, s4
core   0: 3 0x800080aa (0x01419933) x18 0x0000004c
core   0: 0x800080ae (0x0000557d) c.li    a0, -1
core   0: 3 0x800080ae (0x557d) x10 0xffffffff
core   0: 0x800080b0 (0x40e9de13) srai    t3, s3, 14
core   0: 3 0x800080b0 (0x40e9de13) x28 0x00007cf4
core   0: 0x800080b4 (0x074a8b83) lb      s7, 116(s5)
core   0: 3 0x800080b4 (0x074a8b83) x23 0xffffff88 mem 0x8001af5a
core   0: 0x800080b8 (0x00008305) c.srli  a4, 1
core   0: 3 0x800080b8 (0x8305) x14 0x3ffffffe
core   0: 0x800080ba (0x019b69b3) or      s3, s6, s9
core   0: 3 0x800080ba (0x019b69b3) x19 0x00003cbc
core   0: 0x800080be (0x0a5acc03) lbu     s8, 165(s5)
core   0: 3 0x800080be (0x0a5acc03) x24 0x0000008a mem 0x8001af8b
core   0: 0x800080c2 (0x0151b833) sltu    a6, gp, s5
core   0: 3 0x800080c2 (0x0151b833) x16 0x00000001
core   0: 0x800080c6 (0x01397bb3) and     s7, s2, s3
core   0: 3 0x800080c6 (0x01397bb3) x23 0x0000000c
core   0: 0x800080ca (0x0250a233) mulhsu  tp, ra, t0
core   0: 3 0x800080ca (0x0250a233) x4  0x00001505
core   0: 0x800080ce (0x0a6a8623) sb      t1, 172(s5)
core   0: 3 0x800080ce (0x0a6a8623) mem 0x8001af92 0xab
core   0: 0x800080d2 (0x086aaf83) lw      t6, 134(s5)
core   0: 3 0x800080d2 (0x086aaf83) x31 0xc9ad8e1f mem 0x8001af6c
core   0: 0x800080d6 (0xf85acb03) lbu     s6, -123(s5)
core   0: 3 0x800080d6 (0xf85acb03) x22 0x0000009c mem 0x8001ae6b
core   0: 0x800080da (0xfe8ac983) lbu     s3, -24(s5)
core   0: 3 0x800080da (0xfe8ac983) x19 0x00000011 mem 0x8001aece
core   0: 0x800080de (0x0faaa083) lw      ra, 250(s5)
core   0: 3 0x800080de (0x0faaa083) x1  0x7b3f2f91 mem 0x8001afe0
core   0: 0x800080e2 (0xf3ea9823) sh      t5, -208(s5)
core   0: 3 0x800080e2 (0xf3ea9823) mem 0x8001ae16 0xf0fe
core   0: 0x800080e6 (0x0f1a8b23) sb      a7, 246(s5)
core   0: 3 0x800080e6 (0x0f1a8b23) mem 0x8001afdc 0x11
core   0: 0x800080ea (0x068a9f03) lh      t5, 104(s5)
core   0: 3 0x800080ea (0x068a9f03) x30 0x00003bfa mem 0x8001af4e
core   0: 0x800080ee (0x40fc5233) sra     tp, s8, a5
core   0: 3 0x800080ee (0x40fc5233) x4  0x0000008a
core   0: 0x800080f2 (0xfa0ac183) lbu     gp, -96(s5)
core   0: 3 0x800080f2 (0xfa0ac183) x3  0x000000d2 mem 0x8001ae86
core   0: 0x800080f6 (0xf48ade03) lhu     t3, -184(s5)
core   0: 3 0x800080f6 (0xf48ade03) x28 0x00001599 mem 0x8001ae2e
core   0: 0x800080fa (0x00008417) auipc   s0, 0x8
core   0: 3 0x800080fa (0x00008417) x8  0x800100fa
core   0: 0x800080fe (0x50440413) addi    s0, s0, 1284
core   0: 3 0x800080fe (0x50440413) x8  0x800105fe
core   0: 0x80008102 (0xfe644b03) lbu     s6, -26(s0)
core   0: 3 0x80008102 (0xfe644b03) x22 0x000000d1 mem 0x800105e4
core   0: 0x80008106 (0x000088c1) c.andi  s1, 16
core   0: 3 0x80008106 (0x88c1) x9  0x00000010
core   0: 0x80008108 (0x692d0313) addi    t1, s10, 1682
core   0: 3 0x80008108 (0x692d0313) x6  0x800265a2
core   0: 0x8000810c (0x00004f05) c.li    t5, 1
core   0: 3 0x8000810c (0x4f05) x30 0x00000001
core   0: 0x8000810e (0xfe641003) lh      zero, -26(s0)
core   0: 3 0x8000810e (0xfe641003) mem 0x800105e4
core   0: 0x80008112 (0xffe42323) sw      t5, -26(s0)
core   0: 3 0x80008112 (0xffe42323) mem 0x800105e4 0x00000001
core   0: 0x80008116 (0xfc8404a3) sb      s0, -55(s0)
core   0: 3 0x80008116 (0xfc8404a3) mem 0x800105c7 0xfe
core   0: 0x8000811a (0x03340303) lb      t1, 51(s0)
core   0: 3 0x8000811a (0x03340303) x6  0xffffff8f mem 0x80010631
core   0: 0x8000811e (0x00b248b3) xor     a7, tp, a1
core   0: 3 0x8000811e (0x00b248b3) x17 0xfffffc4e
core   0: 0x80008122 (0x00d59b13) slli    s6, a1, 13
core   0: 3 0x80008122 (0x00d59b13) x22 0xff988000
core   0: 0x80008126 (0xfe841f83) lh      t6, -24(s0)
core   0: 3 0x80008126 (0xfe841f83) x31 0x00000000 mem 0x800105e6
core   0: 0x8000812a (0x40498db3) sub     s11, s3, tp
core   0: 3 0x8000812a (0x40498db3) x27 0xffffff87
core   0: 0x8000812e (0xfe841703) lh      a4, -24(s0)
core   0: 3 0x8000812e (0xfe841703) x14 0x00000000 mem 0x800105e6
core   0: 0x80008132 (0xfe844f83) lbu     t6, -24(s0)
core   0: 3 0x80008132 (0xfe844f83) x31 0x00000000 mem 0x800105e6
core   0: 0x80008136 (0xfe840583) lb      a1, -24(s0)
core   0: 3 0x80008136 (0xfe840583) x11 0x00000000 mem 0x800105e6
core   0: 0x8000813a (0xfe844183) lbu     gp, -24(s0)
core   0: 3 0x8000813a (0xfe844183) x3  0x00000000 mem 0x800105e6
core   0: 0x8000813e (0x0000059a) c.slli  a1, 6
core   0: 3 0x8000813e (0x059a) x11 0x00000000
core   0: 0x80008140 (0xfe845283) lhu     t0, -24(s0)
core   0: 3 0x80008140 (0xfe845283) x5  0x00000000 mem 0x800105e6
core   0: 0x80008144 (0xfe844603) lbu     a2, -24(s0)
core   0: 3 0x80008144 (0xfe844603) x12 0x00000000 mem 0x800105e6
core   0: 0x80008148 (0xfe840b03) lb      s6, -24(s0)
core   0: 3 0x80008148 (0xfe840b03) x22 0x00000000 mem 0x800105e6
core   0: 0x8000814c (0xffb41423) sh      s11, -24(s0)
core   0: 3 0x8000814c (0xffb41423) mem 0x800105e6 0xff87
core   0: 0x80008150 (0xfe841283) lh      t0, -24(s0)
core   0: 3 0x80008150 (0xfe841283) x5  0xffffff87 mem 0x800105e6
core   0: 0x80008154 (0xfe940423) sb      s1, -24(s0)
core   0: 3 0x80008154 (0xfe940423) mem 0x800105e6 0x10
core   0: 0x80008158 (0x00009197) auipc   gp, 0x9
core   0: 3 0x80008158 (0x00009197) x3  0x80011158
core   0: 0x8000815c (0x81e18193) addi    gp, gp, -2018
core   0: 3 0x8000815c (0x81e18193) x3  0x80010976
core   0: 0x80008160 (0xfd419003) lh      zero, -44(gp)
core   0: 3 0x80008160 (0xfd419003) mem 0x8001094a
core   0: 0x80008164 (0x00008409) c.srai  s0, 2
core   0: 3 0x80008164 (0x8409) x8  0xe000417f
core   0: 0x80008166 (0x00006365) c.lui   t1, 0x19
core   0: 3 0x80008166 (0x6365) x6  0x00019000
core   0: 0x80008168 (0xfd418f83) lb      t6, -44(gp)
core   0: 3 0x80008168 (0xfd418f83) x31 0x00000011 mem 0x8001094a
core   0: 0x8000816c (0xfec18003) lb      zero, -20(gp)
core   0: 3 0x8000816c (0xfec18003) mem 0x80010962
core   0: 0x80008170 (0xfcd1c403) lbu     s0, -51(gp)
core   0: 3 0x80008170 (0xfcd1c403) x8  0x00000023 mem 0x80010943
core   0: 0x80008174 (0x00008965) c.andi  a0, 25
core   0: 3 0x80008174 (0x8965) x10 0x00000019
core   0: 0x80008176 (0x02819023) sh      s0, 32(gp)
core   0: 3 0x80008176 (0x02819023) mem 0x80010996 0x0023
core   0: 0x8000817a (0xfe41d503) lhu     a0, -28(gp)
core   0: 3 0x8000817a (0xfe41d503) x10 0x0000cb35 mem 0x8001095a
core   0: 0x8000817e (0x00008941) c.andi  a0, 16
core   0: 3 0x8000817e (0x8941) x10 0x00000010
core   0: 0x80008180 (0x00f1c303) lbu     t1, 15(gp)
core   0: 3 0x80008180 (0x00f1c303) x6  0x00000066 mem 0x80010985
core   0: 0x80008184 (0x00004429) c.li    s0, 10
core   0: 3 0x80008184 (0x4429) x8  0x0000000a
core   0: 0x80008186 (0xfd318423) sb      s3, -56(gp)
core   0: 3 0x80008186 (0xfd318423) mem 0x8001093e 0x11
core   0: 0x8000818a (0x0269c533) div     a0, s3, t1
core   0: 3 0x8000818a (0x0269c533) x10 0x00000000
core   0: 0x8000818e (0x0051c503) lbu     a0, 5(gp)
core   0: 3 0x8000818e (0x0051c503) x10 0x0000001e mem 0x8001097b
core   0: 0x80008192 (0x02036433) rem     s0, t1, zero
core   0: 3 0x80008192 (0x02036433) x8  0x00000066
core   0: 0x80008196 (0x03a19303) lh      t1, 58(gp)
core   0: 3 0x80008196 (0x03a19303) x6  0x00000e60 mem 0x800109b0
core   0: 0x8000819a (0x01f18fa3) sb      t6, 31(gp)
core   0: 3 0x8000819a (0x01f18fa3) mem 0x80010995 0x11
core   0: 0x8000819e (0xfdf1c303) lbu     t1, -33(gp)
core   0: 3 0x8000819e (0xfdf1c303) x6  0x000000f9 mem 0x80010955
core   0: 0x800081a2 (0x00008d61) c.and   a0, s0
core   0: 3 0x800081a2 (0x8d61) x10 0x00000006
core   0: 0x800081a4 (0xfdc1c983) lbu     s3, -36(gp)
core   0: 3 0x800081a4 (0xfdc1c983) x19 0x00000000 mem 0x80010952
core   0: 0x800081a8 (0x02819223) sh      s0, 36(gp)
core   0: 3 0x800081a8 (0x02819223) mem 0x8001099a 0x0066
core   0: 0x800081ac (0x03301333) mulh    t1, zero, s3
core   0: 3 0x800081ac (0x03301333) x6  0x00000000
core   0: 0x800081b0 (0xfe41c003) lbu     zero, -28(gp)
core   0: 3 0x800081b0 (0xfe41c003) mem 0x8001095a
core   0: 0x800081b4 (0xfd918503) lb      a0, -39(gp)
core   0: 3 0x800081b4 (0xfd918503) x10 0xffffffe8 mem 0x8001094f
core   0: 0x800081b8 (0x00a18aa3) sb      a0, 21(gp)
core   0: 3 0x800081b8 (0x00a18aa3) mem 0x8001098b 0xe8
core   0: 0x800081bc (0x71d32013) slti    zero, t1, 1821
core   0: 3 0x800081bc (0x71d32013)
core   0: 0x800081c0 (0x00000001) c.nop
core   0: 3 0x800081c0 (0x0001)
core   0: 0x800081c2 (0x00099333) sll     t1, s3, zero
core   0: 3 0x800081c2 (0x00099333) x6  0x00000000
core   0: 0x800081c6 (0x0271c003) lbu     zero, 39(gp)
core   0: 3 0x800081c6 (0x0271c003) mem 0x8001099d
core   0: 0x800081ca (0x020ff333) remu    t1, t6, zero
core   0: 3 0x800081ca (0x020ff333) x6  0x00000011
core   0: 0x800081ce (0x0000557d) c.li    a0, -1
core   0: 3 0x800081ce (0x557d) x10 0xffffffff
core   0: 0x800081d0 (0xfc318003) lb      zero, -61(gp)
core   0: 3 0x800081d0 (0xfc318003) mem 0x80010939
core   0: 0x800081d4 (0x48140313) addi    t1, s0, 1153
core   0: 3 0x800081d4 (0x48140313) x6  0x000004e7
core   0: 0x800081d8 (0x01f18ea3) sb      t6, 29(gp)
core   0: 3 0x800081d8 (0x01f18ea3) mem 0x80010993 0x11
core   0: 0x800081dc (0x01318b23) sb      s3, 22(gp)
core   0: 3 0x800081dc (0x01318b23) mem 0x8001098c 0x00
core   0: 0x800081e0 (0xfc018aa3) sb      zero, -43(gp)
core   0: 3 0x800081e0 (0xfc018aa3) mem 0x8001094b 0x00
core   0: 0x800081e4 (0x01b9d993) srli    s3, s3, 27
core   0: 3 0x800081e4 (0x01b9d993) x19 0x00000000
core   0: 0x800081e8 (0x01d1c403) lbu     s0, 29(gp)
core   0: 3 0x800081e8 (0x01d1c403) x8  0x00000011 mem 0x80010993
core   0: 0x800081ec (0xfc618ba3) sb      t1, -41(gp)
core   0: 3 0x800081ec (0xfc618ba3) mem 0x8001094d 0xe7
core   0: 0x800081f0 (0x0220036f) jal     t1, pc + 0x22
core   0: 3 0x800081f0 (0x0220036f) x6  0x800081f4
core   0: 0x80008212 (0x00003fcd) c.jal   pc - 14
core   0: 3 0x80008212 (0x3fcd) x1  0x80008214
core   0: 0x80008204 (0x0000a021) c.j     pc + 8
core   0: 3 0x80008204 (0xa021)
core   0: 0x8000820c (0x0000b7f5) c.j     pc - 20
core   0: 3 0x8000820c (0xb7f5)
core   0: 0x800081f8 (0x016000ef) jal     pc + 0x16
core   0: 3 0x800081f8 (0x016000ef) x1  0x800081fc
core   0: 0x8000820e (0xff5ff36f) jal     t1, pc - 0xc
core   0: 3 0x8000820e (0xff5ff36f) x6  0x80008212
core   0: 0x80008202 (0x00002819) c.jal   pc + 22
core   0: 3 0x80008202 (0x2819) x1  0x80008204
core   0: 0x80008218 (0x00003fcd) c.jal   pc - 14
core   0: 3 0x80008218 (0x3fcd) x1  0x8000821a
core   0: 0x8000820a (0x0000bfdd) c.j     pc - 10
core   0: 3 0x8000820a (0xbfdd)
core   0: 0x80008200 (0x00003fd5) c.jal   pc - 12
core   0: 3 0x80008200 (0x3fd5) x1  0x80008202
core   0: 0x800081f4 (0x008000ef) jal     pc + 0x8
core   0: 3 0x800081f4 (0x008000ef) x1  0x800081f8
core   0: 0x800081fc (0x01a0036f) jal     t1, pc + 0x1a
core   0: 3 0x800081fc (0x01a0036f) x6  0x80008200
core   0: 0x80008216 (0x0000a011) c.j     pc + 4
core   0: 3 0x80008216 (0xa011)
core   0: 0x8000821a (0xfedff0ef) jal     pc - 0x14
core   0: 3 0x8000821a (0xfedff0ef) x1  0x8000821e
core   0: 0x80008206 (0x00e0036f) jal     t1, pc + 0xe
core   0: 3 0x80008206 (0x00e0036f) x6  0x8000820a
core   0: 0x80008214 (0x00002029) c.jal   pc + 10
core   0: 3 0x80008214 (0x2029) x1  0x80008216
core   0: 0x8000821e (0x00f046b3) xor     a3, zero, a5
core   0: 3 0x8000821e (0x00f046b3) x13 0x80000000
core   0: 0x80008222 (0x00008997) auipc   s3, 0x8
core   0: 3 0x80008222 (0x00008997) x19 0x80010222
core   0: 0x80008226 (0x34b98993) addi    s3, s3, 843
core   0: 3 0x80008226 (0x34b98993) x19 0x8001056d
core   0: 0x8000822a (0x00006291) c.lui   t0, 0x4
core   0: 3 0x8000822a (0x6291) x5  0x00004000
core   0: 0x8000822c (0xff09c283) lbu     t0, -16(s3)
core   0: 3 0x8000822c (0xff09c283) x5  0x00000046 mem 0x8001055d
core   0: 0x80008230 (0x886c4d13) xori    s10, s8, -1914
core   0: 3 0x80008230 (0x886c4d13) x26 0xfffff80c
core   0: 0x80008234 (0xfff98ca3) sb      t6, -7(s3)
core   0: 3 0x80008234 (0xfff98ca3) mem 0x80010566 0x11
core   0: 0x80008238 (0x00b9c503) lbu     a0, 11(s3)
core   0: 3 0x80008238 (0x00b9c503) x10 0x00000020 mem 0x80010578
core   0: 0x8000823c (0x00000516) c.slli  a0, 5
core   0: 3 0x8000823c (0x0516) x10 0x00000400
core   0: 0x8000823e (0x00a9c603) lbu     a2, 10(s3)
core   0: 3 0x8000823e (0x00a9c603) x12 0x0000002e mem 0x80010577
core   0: 0x80008242 (0x00008275) c.srli  a2, 29
core   0: 3 0x80008242 (0x8275) x12 0x00000000
core   0: 0x80008244 (0x0029cd03) lbu     s10, 2(s3)
core   0: 3 0x80008244 (0x0029cd03) x26 0x00000056 mem 0x8001056f
core   0: 0x80008248 (0x00008371) c.srli  a4, 28
core   0: 3 0x80008248 (0x8371) x14 0x00000000
core   0: 0x8000824a (0x011970b3) and     ra, s2, a7
core   0: 3 0x8000824a (0x011970b3) x1  0x0000004c
core   0: 0x8000824e (0x00008ec9) c.or    a3, a0
core   0: 3 0x8000824e (0x8ec9) x13 0x80000400
core   0: 0x80008250 (0xffb9c583) lbu     a1, -5(s3)
core   0: 3 0x80008250 (0xffb9c583) x11 0x00000045 mem 0x80010568
core   0: 0x80008254 (0x0000825a) c.mv    tp, s6
core   0: 3 0x80008254 (0x825a) x4  0x00000000
core   0: 0x80008256 (0xfe598a23) sb      t0, -12(s3)
core   0: 3 0x80008256 (0xfe598a23) mem 0x80010561 0x46
core   0: 0x8000825a (0xffb98823) sb      s11, -16(s3)
core   0: 3 0x8000825a (0xffb98823) mem 0x8001055d 0x87
core   0: 0x8000825e (0xc38d2093) slti    ra, s10, -968
core   0: 3 0x8000825e (0xc38d2093) x1  0x00000000
core   0: 0x80008262 (0x00698803) lb      a6, 6(s3)
core   0: 3 0x80008262 (0x00698803) x16 0x0000001a mem 0x80010573
core   0: 0x80008266 (0x00f99b03) lh      s6, 15(s3)
core   0: 3 0x80008266 (0x00f99b03) x22 0x00000b86 mem 0x8001057c
core   0: 0x8000826a (0x03afd633) divu    a2, t6, s10
core   0: 3 0x8000826a (0x03afd633) x12 0x00000000
core   0: 0x8000826e (0xff198683) lb      a3, -15(s3)
core   0: 3 0x8000826e (0xff198683) x13 0xfffffff8 mem 0x8001055e
core   0: 0x80008272 (0x00b9ad83) lw      s11, 11(s3)
core   0: 3 0x80008272 (0x00b9ad83) x27 0x5f16d620 mem 0x80010578
core   0: 0x80008276 (0x0179a1a3) sw      s7, 3(s3)
core   0: 3 0x80008276 (0x0179a1a3) mem 0x80010570 0x0000000c
core   0: 0x8000827a (0xff598823) sb      s5, -16(s3)
core   0: 3 0x8000827a (0xff598823) mem 0x8001055d 0xe6
core   0: 0x8000827e (0x000045bd) c.li    a1, 15
core   0: 3 0x8000827e (0x45bd) x11 0x0000000f
core   0: 0x80008280 (0xfe298923) sb      sp, -14(s3)
core   0: 3 0x80008280 (0xfe298923) mem 0x8001055f 0x24
core   0: 0x80008284 (0xf9b0e893) ori     a7, ra, -101
core   0: 3 0x80008284 (0xf9b0e893) x17 0xffffff9b
core   0: 0x80008288 (0x014ed533) srl     a0, t4, s4
core   0: 3 0x80008288 (0x014ed533) x10 0x00000006
core   0: 0x8000828c (0x010c31b3) sltu    gp, s8, a6
core   0: 3 0x8000828c (0x010c31b3) x3  0x00000000
core   0: 0x80008290 (0xffa98703) lb      a4, -6(s3)
core   0: 3 0x80008290 (0xffa98703) x14 0x0000006e mem 0x80010567
core   0: 0x80008294 (0x0099cd83) lbu     s11, 9(s3)
core   0: 3 0x80008294 (0x0099cd83) x27 0x0000001c mem 0x80010576
core   0: 0x80008298 (0xff498503) lb      a0, -12(s3)
core   0: 3 0x80008298 (0xff498503) x10 0x00000046 mem 0x80010561
core   0: 0x8000829c (0x00008ed1) c.or    a3, a2
core   0: 3 0x8000829c (0x8ed1) x13 0xfffffff8
core   0: 0x8000829e (0xfff9ca83) lbu     s5, -1(s3)
core   0: 3 0x8000829e (0xfff9ca83) x21 0x0000007a mem 0x8001056c
core   0: 0x800082a2 (0x00e9ca83) lbu     s5, 14(s3)
core   0: 3 0x800082a2 (0x00e9ca83) x21 0x0000005f mem 0x8001057b
core   0: 0x800082a6 (0x004990a3) sh      tp, 1(s3)
core   0: 3 0x800082a6 (0x004990a3) mem 0x8001056e 0x0000
core   0: 0x800082aa (0x00008f17) auipc   t5, 0x8
core   0: 3 0x800082aa (0x00008f17) x30 0x800102aa
core   0: 0x800082ae (0xf0bf0f13) addi    t5, t5, -245
core   0: 3 0x800082ae (0xf0bf0f13) x30 0x800101b5
core   0: 0x800082b2 (0x00008e69) c.and   a2, a0
core   0: 3 0x800082b2 (0x8e69) x12 0x00000000
core   0: 0x800082b4 (0x139f0523) sb      s9, 298(t5)
core   0: 3 0x800082b4 (0x139f0523) mem 0x800102df 0x90
core   0: 0x800082b8 (0x00004281) c.li    t0, 0
core   0: 3 0x800082b8 (0x4281) x5  0x00000000
core   0: 0x800082ba (0x01235b13) srli    s6, t1, 18
core   0: 3 0x800082ba (0x01235b13) x22 0x00002000
core   0: 0x800082be (0x12af0603) lb      a2, 298(t5)
core   0: 3 0x800082be (0x12af0603) x12 0xffffff90 mem 0x800102df
core   0: 0x800082c2 (0x4f3f4c03) lbu     s8, 1267(t5)
core   0: 3 0x800082c2 (0x4f3f4c03) x24 0x00000040 mem 0x800106a8
core   0: 0x800082c6 (0x00000eea) c.slli  t4, 26
core   0: 3 0x800082c6 (0x0eea) x29 0x34000000
core   0: 0x800082c8 (0x3cff1e03) lh      t3, 975(t5)
core   0: 3 0x800082c8 (0x3cff1e03) x28 0xffffa456 mem 0x80010584
core   0: 0x800082cc (0xfbaf0283) lb      t0, -70(t5)
core   0: 3 0x800082cc (0xfbaf0283) x5  0xffffff98 mem 0x8001016f
core   0: 0x800082d0 (0xec2f4603) lbu     a2, -318(t5)
core   0: 3 0x800082d0 (0xec2f4603) x12 0x00000014 mem 0x80010077
core   0: 0x800082d4 (0xeedf0423) sb      a3, -280(t5)
core   0: 3 0x800082d4 (0xeedf0423) mem 0x8001009d 0xf8
core   0: 0x800082d8 (0xee7f0423) sb      t2, -280(t5)
core   0: 3 0x800082d8 (0xee7f0423) mem 0x8001009d 0x38
core   0: 0x800082dc (0x2adf16a3) sh      a3, 685(t5)
core   0: 3 0x800082dc (0x2adf16a3) mem 0x80010462 0xfff8
core   0: 0x800082e0 (0x2adf0d03) lb      s10, 685(t5)
core   0: 3 0x800082e0 (0x2adf0d03) x26 0xfffffff8 mem 0x80010462
core   0: 0x800082e4 (0xca433d13) sltiu   s10, t1, -860
core   0: 3 0x800082e4 (0xca433d13) x26 0x00000001
core   0: 0x800082e8 (0x2adf0683) lb      a3, 685(t5)
core   0: 3 0x800082e8 (0x2adf0683) x13 0xfffffff8 mem 0x80010462
core   0: 0x800082ec (0x2adf0b83) lb      s7, 685(t5)
core   0: 3 0x800082ec (0x2adf0b83) x23 0xfffffff8 mem 0x80010462
core   0: 0x800082f0 (0x2c5f4083) lbu     ra, 709(t5)
core   0: 3 0x800082f0 (0x2c5f4083) x1  0x000000a7 mem 0x8001047a
core   0: 0x800082f4 (0x419f5e83) lhu     t4, 1049(t5)
core   0: 3 0x800082f4 (0x419f5e83) x29 0x0000c65c mem 0x800105ce
core   0: 0x800082f8 (0x4b3f10a3) sh      s3, 1185(t5)
core   0: 3 0x800082f8 (0x4b3f10a3) mem 0x80010656 0x056d
core   0: 0x800082fc (0x452f0e03) lb      t3, 1106(t5)
core   0: 3 0x800082fc (0x452f0e03) x28 0xfffffffa mem 0x80010607
core   0: 0x80008300 (0x471f00a3) sb      a7, 1121(t5)
core   0: 3 0x80008300 (0x471f00a3) mem 0x80010616 0x9b
core   0: 0x80008304 (0x00008a17) auipc   s4, 0x8
core   0: 3 0x80008304 (0x00008a17) x20 0x80010304
core   0: 0x80008308 (0xe93a0a13) addi    s4, s4, -365
core   0: 3 0x80008308 (0xe93a0a13) x20 0x80010197
core   0: 0x8000830c (0x19da1a83) lh      s5, 413(s4)
core   0: 3 0x8000830c (0x19da1a83) x21 0x000011f8 mem 0x80010334
core   0: 0x80008310 (0x7a8a0483) lb      s1, 1960(s4)
core   0: 3 0x80008310 (0x7a8a0483) x9  0x00000002 mem 0x8001093f
core   0: 0x80008314 (0x015aa1b3) slt     gp, s5, s5
core   0: 3 0x80008314 (0x015aa1b3) x3  0x00000000
core   0: 0x80008318 (0x000081b6) c.mv    gp, a3
core   0: 3 0x80008318 (0x81b6) x3  0xfffffff8
core   0: 0x8000831a (0x0f6a0683) lb      a3, 246(s4)
core   0: 3 0x8000831a (0x0f6a0683) x13 0x00000011 mem 0x8001028d
core   0: 0x8000831e (0x01619a93) slli    s5, gp, 22
core   0: 3 0x8000831e (0x01619a93) x21 0xfe000000
core   0: 0x80008322 (0x00b1d893) srli    a7, gp, 11
core   0: 3 0x80008322 (0x00b1d893) x17 0x001fffff
core   0: 0x80008326 (0xc7a48e13) addi    t3, s1, -902
core   0: 3 0x80008326 (0xc7a48e13) x28 0xfffffc7c
core   0: 0x8000832a (0x41ce06b3) sub     a3, t3, t3
core   0: 3 0x8000832a (0x41ce06b3) x13 0x00000000
core   0: 0x8000832e (0x000008f5) c.addi  a7, 29
core   0: 3 0x8000832e (0x08f5) x17 0x0020001c
core   0: 0x80008330 (0x00d6be33) sltu    t3, a3, a3
core   0: 3 0x80008330 (0x00d6be33) x28 0x00000000
core   0: 0x80008334 (0x00008e46) c.mv    t3, a7
core   0: 3 0x80008334 (0x8e46) x28 0x0020001c
core   0: 0x80008336 (0x35ca1da3) sh      t3, 859(s4)
core   0: 3 0x80008336 (0x35ca1da3) mem 0x800104f2 0x001c
core   0: 0x8000833a (0x401e5893) srai    a7, t3, 1
core   0: 3 0x8000833a (0x401e5893) x17 0x0010000e
core   0: 0x8000833e (0x73a0a1b7) lui     gp, 0x73a0a
core   0: 3 0x8000833e (0x73a0a1b7) x3  0x73a0a000
core   0: 0x80008342 (0x091a4e03) lbu     t3, 145(s4)
core   0: 3 0x80008342 (0x091a4e03) x28 0x00000092 mem 0x80010228
core   0: 0x80008346 (0x00006af5) c.lui   s5, 0x1d
core   0: 3 0x80008346 (0x6af5) x21 0x0001d000
core   0: 0x80008348 (0x0354c1b3) div     gp, s1, s5
core   0: 3 0x80008348 (0x0354c1b3) x3  0x00000000
core   0: 0x8000834c (0x6faa0e03) lb      t3, 1786(s4)
core   0: 3 0x8000834c (0x6faa0e03) x28 0xffffffed mem 0x80010891
core   0: 0x80008350 (0xed9a1483) lh      s1, -295(s4)
core   0: 3 0x80008350 (0xed9a1483) x9  0xffffa960 mem 0x80010070
core   0: 0x80008354 (0x4c91ba93) sltiu   s5, gp, 1225
core   0: 3 0x80008354 (0x4c91ba93) x21 0x00000001
core   0: 0x80008358 (0x0d5a5183) lhu     gp, 213(s4)
core   0: 3 0x80008358 (0x0d5a5183) x3  0x0000f18f mem 0x8001026c
core   0: 0x8000835c (0x21da1a83) lh      s5, 541(s4)
core   0: 3 0x8000835c (0x21da1a83) x21 0x00000238 mem 0x800103b4
core   0: 0x80008360 (0xfb1a0523) sb      a7, -86(s4)
core   0: 3 0x80008360 (0xfb1a0523) mem 0x80010141 0x0e
core   0: 0x80008364 (0x615a2683) lw      a3, 1557(s4)
core   0: 3 0x80008364 (0x615a2683) x13 0xf3384ce5 mem 0x800107ac
core   0: 0x80008368 (0x00d4f1b3) and     gp, s1, a3
core   0: 3 0x80008368 (0x00d4f1b3) x3  0xf3380860
core   0: 0x8000836c (0x1a1a2683) lw      a3, 417(s4)
core   0: 3 0x8000836c (0x1a1a2683) x13 0x2f1d3513 mem 0x80010338
core   0: 0x80008370 (0x035ad4b3) divu    s1, s5, s5
core   0: 3 0x80008370 (0x035ad4b3) x9  0x00000001
core   0: 0x80008374 (0x0034ee33) or      t3, s1, gp
core   0: 3 0x80008374 (0x0034ee33) x28 0xf3380861
core   0: 0x80008378 (0x4141d893) srai    a7, gp, 20
core   0: 3 0x80008378 (0x4141d893) x17 0xffffff33
core   0: 0x8000837c (0x5ada0fa3) sb      a3, 1471(s4)
core   0: 3 0x8000837c (0x5ada0fa3) mem 0x80010756 0x13
core   0: 0x80008380 (0x0116d1b3) srl     gp, a3, a7
core   0: 3 0x80008380 (0x0116d1b3) x3  0x000005e3
core   0: 0x80008384 (0x448e6893) ori     a7, t3, 1096
core   0: 3 0x80008384 (0x448e6893) x17 0xf3380c69
core   0: 0x80008388 (0x000001b1) c.addi  gp, 12
core   0: 3 0x80008388 (0x01b1) x3  0x000005ef
core   0: 0x8000838a (0x009ab6b3) sltu    a3, s5, s1
core   0: 3 0x8000838a (0x009ab6b3) x13 0x00000000
core   0: 0x8000838e (0xed1a0523) sb      a7, -310(s4)
core   0: 3 0x8000838e (0xed1a0523) mem 0x80010061 0x69
core   0: 0x80008392 (0x5e9a0f23) sb      s1, 1534(s4)
core   0: 3 0x80008392 (0x5e9a0f23) mem 0x80010795 0x01
core   0: 0x80008396 (0x284a0883) lb      a7, 644(s4)
core   0: 3 0x80008396 (0x284a0883) x17 0xffffffb2 mem 0x8001041b
core   0: 0x8000839a (0x01c49693) slli    a3, s1, 28
core   0: 3 0x8000839a (0x01c49693) x13 0x10000000
core   0: 0x8000839e (0xd438c193) xori    gp, a7, -701
core   0: 3 0x8000839e (0xd438c193) x3  0x000002f1
core   0: 0x800083a2 (0x591a2aa3) sw      a7, 1429(s4)
core   0: 3 0x800083a2 (0x591a2aa3) mem 0x8001072c 0xffffffb2
core   0: 0x800083a6 (0x463a0da3) sb      gp, 1147(s4)
core   0: 3 0x800083a6 (0x463a0da3) mem 0x80010612 0xf1
core   0: 0x800083aa (0x111a0923) sb      a7, 274(s4)
core   0: 3 0x800083aa (0x111a0923) mem 0x800102a9 0xb2
core   0: 0x800083ae (0xb7815497) auipc   s1, 0xb7815
core   0: 3 0x800083ae (0xb7815497) x9  0x3781d3ae
core   0: 0x800083b2 (0x7f1a1a83) lh      s5, 2033(s4)
core   0: 3 0x800083b2 (0x7f1a1a83) x21 0x00002ea3 mem 0x80010988
core   0: 0x800083b6 (0x00000001) c.nop
core   0: 3 0x800083b6 (0x0001)
core   0: 0x800083b8 (0x000098f2) c.add   a7, t3
core   0: 3 0x800083b8 (0x98f2) x17 0xf3380813
core   0: 0x800083ba (0x431a1483) lh      s1, 1073(s4)
core   0: 3 0x800083ba (0x431a1483) x9  0x00005582 mem 0x800105c8
core   0: 0x800083be (0x0111d893) srli    a7, gp, 17
core   0: 3 0x800083be (0x0111d893) x17 0x00000000
core   0: 0x800083c2 (0x713a1183) lh      gp, 1811(s4)
core   0: 3 0x800083c2 (0x713a1183) x3  0xffff84d9 mem 0x800108aa
core   0: 0x800083c6 (0x08da0ea3) sb      a3, 157(s4)
core   0: 3 0x800083c6 (0x08da0ea3) mem 0x80010234 0x00
core   0: 0x800083ca (0x00008ec5) c.or    a3, s1
core   0: 3 0x800083ca (0x8ec5) x13 0x10005582
core   0: 0x800083cc (0x338a4483) lbu     s1, 824(s4)
core   0: 3 0x800083cc (0x338a4483) x9  0x000000b4 mem 0x800104cf
core   0: 0x800083d0 (0x00012917) auipc   s2, 0x12
core   0: 3 0x800083d0 (0x00012917) x18 0x8001a3d0
core   0: 0x800083d4 (0xeef90913) addi    s2, s2, -273
core   0: 3 0x800083d4 (0xeef90913) x18 0x8001a2bf
core   0: 0x800083d8 (0xfff94a03) lbu     s4, -1(s2)
core   0: 3 0x800083d8 (0xfff94a03) x20 0x00000013 mem 0x8001a2be
core   0: 0x800083dc (0xffb91f83) lh      t6, -5(s2)
core   0: 3 0x800083dc (0xffb91f83) x31 0x00004fb4 mem 0x8001a2ba
core   0: 0x800083e0 (0xffb95d83) lhu     s11, -5(s2)
core   0: 3 0x800083e0 (0xffb95d83) x27 0x00004fb4 mem 0x8001a2ba
core   0: 0x800083e4 (0xffb90da3) sb      s11, -5(s2)
core   0: 3 0x800083e4 (0xffb90da3) mem 0x8001a2ba 0xb4
core   0: 0x800083e8 (0x00e94583) lbu     a1, 14(s2)
core   0: 3 0x800083e8 (0x00e94583) x11 0x0000009a mem 0x8001a2cd
core   0: 0x800083ec (0x40b20cb3) sub     s9, tp, a1
core   0: 3 0x800083ec (0x40b20cb3) x25 0xffffff66
core   0: 0x800083f0 (0x00008f32) c.mv    t5, a2
core   0: 3 0x800083f0 (0x8f32) x30 0x00000014
core   0: 0x800083f2 (0x915a2493) slti    s1, s4, -1771
core   0: 3 0x800083f2 (0x915a2493) x9  0x00000000
core   0: 0x800083f6 (0xfff919a3) sh      t6, -13(s2)
core   0: 3 0x800083f6 (0xfff919a3) mem 0x8001a2b2 0x4fb4
core   0: 0x800083fa (0xff394583) lbu     a1, -13(s2)
core   0: 3 0x800083fa (0xff394583) x11 0x000000b4 mem 0x8001a2b2
core   0: 0x800083fe (0xff394b83) lbu     s7, -13(s2)
core   0: 3 0x800083fe (0xff394b83) x23 0x000000b4 mem 0x8001a2b2
core   0: 0x80008402 (0x01097433) and     s0, s2, a6
core   0: 3 0x80008402 (0x01097433) x8  0x0000001a
core   0: 0x80008406 (0x00790703) lb      a4, 7(s2)
core   0: 3 0x80008406 (0x00790703) x14 0xffffffd8 mem 0x8001a2c6
core   0: 0x8000840a (0xffc90203) lb      tp, -4(s2)
core   0: 3 0x8000840a (0xffc90203) x4  0x0000004f mem 0x8001a2bb
core   0: 0x8000840e (0xff190ba3) sb      a7, -9(s2)
core   0: 3 0x8000840e (0xff190ba3) mem 0x8001a2b6 0x00
core   0: 0x80008412 (0x0040036f) jal     t1, pc + 0x4
core   0: 3 0x80008412 (0x0040036f) x6  0x80008416
core   0: 0x80008416 (0x00002801) c.jal   pc + 16
core   0: 3 0x80008416 (0x2801) x1  0x80008418
core   0: 0x80008426 (0x00003fdd) c.jal   pc - 10
core   0: 3 0x80008426 (0x3fdd) x1  0x80008428
core   0: 0x8000841c (0x0000bff5) c.j     pc - 4
core   0: 3 0x8000841c (0xbff5)
core   0: 0x80008418 (0x00002801) c.jal   pc + 16
core   0: 3 0x80008418 (0x2801) x1  0x8000841a
core   0: 0x80008428 (0xffbff36f) jal     t1, pc - 0x6
core   0: 3 0x80008428 (0xffbff36f) x6  0x8000842c
core   0: 0x80008422 (0x00002029) c.jal   pc + 10
core   0: 3 0x80008422 (0x2029) x1  0x80008424
core   0: 0x8000842c (0xfefff0ef) jal     pc - 0x12
core   0: 3 0x8000842c (0xfefff0ef) x1  0x80008430
core   0: 0x8000841a (0x0000a819) c.j     pc + 22
core   0: 3 0x8000841a (0xa819)
core   0: 0x80008430 (0x0000a011) c.j     pc + 4
core   0: 3 0x80008430 (0xa011)
core   0: 0x80008434 (0x00002011) c.jal   pc + 4
core   0: 3 0x80008434 (0x2011) x1  0x80008436
core   0: 0x80008438 (0x00003fed) c.jal   pc - 6
core   0: 3 0x80008438 (0x3fed) x1  0x8000843a
core   0: 0x80008432 (0x00002011) c.jal   pc + 4
core   0: 3 0x80008432 (0x2011) x1  0x80008434
core   0: 0x80008436 (0x0000a011) c.j     pc + 4
core   0: 3 0x80008436 (0xa011)
core   0: 0x8000843a (0x000037ed) c.jal   pc - 22
core   0: 3 0x8000843a (0x37ed) x1  0x8000843c
core   0: 0x80008424 (0x0000bfed) c.j     pc - 6
core   0: 3 0x80008424 (0xbfed)
core   0: 0x8000841e (0x00002009) c.jal   pc + 2
core   0: 3 0x8000841e (0x2009) x1  0x80008420
core   0: 0x80008420 (0x0000a831) c.j     pc + 28
core   0: 3 0x80008420 (0xa831)
core   0: 0x8000843c (0x40355b13) srai    s6, a0, 3
core   0: 3 0x8000843c (0x40355b13) x22 0x00000008
core   0: 0x80008440 (0x00008a97) auipc   s5, 0x8
core   0: 3 0x80008440 (0x00008a97) x21 0x80010440
core   0: 0x80008444 (0x0d4a8a93) addi    s5, s5, 212
core   0: 3 0x80008444 (0x0d4a8a93) x21 0x80010514
core   0: 0x80008448 (0x017be4b3) or      s1, s7, s7
core   0: 3 0x80008448 (0x017be4b3) x9  0x000000b4
core   0: 0x8000844c (0x0f9d2713) slti    a4, s10, 249
core   0: 3 0x8000844c (0x0f9d2713) x14 0x00000001
core   0: 0x80008450 (0x00000001) c.nop
core   0: 3 0x80008450 (0x0001)
core   0: 0x80008452 (0x029ac483) lbu     s1, 41(s5)
core   0: 3 0x80008452 (0x029ac483) x9  0x000000eb mem 0x8001053d
core   0: 0x80008456 (0x013a85a3) sb      s3, 11(s5)
core   0: 3 0x80008456 (0x013a85a3) mem 0x8001051f 0x6d
core   0: 0x8000845a (0x00bacd03) lbu     s10, 11(s5)
core   0: 3 0x8000845a (0x00bacd03) x26 0x0000006d mem 0x8001051f
core   0: 0x8000845e (0xfd1ac983) lbu     s3, -47(s5)
core   0: 3 0x8000845e (0xfd1ac983) x19 0x00000013 mem 0x800104e5
core   0: 0x80008462 (0x03aa88a3) sb      s10, 49(s5)
core   0: 3 0x80008462 (0x03aa88a3) mem 0x80010545 0x6d
core   0: 0x80008466 (0x01da8483) lb      s1, 29(s5)
core   0: 3 0x80008466 (0x01da8483) x9  0x00000001 mem 0x80010531
core   0: 0x8000846a (0x013a8da3) sb      s3, 27(s5)
core   0: 3 0x8000846a (0x013a8da3) mem 0x8001052f 0x13
core   0: 0x8000846e (0x01aa8ba3) sb      s10, 23(s5)
core   0: 3 0x8000846e (0x01aa8ba3) mem 0x8001052b 0x6d
core   0: 0x80008472 (0x6e54fd13) andi    s10, s1, 1765
core   0: 3 0x80008472 (0x6e54fd13) x26 0x00000001
core   0: 0x80008476 (0x025ac703) lbu     a4, 37(s5)
core   0: 3 0x80008476 (0x025ac703) x14 0x0000007e mem 0x80010539
core   0: 0x8000847a (0x029714b3) mulh    s1, a4, s1
core   0: 3 0x8000847a (0x029714b3) x9  0x00000000
core   0: 0x8000847e (0xfd7a8903) lb      s2, -41(s5)
core   0: 3 0x8000847e (0xfd7a8903) x18 0x0000002e mem 0x800104eb
core   0: 0x80008482 (0x23cbfb93) andi    s7, s7, 572
core   0: 3 0x80008482 (0x23cbfb93) x23 0x00000034
core   0: 0x80008486 (0xff1ac483) lbu     s1, -15(s5)
core   0: 3 0x80008486 (0xff1ac483) x9  0x0000004a mem 0x80010505
core   0: 0x8000848a (0x01aad983) lhu     s3, 26(s5)
core   0: 3 0x8000848a (0x01aad983) x19 0x00001383 mem 0x8001052e
core   0: 0x8000848e (0x002ad903) lhu     s2, 2(s5)
core   0: 3 0x8000848e (0x002ad903) x18 0x0000dd94 mem 0x80010516
core   0: 0x80008492 (0x1ffbb493) sltiu   s1, s7, 511
core   0: 3 0x80008492 (0x1ffbb493) x9  0x00000001
core   0: 0x80008496 (0xfefa8d03) lb      s10, -17(s5)
core   0: 3 0x80008496 (0xfefa8d03) x26 0x00000022 mem 0x80010503
core   0: 0x8000849a (0x00008cd9) c.or    s1, a4
core   0: 3 0x8000849a (0x8cd9) x9  0x0000007f
core   0: 0x8000849c (0x03a97bb3) remu    s7, s2, s10
core   0: 3 0x8000849c (0x03a97bb3) x23 0x0000000c
core   0: 0x800084a0 (0x01a71933) sll     s2, a4, s10
core   0: 3 0x800084a0 (0x01a71933) x18 0x000001f8
core   0: 0x800084a4 (0xfd2ad483) lhu     s1, -46(s5)
core   0: 3 0x800084a4 (0xfd2ad483) x9  0x000051ec mem 0x800104e6
core   0: 0x800084a8 (0xfd3a8fa3) sb      s3, -33(s5)
core   0: 3 0x800084a8 (0xfd3a8fa3) mem 0x800104f3 0x83
core   0: 0x800084ac (0x02997933) remu    s2, s2, s1
core   0: 3 0x800084ac (0x02997933) x18 0x000001f8
core   0: 0x800084b0 (0x00008cb9) c.xor   s1, a4
core   0: 3 0x800084b0 (0x8cb9) x9  0x00005192
core   0: 0x800084b2 (0xfd5a8903) lb      s2, -43(s5)
core   0: 3 0x800084b2 (0xfd5a8903) x18 0x00000000 mem 0x800104e9
core   0: 0x800084b6 (0x018aa703) lw      a4, 24(s5)
core   0: 3 0x800084b6 (0x018aa703) x14 0x138339b0 mem 0x8001052c
core   0: 0x800084ba (0xfeea82a3) sb      a4, -27(s5)
core   0: 3 0x800084ba (0xfeea82a3) mem 0x800104f9 0xb0
core   0: 0x800084be (0xfd7aa823) sw      s7, -48(s5)
core   0: 3 0x800084be (0xfd7aa823) mem 0x800104e4 0x0000000c
core   0: 0x800084c2 (0xfd7a8d23) sb      s7, -38(s5)
core   0: 3 0x800084c2 (0xfd7a8d23) mem 0x800104ee 0x0c
core   0: 0x800084c6 (0xfd3a88a3) sb      s3, -47(s5)
core   0: 3 0x800084c6 (0xfd3a88a3) mem 0x800104e5 0x83
core   0: 0x800084ca (0x00bd1713) slli    a4, s10, 11
core   0: 3 0x800084ca (0x00bd1713) x14 0x00011000
core   0: 0x800084ce (0x032ad703) lhu     a4, 50(s5)
core   0: 3 0x800084ce (0x032ad703) x14 0x00006f66 mem 0x80010546
core   0: 0x800084d2 (0xfe8a8983) lb      s3, -24(s5)
core   0: 3 0x800084d2 (0xfe8a8983) x19 0xffffff86 mem 0x800104fc
core   0: 0x800084d6 (0x00008331) c.srli  a4, 12
core   0: 3 0x800084d6 (0x8331) x14 0x00000006
core   0: 0x800084d8 (0x00008ca5) c.xor   s1, s1
core   0: 3 0x800084d8 (0x8ca5) x9  0x00000000
core   0: 0x800084da (0xfeea8b83) lb      s7, -18(s5)
core   0: 3 0x800084da (0xfeea8b83) x23 0x00000003 mem 0x80010502
core   0: 0x800084de (0x01aa8aa3) sb      s10, 21(s5)
core   0: 3 0x800084de (0x01aa8aa3) mem 0x80010529 0x22
core   0: 0x800084e2 (0xff6ad703) lhu     a4, -10(s5)
core   0: 3 0x800084e2 (0xff6ad703) x14 0x00000000 mem 0x8001050a
core   0: 0x800084e6 (0x03fac483) lbu     s1, 63(s5)
core   0: 3 0x800084e6 (0x03fac483) x9  0x00000082 mem 0x80010553
core   0: 0x800084ea (0x000099a6) c.add   s3, s1
core   0: 3 0x800084ea (0x99a6) x19 0x00000008
core   0: 0x800084ec (0xfc9a8fa3) sb      s1, -33(s5)
core   0: 3 0x800084ec (0xfc9a8fa3) mem 0x800104f3 0x82
core   0: 0x800084f0 (0x00005471) c.li    s0, -4
core   0: 3 0x800084f0 (0x5471) x8  0xfffffffc
core   0: 0x800084f2 (0x00008cb5) c.xor   s1, a3
core   0: 3 0x800084f2 (0x8cb5) x9  0x10005500
core   0: 0x800084f4 (0x00004a39) c.li    s4, 14
core   0: 3 0x800084f4 (0x4a39) x20 0x0000000e
core   0: 0x800084f6 (0x0302b933) mulhu   s2, t0, a6
core   0: 3 0x800084f6 (0x0302b933) x18 0x00000019
core   0: 0x800084fa (0x00008909) c.andi  a0, 2
core   0: 3 0x800084fa (0x8909) x10 0x00000002
core   0: 0x800084fc (0x00008732) c.mv    a4, a2
core   0: 3 0x800084fc (0x8732) x14 0x00000014
core   0: 0x800084fe (0x00000526) c.slli  a0, 9
core   0: 3 0x800084fe (0x0526) x10 0x00000400
core   0: 0x80008500 (0x029fe2b3) rem     t0, t6, s1
core   0: 3 0x80008500 (0x029fe2b3) x5  0x00004fb4
core   0: 0x80008504 (0x014410b3) sll     ra, s0, s4
core   0: 3 0x80008504 (0x014410b3) x1  0xffff0000
core   0: 0x80008508 (0x00599bb3) sll     s7, s3, t0
core   0: 3 0x80008508 (0x00599bb3) x23 0x00800000
core   0: 0x8000850c (0x0272c6b3) div     a3, t0, t2
core   0: 3 0x8000850c (0x0272c6b3) x13 0x00000000
core   0: 0x80008510 (0x631bf293) andi    t0, s7, 1585
core   0: 3 0x80008510 (0x631bf293) x5  0x00000000
core   0: 0x80008514 (0xddf24913) xori    s2, tp, -545
core   0: 3 0x80008514 (0xddf24913) x18 0xfffffd90
core   0: 0x80008518 (0x00000001) c.nop
core   0: 3 0x80008518 (0x0001)
core   0: 0x8000851a (0x30655c37) lui     s8, 0x30655
core   0: 3 0x8000851a (0x30655c37) x24 0x30655000
core   0: 0x8000851e (0x00000001) c.nop
core   0: 3 0x8000851e (0x0001)
core   0: 0x80008520 (0x0394cd33) div     s10, s1, s9
core   0: 3 0x80008520 (0x0394cd33) x26 0xffe56684
core   0: 0x80008524 (0x0000997d) c.andi  a0, -1
core   0: 3 0x80008524 (0x997d) x10 0x00000400
core   0: 0x80008526 (0x0000040d) c.addi  s0, 3
core   0: 3 0x80008526 (0x040d) x8  0xffffffff
core   0: 0x80008528 (0x6629f693) andi    a3, s3, 1634
core   0: 3 0x80008528 (0x6629f693) x13 0x00000000
core   0: 0x8000852c (0x00004621) c.li    a2, 8
core   0: 3 0x8000852c (0x4621) x12 0x00000008
core   0: 0x8000852e (0x000081cd) c.srli  a1, 19
core   0: 3 0x8000852e (0x81cd) x11 0x00000000
core   0: 0x80008530 (0x02730f33) mul     t5, t1, t2
core   0: 3 0x80008530 (0x02730f33) x30 0x38fd11a0
core   0: 0x80008534 (0x00005ec1) c.li    t4, -16
core   0: 3 0x80008534 (0x5ec1) x29 0xfffffff0
core   0: 0x80008536 (0x00005ffd) c.li    t6, -1
core   0: 3 0x80008536 (0x5ffd) x31 0xffffffff
core   0: 0x80008538 (0x41410b33) sub     s6, sp, s4
core   0: 3 0x80008538 (0x41410b33) x22 0x80029d16
core   0: 0x8000853c (0x0000018a) c.slli  gp, 2
core   0: 3 0x8000853c (0x018a) x3  0xfffe1364
core   0: 0x8000853e (0x02ec0c33) mul     s8, s8, a4
core   0: 3 0x8000853e (0x02ec0c33) x24 0xc7ea4000
core   0: 0x80008542 (0x0000166d) c.addi  a2, -5
core   0: 3 0x80008542 (0x166d) x12 0x00000003
core   0: 0x80008544 (0x023f81b3) mul     gp, t6, gp
core   0: 3 0x80008544 (0x023f81b3) x3  0x0001ec9c
core   0: 0x80008548 (0x3676b597) auipc   a1, 0x3676b
core   0: 3 0x80008548 (0x3676b597) x11 0xb6773548
core   0: 0x8000854c (0xffd656e3) bge     a2, t4, pc - 20
core   0: 3 0x8000854c (0xffd656e3)
core   0: 0x80008538 (0x41410b33) sub     s6, sp, s4
core   0: 3 0x80008538 (0x41410b33) x22 0x80029d16
core   0: 0x8000853c (0x0000018a) c.slli  gp, 2
core   0: 3 0x8000853c (0x018a) x3  0x0007b270
core   0: 0x8000853e (0x02ec0c33) mul     s8, s8, a4
core   0: 3 0x8000853e (0x02ec0c33) x24 0x9e4d0000
core   0: 0x80008542 (0x0000166d) c.addi  a2, -5
core   0: 3 0x80008542 (0x166d) x12 0xfffffffe
core   0: 0x80008544 (0x023f81b3) mul     gp, t6, gp
core   0: 3 0x80008544 (0x023f81b3) x3  0xfff84d90
core   0: 0x80008548 (0x3676b597) auipc   a1, 0x3676b
core   0: 3 0x80008548 (0x3676b597) x11 0xb6773548
core   0: 0x8000854c (0xffd656e3) bge     a2, t4, pc - 20
core   0: 3 0x8000854c (0xffd656e3)
core   0: 0x80008538 (0x41410b33) sub     s6, sp, s4
core   0: 3 0x80008538 (0x41410b33) x22 0x80029d16
core   0: 0x8000853c (0x0000018a) c.slli  gp, 2
core   0: 3 0x8000853c (0x018a) x3  0xffe13640
core   0: 0x8000853e (0x02ec0c33) mul     s8, s8, a4
core   0: 3 0x8000853e (0x02ec0c33) x24 0x5e040000
core   0: 0x80008542 (0x0000166d) c.addi  a2, -5
core   0: 3 0x80008542 (0x166d) x12 0xfffffff9
core   0: 0x80008544 (0x023f81b3) mul     gp, t6, gp
core   0: 3 0x80008544 (0x023f81b3) x3  0x001ec9c0
core   0: 0x80008548 (0x3676b597) auipc   a1, 0x3676b
core   0: 3 0x80008548 (0x3676b597) x11 0xb6773548
core   0: 0x8000854c (0xffd656e3) bge     a2, t4, pc - 20
core   0: 3 0x8000854c (0xffd656e3)
core   0: 0x80008538 (0x41410b33) sub     s6, sp, s4
core   0: 3 0x80008538 (0x41410b33) x22 0x80029d16
core   0: 0x8000853c (0x0000018a) c.slli  gp, 2
core   0: 3 0x8000853c (0x018a) x3  0x007b2700
core   0: 0x8000853e (0x02ec0c33) mul     s8, s8, a4
core   0: 3 0x8000853e (0x02ec0c33) x24 0x58500000
core   0: 0x80008542 (0x0000166d) c.addi  a2, -5
core   0: 3 0x80008542 (0x166d) x12 0xfffffff4
core   0: 0x80008544 (0x023f81b3) mul     gp, t6, gp
core   0: 3 0x80008544 (0x023f81b3) x3  0xff84d900
core   0: 0x80008548 (0x3676b597) auipc   a1, 0x3676b
core   0: 3 0x80008548 (0x3676b597) x11 0xb6773548
core   0: 0x8000854c (0xffd656e3) bge     a2, t4, pc - 20
core   0: 3 0x8000854c (0xffd656e3)
core   0: 0x80008538 (0x41410b33) sub     s6, sp, s4
core   0: 3 0x80008538 (0x41410b33) x22 0x80029d16
core   0: 0x8000853c (0x0000018a) c.slli  gp, 2
core   0: 3 0x8000853c (0x018a) x3  0xfe136400
core   0: 0x8000853e (0x02ec0c33) mul     s8, s8, a4
core   0: 3 0x8000853e (0x02ec0c33) x24 0xe6400000
core   0: 0x80008542 (0x0000166d) c.addi  a2, -5
core   0: 3 0x80008542 (0x166d) x12 0xffffffef
core   0: 0x80008544 (0x023f81b3) mul     gp, t6, gp
core   0: 3 0x80008544 (0x023f81b3) x3  0x01ec9c00
core   0: 0x80008548 (0x3676b597) auipc   a1, 0x3676b
core   0: 3 0x80008548 (0x3676b597) x11 0xb6773548
core   0: 0x8000854c (0xffd656e3) bge     a2, t4, pc - 20
core   0: 3 0x8000854c (0xffd656e3)
core   0: 0x80008550 (0x000086dd) c.srai  a3, 23
core   0: 3 0x80008550 (0x86dd) x13 0x00000000
core   0: 0x80008552 (0xfb441fe3) bne     s0, s4, pc - 66
core   0: 3 0x80008552 (0xfb441fe3)
core   0: 0x80008510 (0x631bf293) andi    t0, s7, 1585
core   0: 3 0x80008510 (0x631bf293) x5  0x00000000
core   0: 0x80008514 (0xddf24913) xori    s2, tp, -545
core   0: 3 0x80008514 (0xddf24913) x18 0xfffffd90
core   0: 0x80008518 (0x00000001) c.nop
core   0: 3 0x80008518 (0x0001)
core   0: 0x8000851a (0x30655c37) lui     s8, 0x30655
core   0: 3 0x8000851a (0x30655c37) x24 0x30655000
core   0: 0x8000851e (0x00000001) c.nop
core   0: 3 0x8000851e (0x0001)
core   0: 0x80008520 (0x0394cd33) div     s10, s1, s9
core   0: 3 0x80008520 (0x0394cd33) x26 0xffe56684
core   0: 0x80008524 (0x0000997d) c.andi  a0, -1
core   0: 3 0x80008524 (0x997d) x10 0x00000400
core   0: 0x80008526 (0x0000040d) c.addi  s0, 3
core   0: 3 0x80008526 (0x040d) x8  0x00000002
core   0: 0x80008528 (0x6629f693) andi    a3, s3, 1634
core   0: 3 0x80008528 (0x6629f693) x13 0x00000000
core   0: 0x8000852c (0x00004621) c.li    a2, 8
core   0: 3 0x8000852c (0x4621) x12 0x00000008
core   0: 0x8000852e (0x000081cd) c.srli  a1, 19
core   0: 3 0x8000852e (0x81cd) x11 0x000016ce
core   0: 0x80008530 (0x02730f33) mul     t5, t1, t2
core   0: 3 0x80008530 (0x02730f33) x30 0x38fd11a0
core   0: 0x80008534 (0x00005ec1) c.li    t4, -16
core   0: 3 0x80008534 (0x5ec1) x29 0xfffffff0
core   0: 0x80008536 (0x00005ffd) c.li    t6, -1
core   0: 3 0x80008536 (0x5ffd) x31 0xffffffff
core   0: 0x80008538 (0x41410b33) sub     s6, sp, s4
core   0: 3 0x80008538 (0x41410b33) x22 0x80029d16
core   0: 0x8000853c (0x0000018a) c.slli  gp, 2
core   0: 3 0x8000853c (0x018a) x3  0x07b27000
core   0: 0x8000853e (0x02ec0c33) mul     s8, s8, a4
core   0: 3 0x8000853e (0x02ec0c33) x24 0xc7ea4000
core   0: 0x80008542 (0x0000166d) c.addi  a2, -5
core   0: 3 0x80008542 (0x166d) x12 0x00000003
core   0: 0x80008544 (0x023f81b3) mul     gp, t6, gp
core   0: 3 0x80008544 (0x023f81b3) x3  0xf84d9000
core   0: 0x80008548 (0x3676b597) auipc   a1, 0x3676b
core   0: 3 0x80008548 (0x3676b597) x11 0xb6773548
core   0: 0x8000854c (0xffd656e3) bge     a2, t4, pc - 20
core   0: 3 0x8000854c (0xffd656e3)
core   0: 0x80008538 (0x41410b33) sub     s6, sp, s4
core   0: 3 0x80008538 (0x41410b33) x22 0x80029d16
core   0: 0x8000853c (0x0000018a) c.slli  gp, 2
core   0: 3 0x8000853c (0x018a) x3  0xe1364000
core   0: 0x8000853e (0x02ec0c33) mul     s8, s8, a4
core   0: 3 0x8000853e (0x02ec0c33) x24 0x9e4d0000
core   0: 0x80008542 (0x0000166d) c.addi  a2, -5
core   0: 3 0x80008542 (0x166d) x12 0xfffffffe
core   0: 0x80008544 (0x023f81b3) mul     gp, t6, gp
core   0: 3 0x80008544 (0x023f81b3) x3  0x1ec9c000
core   0: 0x80008548 (0x3676b597) auipc   a1, 0x3676b
core   0: 3 0x80008548 (0x3676b597) x11 0xb6773548
core   0: 0x8000854c (0xffd656e3) bge     a2, t4, pc - 20
core   0: 3 0x8000854c (0xffd656e3)
core   0: 0x80008538 (0x41410b33) sub     s6, sp, s4
core   0: 3 0x80008538 (0x41410b33) x22 0x80029d16
core   0: 0x8000853c (0x0000018a) c.slli  gp, 2
core   0: 3 0x8000853c (0x018a) x3  0x7b270000
core   0: 0x8000853e (0x02ec0c33) mul     s8, s8, a4
core   0: 3 0x8000853e (0x02ec0c33) x24 0x5e040000
core   0: 0x80008542 (0x0000166d) c.addi  a2, -5
core   0: 3 0x80008542 (0x166d) x12 0xfffffff9
core   0: 0x80008544 (0x023f81b3) mul     gp, t6, gp
core   0: 3 0x80008544 (0x023f81b3) x3  0x84d90000
core   0: 0x80008548 (0x3676b597) auipc   a1, 0x3676b
core   0: 3 0x80008548 (0x3676b597) x11 0xb6773548
core   0: 0x8000854c (0xffd656e3) bge     a2, t4, pc - 20
core   0: 3 0x8000854c (0xffd656e3)
core   0: 0x80008538 (0x41410b33) sub     s6, sp, s4
core   0: 3 0x80008538 (0x41410b33) x22 0x80029d16
core   0: 0x8000853c (0x0000018a) c.slli  gp, 2
core   0: 3 0x8000853c (0x018a) x3  0x13640000
core   0: 0x8000853e (0x02ec0c33) mul     s8, s8, a4
core   0: 3 0x8000853e (0x02ec0c33) x24 0x58500000
core   0: 0x80008542 (0x0000166d) c.addi  a2, -5
core   0: 3 0x80008542 (0x166d) x12 0xfffffff4
core   0: 0x80008544 (0x023f81b3) mul     gp, t6, gp
core   0: 3 0x80008544 (0x023f81b3) x3  0xec9c0000
core   0: 0x80008548 (0x3676b597) auipc   a1, 0x3676b
core   0: 3 0x80008548 (0x3676b597) x11 0xb6773548
core   0: 0x8000854c (0xffd656e3) bge     a2, t4, pc - 20
core   0: 3 0x8000854c (0xffd656e3)
core   0: 0x80008538 (0x41410b33) sub     s6, sp, s4
core   0: 3 0x80008538 (0x41410b33) x22 0x80029d16
core   0: 0x8000853c (0x0000018a) c.slli  gp, 2
core   0: 3 0x8000853c (0x018a) x3  0xb2700000
core   0: 0x8000853e (0x02ec0c33) mul     s8, s8, a4
core   0: 3 0x8000853e (0x02ec0c33) x24 0xe6400000
core   0: 0x80008542 (0x0000166d) c.addi  a2, -5
core   0: 3 0x80008542 (0x166d) x12 0xffffffef
core   0: 0x80008544 (0x023f81b3) mul     gp, t6, gp
core   0: 3 0x80008544 (0x023f81b3) x3  0x4d900000
core   0: 0x80008548 (0x3676b597) auipc   a1, 0x3676b
core   0: 3 0x80008548 (0x3676b597) x11 0xb6773548
core   0: 0x8000854c (0xffd656e3) bge     a2, t4, pc - 20
core   0: 3 0x8000854c (0xffd656e3)
core   0: 0x80008550 (0x000086dd) c.srai  a3, 23
core   0: 3 0x80008550 (0x86dd) x13 0x00000000
core   0: 0x80008552 (0xfb441fe3) bne     s0, s4, pc - 66
core   0: 3 0x80008552 (0xfb441fe3)
core   0: 0x80008510 (0x631bf293) andi    t0, s7, 1585
core   0: 3 0x80008510 (0x631bf293) x5  0x00000000
core   0: 0x80008514 (0xddf24913) xori    s2, tp, -545
core   0: 3 0x80008514 (0xddf24913) x18 0xfffffd90
core   0: 0x80008518 (0x00000001) c.nop
core   0: 3 0x80008518 (0x0001)
core   0: 0x8000851a (0x30655c37) lui     s8, 0x30655
core   0: 3 0x8000851a (0x30655c37) x24 0x30655000
core   0: 0x8000851e (0x00000001) c.nop
core   0: 3 0x8000851e (0x0001)
core   0: 0x80008520 (0x0394cd33) div     s10, s1, s9
core   0: 3 0x80008520 (0x0394cd33) x26 0xffe56684
core   0: 0x80008524 (0x0000997d) c.andi  a0, -1
core   0: 3 0x80008524 (0x997d) x10 0x00000400
core   0: 0x80008526 (0x0000040d) c.addi  s0, 3
core   0: 3 0x80008526 (0x040d) x8  0x00000005
core   0: 0x80008528 (0x6629f693) andi    a3, s3, 1634
core   0: 3 0x80008528 (0x6629f693) x13 0x00000000
core   0: 0x8000852c (0x00004621) c.li    a2, 8
core   0: 3 0x8000852c (0x4621) x12 0x00000008
core   0: 0x8000852e (0x000081cd) c.srli  a1, 19
core   0: 3 0x8000852e (0x81cd) x11 0x000016ce
core   0: 0x80008530 (0x02730f33) mul     t5, t1, t2
core   0: 3 0x80008530 (0x02730f33) x30 0x38fd11a0
core   0: 0x80008534 (0x00005ec1) c.li    t4, -16
core   0: 3 0x80008534 (0x5ec1) x29 0xfffffff0
core   0: 0x80008536 (0x00005ffd) c.li    t6, -1
core   0: 3 0x80008536 (0x5ffd) x31 0xffffffff
core   0: 0x80008538 (0x41410b33) sub     s6, sp, s4
core   0: 3 0x80008538 (0x41410b33) x22 0x80029d16
core   0: 0x8000853c (0x0000018a) c.slli  gp, 2
core   0: 3 0x8000853c (0x018a) x3  0x36400000
core   0: 0x8000853e (0x02ec0c33) mul     s8, s8, a4
core   0: 3 0x8000853e (0x02ec0c33) x24 0xc7ea4000
core   0: 0x80008542 (0x0000166d) c.addi  a2, -5
core   0: 3 0x80008542 (0x166d) x12 0x00000003
core   0: 0x80008544 (0x023f81b3) mul     gp, t6, gp
core   0: 3 0x80008544 (0x023f81b3) x3  0xc9c00000
core   0: 0x80008548 (0x3676b597) auipc   a1, 0x3676b
core   0: 3 0x80008548 (0x3676b597) x11 0xb6773548
core   0: 0x8000854c (0xffd656e3) bge     a2, t4, pc - 20
core   0: 3 0x8000854c (0xffd656e3)
core   0: 0x80008538 (0x41410b33) sub     s6, sp, s4
core   0: 3 0x80008538 (0x41410b33) x22 0x80029d16
core   0: 0x8000853c (0x0000018a) c.slli  gp, 2
core   0: 3 0x8000853c (0x018a) x3  0x27000000
core   0: 0x8000853e (0x02ec0c33) mul     s8, s8, a4
core   0: 3 0x8000853e (0x02ec0c33) x24 0x9e4d0000
core   0: 0x80008542 (0x0000166d) c.addi  a2, -5
core   0: 3 0x80008542 (0x166d) x12 0xfffffffe
core   0: 0x80008544 (0x023f81b3) mul     gp, t6, gp
core   0: 3 0x80008544 (0x023f81b3) x3  0xd9000000
core   0: 0x80008548 (0x3676b597) auipc   a1, 0x3676b
core   0: 3 0x80008548 (0x3676b597) x11 0xb6773548
core   0: 0x8000854c (0xffd656e3) bge     a2, t4, pc - 20
core   0: 3 0x8000854c (0xffd656e3)
core   0: 0x80008538 (0x41410b33) sub     s6, sp, s4
core   0: 3 0x80008538 (0x41410b33) x22 0x80029d16
core   0: 0x8000853c (0x0000018a) c.slli  gp, 2
core   0: 3 0x8000853c (0x018a) x3  0x64000000
core   0: 0x8000853e (0x02ec0c33) mul     s8, s8, a4
core   0: 3 0x8000853e (0x02ec0c33) x24 0x5e040000
core   0: 0x80008542 (0x0000166d) c.addi  a2, -5
core   0: 3 0x80008542 (0x166d) x12 0xfffffff9
core   0: 0x80008544 (0x023f81b3) mul     gp, t6, gp
core   0: 3 0x80008544 (0x023f81b3) x3  0x9c000000
core   0: 0x80008548 (0x3676b597) auipc   a1, 0x3676b
core   0: 3 0x80008548 (0x3676b597) x11 0xb6773548
core   0: 0x8000854c (0xffd656e3) bge     a2, t4, pc - 20
core   0: 3 0x8000854c (0xffd656e3)
core   0: 0x80008538 (0x41410b33) sub     s6, sp, s4
core   0: 3 0x80008538 (0x41410b33) x22 0x80029d16
core   0: 0x8000853c (0x0000018a) c.slli  gp, 2
core   0: 3 0x8000853c (0x018a) x3  0x70000000
core   0: 0x8000853e (0x02ec0c33) mul     s8, s8, a4
core   0: 3 0x8000853e (0x02ec0c33) x24 0x58500000
core   0: 0x80008542 (0x0000166d) c.addi  a2, -5
core   0: 3 0x80008542 (0x166d) x12 0xfffffff4
core   0: 0x80008544 (0x023f81b3) mul     gp, t6, gp
core   0: 3 0x80008544 (0x023f81b3) x3  0x90000000
core   0: 0x80008548 (0x3676b597) auipc   a1, 0x3676b
core   0: 3 0x80008548 (0x3676b597) x11 0xb6773548
core   0: 0x8000854c (0xffd656e3) bge     a2, t4, pc - 20
core   0: 3 0x8000854c (0xffd656e3)
core   0: 0x80008538 (0x41410b33) sub     s6, sp, s4
core   0: 3 0x80008538 (0x41410b33) x22 0x80029d16
core   0: 0x8000853c (0x0000018a) c.slli  gp, 2
core   0: 3 0x8000853c (0x018a) x3  0x40000000
core   0: 0x8000853e (0x02ec0c33) mul     s8, s8, a4
core   0: 3 0x8000853e (0x02ec0c33) x24 0xe6400000
core   0: 0x80008542 (0x0000166d) c.addi  a2, -5
core   0: 3 0x80008542 (0x166d) x12 0xffffffef
core   0: 0x80008544 (0x023f81b3) mul     gp, t6, gp
core   0: 3 0x80008544 (0x023f81b3) x3  0xc0000000
core   0: 0x80008548 (0x3676b597) auipc   a1, 0x3676b
core   0: 3 0x80008548 (0x3676b597) x11 0xb6773548
core   0: 0x8000854c (0xffd656e3) bge     a2, t4, pc - 20
core   0: 3 0x8000854c (0xffd656e3)
core   0: 0x80008550 (0x000086dd) c.srai  a3, 23
core   0: 3 0x80008550 (0x86dd) x13 0x00000000
core   0: 0x80008552 (0xfb441fe3) bne     s0, s4, pc - 66
core   0: 3 0x80008552 (0xfb441fe3)
core   0: 0x80008510 (0x631bf293) andi    t0, s7, 1585
core   0: 3 0x80008510 (0x631bf293) x5  0x00000000
core   0: 0x80008514 (0xddf24913) xori    s2, tp, -545
core   0: 3 0x80008514 (0xddf24913) x18 0xfffffd90
core   0: 0x80008518 (0x00000001) c.nop
core   0: 3 0x80008518 (0x0001)
core   0: 0x8000851a (0x30655c37) lui     s8, 0x30655
core   0: 3 0x8000851a (0x30655c37) x24 0x30655000
core   0: 0x8000851e (0x00000001) c.nop
core   0: 3 0x8000851e (0x0001)
core   0: 0x80008520 (0x0394cd33) div     s10, s1, s9
core   0: 3 0x80008520 (0x0394cd33) x26 0xffe56684
core   0: 0x80008524 (0x0000997d) c.andi  a0, -1
core   0: 3 0x80008524 (0x997d) x10 0x00000400
core   0: 0x80008526 (0x0000040d) c.addi  s0, 3
core   0: 3 0x80008526 (0x040d) x8  0x00000008
core   0: 0x80008528 (0x6629f693) andi    a3, s3, 1634
core   0: 3 0x80008528 (0x6629f693) x13 0x00000000
core   0: 0x8000852c (0x00004621) c.li    a2, 8
core   0: 3 0x8000852c (0x4621) x12 0x00000008
core   0: 0x8000852e (0x000081cd) c.srli  a1, 19
core   0: 3 0x8000852e (0x81cd) x11 0x000016ce
core   0: 0x80008530 (0x02730f33) mul     t5, t1, t2
core   0: 3 0x80008530 (0x02730f33) x30 0x38fd11a0
core   0: 0x80008534 (0x00005ec1) c.li    t4, -16
core   0: 3 0x80008534 (0x5ec1) x29 0xfffffff0
core   0: 0x80008536 (0x00005ffd) c.li    t6, -1
core   0: 3 0x80008536 (0x5ffd) x31 0xffffffff
core   0: 0x80008538 (0x41410b33) sub     s6, sp, s4
core   0: 3 0x80008538 (0x41410b33) x22 0x80029d16
core   0: 0x8000853c (0x0000018a) c.slli  gp, 2
core   0: 3 0x8000853c (0x018a) x3  0x00000000
core   0: 0x8000853e (0x02ec0c33) mul     s8, s8, a4
core   0: 3 0x8000853e (0x02ec0c33) x24 0xc7ea4000
core   0: 0x80008542 (0x0000166d) c.addi  a2, -5
core   0: 3 0x80008542 (0x166d) x12 0x00000003
core   0: 0x80008544 (0x023f81b3) mul     gp, t6, gp
core   0: 3 0x80008544 (0x023f81b3) x3  0x00000000
core   0: 0x80008548 (0x3676b597) auipc   a1, 0x3676b
core   0: 3 0x80008548 (0x3676b597) x11 0xb6773548
core   0: 0x8000854c (0xffd656e3) bge     a2, t4, pc - 20
core   0: 3 0x8000854c (0xffd656e3)
core   0: 0x80008538 (0x41410b33) sub     s6, sp, s4
core   0: 3 0x80008538 (0x41410b33) x22 0x80029d16
core   0: 0x8000853c (0x0000018a) c.slli  gp, 2
core   0: 3 0x8000853c (0x018a) x3  0x00000000
core   0: 0x8000853e (0x02ec0c33) mul     s8, s8, a4
core   0: 3 0x8000853e (0x02ec0c33) x24 0x9e4d0000
core   0: 0x80008542 (0x0000166d) c.addi  a2, -5
core   0: 3 0x80008542 (0x166d) x12 0xfffffffe
core   0: 0x80008544 (0x023f81b3) mul     gp, t6, gp
core   0: 3 0x80008544 (0x023f81b3) x3  0x00000000
core   0: 0x80008548 (0x3676b597) auipc   a1, 0x3676b
core   0: 3 0x80008548 (0x3676b597) x11 0xb6773548
core   0: 0x8000854c (0xffd656e3) bge     a2, t4, pc - 20
core   0: 3 0x8000854c (0xffd656e3)
core   0: 0x80008538 (0x41410b33) sub     s6, sp, s4
core   0: 3 0x80008538 (0x41410b33) x22 0x80029d16
core   0: 0x8000853c (0x0000018a) c.slli  gp, 2
core   0: 3 0x8000853c (0x018a) x3  0x00000000
core   0: 0x8000853e (0x02ec0c33) mul     s8, s8, a4
core   0: 3 0x8000853e (0x02ec0c33) x24 0x5e040000
core   0: 0x80008542 (0x0000166d) c.addi  a2, -5
core   0: 3 0x80008542 (0x166d) x12 0xfffffff9
core   0: 0x80008544 (0x023f81b3) mul     gp, t6, gp
core   0: 3 0x80008544 (0x023f81b3) x3  0x00000000
core   0: 0x80008548 (0x3676b597) auipc   a1, 0x3676b
core   0: 3 0x80008548 (0x3676b597) x11 0xb6773548
core   0: 0x8000854c (0xffd656e3) bge     a2, t4, pc - 20
core   0: 3 0x8000854c (0xffd656e3)
core   0: 0x80008538 (0x41410b33) sub     s6, sp, s4
core   0: 3 0x80008538 (0x41410b33) x22 0x80029d16
core   0: 0x8000853c (0x0000018a) c.slli  gp, 2
core   0: 3 0x8000853c (0x018a) x3  0x00000000
core   0: 0x8000853e (0x02ec0c33) mul     s8, s8, a4
core   0: 3 0x8000853e (0x02ec0c33) x24 0x58500000
core   0: 0x80008542 (0x0000166d) c.addi  a2, -5
core   0: 3 0x80008542 (0x166d) x12 0xfffffff4
core   0: 0x80008544 (0x023f81b3) mul     gp, t6, gp
core   0: 3 0x80008544 (0x023f81b3) x3  0x00000000
core   0: 0x80008548 (0x3676b597) auipc   a1, 0x3676b
core   0: 3 0x80008548 (0x3676b597) x11 0xb6773548
core   0: 0x8000854c (0xffd656e3) bge     a2, t4, pc - 20
core   0: 3 0x8000854c (0xffd656e3)
core   0: 0x80008538 (0x41410b33) sub     s6, sp, s4
core   0: 3 0x80008538 (0x41410b33) x22 0x80029d16
core   0: 0x8000853c (0x0000018a) c.slli  gp, 2
core   0: 3 0x8000853c (0x018a) x3  0x00000000
core   0: 0x8000853e (0x02ec0c33) mul     s8, s8, a4
core   0: 3 0x8000853e (0x02ec0c33) x24 0xe6400000
core   0: 0x80008542 (0x0000166d) c.addi  a2, -5
core   0: 3 0x80008542 (0x166d) x12 0xffffffef
core   0: 0x80008544 (0x023f81b3) mul     gp, t6, gp
core   0: 3 0x80008544 (0x023f81b3) x3  0x00000000
core   0: 0x80008548 (0x3676b597) auipc   a1, 0x3676b
core   0: 3 0x80008548 (0x3676b597) x11 0xb6773548
core   0: 0x8000854c (0xffd656e3) bge     a2, t4, pc - 20
core   0: 3 0x8000854c (0xffd656e3)
core   0: 0x80008550 (0x000086dd) c.srai  a3, 23
core   0: 3 0x80008550 (0x86dd) x13 0x00000000
core   0: 0x80008552 (0xfb441fe3) bne     s0, s4, pc - 66
core   0: 3 0x80008552 (0xfb441fe3)
core   0: 0x80008510 (0x631bf293) andi    t0, s7, 1585
core   0: 3 0x80008510 (0x631bf293) x5  0x00000000
core   0: 0x80008514 (0xddf24913) xori    s2, tp, -545
core   0: 3 0x80008514 (0xddf24913) x18 0xfffffd90
core   0: 0x80008518 (0x00000001) c.nop
core   0: 3 0x80008518 (0x0001)
core   0: 0x8000851a (0x30655c37) lui     s8, 0x30655
core   0: 3 0x8000851a (0x30655c37) x24 0x30655000
core   0: 0x8000851e (0x00000001) c.nop
core   0: 3 0x8000851e (0x0001)
core   0: 0x80008520 (0x0394cd33) div     s10, s1, s9
core   0: 3 0x80008520 (0x0394cd33) x26 0xffe56684
core   0: 0x80008524 (0x0000997d) c.andi  a0, -1
core   0: 3 0x80008524 (0x997d) x10 0x00000400
core   0: 0x80008526 (0x0000040d) c.addi  s0, 3
core   0: 3 0x80008526 (0x040d) x8  0x0000000b
core   0: 0x80008528 (0x6629f693) andi    a3, s3, 1634
core   0: 3 0x80008528 (0x6629f693) x13 0x00000000
core   0: 0x8000852c (0x00004621) c.li    a2, 8
core   0: 3 0x8000852c (0x4621) x12 0x00000008
core   0: 0x8000852e (0x000081cd) c.srli  a1, 19
core   0: 3 0x8000852e (0x81cd) x11 0x000016ce
core   0: 0x80008530 (0x02730f33) mul     t5, t1, t2
core   0: 3 0x80008530 (0x02730f33) x30 0x38fd11a0
core   0: 0x80008534 (0x00005ec1) c.li    t4, -16
core   0: 3 0x80008534 (0x5ec1) x29 0xfffffff0
core   0: 0x80008536 (0x00005ffd) c.li    t6, -1
core   0: 3 0x80008536 (0x5ffd) x31 0xffffffff
core   0: 0x80008538 (0x41410b33) sub     s6, sp, s4
core   0: 3 0x80008538 (0x41410b33) x22 0x80029d16
core   0: 0x8000853c (0x0000018a) c.slli  gp, 2
core   0: 3 0x8000853c (0x018a) x3  0x00000000
core   0: 0x8000853e (0x02ec0c33) mul     s8, s8, a4
core   0: 3 0x8000853e (0x02ec0c33) x24 0xc7ea4000
core   0: 0x80008542 (0x0000166d) c.addi  a2, -5
core   0: 3 0x80008542 (0x166d) x12 0x00000003
core   0: 0x80008544 (0x023f81b3) mul     gp, t6, gp
core   0: 3 0x80008544 (0x023f81b3) x3  0x00000000
core   0: 0x80008548 (0x3676b597) auipc   a1, 0x3676b
core   0: 3 0x80008548 (0x3676b597) x11 0xb6773548
core   0: 0x8000854c (0xffd656e3) bge     a2, t4, pc - 20
core   0: 3 0x8000854c (0xffd656e3)
core   0: 0x80008538 (0x41410b33) sub     s6, sp, s4
core   0: 3 0x80008538 (0x41410b33) x22 0x80029d16
core   0: 0x8000853c (0x0000018a) c.slli  gp, 2
core   0: 3 0x8000853c (0x018a) x3  0x00000000
core   0: 0x8000853e (0x02ec0c33) mul     s8, s8, a4
core   0: 3 0x8000853e (0x02ec0c33) x24 0x9e4d0000
core   0: 0x80008542 (0x0000166d) c.addi  a2, -5
core   0: 3 0x80008542 (0x166d) x12 0xfffffffe
core   0: 0x80008544 (0x023f81b3) mul     gp, t6, gp
core   0: 3 0x80008544 (0x023f81b3) x3  0x00000000
core   0: 0x80008548 (0x3676b597) auipc   a1, 0x3676b
core   0: 3 0x80008548 (0x3676b597) x11 0xb6773548
core   0: 0x8000854c (0xffd656e3) bge     a2, t4, pc - 20
core   0: 3 0x8000854c (0xffd656e3)
core   0: 0x80008538 (0x41410b33) sub     s6, sp, s4
core   0: 3 0x80008538 (0x41410b33) x22 0x80029d16
core   0: 0x8000853c (0x0000018a) c.slli  gp, 2
core   0: 3 0x8000853c (0x018a) x3  0x00000000
core   0: 0x8000853e (0x02ec0c33) mul     s8, s8, a4
core   0: 3 0x8000853e (0x02ec0c33) x24 0x5e040000
core   0: 0x80008542 (0x0000166d) c.addi  a2, -5
core   0: 3 0x80008542 (0x166d) x12 0xfffffff9
core   0: 0x80008544 (0x023f81b3) mul     gp, t6, gp
core   0: 3 0x80008544 (0x023f81b3) x3  0x00000000
core   0: 0x80008548 (0x3676b597) auipc   a1, 0x3676b
core   0: 3 0x80008548 (0x3676b597) x11 0xb6773548
core   0: 0x8000854c (0xffd656e3) bge     a2, t4, pc - 20
core   0: 3 0x8000854c (0xffd656e3)
core   0: 0x80008538 (0x41410b33) sub     s6, sp, s4
core   0: 3 0x80008538 (0x41410b33) x22 0x80029d16
core   0: 0x8000853c (0x0000018a) c.slli  gp, 2
core   0: 3 0x8000853c (0x018a) x3  0x00000000
core   0: 0x8000853e (0x02ec0c33) mul     s8, s8, a4
core   0: 3 0x8000853e (0x02ec0c33) x24 0x58500000
core   0: 0x80008542 (0x0000166d) c.addi  a2, -5
core   0: 3 0x80008542 (0x166d) x12 0xfffffff4
core   0: 0x80008544 (0x023f81b3) mul     gp, t6, gp
core   0: 3 0x80008544 (0x023f81b3) x3  0x00000000
core   0: 0x80008548 (0x3676b597) auipc   a1, 0x3676b
core   0: 3 0x80008548 (0x3676b597) x11 0xb6773548
core   0: 0x8000854c (0xffd656e3) bge     a2, t4, pc - 20
core   0: 3 0x8000854c (0xffd656e3)
core   0: 0x80008538 (0x41410b33) sub     s6, sp, s4
core   0: 3 0x80008538 (0x41410b33) x22 0x80029d16
core   0: 0x8000853c (0x0000018a) c.slli  gp, 2
core   0: 3 0x8000853c (0x018a) x3  0x00000000
core   0: 0x8000853e (0x02ec0c33) mul     s8, s8, a4
core   0: 3 0x8000853e (0x02ec0c33) x24 0xe6400000
core   0: 0x80008542 (0x0000166d) c.addi  a2, -5
core   0: 3 0x80008542 (0x166d) x12 0xffffffef
core   0: 0x80008544 (0x023f81b3) mul     gp, t6, gp
core   0: 3 0x80008544 (0x023f81b3) x3  0x00000000
core   0: 0x80008548 (0x3676b597) auipc   a1, 0x3676b
core   0: 3 0x80008548 (0x3676b597) x11 0xb6773548
core   0: 0x8000854c (0xffd656e3) bge     a2, t4, pc - 20
core   0: 3 0x8000854c (0xffd656e3)
core   0: 0x80008550 (0x000086dd) c.srai  a3, 23
core   0: 3 0x80008550 (0x86dd) x13 0x00000000
core   0: 0x80008552 (0xfb441fe3) bne     s0, s4, pc - 66
core   0: 3 0x80008552 (0xfb441fe3)
core   0: 0x80008510 (0x631bf293) andi    t0, s7, 1585
core   0: 3 0x80008510 (0x631bf293) x5  0x00000000
core   0: 0x80008514 (0xddf24913) xori    s2, tp, -545
core   0: 3 0x80008514 (0xddf24913) x18 0xfffffd90
core   0: 0x80008518 (0x00000001) c.nop
core   0: 3 0x80008518 (0x0001)
core   0: 0x8000851a (0x30655c37) lui     s8, 0x30655
core   0: 3 0x8000851a (0x30655c37) x24 0x30655000
core   0: 0x8000851e (0x00000001) c.nop
core   0: 3 0x8000851e (0x0001)
core   0: 0x80008520 (0x0394cd33) div     s10, s1, s9
core   0: 3 0x80008520 (0x0394cd33) x26 0xffe56684
core   0: 0x80008524 (0x0000997d) c.andi  a0, -1
core   0: 3 0x80008524 (0x997d) x10 0x00000400
core   0: 0x80008526 (0x0000040d) c.addi  s0, 3
core   0: 3 0x80008526 (0x040d) x8  0x0000000e
core   0: 0x80008528 (0x6629f693) andi    a3, s3, 1634
core   0: 3 0x80008528 (0x6629f693) x13 0x00000000
core   0: 0x8000852c (0x00004621) c.li    a2, 8
core   0: 3 0x8000852c (0x4621) x12 0x00000008
core   0: 0x8000852e (0x000081cd) c.srli  a1, 19
core   0: 3 0x8000852e (0x81cd) x11 0x000016ce
core   0: 0x80008530 (0x02730f33) mul     t5, t1, t2
core   0: 3 0x80008530 (0x02730f33) x30 0x38fd11a0
core   0: 0x80008534 (0x00005ec1) c.li    t4, -16
core   0: 3 0x80008534 (0x5ec1) x29 0xfffffff0
core   0: 0x80008536 (0x00005ffd) c.li    t6, -1
core   0: 3 0x80008536 (0x5ffd) x31 0xffffffff
core   0: 0x80008538 (0x41410b33) sub     s6, sp, s4
core   0: 3 0x80008538 (0x41410b33) x22 0x80029d16
core   0: 0x8000853c (0x0000018a) c.slli  gp, 2
core   0: 3 0x8000853c (0x018a) x3  0x00000000
core   0: 0x8000853e (0x02ec0c33) mul     s8, s8, a4
core   0: 3 0x8000853e (0x02ec0c33) x24 0xc7ea4000
core   0: 0x80008542 (0x0000166d) c.addi  a2, -5
core   0: 3 0x80008542 (0x166d) x12 0x00000003
core   0: 0x80008544 (0x023f81b3) mul     gp, t6, gp
core   0: 3 0x80008544 (0x023f81b3) x3  0x00000000
core   0: 0x80008548 (0x3676b597) auipc   a1, 0x3676b
core   0: 3 0x80008548 (0x3676b597) x11 0xb6773548
core   0: 0x8000854c (0xffd656e3) bge     a2, t4, pc - 20
core   0: 3 0x8000854c (0xffd656e3)
core   0: 0x80008538 (0x41410b33) sub     s6, sp, s4
core   0: 3 0x80008538 (0x41410b33) x22 0x80029d16
core   0: 0x8000853c (0x0000018a) c.slli  gp, 2
core   0: 3 0x8000853c (0x018a) x3  0x00000000
core   0: 0x8000853e (0x02ec0c33) mul     s8, s8, a4
core   0: 3 0x8000853e (0x02ec0c33) x24 0x9e4d0000
core   0: 0x80008542 (0x0000166d) c.addi  a2, -5
core   0: 3 0x80008542 (0x166d) x12 0xfffffffe
core   0: 0x80008544 (0x023f81b3) mul     gp, t6, gp
core   0: 3 0x80008544 (0x023f81b3) x3  0x00000000
core   0: 0x80008548 (0x3676b597) auipc   a1, 0x3676b
core   0: 3 0x80008548 (0x3676b597) x11 0xb6773548
core   0: 0x8000854c (0xffd656e3) bge     a2, t4, pc - 20
core   0: 3 0x8000854c (0xffd656e3)
core   0: 0x80008538 (0x41410b33) sub     s6, sp, s4
core   0: 3 0x80008538 (0x41410b33) x22 0x80029d16
core   0: 0x8000853c (0x0000018a) c.slli  gp, 2
core   0: 3 0x8000853c (0x018a) x3  0x00000000
core   0: 0x8000853e (0x02ec0c33) mul     s8, s8, a4
core   0: 3 0x8000853e (0x02ec0c33) x24 0x5e040000
core   0: 0x80008542 (0x0000166d) c.addi  a2, -5
core   0: 3 0x80008542 (0x166d) x12 0xfffffff9
core   0: 0x80008544 (0x023f81b3) mul     gp, t6, gp
core   0: 3 0x80008544 (0x023f81b3) x3  0x00000000
core   0: 0x80008548 (0x3676b597) auipc   a1, 0x3676b
core   0: 3 0x80008548 (0x3676b597) x11 0xb6773548
core   0: 0x8000854c (0xffd656e3) bge     a2, t4, pc - 20
core   0: 3 0x8000854c (0xffd656e3)
core   0: 0x80008538 (0x41410b33) sub     s6, sp, s4
core   0: 3 0x80008538 (0x41410b33) x22 0x80029d16
core   0: 0x8000853c (0x0000018a) c.slli  gp, 2
core   0: 3 0x8000853c (0x018a) x3  0x00000000
core   0: 0x8000853e (0x02ec0c33) mul     s8, s8, a4
core   0: 3 0x8000853e (0x02ec0c33) x24 0x58500000
core   0: 0x80008542 (0x0000166d) c.addi  a2, -5
core   0: 3 0x80008542 (0x166d) x12 0xfffffff4
core   0: 0x80008544 (0x023f81b3) mul     gp, t6, gp
core   0: 3 0x80008544 (0x023f81b3) x3  0x00000000
core   0: 0x80008548 (0x3676b597) auipc   a1, 0x3676b
core   0: 3 0x80008548 (0x3676b597) x11 0xb6773548
core   0: 0x8000854c (0xffd656e3) bge     a2, t4, pc - 20
core   0: 3 0x8000854c (0xffd656e3)
core   0: 0x80008538 (0x41410b33) sub     s6, sp, s4
core   0: 3 0x80008538 (0x41410b33) x22 0x80029d16
core   0: 0x8000853c (0x0000018a) c.slli  gp, 2
core   0: 3 0x8000853c (0x018a) x3  0x00000000
core   0: 0x8000853e (0x02ec0c33) mul     s8, s8, a4
core   0: 3 0x8000853e (0x02ec0c33) x24 0xe6400000
core   0: 0x80008542 (0x0000166d) c.addi  a2, -5
core   0: 3 0x80008542 (0x166d) x12 0xffffffef
core   0: 0x80008544 (0x023f81b3) mul     gp, t6, gp
core   0: 3 0x80008544 (0x023f81b3) x3  0x00000000
core   0: 0x80008548 (0x3676b597) auipc   a1, 0x3676b
core   0: 3 0x80008548 (0x3676b597) x11 0xb6773548
core   0: 0x8000854c (0xffd656e3) bge     a2, t4, pc - 20
core   0: 3 0x8000854c (0xffd656e3)
core   0: 0x80008550 (0x000086dd) c.srai  a3, 23
core   0: 3 0x80008550 (0x86dd) x13 0x00000000
core   0: 0x80008552 (0xfb441fe3) bne     s0, s4, pc - 66
core   0: 3 0x80008552 (0xfb441fe3)
core   0: 0x80008556 (0x00000001) c.nop
core   0: 3 0x80008556 (0x0001)
core   0: 0x80008558 (0x0100036f) jal     t1, pc + 0x10
core   0: 3 0x80008558 (0x0100036f) x6  0x8000855c
core   0: 0x80008568 (0x0000a811) c.j     pc + 20
core   0: 3 0x80008568 (0xa811)
core   0: 0x8000857c (0x00c000ef) jal     pc + 0xc
core   0: 3 0x8000857c (0x00c000ef) x1  0x80008580
core   0: 0x80008588 (0xff1ff36f) jal     t1, pc - 0x10
core   0: 3 0x80008588 (0xff1ff36f) x6  0x8000858c
core   0: 0x80008578 (0xffbfffef) jal     t6, pc - 0x6
core   0: 3 0x80008578 (0xffbfffef) x31 0x8000857c
core   0: 0x80008572 (0x0000a011) c.j     pc + 4
core   0: 3 0x80008572 (0xa011)
core   0: 0x80008576 (0x00002031) c.jal   pc + 12
core   0: 3 0x80008576 (0x2031) x1  0x80008578
core   0: 0x80008582 (0xfebff6ef) jal     a3, pc - 0x16
core   0: 3 0x80008582 (0xfebff6ef) x13 0x80008586
core   0: 0x8000856c (0x0000200d) c.jal   pc + 34
core   0: 3 0x8000856c (0x200d) x1  0x8000856e
core   0: 0x8000858e (0xfddffdef) jal     s11, pc - 0x24
core   0: 3 0x8000858e (0xfddffdef) x27 0x80008592
core   0: 0x8000856a (0x00003ff5) c.jal   pc - 4
core   0: 3 0x8000856a (0x3ff5) x1  0x8000856c
core   0: 0x80008566 (0x0000201d) c.jal   pc + 38
core   0: 3 0x80008566 (0x201d) x1  0x80008568
core   0: 0x8000858c (0x0000bfd5) c.j     pc - 12
core   0: 3 0x8000858c (0xbfd5)
core   0: 0x80008580 (0x00003fd5) c.jal   pc - 12
core   0: 3 0x80008580 (0x3fd5) x1  0x80008582
core   0: 0x80008574 (0x000037f5) c.jal   pc - 20
core   0: 3 0x80008574 (0x37f5) x1  0x80008576
core   0: 0x80008560 (0xffdff0ef) jal     pc - 0x4
core   0: 3 0x80008560 (0xffdff0ef) x1  0x80008564
core   0: 0x8000855c (0x0000a809) c.j     pc + 18
core   0: 3 0x8000855c (0xa809)
core   0: 0x8000856e (0xff7ff0ef) jal     pc - 0xa
core   0: 3 0x8000856e (0xff7ff0ef) x1  0x80008572
core   0: 0x80008564 (0x0000a00d) c.j     pc + 34
core   0: 3 0x80008564 (0xa00d)
core   0: 0x80008586 (0x00003fe1) c.jal   pc - 40
core   0: 3 0x80008586 (0x3fe1) x1  0x80008588
core   0: 0x8000855e (0x00002815) c.jal   pc + 52
core   0: 3 0x8000855e (0x2815) x1  0x80008560
core   0: 0x80008592 (0x0235c033) div     zero, a1, gp
core   0: 3 0x80008592 (0x0235c033)
core   0: 0x80008596 (0x0240036f) jal     t1, pc + 0x24
core   0: 3 0x80008596 (0x0240036f) x6  0x8000859a
core   0: 0x800085ba (0x0000a829) c.j     pc + 26
core   0: 3 0x800085ba (0xa829)
core   0: 0x800085d4 (0xfd7ff36f) jal     t1, pc - 0x2a
core   0: 3 0x800085d4 (0xfd7ff36f) x6  0x800085d8
core   0: 0x800085aa (0x00002809) c.jal   pc + 18
core   0: 3 0x800085aa (0x2809) x1  0x800085ac
core   0: 0x800085bc (0x00002839) c.jal   pc + 30
core   0: 3 0x800085bc (0x2839) x1  0x800085be
core   0: 0x800085da (0xfc7ffd6f) jal     s10, pc - 0x3a
core   0: 3 0x800085da (0xfc7ffd6f) x26 0x800085de
core   0: 0x800085a0 (0x03200eef) jal     t4, pc + 0x32
core   0: 3 0x800085a0 (0x03200eef) x29 0x800085a4
core   0: 0x800085d2 (0x000037fd) c.jal   pc - 18
core   0: 3 0x800085d2 (0x37fd) x1  0x800085d4
core   0: 0x800085c0 (0x00003fe9) c.jal   pc - 38
core   0: 3 0x800085c0 (0x3fe9) x1  0x800085c2
core   0: 0x8000859a (0x0000a809) c.j     pc + 18
core   0: 3 0x8000859a (0xa809)
core   0: 0x800085ac (0x00003fcd) c.jal   pc - 14
core   0: 3 0x800085ac (0x3fcd) x1  0x800085ae
core   0: 0x8000859e (0x0000280d) c.jal   pc + 50
core   0: 3 0x8000859e (0x280d) x1  0x800085a0
core   0: 0x800085d0 (0x000037fd) c.jal   pc - 18
core   0: 3 0x800085d0 (0x37fd) x1  0x800085d2
core   0: 0x800085be (0x00002021) c.jal   pc + 8
core   0: 3 0x800085be (0x2021) x1  0x800085c0
core   0: 0x800085c6 (0x0000bffd) c.j     pc - 2
core   0: 3 0x800085c6 (0xbffd)
core   0: 0x800085c4 (0x0000b7ed) c.j     pc - 22
core   0: 3 0x800085c4 (0xb7ed)
core   0: 0x800085ae (0x0320036f) jal     t1, pc + 0x32
core   0: 3 0x800085ae (0x0320036f) x6  0x800085b2
core   0: 0x800085e0 (0x000037f5) c.jal   pc - 20
core   0: 3 0x800085e0 (0x37f5) x1  0x800085e2
core   0: 0x800085cc (0x00003fdd) c.jal   pc - 10
core   0: 3 0x800085cc (0x3fdd) x1  0x800085ce
core   0: 0x800085c2 (0x0000bfd5) c.j     pc - 12
core   0: 3 0x800085c2 (0xbfd5)
core   0: 0x800085b6 (0xfe7ff0ef) jal     pc - 0x1a
core   0: 3 0x800085b6 (0xfe7ff0ef) x1  0x800085ba
core   0: 0x8000859c (0x00002021) c.jal   pc + 8
core   0: 3 0x8000859c (0x2021) x1  0x8000859e
core   0: 0x800085a4 (0x0000a815) c.j     pc + 52
core   0: 3 0x800085a4 (0xa815)
core   0: 0x800085d8 (0x0000bfc5) c.j     pc - 16
core   0: 3 0x800085d8 (0xbfc5)
core   0: 0x800085c8 (0xfdfff0ef) jal     pc - 0x22
core   0: 3 0x800085c8 (0xfdfff0ef) x1  0x800085cc
core   0: 0x800085a6 (0x00c0036f) jal     t1, pc + 0xc
core   0: 3 0x800085a6 (0x00c0036f) x6  0x800085aa
core   0: 0x800085b2 (0x02c000ef) jal     pc + 0x2c
core   0: 3 0x800085b2 (0x02c000ef) x1  0x800085b6
core   0: 0x800085de (0x0000bfc5) c.j     pc - 16
core   0: 3 0x800085de (0xbfc5)
core   0: 0x800085ce (0x00002811) c.jal   pc + 20
core   0: 3 0x800085ce (0x2811) x1  0x800085d0
core   0: 0x800085e2 (0x00008dc5) c.or    a1, s1
core   0: 3 0x800085e2 (0x8dc5) x11 0xb6777548
core   0: 0x800085e4 (0x0000a297) auipc   t0, 0xa
core   0: 3 0x800085e4 (0x0000a297) x5  0x800125e4
core   0: 0x800085e8 (0x8b528293) addi    t0, t0, -1867
core   0: 3 0x800085e8 (0x8b528293) x5  0x80011e99
core   0: 0x800085ec (0xfd22afa3) sw      s2, -33(t0)
core   0: 3 0x800085ec (0xfd22afa3) mem 0x80011e78 0xfffffd90
core   0: 0x800085f0 (0x03dc80b3) mul     ra, s9, t4
core   0: 3 0x800085f0 (0x03dc80b3) x1  0xffaf9b58
core   0: 0x800085f4 (0x0b929583) lh      a1, 185(t0)
core   0: 3 0x800085f4 (0x0b929583) x11 0x000012e1 mem 0x80011f52
core   0: 0x800085f8 (0x0aa28f83) lb      t6, 170(t0)
core   0: 3 0x800085f8 (0x0aa28f83) x31 0xffffffce mem 0x80011f43
core   0: 0x800085fc (0x00008de9) c.and   a1, a0
core   0: 3 0x800085fc (0x8de9) x11 0x00000000
core   0: 0x800085fe (0x00008da9) c.xor   a1, a0
core   0: 3 0x800085fe (0x8da9) x11 0x00000400
core   0: 0x80008600 (0x00006cf5) c.lui   s9, 0x1d
core   0: 3 0x80008600 (0x6cf5) x25 0x0001d000
core   0: 0x80008602 (0x0aa28b03) lb      s6, 170(t0)
core   0: 3 0x80008602 (0x0aa28b03) x22 0xffffffce mem 0x80011f43
core   0: 0x80008606 (0x00006709) c.lui   a4, 0x2
core   0: 3 0x80008606 (0x6709) x14 0x00002000
core   0: 0x80008608 (0x0aa2c583) lbu     a1, 170(t0)
core   0: 3 0x80008608 (0x0aa2c583) x11 0x000000ce mem 0x80011f43
core   0: 0x8000860c (0x0aa2c183) lbu     gp, 170(t0)
core   0: 3 0x8000860c (0x0aa2c183) x3  0x000000ce mem 0x80011f43
core   0: 0x80008610 (0xfcb28403) lb      s0, -53(t0)
core   0: 3 0x80008610 (0xfcb28403) x8  0xffffffa0 mem 0x80011e64
core   0: 0x80008614 (0xfa828183) lb      gp, -88(t0)
core   0: 3 0x80008614 (0xfa828183) x3  0x00000068 mem 0x80011e41
core   0: 0x80008618 (0xf912d503) lhu     a0, -111(t0)
core   0: 3 0x80008618 (0xf912d503) x10 0x00005996 mem 0x80011e2a
core   0: 0x8000861c (0xcc212993) slti    s3, sp, -830
core   0: 3 0x8000861c (0xcc212993) x19 0x00000001
core   0: 0x80008620 (0xfb32d083) lhu     ra, -77(t0)
core   0: 3 0x80008620 (0xfb32d083) x1  0x00004b04 mem 0x80011e4c
core   0: 0x80008624 (0x00005c7d) c.li    s8, -1
core   0: 3 0x80008624 (0x5c7d) x24 0xffffffff
core   0: 0x80008626 (0x0cb2ae03) lw      t3, 203(t0)
core   0: 3 0x80008626 (0x0cb2ae03) x28 0x6ce7da09 mem 0x80011f64
core   0: 0x8000862a (0x0000ac97) auipc   s9, 0xa
core   0: 3 0x8000862a (0x0000ac97) x25 0x8001262a
core   0: 0x8000862e (0x522c8c93) addi    s9, s9, 1314
core   0: 3 0x8000862e (0x522c8c93) x25 0x80012b4c
core   0: 0x80008632 (0x00ba9813) slli    a6, s5, 11
core   0: 3 0x80008632 (0x00ba9813) x16 0x0828a000
core   0: 0x80008636 (0x00000001) c.nop
core   0: 3 0x80008636 (0x0001)
core   0: 0x80008638 (0x02bccc03) lbu     s8, 43(s9)
core   0: 3 0x80008638 (0x02bccc03) x24 0x00000063 mem 0x80012b77
core   0: 0x8000863c (0x0360c533) div     a0, ra, s6
core   0: 3 0x8000863c (0x0360c533) x10 0xfffffe80
core   0: 0x80008640 (0xf53cc203) lbu     tp, -173(s9)
core   0: 3 0x80008640 (0xf53cc203) x4  0x00000087 mem 0x80012a9f
core   0: 0x80008644 (0x44662893) slti    a7, a2, 1094
core   0: 3 0x80008644 (0x44662893) x17 0x00000001
core   0: 0x80008648 (0x862cc193) xori    gp, s9, -1950
core   0: 3 0x80008648 (0x862cc193) x3  0x7ffed32e
core   0: 0x8000864c (0x0a6c8683) lb      a3, 166(s9)
core   0: 3 0x8000864c (0x0a6c8683) x13 0x0000006e mem 0x80012bf2
core   0: 0x80008650 (0xf47cc483) lbu     s1, -185(s9)
core   0: 3 0x80008650 (0xf47cc483) x9  0x00000043 mem 0x80012a93
core   0: 0x80008654 (0x0dec9d03) lh      s10, 222(s9)
core   0: 3 0x80008654 (0x0dec9d03) x26 0xffff80b6 mem 0x80012c2a
core   0: 0x80008658 (0xfd6cd203) lhu     tp, -42(s9)
core   0: 3 0x80008658 (0xfd6cd203) x4  0x0000d1de mem 0x80012b22
core   0: 0x8000865c (0xf9dc8623) sb      t4, -116(s9)
core   0: 3 0x8000865c (0xf9dc8623) mem 0x80012ad8 0xa4
core   0: 0x80008660 (0x00009ed6) c.add   t4, s5
core   0: 3 0x80008660 (0x9ed6) x29 0x00018ab8
core   0: 0x80008662 (0x0288ce33) div     t3, a7, s0
core   0: 3 0x80008662 (0x0288ce33) x28 0x00000000
core   0: 0x80008666 (0xcd32a613) slti    a2, t0, -813
core   0: 3 0x80008666 (0xcd32a613) x12 0x00000001
core   0: 0x8000866a (0xf25c87a3) sb      t0, -209(s9)
core   0: 3 0x8000866a (0xf25c87a3) mem 0x80012a7b 0x99
core   0: 0x8000866e (0x00008ced) c.and   s1, a1
core   0: 3 0x8000866e (0x8ced) x9  0x00000042
core   0: 0x80008670 (0xf02c9823) sh      sp, -240(s9)
core   0: 3 0x80008670 (0xf02c9823) mem 0x80012a5c 0x9d24
core   0: 0x80008674 (0x03238c33) mul     s8, t2, s2
core   0: 3 0x80008674 (0x03238c33) x24 0xfa3a5780
core   0: 0x80008678 (0x02f398b3) mulh    a7, t2, a5
core   0: 3 0x80008678 (0x02f398b3) x17 0x3ffed0e4
core   0: 0x8000867c (0x4f67a637) lui     a2, 0x4f67a
core   0: 3 0x8000867c (0x4f67a637) x12 0x4f67a000
core   0: 0x80008680 (0x0000127d) c.addi  tp, -1
core   0: 3 0x80008680 (0x127d) x4  0x0000d1dd
core   0: 0x80008682 (0x00000001) c.nop
core   0: 3 0x80008682 (0x0001)
core   0: 0x80008684 (0xfbaca223) sw      s10, -92(s9)
core   0: 3 0x80008684 (0xfbaca223) mem 0x80012af0 0xffff80b6
core   0: 0x80008688 (0xf30c9283) lh      t0, -208(s9)
core   0: 3 0x80008688 (0xf30c9283) x5  0x00001365 mem 0x80012a7c
core   0: 0x8000868c (0x038235b3) mulhu   a1, tp, s8
core   0: 3 0x8000868c (0x038235b3) x11 0x0000cd21
core   0: 0x80008690 (0x000098ba) c.add   a7, a4
core   0: 3 0x80008690 (0x98ba) x17 0x3ffef0e4
core   0: 0x80008692 (0x03f32733) mulhsu  a4, t1, t6
core   0: 3 0x80008692 (0x03f32733) x14 0x800085c2
core   0: 0x80008696 (0xfc4c9e83) lh      t4, -60(s9)
core   0: 3 0x80008696 (0xfc4c9e83) x29 0x000039b6 mem 0x80012b10
core   0: 0x8000869a (0x00000dee) c.slli  s11, 27
core   0: 3 0x8000869a (0x0dee) x27 0x90000000
core   0: 0x8000869c (0x21b57413) andi    s0, a0, 539
core   0: 3 0x8000869c (0x21b57413) x8  0x00000200
core   0: 0x800086a0 (0xfa3c8a83) lb      s5, -93(s9)
core   0: 3 0x800086a0 (0xfa3c8a83) x21 0x00000024 mem 0x80012aef
core   0: 0x800086a4 (0x087c8a23) sb      t2, 148(s9)
core   0: 3 0x800086a4 (0x087c8a23) mem 0x80012be0 0x38
core   0: 0x800086a8 (0x0fbc9e23) sh      s11, 252(s9)
core   0: 3 0x800086a8 (0x0fbc9e23) mem 0x80012c48 0x0000
core   0: 0x800086ac (0xfeecc703) lbu     a4, -18(s9)
core   0: 3 0x800086ac (0xfeecc703) x14 0x00000015 mem 0x80012b3a
core   0: 0x800086b0 (0x00fbe933) or      s2, s7, a5
core   0: 3 0x800086b0 (0x00fbe933) x18 0x80800000
core   0: 0x800086b4 (0x046cd683) lhu     a3, 70(s9)
core   0: 3 0x800086b4 (0x046cd683) x13 0x00007592 mem 0x80012b92
core   0: 0x800086b8 (0x02205333) divu    t1, zero, sp
core   0: 3 0x800086b8 (0x02205333) x6  0x00000000
core   0: 0x800086bc (0x00008cdd) c.or    s1, a5
core   0: 3 0x800086bc (0x8cdd) x9  0x80000042
core   0: 0x800086be (0x099ccb83) lbu     s7, 153(s9)
core   0: 3 0x800086be (0x099ccb83) x23 0x00000008 mem 0x80012be5
core   0: 0x800086c2 (0xfb5c8f83) lb      t6, -75(s9)
core   0: 3 0x800086c2 (0xfb5c8f83) x31 0xffffffbe mem 0x80012b01
core   0: 0x800086c6 (0x00004529) c.li    a0, 10
core   0: 3 0x800086c6 (0x4529) x10 0x0000000a
core   0: 0x800086c8 (0x00004a99) c.li    s5, 6
core   0: 3 0x800086c8 (0x4a99) x21 0x00000006
core   0: 0x800086ca (0x00000f1a) c.slli  t5, 6
core   0: 3 0x800086ca (0x0f1a) x30 0x3f446800
core   0: 0x800086cc (0x00008839) c.andi  s0, 14
core   0: 3 0x800086cc (0x8839) x8  0x00000000
core   0: 0x800086ce (0x000005fa) c.slli  a1, 30
core   0: 3 0x800086ce (0x05fa) x11 0x40000000
core   0: 0x800086d0 (0x015b9913) slli    s2, s7, 21
core   0: 3 0x800086d0 (0x015b9913) x18 0x01000000
core   0: 0x800086d4 (0x03f7bcb3) mulhu   s9, a5, t6
core   0: 3 0x800086d4 (0x03f7bcb3) x25 0x7fffffdf
core   0: 0x800086d8 (0x01fc41b3) xor     gp, s8, t6
core   0: 3 0x800086d8 (0x01fc41b3) x3  0x05c5a83e
core   0: 0x800086dc (0x00008df1) c.and   a1, a2
core   0: 3 0x800086dc (0x8df1) x11 0x40000000
core   0: 0x800086de (0x030c62b3) rem     t0, s8, a6
core   0: 3 0x800086de (0x030c62b3) x5  0xfa3a5780
core   0: 0x800086e2 (0x0004ccb3) xor     s9, s1, zero
core   0: 3 0x800086e2 (0x0004ccb3) x25 0x80000042
core   0: 0x800086e6 (0x012fe033) or      zero, t6, s2
core   0: 3 0x800086e6 (0x012fe033)
core   0: 0x800086ea (0x000011fd) c.addi  gp, -1
core   0: 3 0x800086ea (0x11fd) x3  0x05c5a83d
core   0: 0x800086ec (0x013a3733) sltu    a4, s4, s3
core   0: 3 0x800086ec (0x013a3733) x14 0x00000000
core   0: 0x800086f0 (0x00001579) c.addi  a0, -2
core   0: 3 0x800086f0 (0x1579) x10 0x00000008
core   0: 0x800086f2 (0x00006f05) c.lui   t5, 0x1
core   0: 3 0x800086f2 (0x6f05) x30 0x00001000
core   0: 0x800086f4 (0x008f2933) slt     s2, t5, s0
core   0: 3 0x800086f4 (0x008f2933) x18 0x00000000
core   0: 0x800086f8 (0x00004da5) c.li    s11, 9
core   0: 3 0x800086f8 (0x4da5) x27 0x00000009
core   0: 0x800086fa (0x03da5d33) divu    s10, s4, t4
core   0: 3 0x800086fa (0x03da5d33) x26 0x00000000
core   0: 0x800086fe (0x00005eb1) c.li    t4, -20
core   0: 3 0x800086fe (0x5eb1) x29 0xffffffec
core   0: 0x80008700 (0x82423f13) sltiu   t5, tp, -2012
core   0: 3 0x80008700 (0x82423f13) x30 0x00000001
core   0: 0x80008704 (0x021fdfb3) divu    t6, t6, ra
core   0: 3 0x80008704 (0x021fdfb3) x31 0x000369a1
core   0: 0x80008708 (0x00008c7d) c.and   s0, a5
core   0: 3 0x80008708 (0x8c7d) x8  0x00000000
core   0: 0x8000870a (0x00001de9) c.addi  s11, -6
core   0: 3 0x8000870a (0x1de9) x27 0x00000003
core   0: 0x8000870c (0x41a30cb3) sub     s9, t1, s10
core   0: 3 0x8000870c (0x41a30cb3) x25 0x00000000
core   0: 0x80008710 (0x415d5013) srai    zero, s10, 21
core   0: 3 0x80008710 (0x415d5013)
core   0: 0x80008714 (0xffddd6e3) bge     s11, t4, pc - 20
core   0: 3 0x80008714 (0xffddd6e3)
core   0: 0x80008700 (0x82423f13) sltiu   t5, tp, -2012
core   0: 3 0x80008700 (0x82423f13) x30 0x00000001
core   0: 0x80008704 (0x021fdfb3) divu    t6, t6, ra
core   0: 3 0x80008704 (0x021fdfb3) x31 0x0000000b
core   0: 0x80008708 (0x00008c7d) c.and   s0, a5
core   0: 3 0x80008708 (0x8c7d) x8  0x00000000
core   0: 0x8000870a (0x00001de9) c.addi  s11, -6
core   0: 3 0x8000870a (0x1de9) x27 0xfffffffd
core   0: 0x8000870c (0x41a30cb3) sub     s9, t1, s10
core   0: 3 0x8000870c (0x41a30cb3) x25 0x00000000
core   0: 0x80008710 (0x415d5013) srai    zero, s10, 21
core   0: 3 0x80008710 (0x415d5013)
core   0: 0x80008714 (0xffddd6e3) bge     s11, t4, pc - 20
core   0: 3 0x80008714 (0xffddd6e3)
core   0: 0x80008700 (0x82423f13) sltiu   t5, tp, -2012
core   0: 3 0x80008700 (0x82423f13) x30 0x00000001
core   0: 0x80008704 (0x021fdfb3) divu    t6, t6, ra
core   0: 3 0x80008704 (0x021fdfb3) x31 0x00000000
core   0: 0x80008708 (0x00008c7d) c.and   s0, a5
core   0: 3 0x80008708 (0x8c7d) x8  0x00000000
core   0: 0x8000870a (0x00001de9) c.addi  s11, -6
core   0: 3 0x8000870a (0x1de9) x27 0xfffffff7
core   0: 0x8000870c (0x41a30cb3) sub     s9, t1, s10
core   0: 3 0x8000870c (0x41a30cb3) x25 0x00000000
core   0: 0x80008710 (0x415d5013) srai    zero, s10, 21
core   0: 3 0x80008710 (0x415d5013)
core   0: 0x80008714 (0xffddd6e3) bge     s11, t4, pc - 20
core   0: 3 0x80008714 (0xffddd6e3)
core   0: 0x80008700 (0x82423f13) sltiu   t5, tp, -2012
core   0: 3 0x80008700 (0x82423f13) x30 0x00000001
core   0: 0x80008704 (0x021fdfb3) divu    t6, t6, ra
core   0: 3 0x80008704 (0x021fdfb3) x31 0x00000000
core   0: 0x80008708 (0x00008c7d) c.and   s0, a5
core   0: 3 0x80008708 (0x8c7d) x8  0x00000000
core   0: 0x8000870a (0x00001de9) c.addi  s11, -6
core   0: 3 0x8000870a (0x1de9) x27 0xfffffff1
core   0: 0x8000870c (0x41a30cb3) sub     s9, t1, s10
core   0: 3 0x8000870c (0x41a30cb3) x25 0x00000000
core   0: 0x80008710 (0x415d5013) srai    zero, s10, 21
core   0: 3 0x80008710 (0x415d5013)
core   0: 0x80008714 (0xffddd6e3) bge     s11, t4, pc - 20
core   0: 3 0x80008714 (0xffddd6e3)
core   0: 0x80008700 (0x82423f13) sltiu   t5, tp, -2012
core   0: 3 0x80008700 (0x82423f13) x30 0x00000001
core   0: 0x80008704 (0x021fdfb3) divu    t6, t6, ra
core   0: 3 0x80008704 (0x021fdfb3) x31 0x00000000
core   0: 0x80008708 (0x00008c7d) c.and   s0, a5
core   0: 3 0x80008708 (0x8c7d) x8  0x00000000
core   0: 0x8000870a (0x00001de9) c.addi  s11, -6
core   0: 3 0x8000870a (0x1de9) x27 0xffffffeb
core   0: 0x8000870c (0x41a30cb3) sub     s9, t1, s10
core   0: 3 0x8000870c (0x41a30cb3) x25 0x00000000
core   0: 0x80008710 (0x415d5013) srai    zero, s10, 21
core   0: 3 0x80008710 (0x415d5013)
core   0: 0x80008714 (0xffddd6e3) bge     s11, t4, pc - 20
core   0: 3 0x80008714 (0xffddd6e3)
core   0: 0x80008718 (0x00000d6e) c.slli  s10, 27
core   0: 3 0x80008718 (0x0d6e) x26 0x00000000
core   0: 0x8000871a (0x029a78b3) remu    a7, s4, s1
core   0: 3 0x8000871a (0x029a78b3) x17 0x0000000e
core   0: 0x8000871e (0x00000001) c.nop
core   0: 3 0x8000871e (0x0001)
core   0: 0x80008720 (0xfd5505e3) beq     a0, s5, pc - 54
core   0: 3 0x80008720 (0xfd5505e3)
core   0: 0x80008724 (0x01eedc13) srli    s8, t4, 30
core   0: 3 0x80008724 (0x01eedc13) x24 0x00000003
core   0: 0x80008728 (0x00009517) auipc   a0, 0x9
core   0: 3 0x80008728 (0x00009517) x10 0x80011728
core   0: 0x8000872c (0x8fa50513) addi    a0, a0, -1798
core   0: 3 0x8000872c (0x8fa50513) x10 0x80011022
core   0: 0x80008730 (0x2a834c13) xori    s8, t1, 680
core   0: 3 0x80008730 (0x2a834c13) x24 0x000002a8
core   0: 0x80008734 (0x4f7a7293) andi    t0, s4, 1271
core   0: 3 0x80008734 (0x4f7a7293) x5  0x00000006
core   0: 0x80008738 (0x028cf733) remu    a4, s9, s0
core   0: 3 0x80008738 (0x028cf733) x14 0x00000000
core   0: 0x8000873c (0x00008085) c.srli  s1, 1
core   0: 3 0x8000873c (0x8085) x9  0x40000021
core   0: 0x8000873e (0xf1854d83) lbu     s11, -232(a0)
core   0: 3 0x8000873e (0xf1854d83) x27 0x0000001b mem 0x80010f3a
core   0: 0x80008742 (0xf9651123) sh      s6, -126(a0)
core   0: 3 0x80008742 (0xf9651123) mem 0x80010fa4 0xffce
core   0: 0x80008746 (0x02cb7333) remu    t1, s6, a2
core   0: 3 0x80008746 (0x02cb7333) x6  0x11c91fce
core   0: 0x8000874a (0x7397b493) sltiu   s1, a5, 1849
core   0: 3 0x8000874a (0x7397b493) x9  0x00000000
core   0: 0x8000874e (0xf6451683) lh      a3, -156(a0)
core   0: 3 0x8000874e (0xf6451683) x13 0x00003818 mem 0x80010f86
core   0: 0x80008752 (0x03589233) mulh    tp, a7, s5
core   0: 3 0x80008752 (0x03589233) x4  0x00000000
core   0: 0x80008756 (0xfad51023) sh      a3, -96(a0)
core   0: 3 0x80008756 (0xfad51023) mem 0x80010fc2 0x3818
core   0: 0x8000875a (0x41805713) srai    a4, zero, 24
core   0: 3 0x8000875a (0x41805713) x14 0x00000000
core   0: 0x8000875e (0x00008089) c.srli  s1, 2
core   0: 3 0x8000875e (0x8089) x9  0x00000000
core   0: 0x80008760 (0xf4d501a3) sb      a3, -189(a0)
core   0: 3 0x80008760 (0xf4d501a3) mem 0x80010f65 0x18
core   0: 0x80008764 (0xf0a55f83) lhu     t6, -246(a0)
core   0: 3 0x80008764 (0xf0a55f83) x31 0x00007316 mem 0x80010f2c
core   0: 0x80008768 (0xf5954b83) lbu     s7, -167(a0)
core   0: 3 0x80008768 (0xf5954b83) x23 0x00000053 mem 0x80010f7b
core   0: 0x8000876c (0x031470b3) remu    ra, s0, a7
core   0: 3 0x8000876c (0x031470b3) x1  0x00000000
core   0: 0x80008770 (0x01a7db93) srli    s7, a5, 26
core   0: 3 0x80008770 (0x01a7db93) x23 0x00000020
core   0: 0x80008774 (0xff050883) lb      a7, -16(a0)
core   0: 3 0x80008774 (0xff050883) x17 0x00000056 mem 0x80011012
core   0: 0x80008778 (0xfd2502a3) sb      s2, -59(a0)
core   0: 3 0x80008778 (0xfd2502a3) mem 0x80010fe7 0x00
core   0: 0x8000877c (0x00411193) slli    gp, sp, 4
core   0: 3 0x8000877c (0x00411193) x3  0x0029d240
core   0: 0x80008780 (0x00000001) c.nop
core   0: 3 0x80008780 (0x0001)
core   0: 0x80008782 (0x01d54a03) lbu     s4, 29(a0)
core   0: 3 0x80008782 (0x01d54a03) x20 0x00000022 mem 0x8001103f
core   0: 0x80008786 (0x01d54d83) lbu     s11, 29(a0)
core   0: 3 0x80008786 (0x01d54d83) x27 0x00000022 mem 0x8001103f
core   0: 0x8000878a (0x392b6313) ori     t1, s6, 914
core   0: 3 0x8000878a (0x392b6313) x6  0xffffffde
core   0: 0x8000878e (0xf6054603) lbu     a2, -160(a0)
core   0: 3 0x8000878e (0xf6054603) x12 0x000000fd mem 0x80010f82
core   0: 0x80008792 (0xf1650ba3) sb      s6, -233(a0)
core   0: 3 0x80008792 (0xf1650ba3) mem 0x80010f39 0xce
core   0: 0x80008796 (0x00008c09) c.sub   s0, a0
core   0: 3 0x80008796 (0x8c09) x8  0x7ffeefde
core   0: 0x80008798 (0x0339b4b3) mulhu   s1, s3, s3
core   0: 3 0x80008798 (0x0339b4b3) x9  0x00000000
core   0: 0x8000879c (0x797f0a13) addi    s4, t5, 1943
core   0: 3 0x8000879c (0x797f0a13) x20 0x00000798
core   0: 0x800087a0 (0x0259c933) div     s2, s3, t0
core   0: 3 0x800087a0 (0x0259c933) x18 0x00000000
core   0: 0x800087a4 (0xf8b54583) lbu     a1, -117(a0)
core   0: 3 0x800087a4 (0xf8b54583) x11 0x00000067 mem 0x80010fad
core   0: 0x800087a8 (0x00a39b93) slli    s7, t2, 10
core   0: 3 0x800087a8 (0x00a39b93) x23 0x0978e000
core   0: 0x800087ac (0xf6e52123) sw      a4, -158(a0)
core   0: 3 0x800087ac (0xf6e52123) mem 0x80010f84 0x00000000
core   0: 0x800087b0 (0xf4754983) lbu     s3, -185(a0)
core   0: 3 0x800087b0 (0xf4754983) x19 0x000000a3 mem 0x80010f69
core   0: 0x800087b4 (0x01565913) srli    s2, a2, 21
core   0: 3 0x800087b4 (0x01565913) x18 0x00000000
core   0: 0x800087b8 (0x86e80d93) addi    s11, a6, -1938
core   0: 3 0x800087b8 (0x86e80d93) x27 0x0828986e
core   0: 0x800087bc (0xfa652b83) lw      s7, -90(a0)
core   0: 3 0x800087bc (0xfa652b83) x23 0xde965a9f mem 0x80010fc8
core   0: 0x800087c0 (0xf7552123) sw      s5, -158(a0)
core   0: 3 0x800087c0 (0xf7552123) mem 0x80010f84 0x00000006
core   0: 0x800087c4 (0xa75b1e17) auipc   t3, 0xa75b1
core   0: 3 0x800087c4 (0xa75b1e17) x28 0x275b97c4
core   0: 0x800087c8 (0xf52504a3) sb      s2, -183(a0)
core   0: 3 0x800087c8 (0xf52504a3) mem 0x80010f6b 0x00
core   0: 0x800087cc (0xf3550b03) lb      s6, -203(a0)
core   0: 3 0x800087cc (0xf3550b03) x22 0xffffffb1 mem 0x80010f57
core   0: 0x800087d0 (0x00009e7e) c.add   t3, t6
core   0: 3 0x800087d0 (0x9e7e) x28 0x275c0ada
core   0: 0x800087d2 (0x029f18b3) mulh    a7, t5, s1
core   0: 3 0x800087d2 (0x029f18b3) x17 0x00000000
core   0: 0x800087d6 (0x00000001) c.nop
core   0: 3 0x800087d6 (0x0001)
core   0: 0x800087d8 (0x00000001) c.nop
core   0: 3 0x800087d8 (0x0001)
core   0: 0x800087da (0xf5950883) lb      a7, -167(a0)
core   0: 3 0x800087da (0xf5950883) x17 0x00000053 mem 0x80010f7b
core   0: 0x800087de (0x0000b317) auipc   t1, 0xb
core   0: 3 0x800087de (0x0000b317) x6  0x800137de
core   0: 0x800087e2 (0x07830313) addi    t1, t1, 120
core   0: 3 0x800087e2 (0x07830313) x6  0x80013856
core   0: 0x800087e6 (0xc78f4837) lui     a6, 0xc78f4
core   0: 3 0x800087e6 (0xc78f4837) x16 0xc78f4000
core   0: 0x800087ea (0x02b30883) lb      a7, 43(t1)
core   0: 3 0x800087ea (0x02b30883) x17 0xffffff8b mem 0x80013881
core   0: 0x800087ee (0x0718a893) slti    a7, a7, 113
core   0: 3 0x800087ee (0x0718a893) x17 0x00000001
core   0: 0x800087f2 (0x01c30323) sb      t3, 6(t1)
core   0: 3 0x800087f2 (0x01c30323) mem 0x8001385c 0xda
core   0: 0x800087f6 (0x00000f92) c.slli  t6, 4
core   0: 3 0x800087f6 (0x0f92) x31 0x00073160
core   0: 0x800087f8 (0x031e28b3) mulhsu  a7, t3, a7
core   0: 3 0x800087f8 (0x031e28b3) x17 0x00000000
core   0: 0x800087fc (0xff030123) sb      a6, -30(t1)
core   0: 3 0x800087fc (0xff030123) mem 0x80013838 0x00
core   0: 0x80008800 (0xff032923) sw      a6, -14(t1)
core   0: 3 0x80008800 (0xff032923) mem 0x80013848 0xc78f4000
core   0: 0x80008804 (0x00000001) c.nop
core   0: 3 0x80008804 (0x0001)
core   0: 0x80008806 (0x9384a897) auipc   a7, 0x9384a
core   0: 3 0x80008806 (0x9384a897) x17 0x13852806
core   0: 0x8000880a (0x01c8c8b3) xor     a7, a7, t3
core   0: 3 0x8000880a (0x01c8c8b3) x17 0x34d922dc
core   0: 0x8000880e (0xfc031c03) lh      s8, -64(t1)
core   0: 3 0x8000880e (0xfc031c03) x24 0xffffffa8 mem 0x80013816
core   0: 0x80008812 (0x010c1893) slli    a7, s8, 16
core   0: 3 0x80008812 (0x010c1893) x17 0xffa80000
core   0: 0x80008816 (0x00b34f83) lbu     t6, 11(t1)
core   0: 3 0x80008816 (0x00b34f83) x31 0x0000004d mem 0x80013861
core   0: 0x8000881a (0xfd230f83) lb      t6, -46(t1)
core   0: 3 0x8000881a (0xfd230f83) x31 0x00000022 mem 0x80013828
core   0: 0x8000881e (0xfd232803) lw      a6, -46(t1)
core   0: 3 0x8000881e (0xfd232803) x16 0x9aa42e22 mem 0x80013828
core   0: 0x80008822 (0x7d083e13) sltiu   t3, a6, 2000
core   0: 3 0x80008822 (0x7d083e13) x28 0x00000000
core   0: 0x80008826 (0x011301a3) sb      a7, 3(t1)
core   0: 3 0x80008826 (0x011301a3) mem 0x80013859 0x00
core   0: 0x8000882a (0x0108bfb3) sltu    t6, a7, a6
core   0: 3 0x8000882a (0x0108bfb3) x31 0x00000000
core   0: 0x8000882e (0x01fc78b3) and     a7, s8, t6
core   0: 3 0x8000882e (0x01fc78b3) x17 0x00000000
core   0: 0x80008832 (0xfed34f83) lbu     t6, -19(t1)
core   0: 3 0x80008832 (0xfed34f83) x31 0x00000086 mem 0x80013843
core   0: 0x80008836 (0x030e7e33) remu    t3, t3, a6
core   0: 3 0x80008836 (0x030e7e33) x28 0x00000000
core   0: 0x8000883a (0x00006fb5) c.lui   t6, 0xd
core   0: 3 0x8000883a (0x6fb5) x31 0x0000d000
core   0: 0x8000883c (0x01f30ba3) sb      t6, 23(t1)
core   0: 3 0x8000883c (0x01f30ba3) mem 0x8001386d 0x00
core   0: 0x80008840 (0x01882633) slt     a2, a6, s8
core   0: 3 0x80008840 (0x01882633) x12 0x00000001
core   0: 0x80008844 (0x010c1fb3) sll     t6, s8, a6
core   0: 3 0x80008844 (0x010c1fb3) x31 0xfffffea0
core   0: 0x80008848 (0x02c608b3) mul     a7, a2, a2
core   0: 3 0x80008848 (0x02c608b3) x17 0x00000001
core   0: 0x8000884c (0x00009a7d) c.andi  a2, -1
core   0: 3 0x8000884c (0x9a7d) x12 0x00000001
core   0: 0x8000884e (0x70237897) auipc   a7, 0x70237
core   0: 3 0x8000884e (0x70237897) x17 0xf023f84e
core   0: 0x80008852 (0x03c8c8b3) div     a7, a7, t3
core   0: 3 0x80008852 (0x03c8c8b3) x17 0xffffffff
core   0: 0x80008856 (0x00006619) c.lui   a2, 0x6
core   0: 3 0x80008856 (0x6619) x12 0x00006000
core   0: 0x80008858 (0x01930883) lb      a7, 25(t1)
core   0: 3 0x80008858 (0x01930883) x17 0xfffffff7 mem 0x8001386f
core   0: 0x8000885c (0xfe831603) lh      a2, -24(t1)
core   0: 3 0x8000885c (0xfe831603) x12 0xffff9c37 mem 0x8001383e
core   0: 0x80008860 (0x01031e23) sh      a6, 28(t1)
core   0: 3 0x80008860 (0x01031e23) mem 0x80013872 0x2e22
core   0: 0x80008864 (0x00930603) lb      a2, 9(t1)
core   0: 3 0x80008864 (0x00930603) x12 0xffffffa1 mem 0x8001385f
core   0: 0x80008868 (0x031e0833) mul     a6, t3, a7
core   0: 3 0x80008868 (0x031e0833) x16 0x00000000
core   0: 0x8000886c (0x00000676) c.slli  a2, 29
core   0: 3 0x8000886c (0x0676) x12 0x20000000
core   0: 0x8000886e (0x02835e03) lhu     t3, 40(t1)
core   0: 3 0x8000886e (0x02835e03) x28 0x0000fb2b mem 0x8001387e
core   0: 0x80008872 (0x00a32883) lw      a7, 10(t1)
core   0: 3 0x80008872 (0x00a32883) x17 0x926c4d42 mem 0x80013860
core   0: 0x80008876 (0x00c31723) sh      a2, 14(t1)
core   0: 3 0x80008876 (0x00c31723) mem 0x80013864 0x0000
core   0: 0x8000887a (0x01f32d23) sw      t6, 26(t1)
core   0: 3 0x8000887a (0x01f32d23) mem 0x80013870 0xfffffea0
core   0: 0x8000887e (0x02c30f23) sb      a2, 62(t1)
core   0: 3 0x8000887e (0x02c30f23) mem 0x80013894 0x00
core   0: 0x80008882 (0x010303a3) sb      a6, 7(t1)
core   0: 3 0x80008882 (0x010303a3) mem 0x8001385d 0x00
core   0: 0x80008886 (0x0000187d) c.addi  a6, -1
core   0: 3 0x80008886 (0x187d) x16 0xffffffff
core   0: 0x80008888 (0x01c30423) sb      t3, 8(t1)
core   0: 3 0x80008888 (0x01c30423) mem 0x8001385e 0x2b
core   0: 0x8000888c (0x031f8fb3) mul     t6, t6, a7
core   0: 3 0x8000888c (0x031f8fb3) x31 0xab15c540
core   0: 0x80008890 (0xa19e7f93) andi    t6, t3, -1511
core   0: 3 0x80008890 (0xa19e7f93) x31 0x0000fa09
core   0: 0x80008894 (0x01f81fb3) sll     t6, a6, t6
core   0: 3 0x80008894 (0x01f81fb3) x31 0xfffffe00
core   0: 0x80008898 (0x01c84833) xor     a6, a6, t3
core   0: 3 0x80008898 (0x01c84833) x16 0xffff04d4
core   0: 0x8000889c (0x02c302a3) sb      a2, 37(t1)
core   0: 3 0x8000889c (0x02c302a3) mem 0x8001387b 0x00
core   0: 0x800088a0 (0x000018fd) c.addi  a7, -1
core   0: 3 0x800088a0 (0x18fd) x17 0x926c4d41
core   0: 0x800088a2 (0x01d30803) lb      a6, 29(t1)
core   0: 3 0x800088a2 (0x01d30803) x16 0xffffffff mem 0x80013873
core   0: 0x800088a6 (0x000098e2) c.add   a7, s8
core   0: 3 0x800088a6 (0x98e2) x17 0x926c4ce9
core   0: 0x800088a8 (0x01032323) sw      a6, 6(t1)
core   0: 3 0x800088a8 (0x01032323) mem 0x8001385c 0xffffffff
core   0: 0x800088ac (0x00004525) c.li    a0, 9
core   0: 3 0x800088ac (0x4525) x10 0x00000009
core   0: 0x800088ae (0x00004abd) c.li    s5, 15
core   0: 3 0x800088ae (0x4abd) x21 0x0000000f
core   0: 0x800088b0 (0xa2050293) addi    t0, a0, -1504
core   0: 3 0x800088b0 (0xa2050293) x5  0xfffffa29
core   0: 0x800088b4 (0x00000515) c.addi  a0, 5
core   0: 3 0x800088b4 (0x0515) x10 0x0000000e
core   0: 0x800088b6 (0x00004ea1) c.li    t4, 8
core   0: 3 0x800088b6 (0x4ea1) x29 0x00000008
core   0: 0x800088b8 (0x00004d9d) c.li    s11, 7
core   0: 3 0x800088b8 (0x4d9d) x27 0x00000007
core   0: 0x800088ba (0x000065a9) c.lui   a1, 0xa
core   0: 3 0x800088ba (0x65a9) x11 0x0000a000
core   0: 0x800088bc (0x00001ef1) c.addi  t4, -4
core   0: 3 0x800088bc (0x1ef1) x29 0x00000004
core   0: 0x800088be (0xffbefee3) bgeu    t4, s11, pc - 4
core   0: 3 0x800088be (0xffbefee3)
core   0: 0x800088c2 (0xff5567e3) bltu    a0, s5, pc - 18
core   0: 3 0x800088c2 (0xff5567e3)
core   0: 0x800088b0 (0xa2050293) addi    t0, a0, -1504
core   0: 3 0x800088b0 (0xa2050293) x5  0xfffffa2e
core   0: 0x800088b4 (0x00000515) c.addi  a0, 5
core   0: 3 0x800088b4 (0x0515) x10 0x00000013
core   0: 0x800088b6 (0x00004ea1) c.li    t4, 8
core   0: 3 0x800088b6 (0x4ea1) x29 0x00000008
core   0: 0x800088b8 (0x00004d9d) c.li    s11, 7
core   0: 3 0x800088b8 (0x4d9d) x27 0x00000007
core   0: 0x800088ba (0x000065a9) c.lui   a1, 0xa
core   0: 3 0x800088ba (0x65a9) x11 0x0000a000
core   0: 0x800088bc (0x00001ef1) c.addi  t4, -4
core   0: 3 0x800088bc (0x1ef1) x29 0x00000004
core   0: 0x800088be (0xffbefee3) bgeu    t4, s11, pc - 4
core   0: 3 0x800088be (0xffbefee3)
core   0: 0x800088c2 (0xff5567e3) bltu    a0, s5, pc - 18
core   0: 3 0x800088c2 (0xff5567e3)
core   0: 0x800088c6 (0x016e7433) and     s0, t3, s6
core   0: 3 0x800088c6 (0x016e7433) x8  0x0000fb21
core   0: 0x800088ca (0x00008517) auipc   a0, 0x8
core   0: 3 0x800088ca (0x00008517) x10 0x800108ca
core   0: 0x800088ce (0x2e050513) addi    a0, a0, 736
core   0: 3 0x800088ce (0x2e050513) x10 0x80010baa
core   0: 0x800088d2 (0x01451523) sh      s4, 10(a0)
core   0: 3 0x800088d2 (0x01451523) mem 0x80010bb4 0x0798
core   0: 0x800088d6 (0x00000001) c.nop
core   0: 3 0x800088d6 (0x0001)
core   0: 0x800088d8 (0x03e96a33) rem     s4, s2, t5
core   0: 3 0x800088d8 (0x03e96a33) x20 0x00000000
core   0: 0x800088dc (0x00351623) sh      gp, 12(a0)
core   0: 3 0x800088dc (0x00351623) mem 0x80010bb6 0xd240
core   0: 0x800088e0 (0x00154e83) lbu     t4, 1(a0)
core   0: 3 0x800088e0 (0x00154e83) x29 0x0000002b mem 0x80010bab
core   0: 0x800088e4 (0xff054703) lbu     a4, -16(a0)
core   0: 3 0x800088e4 (0xff054703) x14 0x00000067 mem 0x80010b9a
core   0: 0x800088e8 (0x000082b5) c.srli  a3, 13
core   0: 3 0x800088e8 (0x82b5) x13 0x00000001
core   0: 0x800088ea (0x403706b3) sub     a3, a4, gp
core   0: 3 0x800088ea (0x403706b3) x13 0xffd62e27
core   0: 0x800088ee (0x00000001) c.nop
core   0: 3 0x800088ee (0x0001)
core   0: 0x800088f0 (0x01550023) sb      s5, 0(a0)
core   0: 3 0x800088f0 (0x01550023) mem 0x80010baa 0x0f
core   0: 0x800088f4 (0x02cbefb3) rem     t6, s7, a2
core   0: 3 0x800088f4 (0x02cbefb3) x31 0xfe965a9f
core   0: 0x800088f8 (0x00b504a3) sb      a1, 9(a0)
core   0: 3 0x800088f8 (0x00b504a3) mem 0x80010bb3 0x00
core   0: 0x800088fc (0xff350203) lb      tp, -13(a0)
core   0: 3 0x800088fc (0xff350203) x4  0xffffffde mem 0x80010b9d
core   0: 0x80008900 (0x03518f33) mul     t5, gp, s5
core   0: 3 0x80008900 (0x03518f33) x30 0x027351c0
core   0: 0x80008904 (0x41c052b3) sra     t0, zero, t3
core   0: 3 0x80008904 (0x41c052b3) x5  0x00000000
core   0: 0x80008908 (0xff855303) lhu     t1, -8(a0)
core   0: 3 0x80008908 (0xff855303) x6  0x00007b58 mem 0x80010ba2
core   0: 0x8000890c (0x009335b3) sltu    a1, t1, s1
core   0: 3 0x8000890c (0x009335b3) x11 0x00000000
core   0: 0x80008910 (0x416188b3) sub     a7, gp, s6
core   0: 3 0x80008910 (0x416188b3) x17 0x0029d28f
core   0: 0x80008914 (0x00654a83) lbu     s5, 6(a0)
core   0: 3 0x80008914 (0x00654a83) x21 0x00000055 mem 0x80010bb0
core   0: 0x80008918 (0xfe050e23) sb      zero, -4(a0)
core   0: 3 0x80008918 (0xfe050e23) mem 0x80010ba6 0x00
core   0: 0x8000891c (0xff350c83) lb      s9, -13(a0)
core   0: 3 0x8000891c (0xff350c83) x25 0xffffffde mem 0x80010b9d
core   0: 0x80008920 (0x0b84e993) ori     s3, s1, 184
core   0: 3 0x80008920 (0x0b84e993) x19 0x000000b8
core   0: 0x80008924 (0xff850ca3) sb      s8, -7(a0)
core   0: 3 0x80008924 (0xff850ca3) mem 0x80010ba3 0xa8
core   0: 0x80008928 (0xffc50583) lb      a1, -4(a0)
core   0: 3 0x80008928 (0xffc50583) x11 0x00000000 mem 0x80010ba6
core   0: 0x8000892c (0x00a50423) sb      a0, 8(a0)
core   0: 3 0x8000892c (0x00a50423) mem 0x80010bb2 0xaa
core   0: 0x80008930 (0x00741eb3) sll     t4, s0, t2
core   0: 3 0x80008930 (0x00741eb3) x29 0x21000000
core   0: 0x80008934 (0x00000446) c.slli  s0, 17
core   0: 3 0x80008934 (0x0446) x8  0xf6420000
core   0: 0x80008936 (0xffb50e23) sb      s11, -4(a0)
core   0: 3 0x80008936 (0xffb50e23) mem 0x80010ba6 0x07
core   0: 0x8000893a (0xff754b83) lbu     s7, -9(a0)
core   0: 3 0x8000893a (0xff754b83) x23 0x00000033 mem 0x80010ba1
core   0: 0x8000893e (0x00e51703) lh      a4, 14(a0)
core   0: 3 0x8000893e (0x00e51703) x14 0xffffab39 mem 0x80010bb8
core   0: 0x80008942 (0x036096b3) mulh    a3, ra, s6
core   0: 3 0x80008942 (0x036096b3) x13 0x00000000
core   0: 0x80008946 (0x00008f59) c.or    a4, a4
core   0: 3 0x80008946 (0x8f59) x14 0xffffab39
core   0: 0x80008948 (0xfe9508a3) sb      s1, -15(a0)
core   0: 3 0x80008948 (0xfe9508a3) mem 0x80010b9b 0x00
core   0: 0x8000894c (0x016505a3) sb      s6, 11(a0)
core   0: 3 0x8000894c (0x016505a3) mem 0x80010bb5 0xb1
core   0: 0x80008950 (0xff954a03) lbu     s4, -7(a0)
core   0: 3 0x80008950 (0xff954a03) x20 0x000000a8 mem 0x80010ba3
core   0: 0x80008954 (0x00000001) c.nop
core   0: 3 0x80008954 (0x0001)
core   0: 0x80008956 (0x00000c2e) c.slli  s8, 11
core   0: 3 0x80008956 (0x0c2e) x24 0xfffd4000
core   0: 0x80008958 (0x41a35d33) sra     s10, t1, s10
core   0: 3 0x80008958 (0x41a35d33) x26 0x00007b58
core   0: 0x8000895c (0x00c55903) lhu     s2, 12(a0)
core   0: 3 0x8000895c (0x00c55903) x18 0x0000d240 mem 0x80010bb6
core   0: 0x80008960 (0x000059fd) c.li    s3, -1
core   0: 3 0x80008960 (0x59fd) x19 0xffffffff
core   0: 0x80008962 (0x010c8bb3) add     s7, s9, a6
core   0: 3 0x80008962 (0x010c8bb3) x23 0xffffffdd
core   0: 0x80008966 (0x000081cd) c.srli  a1, 19
core   0: 3 0x80008966 (0x81cd) x11 0x00000000
core   0: 0x80008968 (0x00650a83) lb      s5, 6(a0)
core   0: 3 0x80008968 (0x00650a83) x21 0x00000055 mem 0x80010bb0
core   0: 0x8000896c (0x00000001) c.nop
core   0: 3 0x8000896c (0x0001)
core   0: 0x8000896e (0xff354603) lbu     a2, -13(a0)
core   0: 3 0x8000896e (0xff354603) x12 0x000000de mem 0x80010b9d
core   0: 0x80008972 (0x00a49db3) sll     s11, s1, a0
core   0: 3 0x80008972 (0x00a49db3) x27 0x00000000
core   0: 0x80008976 (0x00c51323) sh      a2, 6(a0)
core   0: 3 0x80008976 (0x00c51323) mem 0x80010bb0 0x00de
core   0: 0x8000897a (0xff150883) lb      a7, -15(a0)
core   0: 3 0x8000897a (0xff150883) x17 0x00000000 mem 0x80010b9b
core   0: 0x8000897e (0x0360036f) jal     t1, pc + 0x36
core   0: 3 0x8000897e (0x0360036f) x6  0x80008982
core   0: 0x800089b4 (0x00003fed) c.jal   pc - 6
core   0: 3 0x800089b4 (0x3fed) x1  0x800089b6
core   0: 0x800089ae (0x0000a819) c.j     pc + 22
core   0: 3 0x800089ae (0xa819)
core   0: 0x800089c4 (0x00003f7d) c.jal   pc - 66
core   0: 3 0x800089c4 (0x3f7d) x1  0x800089c6
core   0: 0x80008982 (0x00002801) c.jal   pc + 16
core   0: 3 0x80008982 (0x2801) x1  0x80008984
core   0: 0x80008992 (0x026000ef) jal     pc + 0x26
core   0: 3 0x80008992 (0x026000ef) x1  0x80008996
core   0: 0x800089b8 (0x0000a821) c.j     pc + 24
core   0: 3 0x800089b8 (0xa821)
core   0: 0x800089d0 (0x000037c5) c.jal   pc - 32
core   0: 3 0x800089d0 (0x37c5) x1  0x800089d2
core   0: 0x800089b0 (0x00a002ef) jal     t0, pc + 0xa
core   0: 3 0x800089b0 (0x00a002ef) x5  0x800089b4
core   0: 0x800089ba (0xfefff0ef) jal     pc - 0x12
core   0: 3 0x800089ba (0xfefff0ef) x1  0x800089be
core   0: 0x800089a8 (0x01e00d6f) jal     s10, pc + 0x1e
core   0: 3 0x800089a8 (0x01e00d6f) x26 0x800089ac
core   0: 0x800089c6 (0xfd1fffef) jal     t6, pc - 0x30
core   0: 3 0x800089c6 (0xfd1fffef) x31 0x800089ca
core   0: 0x80008996 (0x038001ef) jal     gp, pc + 0x38
core   0: 3 0x80008996 (0x038001ef) x3  0x8000899a
core   0: 0x800089ce (0x00003fd9) c.jal   pc - 42
core   0: 3 0x800089ce (0x3fd9) x1  0x800089d0
core   0: 0x800089a4 (0xfebff0ef) jal     pc - 0x16
core   0: 3 0x800089a4 (0xfebff0ef) x1  0x800089a8
core   0: 0x8000898e (0xfffff0ef) jal     pc - 0x2
core   0: 3 0x8000898e (0xfffff0ef) x1  0x80008992
core   0: 0x8000898c (0x00002801) c.jal   pc + 16
core   0: 3 0x8000898c (0x2801) x1  0x8000898e
core   0: 0x8000899c (0x00002805) c.jal   pc + 48
core   0: 3 0x8000899c (0x2805) x1  0x8000899e
core   0: 0x800089cc (0x0000bf65) c.j     pc - 72
core   0: 3 0x800089cc (0xbf65)
core   0: 0x80008984 (0x0000a009) c.j     pc + 2
core   0: 3 0x80008984 (0xa009)
core   0: 0x80008986 (0x01c00d6f) jal     s10, pc + 0x1c
core   0: 3 0x80008986 (0x01c00d6f) x26 0x8000898a
core   0: 0x800089a2 (0x0000bfe5) c.j     pc - 8
core   0: 3 0x800089a2 (0xbfe5)
core   0: 0x8000899a (0x0000a831) c.j     pc + 28
core   0: 3 0x8000899a (0xa831)
core   0: 0x800089b6 (0x0000a021) c.j     pc + 8
core   0: 3 0x800089b6 (0xa021)
core   0: 0x800089be (0x00002031) c.jal   pc + 12
core   0: 3 0x800089be (0x2031) x1  0x800089c0
core   0: 0x800089ca (0x0000bfd1) c.j     pc - 44
core   0: 3 0x800089ca (0xbfd1)
core   0: 0x8000899e (0x0340066f) jal     a2, pc + 0x34
core   0: 3 0x8000899e (0x0340066f) x12 0x800089a2
core   0: 0x800089d2 (0x0000b7fd) c.j     pc - 18
core   0: 3 0x800089d2 (0xb7fd)
core   0: 0x800089c0 (0xfedff0ef) jal     pc - 0x14
core   0: 3 0x800089c0 (0xfedff0ef) x1  0x800089c4
core   0: 0x800089ac (0x00003ff9) c.jal   pc - 34
core   0: 3 0x800089ac (0x3ff9) x1  0x800089ae
core   0: 0x8000898a (0x000020a9) c.jal   pc + 74
core   0: 3 0x8000898a (0x20a9) x1  0x8000898c
core   0: 0x800089d4 (0x012d9433) sll     s0, s11, s2
core   0: 3 0x800089d4 (0x012d9433) x8  0x00000000
core   0: 0x800089d8 (0x00008c41) c.or    s0, s0
core   0: 3 0x800089d8 (0x8c41) x8  0x00000000
core   0: 0x800089da (0x00008ebd) c.xor   a3, a5
core   0: 3 0x800089da (0x8ebd) x13 0x80000000
core   0: 0x800089dc (0x032e5f33) divu    t5, t3, s2
core   0: 3 0x800089dc (0x032e5f33) x30 0x00000001
core   0: 0x800089e0 (0x000061e1) c.lui   gp, 0x18
core   0: 3 0x800089e0 (0x61e1) x3  0x00018000
core   0: 0x800089e2 (0x00bad733) srl     a4, s5, a1
core   0: 3 0x800089e2 (0x00bad733) x14 0x00000055
core   0: 0x800089e6 (0xc4ed7317) auipc   t1, 0xc4ed7
core   0: 3 0x800089e6 (0xc4ed7317) x6  0x44edf9e6
core   0: 0x800089ea (0x2942e317) auipc   t1, 0x2942e
core   0: 3 0x800089ea (0x2942e317) x6  0xa94369ea
core   0: 0x800089ee (0x4018dfb3) sra     t6, a7, ra
core   0: 3 0x800089ee (0x4018dfb3) x31 0x00000000
core   0: 0x800089f2 (0x01c8c763) blt     a7, t3, pc + 14
core   0: 3 0x800089f2 (0x01c8c763)
core   0: 0x80008a00 (0x000082ea) c.mv    t0, s10
core   0: 3 0x80008a00 (0x82ea) x5  0x8000898a
core   0: 0x80008a02 (0x01739b13) slli    s6, t2, 23
core   0: 3 0x80008a02 (0x01739b13) x22 0x1c000000
core   0: 0x80008a06 (0x69e90293) addi    t0, s2, 1694
core   0: 3 0x80008a06 (0x69e90293) x5  0x0000d8de
core   0: 0x80008a0a (0x000059fd) c.li    s3, -1
core   0: 3 0x80008a0a (0x59fd) x19 0xffffffff
core   0: 0x80008a0c (0xf1539717) auipc   a4, 0xf1539
core   0: 3 0x80008a0c (0xf1539717) x14 0x71541a0c
core   0: 0x80008a10 (0x0000970e) c.add   a4, gp
core   0: 3 0x80008a10 (0x970e) x14 0x71559a0c
core   0: 0x80008a12 (0x000006b2) c.slli  a3, 12
core   0: 3 0x80008a12 (0x06b2) x13 0x00000000
core   0: 0x80008a14 (0x00008ebd) c.xor   a3, a5
core   0: 3 0x80008a14 (0x8ebd) x13 0x80000000
core   0: 0x80008a16 (0x0000875d) c.srai  a4, 23
core   0: 3 0x80008a16 (0x875d) x14 0x000000e2
core   0: 0x80008a18 (0x00a06963) bltu    zero, a0, pc + 18
core   0: 3 0x80008a18 (0x00a06963)
core   0: 0x80008a2a (0x0000065a) c.slli  a2, 22
core   0: 3 0x80008a2a (0x065a) x12 0x68800000
core   0: 0x80008a2c (0x03b84963) blt     a6, s11, pc + 50
core   0: 3 0x80008a2c (0x03b84963)
core   0: 0x80008a5e (0x02880933) mul     s2, a6, s0
core   0: 3 0x80008a5e (0x02880933) x18 0x00000000
core   0: 0x80008a62 (0x000061cd) c.lui   gp, 0x13
core   0: 3 0x80008a62 (0x61cd) x3  0x00013000
core   0: 0x80008a64 (0x01335db3) srl     s11, t1, s3
core   0: 3 0x80008a64 (0x01335db3) x27 0x00000001
core   0: 0x80008a68 (0x0312eb63) bltu    t0, a7, pc + 54
core   0: 3 0x80008a68 (0x0312eb63)
core   0: 0x80008a6c (0x034c1c63) bne     s8, s4, pc + 56
core   0: 3 0x80008a6c (0x034c1c63)
core   0: 0x80008aa4 (0x4041d833) sra     a6, gp, tp
core   0: 3 0x80008aa4 (0x4041d833) x16 0x00000000
core   0: 0x80008aa8 (0x03b79333) mulh    t1, a5, s11
core   0: 3 0x80008aa8 (0x03b79333) x6  0xffffffff
core   0: 0x80008aac (0x02d54833) div     a6, a0, a3
core   0: 3 0x80008aac (0x02d54833) x16 0x00000000
core   0: 0x80008ab0 (0x0053fb33) and     s6, t2, t0
core   0: 3 0x80008ab0 (0x0053fb33) x22 0x00005818
core   0: 0x80008ab4 (0xd11de593) ori     a1, s11, -751
core   0: 3 0x80008ab4 (0xd11de593) x11 0xfffffd11
core   0: 0x80008ab8 (0x0261af33) mulhsu  t5, gp, t1
core   0: 3 0x80008ab8 (0x0261af33) x30 0x00012fff
core   0: 0x80008abc (0x000001fa) c.slli  gp, 30
core   0: 3 0x80008abc (0x01fa) x3  0x00000000
core   0: 0x80008abe (0x02039a33) mulh    s4, t2, zero
core   0: 3 0x80008abe (0x02039a33) x20 0x00000000
core   0: 0x80008ac2 (0x0218de63) bge     a7, ra, pc + 60
core   0: 3 0x80008ac2 (0x0218de63)
core   0: 0x80008afe (0x02387363) bgeu    a6, gp, pc + 38
core   0: 3 0x80008afe (0x02387363)
core   0: 0x80008b24 (0x03fb81b3) mul     gp, s7, t6
core   0: 3 0x80008b24 (0x03fb81b3) x3  0x00000000
core   0: 0x80008b28 (0x0000987d) c.andi  s0, -1
core   0: 3 0x80008b28 (0x987d) x8  0x00000000
core   0: 0x80008b2a (0x0195cbb3) xor     s7, a1, s9
core   0: 3 0x80008b2a (0x0195cbb3) x23 0x000002cf
core   0: 0x80008b2e (0x7687ba97) auipc   s5, 0x7687b
core   0: 3 0x80008b2e (0x7687ba97) x21 0xf6883b2e
core   0: 0x80008b32 (0x01c39493) slli    s1, t2, 28
core   0: 3 0x80008b32 (0x01c39493) x9  0x80000000
core   0: 0x80008b36 (0x022cd933) divu    s2, s9, sp
core   0: 3 0x80008b36 (0x022cd933) x18 0x00000001
core   0: 0x80008b3a (0x00006549) c.lui   a0, 0x12
core   0: 3 0x80008b3a (0x6549) x10 0x00012000
core   0: 0x80008b3c (0x015b71b3) and     gp, s6, s5
core   0: 3 0x80008b3c (0x015b71b3) x3  0x00001808
core   0: 0x80008b40 (0x015c0eb3) add     t4, s8, s5
core   0: 3 0x80008b40 (0x015c0eb3) x29 0xf6857b2e
core   0: 0x80008b44 (0x00008c59) c.or    s0, a4
core   0: 3 0x80008b44 (0x8c59) x8  0x000000e2
core   0: 0x80008b46 (0x037fcc33) div     s8, t6, s7
core   0: 3 0x80008b46 (0x037fcc33) x24 0x00000000
core   0: 0x80008b4a (0x031fdf63) bge     t6, a7, pc + 62
core   0: 3 0x80008b4a (0x031fdf63)
core   0: 0x80008b88 (0x00009a42) c.add   s4, a6
core   0: 3 0x80008b88 (0x9a42) x20 0x00000000
core   0: 0x80008b8a (0x004e44b3) xor     s1, t3, tp
core   0: 3 0x80008b8a (0x004e44b3) x9  0xffff04f5
core   0: 0x80008b8e (0x000085f5) c.srai  a1, 29
core   0: 3 0x80008b8e (0x85f5) x11 0xffffffff
core   0: 0x80008b90 (0x10fd90b7) lui     ra, 0x10fd9
core   0: 3 0x80008b90 (0x10fd90b7) x1  0x10fd9000
core   0: 0x80008b94 (0x01fc86b3) add     a3, s9, t6
core   0: 3 0x80008b94 (0x01fc86b3) x13 0xffffffde
core   0: 0x80008b98 (0x000088c1) c.andi  s1, 16
core   0: 3 0x80008b98 (0x88c1) x9  0x00000010
core   0: 0x80008b9a (0x01c61a93) slli    s5, a2, 28
core   0: 3 0x80008b9a (0x01c61a93) x21 0x00000000
core   0: 0x80008b9e (0x0c497293) andi    t0, s2, 196
core   0: 3 0x80008b9e (0x0c497293) x5  0x00000000
core   0: 0x80008ba2 (0x43d2a413) slti    s0, t0, 1085
core   0: 3 0x80008ba2 (0x43d2a413) x8  0x00000001
core   0: 0x80008ba6 (0x02a06563) bltu    zero, a0, pc + 42
core   0: 3 0x80008ba6 (0x02a06563)
core   0: 0x80008bd0 (0xaa0b8493) addi    s1, s7, -1376
core   0: 3 0x80008bd0 (0xaa0b8493) x9  0xfffffd6f
core   0: 0x80008bd4 (0x003919b3) sll     s3, s2, gp
core   0: 3 0x80008bd4 (0x003919b3) x19 0x00000100
core   0: 0x80008bd8 (0x0508cd63) blt     a7, a6, pc + 90
core   0: 3 0x80008bd8 (0x0508cd63)
core   0: 0x80008bdc (0x0000177d) c.addi  a4, -1
core   0: 3 0x80008bdc (0x177d) x14 0x000000e1
core   0: 0x80008bde (0x41a95733) sra     a4, s2, s10
core   0: 3 0x80008bde (0x41a95733) x14 0x00000000
core   0: 0x80008be2 (0x0375ceb3) div     t4, a1, s7
core   0: 3 0x80008be2 (0x0375ceb3) x29 0x00000000
core   0: 0x80008be6 (0x00005bfd) c.li    s7, -1
core   0: 3 0x80008be6 (0x5bfd) x23 0xffffffff
core   0: 0x80008be8 (0x000002e2) c.slli  t0, 24
core   0: 3 0x80008be8 (0x02e2) x5  0x00000000
core   0: 0x80008bea (0x6055f213) andi    tp, a1, 1541
core   0: 3 0x80008bea (0x6055f213) x4  0x00000605
core   0: 0x80008bee (0x00008cfd) c.and   s1, a5
core   0: 3 0x80008bee (0x8cfd) x9  0x80000000
core   0: 0x80008bf0 (0x031eb333) mulhu   t1, t4, a7
core   0: 3 0x80008bf0 (0x031eb333) x6  0x00000000
core   0: 0x80008bf4 (0x00005e65) c.li    t3, -7
core   0: 3 0x80008bf4 (0x5e65) x28 0xfffffff9
core   0: 0x80008bf6 (0x00000f14) c.addi4spn a3, sp, 912
core   0: 3 0x80008bf6 (0x0f14) x13 0x8002a0b4
core   0: 0x80008bf8 (0x00001efd) c.addi  t4, -1
core   0: 3 0x80008bf8 (0x1efd) x29 0xffffffff
core   0: 0x80008bfa (0x010e5833) srl     a6, t3, a6
core   0: 3 0x80008bfa (0x010e5833) x16 0xfffffff9
core   0: 0x80008bfe (0x00001be9) c.addi  s7, -6
core   0: 3 0x80008bfe (0x1be9) x23 0xfffffff9
core   0: 0x80008c00 (0x038b4333) div     t1, s6, s8
core   0: 3 0x80008c00 (0x038b4333) x6  0xffffffff
core   0: 0x80008c04 (0x00004329) c.li    t1, 10
core   0: 3 0x80008c04 (0x4329) x6  0x0000000a
core   0: 0x80008c06 (0x02962533) mulhsu  a0, a2, s1
core   0: 3 0x80008c06 (0x02962533) x10 0x34400000
core   0: 0x80008c0a (0x00004f11) c.li    t5, 4
core   0: 3 0x80008c0a (0x4f11) x30 0x00000004
core   0: 0x80008c0c (0x00004a4d) c.li    s4, 19
core   0: 3 0x80008c0c (0x4a4d) x20 0x00000013
core   0: 0x80008c0e (0x01174033) xor     zero, a4, a7
core   0: 3 0x80008c0e (0x01174033)
core   0: 0x80008c12 (0x4ac24493) xori    s1, tp, 1196
core   0: 3 0x80008c12 (0x4ac24493) x9  0x000002a9
core   0: 0x80008c16 (0x00000f05) c.addi  t5, 1
core   0: 3 0x80008c16 (0x0f05) x30 0x00000005
core   0: 0x80008c18 (0x00004c59) c.li    s8, 22
core   0: 3 0x80008c18 (0x4c59) x24 0x00000016
core   0: 0x80008c1a (0xff4f0ce3) beq     t5, s4, pc - 8
core   0: 3 0x80008c1a (0xff4f0ce3)
core   0: 0x80008c1e (0x411951b3) sra     gp, s2, a7
core   0: 3 0x80008c1e (0x411951b3) x3  0x00000001
core   0: 0x80008c22 (0x9f412993) slti    s3, sp, -1548
core   0: 3 0x80008c22 (0x9f412993) x19 0x00000001
core   0: 0x80008c26 (0xfdcb98e3) bne     s7, t3, pc - 48
core   0: 3 0x80008c26 (0xfdcb98e3)
core   0: 0x80008c2a (0x00fa6c33) or      s8, s4, a5
core   0: 3 0x80008c2a (0x00fa6c33) x24 0x80000013
core   0: 0x80008c2e (0x01707e63) bgeu    zero, s7, pc + 28
core   0: 3 0x80008c2e (0x01707e63)
core   0: 0x80008c32 (0x00008d41) c.or    a0, s0
core   0: 3 0x80008c32 (0x8d41) x10 0x34400001
core   0: 0x80008c34 (0x03cc0f63) beq     s8, t3, pc + 62
core   0: 3 0x80008c34 (0x03cc0f63)
core   0: 0x80008c38 (0x0190cdb3) xor     s11, ra, s9
core   0: 3 0x80008c38 (0x0190cdb3) x27 0xef026fde
core   0: 0x80008c3c (0x00009686) c.add   a3, ra
core   0: 3 0x80008c3c (0x9686) x13 0x910030b4
core   0: 0x80008c3e (0x02c39fb3) mulh    t6, t2, a2
core   0: 3 0x80008c3e (0x02c39fb3) x31 0xcbc0f775
core   0: 0x80008c42 (0x03eae1b3) rem     gp, s5, t5
core   0: 3 0x80008c42 (0x03eae1b3) x3  0x00000000
core   0: 0x80008c46 (0xd3f70db7) lui     s11, 0xd3f70
core   0: 3 0x80008c46 (0xd3f70db7) x27 0xd3f70000
core   0: 0x80008c4a (0x0092ea63) bltu    t0, s1, pc + 20
core   0: 3 0x80008c4a (0x0092ea63)
core   0: 0x80008c5e (0x0197b0b3) sltu    ra, a5, s9
core   0: 3 0x80008c5e (0x0197b0b3) x1  0x00000001
core   0: 0x80008c62 (0x025789b3) mul     s3, a5, t0
core   0: 3 0x80008c62 (0x025789b3) x19 0x00000000
core   0: 0x80008c66 (0x018e9a13) slli    s4, t4, 24
core   0: 3 0x80008c66 (0x018e9a13) x20 0xff000000
core   0: 0x80008c6a (0x19da0e13) addi    t3, s4, 413
core   0: 3 0x80008c6a (0x19da0e13) x28 0xff00019d
core   0: 0x80008c6e (0x01f988b3) add     a7, s3, t6
core   0: 3 0x80008c6e (0x01f988b3) x17 0xcbc0f775
core   0: 0x80008c72 (0xb03ced17) auipc   s10, 0xb03ce
core   0: 3 0x80008c72 (0xb03ced17) x26 0x303d6c72
core   0: 0x80008c76 (0x00a8c763) blt     a7, a0, pc + 14
core   0: 3 0x80008c76 (0x00a8c763)
core   0: 0x80008c84 (0x00039033) sll     zero, t2, zero
core   0: 3 0x80008c84 (0x00039033)
core   0: 0x80008c88 (0x010486b3) add     a3, s1, a6
core   0: 3 0x80008c88 (0x010486b3) x13 0x000002a2
core   0: 0x80008c8c (0x0392bfb3) mulhu   t6, t0, s9
core   0: 3 0x80008c8c (0x0392bfb3) x31 0x00000000
core   0: 0x80008c90 (0x000005cd) c.addi  a1, 19
core   0: 3 0x80008c90 (0x05cd) x11 0x00000012
core   0: 0x80008c92 (0x4027d733) sra     a4, a5, sp
core   0: 3 0x80008c92 (0x4027d733) x14 0xf8000000
core   0: 0x80008c96 (0xf70b8e13) addi    t3, s7, -144
core   0: 3 0x80008c96 (0xf70b8e13) x28 0xffffff69
core   0: 0x80008c9a (0x003c9e13) slli    t3, s9, 3
core   0: 3 0x80008c9a (0x003c9e13) x28 0xfffffef0
core   0: 0x80008c9e (0x403add93) srai    s11, s5, 3
core   0: 3 0x80008c9e (0x403add93) x27 0x00000000
core   0: 0x80008ca2 (0x419fd013) srai    zero, t6, 25
core   0: 3 0x80008ca2 (0x419fd013)
core   0: 0x80008ca6 (0x001ef463) bgeu    t4, ra, pc + 8
core   0: 3 0x80008ca6 (0x001ef463)
core   0: 0x80008cae (0x82de0913) addi    s2, t3, -2003
core   0: 3 0x80008cae (0x82de0913) x18 0xfffff71d
core   0: 0x80008cb2 (0x41015293) srai    t0, sp, 16
core   0: 3 0x80008cb2 (0x41015293) x5  0xffff8002
core   0: 0x80008cb6 (0x008eff33) and     t5, t4, s0
core   0: 3 0x80008cb6 (0x008eff33) x30 0x00000001
core   0: 0x80008cba (0x02c766b3) rem     a3, a4, a2
core   0: 3 0x80008cba (0x02c766b3) x13 0xf8000000
core   0: 0x80008cbe (0x00004841) c.li    a6, 16
core   0: 3 0x80008cbe (0x4841) x16 0x00000010
core   0: 0x80008cc0 (0x03641c63) bne     s0, s6, pc + 56
core   0: 3 0x80008cc0 (0x03641c63)
core   0: 0x80008cf8 (0x02985f63) bge     a6, s1, pc + 62
core   0: 3 0x80008cf8 (0x02985f63)
core   0: 0x80008cfc (0x03ea4933) div     s2, s4, t5
core   0: 3 0x80008cfc (0x03ea4933) x18 0xff000000
core   0: 0x80008d00 (0x014824b3) slt     s1, a6, s4
core   0: 3 0x80008d00 (0x014824b3) x9  0x00000000
core   0: 0x80008d04 (0x0000097a) c.slli  s2, 30
core   0: 3 0x80008d04 (0x097a) x18 0x00000000
core   0: 0x80008d06 (0x021885b3) mul     a1, a7, ra
core   0: 3 0x80008d06 (0x021885b3) x11 0xcbc0f775
core   0: 0x80008d0a (0x007c94b3) sll     s1, s9, t2
core   0: 3 0x80008d0a (0x007c94b3) x9  0xde000000
core   0: 0x80008d0e (0x41a2d993) srai    s3, t0, 26
core   0: 3 0x80008d0e (0x41a2d993) x19 0xffffffff
core   0: 0x80008d12 (0x00f2c8b3) xor     a7, t0, a5
core   0: 3 0x80008d12 (0x00f2c8b3) x17 0x7fff8002
core   0: 0x80008d16 (0x017fecb3) or      s9, t6, s7
core   0: 3 0x80008d16 (0x017fecb3) x25 0xfffffff9
core   0: 0x80008d1a (0x26cba293) slti    t0, s7, 620
core   0: 3 0x80008d1a (0x26cba293) x5  0x00000001
core   0: 0x80008d1e (0x0000c601) c.beqz  a2, pc + 8
core   0: 3 0x80008d1e (0xc601)
core   0: 0x80008d20 (0x00001dfd) c.addi  s11, -1
core   0: 3 0x80008d20 (0x1dfd) x27 0xffffffff
core   0: 0x80008d22 (0x029349b3) div     s3, t1, s1
core   0: 3 0x80008d22 (0x029349b3) x19 0x00000000
core   0: 0x80008d26 (0x41e5d313) srai    t1, a1, 30
core   0: 3 0x80008d26 (0x41e5d313) x6  0xffffffff
core   0: 0x80008d2a (0x00000001) c.nop
core   0: 3 0x80008d2a (0x0001)
core   0: 0x80008d2c (0x000085a9) c.srai  a1, 10
core   0: 3 0x80008d2c (0x85a9) x11 0xfff2f03d
core   0: 0x80008d2e (0x410009b3) sub     s3, zero, a6
core   0: 3 0x80008d2e (0x410009b3) x19 0xfffffff0
core   0: 0x80008d32 (0x01e232b3) sltu    t0, tp, t5
core   0: 3 0x80008d32 (0x01e232b3) x5  0x00000000
core   0: 0x80008d36 (0x5341d237) lui     tp, 0x5341d
core   0: 3 0x80008d36 (0x5341d237) x4  0x5341d000
core   0: 0x80008d3a (0x0207b433) mulhu   s0, a5, zero
core   0: 3 0x80008d3a (0x0207b433) x8  0x00000000
core   0: 0x80008d3e (0x01505a33) srl     s4, zero, s5
core   0: 3 0x80008d3e (0x01505a33) x20 0x00000000
core   0: 0x80008d42 (0x035d7b63) bgeu    s10, s5, pc + 54
core   0: 3 0x80008d42 (0x035d7b63)
core   0: 0x80008d78 (0x00008cad) c.xor   s1, a1
core   0: 3 0x80008d78 (0x8cad) x9  0x21f2f03d
core   0: 0x80008d7a (0x02b3a333) mulhsu  t1, t2, a1
core   0: 3 0x80008d7a (0x02b3a333) x6  0x8008e5fa
core   0: 0x80008d7e (0x0000859d) c.srai  a1, 7
core   0: 3 0x80008d7e (0x859d) x11 0xffffe5e0
core   0: 0x80008d80 (0x021cd6b3) divu    a3, s9, ra
core   0: 3 0x80008d80 (0x021cd6b3) x13 0xfffffff9
core   0: 0x80008d84 (0x00008876) c.mv    a6, t4
core   0: 3 0x80008d84 (0x8876) x16 0xffffffff
core   0: 0x80008d86 (0x41045933) sra     s2, s0, a6
core   0: 3 0x80008d86 (0x41045933) x18 0x00000000
core   0: 0x80008d8a (0x458ddb17) auipc   s6, 0x458dd
core   0: 3 0x80008d8a (0x458ddb17) x22 0xc58e5d8a
core   0: 0x80008d8e (0x00000951) c.addi  s2, 20
core   0: 3 0x80008d8e (0x0951) x18 0x00000014
core   0: 0x80008d90 (0x00009a7d) c.andi  a2, -1
core   0: 3 0x80008d90 (0x9a7d) x12 0x68800000
core   0: 0x80008d92 (0xdef2fb13) andi    s6, t0, -529
core   0: 3 0x80008d92 (0xdef2fb13) x22 0x00000000
core   0: 0x80008d96 (0x019cdc93) srli    s9, s9, 25
core   0: 3 0x80008d96 (0x019cdc93) x25 0x0000007f
core   0: 0x80008d9a (0x00008445) c.srai  s0, 17
core   0: 3 0x80008d9a (0x8445) x8  0x00000000
core   0: 0x80008d9c (0x01721a63) bne     tp, s7, pc + 20
core   0: 3 0x80008d9c (0x01721a63)
core   0: 0x80008db0 (0x0000874e) c.mv    a4, s3
core   0: 3 0x80008db0 (0x874e) x14 0xfffffff0
core   0: 0x80008db2 (0x03600a63) beq     zero, s6, pc + 52
core   0: 3 0x80008db2 (0x03600a63)
core   0: 0x80008de6 (0x0bb93cb7) lui     s9, 0xbb93
core   0: 3 0x80008de6 (0x0bb93cb7) x25 0x0bb93000
core   0: 0x80008dea (0x00008611) c.srai  a2, 4
core   0: 3 0x80008dea (0x8611) x12 0x06880000
core   0: 0x80008dec (0x9f416c13) ori     s8, sp, -1548
core   0: 3 0x80008dec (0x9f416c13) x24 0xfffffdf4
core   0: 0x80008df0 (0x00009b7d) c.andi  a4, -1
core   0: 3 0x80008df0 (0x9b7d) x14 0xfffffff0
core   0: 0x80008df2 (0x0012fbb3) and     s7, t0, ra
core   0: 3 0x80008df2 (0x0012fbb3) x23 0x00000000
core   0: 0x80008df6 (0x02ac3a33) mulhu   s4, s8, a0
core   0: 3 0x80008df6 (0x02ac3a33) x20 0x343fff96
core   0: 0x80008dfa (0x40cfdc93) srai    s9, t6, 12
core   0: 3 0x80008dfa (0x40cfdc93) x25 0x00000000
core   0: 0x80008dfe (0x00004bc1) c.li    s7, 16
core   0: 3 0x80008dfe (0x4bc1) x23 0x00000010
core   0: 0x80008e00 (0x02117063) bgeu    sp, ra, pc + 32
core   0: 3 0x80008e00 (0x02117063)
core   0: 0x80008e20 (0x022d1db3) mulh    s11, s10, sp
core   0: 3 0x80008e20 (0x022d1db3) x27 0xe7e1c7de
core   0: 0x80008e24 (0x000050fd) c.li    ra, -1
core   0: 3 0x80008e24 (0x50fd) x1  0xffffffff
core   0: 0x80008e26 (0x008efe33) and     t3, t4, s0
core   0: 3 0x80008e26 (0x008efe33) x28 0x00000000
core   0: 0x80008e2a (0x025c4863) blt     s8, t0, pc + 48
core   0: 3 0x80008e2a (0x025c4863)
core   0: 0x80008e5a (0x00005afd) c.li    s5, -1
core   0: 3 0x80008e5a (0x5afd) x21 0xffffffff
core   0: 0x80008e5c (0x03fe4b63) blt     t3, t6, pc + 54
core   0: 3 0x80008e5c (0x03fe4b63)
core   0: 0x80008e60 (0x05398363) beq     s3, s3, pc + 70
core   0: 3 0x80008e60 (0x05398363)
core   0: 0x80008ea6 (0xe7336013) ori     zero, t1, -397
core   0: 3 0x80008ea6 (0xe7336013)
core   0: 0x80008eaa (0x00fdcbb3) xor     s7, s11, a5
core   0: 3 0x80008eaa (0x00fdcbb3) x23 0x67e1c7de
core   0: 0x80008eae (0x00004e1d) c.li    t3, 7
core   0: 3 0x80008eae (0x4e1d) x28 0x00000007
core   0: 0x80008eb0 (0x0187c463) blt     a5, s8, pc + 8
core   0: 3 0x80008eb0 (0x0187c463)
core   0: 0x80008eb8 (0x01062a33) slt     s4, a2, a6
core   0: 3 0x80008eb8 (0x01062a33) x20 0x00000000
core   0: 0x80008ebc (0x003fd493) srli    s1, t6, 3
core   0: 3 0x80008ebc (0x003fd493) x9  0x00000000
core   0: 0x80008ec0 (0x01d341b3) xor     gp, t1, t4
core   0: 3 0x80008ec0 (0x01d341b3) x3  0x7ff71a05
core   0: 0x80008ec4 (0x0360fd33) remu    s10, ra, s6
core   0: 3 0x80008ec4 (0x0360fd33) x26 0xffffffff
core   0: 0x80008ec8 (0x007f98b3) sll     a7, t6, t2
core   0: 3 0x80008ec8 (0x007f98b3) x17 0x00000000
core   0: 0x80008ecc (0x00008c75) c.and   s0, a3
core   0: 3 0x80008ecc (0x8c75) x8  0x00000000
core   0: 0x80008ece (0x00008941) c.andi  a0, 16
core   0: 3 0x80008ece (0x8941) x10 0x00000000
core   0: 0x80008ed0 (0x005c4763) blt     s8, t0, pc + 14
core   0: 3 0x80008ed0 (0x005c4763)
core   0: 0x80008ede (0x02981633) mulh    a2, a6, s1
core   0: 3 0x80008ede (0x02981633) x12 0x00000000
core   0: 0x80008ee2 (0x02d39db3) mulh    s11, t2, a3
core   0: 3 0x80008ee2 (0x02d39db3) x27 0x00000003
core   0: 0x80008ee6 (0x00000001) c.nop
core   0: 3 0x80008ee6 (0x0001)
core   0: 0x80008ee8 (0x00000001) c.nop
core   0: 3 0x80008ee8 (0x0001)
core   0: 0x80008eea (0x00e7dc13) srli    s8, a5, 14
core   0: 3 0x80008eea (0x00e7dc13) x24 0x00020000
core   0: 0x80008eee (0x40bedeb3) sra     t4, t4, a1
core   0: 3 0x80008eee (0x40bedeb3) x29 0xffffffff
core   0: 0x80008ef2 (0x0373dc33) divu    s8, t2, s7
core   0: 3 0x80008ef2 (0x0373dc33) x24 0x00000001
core   0: 0x80008ef6 (0x0000bbb3) sltu    s7, ra, zero
core   0: 3 0x80008ef6 (0x0000bbb3) x23 0x00000000
core   0: 0x80008efa (0x00000001) c.nop
core   0: 3 0x80008efa (0x0001)
core   0: 0x80008efc (0xdf81c317) auipc   t1, 0xdf81c
core   0: 3 0x80008efc (0xdf81c317) x6  0x5f824efc
core   0: 0x80008f00 (0x65d23593) sltiu   a1, tp, 1629
core   0: 3 0x80008f00 (0x65d23593) x11 0x00000000
core   0: 0x80008f04 (0x00008021) c.srli  s0, 8
core   0: 3 0x80008f04 (0x8021) x8  0x00000000
core   0: 0x80008f06 (0x83b6e513) ori     a0, a3, -1989
core   0: 3 0x80008f06 (0x83b6e513) x10 0xfffffffb
core   0: 0x80008f0a (0x051a5863) bge     s4, a7, pc + 80
core   0: 3 0x80008f0a (0x051a5863)
core   0: 0x80008f5a (0x00006199) c.lui   gp, 0x6
core   0: 3 0x80008f5a (0x6199) x3  0x00006000
core   0: 0x80008f5c (0x01ecfeb3) and     t4, s9, t5
core   0: 3 0x80008f5c (0x01ecfeb3) x29 0x00000000
core   0: 0x80008f60 (0x03d7e063) bltu    a5, t4, pc + 32
core   0: 3 0x80008f60 (0x03d7e063)
core   0: 0x80008f64 (0x0000071a) c.slli  a4, 6
core   0: 3 0x80008f64 (0x071a) x14 0xfffffc00
core   0: 0x80008f66 (0x00000001) c.nop
core   0: 3 0x80008f66 (0x0001)
core   0: 0x80008f68 (0x4063df93) srai    t6, t2, 6
core   0: 3 0x80008f68 (0x4063df93) x31 0xfe000978
core   0: 0x80008f6c (0x9bf96493) ori     s1, s2, -1601
core   0: 3 0x80008f6c (0x9bf96493) x9  0xfffff9bf
core   0: 0x80008f70 (0x2debe813) ori     a6, s7, 734
core   0: 3 0x80008f70 (0x2debe813) x16 0x000002de
core   0: 0x80008f74 (0x00008031) c.srli  s0, 12
core   0: 3 0x80008f74 (0x8031) x8  0x00000000
core   0: 0x80008f76 (0x00008499) c.srai  s1, 6
core   0: 3 0x80008f76 (0x8499) x9  0xffffffe6
core   0: 0x80008f78 (0xc3df0a17) auipc   s4, 0xc3df0
core   0: 3 0x80008f78 (0xc3df0a17) x20 0x43df8f78
core   0: 0x80008f7c (0xba56ef93) ori     t6, a3, -1115
core   0: 3 0x80008f7c (0xba56ef93) x31 0xfffffffd
core   0: 0x80008f80 (0x030e8fb3) mul     t6, t4, a6
core   0: 3 0x80008f80 (0x030e8fb3) x31 0x00000000
core   0: 0x80008f84 (0x00008d59) c.or    a0, a4
core   0: 3 0x80008f84 (0x8d59) x10 0xfffffffb
core   0: 0x80008f86 (0xf8f1bc17) auipc   s8, 0xf8f1b
core   0: 3 0x80008f86 (0xf8f1bc17) x24 0x78f23f86
core   0: 0x80008f8a (0x0000c909) c.beqz  a0, pc + 18
core   0: 3 0x80008f8a (0xc909)
core   0: 0x80008f8c (0x037efb63) bgeu    t4, s7, pc + 54
core   0: 3 0x80008f8c (0x037efb63)
core   0: 0x80008fc2 (0x0000809d) c.srli  s1, 7
core   0: 3 0x80008fc2 (0x809d) x9  0x01ffffff
core   0: 0x80008fc4 (0x50c64f13) xori    t5, a2, 1292
core   0: 3 0x80008fc4 (0x50c64f13) x30 0x0000050c
core   0: 0x80008fc8 (0x01fa2633) slt     a2, s4, t6
core   0: 3 0x80008fc8 (0x01fa2633) x12 0x00000000
core   0: 0x80008fcc (0x00008c8d) c.sub   s1, a1
core   0: 3 0x80008fcc (0x8c8d) x9  0x01ffffff
core   0: 0x80008fce (0x01edf633) and     a2, s11, t5
core   0: 3 0x80008fce (0x01edf633) x12 0x00000000
core   0: 0x80008fd2 (0x00008e69) c.and   a2, a0
core   0: 3 0x80008fd2 (0x8e69) x12 0x00000000
core   0: 0x80008fd4 (0xe3eaef13) ori     t5, s5, -450
core   0: 3 0x80008fd4 (0xe3eaef13) x30 0xffffffff
core   0: 0x80008fd8 (0x00008f75) c.and   a4, a3
core   0: 3 0x80008fd8 (0x8f75) x14 0xfffffc00
core   0: 0x80008fda (0x0102da33) srl     s4, t0, a6
core   0: 3 0x80008fda (0x0102da33) x20 0x00000000
core   0: 0x80008fde (0x009bcf33) xor     t5, s7, s1
core   0: 3 0x80008fde (0x009bcf33) x30 0x01ffffff
core   0: 0x80008fe2 (0x0000e91d) c.bnez  a0, pc + 54
core   0: 3 0x80008fe2 (0xe91d)
core   0: 0x80009018 (0x4194d193) srai    gp, s1, 25
core   0: 3 0x80009018 (0x4194d193) x3  0x00000000
core   0: 0x8000901c (0x94f8f593) andi    a1, a7, -1713
core   0: 3 0x8000901c (0x94f8f593) x11 0x00000000
core   0: 0x80009020 (0x021f7463) bgeu    t5, ra, pc + 40
core   0: 3 0x80009020 (0x021f7463)
core   0: 0x80009024 (0x5eb13d13) sltiu   s10, sp, 1515
core   0: 3 0x80009024 (0x5eb13d13) x26 0x00000000
core   0: 0x80009028 (0x00008f75) c.and   a4, a3
core   0: 3 0x80009028 (0x8f75) x14 0xfffffc00
core   0: 0x8000902a (0x00000952) c.slli  s2, 20
core   0: 3 0x8000902a (0x0952) x18 0x01400000
core   0: 0x8000902c (0x01a8ff33) and     t5, a7, s10
core   0: 3 0x8000902c (0x01a8ff33) x30 0x00000000
core   0: 0x80009030 (0x035931b3) mulhu   gp, s2, s5
core   0: 3 0x80009030 (0x035931b3) x3  0x013fffff
core   0: 0x80009034 (0x00b79893) slli    a7, a5, 11
core   0: 3 0x80009034 (0x00b79893) x17 0x00000000
core   0: 0x80009038 (0x8bc211b7) lui     gp, 0x8bc21
core   0: 3 0x80009038 (0x8bc211b7) x3  0x8bc21000
core   0: 0x8000903c (0x40a78033) sub     zero, a5, a0
core   0: 3 0x8000903c (0x40a78033)
core   0: 0x80009040 (0x03014cb3) div     s9, sp, a6
core   0: 3 0x80009040 (0x03014cb3) x25 0xffd35c4b
core   0: 0x80009044 (0x006bdd13) srli    s10, s7, 6
core   0: 3 0x80009044 (0x006bdd13) x26 0x00000000
core   0: 0x80009048 (0x00008061) c.srli  s0, 24
core   0: 3 0x80009048 (0x8061) x8  0x00000000
core   0: 0x8000904a (0x00bdde13) srli    t3, s11, 11
core   0: 3 0x8000904a (0x00bdde13) x28 0x00000000
core   0: 0x8000904e (0x0000147d) c.addi  s0, -1
core   0: 3 0x8000904e (0x147d) x8  0xffffffff
core   0: 0x80009050 (0x00009bda) c.add   s7, s6
core   0: 3 0x80009050 (0x9bda) x23 0x00000000
core   0: 0x80009052 (0x036a5963) bge     s4, s6, pc + 50
core   0: 3 0x80009052 (0x036a5963)
core   0: 0x80009084 (0x017942b3) xor     t0, s2, s7
core   0: 3 0x80009084 (0x017942b3) x5  0x01400000
core   0: 0x80009088 (0x00000001) c.nop
core   0: 3 0x80009088 (0x0001)
core   0: 0x8000908a (0x0000c519) c.beqz  a0, pc + 14
core   0: 3 0x8000908a (0xc519)
core   0: 0x8000908c (0x0000c811) c.beqz  s0, pc + 20
core   0: 3 0x8000908c (0xc811)
core   0: 0x8000908e (0x00624eb3) xor     t4, tp, t1
core   0: 3 0x8000908e (0x00624eb3) x29 0x0cc39efc
core   0: 0x80009092 (0x0000997d) c.andi  a0, -1
core   0: 3 0x80009092 (0x997d) x10 0xfffffffb
core   0: 0x80009094 (0x0367d963) bge     a5, s6, pc + 50
core   0: 3 0x80009094 (0x0367d963)
core   0: 0x80009098 (0x027fa5b3) mulhsu  a1, t6, t2
core   0: 3 0x80009098 (0x027fa5b3) x11 0x00000000
core   0: 0x8000909c (0x02328533) mul     a0, t0, gp
core   0: 3 0x8000909c (0x02328533) x10 0x00000000
core   0: 0x800090a0 (0x034b2c33) mulhsu  s8, s6, s4
core   0: 3 0x800090a0 (0x034b2c33) x24 0x00000000
core   0: 0x800090a4 (0x41fa0533) sub     a0, s4, t6
core   0: 3 0x800090a4 (0x41fa0533) x10 0x00000000
core   0: 0x800090a8 (0x038a1433) mulh    s0, s4, s8
core   0: 3 0x800090a8 (0x038a1433) x8  0x00000000
core   0: 0x800090ac (0x01152a33) slt     s4, a0, a7
core   0: 3 0x800090ac (0x01152a33) x20 0x00000000
core   0: 0x800090b0 (0x402c8933) sub     s2, s9, sp
core   0: 3 0x800090b0 (0x402c8933) x18 0x7fd0bf27
core   0: 0x800090b4 (0x4c0ee097) auipc   ra, 0x4c0ee
core   0: 3 0x800090b4 (0x4c0ee097) x1  0xcc0f70b4
core   0: 0x800090b8 (0x01911913) slli    s2, sp, 25
core   0: 3 0x800090b8 (0x01911913) x18 0x48000000
core   0: 0x800090bc (0x05c4aa17) auipc   s4, 0x5c4a
core   0: 3 0x800090bc (0x05c4aa17) x20 0x85c530bc
core   0: 0x800090c0 (0x01f39913) slli    s2, t2, 31
core   0: 3 0x800090c0 (0x01f39913) x18 0x00000000
core   0: 0x800090c4 (0x0000e095) c.bnez  s1, pc + 36
core   0: 3 0x800090c4 (0xe095)
core   0: 0x800090e8 (0x000098fd) c.andi  s1, -1
core   0: 3 0x800090e8 (0x98fd) x9  0x01ffffff
core   0: 0x800090ea (0xc1d45517) auipc   a0, 0xc1d45
core   0: 3 0x800090ea (0xc1d45517) x10 0x41d4e0ea
core   0: 0x800090ee (0x00006465) c.lui   s0, 0x19
core   0: 3 0x800090ee (0x6465) x8  0x00019000
core   0: 0x800090f0 (0x00008a3a) c.mv    s4, a4
core   0: 3 0x800090f0 (0x8a3a) x20 0xfffffc00
core   0: 0x800090f2 (0x00004409) c.li    s0, 2
core   0: 3 0x800090f2 (0x4409) x8  0x00000002
core   0: 0x800090f4 (0x012cb633) sltu    a2, s9, s2
core   0: 3 0x800090f4 (0x012cb633) x12 0x00000000
core   0: 0x800090f8 (0x0000c499) c.beqz  s1, pc + 14
core   0: 3 0x800090f8 (0xc499)
core   0: 0x800090fa (0x03a28363) beq     t0, s10, pc + 38
core   0: 3 0x800090fa (0x03a28363)
core   0: 0x800090fe (0x01ad65b3) or      a1, s10, s10
core   0: 3 0x800090fe (0x01ad65b3) x11 0x00000000
core   0: 0x80009102 (0x013b7463) bgeu    s6, s3, pc + 8
core   0: 3 0x80009102 (0x013b7463)
core   0: 0x80009106 (0x008b5813) srli    a6, s6, 8
core   0: 3 0x80009106 (0x008b5813) x16 0x00000000
core   0: 0x8000910a (0xea6d3f13) sltiu   t5, s10, -346
core   0: 3 0x8000910a (0xea6d3f13) x30 0x00000001
core   0: 0x8000910e (0x000014fd) c.addi  s1, -1
core   0: 3 0x8000910e (0x14fd) x9  0x01fffffe
core   0: 0x80009110 (0x00025663) bgez    tp, pc + 12
core   0: 3 0x80009110 (0x00025663)
core   0: 0x8000911c (0x40732b93) slti    s7, t1, 1031
core   0: 3 0x8000911c (0x40732b93) x23 0x00000000
core   0: 0x80009120 (0x023338b3) mulhu   a7, t1, gp
core   0: 3 0x80009120 (0x023338b3) x17 0x3424279a
core   0: 0x80009124 (0x4179d313) srai    t1, s3, 23
core   0: 3 0x80009124 (0x4179d313) x6  0xffffffff
core   0: 0x80009128 (0x1d2b2013) slti    zero, s6, 466
core   0: 3 0x80009128 (0x1d2b2013)
core   0: 0x8000912c (0x00dd5033) srl     zero, s10, a3
core   0: 3 0x8000912c (0x00dd5033)
core   0: 0x80009130 (0x74682b93) slti    s7, a6, 1862
core   0: 3 0x80009130 (0x74682b93) x23 0x00000001
core   0: 0x80009134 (0x00008d59) c.or    a0, a4
core   0: 3 0x80009134 (0x8d59) x10 0xfffffcea
core   0: 0x80009136 (0x01b02a33) slt     s4, zero, s11
core   0: 3 0x80009136 (0x01b02a33) x20 0x00000001
core   0: 0x8000913a (0x00004f45) c.li    t5, 17
core   0: 3 0x8000913a (0x4f45) x30 0x00000011
core   0: 0x8000913c (0x0356ae33) mulhsu  t3, a3, s5
core   0: 3 0x8000913c (0x0356ae33) x28 0xfffffff9
core   0: 0x80009140 (0x413bd5b3) sra     a1, s7, s3
core   0: 3 0x80009140 (0x413bd5b3) x11 0x00000000
core   0: 0x80009144 (0x00008cfd) c.and   s1, a5
core   0: 3 0x80009144 (0x8cfd) x9  0x00000000
core   0: 0x80009146 (0x7e7ff193) andi    gp, t6, 2023
core   0: 3 0x80009146 (0x7e7ff193) x3  0x00000000
core   0: 0x8000914a (0x00008cf2) c.mv    s9, t3
core   0: 3 0x8000914a (0x8cf2) x25 0xfffffff9
core   0: 0x8000914c (0x3185f593) andi    a1, a1, 792
core   0: 3 0x8000914c (0x3185f593) x11 0x00000000
core   0: 0x80009150 (0x01be1463) bne     t3, s11, pc + 8
core   0: 3 0x80009150 (0x01be1463)
core   0: 0x80009158 (0x048ad063) bge     s5, s0, pc + 64
core   0: 3 0x80009158 (0x048ad063)
core   0: 0x8000915c (0x02ecbfb3) mulhu   t6, s9, a4
core   0: 3 0x8000915c (0x02ecbfb3) x31 0xfffffbf9
core   0: 0x80009160 (0x010ffdb3) and     s11, t6, a6
core   0: 3 0x80009160 (0x010ffdb3) x27 0x00000000
core   0: 0x80009164 (0x000006a1) c.addi  a3, 8
core   0: 3 0x80009164 (0x06a1) x13 0x00000001
core   0: 0x80009166 (0x00008691) c.srai  a3, 4
core   0: 3 0x80009166 (0x8691) x13 0x00000000
core   0: 0x80009168 (0x02ca7f33) remu    t5, s4, a2
core   0: 3 0x80009168 (0x02ca7f33) x30 0x00000001
core   0: 0x8000916c (0x5c524b93) xori    s7, tp, 1477
core   0: 3 0x8000916c (0x5c524b93) x23 0x5341d5c5
core   0: 0x80009170 (0x03680263) beq     a6, s6, pc + 36
core   0: 3 0x80009170 (0x03680263)
core   0: 0x80009194 (0x00b0ad33) slt     s10, ra, a1
core   0: 3 0x80009194 (0x00b0ad33) x26 0x00000001
core   0: 0x80009198 (0x00006a8d) c.lui   s5, 0x3
core   0: 3 0x80009198 (0x6a8d) x21 0x00003000
core   0: 0x8000919a (0x0180d833) srl     a6, ra, s8
core   0: 3 0x8000919a (0x0180d833) x16 0xcc0f70b4
core   0: 0x8000919e (0x000011fd) c.addi  gp, -1
core   0: 3 0x8000919e (0x11fd) x3  0xffffffff
core   0: 0x800091a0 (0x8ddfc313) xori    t1, t6, -1827
core   0: 3 0x800091a0 (0x8ddfc313) x6  0x00000324
core   0: 0x800091a4 (0x0000c885) c.beqz  s1, pc + 48
core   0: 3 0x800091a4 (0xc885)
core   0: 0x800091d4 (0xcf237737) lui     a4, 0xcf237
core   0: 3 0x800091d4 (0xcf237737) x14 0xcf237000
core   0: 0x800091d8 (0x000085a5) c.srai  a1, 9
core   0: 3 0x800091d8 (0x85a5) x11 0x00000000
core   0: 0x800091da (0x02393a33) mulhu   s4, s2, gp
core   0: 3 0x800091da (0x02393a33) x20 0x00000000
core   0: 0x800091de (0x02121e63) bne     tp, ra, pc + 60
core   0: 3 0x800091de (0x02121e63)
core   0: 0x8000921a (0x00e71d93) slli    s11, a4, 14
core   0: 3 0x8000921a (0x00e71d93) x27 0xdc000000
core   0: 0x8000921e (0x026dad33) mulhsu  s10, s11, t1
core   0: 3 0x8000921e (0x026dad33) x26 0xffffff8e
core   0: 0x80009222 (0x01396db3) or      s11, s2, s3
core   0: 3 0x80009222 (0x01396db3) x27 0xfffffff0
core   0: 0x80009226 (0x019bf8b3) and     a7, s7, s9
core   0: 3 0x80009226 (0x019bf8b3) x17 0x5341d5c1
core   0: 0x8000922a (0x000098fd) c.andi  s1, -1
core   0: 3 0x8000922a (0x98fd) x9  0x00000000
core   0: 0x8000922c (0x00008a29) c.andi  a2, 10
core   0: 3 0x8000922c (0x8a29) x12 0x00000000
core   0: 0x8000922e (0x00c20863) beq     tp, a2, pc + 16
core   0: 3 0x8000922e (0x00c20863)
core   0: 0x80009232 (0x40bf5a33) sra     s4, t5, a1
core   0: 3 0x80009232 (0x40bf5a33) x20 0x00000001
core   0: 0x80009236 (0x604eba13) sltiu   s4, t4, 1540
core   0: 3 0x80009236 (0x604eba13) x20 0x00000000
core   0: 0x8000923a (0x0304ff33) remu    t5, s1, a6
core   0: 3 0x8000923a (0x0304ff33) x30 0x00000000
core   0: 0x8000923e (0x01e839b3) sltu    s3, a6, t5
core   0: 3 0x8000923e (0x01e839b3) x19 0x00000000
core   0: 0x80009242 (0x0221a8b3) mulhsu  a7, gp, sp
core   0: 3 0x80009242 (0x0221a8b3) x17 0xffffffff
core   0: 0x80009246 (0x40155033) sra     zero, a0, ra
core   0: 3 0x80009246 (0x40155033)
core   0: 0x8000924a (0x00004705) c.li    a4, 1
core   0: 3 0x8000924a (0x4705) x14 0x00000001
core   0: 0x8000924c (0x00009e2a) c.add   t3, a0
core   0: 3 0x8000924c (0x9e2a) x28 0xfffffce3
core   0: 0x8000924e (0x00008dd9) c.or    a1, a4
core   0: 3 0x8000924e (0x8dd9) x11 0x00000001
core   0: 0x80009250 (0x00000001) c.nop
core   0: 3 0x80009250 (0x0001)
core   0: 0x80009252 (0x02e15163) bge     sp, a4, pc + 34
core   0: 3 0x80009252 (0x02e15163)
core   0: 0x80009256 (0x00008cb5) c.xor   s1, a3
core   0: 3 0x80009256 (0x8cb5) x9  0x00000000
core   0: 0x80009258 (0x02f04ab3) div     s5, zero, a5
core   0: 3 0x80009258 (0x02f04ab3) x21 0x00000000
core   0: 0x8000925c (0x01c12e33) slt     t3, sp, t3
core   0: 3 0x8000925c (0x01c12e33) x28 0x00000001
core   0: 0x80009260 (0x00009326) c.add   t1, s1
core   0: 3 0x80009260 (0x9326) x6  0x00000324
core   0: 0x80009262 (0x35afca13) xori    s4, t6, 858
core   0: 3 0x80009262 (0x35afca13) x20 0xfffff8a3
core   0: 0x80009266 (0x0000c019) c.beqz  s0, pc + 6
core   0: 3 0x80009266 (0xc019)
core   0: 0x80009268 (0x015fbc33) sltu    s8, t6, s5
core   0: 3 0x80009268 (0x015fbc33) x24 0x00000000
core   0: 0x8000926c (0x02e32c33) mulhsu  s8, t1, a4
core   0: 3 0x8000926c (0x02e32c33) x24 0x00000000
core   0: 0x80009270 (0x02468263) beq     a3, tp, pc + 36
core   0: 3 0x80009270 (0x02468263)
core   0: 0x80009274 (0x01ed86b3) add     a3, s11, t5
core   0: 3 0x80009274 (0x01ed86b3) x13 0xfffffff0
core   0: 0x80009278 (0x014f2333) slt     t1, t5, s4
core   0: 3 0x80009278 (0x014f2333) x6  0x00000000
core   0: 0x8000927c (0x02ebfd33) remu    s10, s7, a4
core   0: 3 0x8000927c (0x02ebfd33) x26 0x00000000
core   0: 0x80009280 (0x00008b3e) c.mv    s6, a5
core   0: 3 0x80009280 (0x8b3e) x22 0x80000000
core   0: 0x80009282 (0x007a7bb3) and     s7, s4, t2
core   0: 3 0x80009282 (0x007a7bb3) x23 0x80025820
core   0: 0x80009286 (0x00006379) c.lui   t1, 0x1e
core   0: 3 0x80009286 (0x6379) x6  0x0001e000
core   0: 0x80009288 (0x03d56d63) bltu    a0, t4, pc + 58
core   0: 3 0x80009288 (0x03d56d63)
core   0: 0x8000928c (0x01836a63) bltu    t1, s8, pc + 20
core   0: 3 0x8000928c (0x01836a63)
core   0: 0x80009290 (0x03274763) blt     a4, s2, pc + 46
core   0: 3 0x80009290 (0x03274763)
core   0: 0x80009294 (0x03aa75b3) remu    a1, s4, s10
core   0: 3 0x80009294 (0x03aa75b3) x11 0xfffff8a3
core   0: 0x80009298 (0x00ba5693) srli    a3, s4, 11
core   0: 3 0x80009298 (0x00ba5693) x13 0x001fffff
core   0: 0x8000929c (0x03de01b3) mul     gp, t3, t4
core   0: 3 0x8000929c (0x03de01b3) x3  0x0cc39efc
core   0: 0x800092a0 (0x00000001) c.nop
core   0: 3 0x800092a0 (0x0001)
core   0: 0x800092a2 (0x00008ee9) c.and   a3, a0
core   0: 3 0x800092a2 (0x8ee9) x13 0x001ffcea
core   0: 0x800092a4 (0x012bdf33) srl     t5, s7, s2
core   0: 3 0x800092a4 (0x012bdf33) x30 0x80025820
core   0: 0x800092a8 (0x030901b3) mul     gp, s2, a6
core   0: 3 0x800092a8 (0x030901b3) x3  0x00000000
core   0: 0x800092ac (0x411d0933) sub     s2, s10, a7
core   0: 3 0x800092ac (0x411d0933) x18 0x00000001
core   0: 0x800092b0 (0x41d880b3) sub     ra, a7, t4
core   0: 3 0x800092b0 (0x41d880b3) x1  0xf33c6103
core   0: 0x800092b4 (0x01d52733) slt     a4, a0, t4
core   0: 3 0x800092b4 (0x01d52733) x14 0x00000001
core   0: 0x800092b8 (0xbf908c13) addi    s8, ra, -1031
core   0: 3 0x800092b8 (0xbf908c13) x24 0xf33c5cfc
core   0: 0x800092bc (0x00008c32) c.mv    s8, a2
core   0: 3 0x800092bc (0x8c32) x24 0x00000000
core   0: 0x800092be (0x0325a5b3) mulhsu  a1, a1, s2
core   0: 3 0x800092be (0x0325a5b3) x11 0xffffffff
core   0: 0x800092c2 (0x01d778b3) and     a7, a4, t4
core   0: 3 0x800092c2 (0x01d778b3) x17 0x00000000
core   0: 0x800092c6 (0x0000e9b5) c.bnez  a1, pc + 116
core   0: 3 0x800092c6 (0xe9b5)
core   0: 0x8000933a (0x01caca33) xor     s4, s5, t3
core   0: 3 0x8000933a (0x01caca33) x20 0x00000001
core   0: 0x8000933e (0x00009dd2) c.add   s11, s4
core   0: 3 0x8000933e (0x9dd2) x27 0xfffffff1
core   0: 0x80009340 (0x00008191) c.srli  a1, 4
core   0: 3 0x80009340 (0x8191) x11 0x0fffffff
core   0: 0x80009342 (0x0060e0b3) or      ra, ra, t1
core   0: 3 0x80009342 (0x0060e0b3) x1  0xf33de103
core   0: 0x80009346 (0x00008866) c.mv    a6, s9
core   0: 3 0x80009346 (0x8866) x16 0xfffffff9
core   0: 0x80009348 (0x02247e33) remu    t3, s0, sp
core   0: 3 0x80009348 (0x02247e33) x28 0x00000002
core   0: 0x8000934c (0x0338f1b3) remu    gp, a7, s3
core   0: 3 0x8000934c (0x0338f1b3) x3  0x00000000
core   0: 0x80009350 (0xa9d7c837) lui     a6, 0xa9d7c
core   0: 3 0x80009350 (0xa9d7c837) x16 0xa9d7c000
core   0: 0x80009354 (0x00008d59) c.or    a0, a4
core   0: 3 0x80009354 (0x8d59) x10 0xfffffceb
core   0: 0x80009356 (0x002d1993) slli    s3, s10, 2
core   0: 3 0x80009356 (0x002d1993) x19 0x00000000
core   0: 0x8000935a (0x00008cc5) c.or    s1, s1
core   0: 3 0x8000935a (0x8cc5) x9  0x00000000
core   0: 0x8000935c (0x0009d863) bgez    s3, pc + 16
core   0: 3 0x8000935c (0x0009d863)
core   0: 0x8000936c (0x036161b3) rem     gp, sp, s6
core   0: 3 0x8000936c (0x036161b3) x3  0x80029d24
core   0: 0x80009370 (0x00006d89) c.lui   s11, 0x2
core   0: 3 0x80009370 (0x6d89) x27 0x00002000
core   0: 0x80009372 (0x01cec1b3) xor     gp, t4, t3
core   0: 3 0x80009372 (0x01cec1b3) x3  0x0cc39efe
core   0: 0x80009376 (0x00008e75) c.and   a2, a3
core   0: 3 0x80009376 (0x8e75) x12 0x00000000
core   0: 0x80009378 (0xa7bb8d13) addi    s10, s7, -1413
core   0: 3 0x80009378 (0xa7bb8d13) x26 0x8002529b
core   0: 0x8000937c (0x00c9b333) sltu    t1, s3, a2
core   0: 3 0x8000937c (0x00c9b333) x6  0x00000000
core   0: 0x80009380 (0x02b45433) divu    s0, s0, a1
core   0: 3 0x80009380 (0x02b45433) x8  0x00000000
core   0: 0x80009384 (0x00cdc033) xor     zero, s11, a2
core   0: 3 0x80009384 (0x00cdc033)
core   0: 0x80009388 (0xbc236417) auipc   s0, 0xbc236
core   0: 3 0x80009388 (0xbc236417) x8  0x3c23f388
core   0: 0x8000938c (0x1b990193) addi    gp, s2, 441
core   0: 3 0x8000938c (0x1b990193) x3  0x000001ba
core   0: 0x80009390 (0x00008c29) c.xor   s0, a0
core   0: 3 0x80009390 (0x8c29) x8  0xc3dc0f63
core   0: 0x80009392 (0x029aca63) blt     s5, s1, pc + 52
core   0: 3 0x80009392 (0x029aca63)
core   0: 0x80009396 (0x000088f6) c.mv    a7, t4
core   0: 3 0x80009396 (0x88f6) x17 0x0cc39efc
core   0: 0x80009398 (0x01fbccb3) xor     s9, s7, t6
core   0: 3 0x80009398 (0x01fbccb3) x25 0x7ffda3d9
core   0: 0x8000939c (0x00004c2d) c.li    s8, 11
core   0: 3 0x8000939c (0x4c2d) x24 0x0000000b
core   0: 0x8000939e (0x003674b3) and     s1, a2, gp
core   0: 3 0x8000939e (0x003674b3) x9  0x00000000
core   0: 0x800093a2 (0x03443733) mulhu   a4, s0, s4
core   0: 3 0x800093a2 (0x03443733) x14 0x00000000
core   0: 0x800093a6 (0x4656b813) sltiu   a6, a3, 1125
core   0: 3 0x800093a6 (0x4656b813) x16 0x00000000
core   0: 0x800093aa (0x01369ab3) sll     s5, a3, s3
core   0: 3 0x800093aa (0x01369ab3) x21 0x001ffcea
core   0: 0x800093ae (0x0000858e) c.mv    a1, gp
core   0: 3 0x800093ae (0x858e) x11 0x000001ba
core   0: 0x800093b0 (0x000012fd) c.addi  t0, -1
core   0: 3 0x800093b0 (0x12fd) x5  0x013fffff
core   0: 0x800093b2 (0x000001b2) c.slli  gp, 12
core   0: 3 0x800093b2 (0x01b2) x3  0x001ba000
core   0: 0x800093b4 (0x4e6bcb93) xori    s7, s7, 1254
core   0: 3 0x800093b4 (0x4e6bcb93) x23 0x80025cc6
core   0: 0x800093b8 (0x001cc863) blt     s9, ra, pc + 16
core   0: 3 0x800093b8 (0x001cc863)
core   0: 0x800093bc (0x03f29c33) mulh    s8, t0, t6
core   0: 3 0x800093bc (0x03f29c33) x24 0xfffffffa
core   0: 0x800093c0 (0x004219b3) sll     s3, tp, tp
core   0: 3 0x800093c0 (0x004219b3) x19 0x5341d000
core   0: 0x800093c4 (0x00008d9d) c.sub   a1, a5
core   0: 3 0x800093c4 (0x8d9d) x11 0x800001ba
core   0: 0x800093c6 (0x00000001) c.nop
core   0: 3 0x800093c6 (0x0001)
core   0: 0x800093c8 (0x00008de5) c.and   a1, s1
core   0: 3 0x800093c8 (0x8de5) x11 0x00000000
core   0: 0x800093ca (0x02bf5433) divu    s0, t5, a1
core   0: 3 0x800093ca (0x02bf5433) x8  0xffffffff
core   0: 0x800093ce (0x02727033) remu    zero, tp, t2
core   0: 3 0x800093ce (0x02727033)
core   0: 0x800093d2 (0x01fa7b33) and     s6, s4, t6
core   0: 3 0x800093d2 (0x01fa7b33) x22 0x00000001
core   0: 0x800093d6 (0x023df1b3) remu    gp, s11, gp
core   0: 3 0x800093d6 (0x023df1b3) x3  0x00002000
core   0: 0x800093da (0x2dd219b7) lui     s3, 0x2dd21
core   0: 3 0x800093da (0x2dd219b7) x19 0x2dd21000
core   0: 0x800093de (0x035326b3) mulhsu  a3, t1, s5
core   0: 3 0x800093de (0x035326b3) x13 0x00000000
core   0: 0x800093e2 (0x00004d41) c.li    s10, 16
core   0: 3 0x800093e2 (0x4d41) x26 0x00000010
core   0: 0x800093e4 (0x014d1463) bne     s10, s4, pc + 8
core   0: 3 0x800093e4 (0x014d1463)
core   0: 0x800093ec (0x02198263) beq     s3, ra, pc + 36
core   0: 3 0x800093ec (0x02198263)
core   0: 0x800093f0 (0x00000aba) c.slli  s5, 14
core   0: 3 0x800093f0 (0x0aba) x21 0xff3a8000
core   0: 0x800093f2 (0x01910863) beq     sp, s9, pc + 16
core   0: 3 0x800093f2 (0x01910863)
core   0: 0x800093f6 (0x00001e7d) c.addi  t3, -1
core   0: 3 0x800093f6 (0x1e7d) x28 0x00000001
core   0: 0x800093f8 (0x00009b96) c.add   s7, t0
core   0: 3 0x800093f8 (0x9b96) x23 0x81425cc5
core   0: 0x800093fa (0x4cd2ee13) ori     t3, t0, 1229
core   0: 3 0x800093fa (0x4cd2ee13) x28 0x013fffff
core   0: 0x800093fe (0x01879933) sll     s2, a5, s8
core   0: 3 0x800093fe (0x01879933) x18 0x00000000
core   0: 0x80009402 (0x00000cb1) c.addi  s9, 12
core   0: 3 0x80009402 (0x0cb1) x25 0x7ffda3e5
core   0: 0x80009404 (0x018221b3) slt     gp, tp, s8
core   0: 3 0x80009404 (0x018221b3) x3  0x00000000
core   0: 0x80009408 (0xf9c2f293) andi    t0, t0, -100
core   0: 3 0x80009408 (0xf9c2f293) x5  0x013fff9c
core   0: 0x8000940c (0xb7077993) andi    s3, a4, -1168
core   0: 3 0x8000940c (0xb7077993) x19 0x00000000
core   0: 0x80009410 (0x0242cc33) div     s8, t0, tp
core   0: 3 0x80009410 (0x0242cc33) x24 0x00000000
core   0: 0x80009414 (0x00008f79) c.and   a4, a4
core   0: 3 0x80009414 (0x8f79) x14 0x00000000
core   0: 0x80009416 (0x00009b7d) c.andi  a4, -1
core   0: 3 0x80009416 (0x9b7d) x14 0x00000000
core   0: 0x80009418 (0x01f89193) slli    gp, a7, 31
core   0: 3 0x80009418 (0x01f89193) x3  0x00000000
core   0: 0x8000941c (0xb9d1a913) slti    s2, gp, -1123
core   0: 3 0x8000941c (0xb9d1a913) x18 0x00000000
core   0: 0x80009420 (0x02d95833) divu    a6, s2, a3
core   0: 3 0x80009420 (0x02d95833) x16 0xffffffff
core   0: 0x80009424 (0x00008e25) c.xor   a2, s1
core   0: 3 0x80009424 (0x8e25) x12 0x00000000
core   0: 0x80009426 (0x00c3d693) srli    a3, t2, 12
core   0: 3 0x80009426 (0x00c3d693) x13 0x00080025
core   0: 0x8000942a (0x036826b3) mulhsu  a3, a6, s6
core   0: 3 0x8000942a (0x036826b3) x13 0xffffffff
core   0: 0x8000942e (0x02755333) divu    t1, a0, t2
core   0: 3 0x8000942e (0x02755333) x6  0x00000001
core   0: 0x80009432 (0x00000001) c.nop
core   0: 3 0x80009432 (0x0001)
core   0: 0x80009434 (0x4016d2b3) sra     t0, a3, ra
core   0: 3 0x80009434 (0x4016d2b3) x5  0xffffffff
core   0: 0x80009438 (0x00000001) c.nop
core   0: 3 0x80009438 (0x0001)
core   0: 0x8000943a (0x00000001) c.nop
core   0: 3 0x8000943a (0x0001)
core   0: 0x8000943c (0x00008b65) c.andi  a4, 25
core   0: 3 0x8000943c (0x8b65) x14 0x00000000
core   0: 0x8000943e (0x0000409d) c.li    ra, 7
core   0: 3 0x8000943e (0x409d) x1  0x00000007
core   0: 0x80009440 (0x03457763) bgeu    a0, s4, pc + 46
core   0: 3 0x80009440 (0x03457763)
core   0: 0x8000946e (0x01b99713) slli    a4, s3, 27
core   0: 3 0x8000946e (0x01b99713) x14 0x00000000
core   0: 0x80009472 (0x000001fa) c.slli  gp, 30
core   0: 3 0x80009472 (0x01fa) x3  0x00000000
core   0: 0x80009474 (0x417a5193) srai    gp, s4, 23
core   0: 3 0x80009474 (0x417a5193) x3  0x00000000
core   0: 0x80009478 (0x029b8633) mul     a2, s7, s1
core   0: 3 0x80009478 (0x029b8633) x12 0x00000000
core   0: 0x8000947c (0x02b5d863) bge     a1, a1, pc + 48
core   0: 3 0x8000947c (0x02b5d863)
core   0: 0x800094ac (0x98aa3193) sltiu   gp, s4, -1654
core   0: 3 0x800094ac (0x98aa3193) x3  0x00000001
core   0: 0x800094b0 (0x0000ce19) c.beqz  a2, pc + 30
core   0: 3 0x800094b0 (0xce19)
core   0: 0x800094ce (0x00000e3e) c.slli  t3, 15
core   0: 3 0x800094ce (0x0e3e) x28 0xffff8000
core   0: 0x800094d0 (0xb24b2c13) slti    s8, s6, -1244
core   0: 3 0x800094d0 (0xb24b2c13) x24 0x00000000
core   0: 0x800094d4 (0x009ce0b3) or      ra, s9, s1
core   0: 3 0x800094d4 (0x009ce0b3) x1  0x7ffda3e5
core   0: 0x800094d8 (0x03b0db33) divu    s6, ra, s11
core   0: 3 0x800094d8 (0x03b0db33) x22 0x0003ffed
core   0: 0x800094dc (0x0213fab3) remu    s5, t2, ra
core   0: 3 0x800094dc (0x0213fab3) x21 0x0004ba53
core   0: 0x800094e0 (0x000086e1) c.srai  a3, 24
core   0: 3 0x800094e0 (0x86e1) x13 0xffffffff
core   0: 0x800094e2 (0x00008d81) c.sub   a1, s0
core   0: 3 0x800094e2 (0x8d81) x11 0x00000001
core   0: 0x800094e4 (0x000062a9) c.lui   t0, 0xa
core   0: 3 0x800094e4 (0x62a9) x5  0x0000a000
core   0: 0x800094e6 (0x00000001) c.nop
core   0: 3 0x800094e6 (0x0001)
core   0: 0x800094e8 (0x0000918a) c.add   gp, sp
core   0: 3 0x800094e8 (0x918a) x3  0x80029d25
core   0: 0x800094ea (0x00008da5) c.xor   a1, s1
core   0: 3 0x800094ea (0x8da5) x11 0x00000001
core   0: 0x800094ec (0x02898933) mul     s2, s3, s0
core   0: 3 0x800094ec (0x02898933) x18 0x00000000
core   0: 0x800094f0 (0x00000001) c.nop
core   0: 3 0x800094f0 (0x0001)
core   0: 0x800094f2 (0x00008215) c.srli  a2, 5
core   0: 3 0x800094f2 (0x8215) x12 0x00000000
core   0: 0x800094f4 (0x01150863) beq     a0, a7, pc + 16
core   0: 3 0x800094f4 (0x01150863)
core   0: 0x800094f8 (0x033c4e63) blt     s8, s3, pc + 60
core   0: 3 0x800094f8 (0x033c4e63)
core   0: 0x800094fc (0x03d971b3) remu    gp, s2, t4
core   0: 3 0x800094fc (0x03d971b3) x3  0x00000000
core   0: 0x80009500 (0x00ab1a33) sll     s4, s6, a0
core   0: 3 0x80009500 (0x00ab1a33) x20 0x1fff6800
core   0: 0x80009504 (0x00774533) xor     a0, a4, t2
core   0: 3 0x80009504 (0x00774533) x10 0x80025e38
core   0: 0x80009508 (0x00008e51) c.or    a2, a2
core   0: 3 0x80009508 (0x8e51) x12 0x00000000
core   0: 0x8000950a (0x417ad333) sra     t1, s5, s7
core   0: 3 0x8000950a (0x417ad333) x6  0x000025d2
core   0: 0x8000950e (0x00000f42) c.slli  t5, 16
core   0: 3 0x8000950e (0x0f42) x30 0x58200000
core   0: 0x80009510 (0x41300733) sub     a4, zero, s3
core   0: 3 0x80009510 (0x41300733) x14 0x00000000
core   0: 0x80009514 (0x05fc2093) slti    ra, s8, 95
core   0: 3 0x80009514 (0x05fc2093) x1  0x00000001
core   0: 0x80009518 (0x7c9fbf93) sltiu   t6, t6, 1993
core   0: 3 0x80009518 (0x7c9fbf93) x31 0x00000000
core   0: 0x8000951c (0x03dbf463) bgeu    s7, t4, pc + 40
core   0: 3 0x8000951c (0x03dbf463)
core   0: 0x80009544 (0x00000206) c.slli  tp, 1
core   0: 3 0x80009544 (0x0206) x4  0xa683a000
core   0: 0x80009546 (0x00000625) c.addi  a2, 9
core   0: 3 0x80009546 (0x0625) x12 0x00000009
core   0: 0x80009548 (0x03e9cb63) blt     s3, t5, pc + 54
core   0: 3 0x80009548 (0x03e9cb63)
core   0: 0x8000957e (0x000085a1) c.srai  a1, 8
core   0: 3 0x8000957e (0x85a1) x11 0x00000000
core   0: 0x80009580 (0x03e60fb3) mul     t6, a2, t5
core   0: 3 0x80009580 (0x03e60fb3) x31 0x19200000
core   0: 0x80009584 (0x0104e863) bltu    s1, a6, pc + 16
core   0: 3 0x80009584 (0x0104e863)
core   0: 0x80009594 (0x02b1ef63) bltu    gp, a1, pc + 62
core   0: 3 0x80009594 (0x02b1ef63)
core   0: 0x80009598 (0x00000542) c.slli  a0, 16
core   0: 3 0x80009598 (0x0542) x10 0x5e380000
core   0: 0x8000959a (0x0000908a) c.add   ra, sp
core   0: 3 0x8000959a (0x908a) x1  0x80029d25
core   0: 0x8000959c (0x00008aee) c.mv    s5, s11
core   0: 3 0x8000959c (0x8aee) x21 0x00002000
core   0: 0x8000959e (0x000082b9) c.srli  a3, 14
core   0: 3 0x8000959e (0x82b9) x13 0x0003ffff
core   0: 0x800095a0 (0x00008fe6) c.mv    t6, s9
core   0: 3 0x800095a0 (0x8fe6) x31 0x7ffda3e5
core   0: 0x800095a2 (0x00008f25) c.xor   a4, s1
core   0: 3 0x800095a2 (0x8f25) x14 0x00000000
core   0: 0x800095a4 (0xff0a4f93) xori    t6, s4, -16
core   0: 3 0x800095a4 (0xff0a4f93) x31 0xe00097f0
core   0: 0x800095a8 (0x02c87db3) remu    s11, a6, a2
core   0: 3 0x800095a8 (0x02c87db3) x27 0x00000003
core   0: 0x800095ac (0x00000f6e) c.slli  t5, 27
core   0: 3 0x800095ac (0x0f6e) x30 0x00000000
core   0: 0x800095ae (0x00f64733) xor     a4, a2, a5
core   0: 3 0x800095ae (0x00f64733) x14 0x80000009
core   0: 0x800095b2 (0x0000e911) c.bnez  a0, pc + 20
core   0: 3 0x800095b2 (0xe911)
core   0: 0x800095c6 (0x0373fbb3) remu    s7, t2, s7
core   0: 3 0x800095c6 (0x0373fbb3) x23 0x80025e38
core   0: 0x800095ca (0x00702b33) slt     s6, zero, t2
core   0: 3 0x800095ca (0x00702b33) x22 0x00000000
core   0: 0x800095ce (0x0023d633) srl     a2, t2, sp
core   0: 3 0x800095ce (0x0023d633) x12 0x080025e3
core   0: 0x800095d2 (0x00008ee5) c.and   a3, s1
core   0: 3 0x800095d2 (0x8ee5) x13 0x00000000
core   0: 0x800095d4 (0x0275ef33) rem     t5, a1, t2
core   0: 3 0x800095d4 (0x0275ef33) x30 0x00000000
core   0: 0x800095d8 (0x036b0d93) addi    s11, s6, 54
core   0: 3 0x800095d8 (0x036b0d93) x27 0x00000036
core   0: 0x800095dc (0x0000c409) c.beqz  s0, pc + 10
core   0: 3 0x800095dc (0xc409)
core   0: 0x800095de (0x01889833) sll     a6, a7, s8
core   0: 3 0x800095de (0x01889833) x16 0x0cc39efc
core   0: 0x800095e2 (0x019a4333) xor     t1, s4, s9
core   0: 3 0x800095e2 (0x019a4333) x6  0x6002cbe5
core   0: 0x800095e6 (0x0000e711) c.bnez  a4, pc + 12
core   0: 3 0x800095e6 (0xe711)
core   0: 0x800095f2 (0x006dda13) srli    s4, s11, 6
core   0: 3 0x800095f2 (0x006dda13) x20 0x00000000
core   0: 0x800095f6 (0x026491b3) mulh    gp, s1, t1
core   0: 3 0x800095f6 (0x026491b3) x3  0x00000000
core   0: 0x800095fa (0x0158f963) bgeu    a7, s5, pc + 18
core   0: 3 0x800095fa (0x0158f963)
core   0: 0x8000960c (0xf5df7d37) lui     s10, 0xf5df7
core   0: 3 0x8000960c (0xf5df7d37) x26 0xf5df7000
core   0: 0x80009610 (0x02f1d333) divu    t1, gp, a5
core   0: 3 0x80009610 (0x02f1d333) x6  0x00000000
core   0: 0x80009614 (0x029726b3) mulhsu  a3, a4, s1
core   0: 3 0x80009614 (0x029726b3) x13 0x00000000
core   0: 0x80009618 (0xc204bc13) sltiu   s8, s1, -992
core   0: 3 0x80009618 (0xc204bc13) x24 0x00000001
core   0: 0x8000961c (0x03b1d763) bge     gp, s11, pc + 46
core   0: 3 0x8000961c (0x03b1d763)
core   0: 0x80009620 (0x0000051e) c.slli  a0, 7
core   0: 3 0x80009620 (0x051e) x10 0x1c000000
core   0: 0x80009622 (0x00006a25) c.lui   s4, 0x9
core   0: 3 0x80009622 (0x6a25) x20 0x00009000
core   0: 0x80009624 (0x00512d33) slt     s10, sp, t0
core   0: 3 0x80009624 (0x00512d33) x26 0x00000001
core   0: 0x80009628 (0x035e5c33) divu    s8, t3, s5
core   0: 3 0x80009628 (0x035e5c33) x24 0x0007fffc
core   0: 0x8000962c (0x02010a63) beqz    sp, pc + 52
core   0: 3 0x8000962c (0x02010a63)
core   0: 0x80009630 (0x0000ca01) c.beqz  a2, pc + 16
core   0: 3 0x80009630 (0xca01)
core   0: 0x80009632 (0x000080f9) c.srli  s1, 30
core   0: 3 0x80009632 (0x80f9) x9  0x00000000
core   0: 0x80009634 (0x9c482f93) slti    t6, a6, -1596
core   0: 3 0x80009634 (0x9c482f93) x31 0x00000000
core   0: 0x80009638 (0x04d09363) bne     ra, a3, pc + 70
core   0: 3 0x80009638 (0x04d09363)
core   0: 0x8000967e (0x00008c8e) c.mv    s9, gp
core   0: 3 0x8000967e (0x8c8e) x25 0x00000000
core   0: 0x80009680 (0x01fada33) srl     s4, s5, t6
core   0: 3 0x80009680 (0x01fada33) x20 0x00002000
core   0: 0x80009684 (0x419e84b3) sub     s1, t4, s9
core   0: 3 0x80009684 (0x419e84b3) x9  0x0cc39efc
core   0: 0x80009688 (0x00008575) c.srai  a0, 29
core   0: 3 0x80009688 (0x8575) x10 0x00000000
core   0: 0x8000968a (0x0000cb09) c.beqz  a4, pc + 18
core   0: 3 0x8000968a (0xcb09)
core   0: 0x8000968c (0x00000001) c.nop
core   0: 3 0x8000968c (0x0001)
core   0: 0x8000968e (0x000081be) c.mv    gp, a5
core   0: 3 0x8000968e (0x81be) x3  0x80000000
core   0: 0x80009690 (0x0329fc63) bgeu    s3, s2, pc + 56
core   0: 3 0x80009690 (0x0329fc63)
core   0: 0x800096c8 (0x039426b3) mulhsu  a3, s0, s9
core   0: 3 0x800096c8 (0x039426b3) x13 0x00000000
core   0: 0x800096cc (0x02661063) bne     a2, t1, pc + 32
core   0: 3 0x800096cc (0x02661063)
core   0: 0x800096ec (0x417ac813) xori    a6, s5, 1047
core   0: 3 0x800096ec (0x417ac813) x16 0x00002417
core   0: 0x800096f0 (0x0342b9b3) mulhu   s3, t0, s4
core   0: 3 0x800096f0 (0x0342b9b3) x19 0x00000000
core   0: 0x800096f4 (0x013b8193) addi    gp, s7, 19
core   0: 3 0x800096f4 (0x013b8193) x3  0x80025e4b
core   0: 0x800096f8 (0x00e63d33) sltu    s10, a2, a4
core   0: 3 0x800096f8 (0x00e63d33) x26 0x00000001
core   0: 0x800096fc (0x00eb5f63) bge     s6, a4, pc + 30
core   0: 3 0x800096fc (0x00eb5f63)
core   0: 0x8000971a (0x028ade33) divu    t3, s5, s0
core   0: 3 0x8000971a (0x028ade33) x28 0x00000000
core   0: 0x8000971e (0x02b21a33) mulh    s4, tp, a1
core   0: 3 0x8000971e (0x02b21a33) x20 0x00000000
core   0: 0x80009722 (0x0219d563) bge     s3, ra, pc + 42
core   0: 3 0x80009722 (0x0219d563)
core   0: 0x8000974c (0x00aedd63) bge     t4, a0, pc + 26
core   0: 3 0x8000974c (0x00aedd63)
core   0: 0x80009766 (0x00001f7d) c.addi  t5, -1
core   0: 3 0x80009766 (0x1f7d) x30 0xffffffff
core   0: 0x80009768 (0x00c01d93) slli    s11, zero, 12
core   0: 3 0x80009768 (0x00c01d93) x27 0x00000000
core   0: 0x8000976c (0x03921163) bne     tp, s9, pc + 34
core   0: 3 0x8000976c (0x03921163)
core   0: 0x8000978e (0x0001d6b3) srl     a3, gp, zero
core   0: 3 0x8000978e (0x0001d6b3) x13 0x80025e4b
core   0: 0x80009792 (0x00008e91) c.sub   a3, a2
core   0: 3 0x80009792 (0x8e91) x13 0x78023868
core   0: 0x80009794 (0x03968e33) mul     t3, a3, s9
core   0: 3 0x80009794 (0x03968e33) x28 0x00000000
core   0: 0x80009798 (0x003e5513) srli    a0, t3, 3
core   0: 3 0x80009798 (0x003e5513) x10 0x00000000
core   0: 0x8000979c (0x0000c495) c.beqz  s1, pc + 44
core   0: 3 0x8000979c (0xc495)
core   0: 0x8000979e (0x006ce363) bltu    s9, t1, pc + 6
core   0: 3 0x8000979e (0x006ce363)
core   0: 0x800097a2 (0x00008f35) c.xor   a4, a3
core   0: 3 0x800097a2 (0x8f35) x14 0xf8023861
core   0: 0x800097a4 (0x00000001) c.nop
core   0: 3 0x800097a4 (0x0001)
core   0: 0x800097a6 (0x00008d01) c.sub   a0, s0
core   0: 3 0x800097a6 (0x8d01) x10 0x00000001
core   0: 0x800097a8 (0x017b9763) bne     s7, s7, pc + 14
core   0: 3 0x800097a8 (0x017b9763)
core   0: 0x800097ac (0x03381563) bne     a6, s3, pc + 42
core   0: 3 0x800097ac (0x03381563)
core   0: 0x800097d6 (0x0000e205) c.bnez  a2, pc + 32
core   0: 3 0x800097d6 (0xe205)
core   0: 0x800097f6 (0x00159e93) slli    t4, a1, 1
core   0: 3 0x800097f6 (0x00159e93) x29 0x00000000
core   0: 0x800097fa (0x04cc3413) sltiu   s0, s8, 76
core   0: 3 0x800097fa (0x04cc3413) x8  0x00000000
core   0: 0x800097fe (0x000084f9) c.srai  s1, 30
core   0: 3 0x800097fe (0x84f9) x9  0x00000000
core   0: 0x80009800 (0x40868933) sub     s2, a3, s0
core   0: 3 0x80009800 (0x40868933) x18 0x78023868
core   0: 0x80009804 (0x00000001) c.nop
core   0: 3 0x80009804 (0x0001)
core   0: 0x80009806 (0x03834e63) blt     t1, s8, pc + 60
core   0: 3 0x80009806 (0x03834e63)
core   0: 0x80009842 (0x013dc333) xor     t1, s11, s3
core   0: 3 0x80009842 (0x013dc333) x6  0x00000000
core   0: 0x80009846 (0x0000ec9d) c.bnez  s1, pc + 62
core   0: 3 0x80009846 (0xec9d)
core   0: 0x80009848 (0x00788b33) add     s6, a7, t2
core   0: 3 0x80009848 (0x00788b33) x22 0x8cc5fd34
core   0: 0x8000984c (0x02058233) mul     tp, a1, zero
core   0: 3 0x8000984c (0x02058233) x4  0x00000000
core   0: 0x80009850 (0xf5b67813) andi    a6, a2, -165
core   0: 3 0x80009850 (0xf5b67813) x16 0x08002543
core   0: 0x80009854 (0x01bd0733) add     a4, s10, s11
core   0: 3 0x80009854 (0x01bd0733) x14 0x00000001
core   0: 0x80009858 (0x0120bc33) sltu    s8, ra, s2
core   0: 3 0x80009858 (0x0120bc33) x24 0x00000000
core   0: 0x8000985c (0x000085b1) c.srai  a1, 12
core   0: 3 0x8000985c (0x85b1) x11 0x00000000
core   0: 0x8000985e (0x78aaf013) andi    zero, s5, 1930
core   0: 3 0x8000985e (0x78aaf013)
core   0: 0x80009862 (0x00e71733) sll     a4, a4, a4
core   0: 3 0x80009862 (0x00e71733) x14 0x00000002
core   0: 0x80009866 (0x0000814d) c.srli  a0, 19
core   0: 3 0x80009866 (0x814d) x10 0x00000000
core   0: 0x80009868 (0x414d8333) sub     t1, s11, s4
core   0: 3 0x80009868 (0x414d8333) x6  0x00000000
core   0: 0x8000986c (0x019b1833) sll     a6, s6, s9
core   0: 3 0x8000986c (0x019b1833) x16 0x8cc5fd34
core   0: 0x80009870 (0x00008af1) c.andi  a3, 28
core   0: 3 0x80009870 (0x8af1) x13 0x00000008
core   0: 0x80009872 (0x41c880b3) sub     ra, a7, t3
core   0: 3 0x80009872 (0x41c880b3) x1  0x0cc39efc
core   0: 0x80009876 (0x0000e285) c.bnez  a3, pc + 32
core   0: 3 0x80009876 (0xe285)
core   0: 0x80009896 (0x0000197d) c.addi  s2, -1
core   0: 3 0x80009896 (0x197d) x18 0x78023867
core   0: 0x80009898 (0x0189d093) srli    ra, s3, 24
core   0: 3 0x80009898 (0x0189d093) x1  0x00000000
core   0: 0x8000989c (0x01f5f963) bgeu    a1, t6, pc + 18
core   0: 3 0x8000989c (0x01f5f963)
core   0: 0x800098ae (0x025f09b3) mul     s3, t5, t0
core   0: 3 0x800098ae (0x025f09b3) x19 0xffff6000
core   0: 0x800098b2 (0x01a4d313) srli    t1, s1, 26
core   0: 3 0x800098b2 (0x01a4d313) x6  0x00000000
core   0: 0x800098b6 (0x01bf5013) srli    zero, t5, 27
core   0: 3 0x800098b6 (0x01bf5013)
core   0: 0x800098ba (0x00000001) c.nop
core   0: 3 0x800098ba (0x0001)
core   0: 0x800098bc (0x0000ea8d) c.bnez  a3, pc + 50
core   0: 3 0x800098bc (0xea8d)
core   0: 0x800098ee (0x00afd893) srli    a7, t6, 10
core   0: 3 0x800098ee (0x00afd893) x17 0x00000000
core   0: 0x800098f2 (0x0020d013) srli    zero, ra, 2
core   0: 3 0x800098f2 (0x0020d013)
core   0: 0x800098f6 (0x4156dab3) sra     s5, a3, s5
core   0: 3 0x800098f6 (0x4156dab3) x21 0x00000008
core   0: 0x800098fa (0x41b88a33) sub     s4, a7, s11
core   0: 3 0x800098fa (0x41b88a33) x20 0x00000000
core   0: 0x800098fe (0x8dbb1097) auipc   ra, 0x8dbb1
core   0: 3 0x800098fe (0x8dbb1097) x1  0x0dbba8fe
core   0: 0x80009902 (0x000082c5) c.srli  a3, 17
core   0: 3 0x80009902 (0x82c5) x13 0x00000000
core   0: 0x80009904 (0x0000c519) c.beqz  a0, pc + 14
core   0: 3 0x80009904 (0xc519)
core   0: 0x80009912 (0x005bf963) bgeu    s7, t0, pc + 18
core   0: 3 0x80009912 (0x005bf963)
core   0: 0x80009924 (0x0051e2b3) or      t0, gp, t0
core   0: 3 0x80009924 (0x0051e2b3) x5  0x8002fe4b
core   0: 0x80009928 (0x001dfe63) bgeu    s11, ra, pc + 28
core   0: 3 0x80009928 (0x001dfe63)
core   0: 0x8000992c (0x01510663) beq     sp, s5, pc + 12
core   0: 3 0x8000992c (0x01510663)
core   0: 0x80009930 (0x00008db5) c.xor   a1, a3
core   0: 3 0x80009930 (0x8db5) x11 0x00000000
core   0: 0x80009932 (0x00000001) c.nop
core   0: 3 0x80009932 (0x0001)
core   0: 0x80009934 (0x0116ff33) and     t5, a3, a7
core   0: 3 0x80009934 (0x0116ff33) x30 0x00000000
core   0: 0x80009938 (0x0132b6b3) sltu    a3, t0, s3
core   0: 3 0x80009938 (0x0132b6b3) x13 0x00000001
core   0: 0x8000993c (0x014b41b3) xor     gp, s6, s4
core   0: 3 0x8000993c (0x014b41b3) x3  0x8cc5fd34
core   0: 0x80009940 (0x41e20633) sub     a2, tp, t5
core   0: 3 0x80009940 (0x41e20633) x12 0x00000000
core   0: 0x80009944 (0x000085ed) c.srai  a1, 27
core   0: 3 0x80009944 (0x85ed) x11 0x00000000
core   0: 0x80009946 (0x026760b3) rem     ra, a4, t1
core   0: 3 0x80009946 (0x026760b3) x1  0x00000002
core   0: 0x8000994a (0x00008e25) c.xor   a2, s1
core   0: 3 0x8000994a (0x8e25) x12 0x00000000
core   0: 0x8000994c (0x007af763) bgeu    s5, t2, pc + 14
core   0: 3 0x8000994c (0x007af763)
core   0: 0x80009950 (0x000082ed) c.srli  a3, 27
core   0: 3 0x80009950 (0x82ed) x13 0x00000000
core   0: 0x80009952 (0xfd327537) lui     a0, 0xfd327
core   0: 3 0x80009952 (0xfd327537) x10 0xfd327000
core   0: 0x80009956 (0x3f624093) xori    ra, tp, 1014
core   0: 3 0x80009956 (0x3f624093) x1  0x000003f6
core   0: 0x8000995a (0x840f0a13) addi    s4, t5, -1984
core   0: 3 0x8000995a (0x840f0a13) x20 0xfffff840
core   0: 0x8000995e (0xbc227b13) andi    s6, tp, -1086
core   0: 3 0x8000995e (0xbc227b13) x22 0x00000000
core   0: 0x80009962 (0x00ac8d33) add     s10, s9, a0
core   0: 3 0x80009962 (0x00ac8d33) x26 0xfd327000
core   0: 0x80009966 (0x00000001) c.nop
core   0: 3 0x80009966 (0x0001)
core   0: 0x80009968 (0x5bbbe193) ori     gp, s7, 1467
core   0: 3 0x80009968 (0x5bbbe193) x3  0x80025fbb
core   0: 0x8000996c (0x008b1463) bne     s6, s0, pc + 8
core   0: 3 0x8000996c (0x008b1463)
core   0: 0x80009970 (0x02fa7033) remu    zero, s4, a5
core   0: 3 0x80009970 (0x02fa7033)
core   0: 0x80009974 (0x033356b3) divu    a3, t1, s3
core   0: 3 0x80009974 (0x033356b3) x13 0x00000000
core   0: 0x80009978 (0x037be6b3) rem     a3, s7, s7
core   0: 3 0x80009978 (0x037be6b3) x13 0x00000000
core   0: 0x8000997c (0x000089b5) c.andi  a1, 13
core   0: 3 0x8000997c (0x89b5) x11 0x00000000
core   0: 0x8000997e (0x00000001) c.nop
core   0: 3 0x8000997e (0x0001)
core   0: 0x80009980 (0x03d57d63) bgeu    a0, t4, pc + 58
core   0: 3 0x80009980 (0x03d57d63)
core   0: 0x800099ba (0x03feeb63) bltu    t4, t6, pc + 54
core   0: 3 0x800099ba (0x03feeb63)
core   0: 0x800099be (0x03118663) beq     gp, a7, pc + 44
core   0: 3 0x800099be (0x03118663)
core   0: 0x800099c2 (0x0146e463) bltu    a3, s4, pc + 8
core   0: 3 0x800099c2 (0x0146e463)
core   0: 0x800099ca (0xf665b513) sltiu   a0, a1, -154
core   0: 3 0x800099ca (0xf665b513) x10 0x00000001
core   0: 0x800099ce (0x40e0dc33) sra     s8, ra, a4
core   0: 3 0x800099ce (0x40e0dc33) x24 0x000000fd
core   0: 0x800099d2 (0x03504533) div     a0, zero, s5
core   0: 3 0x800099d2 (0x03504533) x10 0x00000000
core   0: 0x800099d6 (0x0000987d) c.andi  s0, -1
core   0: 3 0x800099d6 (0x987d) x8  0x00000000
core   0: 0x800099d8 (0x4167d093) srai    ra, a5, 22
core   0: 3 0x800099d8 (0x4167d093) x1  0xfffffe00
core   0: 0x800099dc (0x00008d51) c.or    a0, a2
core   0: 3 0x800099dc (0x8d51) x10 0x00000000
core   0: 0x800099de (0x19445097) auipc   ra, 0x19445
core   0: 3 0x800099de (0x19445097) x1  0x9944e9de
core   0: 0x800099e2 (0x0000e599) c.bnez  a1, pc + 14
core   0: 3 0x800099e2 (0xe599)
core   0: 0x800099e4 (0x40b55f93) srai    t6, a0, 11
core   0: 3 0x800099e4 (0x40b55f93) x31 0x00000000
core   0: 0x800099e8 (0x00008f11) c.sub   a4, a2
core   0: 3 0x800099e8 (0x8f11) x14 0x00000002
core   0: 0x800099ea (0x00008235) c.srli  a2, 13
core   0: 3 0x800099ea (0x8235) x12 0x00000000
core   0: 0x800099ec (0x017086b3) add     a3, ra, s7
core   0: 3 0x800099ec (0x017086b3) x13 0x19474816
core   0: 0x800099f0 (0x02a2e0b3) rem     ra, t0, a0
core   0: 3 0x800099f0 (0x02a2e0b3) x1  0x8002fe4b
core   0: 0x800099f4 (0x608cb613) sltiu   a2, s9, 1544
core   0: 3 0x800099f4 (0x608cb613) x12 0x00000001
core   0: 0x800099f8 (0x00008e35) c.xor   a2, a3
core   0: 3 0x800099f8 (0x8e35) x12 0x19474817
core   0: 0x800099fa (0x000082cd) c.srli  a3, 19
core   0: 3 0x800099fa (0x82cd) x13 0x00000328
core   0: 0x800099fc (0x00005d7d) c.li    s10, -1
core   0: 3 0x800099fc (0x5d7d) x26 0xffffffff
core   0: 0x800099fe (0x1ceb6613) ori     a2, s6, 462
core   0: 3 0x800099fe (0x1ceb6613) x12 0x000001ce
core   0: 0x80009a02 (0x000086b5) c.srai  a3, 13
core   0: 3 0x80009a02 (0x86b5) x13 0x00000000
core   0: 0x80009a04 (0x0133b8b3) sltu    a7, t2, s3
core   0: 3 0x80009a04 (0x0133b8b3) x17 0x00000001
core   0: 0x80009a08 (0x00cb9a93) slli    s5, s7, 12
core   0: 3 0x80009a08 (0x00cb9a93) x21 0x25e38000
core   0: 0x80009a0c (0x000052fd) c.li    t0, -1
core   0: 3 0x80009a0c (0x52fd) x5  0xffffffff
core   0: 0x80009a0e (0x01867bb3) and     s7, a2, s8
core   0: 3 0x80009a0e (0x01867bb3) x23 0x000000cc
core   0: 0x80009a12 (0x89dfcb97) auipc   s7, 0x89dfc
core   0: 3 0x80009a12 (0x89dfcb97) x23 0x09e05a12
core   0: 0x80009a16 (0x03fe7163) bgeu    t3, t6, pc + 34
core   0: 3 0x80009a16 (0x03fe7163)
core   0: 0x80009a38 (0x104aff63) bgeu    s5, tp, pc + 286
core   0: 3 0x80009a38 (0x104aff63)
core   0: 0x80009b56 (0x03584fb3) div     t6, a6, s5
core   0: 3 0x80009b56 (0x03584fb3) x31 0xfffffffd
core   0: 0x80009b5a (0x02d38633) mul     a2, t2, a3
core   0: 3 0x80009b5a (0x02d38633) x12 0x00000000
core   0: 0x80009b5e (0x0000c435) c.beqz  s0, pc + 108
core   0: 3 0x80009b5e (0xc435)
core   0: 0x80009bca (0x039b7bb3) remu    s7, s6, s9
core   0: 3 0x80009bca (0x039b7bb3) x23 0x00000000
core   0: 0x80009bce (0x01019513) slli    a0, gp, 16
core   0: 3 0x80009bce (0x01019513) x10 0x5fbb0000
core   0: 0x80009bd2 (0x00008e79) c.and   a2, a4
core   0: 3 0x80009bd2 (0x8e79) x12 0x00000000
core   0: 0x80009bd4 (0x00008ed5) c.or    a3, a3
core   0: 3 0x80009bd4 (0x8ed5) x13 0x00000000
core   0: 0x80009bd6 (0x022eb8b3) mulhu   a7, t4, sp
core   0: 3 0x80009bd6 (0x022eb8b3) x17 0x00000000
core   0: 0x80009bda (0x000092c2) c.add   t0, a6
core   0: 3 0x80009bda (0x92c2) x5  0x8cc5fd33
core   0: 0x80009bdc (0x00008d1a) c.mv    s10, t1
core   0: 3 0x80009bdc (0x8d1a) x26 0x00000000
core   0: 0x80009bde (0xb5cda093) slti    ra, s11, -1188
core   0: 3 0x80009bde (0xb5cda093) x1  0x00000000
core   0: 0x80009be2 (0x03e46363) bltu    s0, t5, pc + 38
core   0: 3 0x80009be2 (0x03e46363)
core   0: 0x80009be6 (0x0318e863) bltu    a7, a7, pc + 48
core   0: 3 0x80009be6 (0x0318e863)
core   0: 0x80009bea (0x96f60e17) auipc   t3, 0x96f60
core   0: 3 0x80009bea (0x96f60e17) x28 0x16f69bea
core   0: 0x80009bee (0x020c5833) divu    a6, s8, zero
core   0: 3 0x80009bee (0x020c5833) x16 0xffffffff
core   0: 0x80009bf2 (0x1a5f3893) sltiu   a7, t5, 421
core   0: 3 0x80009bf2 (0x1a5f3893) x17 0x00000001
core   0: 0x80009bf6 (0x00008d91) c.sub   a1, a2
core   0: 3 0x80009bf6 (0x8d91) x11 0x00000000
core   0: 0x80009bf8 (0xf47c51b7) lui     gp, 0xf47c5
core   0: 3 0x80009bf8 (0xf47c51b7) x3  0xf47c5000
core   0: 0x80009bfc (0xe748cc93) xori    s9, a7, -396
core   0: 3 0x80009bfc (0xe748cc93) x25 0xfffffe75
core   0: 0x80009c00 (0x028a6263) bltu    s4, s0, pc + 36
core   0: 3 0x80009c00 (0x028a6263)
core   0: 0x80009c04 (0x03d95733) divu    a4, s2, t4
core   0: 3 0x80009c04 (0x03d95733) x14 0xffffffff
core   0: 0x80009c08 (0xd20e2a37) lui     s4, 0xd20e2
core   0: 3 0x80009c08 (0xd20e2a37) x20 0xd20e2000
core   0: 0x80009c0c (0x0134dc33) srl     s8, s1, s3
core   0: 3 0x80009c0c (0x0134dc33) x24 0x00000000
core   0: 0x80009c10 (0x037f60b3) rem     ra, t5, s7
core   0: 3 0x80009c10 (0x037f60b3) x1  0x00000000
core   0: 0x80009c14 (0x00000341) c.addi  t1, 16
core   0: 3 0x80009c14 (0x0341) x6  0x00000010
core   0: 0x80009c16 (0x00000001) c.nop
core   0: 3 0x80009c16 (0x0001)
core   0: 0x80009c18 (0x0000ec9d) c.bnez  s1, pc + 62
core   0: 3 0x80009c18 (0xec9d)
core   0: 0x80009c1a (0x0102ebb3) or      s7, t0, a6
core   0: 3 0x80009c1a (0x0102ebb3) x23 0xffffffff
core   0: 0x80009c1e (0x00008049) c.srli  s0, 18
core   0: 3 0x80009c1e (0x8049) x8  0x00000000
core   0: 0x80009c20 (0x60f57f93) andi    t6, a0, 1551
core   0: 3 0x80009c20 (0x60f57f93) x31 0x00000000
core   0: 0x80009c24 (0x03db9bb3) mulh    s7, s7, t4
core   0: 3 0x80009c24 (0x03db9bb3) x23 0x00000000
core   0: 0x80009c28 (0x00008ace) c.mv    s5, s3
core   0: 3 0x80009c28 (0x8ace) x21 0xffff6000
core   0: 0x80009c2a (0x039d6e33) rem     t3, s10, s9
core   0: 3 0x80009c2a (0x039d6e33) x28 0x00000000
core   0: 0x80009c2e (0x0000c285) c.beqz  a3, pc + 32
core   0: 3 0x80009c2e (0xc285)
core   0: 0x80009c4e (0x00008f79) c.and   a4, a4
core   0: 3 0x80009c4e (0x8f79) x14 0xffffffff
core   0: 0x80009c50 (0x021114b3) mulh    s1, sp, ra
core   0: 3 0x80009c50 (0x021114b3) x9  0x00000000
core   0: 0x80009c54 (0x0000868d) c.srai  a3, 3
core   0: 3 0x80009c54 (0x868d) x13 0x00000000
core   0: 0x80009c56 (0x029c0a63) beq     s8, s1, pc + 52
core   0: 3 0x80009c56 (0x029c0a63)
core   0: 0x80009c8a (0x92724893) xori    a7, tp, -1753
core   0: 3 0x80009c8a (0x92724893) x17 0xfffff927
core   0: 0x80009c8e (0x0079dd13) srli    s10, s3, 7
core   0: 3 0x80009c8e (0x0079dd13) x26 0x01fffec0
core   0: 0x80009c92 (0x00000001) c.nop
core   0: 3 0x80009c92 (0x0001)
core   0: 0x80009c94 (0xe8518713) addi    a4, gp, -379
core   0: 3 0x80009c94 (0xe8518713) x14 0xf47c4e85
core   0: 0x80009c98 (0x02fdaf33) mulhsu  t5, s11, a5
core   0: 3 0x80009c98 (0x02fdaf33) x30 0x00000000
core   0: 0x80009c9c (0x02f2e933) rem     s2, t0, a5
core   0: 3 0x80009c9c (0x02f2e933) x18 0x8cc5fd33
core   0: 0x80009ca0 (0x000b1293) slli    t0, s6, 0
core   0: 3 0x80009ca0 (0x000b1293) x5  0x00000000
core   0: 0x80009ca4 (0x0176e663) bltu    a3, s7, pc + 12
core   0: 3 0x80009ca4 (0x0176e663)
core   0: 0x80009ca8 (0x020a9963) bnez    s5, pc + 50
core   0: 3 0x80009ca8 (0x020a9963)
core   0: 0x80009cda (0x0000e719) c.bnez  a4, pc + 14
core   0: 3 0x80009cda (0xe719)
core   0: 0x80009ce8 (0x00008d09) c.sub   a0, a0
core   0: 3 0x80009ce8 (0x8d09) x10 0x00000000
core   0: 0x80009cea (0x4ba16b13) ori     s6, sp, 1210
core   0: 3 0x80009cea (0x4ba16b13) x22 0x80029dbe
core   0: 0x80009cee (0x0266b933) mulhu   s2, a3, t1
core   0: 3 0x80009cee (0x0266b933) x18 0x00000000
core   0: 0x80009cf2 (0x0000880a) c.mv    a6, sp
core   0: 3 0x80009cf2 (0x880a) x16 0x80029d24
core   0: 0x80009cf4 (0x00009b7d) c.andi  a4, -1
core   0: 3 0x80009cf4 (0x9b7d) x14 0xf47c4e85
core   0: 0x80009cf6 (0x01a52033) slt     zero, a0, s10
core   0: 3 0x80009cf6 (0x01a52033)
core   0: 0x80009cfa (0x037bbbb7) lui     s7, 0x37bb
core   0: 3 0x80009cfa (0x037bbbb7) x23 0x037bb000
core   0: 0x80009cfe (0x00000001) c.nop
core   0: 3 0x80009cfe (0x0001)
core   0: 0x80009d00 (0x00000a1e) c.slli  s4, 7
core   0: 3 0x80009d00 (0x0a1e) x20 0x07100000
core   0: 0x80009d02 (0x00488bb3) add     s7, a7, tp
core   0: 3 0x80009d02 (0x00488bb3) x23 0xfffff927
core   0: 0x80009d06 (0xc5dbfa93) andi    s5, s7, -931
core   0: 3 0x80009d06 (0xc5dbfa93) x21 0xfffff805
core   0: 0x80009d0a (0x0000c519) c.beqz  a0, pc + 14
core   0: 3 0x80009d0a (0xc519)
core   0: 0x80009d18 (0x00004195) c.li    gp, 5
core   0: 3 0x80009d18 (0x4195) x3  0x00000005
core   0: 0x80009d1a (0x02fc4c33) div     s8, s8, a5
core   0: 3 0x80009d1a (0x02fc4c33) x24 0x00000000
core   0: 0x80009d1e (0x0320036f) jal     t1, pc + 0x32
core   0: 3 0x80009d1e (0x0320036f) x6  0x80009d22
core   0: 0x80009d50 (0xfd5ff0ef) jal     pc - 0x2c
core   0: 3 0x80009d50 (0xfd5ff0ef) x1  0x80009d54
core   0: 0x80009d24 (0x0000a839) c.j     pc + 30
core   0: 3 0x80009d24 (0xa839)
core   0: 0x80009d42 (0x00003fe5) c.jal   pc - 8
core   0: 3 0x80009d42 (0x3fe5) x1  0x80009d44
core   0: 0x80009d3a (0xff3ff36f) jal     t1, pc - 0xe
core   0: 3 0x80009d3a (0xff3ff36f) x6  0x80009d3e
core   0: 0x80009d2c (0x0000a005) c.j     pc + 32
core   0: 3 0x80009d2c (0xa005)
core   0: 0x80009d4c (0xff9ff0ef) jal     pc - 0x8
core   0: 3 0x80009d4c (0xff9ff0ef) x1  0x80009d50
core   0: 0x80009d44 (0x00400def) jal     s11, pc + 0x4
core   0: 3 0x80009d44 (0x00400def) x27 0x80009d48
core   0: 0x80009d48 (0xfdbff0ef) jal     pc - 0x26
core   0: 3 0x80009d48 (0xfdbff0ef) x1  0x80009d4c
core   0: 0x80009d22 (0x00002809) c.jal   pc + 18
core   0: 3 0x80009d22 (0x2809) x1  0x80009d24
core   0: 0x80009d34 (0xffbffeef) jal     t4, pc - 0x6
core   0: 3 0x80009d34 (0xffbffeef) x29 0x80009d38
core   0: 0x80009d2e (0x00003fe5) c.jal   pc - 8
core   0: 3 0x80009d2e (0x3fe5) x1  0x80009d30
core   0: 0x80009d26 (0x00a000ef) jal     pc + 0xa
core   0: 3 0x80009d26 (0x00a000ef) x1  0x80009d2a
core   0: 0x80009d30 (0x024006ef) jal     a3, pc + 0x24
core   0: 3 0x80009d30 (0x024006ef) x13 0x80009d34
core   0: 0x80009d54 (0x0000bfd9) c.j     pc - 42
core   0: 3 0x80009d54 (0xbfd9)
core   0: 0x80009d2a (0x00002039) c.jal   pc + 14
core   0: 3 0x80009d2a (0x2039) x1  0x80009d2c
core   0: 0x80009d38 (0x00002019) c.jal   pc + 6
core   0: 3 0x80009d38 (0x2019) x1  0x80009d3a
core   0: 0x80009d3e (0x018000ef) jal     pc + 0x18
core   0: 3 0x80009d3e (0x018000ef) x1  0x80009d42
core   0: 0x80009d56 (0x00008b51) c.andi  a4, 20
core   0: 3 0x80009d56 (0x8b51) x14 0x00000004
core   0: 0x80009d58 (0x40d5dcb3) sra     s9, a1, a3
core   0: 3 0x80009d58 (0x40d5dcb3) x25 0x00000000
core   0: 0x80009d5c (0x0272a333) mulhsu  t1, t0, t2
core   0: 3 0x80009d5c (0x0272a333) x6  0x00000000
core   0: 0x80009d60 (0x000000a1) c.addi  ra, 8
core   0: 3 0x80009d60 (0x00a1) x1  0x80009d4a
core   0: 0x80009d62 (0x00000215) c.addi  tp, 5
core   0: 3 0x80009d62 (0x0215) x4  0x00000005
core   0: 0x80009d64 (0x01810f63) beq     sp, s8, pc + 30
core   0: 3 0x80009d64 (0x01810f63)
core   0: 0x80009d68 (0x0335d163) bge     a1, s3, pc + 34
core   0: 3 0x80009d68 (0x0335d163)
core   0: 0x80009d8a (0x0136d1b3) srl     gp, a3, s3
core   0: 3 0x80009d8a (0x0136d1b3) x3  0x80009d34
core   0: 0x80009d8e (0x00008ef1) c.and   a3, a2
core   0: 3 0x80009d8e (0x8ef1) x13 0x00000000
core   0: 0x80009d90 (0x00008ead) c.xor   a3, a1
core   0: 3 0x80009d90 (0x8ead) x13 0x00000000
core   0: 0x80009d92 (0x000089ea) c.mv    s3, s10
core   0: 3 0x80009d92 (0x89ea) x19 0x01fffec0
core   0: 0x80009d94 (0x00e16d33) or      s10, sp, a4
core   0: 3 0x80009d94 (0x00e16d33) x26 0x80029d24
core   0: 0x80009d98 (0x401a5813) srai    a6, s4, 1
core   0: 3 0x80009d98 (0x401a5813) x16 0x03880000
core   0: 0x80009d9c (0x04284063) blt     a6, sp, pc + 64
core   0: 3 0x80009d9c (0x04284063)
core   0: 0x80009da0 (0x17742713) slti    a4, s0, 375
core   0: 3 0x80009da0 (0x17742713) x14 0x00000001
core   0: 0x80009da4 (0x03af1c63) bne     t5, s10, pc + 56
core   0: 3 0x80009da4 (0x03af1c63)
core   0: 0x80009ddc (0x03c00763) beq     zero, t3, pc + 46
core   0: 3 0x80009ddc (0x03c00763)
core   0: 0x80009e0a (0x01ea4333) xor     t1, s4, t5
core   0: 3 0x80009e0a (0x01ea4333) x6  0x07100000
core   0: 0x80009e0e (0x000085cd) c.srai  a1, 19
core   0: 3 0x80009e0e (0x85cd) x11 0x00000000
core   0: 0x80009e10 (0x0000c115) c.beqz  a0, pc + 36
core   0: 3 0x80009e10 (0xc115)
core   0: 0x80009e34 (0x00008dd5) c.or    a1, a3
core   0: 3 0x80009e34 (0x8dd5) x11 0x00000000
core   0: 0x80009e36 (0x02471433) mulh    s0, a4, tp
core   0: 3 0x80009e36 (0x02471433) x8  0x00000000
core   0: 0x80009e3a (0xf5900d13) li      s10, -167
core   0: 3 0x80009e3a (0xf5900d13) x26 0xffffff59
core   0: 0x80009e3e (0x00c868b3) or      a7, a6, a2
core   0: 3 0x80009e3e (0x00c868b3) x17 0x03880000
core   0: 0x80009e42 (0x005f5f93) srli    t6, t5, 5
core   0: 3 0x80009e42 (0x005f5f93) x31 0x00000000
core   0: 0x80009e46 (0x4103df33) sra     t5, t2, a6
core   0: 3 0x80009e46 (0x4103df33) x30 0x80025e38
core   0: 0x80009e4a (0x00c33833) sltu    a6, t1, a2
core   0: 3 0x80009e4a (0x00c33833) x16 0x00000000
core   0: 0x80009e4e (0x00b94533) xor     a0, s2, a1
core   0: 3 0x80009e4e (0x00b94533) x10 0x00000000
core   0: 0x80009e52 (0x0000080e) c.slli  a6, 3
core   0: 3 0x80009e52 (0x080e) x16 0x00000000
core   0: 0x80009e54 (0x0170d963) bge     ra, s7, pc + 18
core   0: 3 0x80009e54 (0x0170d963)
core   0: 0x80009e58 (0x0c5ca493) slti    s1, s9, 197
core   0: 3 0x80009e58 (0x0c5ca493) x9  0x00000001
core   0: 0x80009e5c (0x0000c59d) c.beqz  a1, pc + 46
core   0: 3 0x80009e5c (0xc59d)
core   0: 0x80009e8a (0x00db85b3) add     a1, s7, a3
core   0: 3 0x80009e8a (0x00db85b3) x11 0xfffff927
core   0: 0x80009e8e (0x00008d75) c.and   a0, a3
core   0: 3 0x80009e8e (0x8d75) x10 0x00000000
core   0: 0x80009e90 (0xac710a93) addi    s5, sp, -1337
core   0: 3 0x80009e90 (0xac710a93) x21 0x800297eb
core   0: 0x80009e94 (0xdaf45e17) auipc   t3, 0xdaf45
core   0: 3 0x80009e94 (0xdaf45e17) x28 0x5af4ee94
core   0: 0x80009e98 (0x008c1f93) slli    t6, s8, 8
core   0: 3 0x80009e98 (0x008c1f93) x31 0x00000000
core   0: 0x80009e9c (0x0009d563) bgez    s3, pc + 10
core   0: 3 0x80009e9c (0x0009d563)
core   0: 0x80009ea6 (0x00008f1d) c.sub   a4, a5
core   0: 3 0x80009ea6 (0x8f1d) x14 0x80000001
core   0: 0x80009ea8 (0x40b60433) sub     s0, a2, a1
core   0: 3 0x80009ea8 (0x40b60433) x8  0x000006d9
core   0: 0x80009eac (0x035835b3) mulhu   a1, a6, s5
core   0: 3 0x80009eac (0x035835b3) x11 0x00000000
core   0: 0x80009eb0 (0x02cc0963) beq     s8, a2, pc + 50
core   0: 3 0x80009eb0 (0x02cc0963)
core   0: 0x80009ee2 (0x000088dd) c.andi  s1, 23
core   0: 3 0x80009ee2 (0x88dd) x9  0x00000001
core   0: 0x80009ee4 (0x01e28a63) beq     t0, t5, pc + 20
core   0: 3 0x80009ee4 (0x01e28a63)
core   0: 0x80009ee8 (0x65ef8813) addi    a6, t6, 1630
core   0: 3 0x80009ee8 (0x65ef8813) x16 0x0000065e
core   0: 0x80009eec (0x01831463) bne     t1, s8, pc + 8
core   0: 3 0x80009eec (0x01831463)
core   0: 0x80009ef4 (0x00278563) beq     a5, sp, pc + 10
core   0: 3 0x80009ef4 (0x00278563)
core   0: 0x80009ef8 (0x6a2f7813) andi    a6, t5, 1698
core   0: 3 0x80009ef8 (0x6a2f7813) x16 0x00000620
core   0: 0x80009efc (0x000055fd) c.li    a1, -1
core   0: 3 0x80009efc (0x55fd) x11 0xffffffff
core   0: 0x80009efe (0x00008299) c.srli  a3, 6
core   0: 3 0x80009efe (0x8299) x13 0x00000000
core   0: 0x80009f00 (0x00000001) c.nop
core   0: 3 0x80009f00 (0x0001)
core   0: 0x80009f02 (0x0342ccb3) div     s9, t0, s4
core   0: 3 0x80009f02 (0x0342ccb3) x25 0x00000000
core   0: 0x80009f06 (0x0000ce19) c.beqz  a2, pc + 30
core   0: 3 0x80009f06 (0xce19)
core   0: 0x80009f24 (0xaa61fa13) andi    s4, gp, -1370
core   0: 3 0x80009f24 (0xaa61fa13) x20 0x80009824
core   0: 0x80009f28 (0x00008f65) c.and   a4, s1
core   0: 3 0x80009f28 (0x8f65) x14 0x00000001
core   0: 0x80009f2a (0x00008f55) c.or    a4, a3
core   0: 3 0x80009f2a (0x8f55) x14 0x00000001
core   0: 0x80009f2c (0x0142d333) srl     t1, t0, s4
core   0: 3 0x80009f2c (0x0142d333) x6  0x00000000
core   0: 0x80009f30 (0x008092b3) sll     t0, ra, s0
core   0: 3 0x80009f30 (0x008092b3) x5  0x94000000
core   0: 0x80009f34 (0x00009542) c.add   a0, a6
core   0: 3 0x80009f34 (0x9542) x10 0x00000620
core   0: 0x80009f36 (0xb67a8593) addi    a1, s5, -1177
core   0: 3 0x80009f36 (0xb67a8593) x11 0x80029352
core   0: 0x80009f3a (0x00000001) c.nop
core   0: 3 0x80009f3a (0x0001)
core   0: 0x80009f3c (0x00fcf233) and     tp, s9, a5
core   0: 3 0x80009f3c (0x00fcf233) x4  0x00000000
core   0: 0x80009f40 (0xfe840093) addi    ra, s0, -24
core   0: 3 0x80009f40 (0xfe840093) x1  0x000006c1
core   0: 0x80009f44 (0x03d061b3) rem     gp, zero, t4
core   0: 3 0x80009f44 (0x03d061b3) x3  0x00000000
core   0: 0x80009f48 (0x00b40333) add     t1, s0, a1
core   0: 3 0x80009f48 (0x00b40333) x6  0x80029a2b
core   0: 0x80009f4c (0x000002ed) c.addi  t0, 27
core   0: 3 0x80009f4c (0x02ed) x5  0x9400001b
core   0: 0x80009f4e (0x35b87313) andi    t1, a6, 859
core   0: 3 0x80009f4e (0x35b87313) x6  0x00000200
core   0: 0x80009f52 (0x00006bd5) c.lui   s7, 0x15
core   0: 3 0x80009f52 (0x6bd5) x23 0x00015000
core   0: 0x80009f54 (0x00006bc5) c.lui   s7, 0x11
core   0: 3 0x80009f54 (0x6bc5) x23 0x00011000
core   0: 0x80009f56 (0x00c5d893) srli    a7, a1, 12
core   0: 3 0x80009f56 (0x00c5d893) x17 0x00080029
core   0: 0x80009f5a (0x40458233) sub     tp, a1, tp
core   0: 3 0x80009f5a (0x40458233) x4  0x80029352
core   0: 0x80009f5e (0x018ec5b3) xor     a1, t4, s8
core   0: 3 0x80009f5e (0x018ec5b3) x11 0x80009d38
core   0: 0x80009f62 (0x03548433) mul     s0, s1, s5
core   0: 3 0x80009f62 (0x03548433) x8  0x800297eb
core   0: 0x80009f66 (0x96aeab93) slti    s7, t4, -1686
core   0: 3 0x80009f66 (0x96aeab93) x23 0x00000001
core   0: 0x80009f6a (0x0000cd15) c.beqz  a0, pc + 60
core   0: 3 0x80009f6a (0xcd15)
core   0: 0x80009f6c (0x00501093) slli    ra, zero, 5
core   0: 3 0x80009f6c (0x00501093) x1  0x00000000
core   0: 0x80009f70 (0x00008ef5) c.and   a3, a3
core   0: 3 0x80009f70 (0x8ef5) x13 0x00000000
core   0: 0x80009f72 (0x00d48c33) add     s8, s1, a3
core   0: 3 0x80009f72 (0x00d48c33) x24 0x00000001
core   0: 0x80009f76 (0x024b0733) mul     a4, s6, tp
core   0: 3 0x80009f76 (0x024b0733) x14 0xbce6a0dc
core   0: 0x80009f7a (0x00c51493) slli    s1, a0, 12
core   0: 3 0x80009f7a (0x00c51493) x9  0x00620000
core   0: 0x80009f7e (0x03dd6733) rem     a4, s10, t4
core   0: 3 0x80009f7e (0x03dd6733) x14 0xffffff59
core   0: 0x80009f82 (0xf99bc093) xori    ra, s7, -103
core   0: 3 0x80009f82 (0xf99bc093) x1  0xffffff98
core   0: 0x80009f86 (0x03643b33) mulhu   s6, s0, s6
core   0: 3 0x80009f86 (0x03643b33) x22 0x40029adb
core   0: 0x80009f8a (0x035b6e33) rem     t3, s6, s5
core   0: 3 0x80009f8a (0x035b6e33) x28 0x40029adb
core   0: 0x80009f8e (0x0000c305) c.beqz  a4, pc + 32
core   0: 3 0x80009f8e (0xc305)
core   0: 0x80009f90 (0x00008f49) c.or    a4, a0
core   0: 3 0x80009f90 (0x8f49) x14 0xffffff79
core   0: 0x80009f92 (0x984d4c93) xori    s9, s10, -1660
core   0: 3 0x80009f92 (0x984d4c93) x25 0x000006dd
core   0: 0x80009f96 (0x000051fd) c.li    gp, -1
core   0: 3 0x80009f96 (0x51fd) x3  0xffffffff
core   0: 0x80009f98 (0x40f7d213) srai    tp, a5, 15
core   0: 3 0x80009f98 (0x40f7d213) x4  0xffff0000
core   0: 0x80009f9c (0x000098ca) c.add   a7, s2
core   0: 3 0x80009f9c (0x98ca) x17 0x00080029
core   0: 0x80009f9e (0xb1ad7f93) andi    t6, s10, -1254
core   0: 3 0x80009f9e (0xb1ad7f93) x31 0xfffffb18
core   0: 0x80009fa2 (0x023b1833) mulh    a6, s6, gp
core   0: 3 0x80009fa2 (0x023b1833) x16 0xffffffff
core   0: 0x80009fa6 (0x02dcfdb3) remu    s11, s9, a3
core   0: 3 0x80009fa6 (0x02dcfdb3) x27 0x000006dd
core   0: 0x80009faa (0x0f270013) addi    zero, a4, 242
core   0: 3 0x80009faa (0x0f270013)
core   0: 0x80009fae (0x03dc7d33) remu    s10, s8, t4
core   0: 3 0x80009fae (0x03dc7d33) x26 0x00000001
core   0: 0x80009fb2 (0x00008c6d) c.and   s0, a1
core   0: 3 0x80009fb2 (0x8c6d) x8  0x80009528
core   0: 0x80009fb4 (0x0176a933) slt     s2, a3, s7
core   0: 3 0x80009fb4 (0x0176a933) x18 0x00000001
core   0: 0x80009fb8 (0x00008ea5) c.xor   a3, s1
core   0: 3 0x80009fb8 (0x8ea5) x13 0x00620000
core   0: 0x80009fba (0x00008d65) c.and   a0, s1
core   0: 3 0x80009fba (0x8d65) x10 0x00000000
core   0: 0x80009fbc (0x000088a5) c.andi  s1, 9
core   0: 3 0x80009fbc (0x88a5) x9  0x00000000
core   0: 0x80009fbe (0x03c65763) bge     a2, t3, pc + 46
core   0: 3 0x80009fbe (0x03c65763)
core   0: 0x80009fc2 (0x007d1733) sll     a4, s10, t2
core   0: 3 0x80009fc2 (0x007d1733) x14 0x01000000
core   0: 0x80009fc6 (0x4f762637) lui     a2, 0x4f762
core   0: 3 0x80009fc6 (0x4f762637) x12 0x4f762000
core   0: 0x80009fca (0x026f5c63) bge     t5, t1, pc + 56
core   0: 3 0x80009fca (0x026f5c63)
core   0: 0x80009fce (0x9e327193) andi    gp, tp, -1565
core   0: 3 0x80009fce (0x9e327193) x3  0xffff0000
core   0: 0x80009fd2 (0x03450c33) mul     s8, a0, s4
core   0: 3 0x80009fd2 (0x03450c33) x24 0x00000000
core   0: 0x80009fd6 (0x40df5213) srai    tp, t5, 13
core   0: 3 0x80009fd6 (0x40df5213) x4  0xfffc0012
core   0: 0x80009fda (0x00000001) c.nop
core   0: 3 0x80009fda (0x0001)
core   0: 0x80009fdc (0xc603b2b7) lui     t0, 0xc603b
core   0: 3 0x80009fdc (0xc603b2b7) x5  0xc603b000
core   0: 0x80009fe0 (0x02233033) mulhu   zero, t1, sp
core   0: 3 0x80009fe0 (0x02233033)
core   0: 0x80009fe4 (0x00000d3a) c.slli  s10, 14
core   0: 3 0x80009fe4 (0x0d3a) x26 0x00004000
core   0: 0x80009fe6 (0x01c45763) bge     s0, t3, pc + 14
core   0: 3 0x80009fe6 (0x01c45763)
core   0: 0x80009fea (0x00000001) c.nop
core   0: 3 0x80009fea (0x0001)
core   0: 0x80009fec (0x1c684193) xori    gp, a6, 454
core   0: 3 0x80009fec (0x1c684193) x3  0xfffffe39
core   0: 0x80009ff0 (0x02875c33) divu    s8, a4, s0
core   0: 3 0x80009ff0 (0x02875c33) x24 0x00000000
core   0: 0x80009ff4 (0x03895833) divu    a6, s2, s8
core   0: 3 0x80009ff4 (0x03895833) x16 0xffffffff
core   0: 0x80009ff8 (0x00008f96) c.mv    t6, t0
core   0: 3 0x80009ff8 (0x8f96) x31 0xc603b000
core   0: 0x80009ffa (0x67b42c93) slti    s9, s0, 1659
core   0: 3 0x80009ffa (0x67b42c93) x25 0x00000001
core   0: 0x80009ffe (0x02f69db3) mulh    s11, a3, a5
core   0: 3 0x80009ffe (0x02f69db3) x27 0xffcf0000
core   0: 0x8000a002 (0xd2762313) slti    t1, a2, -729
core   0: 3 0x8000a002 (0xd2762313) x6  0x00000000
core   0: 0x8000a006 (0x039b8cb3) mul     s9, s7, s9
core   0: 3 0x8000a006 (0x039b8cb3) x25 0x00000001
core   0: 0x8000a00a (0x00008d21) c.xor   a0, s0
core   0: 3 0x8000a00a (0x8d21) x10 0x80009528
core   0: 0x8000a00c (0x0000ca15) c.beqz  a2, pc + 52
core   0: 3 0x8000a00c (0xca15)
core   0: 0x8000a00e (0x011584b3) add     s1, a1, a7
core   0: 3 0x8000a00e (0x011584b3) x9  0x80089d61
core   0: 0x8000a012 (0x67b62493) slti    s1, a2, 1659
core   0: 3 0x8000a012 (0x67b62493) x9  0x00000000
core   0: 0x8000a016 (0x02b51963) bne     a0, a1, pc + 50
core   0: 3 0x8000a016 (0x02b51963)
core   0: 0x8000a048 (0x01e77fb3) and     t6, a4, t5
core   0: 3 0x8000a048 (0x01e77fb3) x31 0x00000000
core   0: 0x8000a04c (0x95a46337) lui     t1, 0x95a46
core   0: 3 0x8000a04c (0x95a46337) x6  0x95a46000
core   0: 0x8000a050 (0x41a68d33) sub     s10, a3, s10
core   0: 3 0x8000a050 (0x41a68d33) x26 0x0061c000
core   0: 0x8000a054 (0x00008249) c.srli  a2, 18
core   0: 3 0x8000a054 (0x8249) x12 0x000013dd
core   0: 0x8000a056 (0x000046c5) c.li    a3, 17
core   0: 3 0x8000a056 (0x46c5) x13 0x00000011
core   0: 0x8000a058 (0xbda86193) ori     gp, a6, -1062
core   0: 3 0x8000a058 (0xbda86193) x3  0xffffffff
core   0: 0x8000a05c (0x0364b933) mulhu   s2, s1, s6
core   0: 3 0x8000a05c (0x0364b933) x18 0x00000000
core   0: 0x8000a060 (0x00009256) c.add   tp, s5
core   0: 3 0x8000a060 (0x9256) x4  0x7ffe97fd
core   0: 0x8000a062 (0x00008655) c.srai  a2, 21
core   0: 3 0x8000a062 (0x8655) x12 0x00000000
core   0: 0x8000a064 (0x02d48833) mul     a6, s1, a3
core   0: 3 0x8000a064 (0x02d48833) x16 0x00000000
core   0: 0x8000a068 (0x0000ee19) c.bnez  a2, pc + 30
core   0: 3 0x8000a068 (0xee19)
core   0: 0x8000a06a (0x00000001) c.nop
core   0: 3 0x8000a06a (0x0001)
core   0: 0x8000a06c (0x0380cd33) div     s10, ra, s8
core   0: 3 0x8000a06c (0x0380cd33) x26 0xffffffff
core   0: 0x8000a070 (0x40e888b3) sub     a7, a7, a4
core   0: 3 0x8000a070 (0x40e888b3) x17 0xff080029
core   0: 0x8000a074 (0x40dbd193) srai    gp, s7, 13
core   0: 3 0x8000a074 (0x40dbd193) x3  0x00000000
core   0: 0x8000a078 (0x00000001) c.nop
core   0: 3 0x8000a078 (0x0001)
core   0: 0x8000a07a (0x03c33cb3) mulhu   s9, t1, t3
core   0: 3 0x8000a07a (0x03c33cb3) x25 0x256a9dcd
core   0: 0x8000a07e (0x0265afb3) mulhsu  t6, a1, t1
core   0: 3 0x8000a07e (0x0265afb3) x31 0xb52e2be6
core   0: 0x8000a082 (0x00008241) c.srli  a2, 16
core   0: 3 0x8000a082 (0x8241) x12 0x00000000
core   0: 0x8000a084 (0x00008da9) c.xor   a1, a0
core   0: 3 0x8000a084 (0x8da9) x11 0x00000810
core   0: 0x8000a086 (0x035cec33) rem     s8, s9, s5
core   0: 3 0x8000a086 (0x035cec33) x24 0x256a9dcd
core   0: 0x8000a08a (0x0395ad33) mulhsu  s10, a1, s9
core   0: 3 0x8000a08a (0x0395ad33) x26 0x0000012d
core   0: 0x8000a08e (0x8e9c2f17) auipc   t5, 0x8e9c2
core   0: 3 0x8000a08e (0x8e9c2f17) x30 0x0e9cc08e
core   0: 0x8000a092 (0x40d45c33) sra     s8, s0, a3
core   0: 3 0x8000a092 (0x40d45c33) x24 0xffffc000
core   0: 0x8000a096 (0x416f5db3) sra     s11, t5, s6
core   0: 3 0x8000a096 (0x416f5db3) x27 0x00000001
core   0: 0x8000a09a (0x00008eb9) c.xor   a3, a4
core   0: 3 0x8000a09a (0x8eb9) x13 0x01000011
core   0: 0x8000a09c (0x000082a1) c.srli  a3, 8
core   0: 3 0x8000a09c (0x82a1) x13 0x00010000
core   0: 0x8000a09e (0x033bf933) remu    s2, s7, s3
core   0: 3 0x8000a09e (0x033bf933) x18 0x00000001
core   0: 0x8000a0a2 (0xa597a593) slti    a1, a5, -1447
core   0: 3 0x8000a0a2 (0xa597a593) x11 0x00000001
core   0: 0x8000a0a6 (0x031a3633) mulhu   a2, s4, a7
core   0: 3 0x8000a0a6 (0x031a3633) x12 0x7f8497a5
core   0: 0x8000a0aa (0x01429f33) sll     t5, t0, s4
core   0: 3 0x8000a0aa (0x01429f33) x30 0x603b0000
core   0: 0x8000a0ae (0x01f9d4b3) srl     s1, s3, t6
core   0: 3 0x8000a0ae (0x01f9d4b3) x9  0x0007fffb
core   0: 0x8000a0b2 (0x012d70b3) and     ra, s10, s2
core   0: 3 0x8000a0b2 (0x012d70b3) x1  0x00000001
core   0: 0x8000a0b6 (0x00008759) c.srai  a4, 22
core   0: 3 0x8000a0b6 (0x8759) x14 0x00000004
core   0: 0x8000a0b8 (0x01640963) beq     s0, s6, pc + 18
core   0: 3 0x8000a0b8 (0x01640963)
core   0: 0x8000a0bc (0x02f05bb3) divu    s7, zero, a5
core   0: 3 0x8000a0bc (0x02f05bb3) x23 0x00000000
core   0: 0x8000a0c0 (0x000090f2) c.add   ra, t3
core   0: 3 0x8000a0c0 (0x90f2) x1  0x40029adc
core   0: 0x8000a0c2 (0x02b3ad33) mulhsu  s10, t2, a1
core   0: 3 0x8000a0c2 (0x02b3ad33) x26 0xffffffff
core   0: 0x8000a0c6 (0x02c62db3) mulhsu  s11, a2, a2
core   0: 3 0x8000a0c6 (0x02c62db3) x27 0x3f84d322
core   0: 0x8000a0ca (0x03acda63) bge     s9, s10, pc + 52
core   0: 3 0x8000a0ca (0x03acda63)
core   0: 0x8000a0fe (0x0000059d) c.addi  a1, 7
core   0: 3 0x8000a0fe (0x059d) x11 0x00000008
core   0: 0x8000a100 (0x0000eb1d) c.bnez  a4, pc + 54
core   0: 3 0x8000a100 (0xeb1d)
core   0: 0x8000a136 (0x03b2da33) divu    s4, t0, s11
core   0: 3 0x8000a136 (0x03b2da33) x20 0x00000003
core   0: 0x8000a13a (0xa007ba93) sltiu   s5, a5, -1536
core   0: 3 0x8000a13a (0xa007ba93) x21 0x00000001
core   0: 0x8000a13e (0x000016fd) c.addi  a3, -1
core   0: 3 0x8000a13e (0x16fd) x13 0x0000ffff
core   0: 0x8000a140 (0x034f6033) rem     zero, t5, s4
core   0: 3 0x8000a140 (0x034f6033)
core   0: 0x8000a144 (0x023349b3) div     s3, t1, gp
core   0: 3 0x8000a144 (0x023349b3) x19 0xffffffff
core   0: 0x8000a148 (0x02216533) rem     a0, sp, sp
core   0: 3 0x8000a148 (0x02216533) x10 0x00000000
core   0: 0x8000a14c (0x01701913) slli    s2, zero, 23
core   0: 3 0x8000a14c (0x01701913) x18 0x00000000
core   0: 0x8000a150 (0x00006fb5) c.lui   t6, 0xd
core   0: 3 0x8000a150 (0x6fb5) x31 0x0000d000
core   0: 0x8000a152 (0x00008655) c.srai  a2, 21
core   0: 3 0x8000a152 (0x8655) x12 0x000003fc
core   0: 0x8000a154 (0x7d79c093) xori    ra, s3, 2007
core   0: 3 0x8000a154 (0x7d79c093) x1  0xfffff828
core   0: 0x8000a158 (0x8bc73813) sltiu   a6, a4, -1860
core   0: 3 0x8000a158 (0x8bc73813) x16 0x00000001
core   0: 0x8000a15c (0x00000001) c.nop
core   0: 3 0x8000a15c (0x0001)
core   0: 0x8000a15e (0x00008f3d) c.xor   a4, a5
core   0: 3 0x8000a15e (0x8f3d) x14 0x80000004
core   0: 0x8000a160 (0x00000001) c.nop
core   0: 3 0x8000a160 (0x0001)
core   0: 0x8000a162 (0x038d6333) rem     t1, s10, s8
core   0: 3 0x8000a162 (0x038d6333) x6  0xffffffff
core   0: 0x8000a166 (0x02157733) remu    a4, a0, ra
core   0: 3 0x8000a166 (0x02157733) x14 0x00000000
core   0: 0x8000a16a (0x0000c611) c.beqz  a2, pc + 12
core   0: 3 0x8000a16a (0xc611)
core   0: 0x8000a16c (0x00000001) c.nop
core   0: 3 0x8000a16c (0x0001)
core   0: 0x8000a16e (0x00008d89) c.sub   a1, a0
core   0: 3 0x8000a16e (0x8d89) x11 0x00000008
core   0: 0x8000a170 (0x417b5513) srai    a0, s6, 23
core   0: 3 0x8000a170 (0x417b5513) x10 0x00000080
core   0: 0x8000a174 (0x00006855) c.lui   a6, 0x15
core   0: 3 0x8000a174 (0x6855) x16 0x00015000
core   0: 0x8000a176 (0x00008ce9) c.and   s1, a0
core   0: 3 0x8000a176 (0x8ce9) x9  0x00000080
core   0: 0x8000a178 (0x01d66233) or      tp, a2, t4
core   0: 3 0x8000a178 (0x01d66233) x4  0x80009ffc
core   0: 0x8000a17c (0xd54fa893) slti    a7, t6, -684
core   0: 3 0x8000a17c (0xd54fa893) x17 0x00000000
core   0: 0x8000a180 (0x02a26433) rem     s0, tp, a0
core   0: 3 0x8000a180 (0x02a26433) x8  0xfffffffc
core   0: 0x8000a184 (0x00ea45b3) xor     a1, s4, a4
core   0: 3 0x8000a184 (0x00ea45b3) x11 0x00000003
core   0: 0x8000a188 (0x00008ee9) c.and   a3, a0
core   0: 3 0x8000a188 (0x8ee9) x13 0x00000080
core   0: 0x8000a18a (0x3a94f193) andi    gp, s1, 937
core   0: 3 0x8000a18a (0x3a94f193) x3  0x00000080
core   0: 0x8000a18e (0x0000c895) c.beqz  s1, pc + 52
core   0: 3 0x8000a18e (0xc895)
core   0: 0x8000a190 (0x00de8633) add     a2, t4, a3
core   0: 3 0x8000a190 (0x00de8633) x12 0x80009db8
core   0: 0x8000a194 (0x02954563) blt     a0, s1, pc + 42
core   0: 3 0x8000a194 (0x02954563)
core   0: 0x8000a198 (0xf9f8cc93) xori    s9, a7, -97
core   0: 3 0x8000a198 (0xf9f8cc93) x25 0xffffff9f
core   0: 0x8000a19c (0x006d1d93) slli    s11, s10, 6
core   0: 3 0x8000a19c (0x006d1d93) x27 0xffffffc0
core   0: 0x8000a1a0 (0x62b6a193) slti    gp, a3, 1579
core   0: 3 0x8000a1a0 (0x62b6a193) x3  0x00000001
core   0: 0x8000a1a4 (0x000081b6) c.mv    gp, a3
core   0: 3 0x8000a1a4 (0x81b6) x3  0x00000080
core   0: 0x8000a1a6 (0x012c7633) and     a2, s8, s2
core   0: 3 0x8000a1a6 (0x012c7633) x12 0x00000000
core   0: 0x8000a1aa (0x00008da1) c.xor   a1, s0
core   0: 3 0x8000a1aa (0x8da1) x11 0xffffffff
core   0: 0x8000a1ac (0x039be063) bltu    s7, s9, pc + 32
core   0: 3 0x8000a1ac (0x039be063)
core   0: 0x8000a1cc (0x414f5bb3) sra     s7, t5, s4
core   0: 3 0x8000a1cc (0x414f5bb3) x23 0x0c076000
core   0: 0x8000a1d0 (0x03843ab3) mulhu   s5, s0, s8
core   0: 3 0x8000a1d0 (0x03843ab3) x21 0xffffbffc
core   0: 0x8000a1d4 (0x0000ed09) c.bnez  a0, pc + 26
core   0: 3 0x8000a1d4 (0xed09)
core   0: 0x8000a1ee (0x41bc0733) sub     a4, s8, s11
core   0: 3 0x8000a1ee (0x41bc0733) x14 0xffffc040
core   0: 0x8000a1f2 (0x01416733) or      a4, sp, s4
core   0: 3 0x8000a1f2 (0x01416733) x14 0x80029d27
core   0: 0x8000a1f6 (0x000080a5) c.srli  s1, 9
core   0: 3 0x8000a1f6 (0x80a5) x9  0x00000000
core   0: 0x8000a1f8 (0x01aaaf33) slt     t5, s5, s10
core   0: 3 0x8000a1f8 (0x01aaaf33) x30 0x00000001
core   0: 0x8000a1fc (0x0178d093) srli    ra, a7, 23
core   0: 3 0x8000a1fc (0x0178d093) x1  0x00000000
core   0: 0x8000a200 (0x013ebcb3) sltu    s9, t4, s3
core   0: 3 0x8000a200 (0x013ebcb3) x25 0x00000001
core   0: 0x8000a204 (0x00009b7d) c.andi  a4, -1
core   0: 3 0x8000a204 (0x9b7d) x14 0x80029d27
core   0: 0x8000a206 (0x182fbc93) sltiu   s9, t6, 386
core   0: 3 0x8000a206 (0x182fbc93) x25 0x00000000
core   0: 0x8000a20a (0xc7594613) xori    a2, s2, -907
core   0: 3 0x8000a20a (0xc7594613) x12 0xfffffc75
core   0: 0x8000a20e (0x00008c69) c.and   s0, a0
core   0: 3 0x8000a20e (0x8c69) x8  0x00000080
core   0: 0x8000a210 (0x02779fb3) mulh    t6, a5, t2
core   0: 3 0x8000a210 (0x02779fb3) x31 0x3ffed0e4
core   0: 0x8000a214 (0x4182df93) srai    t6, t0, 24
core   0: 3 0x8000a214 (0x4182df93) x31 0xffffffc6
core   0: 0x8000a218 (0xbd384897) auipc   a7, 0xbd384
core   0: 3 0x8000a218 (0xbd384897) x17 0x3d38e218
core   0: 0x8000a21c (0x00080963) beqz    a6, pc + 18
core   0: 3 0x8000a21c (0x00080963)
core   0: 0x8000a220 (0x15110493) addi    s1, sp, 337
core   0: 3 0x8000a220 (0x15110493) x9  0x80029e75
core   0: 0x8000a224 (0x01ba0f63) beq     s4, s11, pc + 30
core   0: 3 0x8000a224 (0x01ba0f63)
core   0: 0x8000a228 (0x00009d8e) c.add   s11, gp
core   0: 3 0x8000a228 (0x9d8e) x27 0x00000040
core   0: 0x8000a22a (0x0393cb63) blt     t2, s9, pc + 54
core   0: 3 0x8000a22a (0x0393cb63)
core   0: 0x8000a260 (0xb268e193) ori     gp, a7, -1242
core   0: 3 0x8000a260 (0xb268e193) x3  0xfffffb3e
core   0: 0x8000a264 (0x02f36363) bltu    t1, a5, pc + 38
core   0: 3 0x8000a264 (0x02f36363)
core   0: 0x8000a268 (0x72d80213) addi    tp, a6, 1837
core   0: 3 0x8000a268 (0x72d80213) x4  0x0001572d
core   0: 0x8000a26c (0x02cb0933) mul     s2, s6, a2
core   0: 3 0x8000a26c (0x02cb0933) x18 0x36c55a17
core   0: 0x8000a270 (0x87cc7eb7) lui     t4, 0x87cc7
core   0: 3 0x8000a270 (0x87cc7eb7) x29 0x87cc7000
core   0: 0x8000a274 (0x03e66d33) rem     s10, a2, t5
core   0: 3 0x8000a274 (0x03e66d33) x26 0x00000000
core   0: 0x8000a278 (0x013fa2b3) slt     t0, t6, s3
core   0: 3 0x8000a278 (0x013fa2b3) x5  0x00000001
core   0: 0x8000a27c (0x3083fd13) andi    s10, t2, 776
core   0: 3 0x8000a27c (0x3083fd13) x26 0x00000208
core   0: 0x8000a280 (0x01e454b3) srl     s1, s0, t5
core   0: 3 0x8000a280 (0x01e454b3) x9  0x00000040
core   0: 0x8000a284 (0x00008e95) c.sub   a3, a3
core   0: 3 0x8000a284 (0x8e95) x13 0x00000000
core   0: 0x8000a286 (0x008615b3) sll     a1, a2, s0
core   0: 3 0x8000a286 (0x008615b3) x11 0xfffffc75
core   0: 0x8000a28a (0x00a96ab3) or      s5, s2, a0
core   0: 3 0x8000a28a (0x00a96ab3) x21 0x36c55a97
core   0: 0x8000a28e (0x014ed833) srl     a6, t4, s4
core   0: 3 0x8000a28e (0x014ed833) x16 0x10f98e00
core   0: 0x8000a292 (0x409d05b3) sub     a1, s10, s1
core   0: 3 0x8000a292 (0x409d05b3) x11 0x000001c8
core   0: 0x8000a296 (0xfbd2f013) andi    zero, t0, -67
core   0: 3 0x8000a296 (0xfbd2f013)
core   0: 0x8000a29a (0x0090ceb3) xor     t4, ra, s1
core   0: 3 0x8000a29a (0x0090ceb3) x29 0x00000040
core   0: 0x8000a29e (0xc5b86193) ori     gp, a6, -933
core   0: 3 0x8000a29e (0xc5b86193) x3  0xfffffe5b
core   0: 0x8000a2a2 (0x0270dbb3) divu    s7, ra, t2
core   0: 3 0x8000a2a2 (0x0270dbb3) x23 0x00000000
core   0: 0x8000a2a6 (0x00330963) beq     t1, gp, pc + 18
core   0: 3 0x8000a2a6 (0x00330963)
core   0: 0x8000a2aa (0x00008041) c.srli  s0, 16
core   0: 3 0x8000a2aa (0x8041) x8  0x00000000
core   0: 0x8000a2ac (0x016b9763) bne     s7, s6, pc + 14
core   0: 3 0x8000a2ac (0x016b9763)
core   0: 0x8000a2ba (0x02cf4f33) div     t5, t5, a2
core   0: 3 0x8000a2ba (0x02cf4f33) x30 0x00000000
core   0: 0x8000a2be (0x00008db5) c.xor   a1, a3
core   0: 3 0x8000a2be (0x8db5) x11 0x000001c8
core   0: 0x8000a2c0 (0x8d030913) addi    s2, t1, -1840
core   0: 3 0x8000a2c0 (0x8d030913) x18 0xfffff8cf
core   0: 0x8000a2c4 (0x00000001) c.nop
core   0: 3 0x8000a2c4 (0x0001)
core   0: 0x8000a2c6 (0x01351b93) slli    s7, a0, 19
core   0: 3 0x8000a2c6 (0x01351b93) x23 0x04000000
core   0: 0x8000a2ca (0x9fba4fb7) lui     t6, 0x9fba4
core   0: 3 0x8000a2ca (0x9fba4fb7) x31 0x9fba4000
core   0: 0x8000a2ce (0x001a1193) slli    gp, s4, 1
core   0: 3 0x8000a2ce (0x001a1193) x3  0x00000006
core   0: 0x8000a2d2 (0x00004ba9) c.li    s7, 10
core   0: 3 0x8000a2d2 (0x4ba9) x23 0x0000000a
core   0: 0x8000a2d4 (0x00008279) c.srli  a2, 30
core   0: 3 0x8000a2d4 (0x8279) x12 0x00000003
core   0: 0x8000a2d6 (0x01359463) bne     a1, s3, pc + 8
core   0: 3 0x8000a2d6 (0x01359463)
core   0: 0x8000a2de (0x00075a63) bgez    a4, pc + 20
core   0: 3 0x8000a2de (0x00075a63)
core   0: 0x8000a2e2 (0x00008c41) c.or    s0, s0
core   0: 3 0x8000a2e2 (0x8c41) x8  0x00000000
core   0: 0x8000a2e4 (0x000089bd) c.andi  a1, 15
core   0: 3 0x8000a2e4 (0x89bd) x11 0x00000008
core   0: 0x8000a2e6 (0x00e87d33) and     s10, a6, a4
core   0: 3 0x8000a2e6 (0x00e87d33) x26 0x00008c00
core   0: 0x8000a2ea (0x9331e313) ori     t1, gp, -1741
core   0: 3 0x8000a2ea (0x9331e313) x6  0xfffff937
core   0: 0x8000a2ee (0xed156013) ori     zero, a0, -303
core   0: 3 0x8000a2ee (0xed156013)
core   0: 0x8000a2f2 (0x00000001) c.nop
core   0: 3 0x8000a2f2 (0x0001)
core   0: 0x8000a2f4 (0x039a7333) remu    t1, s4, s9
core   0: 3 0x8000a2f4 (0x039a7333) x6  0x00000003
core   0: 0x8000a2f8 (0x00000df9) c.addi  s11, 30
core   0: 3 0x8000a2f8 (0x0df9) x27 0x0000005e
core   0: 0x8000a2fa (0x04cb5463) bge     s6, a2, pc + 72
core   0: 3 0x8000a2fa (0x04cb5463)
core   0: 0x8000a342 (0x039af333) remu    t1, s5, s9
core   0: 3 0x8000a342 (0x039af333) x6  0x36c55a97
core   0: 0x8000a346 (0x40195f13) srai    t5, s2, 1
core   0: 3 0x8000a346 (0x40195f13) x30 0xfffffc67
core   0: 0x8000a34a (0x00008d45) c.or    a0, s1
core   0: 3 0x8000a34a (0x8d45) x10 0x000000c0
core   0: 0x8000a34c (0x02220fb3) mul     t6, tp, sp
core   0: 3 0x8000a34c (0x02220fb3) x31 0x0100db54
core   0: 0x8000a350 (0x03058d63) beq     a1, a6, pc + 58
core   0: 3 0x8000a350 (0x03058d63)
core   0: 0x8000a354 (0x02fd4f33) div     t5, s10, a5
core   0: 3 0x8000a354 (0x02fd4f33) x30 0x00000000
core   0: 0x8000a358 (0x00abe963) bltu    s7, a0, pc + 18
core   0: 3 0x8000a358 (0x00abe963)
core   0: 0x8000a36a (0x02203a33) mulhu   s4, zero, sp
core   0: 3 0x8000a36a (0x02203a33) x20 0x00000000
core   0: 0x8000a36e (0x006b42b3) xor     t0, s6, t1
core   0: 3 0x8000a36e (0x006b42b3) x5  0x76c7c04c
core   0: 0x8000a372 (0x02d04263) blt     zero, a3, pc + 36
core   0: 3 0x8000a372 (0x02d04263)
core   0: 0x8000a376 (0x007f8a33) add     s4, t6, t2
core   0: 3 0x8000a376 (0x007f8a33) x20 0x8103398c
core   0: 0x8000a37a (0xf8924b93) xori    s7, tp, -119
core   0: 3 0x8000a37a (0xf8924b93) x23 0xfffea8a4
core   0: 0x8000a37e (0x000dee33) or      t3, s11, zero
core   0: 3 0x8000a37e (0x000dee33) x28 0x0000005e
core   0: 0x8000a382 (0x407c5a93) srai    s5, s8, 7
core   0: 3 0x8000a382 (0x407c5a93) x21 0xffffff80
core   0: 0x8000a386 (0x00004279) c.li    tp, 30
core   0: 3 0x8000a386 (0x4279) x4  0x0000001e
core   0: 0x8000a388 (0x00008d4d) c.or    a0, a1
core   0: 3 0x8000a388 (0x8d4d) x10 0x000000c8
core   0: 0x8000a38a (0x41f65eb3) sra     t4, a2, t6
core   0: 3 0x8000a38a (0x41f65eb3) x29 0x00000000
core   0: 0x8000a38e (0x0bdeca93) xori    s5, t4, 189
core   0: 3 0x8000a38e (0x0bdeca93) x21 0x000000bd
core   0: 0x8000a392 (0x0000c115) c.beqz  a0, pc + 36
core   0: 3 0x8000a392 (0xc115)
core   0: 0x8000a394 (0x00008322) c.mv    t1, s0
core   0: 3 0x8000a394 (0x8322) x6  0x00000000
core   0: 0x8000a396 (0x008556b3) srl     a3, a0, s0
core   0: 3 0x8000a396 (0x008556b3) x13 0x000000c8
core   0: 0x8000a39a (0x00da3533) sltu    a0, s4, a3
core   0: 3 0x8000a39a (0x00da3533) x10 0x00000000
core   0: 0x8000a39e (0x017ffbb3) and     s7, t6, s7
core   0: 3 0x8000a39e (0x017ffbb3) x23 0x01008804
core   0: 0x8000a3a2 (0x02ee6ab3) rem     s5, t3, a4
core   0: 3 0x8000a3a2 (0x02ee6ab3) x21 0x0000005e
core   0: 0x8000a3a6 (0x50e8dd37) lui     s10, 0x50e8d
core   0: 3 0x8000a3a6 (0x50e8dd37) x26 0x50e8d000
core   0: 0x8000a3aa (0x8f7ec6b7) lui     a3, 0x8f7ec
core   0: 3 0x8000a3aa (0x8f7ec6b7) x13 0x8f7ec000
core   0: 0x8000a3ae (0x0382ca63) blt     t0, s8, pc + 52
core   0: 3 0x8000a3ae (0x0382ca63)
core   0: 0x8000a3b2 (0x0350db33) divu    s6, ra, s5
core   0: 3 0x8000a3b2 (0x0350db33) x22 0x00000000
core   0: 0x8000a3b6 (0x00008005) c.srli  s0, 1
core   0: 3 0x8000a3b6 (0x8005) x8  0x00000000
core   0: 0x8000a3b8 (0x8ba06913) ori     s2, zero, -1862
core   0: 3 0x8000a3b8 (0x8ba06913) x18 0xfffff8ba
core   0: 0x8000a3bc (0xc9ace413) ori     s0, s9, -870
core   0: 3 0x8000a3bc (0xc9ace413) x8  0xfffffc9a
core   0: 0x8000a3c0 (0x02c7beb3) mulhu   t4, a5, a2
core   0: 3 0x8000a3c0 (0x02c7beb3) x29 0x00000001
core   0: 0x8000a3c4 (0x00a38433) add     s0, t2, a0
core   0: 3 0x8000a3c4 (0x00a38433) x8  0x80025e38
core   0: 0x8000a3c8 (0x00008911) c.andi  a0, 4
core   0: 3 0x8000a3c8 (0x8911) x10 0x00000000
core   0: 0x8000a3ca (0x00efeab3) or      s5, t6, a4
core   0: 3 0x8000a3ca (0x00efeab3) x21 0x8102df77
core   0: 0x8000a3ce (0x0000c591) c.beqz  a1, pc + 12
core   0: 3 0x8000a3ce (0xc591)
core   0: 0x8000a3d0 (0x0195e1b3) or      gp, a1, s9
core   0: 3 0x8000a3d0 (0x0195e1b3) x3  0x00000008
core   0: 0x8000a3d4 (0x00008151) c.srli  a0, 20
core   0: 3 0x8000a3d4 (0x8151) x10 0x00000000
core   0: 0x8000a3d6 (0x02455db3) divu    s11, a0, tp
core   0: 3 0x8000a3d6 (0x02455db3) x27 0x00000000
core   0: 0x8000a3da (0xf88f6313) ori     t1, t5, -120
core   0: 3 0x8000a3da (0xf88f6313) x6  0xffffff88
core   0: 0x8000a3de (0x00000001) c.nop
core   0: 3 0x8000a3de (0x0001)
core   0: 0x8000a3e0 (0x0000961a) c.add   a2, t1
core   0: 3 0x8000a3e0 (0x961a) x12 0xffffff8b
core   0: 0x8000a3e2 (0x0000ec91) c.bnez  s1, pc + 28
core   0: 3 0x8000a3e2 (0xec91)
core   0: 0x8000a3fe (0x0000147d) c.addi  s0, -1
core   0: 3 0x8000a3fe (0x147d) x8  0x80025e37
core   0: 0x8000a400 (0x00009d12) c.add   s10, tp
core   0: 3 0x8000a400 (0x9d12) x26 0x50e8d01e
core   0: 0x8000a402 (0x024cc6b3) div     a3, s9, tp
core   0: 3 0x8000a402 (0x024cc6b3) x13 0x00000000
core   0: 0x8000a406 (0x0358ce63) blt     a7, s5, pc + 60
core   0: 3 0x8000a406 (0x0358ce63)
core   0: 0x8000a40a (0x40d881b3) sub     gp, a7, a3
core   0: 3 0x8000a40a (0x40d881b3) x3  0x3d38e218
core   0: 0x8000a40e (0x000019fd) c.addi  s3, -1
core   0: 3 0x8000a40e (0x19fd) x19 0xfffffffe
core   0: 0x8000a410 (0x401ddb93) srai    s7, s11, 1
core   0: 3 0x8000a410 (0x401ddb93) x23 0x00000000
core   0: 0x8000a414 (0xb6cfe293) ori     t0, t6, -1172
core   0: 3 0x8000a414 (0xb6cfe293) x5  0xfffffb7c
core   0: 0x8000a418 (0x0121f933) and     s2, gp, s2
core   0: 3 0x8000a418 (0x0121f933) x18 0x3d38e018
core   0: 0x8000a41c (0x0000c995) c.beqz  a1, pc + 52
core   0: 3 0x8000a41c (0xc995)
core   0: 0x8000a41e (0x41c308b3) sub     a7, t1, t3
core   0: 3 0x8000a41e (0x41c308b3) x17 0xffffff2a
core   0: 0x8000a422 (0x0000c085) c.beqz  s1, pc + 32
core   0: 3 0x8000a422 (0xc085)
core   0: 0x8000a424 (0x40a65493) srai    s1, a2, 10
core   0: 3 0x8000a424 (0x40a65493) x9  0xffffffff
core   0: 0x8000a428 (0x025ca733) mulhsu  a4, s9, t0
core   0: 3 0x8000a428 (0x025ca733) x14 0x00000000
core   0: 0x8000a42c (0x00000ec9) c.addi  t4, 18
core   0: 3 0x8000a42c (0x0ec9) x29 0x00000013
core   0: 0x8000a42e (0x0000557d) c.li    a0, -1
core   0: 3 0x8000a42e (0x557d) x10 0xffffffff
core   0: 0x8000a430 (0xeb140093) addi    ra, s0, -335
core   0: 3 0x8000a430 (0xeb140093) x1  0x80025ce8
core   0: 0x8000a434 (0x00008cc2) c.mv    s9, a6
core   0: 3 0x8000a434 (0x8cc2) x25 0x10f98e00
core   0: 0x8000a436 (0x00c11893) slli    a7, sp, 12
core   0: 3 0x8000a436 (0x00c11893) x17 0x29d24000
core   0: 0x8000a43a (0x00d05fb3) srl     t6, zero, a3
core   0: 3 0x8000a43a (0x00d05fb3) x31 0x00000000
core   0: 0x8000a43e (0x03d98633) mul     a2, s3, t4
core   0: 3 0x8000a43e (0x03d98633) x12 0xffffffda
core   0: 0x8000a442 (0x00008ae9) c.andi  a3, 26
core   0: 3 0x8000a442 (0x8ae9) x13 0x00000000
core   0: 0x8000a444 (0x039c7533) remu    a0, s8, s9
core   0: 3 0x8000a444 (0x039c7533) x10 0x01606e00
core   0: 0x8000a448 (0x037465b3) rem     a1, s0, s7
core   0: 3 0x8000a448 (0x037465b3) x11 0x80025e37
core   0: 0x8000a44c (0x0231ca33) div     s4, gp, gp
core   0: 3 0x8000a44c (0x0231ca33) x20 0x00000001
core   0: 0x8000a450 (0x0991df63) bge     gp, s9, pc + 158
core   0: 3 0x8000a450 (0x0991df63)
core   0: 0x8000a4ee (0x0060f763) bgeu    ra, t1, pc + 14
core   0: 3 0x8000a4ee (0x0060f763)
core   0: 0x8000a4f2 (0x405d08b3) sub     a7, s10, t0
core   0: 3 0x8000a4f2 (0x405d08b3) x17 0x50e8d4a2
core   0: 0x8000a4f6 (0x000081a1) c.srli  a1, 8
core   0: 3 0x8000a4f6 (0x81a1) x11 0x0080025e
core   0: 0x8000a4f8 (0x01b64bb3) xor     s7, a2, s11
core   0: 3 0x8000a4f8 (0x01b64bb3) x23 0xffffffda
core   0: 0x8000a4fc (0x00000001) c.nop
core   0: 3 0x8000a4fc (0x0001)
core   0: 0x8000a4fe (0x02aa8463) beq     s5, a0, pc + 40
core   0: 3 0x8000a4fe (0x02aa8463)
core   0: 0x8000a502 (0x00004ebd) c.li    t4, 15
core   0: 3 0x8000a502 (0x4ebd) x29 0x0000000f
core   0: 0x8000a504 (0x00008759) c.srai  a4, 22
core   0: 3 0x8000a504 (0x8759) x14 0x00000000
core   0: 0x8000a506 (0x03f81063) bne     a6, t6, pc + 32
core   0: 3 0x8000a506 (0x03f81063)
core   0: 0x8000a526 (0x000059fd) c.li    s3, -1
core   0: 3 0x8000a526 (0x59fd) x19 0xffffffff
core   0: 0x8000a528 (0xcd73fe13) andi    t3, t2, -809
core   0: 3 0x8000a528 (0xcd73fe13) x28 0x80025c10
core   0: 0x8000a52c (0x341e4193) xori    gp, t3, 833
core   0: 3 0x8000a52c (0x341e4193) x3  0x80025f51
core   0: 0x8000a530 (0x0000801d) c.srli  s0, 7
core   0: 3 0x8000a530 (0x801d) x8  0x010004bc
core   0: 0x8000a532 (0x008665b3) or      a1, a2, s0
core   0: 3 0x8000a532 (0x008665b3) x11 0xfffffffe
core   0: 0x8000a536 (0x00008f05) c.sub   a4, s1
core   0: 3 0x8000a536 (0x8f05) x14 0x00000001
core   0: 0x8000a538 (0x033e0333) mul     t1, t3, s3
core   0: 3 0x8000a538 (0x033e0333) x6  0x7ffda3f0
core   0: 0x8000a53c (0x00a7db93) srli    s7, a5, 10
core   0: 3 0x8000a53c (0x00a7db93) x23 0x00200000
core   0: 0x8000a540 (0x41a986b3) sub     a3, s3, s10
core   0: 3 0x8000a540 (0x41a986b3) x13 0xaf172fe1
core   0: 0x8000a544 (0xf9faa013) slti    zero, s5, -97
core   0: 3 0x8000a544 (0xf9faa013)
core   0: 0x8000a548 (0x3d43f813) andi    a6, t2, 980
core   0: 3 0x8000a548 (0x3d43f813) x16 0x00000210
core   0: 0x8000a54c (0x03639c33) mulh    s8, t2, s6
core   0: 3 0x8000a54c (0x03639c33) x24 0x00000000
core   0: 0x8000a550 (0x00ed9813) slli    a6, s11, 14
core   0: 3 0x8000a550 (0x00ed9813) x16 0x00000000
core   0: 0x8000a554 (0xf6d7c913) xori    s2, a5, -147
core   0: 3 0x8000a554 (0xf6d7c913) x18 0x7fffff6d
core   0: 0x8000a558 (0x0000c711) c.beqz  a4, pc + 12
core   0: 3 0x8000a558 (0xc711)
core   0: 0x8000a55a (0x0000489d) c.li    a7, 7
core   0: 3 0x8000a55a (0x489d) x17 0x00000007
core   0: 0x8000a55c (0x008d4033) xor     zero, s10, s0
core   0: 3 0x8000a55c (0x008d4033)
core   0: 0x8000a560 (0x03c8cc63) blt     a7, t3, pc + 56
core   0: 3 0x8000a560 (0x03c8cc63)
core   0: 0x8000a564 (0x00008e11) c.sub   a2, a2
core   0: 3 0x8000a564 (0x8e11) x12 0x00000000
core   0: 0x8000a566 (0x01439bb3) sll     s7, t2, s4
core   0: 3 0x8000a566 (0x01439bb3) x23 0x0004bc70
core   0: 0x8000a56a (0x03060763) beq     a2, a6, pc + 46
core   0: 3 0x8000a56a (0x03060763)
core   0: 0x8000a598 (0x00008d6d) c.and   a0, a1
core   0: 3 0x8000a598 (0x8d6d) x10 0x01606e00
core   0: 0x8000a59a (0x00008b61) c.andi  a4, 24
core   0: 3 0x8000a59a (0x8b61) x14 0x00000000
core   0: 0x8000a59c (0x0000964a) c.add   a2, s2
core   0: 3 0x8000a59c (0x964a) x12 0x7fffff6d
core   0: 0x8000a59e (0x0034ec33) or      s8, s1, gp
core   0: 3 0x8000a59e (0x0034ec33) x24 0xffffffff
core   0: 0x8000a5a2 (0x0000880d) c.andi  s0, 3
core   0: 3 0x8000a5a2 (0x880d) x8  0x00000000
core   0: 0x8000a5a4 (0x01d2e6b3) or      a3, t0, t4
core   0: 3 0x8000a5a4 (0x01d2e6b3) x13 0xfffffb7f
core   0: 0x8000a5a8 (0xb3b82a13) slti    s4, a6, -1221
core   0: 3 0x8000a5a8 (0xb3b82a13) x20 0x00000000
core   0: 0x8000a5ac (0x020b9e33) mulh    t3, s7, zero
core   0: 3 0x8000a5ac (0x020b9e33) x28 0x00000000
core   0: 0x8000a5b0 (0x03f11163) bne     sp, t6, pc + 34
core   0: 3 0x8000a5b0 (0x03f11163)
core   0: 0x8000a5d2 (0x01c87863) bgeu    a6, t3, pc + 16
core   0: 3 0x8000a5d2 (0x01c87863)
core   0: 0x8000a5e2 (0x3256b693) sltiu   a3, a3, 805
core   0: 3 0x8000a5e2 (0x3256b693) x13 0x00000000
core   0: 0x8000a5e6 (0x88e0b813) sltiu   a6, ra, -1906
core   0: 3 0x8000a5e6 (0x88e0b813) x16 0x00000001
core   0: 0x8000a5ea (0x0000053e) c.slli  a0, 15
core   0: 3 0x8000a5ea (0x053e) x10 0x37000000
core   0: 0x8000a5ec (0x00000001) c.nop
core   0: 3 0x8000a5ec (0x0001)
core   0: 0x8000a5ee (0x00001cfd) c.addi  s9, -1
core   0: 3 0x8000a5ee (0x1cfd) x25 0x10f98dff
core   0: 0x8000a5f0 (0x00008975) c.andi  a0, 29
core   0: 3 0x8000a5f0 (0x8975) x10 0x00000000
core   0: 0x8000a5f2 (0x0043a303) lw      t1, 4(t2)
core   0: 3 0x8000a5f2 (0x0043a303) x6  0x80006c36 mem 0x80025e3c
core   0: 0x8000a5f6 (0x02c38393) addi    t2, t2, 44
core   0: 3 0x8000a5f6 (0x02c38393) x7  0x80025e64
core   0: 0x8000a5fa (0x03e518b3) mulh    a7, a0, t5
core   0: 3 0x8000a5fa (0x03e518b3) x17 0x00000000
core   0: 0x8000a5fe (0x00130193) addi    gp, t1, 1
core   0: 3 0x8000a5fe (0x00130193) x3  0x80006c37
core   0: 0x8000a602 (0x000181e7) jalr    gp, gp, 0
core   0: 3 0x8000a602 (0x000181e7) x3  0x8000a606
core   0: 0x80006c36 (0x0000ab17) auipc   s6, 0xa
core   0: 3 0x80006c36 (0x0000ab17) x22 0x80010c36
core   0: 0x80006c3a (0x33cb0b13) addi    s6, s6, 828
core   0: 3 0x80006c3a (0x33cb0b13) x22 0x80010f72
core   0: 0x80006c3e (0x039955b3) divu    a1, s2, s9
core   0: 3 0x80006c3e (0x039955b3) x11 0x00000007
core   0: 0x80006c42 (0x01e742b3) xor     t0, a4, t5
core   0: 3 0x80006c42 (0x01e742b3) x5  0x00000000
core   0: 0x80006c46 (0x002d9713) slli    a4, s11, 2
core   0: 3 0x80006c46 (0x002d9713) x14 0x00000000
core   0: 0x80006c4a (0xdd603893) sltiu   a7, zero, -554
core   0: 3 0x80006c4a (0xdd603893) x17 0x00000001
core   0: 0x80006c4e (0x030365b3) rem     a1, t1, a6
core   0: 3 0x80006c4e (0x030365b3) x11 0x00000000
core   0: 0x80006c52 (0x01cb01a3) sb      t3, 3(s6)
core   0: 3 0x80006c52 (0x01cb01a3) mem 0x80010f75 0x00
core   0: 0x80006c56 (0x03ccafb3) mulhsu  t6, s9, t3
core   0: 3 0x80006c56 (0x03ccafb3) x31 0x00000000
core   0: 0x80006c5a (0xe46b1703) lh      a4, -442(s6)
core   0: 3 0x80006c5a (0xe46b1703) x14 0x00000000 mem 0x80010db8
core   0: 0x80006c5e (0x00000001) c.nop
core   0: 3 0x80006c5e (0x0001)
core   0: 0x80006c60 (0x00000001) c.nop
core   0: 3 0x80006c60 (0x0001)
core   0: 0x80006c62 (0x02592e33) mulhsu  t3, s2, t0
core   0: 3 0x80006c62 (0x02592e33) x28 0x00000000
core   0: 0x80006c66 (0x99bb4603) lbu     a2, -1637(s6)
core   0: 3 0x80006c66 (0x99bb4603) x12 0x00000098 mem 0x8001090d
core   0: 0x80006c6a (0x00006985) c.lui   s3, 0x1
core   0: 3 0x80006c6a (0x6985) x19 0x00001000
core   0: 0x80006c6c (0xffdb0703) lb      a4, -3(s6)
core   0: 3 0x80006c6c (0xffdb0703) x14 0x00000000 mem 0x80010f6f
core   0: 0x80006c70 (0x00008ed5) c.or    a3, a3
core   0: 3 0x80006c70 (0x8ed5) x13 0x00000000
core   0: 0x80006c72 (0xbf6b5803) lhu     a6, -1034(s6)
core   0: 3 0x80006c72 (0xbf6b5803) x16 0x00002ab9 mem 0x80010b68
core   0: 0x80006c76 (0x945b0d83) lb      s11, -1723(s6)
core   0: 3 0x80006c76 (0x945b0d83) x27 0x0000000f mem 0x800108b7
core   0: 0x80006c7a (0xdd5b4883) lbu     a7, -555(s6)
core   0: 3 0x80006c7a (0xdd5b4883) x17 0x000000fe mem 0x80010d47
core   0: 0x80006c7e (0x00008eb9) c.xor   a3, a4
core   0: 3 0x80006c7e (0x8eb9) x13 0x00000000
core   0: 0x80006c80 (0xb8bb4b83) lbu     s7, -1141(s6)
core   0: 3 0x80006c80 (0xb8bb4b83) x23 0x000000ac mem 0x80010afd
core   0: 0x80006c84 (0x02cc5933) divu    s2, s8, a2
core   0: 3 0x80006c84 (0x02cc5933) x18 0x01af286b
core   0: 0x80006c88 (0xf6fb0583) lb      a1, -145(s6)
core   0: 3 0x80006c88 (0xf6fb0583) x11 0x00000077 mem 0x80010ee1
core   0: 0x80006c8c (0x41958db3) sub     s11, a1, s9
core   0: 3 0x80006c8c (0x41958db3) x27 0xef067278
core   0: 0x80006c90 (0xa10b5503) lhu     a0, -1520(s6)
core   0: 3 0x80006c90 (0xa10b5503) x10 0x000050d3 mem 0x80010982
core   0: 0x80006c94 (0x41c4d293) srai    t0, s1, 28
core   0: 3 0x80006c94 (0x41c4d293) x5  0xffffffff
core   0: 0x80006c98 (0xa83b09a3) sb      gp, -1389(s6)
core   0: 3 0x80006c98 (0xa83b09a3) mem 0x80010a05 0x06
core   0: 0x80006c9c (0x00008e35) c.xor   a2, a3
core   0: 3 0x80006c9c (0x8e35) x12 0x00000098
core   0: 0x80006c9e (0xa82b4283) lbu     t0, -1406(s6)
core   0: 3 0x80006c9e (0xa82b4283) x5  0x000000e7 mem 0x800109f4
core   0: 0x80006ca2 (0x419055b3) sra     a1, zero, s9
core   0: 3 0x80006ca2 (0x419055b3) x11 0x00000000
core   0: 0x80006ca6 (0xa53b0403) lb      s0, -1453(s6)
core   0: 3 0x80006ca6 (0xa53b0403) x8  0x0000007c mem 0x800109c5
core   0: 0x80006caa (0xe64b4d83) lbu     s11, -412(s6)
core   0: 3 0x80006caa (0xe64b4d83) x27 0x000000d7 mem 0x80010dd6
core   0: 0x80006cae (0x00008df1) c.and   a1, a2
core   0: 3 0x80006cae (0x8df1) x11 0x00000000
core   0: 0x80006cb0 (0x8b0b5583) lhu     a1, -1872(s6)
core   0: 3 0x80006cb0 (0x8b0b5583) x11 0x0000bd37 mem 0x80010822
core   0: 0x80006cb4 (0xaffb4a03) lbu     s4, -1281(s6)
core   0: 3 0x80006cb4 (0xaffb4a03) x20 0x000000ca mem 0x80010a71
core   0: 0x80006cb8 (0x033508b3) mul     a7, a0, s3
core   0: 3 0x80006cb8 (0x033508b3) x17 0x050d3000
core   0: 0x80006cbc (0xe51b4e83) lbu     t4, -431(s6)
core   0: 3 0x80006cbc (0xe51b4e83) x29 0x00000029 mem 0x80010dc3
core   0: 0x80006cc0 (0x00008765) c.srai  a4, 25
core   0: 3 0x80006cc0 (0x8765) x14 0x00000000
core   0: 0x80006cc2 (0x022735b3) mulhu   a1, a4, sp
core   0: 3 0x80006cc2 (0x022735b3) x11 0x00000000
core   0: 0x80006cc6 (0x007b6333) or      t1, s6, t2
core   0: 3 0x80006cc6 (0x007b6333) x6  0x80035f76
core   0: 0x80006cca (0x01d7a6b3) slt     a3, a5, t4
core   0: 3 0x80006cca (0x01d7a6b3) x13 0x00000001
core   0: 0x80006cce (0xfa5b0c03) lb      s8, -91(s6)
core   0: 3 0x80006cce (0xfa5b0c03) x24 0xffffffd3 mem 0x80010f17
core   0: 0x80006cd2 (0x000098fd) c.andi  s1, -1
core   0: 3 0x80006cd2 (0x98fd) x9  0xffffffff
core   0: 0x80006cd4 (0xc80b0483) lb      s1, -896(s6)
core   0: 3 0x80006cd4 (0xc80b0483) x9  0xfffffff5 mem 0x80010bf2
core   0: 0x80006cd8 (0x831b0fa3) sb      a7, -1985(s6)
core   0: 3 0x80006cd8 (0x831b0fa3) mem 0x800107b1 0x00
core   0: 0x80006cdc (0x00008e89) c.sub   a3, a0
core   0: 3 0x80006cdc (0x8e89) x13 0xffffaf2e
core   0: 0x80006cde (0xe43b1e23) sh      gp, -420(s6)
core   0: 3 0x80006cde (0xe43b1e23) mem 0x80010dce 0xa606
core   0: 0x80006ce2 (0xfe8b4b83) lbu     s7, -24(s6)
core   0: 3 0x80006ce2 (0xfe8b4b83) x23 0x000000e1 mem 0x80010f5a
core   0: 0x80006ce6 (0x012ae233) or      tp, s5, s2
core   0: 3 0x80006ce6 (0x012ae233) x4  0x81afff7f
core   0: 0x80006cea (0x43175317) auipc   t1, 0x43175
core   0: 3 0x80006cea (0x43175317) x6  0xc317bcea
core   0: 0x80006cee (0x028aa633) mulhsu  a2, s5, s0
core   0: 3 0x80006cee (0x028aa633) x12 0xffffffc2
core   0: 0x80006cf2 (0xb1db1d23) sh      t4, -1254(s6)
core   0: 3 0x80006cf2 (0xb1db1d23) mem 0x80010a8c 0x0029
core   0: 0x80006cf6 (0xfa4b5983) lhu     s3, -92(s6)
core   0: 3 0x80006cf6 (0xfa4b5983) x19 0x0000d32c mem 0x80010f16
core   0: 0x80006cfa (0x0220036f) jal     t1, pc + 0x22
core   0: 3 0x80006cfa (0x0220036f) x6  0x80006cfe
core   0: 0x80006d1c (0x00003fdd) c.jal   pc - 10
core   0: 3 0x80006d1c (0x3fdd) x1  0x80006d1e
core   0: 0x80006d12 (0x0000bfc5) c.j     pc - 16
core   0: 3 0x80006d12 (0xbfc5)
core   0: 0x80006d02 (0x022000ef) jal     pc + 0x22
core   0: 3 0x80006d02 (0x022000ef) x1  0x80006d06
core   0: 0x80006d24 (0xffdff26f) jal     tp, pc - 0x4
core   0: 3 0x80006d24 (0xffdff26f) x4  0x80006d28
core   0: 0x80006d20 (0xff5ff0ef) jal     pc - 0xc
core   0: 3 0x80006d20 (0xff5ff0ef) x1  0x80006d24
core   0: 0x80006d14 (0x0000a009) c.j     pc + 2
core   0: 3 0x80006d14 (0xa009)
core   0: 0x80006d16 (0xff1ff36f) jal     t1, pc - 0x10
core   0: 3 0x80006d16 (0xff1ff36f) x6  0x80006d1a
core   0: 0x80006d06 (0x02600c6f) jal     s8, pc + 0x26
core   0: 3 0x80006d06 (0x02600c6f) x24 0x80006d0a
core   0: 0x80006d2c (0xfd5ff2ef) jal     t0, pc - 0x2c
core   0: 3 0x80006d2c (0xfd5ff2ef) x5  0x80006d30
core   0: 0x80006d00 (0x0000a839) c.j     pc + 30
core   0: 3 0x80006d00 (0xa839)
core   0: 0x80006d1e (0x0000b7fd) c.j     pc - 18
core   0: 3 0x80006d1e (0xb7fd)
core   0: 0x80006d0c (0x01c002ef) jal     t0, pc + 0x1c
core   0: 3 0x80006d0c (0x01c002ef) x5  0x80006d10
core   0: 0x80006d28 (0xfe9ffe6f) jal     t3, pc - 0x18
core   0: 3 0x80006d28 (0xfe9ffe6f) x28 0x80006d2c
core   0: 0x80006d10 (0x0000a029) c.j     pc + 10
core   0: 3 0x80006d10 (0xa029)
core   0: 0x80006d1a (0x00002839) c.jal   pc + 30
core   0: 3 0x80006d1a (0x2839) x1  0x80006d1c
core   0: 0x80006d38 (0x0000bff5) c.j     pc - 4
core   0: 3 0x80006d38 (0xbff5)
core   0: 0x80006d34 (0xfcbff0ef) jal     pc - 0x36
core   0: 3 0x80006d34 (0xfcbff0ef) x1  0x80006d38
core   0: 0x80006cfe (0x0000a031) c.j     pc + 12
core   0: 3 0x80006cfe (0xa031)
core   0: 0x80006d0a (0x0000a01d) c.j     pc + 38
core   0: 3 0x80006d0a (0xa01d)
core   0: 0x80006d30 (0x00a000ef) jal     pc + 0xa
core   0: 3 0x80006d30 (0x00a000ef) x1  0x80006d34
core   0: 0x80006d3a (0x0063cc33) xor     s8, t2, t1
core   0: 3 0x80006d3a (0x0063cc33) x24 0x0002337e
core   0: 0x80006d3e (0x00005759) c.li    a4, -10
core   0: 3 0x80006d3e (0x5759) x14 0xfffffff6
core   0: 0x80006d40 (0x024bc2b3) div     t0, s7, tp
core   0: 3 0x80006d40 (0x024bc2b3) x5  0x00000000
core   0: 0x80006d44 (0x02851f33) mulh    t5, a0, s0
core   0: 3 0x80006d44 (0x02851f33) x30 0x00000000
core   0: 0x80006d48 (0x02cf11b3) mulh    gp, t5, a2
core   0: 3 0x80006d48 (0x02cf11b3) x3  0x00000000
core   0: 0x80006d4c (0x00005575) c.li    a0, -3
core   0: 3 0x80006d4c (0x5575) x10 0xfffffffd
core   0: 0x80006d4e (0xba2b2917) auipc   s2, 0xba2b2
core   0: 3 0x80006d4e (0xba2b2917) x18 0x3a2b8d4e
core   0: 0x80006d52 (0x000742b3) xor     t0, a4, zero
core   0: 3 0x80006d52 (0x000742b3) x5  0xfffffff6
core   0: 0x80006d56 (0x156ff593) andi    a1, t6, 342
core   0: 3 0x80006d56 (0x156ff593) x11 0x00000000
core   0: 0x80006d5a (0x00008869) c.andi  s0, 26
core   0: 3 0x80006d5a (0x8869) x8  0x00000018
core   0: 0x80006d5c (0x00000715) c.addi  a4, 5
core   0: 3 0x80006d5c (0x0715) x14 0xfffffffb
core   0: 0x80006d5e (0x00000001) c.nop
core   0: 3 0x80006d5e (0x0001)
core   0: 0x80006d60 (0x00005a6d) c.li    s4, -5
core   0: 3 0x80006d60 (0x5a6d) x20 0xfffffffb
core   0: 0x80006d62 (0x01dcb5b3) sltu    a1, s9, t4
core   0: 3 0x80006d62 (0x01dcb5b3) x11 0x00000000
core   0: 0x80006d66 (0x00005861) c.li    a6, -8
core   0: 3 0x80006d66 (0x5861) x16 0xfffffff8
core   0: 0x80006d68 (0x000095ca) c.add   a1, s2
core   0: 3 0x80006d68 (0x95ca) x11 0x3a2b8d4e
core   0: 0x80006d6a (0x02e0e433) rem     s0, ra, a4
core   0: 3 0x80006d6a (0x02e0e433) x8  0xfffffffe
core   0: 0x80006d6e (0x983e2613) slti    a2, t3, -1661
core   0: 3 0x80006d6e (0x983e2613) x12 0x00000001
core   0: 0x80006d72 (0x00001a71) c.addi  s4, -4
core   0: 3 0x80006d72 (0x1a71) x20 0xfffffff7
core   0: 0x80006d74 (0x02ab48b3) div     a7, s6, a0
core   0: 3 0x80006d74 (0x02ab48b3) x17 0x2aaa502f
core   0: 0x80006d78 (0xff0a5be3) bge     s4, a6, pc - 10
core   0: 3 0x80006d78 (0xff0a5be3)
core   0: 0x80006d7c (0xfca74de3) blt     a4, a0, pc - 38
core   0: 3 0x80006d7c (0xfca74de3)
core   0: 0x80006d56 (0x156ff593) andi    a1, t6, 342
core   0: 3 0x80006d56 (0x156ff593) x11 0x00000000
core   0: 0x80006d5a (0x00008869) c.andi  s0, 26
core   0: 3 0x80006d5a (0x8869) x8  0x0000001a
core   0: 0x80006d5c (0x00000715) c.addi  a4, 5
core   0: 3 0x80006d5c (0x0715) x14 0x00000000
core   0: 0x80006d5e (0x00000001) c.nop
core   0: 3 0x80006d5e (0x0001)
core   0: 0x80006d60 (0x00005a6d) c.li    s4, -5
core   0: 3 0x80006d60 (0x5a6d) x20 0xfffffffb
core   0: 0x80006d62 (0x01dcb5b3) sltu    a1, s9, t4
core   0: 3 0x80006d62 (0x01dcb5b3) x11 0x00000000
core   0: 0x80006d66 (0x00005861) c.li    a6, -8
core   0: 3 0x80006d66 (0x5861) x16 0xfffffff8
core   0: 0x80006d68 (0x000095ca) c.add   a1, s2
core   0: 3 0x80006d68 (0x95ca) x11 0x3a2b8d4e
core   0: 0x80006d6a (0x02e0e433) rem     s0, ra, a4
core   0: 3 0x80006d6a (0x02e0e433) x8  0x80006d34
core   0: 0x80006d6e (0x983e2613) slti    a2, t3, -1661
core   0: 3 0x80006d6e (0x983e2613) x12 0x00000001
core   0: 0x80006d72 (0x00001a71) c.addi  s4, -4
core   0: 3 0x80006d72 (0x1a71) x20 0xfffffff7
core   0: 0x80006d74 (0x02ab48b3) div     a7, s6, a0
core   0: 3 0x80006d74 (0x02ab48b3) x17 0x2aaa502f
core   0: 0x80006d78 (0xff0a5be3) bge     s4, a6, pc - 10
core   0: 3 0x80006d78 (0xff0a5be3)
core   0: 0x80006d7c (0xfca74de3) blt     a4, a0, pc - 38
core   0: 3 0x80006d7c (0xfca74de3)
core   0: 0x80006d80 (0x0000127d) c.addi  tp, -1
core   0: 3 0x80006d80 (0x127d) x4  0x80006d27
core   0: 0x80006d82 (0x0180036f) jal     t1, pc + 0x18
core   0: 3 0x80006d82 (0x0180036f) x6  0x80006d86
core   0: 0x80006d9a (0x00002031) c.jal   pc + 12
core   0: 3 0x80006d9a (0x2031) x1  0x80006d9c
core   0: 0x80006da6 (0xfebff0ef) jal     pc - 0x16
core   0: 3 0x80006da6 (0xfebff0ef) x1  0x80006daa
core   0: 0x80006d90 (0x024000ef) jal     pc + 0x24
core   0: 3 0x80006d90 (0x024000ef) x1  0x80006d94
core   0: 0x80006db4 (0x0000b7e5) c.j     pc - 24
core   0: 3 0x80006db4 (0xb7e5)
core   0: 0x80006d9c (0x00002809) c.jal   pc + 18
core   0: 3 0x80006d9c (0x2809) x1  0x80006d9e
core   0: 0x80006dae (0xfe1ff0ef) jal     pc - 0x20
core   0: 3 0x80006dae (0xfe1ff0ef) x1  0x80006db2
core   0: 0x80006d8e (0x00002019) c.jal   pc + 6
core   0: 3 0x80006d8e (0x2019) x1  0x80006d90
core   0: 0x80006d94 (0x0000a839) c.j     pc + 30
core   0: 3 0x80006d94 (0xa839)
core   0: 0x80006db2 (0x00003fd9) c.jal   pc - 42
core   0: 3 0x80006db2 (0x3fd9) x1  0x80006db4
core   0: 0x80006d88 (0x0040036f) jal     t1, pc + 0x4
core   0: 3 0x80006d88 (0x0040036f) x6  0x80006d8c
core   0: 0x80006d8c (0x00003fed) c.jal   pc - 6
core   0: 3 0x80006d8c (0x3fed) x1  0x80006d8e
core   0: 0x80006d86 (0x0000a015) c.j     pc + 36
core   0: 3 0x80006d86 (0xa015)
core   0: 0x80006daa (0xfedff0ef) jal     pc - 0x14
core   0: 3 0x80006daa (0xfedff0ef) x1  0x80006dae
core   0: 0x80006d96 (0x008000ef) jal     pc + 0x8
core   0: 3 0x80006d96 (0x008000ef) x1  0x80006d9a
core   0: 0x80006d9e (0x004000ef) jal     pc + 0x4
core   0: 3 0x80006d9e (0x004000ef) x1  0x80006da2
core   0: 0x80006da2 (0x01400d6f) jal     s10, pc + 0x14
core   0: 3 0x80006da2 (0x01400d6f) x26 0x80006da6
core   0: 0x80006db6 (0x010c7533) and     a0, s8, a6
core   0: 3 0x80006db6 (0x010c7533) x10 0x00023378
core   0: 0x80006dba (0x0000a597) auipc   a1, 0xa
core   0: 3 0x80006dba (0x0000a597) x11 0x80010dba
core   0: 0x80006dbe (0xc9f58593) addi    a1, a1, -865
core   0: 3 0x80006dbe (0xc9f58593) x11 0x80010a59
core   0: 0x80006dc2 (0x6456b993) sltiu   s3, a3, 1605
core   0: 3 0x80006dc2 (0x6456b993) x19 0x00000000
core   0: 0x80006dc6 (0xfb15c603) lbu     a2, -79(a1)
core   0: 3 0x80006dc6 (0xfb15c603) x12 0x00000033 mem 0x80010a0a
core   0: 0x80006dca (0x01c75033) srl     zero, a4, t3
core   0: 3 0x80006dca (0x01c75033)
core   0: 0x80006dce (0xf7058523) sb      a6, -150(a1)
core   0: 3 0x80006dce (0xf7058523) mem 0x800109c3 0xf8
core   0: 0x80006dd2 (0x792d8637) lui     a2, 0x792d8
core   0: 3 0x80006dd2 (0x792d8637) x12 0x792d8000
core   0: 0x80006dd6 (0x00cf0833) add     a6, t5, a2
core   0: 3 0x80006dd6 (0x00cf0833) x16 0x792d8000
core   0: 0x80006dda (0xf085c403) lbu     s0, -248(a1)
core   0: 3 0x80006dda (0xf085c403) x8  0x000000b8 mem 0x80010961
core   0: 0x80006dde (0xf985cd83) lbu     s11, -104(a1)
core   0: 3 0x80006dde (0xf985cd83) x27 0x000000cb mem 0x800109f1
core   0: 0x80006de2 (0x0155d903) lhu     s2, 21(a1)
core   0: 3 0x80006de2 (0x0155d903) x18 0x000046ed mem 0x80010a6e
core   0: 0x80006de6 (0xf8f58a83) lb      s5, -113(a1)
core   0: 3 0x80006de6 (0xf8f58a83) x21 0xffffffaa mem 0x800109e8
core   0: 0x80006dea (0xf375ada3) sw      s7, -197(a1)
core   0: 3 0x80006dea (0xf375ada3) mem 0x80010994 0x000000e1
core   0: 0x80006dee (0xfc35c403) lbu     s0, -61(a1)
core   0: 3 0x80006dee (0xfc35c403) x8  0x0000004a mem 0x80010a1c
core   0: 0x80006df2 (0xf8b59983) lh      s3, -117(a1)
core   0: 3 0x80006df2 (0xf8b59983) x19 0x00006eda mem 0x800109e4
core   0: 0x80006df6 (0x0ff58623) sb      t6, 236(a1)
core   0: 3 0x80006df6 (0x0ff58623) mem 0x80010b45 0x00
core   0: 0x80006dfa (0x08958f83) lb      t6, 137(a1)
core   0: 3 0x80006dfa (0x08958f83) x31 0xffffff9e mem 0x80010ae2
core   0: 0x80006dfe (0x008598a3) sh      s0, 17(a1)
core   0: 3 0x80006dfe (0x008598a3) mem 0x80010a6a 0x004a
core   0: 0x80006e02 (0xfe558e23) sb      t0, -4(a1)
core   0: 3 0x80006e02 (0xfe558e23) mem 0x80010a55 0xf6
core   0: 0x80006e06 (0x021b2e33) mulhsu  t3, s6, ra
core   0: 3 0x80006e06 (0x021b2e33) x28 0xc00050e8
core   0: 0x80006e0a (0x9cd06293) ori     t0, zero, -1587
core   0: 3 0x80006e0a (0x9cd06293) x5  0xfffff9cd
core   0: 0x80006e0e (0x00008e91) c.sub   a3, a2
core   0: 3 0x80006e0e (0x8e91) x13 0x86d22f2e
core   0: 0x80006e10 (0x02900f33) mul     t5, zero, s1
core   0: 3 0x80006e10 (0x02900f33) x30 0x00000000
core   0: 0x80006e14 (0x00c046b3) xor     a3, zero, a2
core   0: 3 0x80006e14 (0x00c046b3) x13 0x792d8000
core   0: 0x80006e18 (0xf0858523) sb      s0, -246(a1)
core   0: 3 0x80006e18 (0xf0858523) mem 0x80010963 0x4a
core   0: 0x80006e1c (0x5eb50a93) addi    s5, a0, 1515
core   0: 3 0x80006e1c (0x5eb50a93) x21 0x00023963
core   0: 0x80006e20 (0x40aa0633) sub     a2, s4, a0
core   0: 3 0x80006e20 (0x40aa0633) x12 0xfffdcc7f
core   0: 0x80006e24 (0xf7c5c183) lbu     gp, -132(a1)
core   0: 3 0x80006e24 (0xf7c5c183) x3  0x000000a0 mem 0x800109d5
core   0: 0x80006e28 (0x2ff60f13) addi    t5, a2, 767
core   0: 3 0x80006e28 (0x2ff60f13) x30 0xfffdcf7e
core   0: 0x80006e2c (0x019f2233) slt     tp, t5, s9
core   0: 3 0x80006e2c (0x019f2233) x4  0x00000001
core   0: 0x80006e30 (0xf835c983) lbu     s3, -125(a1)
core   0: 3 0x80006e30 (0xf835c983) x19 0x0000003c mem 0x800109dc
core   0: 0x80006e34 (0xfba5cb83) lbu     s7, -70(a1)
core   0: 3 0x80006e34 (0xfba5cb83) x23 0x00000022 mem 0x80010a13
core   0: 0x80006e38 (0x64901617) auipc   a2, 0x64901
core   0: 3 0x80006e38 (0x64901617) x12 0xe4907e38
core   0: 0x80006e3c (0x07a5c683) lbu     a3, 122(a1)
core   0: 3 0x80006e3c (0x07a5c683) x13 0x000000db mem 0x80010ad3
core   0: 0x80006e40 (0x021df333) remu    t1, s11, ra
core   0: 3 0x80006e40 (0x021df333) x6  0x000000cb
core   0: 0x80006e44 (0x00008261) c.srli  a2, 24
core   0: 3 0x80006e44 (0x8261) x12 0x000000e4
core   0: 0x80006e46 (0x000082a6) c.mv    t0, s1
core   0: 3 0x80006e46 (0x82a6) x5  0xfffffff5
core   0: 0x80006e48 (0x012b8fb3) add     t6, s7, s2
core   0: 3 0x80006e48 (0x012b8fb3) x31 0x0000470f
core   0: 0x80006e4c (0x01d8a8b3) slt     a7, a7, t4
core   0: 3 0x80006e4c (0x01d8a8b3) x17 0x00000000
core   0: 0x80006e50 (0x09959683) lh      a3, 153(a1)
core   0: 3 0x80006e50 (0x09959683) x13 0xffff9436 mem 0x80010af2
core   0: 0x80006e54 (0xf1558203) lb      tp, -235(a1)
core   0: 3 0x80006e54 (0xf1558203) x4  0xffffffa9 mem 0x8001096e
core   0: 0x80006e58 (0xf715c503) lbu     a0, -143(a1)
core   0: 3 0x80006e58 (0xf715c503) x10 0x000000bb mem 0x800109ca
core   0: 0x80006e5c (0x01b5d983) lhu     s3, 27(a1)
core   0: 3 0x80006e5c (0x01b5d983) x19 0x0000efff mem 0x80010a74
core   0: 0x80006e60 (0xf5458723) sb      s4, -178(a1)
core   0: 3 0x80006e60 (0xf5458723) mem 0x800109a7 0xf7
core   0: 0x80006e64 (0x000011fd) c.addi  gp, -1
core   0: 3 0x80006e64 (0x11fd) x3  0x0000009f
core   0: 0x80006e66 (0x01a58523) sb      s10, 10(a1)
core   0: 3 0x80006e66 (0x01a58523) mem 0x80010a63 0xa6
core   0: 0x80006e6a (0x5683aa37) lui     s4, 0x5683a
core   0: 3 0x80006e6a (0x5683aa37) x20 0x5683a000
core   0: 0x80006e6e (0xff059da3) sh      a6, -5(a1)
core   0: 3 0x80006e6e (0xff059da3) mem 0x80010a54 0x8000
core   0: 0x80006e72 (0x03557533) remu    a0, a0, s5
core   0: 3 0x80006e72 (0x03557533) x10 0x000000bb
core   0: 0x80006e76 (0x00006b39) c.lui   s6, 0xe
core   0: 3 0x80006e76 (0x6b39) x22 0x0000e000
core   0: 0x80006e78 (0x07a5c483) lbu     s1, 122(a1)
core   0: 3 0x80006e78 (0x07a5c483) x9  0x000000db mem 0x80010ad3
core   0: 0x80006e7c (0x0000a197) auipc   gp, 0xa
core   0: 3 0x80006e7c (0x0000a197) x3  0x80010e7c
core   0: 0x80006e80 (0xde518193) addi    gp, gp, -539
core   0: 3 0x80006e80 (0xde518193) x3  0x80010c61
core   0: 0x80006e84 (0x000082a9) c.srli  a3, 10
core   0: 3 0x80006e84 (0x82a9) x13 0x003fffe5
core   0: 0x80006e86 (0xff218e03) lb      t3, -14(gp)
core   0: 3 0x80006e86 (0xff218e03) x28 0xfffffffe mem 0x80010c53
core   0: 0x80006e8a (0xf9e1c003) lbu     zero, -98(gp)
core   0: 3 0x80006e8a (0xf9e1c003) mem 0x80010bff
core   0: 0x80006e8e (0xf8e18f23) sb      a4, -98(gp)
core   0: 3 0x80006e8e (0xf8e18f23) mem 0x80010bff 0x00
core   0: 0x80006e92 (0x0000628d) c.lui   t0, 0x3
core   0: 3 0x80006e92 (0x628d) x5  0x00003000
core   0: 0x80006e94 (0xfa118e23) sb      ra, -68(gp)
core   0: 3 0x80006e94 (0xfa118e23) mem 0x80010c1d 0xa2
core   0: 0x80006e98 (0xfbc1c803) lbu     a6, -68(gp)
core   0: 3 0x80006e98 (0xfbc1c803) x16 0x000000a2 mem 0x80010c1d
core   0: 0x80006e9c (0xf8b1a883) lw      a7, -117(gp)
core   0: 3 0x80006e9c (0xf8b1a883) x17 0xe5af9cf1 mem 0x80010bec
core   0: 0x80006ea0 (0x07218da3) sb      s2, 123(gp)
core   0: 3 0x80006ea0 (0x07218da3) mem 0x80010cdc 0xed
core   0: 0x80006ea4 (0x07b1a803) lw      a6, 123(gp)
core   0: 3 0x80006ea4 (0x07b1a803) x16 0x378f40ed mem 0x80010cdc
core   0: 0x80006ea8 (0x06f18f23) sb      a5, 126(gp)
core   0: 3 0x80006ea8 (0x06f18f23) mem 0x80010cdf 0x00
core   0: 0x80006eac (0x07e1cb03) lbu     s6, 126(gp)
core   0: 3 0x80006eac (0x07e1cb03) x22 0x00000000 mem 0x80010cdf
core   0: 0x80006eb0 (0xf3f1ac03) lw      s8, -193(gp)
core   0: 3 0x80006eb0 (0xf3f1ac03) x24 0xa85833f2 mem 0x80010ba0
core   0: 0x80006eb4 (0x05b19083) lh      ra, 91(gp)
core   0: 3 0x80006eb4 (0x05b19083) x1  0xffff93db mem 0x80010cbc
core   0: 0x80006eb8 (0x03c18523) sb      t3, 42(gp)
core   0: 3 0x80006eb8 (0x03c18523) mem 0x80010c8b 0xfe
core   0: 0x80006ebc (0xfa31c483) lbu     s1, -93(gp)
core   0: 3 0x80006ebc (0xfa31c483) x9  0x00000048 mem 0x80010c04
core   0: 0x80006ec0 (0xf7f1ac03) lw      s8, -129(gp)
core   0: 3 0x80006ec0 (0xf7f1ac03) x24 0xb0f742b8 mem 0x80010be0
core   0: 0x80006ec4 (0x0501c083) lbu     ra, 80(gp)
core   0: 3 0x80006ec4 (0x0501c083) x1  0x0000008c mem 0x80010cb1
core   0: 0x80006ec8 (0x33638493) addi    s1, t2, 822
core   0: 3 0x80006ec8 (0x33638493) x9  0x8002619a
core   0: 0x80006ecc (0x0f21cf03) lbu     t5, 242(gp)
core   0: 3 0x80006ecc (0x0f21cf03) x30 0x0000007e mem 0x80010d53
core   0: 0x80006ed0 (0x0f21c603) lbu     a2, 242(gp)
core   0: 3 0x80006ed0 (0x0f21c603) x12 0x0000007e mem 0x80010d53
core   0: 0x80006ed4 (0x0711cf83) lbu     t6, 113(gp)
core   0: 3 0x80006ed4 (0x0711cf83) x31 0x000000c3 mem 0x80010cd2
core   0: 0x80006ed8 (0x00e1c483) lbu     s1, 14(gp)
core   0: 3 0x80006ed8 (0x00e1c483) x9  0x0000001e mem 0x80010c6f
core   0: 0x80006edc (0x0000ab17) auipc   s6, 0xa
core   0: 3 0x80006edc (0x0000ab17) x22 0x80010edc
core   0: 0x80006ee0 (0xa12b0b13) addi    s6, s6, -1518
core   0: 3 0x80006ee0 (0xa12b0b13) x22 0x800108ee
core   0: 0x80006ee4 (0x108b0c83) lb      s9, 264(s6)
core   0: 3 0x80006ee4 (0x108b0c83) x25 0xffffffca mem 0x800109f6
core   0: 0x80006ee8 (0x03909733) mulh    a4, ra, s9
core   0: 3 0x80006ee8 (0x03909733) x14 0xffffffff
core   0: 0x80006eec (0xfa1b0a03) lb      s4, -95(s6)
core   0: 3 0x80006eec (0xfa1b0a03) x20 0x00000051 mem 0x8001088f
core   0: 0x80006ef0 (0x02ba3a33) mulhu   s4, s4, a1
core   0: 3 0x80006ef0 (0x02ba3a33) x20 0x00000028
core   0: 0x80006ef4 (0x034c80b3) mul     ra, s9, s4
core   0: 3 0x80006ef4 (0x034c80b3) x1  0xfffff790
core   0: 0x80006ef8 (0xb4cb4a03) lbu     s4, -1204(s6)
core   0: 3 0x80006ef8 (0xb4cb4a03) x20 0x000000b3 mem 0x8001043a
core   0: 0x80006efc (0x021b2d23) sw      ra, 58(s6)
core   0: 3 0x80006efc (0x021b2d23) mem 0x80010928 0xfffff790
core   0: 0x80006f00 (0x0dab2703) lw      a4, 218(s6)
core   0: 3 0x80006f00 (0x0dab2703) x14 0x3cbb460e mem 0x800109c8
core   0: 0x80006f04 (0x4610e493) ori     s1, ra, 1121
core   0: 3 0x80006f04 (0x4610e493) x9  0xfffff7f1
core   0: 0x80006f08 (0x2a10fa13) andi    s4, ra, 673
core   0: 3 0x80006f08 (0x2a10fa13) x20 0x00000280
core   0: 0x80006f0c (0x000060b9) c.lui   ra, 0xe
core   0: 3 0x80006f0c (0x60b9) x1  0x0000e000
core   0: 0x80006f0e (0x401a00b3) sub     ra, s4, ra
core   0: 3 0x80006f0e (0x401a00b3) x1  0xffff2280
core   0: 0x80006f12 (0x00000001) c.nop
core   0: 3 0x80006f12 (0x0001)
core   0: 0x80006f14 (0x014764b3) or      s1, a4, s4
core   0: 3 0x80006f14 (0x014764b3) x9  0x3cbb468e
core   0: 0x80006f18 (0x419a5733) sra     a4, s4, s9
core   0: 3 0x80006f18 (0x419a5733) x14 0x00000000
core   0: 0x80006f1c (0x02b495b3) mulh    a1, s1, a1
core   0: 3 0x80006f1c (0x02b495b3) x11 0xe1a29be8
core   0: 0x80006f20 (0x01471cb3) sll     s9, a4, s4
core   0: 3 0x80006f20 (0x01471cb3) x25 0x00000000
core   0: 0x80006f24 (0x029ce0b3) rem     ra, s9, s1
core   0: 3 0x80006f24 (0x029ce0b3) x1  0x00000000
core   0: 0x80006f28 (0x54da4093) xori    ra, s4, 1357
core   0: 3 0x80006f28 (0x54da4093) x1  0x000007cd
core   0: 0x80006f2c (0xe67b0703) lb      a4, -409(s6)
core   0: 3 0x80006f2c (0xe67b0703) x14 0xffffffe5 mem 0x80010755
core   0: 0x80006f30 (0x222b1083) lh      ra, 546(s6)
core   0: 3 0x80006f30 (0x222b1083) x1  0xffff98d4 mem 0x80010b10
core   0: 0x80006f34 (0x3ceb04a3) sb      a4, 969(s6)
core   0: 3 0x80006f34 (0x3ceb04a3) mem 0x80010cb7 0xe5
core   0: 0x80006f38 (0x014a2733) slt     a4, s4, s4
core   0: 3 0x80006f38 (0x014a2733) x14 0x00000000
core   0: 0x80006f3c (0x556b4c83) lbu     s9, 1366(s6)
core   0: 3 0x80006f3c (0x556b4c83) x25 0x000000d8 mem 0x80010e44
core   0: 0x80006f40 (0x0290aa33) mulhsu  s4, ra, s1
core   0: 3 0x80006f40 (0x0290aa33) x20 0xffffe786
core   0: 0x80006f44 (0x1eeb4a03) lbu     s4, 494(s6)
core   0: 3 0x80006f44 (0x1eeb4a03) x20 0x000000ce mem 0x80010adc
core   0: 0x80006f48 (0x53ab4583) lbu     a1, 1338(s6)
core   0: 3 0x80006f48 (0x53ab4583) x11 0x0000000a mem 0x80010e28
core   0: 0x80006f4c (0x719a3713) sltiu   a4, s4, 1817
core   0: 3 0x80006f4c (0x719a3713) x14 0x00000001
core   0: 0x80006f50 (0x6bea4a13) xori    s4, s4, 1726
core   0: 3 0x80006f50 (0x6bea4a13) x20 0x00000670
core   0: 0x80006f54 (0xa5e73c93) sltiu   s9, a4, -1442
core   0: 3 0x80006f54 (0xa5e73c93) x25 0x00000001
core   0: 0x80006f58 (0x1aeb1223) sh      a4, 420(s6)
core   0: 3 0x80006f58 (0x1aeb1223) mem 0x80010a92 0x0001
core   0: 0x80006f5c (0x04bb6717) auipc   a4, 0x4bb6
core   0: 3 0x80006f5c (0x04bb6717) x14 0x84bbcf5c
core   0: 0x80006f60 (0x00008665) c.srai  a2, 25
core   0: 3 0x80006f60 (0x8665) x12 0x00000000
core   0: 0x80006f62 (0x44647913) andi    s2, s0, 1094
core   0: 3 0x80006f62 (0x44647913) x18 0x00000042
core   0: 0x80006f66 (0x00008dc9) c.or    a1, a0
core   0: 3 0x80006f66 (0x8dc9) x11 0x000000bb
core   0: 0x80006f68 (0x00009afd) c.andi  a3, -1
core   0: 3 0x80006f68 (0x9afd) x13 0x003fffe5
core   0: 0x80006f6a (0x39057c93) andi    s9, a0, 912
core   0: 3 0x80006f6a (0x39057c93) x25 0x00000090
core   0: 0x80006f6e (0xb9d2e493) ori     s1, t0, -1123
core   0: 3 0x80006f6e (0xb9d2e493) x9  0xfffffb9d
core   0: 0x80006f72 (0x00617cb3) and     s9, sp, t1
core   0: 3 0x80006f72 (0x00617cb3) x25 0x00000000
core   0: 0x80006f76 (0x00439593) slli    a1, t2, 4
core   0: 3 0x80006f76 (0x00439593) x11 0x0025e640
core   0: 0x80006f7a (0x00a33a33) sltu    s4, t1, a0
core   0: 3 0x80006f7a (0x00a33a33) x20 0x00000000
core   0: 0x80006f7e (0x0000898d) c.andi  a1, 3
core   0: 3 0x80006f7e (0x898d) x11 0x00000000
core   0: 0x80006f80 (0xc7f32b13) slti    s6, t1, -897
core   0: 3 0x80006f80 (0xc7f32b13) x22 0x00000000
core   0: 0x80006f84 (0x00008e05) c.sub   a2, s1
core   0: 3 0x80006f84 (0x8e05) x12 0x00000463
core   0: 0x80006f86 (0x41c1df33) sra     t5, gp, t3
core   0: 3 0x80006f86 (0x41c1df33) x30 0xfffffffe
core   0: 0x80006f8a (0x40ead593) srai    a1, s5, 14
core   0: 3 0x80006f8a (0x40ead593) x11 0x00000008
core   0: 0x80006f8e (0x03373f33) mulhu   t5, a4, s3
core   0: 3 0x80006f8e (0x03373f33) x30 0x00007c6f
core   0: 0x80006f92 (0x0032a6b3) slt     a3, t0, gp
core   0: 3 0x80006f92 (0x0032a6b3) x13 0x00000000
core   0: 0x80006f96 (0x0100e463) bltu    ra, a6, pc + 8
core   0: 3 0x80006f96 (0x0100e463)
core   0: 0x80006f9a (0x0553d063) bge     t2, s5, pc + 64
core   0: 3 0x80006f9a (0x0553d063)
core   0: 0x80006f9e (0x97893593) sltiu   a1, s2, -1672
core   0: 3 0x80006f9e (0x97893593) x11 0x00000001
core   0: 0x80006fa2 (0x0171e8b3) or      a7, gp, s7
core   0: 3 0x80006fa2 (0x0171e8b3) x17 0x80010c63
core   0: 0x80006fa6 (0x7e2ee713) ori     a4, t4, 2018
core   0: 3 0x80006fa6 (0x7e2ee713) x14 0x000007eb
core   0: 0x80006faa (0x00008f65) c.and   a4, s1
core   0: 3 0x80006faa (0x8f65) x14 0x00000389
core   0: 0x80006fac (0x01f9f5b3) and     a1, s3, t6
core   0: 3 0x80006fac (0x01f9f5b3) x11 0x000000c3
core   0: 0x80006fb0 (0x00008575) c.srai  a0, 29
core   0: 3 0x80006fb0 (0x8575) x10 0x00000000
core   0: 0x80006fb2 (0x00375a33) srl     s4, a4, gp
core   0: 3 0x80006fb2 (0x00375a33) x20 0x000001c4
core   0: 0x80006fb6 (0x00a7f733) and     a4, a5, a0
core   0: 3 0x80006fb6 (0x00a7f733) x14 0x00000000
core   0: 0x80006fba (0x4bc54717) auipc   a4, 0x4bc54
core   0: 3 0x80006fba (0x4bc54717) x14 0xcbc5afba
core   0: 0x80006fbe (0x402985b3) sub     a1, s3, sp
core   0: 3 0x80006fbe (0x402985b3) x11 0x7ffe52db
core   0: 0x80006fc2 (0x6e0fc813) xori    a6, t6, 1760
core   0: 3 0x80006fc2 (0x6e0fc813) x16 0x00000623
core   0: 0x80006fc6 (0x02aaf163) bgeu    s5, a0, pc + 34
core   0: 3 0x80006fc6 (0x02aaf163)
core   0: 0x80006fe8 (0x00006d05) c.lui   s10, 0x1
core   0: 3 0x80006fe8 (0x6d05) x26 0x00001000
core   0: 0x80006fea (0x00000001) c.nop
core   0: 3 0x80006fea (0x0001)
core   0: 0x80006fec (0x0000ca19) c.beqz  a2, pc + 22
core   0: 3 0x80006fec (0xca19)
core   0: 0x80006fee (0x2d786a37) lui     s4, 0x2d786
core   0: 3 0x80006fee (0x2d786a37) x20 0x2d786000
core   0: 0x80006ff2 (0x027cad33) mulhsu  s10, s9, t2
core   0: 3 0x80006ff2 (0x027cad33) x26 0x00000000
core   0: 0x80006ff6 (0x02562533) mulhsu  a0, a2, t0
core   0: 3 0x80006ff6 (0x02562533) x10 0x00000000
core   0: 0x80006ffa (0x0178dc63) bge     a7, s7, pc + 24
core   0: 3 0x80006ffa (0x0178dc63)
core   0: 0x80006ffe (0xb47cf413) andi    s0, s9, -1209
core   0: 3 0x80006ffe (0xb47cf413) x8  0x00000000
core   0: 0x80007002 (0x03267333) remu    t1, a2, s2
core   0: 3 0x80007002 (0x03267333) x6  0x00000001
core   0: 0x80007006 (0x00008f5d) c.or    a4, a5
core   0: 3 0x80007006 (0x8f5d) x14 0xcbc5afba
core   0: 0x80007008 (0x036a7e33) remu    t3, s4, s6
core   0: 3 0x80007008 (0x036a7e33) x28 0x2d786000
core   0: 0x8000700c (0x0000e18d) c.bnez  a1, pc + 34
core   0: 3 0x8000700c (0xe18d)
core   0: 0x8000702e (0x02f2d9b3) divu    s3, t0, a5
core   0: 3 0x8000702e (0x02f2d9b3) x19 0x00000000
core   0: 0x80007032 (0x04a9c063) blt     s3, a0, pc + 64
core   0: 3 0x80007032 (0x04a9c063)
core   0: 0x80007036 (0x01b458b3) srl     a7, s0, s11
core   0: 3 0x80007036 (0x01b458b3) x17 0x00000000
core   0: 0x8000703a (0x031f8163) beq     t6, a7, pc + 34
core   0: 3 0x8000703a (0x031f8163)
core   0: 0x8000703e (0x021a8733) mul     a4, s5, ra
core   0: 3 0x8000703e (0x021a8733) x14 0x1a874dfc
core   0: 0x80007042 (0x5fd60893) addi    a7, a2, 1533
core   0: 3 0x80007042 (0x5fd60893) x17 0x00000a60
core   0: 0x80007046 (0x411f01b3) sub     gp, t5, a7
core   0: 3 0x80007046 (0x411f01b3) x3  0x0000720f
core   0: 0x8000704a (0x00008e45) c.or    a2, s1
core   0: 3 0x8000704a (0x8e45) x12 0xffffffff
core   0: 0x8000704c (0x000f6b33) or      s6, t5, zero
core   0: 3 0x8000704c (0x000f6b33) x22 0x00007c6f
core   0: 0x80007050 (0x029ec933) div     s2, t4, s1
core   0: 3 0x80007050 (0x029ec933) x18 0x00000000
core   0: 0x80007054 (0x02e11eb3) mulh    t4, sp, a4
core   0: 3 0x80007054 (0x02e11eb3) x29 0xf2bc9e59
core   0: 0x80007058 (0x03e71d33) mulh    s10, a4, t5
core   0: 3 0x80007058 (0x03e71d33) x26 0x00000ce5
core   0: 0x8000705c (0x00008d89) c.sub   a1, a0
core   0: 3 0x8000705c (0x8d89) x11 0x7ffe52db
core   0: 0x8000705e (0x413bddb3) sra     s11, s7, s3
core   0: 3 0x8000705e (0x413bddb3) x27 0x00000022
core   0: 0x80007062 (0x4030d233) sra     tp, ra, gp
core   0: 3 0x80007062 (0x4030d233) x4  0xffffffff
core   0: 0x80007066 (0x0000c089) c.beqz  s1, pc + 2
core   0: 3 0x80007066 (0xc089)
core   0: 0x80007068 (0x03c464b3) rem     s1, s0, t3
core   0: 3 0x80007068 (0x03c464b3) x9  0x00000000
core   0: 0x8000706c (0x000081d9) c.srli  a1, 22
core   0: 3 0x8000706c (0x81d9) x11 0x000001ff
core   0: 0x8000706e (0x000000c2) c.slli  ra, 16
core   0: 3 0x8000706e (0x00c2) x1  0x98d40000
core   0: 0x80007070 (0x00009252) c.add   tp, s4
core   0: 3 0x80007070 (0x9252) x4  0x2d785fff
core   0: 0x80007072 (0x035d2ab3) mulhsu  s5, s10, s5
core   0: 3 0x80007072 (0x035d2ab3) x21 0x00000000
core   0: 0x80007076 (0x03dd6933) rem     s2, s10, t4
core   0: 3 0x80007076 (0x03dd6933) x18 0x00000ce5
core   0: 0x8000707a (0x03be1fb3) mulh    t6, t3, s11
core   0: 3 0x8000707a (0x03be1fb3) x31 0x00000006
core   0: 0x8000707e (0xe170b593) sltiu   a1, ra, -489
core   0: 3 0x8000707e (0xe170b593) x11 0x00000001
core   0: 0x80007082 (0x037c1ab3) mulh    s5, s8, s7
core   0: 3 0x80007082 (0x037c1ab3) x21 0xfffffff5
core   0: 0x80007086 (0x017f40b3) xor     ra, t5, s7
core   0: 3 0x80007086 (0x017f40b3) x1  0x00007c4d
core   0: 0x8000708a (0x03600d33) mul     s10, zero, s6
core   0: 3 0x8000708a (0x03600d33) x26 0x00000000
core   0: 0x8000708e (0x418700b3) sub     ra, a4, s8
core   0: 3 0x8000708e (0x418700b3) x1  0x69900b44
core   0: 0x80007092 (0x02690d63) beq     s2, t1, pc + 58
core   0: 3 0x80007092 (0x02690d63)
core   0: 0x80007096 (0x00008e31) c.xor   a2, a2
core   0: 3 0x80007096 (0x8e31) x12 0x00000000
core   0: 0x80007098 (0x00008ee5) c.and   a3, s1
core   0: 3 0x80007098 (0x8ee5) x13 0x00000000
core   0: 0x8000709a (0xd97e4737) lui     a4, 0xd97e4
core   0: 3 0x8000709a (0xd97e4737) x14 0xd97e4000
core   0: 0x8000709e (0x00b33ab3) sltu    s5, t1, a1
core   0: 3 0x8000709e (0x00b33ab3) x21 0x00000000
core   0: 0x800070a2 (0x1e353893) sltiu   a7, a0, 483
core   0: 3 0x800070a2 (0x1e353893) x17 0x00000001
core   0: 0x800070a6 (0x016426b3) slt     a3, s0, s6
core   0: 3 0x800070a6 (0x016426b3) x13 0x00000001
core   0: 0x800070aa (0xfbc62693) slti    a3, a2, -68
core   0: 3 0x800070aa (0xfbc62693) x13 0x00000000
core   0: 0x800070ae (0x00008c3d) c.xor   s0, a5
core   0: 3 0x800070ae (0x8c3d) x8  0x80000000
core   0: 0x800070b0 (0x015311b3) sll     gp, t1, s5
core   0: 3 0x800070b0 (0x015311b3) x3  0x00000001
core   0: 0x800070b4 (0x000085d6) c.mv    a1, s5
core   0: 3 0x800070b4 (0x85d6) x11 0x00000000
core   0: 0x800070b6 (0x0000c409) c.beqz  s0, pc + 10
core   0: 3 0x800070b6 (0xc409)
core   0: 0x800070b8 (0x03cf6963) bltu    t5, t3, pc + 50
core   0: 3 0x800070b8 (0x03cf6963)
core   0: 0x800070ea (0x59f60713) addi    a4, a2, 1439
core   0: 3 0x800070ea (0x59f60713) x14 0x0000059f
core   0: 0x800070ee (0x01d51593) slli    a1, a0, 29
core   0: 3 0x800070ee (0x01d51593) x11 0x00000000
core   0: 0x800070f2 (0x00939263) bne     t2, s1, pc + 4
core   0: 3 0x800070f2 (0x00939263)
core   0: 0x800070f6 (0x027e0f33) mul     t5, t3, t2
core   0: 3 0x800070f6 (0x027e0f33) x30 0xb6458000
core   0: 0x800070fa (0x0000883d) c.andi  s0, 15
core   0: 3 0x800070fa (0x883d) x8  0x00000000
core   0: 0x800070fc (0x0000e685) c.bnez  a3, pc + 40
core   0: 3 0x800070fc (0xe685)
core   0: 0x800070fe (0x00f55913) srli    s2, a0, 15
core   0: 3 0x800070fe (0x00f55913) x18 0x00000000
core   0: 0x80007102 (0x016e8463) beq     t4, s6, pc + 8
core   0: 3 0x80007102 (0x016e8463)
core   0: 0x80007106 (0x40320cb3) sub     s9, tp, gp
core   0: 3 0x80007106 (0x40320cb3) x25 0x2d785ffe
core   0: 0x8000710a (0x014331b3) sltu    gp, t1, s4
core   0: 3 0x8000710a (0x014331b3) x3  0x00000001
core   0: 0x8000710e (0x01105713) srli    a4, zero, 17
core   0: 3 0x8000710e (0x01105713) x14 0x00000000
core   0: 0x80007112 (0x0000c815) c.beqz  s0, pc + 52
core   0: 3 0x80007112 (0xc815)
core   0: 0x80007146 (0x06ce4863) blt     t3, a2, pc + 112
core   0: 3 0x80007146 (0x06ce4863)
core   0: 0x8000714a (0x03a69db3) mulh    s11, a3, s10
core   0: 3 0x8000714a (0x03a69db3) x27 0x00000000
core   0: 0x8000714e (0x04e28563) beq     t0, a4, pc + 74
core   0: 3 0x8000714e (0x04e28563)
core   0: 0x80007152 (0x028416b3) mulh    a3, s0, s0
core   0: 3 0x80007152 (0x028416b3) x13 0x00000000
core   0: 0x80007156 (0xd8080813) addi    a6, a6, -640
core   0: 3 0x80007156 (0xd8080813) x16 0x000003a3
core   0: 0x8000715a (0x0373a433) mulhsu  s0, t2, s7
core   0: 3 0x8000715a (0x0373a433) x8  0xffffffef
core   0: 0x8000715e (0x77447913) andi    s2, s0, 1908
core   0: 3 0x8000715e (0x77447913) x18 0x00000764
core   0: 0x80007162 (0x004edeb3) srl     t4, t4, tp
core   0: 3 0x80007162 (0x004edeb3) x29 0x00000001
core   0: 0x80007166 (0x00008279) c.srli  a2, 30
core   0: 3 0x80007166 (0x8279) x12 0x00000000
core   0: 0x80007168 (0x013e9d33) sll     s10, t4, s3
core   0: 3 0x80007168 (0x013e9d33) x26 0x00000001
core   0: 0x8000716c (0x01fa9d13) slli    s10, s5, 31
core   0: 3 0x8000716c (0x01fa9d13) x26 0x00000000
core   0: 0x80007170 (0x00b96833) or      a6, s2, a1
core   0: 3 0x80007170 (0x00b96833) x16 0x00000764
core   0: 0x80007174 (0x6d074993) xori    s3, a4, 1744
core   0: 3 0x80007174 (0x6d074993) x19 0x000006d0
core   0: 0x80007178 (0x03d91433) mulh    s0, s2, t4
core   0: 3 0x80007178 (0x03d91433) x8  0x00000000
core   0: 0x8000717c (0x00008dd1) c.or    a1, a2
core   0: 3 0x8000717c (0x8dd1) x11 0x00000000
core   0: 0x8000717e (0x03ba4d33) div     s10, s4, s11
core   0: 3 0x8000717e (0x03ba4d33) x26 0xffffffff
core   0: 0x80007182 (0x02441333) mulh    t1, s0, tp
core   0: 3 0x80007182 (0x02441333) x6  0x00000000
core   0: 0x80007186 (0x3ab0036f) jal     t1, pc + 0xbaa
core   0: 3 0x80007186 (0x3ab0036f) x6  0x8000718a
core   0: 0x80007d30 (0x00009afd) c.andi  a3, -1
core   0: 3 0x80007d30 (0x9afd) x13 0x00000000
core   0: 0x80007d32 (0x01b78833) add     a6, a5, s11
core   0: 3 0x80007d32 (0x01b78833) x16 0x80000000
core   0: 0x80007d36 (0xfd438393) addi    t2, t2, -44
core   0: 3 0x80007d36 (0xfd438393) x7  0x80025e38
core   0: 0x80007d3a (0x0063a223) sw      t1, 4(t2)
core   0: 3 0x80007d3a (0x0063a223) mem 0x80025e3c 0x8000718a
core   0: 0x80007d3e (0x76b98913) addi    s2, s3, 1899
core   0: 3 0x80007d3e (0x76b98913) x18 0x00000e3b
core   0: 0x80007d42 (0x0000f717) auipc   a4, 0xf
core   0: 3 0x80007d42 (0x0000f717) x14 0x80016d42
core   0: 0x80007d46 (0x30970713) addi    a4, a4, 777
core   0: 3 0x80007d46 (0x30970713) x14 0x8001704b
core   0: 0x80007d4a (0x0156a1b3) slt     gp, a3, s5
core   0: 3 0x80007d4a (0x0156a1b3) x3  0x00000000
core   0: 0x80007d4e (0x94375883) lhu     a7, -1725(a4)
core   0: 3 0x80007d4e (0x94375883) x17 0x00006d19 mem 0x8001698e
core   0: 0x80007d52 (0x02d8a433) mulhsu  s0, a7, a3
core   0: 3 0x80007d52 (0x02d8a433) x8  0x00000000
core   0: 0x80007d56 (0x3ce70f83) lb      t6, 974(a4)
core   0: 3 0x80007d56 (0x3ce70f83) x31 0x00000022 mem 0x80017419
core   0: 0x80007d5a (0x0088c433) xor     s0, a7, s0
core   0: 3 0x80007d5a (0x0088c433) x8  0x00006d19
core   0: 0x80007d5e (0xff374683) lbu     a3, -13(a4)
core   0: 3 0x80007d5e (0xff374683) x13 0x0000003d mem 0x8001703e
core   0: 0x80007d62 (0x84370a83) lb      s5, -1981(a4)
core   0: 3 0x80007d62 (0x84370a83) x21 0xffffffa8 mem 0x8001688e
core   0: 0x80007d66 (0x86370f83) lb      t6, -1949(a4)
core   0: 3 0x80007d66 (0x86370f83) x31 0xffffff92 mem 0x800168ae
core   0: 0x80007d6a (0x02d70023) sb      a3, 32(a4)
core   0: 3 0x80007d6a (0x02d70023) mem 0x8001706b 0x3d
core   0: 0x80007d6e (0x6f91c413) xori    s0, gp, 1785
core   0: 3 0x80007d6e (0x6f91c413) x8  0x000006f9
core   0: 0x80007d72 (0x00000fe6) c.slli  t6, 25
core   0: 3 0x80007d72 (0x0fe6) x31 0x24000000
core   0: 0x80007d74 (0x00000001) c.nop
core   0: 3 0x80007d74 (0x0001)
core   0: 0x80007d76 (0xc3b44f93) xori    t6, s0, -965
core   0: 3 0x80007d76 (0xc3b44f93) x31 0xfffffac2
core   0: 0x80007d7a (0x9e347693) andi    a3, s0, -1565
core   0: 3 0x80007d7a (0x9e347693) x13 0x000000e1
core   0: 0x80007d7e (0xaa66f693) andi    a3, a3, -1370
core   0: 3 0x80007d7e (0xaa66f693) x13 0x000000a0
core   0: 0x80007d82 (0x00af9413) slli    s0, t6, 10
core   0: 3 0x80007d82 (0x00af9413) x8  0xffeb0800
core   0: 0x80007d86 (0xec370c23) sb      gp, -296(a4)
core   0: 3 0x80007d86 (0xec370c23) mem 0x80016f23 0x00
core   0: 0x80007d8a (0x00008c35) c.xor   s0, a3
core   0: 3 0x80007d8a (0x8c35) x8  0xffeb08a0
core   0: 0x80007d8c (0x0df70923) sb      t6, 210(a4)
core   0: 3 0x80007d8c (0x0df70923) mem 0x8001711d 0xc2
core   0: 0x80007d90 (0x0000987d) c.andi  s0, -1
core   0: 3 0x80007d90 (0x987d) x8  0xffeb08a0
core   0: 0x80007d92 (0x011ab8b3) sltu    a7, s5, a7
core   0: 3 0x80007d92 (0x011ab8b3) x17 0x00000000
core   0: 0x80007d96 (0xacd70ea3) sb      a3, -1315(a4)
core   0: 3 0x80007d96 (0xacd70ea3) mem 0x80016b28 0xa0
core   0: 0x80007d9a (0x70771183) lh      gp, 1799(a4)
core   0: 3 0x80007d9a (0x70771183) x3  0xffffd9dc mem 0x80017752
core   0: 0x80007d9e (0x5ff70183) lb      gp, 1535(a4)
core   0: 3 0x80007d9e (0x5ff70183) x3  0x00000016 mem 0x8001764a
core   0: 0x80007da2 (0x0081cfb3) xor     t6, gp, s0
core   0: 3 0x80007da2 (0x0081cfb3) x31 0xffeb08b6
core   0: 0x80007da6 (0x00008c21) c.xor   s0, s0
core   0: 3 0x80007da6 (0x8c21) x8  0x00000000
core   0: 0x80007da8 (0x41f1d433) sra     s0, gp, t6
core   0: 3 0x80007da8 (0x41f1d433) x8  0x00000000
core   0: 0x80007dac (0x41a1da93) srai    s5, gp, 26
core   0: 3 0x80007dac (0x41a1da93) x21 0x00000000
core   0: 0x80007db0 (0x3c670403) lb      s0, 966(a4)
core   0: 3 0x80007db0 (0x3c670403) x8  0x00000047 mem 0x80017411
core   0: 0x80007db4 (0x4bf70a23) sb      t6, 1204(a4)
core   0: 3 0x80007db4 (0x4bf70a23) mem 0x800174ff 0xb6
core   0: 0x80007db8 (0xbb570923) sb      s5, -1102(a4)
core   0: 3 0x80007db8 (0xbb570923) mem 0x80016bfd 0x00
core   0: 0x80007dbc (0x03143433) mulhu   s0, s0, a7
core   0: 3 0x80007dbc (0x03143433) x8  0x00000000
core   0: 0x80007dc0 (0x6ed717a3) sh      a3, 1775(a4)
core   0: 3 0x80007dc0 (0x6ed717a3) mem 0x8001773a 0x00a0
core   0: 0x80007dc4 (0x384aaa93) slti    s5, s5, 900
core   0: 3 0x80007dc4 (0x384aaa93) x21 0x00000001
core   0: 0x80007dc8 (0x78642f93) slti    t6, s0, 1926
core   0: 3 0x80007dc8 (0x78642f93) x31 0x00000001
core   0: 0x80007dcc (0x8bb70683) lb      a3, -1861(a4)
core   0: 3 0x80007dcc (0x8bb70683) x13 0xffffffa6 mem 0x80016906
core   0: 0x80007dd0 (0x65474f83) lbu     t6, 1620(a4)
core   0: 3 0x80007dd0 (0x65474f83) x31 0x000000c6 mem 0x8001769f
core   0: 0x80007dd4 (0x000086a2) c.mv    a3, s0
core   0: 3 0x80007dd4 (0x86a2) x13 0x00000000
core   0: 0x80007dd6 (0x2de74183) lbu     gp, 734(a4)
core   0: 3 0x80007dd6 (0x2de74183) x3  0x0000008f mem 0x80017329
core   0: 0x80007dda (0x00bf9193) slli    gp, t6, 11
core   0: 3 0x80007dda (0x00bf9193) x3  0x00063000
core   0: 0x80007dde (0x031f91b3) mulh    gp, t6, a7
core   0: 3 0x80007dde (0x031f91b3) x3  0x00000000
core   0: 0x80007de2 (0x4e470f83) lb      t6, 1252(a4)
core   0: 3 0x80007de2 (0x4e470f83) x31 0xffffffb5 mem 0x8001752f
core   0: 0x80007de6 (0x0181d893) srli    a7, gp, 24
core   0: 3 0x80007de6 (0x0181d893) x17 0x00000000
core   0: 0x80007dea (0x4ed70183) lb      gp, 1261(a4)
core   0: 3 0x80007dea (0x4ed70183) x3  0x00000009 mem 0x80017538
core   0: 0x80007dee (0x02841fb3) mulh    t6, s0, s0
core   0: 3 0x80007dee (0x02841fb3) x31 0x00000000
core   0: 0x80007df2 (0xa5171fa3) sh      a7, -1441(a4)
core   0: 3 0x80007df2 (0xa5171fa3) mem 0x80016aaa 0x0000
core   0: 0x80007df6 (0x00008c75) c.and   s0, a3
core   0: 3 0x80007df6 (0x8c75) x8  0x00000000
core   0: 0x80007df8 (0x031888b3) mul     a7, a7, a7
core   0: 3 0x80007df8 (0x031888b3) x17 0x00000000
core   0: 0x80007dfc (0xcf670683) lb      a3, -778(a4)
core   0: 3 0x80007dfc (0xcf670683) x13 0x00000050 mem 0x80016d41
core   0: 0x80007e00 (0x8d674183) lbu     gp, -1834(a4)
core   0: 3 0x80007e00 (0x8d674183) x3  0x000000cf mem 0x80016921
core   0: 0x80007e04 (0xbc870623) sb      s0, -1076(a4)
core   0: 3 0x80007e04 (0xbc870623) mem 0x80016c17 0x00
core   0: 0x80007e08 (0x00008317) auipc   t1, 0x8
core   0: 3 0x80007e08 (0x00008317) x6  0x8000fe08
core   0: 0x80007e0c (0x2d630313) addi    t1, t1, 726
core   0: 3 0x80007e0c (0x2d630313) x6  0x800100de
core   0: 0x80007e10 (0x00205733) srl     a4, zero, sp
core   0: 3 0x80007e10 (0x00205733) x14 0x00000000
core   0: 0x80007e14 (0x39531d23) sh      s5, 922(t1)
core   0: 3 0x80007e14 (0x39531d23) mem 0x80010478 0x0001
core   0: 0x80007e18 (0x38831d23) sh      s0, 922(t1)
core   0: 3 0x80007e18 (0x38831d23) mem 0x80010478 0x0000
core   0: 0x80007e1c (0x39a34a03) lbu     s4, 922(t1)
core   0: 3 0x80007e1c (0x39a34a03) x20 0x00000000 mem 0x80010478
core   0: 0x80007e20 (0x39a30483) lb      s1, 922(t1)
core   0: 3 0x80007e20 (0x39a30483) x9  0x00000000 mem 0x80010478
core   0: 0x80007e24 (0x001b20b3) slt     ra, s6, ra
core   0: 3 0x80007e24 (0x001b20b3) x1  0x00000001
core   0: 0x80007e28 (0x39a30c83) lb      s9, 922(t1)
core   0: 3 0x80007e28 (0x39a30c83) x25 0x00000000 mem 0x80010478
core   0: 0x80007e2c (0x39a32203) lw      tp, 922(t1)
core   0: 3 0x80007e2c (0x39a32203) x4  0xf7a70000 mem 0x80010478
core   0: 0x80007e30 (0x00162c33) slt     s8, a2, ra
core   0: 3 0x80007e30 (0x00162c33) x24 0x00000001
core   0: 0x80007e34 (0x0000997d) c.andi  a0, -1
core   0: 3 0x80007e34 (0x997d) x10 0x00000000
core   0: 0x80007e36 (0x42a30623) sb      a0, 1068(t1)
core   0: 3 0x80007e36 (0x42a30623) mem 0x8001050a 0x00
core   0: 0x80007e3a (0x42c34583) lbu     a1, 1068(t1)
core   0: 3 0x80007e3a (0x42c34583) x11 0x00000000 mem 0x8001050a
core   0: 0x80007e3e (0x42c35b83) lhu     s7, 1068(t1)
core   0: 3 0x80007e3e (0x42c35b83) x23 0x00000000 mem 0x8001050a
core   0: 0x80007e42 (0x42c35903) lhu     s2, 1068(t1)
core   0: 3 0x80007e42 (0x42c35903) x18 0x00000000 mem 0x8001050a
core   0: 0x80007e46 (0x42c35a03) lhu     s4, 1068(t1)
core   0: 3 0x80007e46 (0x42c35a03) x20 0x00000000 mem 0x8001050a
core   0: 0x80007e4a (0x0e3e0193) addi    gp, t3, 227
core   0: 3 0x80007e4a (0x0e3e0193) x3  0x2d7860e3
core   0: 0x80007e4e (0x021e5d33) divu    s10, t3, ra
core   0: 3 0x80007e4e (0x021e5d33) x26 0x2d786000
core   0: 0x80007e52 (0x00000001) c.nop
core   0: 3 0x80007e52 (0x0001)
core   0: 0x80007e54 (0x42431623) sh      tp, 1068(t1)
core   0: 3 0x80007e54 (0x42431623) mem 0x8001050a 0x0000
core   0: 0x80007e58 (0x00005779) c.li    a4, -2
core   0: 3 0x80007e58 (0x5779) x14 0xfffffffe
core   0: 0x80007e5a (0x00004919) c.li    s2, 6
core   0: 3 0x80007e5a (0x4919) x18 0x00000006
core   0: 0x80007e5c (0x3182b437) lui     s0, 0x3182b
core   0: 3 0x80007e5c (0x3182b437) x8  0x3182b000
core   0: 0x80007e60 (0x00e272b3) and     t0, tp, a4
core   0: 3 0x80007e60 (0x00e272b3) x5  0xf7a70000
core   0: 0x80007e64 (0xe4cb8293) addi    t0, s7, -436
core   0: 3 0x80007e64 (0xe4cb8293) x5  0xfffffe4c
core   0: 0x80007e68 (0x01eb8d33) add     s10, s7, t5
core   0: 3 0x80007e68 (0x01eb8d33) x26 0xb6458000
core   0: 0x80007e6c (0x000045f5) c.li    a1, 29
core   0: 3 0x80007e6c (0x45f5) x11 0x0000001d
core   0: 0x80007e6e (0x004b40b3) xor     ra, s6, tp
core   0: 3 0x80007e6e (0x004b40b3) x1  0xf7a77c6f
core   0: 0x80007e72 (0x00000721) c.addi  a4, 8
core   0: 3 0x80007e72 (0x0721) x14 0x00000006
core   0: 0x80007e74 (0x00008e75) c.and   a2, a3
core   0: 3 0x80007e74 (0x8e75) x12 0x00000000
core   0: 0x80007e76 (0x02659f33) mulh    t5, a1, t1
core   0: 3 0x80007e76 (0x02659f33) x30 0xfffffff1
core   0: 0x80007e7a (0xa8e02593) slti    a1, zero, -1394
core   0: 3 0x80007e7a (0xa8e02593) x11 0x00000000
core   0: 0x80007e7e (0x00d6e9b3) or      s3, a3, a3
core   0: 3 0x80007e7e (0x00d6e9b3) x19 0x00000050
core   0: 0x80007e82 (0x0038d613) srli    a2, a7, 3
core   0: 3 0x80007e82 (0x0038d613) x12 0x00000000
core   0: 0x80007e86 (0x010d1593) slli    a1, s10, 16
core   0: 3 0x80007e86 (0x010d1593) x11 0x80000000
core   0: 0x80007e8a (0x02bdd433) divu    s0, s11, a1
core   0: 3 0x80007e8a (0x02bdd433) x8  0x00000000
core   0: 0x80007e8e (0x027f7cb3) remu    s9, t5, t2
core   0: 3 0x80007e8e (0x027f7cb3) x25 0x7ffda1b9
core   0: 0x80007e92 (0x00004885) c.li    a7, 1
core   0: 3 0x80007e92 (0x4885) x17 0x00000001
core   0: 0x80007e94 (0x00008d59) c.or    a0, a4
core   0: 3 0x80007e94 (0x8d59) x10 0x00000006
core   0: 0x80007e96 (0x030575b3) remu    a1, a0, a6
core   0: 3 0x80007e96 (0x030575b3) x11 0x00000006
core   0: 0x80007e9a (0x000044c1) c.li    s1, 16
core   0: 3 0x80007e9a (0x44c1) x9  0x00000010
core   0: 0x80007e9c (0x03346e33) rem     t3, s0, s3
core   0: 3 0x80007e9c (0x03346e33) x28 0x00000000
core   0: 0x80007ea0 (0x00009fd6) c.add   t6, s5
core   0: 3 0x80007ea0 (0x9fd6) x31 0x00000001
core   0: 0x80007ea2 (0x9098a293) slti    t0, a7, -1783
core   0: 3 0x80007ea2 (0x9098a293) x5  0x00000000
core   0: 0x80007ea6 (0x6575a593) slti    a1, a1, 1623
core   0: 3 0x80007ea6 (0x6575a593) x11 0x00000001
core   0: 0x80007eaa (0x01aa9e13) slli    t3, s5, 26
core   0: 3 0x80007eaa (0x01aa9e13) x28 0x04000000
core   0: 0x80007eae (0x00000895) c.addi  a7, 5
core   0: 3 0x80007eae (0x0895) x17 0x00000006
core   0: 0x80007eb0 (0x00008d7d) c.and   a0, a5
core   0: 3 0x80007eb0 (0x8d7d) x10 0x00000000
core   0: 0x80007eb2 (0x007e0bb3) add     s7, t3, t2
core   0: 3 0x80007eb2 (0x007e0bb3) x23 0x84025e38
core   0: 0x80007eb6 (0x000092fa) c.add   t0, t5
core   0: 3 0x80007eb6 (0x92fa) x5  0xfffffff1
core   0: 0x80007eb8 (0xfe9885e3) beq     a7, s1, pc - 22
core   0: 3 0x80007eb8 (0xfe9885e3)
core   0: 0x80007ebc (0x02965633) divu    a2, a2, s1
core   0: 3 0x80007ebc (0x02965633) x12 0x00000000
core   0: 0x80007ec0 (0xfb2707e3) beq     a4, s2, pc - 82
core   0: 3 0x80007ec0 (0xfb2707e3)
core   0: 0x80007e6e (0x004b40b3) xor     ra, s6, tp
core   0: 3 0x80007e6e (0x004b40b3) x1  0xf7a77c6f
core   0: 0x80007e72 (0x00000721) c.addi  a4, 8
core   0: 3 0x80007e72 (0x0721) x14 0x0000000e
core   0: 0x80007e74 (0x00008e75) c.and   a2, a3
core   0: 3 0x80007e74 (0x8e75) x12 0x00000000
core   0: 0x80007e76 (0x02659f33) mulh    t5, a1, t1
core   0: 3 0x80007e76 (0x02659f33) x30 0xffffffff
core   0: 0x80007e7a (0xa8e02593) slti    a1, zero, -1394
core   0: 3 0x80007e7a (0xa8e02593) x11 0x00000000
core   0: 0x80007e7e (0x00d6e9b3) or      s3, a3, a3
core   0: 3 0x80007e7e (0x00d6e9b3) x19 0x00000050
core   0: 0x80007e82 (0x0038d613) srli    a2, a7, 3
core   0: 3 0x80007e82 (0x0038d613) x12 0x00000000
core   0: 0x80007e86 (0x010d1593) slli    a1, s10, 16
core   0: 3 0x80007e86 (0x010d1593) x11 0x80000000
core   0: 0x80007e8a (0x02bdd433) divu    s0, s11, a1
core   0: 3 0x80007e8a (0x02bdd433) x8  0x00000000
core   0: 0x80007e8e (0x027f7cb3) remu    s9, t5, t2
core   0: 3 0x80007e8e (0x027f7cb3) x25 0x7ffda1c7
core   0: 0x80007e92 (0x00004885) c.li    a7, 1
core   0: 3 0x80007e92 (0x4885) x17 0x00000001
core   0: 0x80007e94 (0x00008d59) c.or    a0, a4
core   0: 3 0x80007e94 (0x8d59) x10 0x0000000e
core   0: 0x80007e96 (0x030575b3) remu    a1, a0, a6
core   0: 3 0x80007e96 (0x030575b3) x11 0x0000000e
core   0: 0x80007e9a (0x000044c1) c.li    s1, 16
core   0: 3 0x80007e9a (0x44c1) x9  0x00000010
core   0: 0x80007e9c (0x03346e33) rem     t3, s0, s3
core   0: 3 0x80007e9c (0x03346e33) x28 0x00000000
core   0: 0x80007ea0 (0x00009fd6) c.add   t6, s5
core   0: 3 0x80007ea0 (0x9fd6) x31 0x00000002
core   0: 0x80007ea2 (0x9098a293) slti    t0, a7, -1783
core   0: 3 0x80007ea2 (0x9098a293) x5  0x00000000
core   0: 0x80007ea6 (0x6575a593) slti    a1, a1, 1623
core   0: 3 0x80007ea6 (0x6575a593) x11 0x00000001
core   0: 0x80007eaa (0x01aa9e13) slli    t3, s5, 26
core   0: 3 0x80007eaa (0x01aa9e13) x28 0x04000000
core   0: 0x80007eae (0x00000895) c.addi  a7, 5
core   0: 3 0x80007eae (0x0895) x17 0x00000006
core   0: 0x80007eb0 (0x00008d7d) c.and   a0, a5
core   0: 3 0x80007eb0 (0x8d7d) x10 0x00000000
core   0: 0x80007eb2 (0x007e0bb3) add     s7, t3, t2
core   0: 3 0x80007eb2 (0x007e0bb3) x23 0x84025e38
core   0: 0x80007eb6 (0x000092fa) c.add   t0, t5
core   0: 3 0x80007eb6 (0x92fa) x5  0xffffffff
core   0: 0x80007eb8 (0xfe9885e3) beq     a7, s1, pc - 22
core   0: 3 0x80007eb8 (0xfe9885e3)
core   0: 0x80007ebc (0x02965633) divu    a2, a2, s1
core   0: 3 0x80007ebc (0x02965633) x12 0x00000000
core   0: 0x80007ec0 (0xfb2707e3) beq     a4, s2, pc - 82
core   0: 3 0x80007ec0 (0xfb2707e3)
core   0: 0x80007ec4 (0x00aab033) sltu    zero, s5, a0
core   0: 3 0x80007ec4 (0x00aab033)
core   0: 0x80007ec8 (0x0000bf97) auipc   t6, 0xb
core   0: 3 0x80007ec8 (0x0000bf97) x31 0x80012ec8
core   0: 0x80007ecc (0x6f0f8f93) addi    t6, t6, 1776
core   0: 3 0x80007ecc (0x6f0f8f93) x31 0x800135b8
core   0: 0x80007ed0 (0xff7fce83) lbu     t4, -9(t6)
core   0: 3 0x80007ed0 (0xff7fce83) x29 0x000000c6 mem 0x800135af
core   0: 0x80007ed4 (0xffbfc303) lbu     t1, -5(t6)
core   0: 3 0x80007ed4 (0xffbfc303) x6  0x00000000 mem 0x800135b3
core   0: 0x80007ed8 (0x00ffce03) lbu     t3, 15(t6)
core   0: 3 0x80007ed8 (0x00ffce03) x28 0x000000bb mem 0x800135c7
core   0: 0x80007edc (0x2b88b993) sltiu   s3, a7, 696
core   0: 3 0x80007edc (0x2b88b993) x19 0x00000001
core   0: 0x80007ee0 (0xff6fd603) lhu     a2, -10(t6)
core   0: 3 0x80007ee0 (0xff6fd603) x12 0x0000c6dd mem 0x800135ae
core   0: 0x80007ee4 (0xff5fc603) lbu     a2, -11(t6)
core   0: 3 0x80007ee4 (0xff5fc603) x12 0x00000000 mem 0x800135ad
core   0: 0x80007ee8 (0x00008b2e) c.mv    s6, a1
core   0: 3 0x80007ee8 (0x8b2e) x22 0x00000001
core   0: 0x80007eea (0x02714833) div     a6, sp, t2
core   0: 3 0x80007eea (0x02714833) x16 0x00000000
core   0: 0x80007eee (0xffff8303) lb      t1, -1(t6)
core   0: 3 0x80007eee (0xffff8303) x6  0x00000006 mem 0x800135b7
core   0: 0x80007ef2 (0x6b573193) sltiu   gp, a4, 1717
core   0: 3 0x80007ef2 (0x6b573193) x3  0x00000001
core   0: 0x80007ef6 (0xc58e7813) andi    a6, t3, -936
core   0: 3 0x80007ef6 (0xc58e7813) x16 0x00000018
core   0: 0x80007efa (0xff8fac83) lw      s9, -8(t6)
core   0: 3 0x80007efa (0xff8fac83) x25 0x00000000 mem 0x800135b0
core   0: 0x80007efe (0xfe0f9a23) sh      zero, -12(t6)
core   0: 3 0x80007efe (0xfe0f9a23) mem 0x800135ac 0x0000
core   0: 0x80007f02 (0xffdf8da3) sb      t4, -5(t6)
core   0: 3 0x80007f02 (0xffdf8da3) mem 0x800135b3 0xc6
core   0: 0x80007f06 (0x009f8b03) lb      s6, 9(t6)
core   0: 3 0x80007f06 (0x009f8b03) x22 0xffffff84 mem 0x800135c1
core   0: 0x80007f0a (0x00cfdc83) lhu     s9, 12(t6)
core   0: 3 0x80007f0a (0x00cfdc83) x25 0x00003c90 mem 0x800135c4
core   0: 0x80007f0e (0xff2f8fa3) sb      s2, -1(t6)
core   0: 3 0x80007f0e (0xff2f8fa3) mem 0x800135b7 0x06
core   0: 0x80007f12 (0x001fcc03) lbu     s8, 1(t6)
core   0: 3 0x80007f12 (0x001fcc03) x24 0x0000002e mem 0x800135b9
core   0: 0x80007f16 (0x00df8023) sb      a3, 0(t6)
core   0: 3 0x80007f16 (0x00df8023) mem 0x800135b8 0x50
core   0: 0x80007f1a (0x001ad413) srli    s0, s5, 1
core   0: 3 0x80007f1a (0x001ad413) x8  0x00000000
core   0: 0x80007f1e (0x006fd183) lhu     gp, 6(t6)
core   0: 3 0x80007f1e (0x006fd183) x3  0x0000e941 mem 0x800135be
core   0: 0x80007f22 (0x004ea533) slt     a0, t4, tp
core   0: 3 0x80007f22 (0x004ea533) x10 0x00000000
core   0: 0x80007f26 (0x8abae313) ori     t1, s5, -1877
core   0: 3 0x80007f26 (0x8abae313) x6  0xfffff8ab
core   0: 0x80007f2a (0xfebf8823) sb      a1, -16(t6)
core   0: 3 0x80007f2a (0xfebf8823) mem 0x800135a8 0x01
core   0: 0x80007f2e (0x01cf81a3) sb      t3, 3(t6)
core   0: 3 0x80007f2e (0x01cf81a3) mem 0x800135bb 0xbb
core   0: 0x80007f32 (0xff7f8903) lb      s2, -9(t6)
core   0: 3 0x80007f32 (0xff7f8903) x18 0xffffffc6 mem 0x800135af
core   0: 0x80007f36 (0x0000091e) c.slli  s2, 7
core   0: 3 0x80007f36 (0x091e) x18 0xffffe300
core   0: 0x80007f38 (0x019f81a3) sb      s9, 3(t6)
core   0: 3 0x80007f38 (0x019f81a3) mem 0x800135bb 0x90
core   0: 0x80007f3c (0x005fc803) lbu     a6, 5(t6)
core   0: 3 0x80007f3c (0x005fc803) x16 0x000000d8 mem 0x800135bd
core   0: 0x80007f40 (0xfeafac23) sw      a0, -8(t6)
core   0: 3 0x80007f40 (0xfeafac23) mem 0x800135b0 0x00000000
core   0: 0x80007f44 (0x000010fd) c.addi  ra, -1
core   0: 3 0x80007f44 (0x10fd) x1  0xf7a77c6e
core   0: 0x80007f46 (0xff0fae03) lw      t3, -16(t6)
core   0: 3 0x80007f46 (0xff0fae03) x28 0xafc70101 mem 0x800135a8
core   0: 0x80007f4a (0x00dfca83) lbu     s5, 13(t6)
core   0: 3 0x80007f4a (0x00dfca83) x21 0x0000003c mem 0x800135c5
core   0: 0x80007f4e (0x004f5893) srli    a7, t5, 4
core   0: 3 0x80007f4e (0x004f5893) x17 0x0fffffff
core   0: 0x80007f52 (0x00bf8583) lb      a1, 11(t6)
core   0: 3 0x80007f52 (0x00bf8583) x11 0xffffff93 mem 0x800135c3
core   0: 0x80007f56 (0x00008ec1) c.or    a3, s0
core   0: 3 0x80007f56 (0x8ec1) x13 0x00000050
core   0: 0x80007f58 (0xff4f88a3) sb      s4, -15(t6)
core   0: 3 0x80007f58 (0xff4f88a3) mem 0x800135a9 0x00
core   0: 0x80007f5c (0x0000470d) c.li    a4, 3
core   0: 3 0x80007f5c (0x470d) x14 0x00000003
core   0: 0x80007f5e (0x00000001) c.nop
core   0: 3 0x80007f5e (0x0001)
core   0: 0x80007f60 (0x00000001) c.nop
core   0: 3 0x80007f60 (0x0001)
core   0: 0x80007f62 (0x00008e51) c.or    a2, a2
core   0: 3 0x80007f62 (0x8e51) x12 0x00000000
core   0: 0x80007f64 (0x02987f33) remu    t5, a6, s1
core   0: 3 0x80007f64 (0x02987f33) x30 0x00000008
core   0: 0x80007f68 (0x02924f33) div     t5, tp, s1
core   0: 3 0x80007f68 (0x02924f33) x30 0xff7a7000
core   0: 0x80007f6c (0x00001775) c.addi  a4, -3
core   0: 3 0x80007f6c (0x1775) x14 0x00000000
core   0: 0x80007f6e (0x01ed1bb3) sll     s7, s10, t5
core   0: 3 0x80007f6e (0x01ed1bb3) x23 0xb6458000
core   0: 0x80007f72 (0x010389b3) add     s3, t2, a6
core   0: 3 0x80007f72 (0x010389b3) x19 0x80025f10
core   0: 0x80007f76 (0x0000d77d) c.beqz  a4, pc - 18
core   0: 3 0x80007f76 (0xd77d)
core   0: 0x80007f64 (0x02987f33) remu    t5, a6, s1
core   0: 3 0x80007f64 (0x02987f33) x30 0x00000008
core   0: 0x80007f68 (0x02924f33) div     t5, tp, s1
core   0: 3 0x80007f68 (0x02924f33) x30 0xff7a7000
core   0: 0x80007f6c (0x00001775) c.addi  a4, -3
core   0: 3 0x80007f6c (0x1775) x14 0xfffffffd
core   0: 0x80007f6e (0x01ed1bb3) sll     s7, s10, t5
core   0: 3 0x80007f6e (0x01ed1bb3) x23 0xb6458000
core   0: 0x80007f72 (0x010389b3) add     s3, t2, a6
core   0: 3 0x80007f72 (0x010389b3) x19 0x80025f10
core   0: 0x80007f76 (0x0000d77d) c.beqz  a4, pc - 18
core   0: 3 0x80007f76 (0xd77d)
core   0: 0x80007f78 (0x00000001) c.nop
core   0: 3 0x80007f78 (0x0001)
core   0: 0x80007f7a (0x00018517) auipc   a0, 0x18
core   0: 3 0x80007f7a (0x00018517) x10 0x8001ff7a
core   0: 0x80007f7e (0xa1450513) addi    a0, a0, -1516
core   0: 3 0x80007f7e (0xa1450513) x10 0x8001f98e
core   0: 0x80007f82 (0x01352923) sw      s3, 18(a0)
core   0: 3 0x80007f82 (0x01352923) mem 0x8001f9a0 0x80025f10
core   0: 0x80007f86 (0x01255083) lhu     ra, 18(a0)
core   0: 3 0x80007f86 (0x01255083) x1  0x00005f10 mem 0x8001f9a0
core   0: 0x80007f8a (0x00008f3d) c.xor   a4, a5
core   0: 3 0x80007f8a (0x8f3d) x14 0x7ffffffd
core   0: 0x80007f8c (0x01252d03) lw      s10, 18(a0)
core   0: 3 0x80007f8c (0x01252d03) x26 0x80025f10 mem 0x8001f9a0
core   0: 0x80007f90 (0x00950923) sb      s1, 18(a0)
core   0: 3 0x80007f90 (0x00950923) mem 0x8001f9a0 0x10
core   0: 0x80007f94 (0x00451923) sh      tp, 18(a0)
core   0: 3 0x80007f94 (0x00451923) mem 0x8001f9a0 0x0000
core   0: 0x80007f98 (0x01250403) lb      s0, 18(a0)
core   0: 3 0x80007f98 (0x01250403) x8  0x00000000 mem 0x8001f9a0
core   0: 0x80007f9c (0x00b51923) sh      a1, 18(a0)
core   0: 3 0x80007f9c (0x00b51923) mem 0x8001f9a0 0xff93
core   0: 0x80007fa0 (0x00952923) sw      s1, 18(a0)
core   0: 3 0x80007fa0 (0x00952923) mem 0x8001f9a0 0x00000010
core   0: 0x80007fa4 (0x01254903) lbu     s2, 18(a0)
core   0: 3 0x80007fa4 (0x01254903) x18 0x00000010 mem 0x8001f9a0
core   0: 0x80007fa8 (0xfe850683) lb      a3, -24(a0)
core   0: 3 0x80007fa8 (0xfe850683) x13 0x00000001 mem 0x8001f976
core   0: 0x80007fac (0xff951423) sh      s9, -24(a0)
core   0: 3 0x80007fac (0xff951423) mem 0x8001f976 0x3c90
core   0: 0x80007fb0 (0xfe854183) lbu     gp, -24(a0)
core   0: 3 0x80007fb0 (0xfe854183) x3  0x00000090 mem 0x8001f976
core   0: 0x80007fb4 (0xff851423) sh      s8, -24(a0)
core   0: 3 0x80007fb4 (0xff851423) mem 0x8001f976 0x002e
core   0: 0x80007fb8 (0x01a30033) add     zero, t1, s10
core   0: 3 0x80007fb8 (0x01a30033)
core   0: 0x80007fbc (0xffb50423) sb      s11, -24(a0)
core   0: 3 0x80007fbc (0xffb50423) mem 0x8001f976 0x00
core   0: 0x80007fc0 (0xfe851c03) lh      s8, -24(a0)
core   0: 3 0x80007fc0 (0xfe851c03) x24 0x00000000 mem 0x8001f976
core   0: 0x80007fc4 (0x00008217) auipc   tp, 0x8
core   0: 3 0x80007fc4 (0x00008217) x4  0x8000ffc4
core   0: 0x80007fc8 (0x4a420213) addi    tp, tp, 1188
core   0: 3 0x80007fc8 (0x4a420213) x4  0x80010468
core   0: 0x80007fcc (0xf8e24e03) lbu     t3, -114(tp)
core   0: 3 0x80007fcc (0xf8e24e03) x28 0x00000010 mem 0x800103f6
core   0: 0x80007fd0 (0x0339a2b3) mulhsu  t0, s3, s3
core   0: 3 0x80007fd0 (0x0339a2b3) x5  0xc0000005
core   0: 0x80007fd4 (0x00000e1a) c.slli  t3, 6
core   0: 3 0x80007fd4 (0x0e1a) x28 0x00000400
core   0: 0x80007fd6 (0x0bc20423) sb      t3, 168(tp)
core   0: 3 0x80007fd6 (0x0bc20423) mem 0x80010510 0x00
core   0: 0x80007fda (0x6a825983) lhu     s3, 1704(tp)
core   0: 3 0x80007fda (0x6a825983) x19 0x000098d4 mem 0x80010b10
core   0: 0x80007fde (0x51820403) lb      s0, 1304(tp)
core   0: 3 0x80007fde (0x51820403) x8  0x00000061 mem 0x80010980
core   0: 0x80007fe2 (0x10124e03) lbu     t3, 257(tp)
core   0: 3 0x80007fe2 (0x10124e03) x28 0x00000027 mem 0x80010569
core   0: 0x80007fe6 (0xaffe0e13) addi    t3, t3, -1281
core   0: 3 0x80007fe6 (0xaffe0e13) x28 0xfffffb26
core   0: 0x80007fea (0x13c20ca3) sb      t3, 313(tp)
core   0: 3 0x80007fea (0x13c20ca3) mem 0x800105a1 0x26
core   0: 0x80007fee (0x028989b3) mul     s3, s3, s0
core   0: 3 0x80007fee (0x028989b3) x19 0x0039e854
core   0: 0x80007ff2 (0x42820ca3) sb      s0, 1081(tp)
core   0: 3 0x80007ff2 (0x42820ca3) mem 0x800108a1 0x61
core   0: 0x80007ff6 (0x000099a2) c.add   s3, s0
core   0: 3 0x80007ff6 (0x99a2) x19 0x0039e8b5
core   0: 0x80007ff8 (0x5b621403) lh      s0, 1462(tp)
core   0: 3 0x80007ff8 (0x5b621403) x8  0x00003077 mem 0x80010a1e
core   0: 0x80007ffc (0x47c21823) sh      t3, 1136(tp)
core   0: 3 0x80007ffc (0x47c21823) mem 0x800108d8 0xfb26
core   0: 0x80008000 (0x00e99613) slli    a2, s3, 14
core   0: 3 0x80008000 (0x00e99613) x12 0x7a2d4000
core   0: 0x80008004 (0x14720983) lb      s3, 327(tp)
core   0: 3 0x80008004 (0x14720983) x19 0x00000066 mem 0x800105af
core   0: 0x80008008 (0x0a324983) lbu     s3, 163(tp)
core   0: 3 0x80008008 (0x0a324983) x19 0x00000000 mem 0x8001050b
core   0: 0x8000800c (0x7de20403) lb      s0, 2014(tp)
core   0: 3 0x8000800c (0x7de20403) x8  0xffffffe4 mem 0x80010c46
core   0: 0x80008010 (0x4c225e03) lhu     t3, 1218(tp)
core   0: 3 0x80008010 (0x4c225e03) x28 0x0000ffff mem 0x8001092a
core   0: 0x80008014 (0x00008a59) c.andi  a2, 22
core   0: 3 0x80008014 (0x8a59) x12 0x00000000
core   0: 0x80008016 (0x0000547d) c.li    s0, -1
core   0: 3 0x80008016 (0x547d) x8  0xffffffff
core   0: 0x80008018 (0x44c21a23) sh      a2, 1108(tp)
core   0: 3 0x80008018 (0x44c21a23) mem 0x800108bc 0x0000
core   0: 0x8000801c (0x0f924983) lbu     s3, 249(tp)
core   0: 3 0x8000801c (0x0f924983) x19 0x00000046 mem 0x80010561
core   0: 0x80008020 (0x71b24983) lbu     s3, 1819(tp)
core   0: 3 0x80008020 (0x71b24983) x19 0x00000070 mem 0x80010b83
core   0: 0x80008024 (0x00008639) c.srai  a2, 14
core   0: 3 0x80008024 (0x8639) x12 0x00000000
core   0: 0x80008026 (0x2ed5e613) ori     a2, a1, 749
core   0: 3 0x80008026 (0x2ed5e613) x12 0xffffffff
core   0: 0x8000802a (0x0c124e03) lbu     t3, 193(tp)
core   0: 3 0x8000802a (0x0c124e03) x28 0x00000022 mem 0x80010529
core   0: 0x8000802e (0x5b3200a3) sb      s3, 1441(tp)
core   0: 3 0x8000802e (0x5b3200a3) mem 0x80010a09 0x70
core   0: 0x80008032 (0x1be21583) lh      a1, 446(tp)
core   0: 3 0x80008032 (0x1be21583) x11 0x000068f2 mem 0x80010626
core   0: 0x80008036 (0x29c20623) sb      t3, 652(tp)
core   0: 3 0x80008036 (0x29c20623) mem 0x800106f4 0x22
core   0: 0x8000803a (0x4f425283) lhu     t0, 1268(tp)
core   0: 3 0x8000803a (0x4f425283) x5  0x0000e8e1 mem 0x8001095c
core   0: 0x8000803e (0x508207a3) sb      s0, 1295(tp)
core   0: 3 0x8000803e (0x508207a3) mem 0x80010977 0xff
core   0: 0x80008042 (0x76820b23) sb      s0, 1910(tp)
core   0: 3 0x80008042 (0x76820b23) mem 0x80010bde 0xff
core   0: 0x80008046 (0x0000029a) c.slli  t0, 6
core   0: 3 0x80008046 (0x029a) x5  0x003a3840
core   0: 0x80008048 (0x37924e03) lbu     t3, 889(tp)
core   0: 3 0x80008048 (0x37924e03) x28 0x00000023 mem 0x800107e1
core   0: 0x8000804c (0x1f3d19b7) lui     s3, 0x1f3d1
core   0: 3 0x8000804c (0x1f3d19b7) x19 0x1f3d1000
core   0: 0x80008050 (0xb89a7297) auipc   t0, 0xb89a7
core   0: 3 0x80008050 (0xb89a7297) x5  0x389af050
core   0: 0x80008054 (0xc8724583) lbu     a1, -889(tp)
core   0: 3 0x80008054 (0xc8724583) x11 0x000000fe mem 0x800100ef
core   0: 0x80008058 (0x26b209a3) sb      a1, 627(tp)
core   0: 3 0x80008058 (0x26b209a3) mem 0x800106db 0xfe
core   0: 0x8000805c (0x00008e2d) c.xor   a2, a1
core   0: 3 0x8000805c (0x8e2d) x12 0xffffff01
core   0: 0x8000805e (0x43422403) lw      s0, 1076(tp)
core   0: 3 0x8000805e (0x43422403) x8  0xfffff800 mem 0x8001089c
core   0: 0x80008062 (0x00013a97) auipc   s5, 0x13
core   0: 3 0x80008062 (0x00013a97) x21 0x8001b062
core   0: 0x80008066 (0xe84a8a93) addi    s5, s5, -380
core   0: 3 0x80008066 (0xe84a8a93) x21 0x8001aee6
core   0: 0x8000806a (0xf22acb03) lbu     s6, -222(s5)
core   0: 3 0x8000806a (0xf22acb03) x22 0x0000003c mem 0x8001ae08
core   0: 0x8000806e (0x045a8183) lb      gp, 69(s5)
core   0: 3 0x8000806e (0x045a8183) x3  0x00000026 mem 0x8001af2b
core   0: 0x80008072 (0x034ac503) lbu     a0, 52(s5)
core   0: 3 0x80008072 (0x034ac503) x10 0x00000036 mem 0x8001af1a
core   0: 0x80008076 (0x0c3a8b83) lb      s7, 195(s5)
core   0: 3 0x80008076 (0x0c3a8b83) x23 0xffffffef mem 0x8001afa9
core   0: 0x8000807a (0x016a80a3) sb      s6, 1(s5)
core   0: 3 0x8000807a (0x016a80a3) mem 0x8001aee7 0x3c
core   0: 0x8000807e (0x41358f33) sub     t5, a1, s3
core   0: 3 0x8000807e (0x41358f33) x30 0xe0c2f0fe
core   0: 0x80008082 (0x0dca8b23) sb      t3, 214(s5)
core   0: 3 0x80008082 (0x0dca8b23) mem 0x8001afbc 0x23
core   0: 0x80008086 (0xcc404593) xori    a1, zero, -828
core   0: 3 0x80008086 (0xcc404593) x11 0xfffffcc4
core   0: 0x8000808a (0xf67a8403) lb      s0, -153(s5)
core   0: 3 0x8000808a (0xf67a8403) x8  0xffffffe3 mem 0x8001ae4d
core   0: 0x8000808e (0x00cacb83) lbu     s7, 12(s5)
core   0: 3 0x8000808e (0x00cacb83) x23 0x00000089 mem 0x8001aef2
core   0: 0x80008092 (0x0b3a8e23) sb      s3, 188(s5)
core   0: 3 0x80008092 (0x0b3a8e23) mem 0x8001afa2 0x00
core   0: 0x80008096 (0xf88a8883) lb      a7, -120(s5)
core   0: 3 0x80008096 (0xf88a8883) x17 0x00000011 mem 0x8001ae6e
core   0: 0x8000809a (0x016a8e23) sb      s6, 28(s5)
core   0: 3 0x8000809a (0x016a8e23) mem 0x8001af02 0x3c
core   0: 0x8000809e (0xfbface83) lbu     t4, -65(s5)
core   0: 3 0x8000809e (0xfbface83) x29 0x0000000d mem 0x8001aea5
core   0: 0x800080a2 (0x01639233) sll     tp, t2, s6
core   0: 3 0x800080a2 (0x01639233) x4  0x80000000
core   0: 0x800080a6 (0x0a3a87a3) sb      gp, 175(s5)
core   0: 3 0x800080a6 (0x0a3a87a3) mem 0x8001af95 0x26
core   0: 0x800080aa (0x01419933) sll     s2, gp, s4
core   0: 3 0x800080aa (0x01419933) x18 0x00000026
core   0: 0x800080ae (0x0000557d) c.li    a0, -1
core   0: 3 0x800080ae (0x557d) x10 0xffffffff
core   0: 0x800080b0 (0x40e9de13) srai    t3, s3, 14
core   0: 3 0x800080b0 (0x40e9de13) x28 0x00007cf4
core   0: 0x800080b4 (0x074a8b83) lb      s7, 116(s5)
core   0: 3 0x800080b4 (0x074a8b83) x23 0xffffff88 mem 0x8001af5a
core   0: 0x800080b8 (0x00008305) c.srli  a4, 1
core   0: 3 0x800080b8 (0x8305) x14 0x3ffffffe
core   0: 0x800080ba (0x019b69b3) or      s3, s6, s9
core   0: 3 0x800080ba (0x019b69b3) x19 0x00003cbc
core   0: 0x800080be (0x0a5acc03) lbu     s8, 165(s5)
core   0: 3 0x800080be (0x0a5acc03) x24 0x0000008a mem 0x8001af8b
core   0: 0x800080c2 (0x0151b833) sltu    a6, gp, s5
core   0: 3 0x800080c2 (0x0151b833) x16 0x00000001
core   0: 0x800080c6 (0x01397bb3) and     s7, s2, s3
core   0: 3 0x800080c6 (0x01397bb3) x23 0x00000024
core   0: 0x800080ca (0x0250a233) mulhsu  tp, ra, t0
core   0: 3 0x800080ca (0x0250a233) x4  0x00001505
core   0: 0x800080ce (0x0a6a8623) sb      t1, 172(s5)
core   0: 3 0x800080ce (0x0a6a8623) mem 0x8001af92 0xab
core   0: 0x800080d2 (0x086aaf83) lw      t6, 134(s5)
core   0: 3 0x800080d2 (0x086aaf83) x31 0xc9ad8e1f mem 0x8001af6c
core   0: 0x800080d6 (0xf85acb03) lbu     s6, -123(s5)
core   0: 3 0x800080d6 (0xf85acb03) x22 0x0000009c mem 0x8001ae6b
core   0: 0x800080da (0xfe8ac983) lbu     s3, -24(s5)
core   0: 3 0x800080da (0xfe8ac983) x19 0x00000011 mem 0x8001aece
core   0: 0x800080de (0x0faaa083) lw      ra, 250(s5)
core   0: 3 0x800080de (0x0faaa083) x1  0x7b3f2f91 mem 0x8001afe0
core   0: 0x800080e2 (0xf3ea9823) sh      t5, -208(s5)
core   0: 3 0x800080e2 (0xf3ea9823) mem 0x8001ae16 0xf0fe
core   0: 0x800080e6 (0x0f1a8b23) sb      a7, 246(s5)
core   0: 3 0x800080e6 (0x0f1a8b23) mem 0x8001afdc 0x11
core   0: 0x800080ea (0x068a9f03) lh      t5, 104(s5)
core   0: 3 0x800080ea (0x068a9f03) x30 0x00003bfa mem 0x8001af4e
core   0: 0x800080ee (0x40fc5233) sra     tp, s8, a5
core   0: 3 0x800080ee (0x40fc5233) x4  0x0000008a
core   0: 0x800080f2 (0xfa0ac183) lbu     gp, -96(s5)
core   0: 3 0x800080f2 (0xfa0ac183) x3  0x000000d2 mem 0x8001ae86
core   0: 0x800080f6 (0xf48ade03) lhu     t3, -184(s5)
core   0: 3 0x800080f6 (0xf48ade03) x28 0x00001599 mem 0x8001ae2e
core   0: 0x800080fa (0x00008417) auipc   s0, 0x8
core   0: 3 0x800080fa (0x00008417) x8  0x800100fa
core   0: 0x800080fe (0x50440413) addi    s0, s0, 1284
core   0: 3 0x800080fe (0x50440413) x8  0x800105fe
core   0: 0x80008102 (0xfe644b03) lbu     s6, -26(s0)
core   0: 3 0x80008102 (0xfe644b03) x22 0x00000001 mem 0x800105e4
core   0: 0x80008106 (0x000088c1) c.andi  s1, 16
core   0: 3 0x80008106 (0x88c1) x9  0x00000010
core   0: 0x80008108 (0x692d0313) addi    t1, s10, 1682
core   0: 3 0x80008108 (0x692d0313) x6  0x800265a2
core   0: 0x8000810c (0x00004f05) c.li    t5, 1
core   0: 3 0x8000810c (0x4f05) x30 0x00000001
core   0: 0x8000810e (0xfe641003) lh      zero, -26(s0)
core   0: 3 0x8000810e (0xfe641003) mem 0x800105e4
core   0: 0x80008112 (0xffe42323) sw      t5, -26(s0)
core   0: 3 0x80008112 (0xffe42323) mem 0x800105e4 0x00000001
core   0: 0x80008116 (0xfc8404a3) sb      s0, -55(s0)
core   0: 3 0x80008116 (0xfc8404a3) mem 0x800105c7 0xfe
core   0: 0x8000811a (0x03340303) lb      t1, 51(s0)
core   0: 3 0x8000811a (0x03340303) x6  0xffffff8f mem 0x80010631
core   0: 0x8000811e (0x00b248b3) xor     a7, tp, a1
core   0: 3 0x8000811e (0x00b248b3) x17 0xfffffc4e
core   0: 0x80008122 (0x00d59b13) slli    s6, a1, 13
core   0: 3 0x80008122 (0x00d59b13) x22 0xff988000
core   0: 0x80008126 (0xfe841f83) lh      t6, -24(s0)
core   0: 3 0x80008126 (0xfe841f83) x31 0x00000000 mem 0x800105e6
core   0: 0x8000812a (0x40498db3) sub     s11, s3, tp
core   0: 3 0x8000812a (0x40498db3) x27 0xffffff87
core   0: 0x8000812e (0xfe841703) lh      a4, -24(s0)
core   0: 3 0x8000812e (0xfe841703) x14 0x00000000 mem 0x800105e6
core   0: 0x80008132 (0xfe844f83) lbu     t6, -24(s0)
core   0: 3 0x80008132 (0xfe844f83) x31 0x00000000 mem 0x800105e6
core   0: 0x80008136 (0xfe840583) lb      a1, -24(s0)
core   0: 3 0x80008136 (0xfe840583) x11 0x00000000 mem 0x800105e6
core   0: 0x8000813a (0xfe844183) lbu     gp, -24(s0)
core   0: 3 0x8000813a (0xfe844183) x3  0x00000000 mem 0x800105e6
core   0: 0x8000813e (0x0000059a) c.slli  a1, 6
core   0: 3 0x8000813e (0x059a) x11 0x00000000
core   0: 0x80008140 (0xfe845283) lhu     t0, -24(s0)
core   0: 3 0x80008140 (0xfe845283) x5  0x00000000 mem 0x800105e6
core   0: 0x80008144 (0xfe844603) lbu     a2, -24(s0)
core   0: 3 0x80008144 (0xfe844603) x12 0x00000000 mem 0x800105e6
core   0: 0x80008148 (0xfe840b03) lb      s6, -24(s0)
core   0: 3 0x80008148 (0xfe840b03) x22 0x00000000 mem 0x800105e6
core   0: 0x8000814c (0xffb41423) sh      s11, -24(s0)
core   0: 3 0x8000814c (0xffb41423) mem 0x800105e6 0xff87
core   0: 0x80008150 (0xfe841283) lh      t0, -24(s0)
core   0: 3 0x80008150 (0xfe841283) x5  0xffffff87 mem 0x800105e6
core   0: 0x80008154 (0xfe940423) sb      s1, -24(s0)
core   0: 3 0x80008154 (0xfe940423) mem 0x800105e6 0x10
core   0: 0x80008158 (0x00009197) auipc   gp, 0x9
core   0: 3 0x80008158 (0x00009197) x3  0x80011158
core   0: 0x8000815c (0x81e18193) addi    gp, gp, -2018
core   0: 3 0x8000815c (0x81e18193) x3  0x80010976
core   0: 0x80008160 (0xfd419003) lh      zero, -44(gp)
core   0: 3 0x80008160 (0xfd419003) mem 0x8001094a
core   0: 0x80008164 (0x00008409) c.srai  s0, 2
core   0: 3 0x80008164 (0x8409) x8  0xe000417f
core   0: 0x80008166 (0x00006365) c.lui   t1, 0x19
core   0: 3 0x80008166 (0x6365) x6  0x00019000
core   0: 0x80008168 (0xfd418f83) lb      t6, -44(gp)
core   0: 3 0x80008168 (0xfd418f83) x31 0x00000011 mem 0x8001094a
core   0: 0x8000816c (0xfec18003) lb      zero, -20(gp)
core   0: 3 0x8000816c (0xfec18003) mem 0x80010962
core   0: 0x80008170 (0xfcd1c403) lbu     s0, -51(gp)
core   0: 3 0x80008170 (0xfcd1c403) x8  0x00000023 mem 0x80010943
core   0: 0x80008174 (0x00008965) c.andi  a0, 25
core   0: 3 0x80008174 (0x8965) x10 0x00000019
core   0: 0x80008176 (0x02819023) sh      s0, 32(gp)
core   0: 3 0x80008176 (0x02819023) mem 0x80010996 0x0023
core   0: 0x8000817a (0xfe41d503) lhu     a0, -28(gp)
core   0: 3 0x8000817a (0xfe41d503) x10 0x0000cb35 mem 0x8001095a
core   0: 0x8000817e (0x00008941) c.andi  a0, 16
core   0: 3 0x8000817e (0x8941) x10 0x00000010
core   0: 0x80008180 (0x00f1c303) lbu     t1, 15(gp)
core   0: 3 0x80008180 (0x00f1c303) x6  0x00000066 mem 0x80010985
core   0: 0x80008184 (0x00004429) c.li    s0, 10
core   0: 3 0x80008184 (0x4429) x8  0x0000000a
core   0: 0x80008186 (0xfd318423) sb      s3, -56(gp)
core   0: 3 0x80008186 (0xfd318423) mem 0x8001093e 0x11
core   0: 0x8000818a (0x0269c533) div     a0, s3, t1
core   0: 3 0x8000818a (0x0269c533) x10 0x00000000
core   0: 0x8000818e (0x0051c503) lbu     a0, 5(gp)
core   0: 3 0x8000818e (0x0051c503) x10 0x0000001e mem 0x8001097b
core   0: 0x80008192 (0x02036433) rem     s0, t1, zero
core   0: 3 0x80008192 (0x02036433) x8  0x00000066
core   0: 0x80008196 (0x03a19303) lh      t1, 58(gp)
core   0: 3 0x80008196 (0x03a19303) x6  0x00000e60 mem 0x800109b0
core   0: 0x8000819a (0x01f18fa3) sb      t6, 31(gp)
core   0: 3 0x8000819a (0x01f18fa3) mem 0x80010995 0x11
core   0: 0x8000819e (0xfdf1c303) lbu     t1, -33(gp)
core   0: 3 0x8000819e (0xfdf1c303) x6  0x000000f9 mem 0x80010955
core   0: 0x800081a2 (0x00008d61) c.and   a0, s0
core   0: 3 0x800081a2 (0x8d61) x10 0x00000006
core   0: 0x800081a4 (0xfdc1c983) lbu     s3, -36(gp)
core   0: 3 0x800081a4 (0xfdc1c983) x19 0x00000000 mem 0x80010952
core   0: 0x800081a8 (0x02819223) sh      s0, 36(gp)
core   0: 3 0x800081a8 (0x02819223) mem 0x8001099a 0x0066
core   0: 0x800081ac (0x03301333) mulh    t1, zero, s3
core   0: 3 0x800081ac (0x03301333) x6  0x00000000
core   0: 0x800081b0 (0xfe41c003) lbu     zero, -28(gp)
core   0: 3 0x800081b0 (0xfe41c003) mem 0x8001095a
core   0: 0x800081b4 (0xfd918503) lb      a0, -39(gp)
core   0: 3 0x800081b4 (0xfd918503) x10 0xffffffe8 mem 0x8001094f
core   0: 0x800081b8 (0x00a18aa3) sb      a0, 21(gp)
core   0: 3 0x800081b8 (0x00a18aa3) mem 0x8001098b 0xe8
core   0: 0x800081bc (0x71d32013) slti    zero, t1, 1821
core   0: 3 0x800081bc (0x71d32013)
core   0: 0x800081c0 (0x00000001) c.nop
core   0: 3 0x800081c0 (0x0001)
core   0: 0x800081c2 (0x00099333) sll     t1, s3, zero
core   0: 3 0x800081c2 (0x00099333) x6  0x00000000
core   0: 0x800081c6 (0x0271c003) lbu     zero, 39(gp)
core   0: 3 0x800081c6 (0x0271c003) mem 0x8001099d
core   0: 0x800081ca (0x020ff333) remu    t1, t6, zero
core   0: 3 0x800081ca (0x020ff333) x6  0x00000011
core   0: 0x800081ce (0x0000557d) c.li    a0, -1
core   0: 3 0x800081ce (0x557d) x10 0xffffffff
core   0: 0x800081d0 (0xfc318003) lb      zero, -61(gp)
core   0: 3 0x800081d0 (0xfc318003) mem 0x80010939
core   0: 0x800081d4 (0x48140313) addi    t1, s0, 1153
core   0: 3 0x800081d4 (0x48140313) x6  0x000004e7
core   0: 0x800081d8 (0x01f18ea3) sb      t6, 29(gp)
core   0: 3 0x800081d8 (0x01f18ea3) mem 0x80010993 0x11
core   0: 0x800081dc (0x01318b23) sb      s3, 22(gp)
core   0: 3 0x800081dc (0x01318b23) mem 0x8001098c 0x00
core   0: 0x800081e0 (0xfc018aa3) sb      zero, -43(gp)
core   0: 3 0x800081e0 (0xfc018aa3) mem 0x8001094b 0x00
core   0: 0x800081e4 (0x01b9d993) srli    s3, s3, 27
core   0: 3 0x800081e4 (0x01b9d993) x19 0x00000000
core   0: 0x800081e8 (0x01d1c403) lbu     s0, 29(gp)
core   0: 3 0x800081e8 (0x01d1c403) x8  0x00000011 mem 0x80010993
core   0: 0x800081ec (0xfc618ba3) sb      t1, -41(gp)
core   0: 3 0x800081ec (0xfc618ba3) mem 0x8001094d 0xe7
core   0: 0x800081f0 (0x0220036f) jal     t1, pc + 0x22
core   0: 3 0x800081f0 (0x0220036f) x6  0x800081f4
core   0: 0x80008212 (0x00003fcd) c.jal   pc - 14
core   0: 3 0x80008212 (0x3fcd) x1  0x80008214
core   0: 0x80008204 (0x0000a021) c.j     pc + 8
core   0: 3 0x80008204 (0xa021)
core   0: 0x8000820c (0x0000b7f5) c.j     pc - 20
core   0: 3 0x8000820c (0xb7f5)
core   0: 0x800081f8 (0x016000ef) jal     pc + 0x16
core   0: 3 0x800081f8 (0x016000ef) x1  0x800081fc
core   0: 0x8000820e (0xff5ff36f) jal     t1, pc - 0xc
core   0: 3 0x8000820e (0xff5ff36f) x6  0x80008212
core   0: 0x80008202 (0x00002819) c.jal   pc + 22
core   0: 3 0x80008202 (0x2819) x1  0x80008204
core   0: 0x80008218 (0x00003fcd) c.jal   pc - 14
core   0: 3 0x80008218 (0x3fcd) x1  0x8000821a
core   0: 0x8000820a (0x0000bfdd) c.j     pc - 10
core   0: 3 0x8000820a (0xbfdd)
core   0: 0x80008200 (0x00003fd5) c.jal   pc - 12
core   0: 3 0x80008200 (0x3fd5) x1  0x80008202
core   0: 0x800081f4 (0x008000ef) jal     pc + 0x8
core   0: 3 0x800081f4 (0x008000ef) x1  0x800081f8
core   0: 0x800081fc (0x01a0036f) jal     t1, pc + 0x1a
core   0: 3 0x800081fc (0x01a0036f) x6  0x80008200
core   0: 0x80008216 (0x0000a011) c.j     pc + 4
core   0: 3 0x80008216 (0xa011)
core   0: 0x8000821a (0xfedff0ef) jal     pc - 0x14
core   0: 3 0x8000821a (0xfedff0ef) x1  0x8000821e
core   0: 0x80008206 (0x00e0036f) jal     t1, pc + 0xe
core   0: 3 0x80008206 (0x00e0036f) x6  0x8000820a
core   0: 0x80008214 (0x00002029) c.jal   pc + 10
core   0: 3 0x80008214 (0x2029) x1  0x80008216
core   0: 0x8000821e (0x00f046b3) xor     a3, zero, a5
core   0: 3 0x8000821e (0x00f046b3) x13 0x80000000
core   0: 0x80008222 (0x00008997) auipc   s3, 0x8
core   0: 3 0x80008222 (0x00008997) x19 0x80010222
core   0: 0x80008226 (0x34b98993) addi    s3, s3, 843
core   0: 3 0x80008226 (0x34b98993) x19 0x8001056d
core   0: 0x8000822a (0x00006291) c.lui   t0, 0x4
core   0: 3 0x8000822a (0x6291) x5  0x00004000
core   0: 0x8000822c (0xff09c283) lbu     t0, -16(s3)
core   0: 3 0x8000822c (0xff09c283) x5  0x000000e6 mem 0x8001055d
core   0: 0x80008230 (0x886c4d13) xori    s10, s8, -1914
core   0: 3 0x80008230 (0x886c4d13) x26 0xfffff80c
core   0: 0x80008234 (0xfff98ca3) sb      t6, -7(s3)
core   0: 3 0x80008234 (0xfff98ca3) mem 0x80010566 0x11
core   0: 0x80008238 (0x00b9c503) lbu     a0, 11(s3)
core   0: 3 0x80008238 (0x00b9c503) x10 0x00000020 mem 0x80010578
core   0: 0x8000823c (0x00000516) c.slli  a0, 5
core   0: 3 0x8000823c (0x0516) x10 0x00000400
core   0: 0x8000823e (0x00a9c603) lbu     a2, 10(s3)
core   0: 3 0x8000823e (0x00a9c603) x12 0x0000002e mem 0x80010577
core   0: 0x80008242 (0x00008275) c.srli  a2, 29
core   0: 3 0x80008242 (0x8275) x12 0x00000000
core   0: 0x80008244 (0x0029cd03) lbu     s10, 2(s3)
core   0: 3 0x80008244 (0x0029cd03) x26 0x00000000 mem 0x8001056f
core   0: 0x80008248 (0x00008371) c.srli  a4, 28
core   0: 3 0x80008248 (0x8371) x14 0x00000000
core   0: 0x8000824a (0x011970b3) and     ra, s2, a7
core   0: 3 0x8000824a (0x011970b3) x1  0x00000006
core   0: 0x8000824e (0x00008ec9) c.or    a3, a0
core   0: 3 0x8000824e (0x8ec9) x13 0x80000400
core   0: 0x80008250 (0xffb9c583) lbu     a1, -5(s3)
core   0: 3 0x80008250 (0xffb9c583) x11 0x00000045 mem 0x80010568
core   0: 0x80008254 (0x0000825a) c.mv    tp, s6
core   0: 3 0x80008254 (0x825a) x4  0x00000000
core   0: 0x80008256 (0xfe598a23) sb      t0, -12(s3)
core   0: 3 0x80008256 (0xfe598a23) mem 0x80010561 0xe6
core   0: 0x8000825a (0xffb98823) sb      s11, -16(s3)
core   0: 3 0x8000825a (0xffb98823) mem 0x8001055d 0x87
core   0: 0x8000825e (0xc38d2093) slti    ra, s10, -968
core   0: 3 0x8000825e (0xc38d2093) x1  0x00000000
core   0: 0x80008262 (0x00698803) lb      a6, 6(s3)
core   0: 3 0x80008262 (0x00698803) x16 0x00000000 mem 0x80010573
core   0: 0x80008266 (0x00f99b03) lh      s6, 15(s3)
core   0: 3 0x80008266 (0x00f99b03) x22 0x00000b86 mem 0x8001057c
core   0: 0x8000826a (0x03afd633) divu    a2, t6, s10
core   0: 3 0x8000826a (0x03afd633) x12 0xffffffff
core   0: 0x8000826e (0xff198683) lb      a3, -15(s3)
core   0: 3 0x8000826e (0xff198683) x13 0xfffffff8 mem 0x8001055e
core   0: 0x80008272 (0x00b9ad83) lw      s11, 11(s3)
core   0: 3 0x80008272 (0x00b9ad83) x27 0x5f16d620 mem 0x80010578
core   0: 0x80008276 (0x0179a1a3) sw      s7, 3(s3)
core   0: 3 0x80008276 (0x0179a1a3) mem 0x80010570 0x00000024
core   0: 0x8000827a (0xff598823) sb      s5, -16(s3)
core   0: 3 0x8000827a (0xff598823) mem 0x8001055d 0xe6
core   0: 0x8000827e (0x000045bd) c.li    a1, 15
core   0: 3 0x8000827e (0x45bd) x11 0x0000000f
core   0: 0x80008280 (0xfe298923) sb      sp, -14(s3)
core   0: 3 0x80008280 (0xfe298923) mem 0x8001055f 0x24
core   0: 0x80008284 (0xf9b0e893) ori     a7, ra, -101
core   0: 3 0x80008284 (0xf9b0e893) x17 0xffffff9b
core   0: 0x80008288 (0x014ed533) srl     a0, t4, s4
core   0: 3 0x80008288 (0x014ed533) x10 0x0000000d
core   0: 0x8000828c (0x010c31b3) sltu    gp, s8, a6
core   0: 3 0x8000828c (0x010c31b3) x3  0x00000000
core   0: 0x80008290 (0xffa98703) lb      a4, -6(s3)
core   0: 3 0x80008290 (0xffa98703) x14 0x0000006e mem 0x80010567
core   0: 0x80008294 (0x0099cd83) lbu     s11, 9(s3)
core   0: 3 0x80008294 (0x0099cd83) x27 0x0000001c mem 0x80010576
core   0: 0x80008298 (0xff498503) lb      a0, -12(s3)
core   0: 3 0x80008298 (0xff498503) x10 0xffffffe6 mem 0x80010561
core   0: 0x8000829c (0x00008ed1) c.or    a3, a2
core   0: 3 0x8000829c (0x8ed1) x13 0xffffffff
core   0: 0x8000829e (0xfff9ca83) lbu     s5, -1(s3)
core   0: 3 0x8000829e (0xfff9ca83) x21 0x0000007a mem 0x8001056c
core   0: 0x800082a2 (0x00e9ca83) lbu     s5, 14(s3)
core   0: 3 0x800082a2 (0x00e9ca83) x21 0x0000005f mem 0x8001057b
core   0: 0x800082a6 (0x004990a3) sh      tp, 1(s3)
core   0: 3 0x800082a6 (0x004990a3) mem 0x8001056e 0x0000
core   0: 0x800082aa (0x00008f17) auipc   t5, 0x8
core   0: 3 0x800082aa (0x00008f17) x30 0x800102aa
core   0: 0x800082ae (0xf0bf0f13) addi    t5, t5, -245
core   0: 3 0x800082ae (0xf0bf0f13) x30 0x800101b5
core   0: 0x800082b2 (0x00008e69) c.and   a2, a0
core   0: 3 0x800082b2 (0x8e69) x12 0xffffffe6
core   0: 0x800082b4 (0x139f0523) sb      s9, 298(t5)
core   0: 3 0x800082b4 (0x139f0523) mem 0x800102df 0x90
core   0: 0x800082b8 (0x00004281) c.li    t0, 0
core   0: 3 0x800082b8 (0x4281) x5  0x00000000
core   0: 0x800082ba (0x01235b13) srli    s6, t1, 18
core   0: 3 0x800082ba (0x01235b13) x22 0x00002000
core   0: 0x800082be (0x12af0603) lb      a2, 298(t5)
core   0: 3 0x800082be (0x12af0603) x12 0xffffff90 mem 0x800102df
core   0: 0x800082c2 (0x4f3f4c03) lbu     s8, 1267(t5)
core   0: 3 0x800082c2 (0x4f3f4c03) x24 0x00000040 mem 0x800106a8
core   0: 0x800082c6 (0x00000eea) c.slli  t4, 26
core   0: 3 0x800082c6 (0x0eea) x29 0x34000000
core   0: 0x800082c8 (0x3cff1e03) lh      t3, 975(t5)
core   0: 3 0x800082c8 (0x3cff1e03) x28 0xffffa456 mem 0x80010584
core   0: 0x800082cc (0xfbaf0283) lb      t0, -70(t5)
core   0: 3 0x800082cc (0xfbaf0283) x5  0xffffff98 mem 0x8001016f
core   0: 0x800082d0 (0xec2f4603) lbu     a2, -318(t5)
core   0: 3 0x800082d0 (0xec2f4603) x12 0x00000014 mem 0x80010077
core   0: 0x800082d4 (0xeedf0423) sb      a3, -280(t5)
core   0: 3 0x800082d4 (0xeedf0423) mem 0x8001009d 0xff
core   0: 0x800082d8 (0xee7f0423) sb      t2, -280(t5)
core   0: 3 0x800082d8 (0xee7f0423) mem 0x8001009d 0x38
core   0: 0x800082dc (0x2adf16a3) sh      a3, 685(t5)
core   0: 3 0x800082dc (0x2adf16a3) mem 0x80010462 0xffff
core   0: 0x800082e0 (0x2adf0d03) lb      s10, 685(t5)
core   0: 3 0x800082e0 (0x2adf0d03) x26 0xffffffff mem 0x80010462
core   0: 0x800082e4 (0xca433d13) sltiu   s10, t1, -860
core   0: 3 0x800082e4 (0xca433d13) x26 0x00000001
core   0: 0x800082e8 (0x2adf0683) lb      a3, 685(t5)
core   0: 3 0x800082e8 (0x2adf0683) x13 0xffffffff mem 0x80010462
core   0: 0x800082ec (0x2adf0b83) lb      s7, 685(t5)
core   0: 3 0x800082ec (0x2adf0b83) x23 0xffffffff mem 0x80010462
core   0: 0x800082f0 (0x2c5f4083) lbu     ra, 709(t5)
core   0: 3 0x800082f0 (0x2c5f4083) x1  0x000000a7 mem 0x8001047a
core   0: 0x800082f4 (0x419f5e83) lhu     t4, 1049(t5)
core   0: 3 0x800082f4 (0x419f5e83) x29 0x0000c65c mem 0x800105ce
core   0: 0x800082f8 (0x4b3f10a3) sh      s3, 1185(t5)
core   0: 3 0x800082f8 (0x4b3f10a3) mem 0x80010656 0x056d
core   0: 0x800082fc (0x452f0e03) lb      t3, 1106(t5)
core   0: 3 0x800082fc (0x452f0e03) x28 0xfffffffa mem 0x80010607
core   0: 0x80008300 (0x471f00a3) sb      a7, 1121(t5)
core   0: 3 0x80008300 (0x471f00a3) mem 0x80010616 0x9b
core   0: 0x80008304 (0x00008a17) auipc   s4, 0x8
core   0: 3 0x80008304 (0x00008a17) x20 0x80010304
core   0: 0x80008308 (0xe93a0a13) addi    s4, s4, -365
core   0: 3 0x80008308 (0xe93a0a13) x20 0x80010197
core   0: 0x8000830c (0x19da1a83) lh      s5, 413(s4)
core   0: 3 0x8000830c (0x19da1a83) x21 0x000011f8 mem 0x80010334
core   0: 0x80008310 (0x7a8a0483) lb      s1, 1960(s4)
core   0: 3 0x80008310 (0x7a8a0483) x9  0x00000002 mem 0x8001093f
core   0: 0x80008314 (0x015aa1b3) slt     gp, s5, s5
core   0: 3 0x80008314 (0x015aa1b3) x3  0x00000000
core   0: 0x80008318 (0x000081b6) c.mv    gp, a3
core   0: 3 0x80008318 (0x81b6) x3  0xffffffff
core   0: 0x8000831a (0x0f6a0683) lb      a3, 246(s4)
core   0: 3 0x8000831a (0x0f6a0683) x13 0x00000011 mem 0x8001028d
core   0: 0x8000831e (0x01619a93) slli    s5, gp, 22
core   0: 3 0x8000831e (0x01619a93) x21 0xffc00000
core   0: 0x80008322 (0x00b1d893) srli    a7, gp, 11
core   0: 3 0x80008322 (0x00b1d893) x17 0x001fffff
core   0: 0x80008326 (0xc7a48e13) addi    t3, s1, -902
core   0: 3 0x80008326 (0xc7a48e13) x28 0xfffffc7c
core   0: 0x8000832a (0x41ce06b3) sub     a3, t3, t3
core   0: 3 0x8000832a (0x41ce06b3) x13 0x00000000
core   0: 0x8000832e (0x000008f5) c.addi  a7, 29
core   0: 3 0x8000832e (0x08f5) x17 0x0020001c
core   0: 0x80008330 (0x00d6be33) sltu    t3, a3, a3
core   0: 3 0x80008330 (0x00d6be33) x28 0x00000000
core   0: 0x80008334 (0x00008e46) c.mv    t3, a7
core   0: 3 0x80008334 (0x8e46) x28 0x0020001c
core   0: 0x80008336 (0x35ca1da3) sh      t3, 859(s4)
core   0: 3 0x80008336 (0x35ca1da3) mem 0x800104f2 0x001c
core   0: 0x8000833a (0x401e5893) srai    a7, t3, 1
core   0: 3 0x8000833a (0x401e5893) x17 0x0010000e
core   0: 0x8000833e (0x73a0a1b7) lui     gp, 0x73a0a
core   0: 3 0x8000833e (0x73a0a1b7) x3  0x73a0a000
core   0: 0x80008342 (0x091a4e03) lbu     t3, 145(s4)
core   0: 3 0x80008342 (0x091a4e03) x28 0x00000092 mem 0x80010228
core   0: 0x80008346 (0x00006af5) c.lui   s5, 0x1d
core   0: 3 0x80008346 (0x6af5) x21 0x0001d000
core   0: 0x80008348 (0x0354c1b3) div     gp, s1, s5
core   0: 3 0x80008348 (0x0354c1b3) x3  0x00000000
core   0: 0x8000834c (0x6faa0e03) lb      t3, 1786(s4)
core   0: 3 0x8000834c (0x6faa0e03) x28 0xffffffed mem 0x80010891
core   0: 0x80008350 (0xed9a1483) lh      s1, -295(s4)
core   0: 3 0x80008350 (0xed9a1483) x9  0xffffa960 mem 0x80010070
core   0: 0x80008354 (0x4c91ba93) sltiu   s5, gp, 1225
core   0: 3 0x80008354 (0x4c91ba93) x21 0x00000001
core   0: 0x80008358 (0x0d5a5183) lhu     gp, 213(s4)
core   0: 3 0x80008358 (0x0d5a5183) x3  0x0000f18f mem 0x8001026c
core   0: 0x8000835c (0x21da1a83) lh      s5, 541(s4)
core   0: 3 0x8000835c (0x21da1a83) x21 0x00000238 mem 0x800103b4
core   0: 0x80008360 (0xfb1a0523) sb      a7, -86(s4)
core   0: 3 0x80008360 (0xfb1a0523) mem 0x80010141 0x0e
core   0: 0x80008364 (0x615a2683) lw      a3, 1557(s4)
core   0: 3 0x80008364 (0x615a2683) x13 0xf3384ce5 mem 0x800107ac
core   0: 0x80008368 (0x00d4f1b3) and     gp, s1, a3
core   0: 3 0x80008368 (0x00d4f1b3) x3  0xf3380860
core   0: 0x8000836c (0x1a1a2683) lw      a3, 417(s4)
core   0: 3 0x8000836c (0x1a1a2683) x13 0x2f1d3513 mem 0x80010338
core   0: 0x80008370 (0x035ad4b3) divu    s1, s5, s5
core   0: 3 0x80008370 (0x035ad4b3) x9  0x00000001
core   0: 0x80008374 (0x0034ee33) or      t3, s1, gp
core   0: 3 0x80008374 (0x0034ee33) x28 0xf3380861
core   0: 0x80008378 (0x4141d893) srai    a7, gp, 20
core   0: 3 0x80008378 (0x4141d893) x17 0xffffff33
core   0: 0x8000837c (0x5ada0fa3) sb      a3, 1471(s4)
core   0: 3 0x8000837c (0x5ada0fa3) mem 0x80010756 0x13
core   0: 0x80008380 (0x0116d1b3) srl     gp, a3, a7
core   0: 3 0x80008380 (0x0116d1b3) x3  0x000005e3
core   0: 0x80008384 (0x448e6893) ori     a7, t3, 1096
core   0: 3 0x80008384 (0x448e6893) x17 0xf3380c69
core   0: 0x80008388 (0x000001b1) c.addi  gp, 12
core   0: 3 0x80008388 (0x01b1) x3  0x000005ef
core   0: 0x8000838a (0x009ab6b3) sltu    a3, s5, s1
core   0: 3 0x8000838a (0x009ab6b3) x13 0x00000000
core   0: 0x8000838e (0xed1a0523) sb      a7, -310(s4)
core   0: 3 0x8000838e (0xed1a0523) mem 0x80010061 0x69
core   0: 0x80008392 (0x5e9a0f23) sb      s1, 1534(s4)
core   0: 3 0x80008392 (0x5e9a0f23) mem 0x80010795 0x01
core   0: 0x80008396 (0x284a0883) lb      a7, 644(s4)
core   0: 3 0x80008396 (0x284a0883) x17 0xffffffb2 mem 0x8001041b
core   0: 0x8000839a (0x01c49693) slli    a3, s1, 28
core   0: 3 0x8000839a (0x01c49693) x13 0x10000000
core   0: 0x8000839e (0xd438c193) xori    gp, a7, -701
core   0: 3 0x8000839e (0xd438c193) x3  0x000002f1
core   0: 0x800083a2 (0x591a2aa3) sw      a7, 1429(s4)
core   0: 3 0x800083a2 (0x591a2aa3) mem 0x8001072c 0xffffffb2
core   0: 0x800083a6 (0x463a0da3) sb      gp, 1147(s4)
core   0: 3 0x800083a6 (0x463a0da3) mem 0x80010612 0xf1
core   0: 0x800083aa (0x111a0923) sb      a7, 274(s4)
core   0: 3 0x800083aa (0x111a0923) mem 0x800102a9 0xb2
core   0: 0x800083ae (0xb7815497) auipc   s1, 0xb7815
core   0: 3 0x800083ae (0xb7815497) x9  0x3781d3ae
core   0: 0x800083b2 (0x7f1a1a83) lh      s5, 2033(s4)
core   0: 3 0x800083b2 (0x7f1a1a83) x21 0x00002ea3 mem 0x80010988
core   0: 0x800083b6 (0x00000001) c.nop
core   0: 3 0x800083b6 (0x0001)
core   0: 0x800083b8 (0x000098f2) c.add   a7, t3
core   0: 3 0x800083b8 (0x98f2) x17 0xf3380813
core   0: 0x800083ba (0x431a1483) lh      s1, 1073(s4)
core   0: 3 0x800083ba (0x431a1483) x9  0x00005582 mem 0x800105c8
core   0: 0x800083be (0x0111d893) srli    a7, gp, 17
core   0: 3 0x800083be (0x0111d893) x17 0x00000000
core   0: 0x800083c2 (0x713a1183) lh      gp, 1811(s4)
core   0: 3 0x800083c2 (0x713a1183) x3  0xffff84d9 mem 0x800108aa
core   0: 0x800083c6 (0x08da0ea3) sb      a3, 157(s4)
core   0: 3 0x800083c6 (0x08da0ea3) mem 0x80010234 0x00
core   0: 0x800083ca (0x00008ec5) c.or    a3, s1
core   0: 3 0x800083ca (0x8ec5) x13 0x10005582
core   0: 0x800083cc (0x338a4483) lbu     s1, 824(s4)
core   0: 3 0x800083cc (0x338a4483) x9  0x000000b4 mem 0x800104cf
core   0: 0x800083d0 (0x00012917) auipc   s2, 0x12
core   0: 3 0x800083d0 (0x00012917) x18 0x8001a3d0
core   0: 0x800083d4 (0xeef90913) addi    s2, s2, -273
core   0: 3 0x800083d4 (0xeef90913) x18 0x8001a2bf
core   0: 0x800083d8 (0xfff94a03) lbu     s4, -1(s2)
core   0: 3 0x800083d8 (0xfff94a03) x20 0x00000013 mem 0x8001a2be
core   0: 0x800083dc (0xffb91f83) lh      t6, -5(s2)
core   0: 3 0x800083dc (0xffb91f83) x31 0x00004fb4 mem 0x8001a2ba
core   0: 0x800083e0 (0xffb95d83) lhu     s11, -5(s2)
core   0: 3 0x800083e0 (0xffb95d83) x27 0x00004fb4 mem 0x8001a2ba
core   0: 0x800083e4 (0xffb90da3) sb      s11, -5(s2)
core   0: 3 0x800083e4 (0xffb90da3) mem 0x8001a2ba 0xb4
core   0: 0x800083e8 (0x00e94583) lbu     a1, 14(s2)
core   0: 3 0x800083e8 (0x00e94583) x11 0x0000009a mem 0x8001a2cd
core   0: 0x800083ec (0x40b20cb3) sub     s9, tp, a1
core   0: 3 0x800083ec (0x40b20cb3) x25 0xffffff66
core   0: 0x800083f0 (0x00008f32) c.mv    t5, a2
core   0: 3 0x800083f0 (0x8f32) x30 0x00000014
core   0: 0x800083f2 (0x915a2493) slti    s1, s4, -1771
core   0: 3 0x800083f2 (0x915a2493) x9  0x00000000
core   0: 0x800083f6 (0xfff919a3) sh      t6, -13(s2)
core   0: 3 0x800083f6 (0xfff919a3) mem 0x8001a2b2 0x4fb4
core   0: 0x800083fa (0xff394583) lbu     a1, -13(s2)
core   0: 3 0x800083fa (0xff394583) x11 0x000000b4 mem 0x8001a2b2
core   0: 0x800083fe (0xff394b83) lbu     s7, -13(s2)
core   0: 3 0x800083fe (0xff394b83) x23 0x000000b4 mem 0x8001a2b2
core   0: 0x80008402 (0x01097433) and     s0, s2, a6
core   0: 3 0x80008402 (0x01097433) x8  0x00000000
core   0: 0x80008406 (0x00790703) lb      a4, 7(s2)
core   0: 3 0x80008406 (0x00790703) x14 0xffffffd8 mem 0x8001a2c6
core   0: 0x8000840a (0xffc90203) lb      tp, -4(s2)
core   0: 3 0x8000840a (0xffc90203) x4  0x0000004f mem 0x8001a2bb
core   0: 0x8000840e (0xff190ba3) sb      a7, -9(s2)
core   0: 3 0x8000840e (0xff190ba3) mem 0x8001a2b6 0x00
core   0: 0x80008412 (0x0040036f) jal     t1, pc + 0x4
core   0: 3 0x80008412 (0x0040036f) x6  0x80008416
core   0: 0x80008416 (0x00002801) c.jal   pc + 16
core   0: 3 0x80008416 (0x2801) x1  0x80008418
core   0: 0x80008426 (0x00003fdd) c.jal   pc - 10
core   0: 3 0x80008426 (0x3fdd) x1  0x80008428
core   0: 0x8000841c (0x0000bff5) c.j     pc - 4
core   0: 3 0x8000841c (0xbff5)
core   0: 0x80008418 (0x00002801) c.jal   pc + 16
core   0: 3 0x80008418 (0x2801) x1  0x8000841a
core   0: 0x80008428 (0xffbff36f) jal     t1, pc - 0x6
core   0: 3 0x80008428 (0xffbff36f) x6  0x8000842c
core   0: 0x80008422 (0x00002029) c.jal   pc + 10
core   0: 3 0x80008422 (0x2029) x1  0x80008424
core   0: 0x8000842c (0xfefff0ef) jal     pc - 0x12
core   0: 3 0x8000842c (0xfefff0ef) x1  0x80008430
core   0: 0x8000841a (0x0000a819) c.j     pc + 22
core   0: 3 0x8000841a (0xa819)
core   0: 0x80008430 (0x0000a011) c.j     pc + 4
core   0: 3 0x80008430 (0xa011)
core   0: 0x80008434 (0x00002011) c.jal   pc + 4
core   0: 3 0x80008434 (0x2011) x1  0x80008436
core   0: 0x80008438 (0x00003fed) c.jal   pc - 6
core   0: 3 0x80008438 (0x3fed) x1  0x8000843a
core   0: 0x80008432 (0x00002011) c.jal   pc + 4
core   0: 3 0x80008432 (0x2011) x1  0x80008434
core   0: 0x80008436 (0x0000a011) c.j     pc + 4
core   0: 3 0x80008436 (0xa011)
core   0: 0x8000843a (0x000037ed) c.jal   pc - 22
core   0: 3 0x8000843a (0x37ed) x1  0x8000843c
core   0: 0x80008424 (0x0000bfed) c.j     pc - 6
core   0: 3 0x80008424 (0xbfed)
core   0: 0x8000841e (0x00002009) c.jal   pc + 2
core   0: 3 0x8000841e (0x2009) x1  0x80008420
core   0: 0x80008420 (0x0000a831) c.j     pc + 28
core   0: 3 0x80008420 (0xa831)
core   0: 0x8000843c (0x40355b13) srai    s6, a0, 3
core   0: 3 0x8000843c (0x40355b13) x22 0xfffffffc
core   0: 0x80008440 (0x00008a97) auipc   s5, 0x8
core   0: 3 0x80008440 (0x00008a97) x21 0x80010440
core   0: 0x80008444 (0x0d4a8a93) addi    s5, s5, 212
core   0: 3 0x80008444 (0x0d4a8a93) x21 0x80010514
core   0: 0x80008448 (0x017be4b3) or      s1, s7, s7
core   0: 3 0x80008448 (0x017be4b3) x9  0x000000b4
core   0: 0x8000844c (0x0f9d2713) slti    a4, s10, 249
core   0: 3 0x8000844c (0x0f9d2713) x14 0x00000001
core   0: 0x80008450 (0x00000001) c.nop
core   0: 3 0x80008450 (0x0001)
core   0: 0x80008452 (0x029ac483) lbu     s1, 41(s5)
core   0: 3 0x80008452 (0x029ac483) x9  0x000000eb mem 0x8001053d
core   0: 0x80008456 (0x013a85a3) sb      s3, 11(s5)
core   0: 3 0x80008456 (0x013a85a3) mem 0x8001051f 0x6d
core   0: 0x8000845a (0x00bacd03) lbu     s10, 11(s5)
core   0: 3 0x8000845a (0x00bacd03) x26 0x0000006d mem 0x8001051f
core   0: 0x8000845e (0xfd1ac983) lbu     s3, -47(s5)
core   0: 3 0x8000845e (0xfd1ac983) x19 0x00000083 mem 0x800104e5
core   0: 0x80008462 (0x03aa88a3) sb      s10, 49(s5)
core   0: 3 0x80008462 (0x03aa88a3) mem 0x80010545 0x6d
core   0: 0x80008466 (0x01da8483) lb      s1, 29(s5)
core   0: 3 0x80008466 (0x01da8483) x9  0x00000001 mem 0x80010531
core   0: 0x8000846a (0x013a8da3) sb      s3, 27(s5)
core   0: 3 0x8000846a (0x013a8da3) mem 0x8001052f 0x83
core   0: 0x8000846e (0x01aa8ba3) sb      s10, 23(s5)
core   0: 3 0x8000846e (0x01aa8ba3) mem 0x8001052b 0x6d
core   0: 0x80008472 (0x6e54fd13) andi    s10, s1, 1765
core   0: 3 0x80008472 (0x6e54fd13) x26 0x00000001
core   0: 0x80008476 (0x025ac703) lbu     a4, 37(s5)
core   0: 3 0x80008476 (0x025ac703) x14 0x0000007e mem 0x80010539
core   0: 0x8000847a (0x029714b3) mulh    s1, a4, s1
core   0: 3 0x8000847a (0x029714b3) x9  0x00000000
core   0: 0x8000847e (0xfd7a8903) lb      s2, -41(s5)
core   0: 3 0x8000847e (0xfd7a8903) x18 0x0000002e mem 0x800104eb
core   0: 0x80008482 (0x23cbfb93) andi    s7, s7, 572
core   0: 3 0x80008482 (0x23cbfb93) x23 0x00000034
core   0: 0x80008486 (0xff1ac483) lbu     s1, -15(s5)
core   0: 3 0x80008486 (0xff1ac483) x9  0x0000004a mem 0x80010505
core   0: 0x8000848a (0x01aad983) lhu     s3, 26(s5)
core   0: 3 0x8000848a (0x01aad983) x19 0x00008383 mem 0x8001052e
core   0: 0x8000848e (0x002ad903) lhu     s2, 2(s5)
core   0: 3 0x8000848e (0x002ad903) x18 0x0000dd94 mem 0x80010516
core   0: 0x80008492 (0x1ffbb493) sltiu   s1, s7, 511
core   0: 3 0x80008492 (0x1ffbb493) x9  0x00000001
core   0: 0x80008496 (0xfefa8d03) lb      s10, -17(s5)
core   0: 3 0x80008496 (0xfefa8d03) x26 0x00000022 mem 0x80010503
core   0: 0x8000849a (0x00008cd9) c.or    s1, a4
core   0: 3 0x8000849a (0x8cd9) x9  0x0000007f
core   0: 0x8000849c (0x03a97bb3) remu    s7, s2, s10
core   0: 3 0x8000849c (0x03a97bb3) x23 0x0000000c
core   0: 0x800084a0 (0x01a71933) sll     s2, a4, s10
core   0: 3 0x800084a0 (0x01a71933) x18 0x000001f8
core   0: 0x800084a4 (0xfd2ad483) lhu     s1, -46(s5)
core   0: 3 0x800084a4 (0xfd2ad483) x9  0x00000000 mem 0x800104e6
core   0: 0x800084a8 (0xfd3a8fa3) sb      s3, -33(s5)
core   0: 3 0x800084a8 (0xfd3a8fa3) mem 0x800104f3 0x83
core   0: 0x800084ac (0x02997933) remu    s2, s2, s1
core   0: 3 0x800084ac (0x02997933) x18 0x000001f8
core   0: 0x800084b0 (0x00008cb9) c.xor   s1, a4
core   0: 3 0x800084b0 (0x8cb9) x9  0x0000007e
core   0: 0x800084b2 (0xfd5a8903) lb      s2, -43(s5)
core   0: 3 0x800084b2 (0xfd5a8903) x18 0x00000000 mem 0x800104e9
core   0: 0x800084b6 (0x018aa703) lw      a4, 24(s5)
core   0: 3 0x800084b6 (0x018aa703) x14 0x838339b0 mem 0x8001052c
core   0: 0x800084ba (0xfeea82a3) sb      a4, -27(s5)
core   0: 3 0x800084ba (0xfeea82a3) mem 0x800104f9 0xb0
core   0: 0x800084be (0xfd7aa823) sw      s7, -48(s5)
core   0: 3 0x800084be (0xfd7aa823) mem 0x800104e4 0x0000000c
core   0: 0x800084c2 (0xfd7a8d23) sb      s7, -38(s5)
core   0: 3 0x800084c2 (0xfd7a8d23) mem 0x800104ee 0x0c
core   0: 0x800084c6 (0xfd3a88a3) sb      s3, -47(s5)
core   0: 3 0x800084c6 (0xfd3a88a3) mem 0x800104e5 0x83
core   0: 0x800084ca (0x00bd1713) slli    a4, s10, 11
core   0: 3 0x800084ca (0x00bd1713) x14 0x00011000
core   0: 0x800084ce (0x032ad703) lhu     a4, 50(s5)
core   0: 3 0x800084ce (0x032ad703) x14 0x00006f66 mem 0x80010546
core   0: 0x800084d2 (0xfe8a8983) lb      s3, -24(s5)
core   0: 3 0x800084d2 (0xfe8a8983) x19 0xffffff86 mem 0x800104fc
core   0: 0x800084d6 (0x00008331) c.srli  a4, 12
core   0: 3 0x800084d6 (0x8331) x14 0x00000006
core   0: 0x800084d8 (0x00008ca5) c.xor   s1, s1
core   0: 3 0x800084d8 (0x8ca5) x9  0x00000000
core   0: 0x800084da (0xfeea8b83) lb      s7, -18(s5)
core   0: 3 0x800084da (0xfeea8b83) x23 0x00000003 mem 0x80010502
core   0: 0x800084de (0x01aa8aa3) sb      s10, 21(s5)
core   0: 3 0x800084de (0x01aa8aa3) mem 0x80010529 0x22
core   0: 0x800084e2 (0xff6ad703) lhu     a4, -10(s5)
core   0: 3 0x800084e2 (0xff6ad703) x14 0x00000000 mem 0x8001050a
core   0: 0x800084e6 (0x03fac483) lbu     s1, 63(s5)
core   0: 3 0x800084e6 (0x03fac483) x9  0x00000082 mem 0x80010553
core   0: 0x800084ea (0x000099a6) c.add   s3, s1
core   0: 3 0x800084ea (0x99a6) x19 0x00000008
core   0: 0x800084ec (0xfc9a8fa3) sb      s1, -33(s5)
core   0: 3 0x800084ec (0xfc9a8fa3) mem 0x800104f3 0x82
core   0: 0x800084f0 (0x00005471) c.li    s0, -4
core   0: 3 0x800084f0 (0x5471) x8  0xfffffffc
core   0: 0x800084f2 (0x00008cb5) c.xor   s1, a3
core   0: 3 0x800084f2 (0x8cb5) x9  0x10005500
core   0: 0x800084f4 (0x00004a39) c.li    s4, 14
core   0: 3 0x800084f4 (0x4a39) x20 0x0000000e
core   0: 0x800084f6 (0x0302b933) mulhu   s2, t0, a6
core   0: 3 0x800084f6 (0x0302b933) x18 0x00000000
core   0: 0x800084fa (0x00008909) c.andi  a0, 2
core   0: 3 0x800084fa (0x8909) x10 0x00000002
core   0: 0x800084fc (0x00008732) c.mv    a4, a2
core   0: 3 0x800084fc (0x8732) x14 0x00000014
core   0: 0x800084fe (0x00000526) c.slli  a0, 9
core   0: 3 0x800084fe (0x0526) x10 0x00000400
core   0: 0x80008500 (0x029fe2b3) rem     t0, t6, s1
core   0: 3 0x80008500 (0x029fe2b3) x5  0x00004fb4
core   0: 0x80008504 (0x014410b3) sll     ra, s0, s4
core   0: 3 0x80008504 (0x014410b3) x1  0xffff0000
core   0: 0x80008508 (0x00599bb3) sll     s7, s3, t0
core   0: 3 0x80008508 (0x00599bb3) x23 0x00800000
core   0: 0x8000850c (0x0272c6b3) div     a3, t0, t2
core   0: 3 0x8000850c (0x0272c6b3) x13 0x00000000
core   0: 0x80008510 (0x631bf293) andi    t0, s7, 1585
core   0: 3 0x80008510 (0x631bf293) x5  0x00000000
core   0: 0x80008514 (0xddf24913) xori    s2, tp, -545
core   0: 3 0x80008514 (0xddf24913) x18 0xfffffd90
core   0: 0x80008518 (0x00000001) c.nop
core   0: 3 0x80008518 (0x0001)
core   0: 0x8000851a (0x30655c37) lui     s8, 0x30655
core   0: 3 0x8000851a (0x30655c37) x24 0x30655000
core   0: 0x8000851e (0x00000001) c.nop
core   0: 3 0x8000851e (0x0001)
core   0: 0x80008520 (0x0394cd33) div     s10, s1, s9
core   0: 3 0x80008520 (0x0394cd33) x26 0xffe56684
core   0: 0x80008524 (0x0000997d) c.andi  a0, -1
core   0: 3 0x80008524 (0x997d) x10 0x00000400
core   0: 0x80008526 (0x0000040d) c.addi  s0, 3
core   0: 3 0x80008526 (0x040d) x8  0xffffffff
core   0: 0x80008528 (0x6629f693) andi    a3, s3, 1634
core   0: 3 0x80008528 (0x6629f693) x13 0x00000000
core   0: 0x8000852c (0x00004621) c.li    a2, 8
core   0: 3 0x8000852c (0x4621) x12 0x00000008
core   0: 0x8000852e (0x000081cd) c.srli  a1, 19
core   0: 3 0x8000852e (0x81cd) x11 0x00000000
core   0: 0x80008530 (0x02730f33) mul     t5, t1, t2
core   0: 3 0x80008530 (0x02730f33) x30 0x38fd11a0
core   0: 0x80008534 (0x00005ec1) c.li    t4, -16
core   0: 3 0x80008534 (0x5ec1) x29 0xfffffff0
core   0: 0x80008536 (0x00005ffd) c.li    t6, -1
core   0: 3 0x80008536 (0x5ffd) x31 0xffffffff
core   0: 0x80008538 (0x41410b33) sub     s6, sp, s4
core   0: 3 0x80008538 (0x41410b33) x22 0x80029d16
core   0: 0x8000853c (0x0000018a) c.slli  gp, 2
core   0: 3 0x8000853c (0x018a) x3  0xfffe1364
core   0: 0x8000853e (0x02ec0c33) mul     s8, s8, a4
core   0: 3 0x8000853e (0x02ec0c33) x24 0xc7ea4000
core   0: 0x80008542 (0x0000166d) c.addi  a2, -5
core   0: 3 0x80008542 (0x166d) x12 0x00000003
core   0: 0x80008544 (0x023f81b3) mul     gp, t6, gp
core   0: 3 0x80008544 (0x023f81b3) x3  0x0001ec9c
core   0: 0x80008548 (0x3676b597) auipc   a1, 0x3676b
core   0: 3 0x80008548 (0x3676b597) x11 0xb6773548
core   0: 0x8000854c (0xffd656e3) bge     a2, t4, pc - 20
core   0: 3 0x8000854c (0xffd656e3)
core   0: 0x80008538 (0x41410b33) sub     s6, sp, s4
core   0: 3 0x80008538 (0x41410b33) x22 0x80029d16
core   0: 0x8000853c (0x0000018a) c.slli  gp, 2
core   0: 3 0x8000853c (0x018a) x3  0x0007b270
core   0: 0x8000853e (0x02ec0c33) mul     s8, s8, a4
core   0: 3 0x8000853e (0x02ec0c33) x24 0x9e4d0000
core   0: 0x80008542 (0x0000166d) c.addi  a2, -5
core   0: 3 0x80008542 (0x166d) x12 0xfffffffe
core   0: 0x80008544 (0x023f81b3) mul     gp, t6, gp
core   0: 3 0x80008544 (0x023f81b3) x3  0xfff84d90
core   0: 0x80008548 (0x3676b597) auipc   a1, 0x3676b
core   0: 3 0x80008548 (0x3676b597) x11 0xb6773548
core   0: 0x8000854c (0xffd656e3) bge     a2, t4, pc - 20
core   0: 3 0x8000854c (0xffd656e3)
core   0: 0x80008538 (0x41410b33) sub     s6, sp, s4
core   0: 3 0x80008538 (0x41410b33) x22 0x80029d16
core   0: 0x8000853c (0x0000018a) c.slli  gp, 2
core   0: 3 0x8000853c (0x018a) x3  0xffe13640
core   0: 0x8000853e (0x02ec0c33) mul     s8, s8, a4
core   0: 3 0x8000853e (0x02ec0c33) x24 0x5e040000
core   0: 0x80008542 (0x0000166d) c.addi  a2, -5
core   0: 3 0x80008542 (0x166d) x12 0xfffffff9
core   0: 0x80008544 (0x023f81b3) mul     gp, t6, gp
core   0: 3 0x80008544 (0x023f81b3) x3  0x001ec9c0
core   0: 0x80008548 (0x3676b597) auipc   a1, 0x3676b
core   0: 3 0x80008548 (0x3676b597) x11 0xb6773548
core   0: 0x8000854c (0xffd656e3) bge     a2, t4, pc - 20
core   0: 3 0x8000854c (0xffd656e3)
core   0: 0x80008538 (0x41410b33) sub     s6, sp, s4
core   0: 3 0x80008538 (0x41410b33) x22 0x80029d16
core   0: 0x8000853c (0x0000018a) c.slli  gp, 2
core   0: 3 0x8000853c (0x018a) x3  0x007b2700
core   0: 0x8000853e (0x02ec0c33) mul     s8, s8, a4
core   0: 3 0x8000853e (0x02ec0c33) x24 0x58500000
core   0: 0x80008542 (0x0000166d) c.addi  a2, -5
core   0: 3 0x80008542 (0x166d) x12 0xfffffff4
core   0: 0x80008544 (0x023f81b3) mul     gp, t6, gp
core   0: 3 0x80008544 (0x023f81b3) x3  0xff84d900
core   0: 0x80008548 (0x3676b597) auipc   a1, 0x3676b
core   0: 3 0x80008548 (0x3676b597) x11 0xb6773548
core   0: 0x8000854c (0xffd656e3) bge     a2, t4, pc - 20
core   0: 3 0x8000854c (0xffd656e3)
core   0: 0x80008538 (0x41410b33) sub     s6, sp, s4
core   0: 3 0x80008538 (0x41410b33) x22 0x80029d16
core   0: 0x8000853c (0x0000018a) c.slli  gp, 2
core   0: 3 0x8000853c (0x018a) x3  0xfe136400
core   0: 0x8000853e (0x02ec0c33) mul     s8, s8, a4
core   0: 3 0x8000853e (0x02ec0c33) x24 0xe6400000
core   0: 0x80008542 (0x0000166d) c.addi  a2, -5
core   0: 3 0x80008542 (0x166d) x12 0xffffffef
core   0: 0x80008544 (0x023f81b3) mul     gp, t6, gp
core   0: 3 0x80008544 (0x023f81b3) x3  0x01ec9c00
core   0: 0x80008548 (0x3676b597) auipc   a1, 0x3676b
core   0: 3 0x80008548 (0x3676b597) x11 0xb6773548
core   0: 0x8000854c (0xffd656e3) bge     a2, t4, pc - 20
core   0: 3 0x8000854c (0xffd656e3)
core   0: 0x80008550 (0x000086dd) c.srai  a3, 23
core   0: 3 0x80008550 (0x86dd) x13 0x00000000
core   0: 0x80008552 (0xfb441fe3) bne     s0, s4, pc - 66
core   0: 3 0x80008552 (0xfb441fe3)
core   0: 0x80008510 (0x631bf293) andi    t0, s7, 1585
core   0: 3 0x80008510 (0x631bf293) x5  0x00000000
core   0: 0x80008514 (0xddf24913) xori    s2, tp, -545
core   0: 3 0x80008514 (0xddf24913) x18 0xfffffd90
core   0: 0x80008518 (0x00000001) c.nop
core   0: 3 0x80008518 (0x0001)
core   0: 0x8000851a (0x30655c37) lui     s8, 0x30655
core   0: 3 0x8000851a (0x30655c37) x24 0x30655000
core   0: 0x8000851e (0x00000001) c.nop
core   0: 3 0x8000851e (0x0001)
core   0: 0x80008520 (0x0394cd33) div     s10, s1, s9
core   0: 3 0x80008520 (0x0394cd33) x26 0xffe56684
core   0: 0x80008524 (0x0000997d) c.andi  a0, -1
core   0: 3 0x80008524 (0x997d) x10 0x00000400
core   0: 0x80008526 (0x0000040d) c.addi  s0, 3
core   0: 3 0x80008526 (0x040d) x8  0x00000002
core   0: 0x80008528 (0x6629f693) andi    a3, s3, 1634
core   0: 3 0x80008528 (0x6629f693) x13 0x00000000
core   0: 0x8000852c (0x00004621) c.li    a2, 8
core   0: 3 0x8000852c (0x4621) x12 0x00000008
core   0: 0x8000852e (0x000081cd) c.srli  a1, 19
core   0: 3 0x8000852e (0x81cd) x11 0x000016ce
core   0: 0x80008530 (0x02730f33) mul     t5, t1, t2
core   0: 3 0x80008530 (0x02730f33) x30 0x38fd11a0
core   0: 0x80008534 (0x00005ec1) c.li    t4, -16
core   0: 3 0x80008534 (0x5ec1) x29 0xfffffff0
core   0: 0x80008536 (0x00005ffd) c.li    t6, -1
core   0: 3 0x80008536 (0x5ffd) x31 0xffffffff
core   0: 0x80008538 (0x41410b33) sub     s6, sp, s4
core   0: 3 0x80008538 (0x41410b33) x22 0x80029d16
core   0: 0x8000853c (0x0000018a) c.slli  gp, 2
core   0: 3 0x8000853c (0x018a) x3  0x07b27000
core   0: 0x8000853e (0x02ec0c33) mul     s8, s8, a4
core   0: 3 0x8000853e (0x02ec0c33) x24 0xc7ea4000
core   0: 0x80008542 (0x0000166d) c.addi  a2, -5
core   0: 3 0x80008542 (0x166d) x12 0x00000003
core   0: 0x80008544 (0x023f81b3) mul     gp, t6, gp
core   0: 3 0x80008544 (0x023f81b3) x3  0xf84d9000
core   0: 0x80008548 (0x3676b597) auipc   a1, 0x3676b
core   0: 3 0x80008548 (0x3676b597) x11 0xb6773548
core   0: 0x8000854c (0xffd656e3) bge     a2, t4, pc - 20
core   0: 3 0x8000854c (0xffd656e3)
core   0: 0x80008538 (0x41410b33) sub     s6, sp, s4
core   0: 3 0x80008538 (0x41410b33) x22 0x80029d16
core   0: 0x8000853c (0x0000018a) c.slli  gp, 2
core   0: 3 0x8000853c (0x018a) x3  0xe1364000
core   0: 0x8000853e (0x02ec0c33) mul     s8, s8, a4
core   0: 3 0x8000853e (0x02ec0c33) x24 0x9e4d0000
core   0: 0x80008542 (0x0000166d) c.addi  a2, -5
core   0: 3 0x80008542 (0x166d) x12 0xfffffffe
core   0: 0x80008544 (0x023f81b3) mul     gp, t6, gp
core   0: 3 0x80008544 (0x023f81b3) x3  0x1ec9c000
core   0: 0x80008548 (0x3676b597) auipc   a1, 0x3676b
core   0: 3 0x80008548 (0x3676b597) x11 0xb6773548
core   0: 0x8000854c (0xffd656e3) bge     a2, t4, pc - 20
core   0: 3 0x8000854c (0xffd656e3)
core   0: 0x80008538 (0x41410b33) sub     s6, sp, s4
core   0: 3 0x80008538 (0x41410b33) x22 0x80029d16
core   0: 0x8000853c (0x0000018a) c.slli  gp, 2
core   0: 3 0x8000853c (0x018a) x3  0x7b270000
core   0: 0x8000853e (0x02ec0c33) mul     s8, s8, a4
core   0: 3 0x8000853e (0x02ec0c33) x24 0x5e040000
core   0: 0x80008542 (0x0000166d) c.addi  a2, -5
core   0: 3 0x80008542 (0x166d) x12 0xfffffff9
core   0: 0x80008544 (0x023f81b3) mul     gp, t6, gp
core   0: 3 0x80008544 (0x023f81b3) x3  0x84d90000
core   0: 0x80008548 (0x3676b597) auipc   a1, 0x3676b
core   0: 3 0x80008548 (0x3676b597) x11 0xb6773548
core   0: 0x8000854c (0xffd656e3) bge     a2, t4, pc - 20
core   0: 3 0x8000854c (0xffd656e3)
core   0: 0x80008538 (0x41410b33) sub     s6, sp, s4
core   0: 3 0x80008538 (0x41410b33) x22 0x80029d16
core   0: 0x8000853c (0x0000018a) c.slli  gp, 2
core   0: 3 0x8000853c (0x018a) x3  0x13640000
core   0: 0x8000853e (0x02ec0c33) mul     s8, s8, a4
core   0: 3 0x8000853e (0x02ec0c33) x24 0x58500000
core   0: 0x80008542 (0x0000166d) c.addi  a2, -5
core   0: 3 0x80008542 (0x166d) x12 0xfffffff4
core   0: 0x80008544 (0x023f81b3) mul     gp, t6, gp
core   0: 3 0x80008544 (0x023f81b3) x3  0xec9c0000
core   0: 0x80008548 (0x3676b597) auipc   a1, 0x3676b
core   0: 3 0x80008548 (0x3676b597) x11 0xb6773548
core   0: 0x8000854c (0xffd656e3) bge     a2, t4, pc - 20
core   0: 3 0x8000854c (0xffd656e3)
core   0: 0x80008538 (0x41410b33) sub     s6, sp, s4
core   0: 3 0x80008538 (0x41410b33) x22 0x80029d16
core   0: 0x8000853c (0x0000018a) c.slli  gp, 2
core   0: 3 0x8000853c (0x018a) x3  0xb2700000
core   0: 0x8000853e (0x02ec0c33) mul     s8, s8, a4
core   0: 3 0x8000853e (0x02ec0c33) x24 0xe6400000
core   0: 0x80008542 (0x0000166d) c.addi  a2, -5
core   0: 3 0x80008542 (0x166d) x12 0xffffffef
core   0: 0x80008544 (0x023f81b3) mul     gp, t6, gp
core   0: 3 0x80008544 (0x023f81b3) x3  0x4d900000
core   0: 0x80008548 (0x3676b597) auipc   a1, 0x3676b
core   0: 3 0x80008548 (0x3676b597) x11 0xb6773548
core   0: 0x8000854c (0xffd656e3) bge     a2, t4, pc - 20
core   0: 3 0x8000854c (0xffd656e3)
core   0: 0x80008550 (0x000086dd) c.srai  a3, 23
core   0: 3 0x80008550 (0x86dd) x13 0x00000000
core   0: 0x80008552 (0xfb441fe3) bne     s0, s4, pc - 66
core   0: 3 0x80008552 (0xfb441fe3)
core   0: 0x80008510 (0x631bf293) andi    t0, s7, 1585
core   0: 3 0x80008510 (0x631bf293) x5  0x00000000
core   0: 0x80008514 (0xddf24913) xori    s2, tp, -545
core   0: 3 0x80008514 (0xddf24913) x18 0xfffffd90
core   0: 0x80008518 (0x00000001) c.nop
core   0: 3 0x80008518 (0x0001)
core   0: 0x8000851a (0x30655c37) lui     s8, 0x30655
core   0: 3 0x8000851a (0x30655c37) x24 0x30655000
core   0: 0x8000851e (0x00000001) c.nop
core   0: 3 0x8000851e (0x0001)
core   0: 0x80008520 (0x0394cd33) div     s10, s1, s9
core   0: 3 0x80008520 (0x0394cd33) x26 0xffe56684
core   0: 0x80008524 (0x0000997d) c.andi  a0, -1
core   0: 3 0x80008524 (0x997d) x10 0x00000400
core   0: 0x80008526 (0x0000040d) c.addi  s0, 3
core   0: 3 0x80008526 (0x040d) x8  0x00000005
core   0: 0x80008528 (0x6629f693) andi    a3, s3, 1634
core   0: 3 0x80008528 (0x6629f693) x13 0x00000000
core   0: 0x8000852c (0x00004621) c.li    a2, 8
core   0: 3 0x8000852c (0x4621) x12 0x00000008
core   0: 0x8000852e (0x000081cd) c.srli  a1, 19
core   0: 3 0x8000852e (0x81cd) x11 0x000016ce
core   0: 0x80008530 (0x02730f33) mul     t5, t1, t2
core   0: 3 0x80008530 (0x02730f33) x30 0x38fd11a0
core   0: 0x80008534 (0x00005ec1) c.li    t4, -16
core   0: 3 0x80008534 (0x5ec1) x29 0xfffffff0
core   0: 0x80008536 (0x00005ffd) c.li    t6, -1
core   0: 3 0x80008536 (0x5ffd) x31 0xffffffff
core   0: 0x80008538 (0x41410b33) sub     s6, sp, s4
core   0: 3 0x80008538 (0x41410b33) x22 0x80029d16
core   0: 0x8000853c (0x0000018a) c.slli  gp, 2
core   0: 3 0x8000853c (0x018a) x3  0x36400000
core   0: 0x8000853e (0x02ec0c33) mul     s8, s8, a4
core   0: 3 0x8000853e (0x02ec0c33) x24 0xc7ea4000
core   0: 0x80008542 (0x0000166d) c.addi  a2, -5
core   0: 3 0x80008542 (0x166d) x12 0x00000003
core   0: 0x80008544 (0x023f81b3) mul     gp, t6, gp
core   0: 3 0x80008544 (0x023f81b3) x3  0xc9c00000
core   0: 0x80008548 (0x3676b597) auipc   a1, 0x3676b
core   0: 3 0x80008548 (0x3676b597) x11 0xb6773548
core   0: 0x8000854c (0xffd656e3) bge     a2, t4, pc - 20
core   0: 3 0x8000854c (0xffd656e3)
core   0: 0x80008538 (0x41410b33) sub     s6, sp, s4
core   0: 3 0x80008538 (0x41410b33) x22 0x80029d16
core   0: 0x8000853c (0x0000018a) c.slli  gp, 2
core   0: 3 0x8000853c (0x018a) x3  0x27000000
core   0: 0x8000853e (0x02ec0c33) mul     s8, s8, a4
core   0: 3 0x8000853e (0x02ec0c33) x24 0x9e4d0000
core   0: 0x80008542 (0x0000166d) c.addi  a2, -5
core   0: 3 0x80008542 (0x166d) x12 0xfffffffe
core   0: 0x80008544 (0x023f81b3) mul     gp, t6, gp
core   0: 3 0x80008544 (0x023f81b3) x3  0xd9000000
core   0: 0x80008548 (0x3676b597) auipc   a1, 0x3676b
core   0: 3 0x80008548 (0x3676b597) x11 0xb6773548
core   0: 0x8000854c (0xffd656e3) bge     a2, t4, pc - 20
core   0: 3 0x8000854c (0xffd656e3)
core   0: 0x80008538 (0x41410b33) sub     s6, sp, s4
core   0: 3 0x80008538 (0x41410b33) x22 0x80029d16
core   0: 0x8000853c (0x0000018a) c.slli  gp, 2
core   0: 3 0x8000853c (0x018a) x3  0x64000000
core   0: 0x8000853e (0x02ec0c33) mul     s8, s8, a4
core   0: 3 0x8000853e (0x02ec0c33) x24 0x5e040000
core   0: 0x80008542 (0x0000166d) c.addi  a2, -5
core   0: 3 0x80008542 (0x166d) x12 0xfffffff9
core   0: 0x80008544 (0x023f81b3) mul     gp, t6, gp
core   0: 3 0x80008544 (0x023f81b3) x3  0x9c000000
core   0: 0x80008548 (0x3676b597) auipc   a1, 0x3676b
core   0: 3 0x80008548 (0x3676b597) x11 0xb6773548
core   0: 0x8000854c (0xffd656e3) bge     a2, t4, pc - 20
core   0: 3 0x8000854c (0xffd656e3)
core   0: 0x80008538 (0x41410b33) sub     s6, sp, s4
core   0: 3 0x80008538 (0x41410b33) x22 0x80029d16
core   0: 0x8000853c (0x0000018a) c.slli  gp, 2
core   0: 3 0x8000853c (0x018a) x3  0x70000000
core   0: 0x8000853e (0x02ec0c33) mul     s8, s8, a4
core   0: 3 0x8000853e (0x02ec0c33) x24 0x58500000
core   0: 0x80008542 (0x0000166d) c.addi  a2, -5
core   0: 3 0x80008542 (0x166d) x12 0xfffffff4
core   0: 0x80008544 (0x023f81b3) mul     gp, t6, gp
core   0: 3 0x80008544 (0x023f81b3) x3  0x90000000
core   0: 0x80008548 (0x3676b597) auipc   a1, 0x3676b
core   0: 3 0x80008548 (0x3676b597) x11 0xb6773548
core   0: 0x8000854c (0xffd656e3) bge     a2, t4, pc - 20
core   0: 3 0x8000854c (0xffd656e3)
core   0: 0x80008538 (0x41410b33) sub     s6, sp, s4
core   0: 3 0x80008538 (0x41410b33) x22 0x80029d16
core   0: 0x8000853c (0x0000018a) c.slli  gp, 2
core   0: 3 0x8000853c (0x018a) x3  0x40000000
core   0: 0x8000853e (0x02ec0c33) mul     s8, s8, a4
core   0: 3 0x8000853e (0x02ec0c33) x24 0xe6400000
core   0: 0x80008542 (0x0000166d) c.addi  a2, -5
core   0: 3 0x80008542 (0x166d) x12 0xffffffef
core   0: 0x80008544 (0x023f81b3) mul     gp, t6, gp
core   0: 3 0x80008544 (0x023f81b3) x3  0xc0000000
core   0: 0x80008548 (0x3676b597) auipc   a1, 0x3676b
core   0: 3 0x80008548 (0x3676b597) x11 0xb6773548
core   0: 0x8000854c (0xffd656e3) bge     a2, t4, pc - 20
core   0: 3 0x8000854c (0xffd656e3)
core   0: 0x80008550 (0x000086dd) c.srai  a3, 23
core   0: 3 0x80008550 (0x86dd) x13 0x00000000
core   0: 0x80008552 (0xfb441fe3) bne     s0, s4, pc - 66
core   0: 3 0x80008552 (0xfb441fe3)
core   0: 0x80008510 (0x631bf293) andi    t0, s7, 1585
core   0: 3 0x80008510 (0x631bf293) x5  0x00000000
core   0: 0x80008514 (0xddf24913) xori    s2, tp, -545
core   0: 3 0x80008514 (0xddf24913) x18 0xfffffd90
core   0: 0x80008518 (0x00000001) c.nop
core   0: 3 0x80008518 (0x0001)
core   0: 0x8000851a (0x30655c37) lui     s8, 0x30655
core   0: 3 0x8000851a (0x30655c37) x24 0x30655000
core   0: 0x8000851e (0x00000001) c.nop
core   0: 3 0x8000851e (0x0001)
core   0: 0x80008520 (0x0394cd33) div     s10, s1, s9
core   0: 3 0x80008520 (0x0394cd33) x26 0xffe56684
core   0: 0x80008524 (0x0000997d) c.andi  a0, -1
core   0: 3 0x80008524 (0x997d) x10 0x00000400
core   0: 0x80008526 (0x0000040d) c.addi  s0, 3
core   0: 3 0x80008526 (0x040d) x8  0x00000008
core   0: 0x80008528 (0x6629f693) andi    a3, s3, 1634
core   0: 3 0x80008528 (0x6629f693) x13 0x00000000
core   0: 0x8000852c (0x00004621) c.li    a2, 8
core   0: 3 0x8000852c (0x4621) x12 0x00000008
core   0: 0x8000852e (0x000081cd) c.srli  a1, 19
core   0: 3 0x8000852e (0x81cd) x11 0x000016ce
core   0: 0x80008530 (0x02730f33) mul     t5, t1, t2
core   0: 3 0x80008530 (0x02730f33) x30 0x38fd11a0
core   0: 0x80008534 (0x00005ec1) c.li    t4, -16
core   0: 3 0x80008534 (0x5ec1) x29 0xfffffff0
core   0: 0x80008536 (0x00005ffd) c.li    t6, -1
core   0: 3 0x80008536 (0x5ffd) x31 0xffffffff
core   0: 0x80008538 (0x41410b33) sub     s6, sp, s4
core   0: 3 0x80008538 (0x41410b33) x22 0x80029d16
core   0: 0x8000853c (0x0000018a) c.slli  gp, 2
core   0: 3 0x8000853c (0x018a) x3  0x00000000
core   0: 0x8000853e (0x02ec0c33) mul     s8, s8, a4
core   0: 3 0x8000853e (0x02ec0c33) x24 0xc7ea4000
core   0: 0x80008542 (0x0000166d) c.addi  a2, -5
core   0: 3 0x80008542 (0x166d) x12 0x00000003
core   0: 0x80008544 (0x023f81b3) mul     gp, t6, gp
core   0: 3 0x80008544 (0x023f81b3) x3  0x00000000
core   0: 0x80008548 (0x3676b597) auipc   a1, 0x3676b
core   0: 3 0x80008548 (0x3676b597) x11 0xb6773548
core   0: 0x8000854c (0xffd656e3) bge     a2, t4, pc - 20
core   0: 3 0x8000854c (0xffd656e3)
core   0: 0x80008538 (0x41410b33) sub     s6, sp, s4
core   0: 3 0x80008538 (0x41410b33) x22 0x80029d16
core   0: 0x8000853c (0x0000018a) c.slli  gp, 2
core   0: 3 0x8000853c (0x018a) x3  0x00000000
core   0: 0x8000853e (0x02ec0c33) mul     s8, s8, a4
core   0: 3 0x8000853e (0x02ec0c33) x24 0x9e4d0000
core   0: 0x80008542 (0x0000166d) c.addi  a2, -5
core   0: 3 0x80008542 (0x166d) x12 0xfffffffe
core   0: 0x80008544 (0x023f81b3) mul     gp, t6, gp
core   0: 3 0x80008544 (0x023f81b3) x3  0x00000000
core   0: 0x80008548 (0x3676b597) auipc   a1, 0x3676b
core   0: 3 0x80008548 (0x3676b597) x11 0xb6773548
core   0: 0x8000854c (0xffd656e3) bge     a2, t4, pc - 20
core   0: 3 0x8000854c (0xffd656e3)
core   0: 0x80008538 (0x41410b33) sub     s6, sp, s4
core   0: 3 0x80008538 (0x41410b33) x22 0x80029d16
core   0: 0x8000853c (0x0000018a) c.slli  gp, 2
core   0: 3 0x8000853c (0x018a) x3  0x00000000
core   0: 0x8000853e (0x02ec0c33) mul     s8, s8, a4
core   0: 3 0x8000853e (0x02ec0c33) x24 0x5e040000
core   0: 0x80008542 (0x0000166d) c.addi  a2, -5
core   0: 3 0x80008542 (0x166d) x12 0xfffffff9
core   0: 0x80008544 (0x023f81b3) mul     gp, t6, gp
core   0: 3 0x80008544 (0x023f81b3) x3  0x00000000
core   0: 0x80008548 (0x3676b597) auipc   a1, 0x3676b
core   0: 3 0x80008548 (0x3676b597) x11 0xb6773548
core   0: 0x8000854c (0xffd656e3) bge     a2, t4, pc - 20
core   0: 3 0x8000854c (0xffd656e3)
core   0: 0x80008538 (0x41410b33) sub     s6, sp, s4
core   0: 3 0x80008538 (0x41410b33) x22 0x80029d16
core   0: 0x8000853c (0x0000018a) c.slli  gp, 2
core   0: 3 0x8000853c (0x018a) x3  0x00000000
core   0: 0x8000853e (0x02ec0c33) mul     s8, s8, a4
core   0: 3 0x8000853e (0x02ec0c33) x24 0x58500000
core   0: 0x80008542 (0x0000166d) c.addi  a2, -5
core   0: 3 0x80008542 (0x166d) x12 0xfffffff4
core   0: 0x80008544 (0x023f81b3) mul     gp, t6, gp
core   0: 3 0x80008544 (0x023f81b3) x3  0x00000000
core   0: 0x80008548 (0x3676b597) auipc   a1, 0x3676b
core   0: 3 0x80008548 (0x3676b597) x11 0xb6773548
core   0: 0x8000854c (0xffd656e3) bge     a2, t4, pc - 20
core   0: 3 0x8000854c (0xffd656e3)
core   0: 0x80008538 (0x41410b33) sub     s6, sp, s4
core   0: 3 0x80008538 (0x41410b33) x22 0x80029d16
core   0: 0x8000853c (0x0000018a) c.slli  gp, 2
core   0: 3 0x8000853c (0x018a) x3  0x00000000
core   0: 0x8000853e (0x02ec0c33) mul     s8, s8, a4
core   0: 3 0x8000853e (0x02ec0c33) x24 0xe6400000
core   0: 0x80008542 (0x0000166d) c.addi  a2, -5
core   0: 3 0x80008542 (0x166d) x12 0xffffffef
core   0: 0x80008544 (0x023f81b3) mul     gp, t6, gp
core   0: 3 0x80008544 (0x023f81b3) x3  0x00000000
core   0: 0x80008548 (0x3676b597) auipc   a1, 0x3676b
core   0: 3 0x80008548 (0x3676b597) x11 0xb6773548
core   0: 0x8000854c (0xffd656e3) bge     a2, t4, pc - 20
core   0: 3 0x8000854c (0xffd656e3)
core   0: 0x80008550 (0x000086dd) c.srai  a3, 23
core   0: 3 0x80008550 (0x86dd) x13 0x00000000
core   0: 0x80008552 (0xfb441fe3) bne     s0, s4, pc - 66
core   0: 3 0x80008552 (0xfb441fe3)
core   0: 0x80008510 (0x631bf293) andi    t0, s7, 1585
core   0: 3 0x80008510 (0x631bf293) x5  0x00000000
core   0: 0x80008514 (0xddf24913) xori    s2, tp, -545
core   0: 3 0x80008514 (0xddf24913) x18 0xfffffd90
core   0: 0x80008518 (0x00000001) c.nop
core   0: 3 0x80008518 (0x0001)
core   0: 0x8000851a (0x30655c37) lui     s8, 0x30655
core   0: 3 0x8000851a (0x30655c37) x24 0x30655000
core   0: 0x8000851e (0x00000001) c.nop
core   0: 3 0x8000851e (0x0001)
core   0: 0x80008520 (0x0394cd33) div     s10, s1, s9
core   0: 3 0x80008520 (0x0394cd33) x26 0xffe56684
core   0: 0x80008524 (0x0000997d) c.andi  a0, -1
core   0: 3 0x80008524 (0x997d) x10 0x00000400
core   0: 0x80008526 (0x0000040d) c.addi  s0, 3
core   0: 3 0x80008526 (0x040d) x8  0x0000000b
core   0: 0x80008528 (0x6629f693) andi    a3, s3, 1634
core   0: 3 0x80008528 (0x6629f693) x13 0x00000000
core   0: 0x8000852c (0x00004621) c.li    a2, 8
core   0: 3 0x8000852c (0x4621) x12 0x00000008
core   0: 0x8000852e (0x000081cd) c.srli  a1, 19
core   0: 3 0x8000852e (0x81cd) x11 0x000016ce
core   0: 0x80008530 (0x02730f33) mul     t5, t1, t2
core   0: 3 0x80008530 (0x02730f33) x30 0x38fd11a0
core   0: 0x80008534 (0x00005ec1) c.li    t4, -16
core   0: 3 0x80008534 (0x5ec1) x29 0xfffffff0
core   0: 0x80008536 (0x00005ffd) c.li    t6, -1
core   0: 3 0x80008536 (0x5ffd) x31 0xffffffff
core   0: 0x80008538 (0x41410b33) sub     s6, sp, s4
core   0: 3 0x80008538 (0x41410b33) x22 0x80029d16
core   0: 0x8000853c (0x0000018a) c.slli  gp, 2
core   0: 3 0x8000853c (0x018a) x3  0x00000000
core   0: 0x8000853e (0x02ec0c33) mul     s8, s8, a4
core   0: 3 0x8000853e (0x02ec0c33) x24 0xc7ea4000
core   0: 0x80008542 (0x0000166d) c.addi  a2, -5
core   0: 3 0x80008542 (0x166d) x12 0x00000003
core   0: 0x80008544 (0x023f81b3) mul     gp, t6, gp
core   0: 3 0x80008544 (0x023f81b3) x3  0x00000000
core   0: 0x80008548 (0x3676b597) auipc   a1, 0x3676b
core   0: 3 0x80008548 (0x3676b597) x11 0xb6773548
core   0: 0x8000854c (0xffd656e3) bge     a2, t4, pc - 20
core   0: 3 0x8000854c (0xffd656e3)
core   0: 0x80008538 (0x41410b33) sub     s6, sp, s4
core   0: 3 0x80008538 (0x41410b33) x22 0x80029d16
core   0: 0x8000853c (0x0000018a) c.slli  gp, 2
core   0: 3 0x8000853c (0x018a) x3  0x00000000
core   0: 0x8000853e (0x02ec0c33) mul     s8, s8, a4
core   0: 3 0x8000853e (0x02ec0c33) x24 0x9e4d0000
core   0: 0x80008542 (0x0000166d) c.addi  a2, -5
core   0: 3 0x80008542 (0x166d) x12 0xfffffffe
core   0: 0x80008544 (0x023f81b3) mul     gp, t6, gp
core   0: 3 0x80008544 (0x023f81b3) x3  0x00000000
core   0: 0x80008548 (0x3676b597) auipc   a1, 0x3676b
core   0: 3 0x80008548 (0x3676b597) x11 0xb6773548
core   0: 0x8000854c (0xffd656e3) bge     a2, t4, pc - 20
core   0: 3 0x8000854c (0xffd656e3)
core   0: 0x80008538 (0x41410b33) sub     s6, sp, s4
core   0: 3 0x80008538 (0x41410b33) x22 0x80029d16
core   0: 0x8000853c (0x0000018a) c.slli  gp, 2
core   0: 3 0x8000853c (0x018a) x3  0x00000000
core   0: 0x8000853e (0x02ec0c33) mul     s8, s8, a4
core   0: 3 0x8000853e (0x02ec0c33) x24 0x5e040000
core   0: 0x80008542 (0x0000166d) c.addi  a2, -5
core   0: 3 0x80008542 (0x166d) x12 0xfffffff9
core   0: 0x80008544 (0x023f81b3) mul     gp, t6, gp
core   0: 3 0x80008544 (0x023f81b3) x3  0x00000000
core   0: 0x80008548 (0x3676b597) auipc   a1, 0x3676b
core   0: 3 0x80008548 (0x3676b597) x11 0xb6773548
core   0: 0x8000854c (0xffd656e3) bge     a2, t4, pc - 20
core   0: 3 0x8000854c (0xffd656e3)
core   0: 0x80008538 (0x41410b33) sub     s6, sp, s4
core   0: 3 0x80008538 (0x41410b33) x22 0x80029d16
core   0: 0x8000853c (0x0000018a) c.slli  gp, 2
core   0: 3 0x8000853c (0x018a) x3  0x00000000
core   0: 0x8000853e (0x02ec0c33) mul     s8, s8, a4
core   0: 3 0x8000853e (0x02ec0c33) x24 0x58500000
core   0: 0x80008542 (0x0000166d) c.addi  a2, -5
core   0: 3 0x80008542 (0x166d) x12 0xfffffff4
core   0: 0x80008544 (0x023f81b3) mul     gp, t6, gp
core   0: 3 0x80008544 (0x023f81b3) x3  0x00000000
core   0: 0x80008548 (0x3676b597) auipc   a1, 0x3676b
core   0: 3 0x80008548 (0x3676b597) x11 0xb6773548
core   0: 0x8000854c (0xffd656e3) bge     a2, t4, pc - 20
core   0: 3 0x8000854c (0xffd656e3)
core   0: 0x80008538 (0x41410b33) sub     s6, sp, s4
core   0: 3 0x80008538 (0x41410b33) x22 0x80029d16
core   0: 0x8000853c (0x0000018a) c.slli  gp, 2
core   0: 3 0x8000853c (0x018a) x3  0x00000000
core   0: 0x8000853e (0x02ec0c33) mul     s8, s8, a4
core   0: 3 0x8000853e (0x02ec0c33) x24 0xe6400000
core   0: 0x80008542 (0x0000166d) c.addi  a2, -5
core   0: 3 0x80008542 (0x166d) x12 0xffffffef
core   0: 0x80008544 (0x023f81b3) mul     gp, t6, gp
core   0: 3 0x80008544 (0x023f81b3) x3  0x00000000
core   0: 0x80008548 (0x3676b597) auipc   a1, 0x3676b
core   0: 3 0x80008548 (0x3676b597) x11 0xb6773548
core   0: 0x8000854c (0xffd656e3) bge     a2, t4, pc - 20
core   0: 3 0x8000854c (0xffd656e3)
core   0: 0x80008550 (0x000086dd) c.srai  a3, 23
core   0: 3 0x80008550 (0x86dd) x13 0x00000000
core   0: 0x80008552 (0xfb441fe3) bne     s0, s4, pc - 66
core   0: 3 0x80008552 (0xfb441fe3)
core   0: 0x80008510 (0x631bf293) andi    t0, s7, 1585
core   0: 3 0x80008510 (0x631bf293) x5  0x00000000
core   0: 0x80008514 (0xddf24913) xori    s2, tp, -545
core   0: 3 0x80008514 (0xddf24913) x18 0xfffffd90
core   0: 0x80008518 (0x00000001) c.nop
core   0: 3 0x80008518 (0x0001)
core   0: 0x8000851a (0x30655c37) lui     s8, 0x30655
core   0: 3 0x8000851a (0x30655c37) x24 0x30655000
core   0: 0x8000851e (0x00000001) c.nop
core   0: 3 0x8000851e (0x0001)
core   0: 0x80008520 (0x0394cd33) div     s10, s1, s9
core   0: 3 0x80008520 (0x0394cd33) x26 0xffe56684
core   0: 0x80008524 (0x0000997d) c.andi  a0, -1
core   0: 3 0x80008524 (0x997d) x10 0x00000400
core   0: 0x80008526 (0x0000040d) c.addi  s0, 3
core   0: 3 0x80008526 (0x040d) x8  0x0000000e
core   0: 0x80008528 (0x6629f693) andi    a3, s3, 1634
core   0: 3 0x80008528 (0x6629f693) x13 0x00000000
core   0: 0x8000852c (0x00004621) c.li    a2, 8
core   0: 3 0x8000852c (0x4621) x12 0x00000008
core   0: 0x8000852e (0x000081cd) c.srli  a1, 19
core   0: 3 0x8000852e (0x81cd) x11 0x000016ce
core   0: 0x80008530 (0x02730f33) mul     t5, t1, t2
core   0: 3 0x80008530 (0x02730f33) x30 0x38fd11a0
core   0: 0x80008534 (0x00005ec1) c.li    t4, -16
core   0: 3 0x80008534 (0x5ec1) x29 0xfffffff0
core   0: 0x80008536 (0x00005ffd) c.li    t6, -1
core   0: 3 0x80008536 (0x5ffd) x31 0xffffffff
core   0: 0x80008538 (0x41410b33) sub     s6, sp, s4
core   0: 3 0x80008538 (0x41410b33) x22 0x80029d16
core   0: 0x8000853c (0x0000018a) c.slli  gp, 2
core   0: 3 0x8000853c (0x018a) x3  0x00000000
core   0: 0x8000853e (0x02ec0c33) mul     s8, s8, a4
core   0: 3 0x8000853e (0x02ec0c33) x24 0xc7ea4000
core   0: 0x80008542 (0x0000166d) c.addi  a2, -5
core   0: 3 0x80008542 (0x166d) x12 0x00000003
core   0: 0x80008544 (0x023f81b3) mul     gp, t6, gp
core   0: 3 0x80008544 (0x023f81b3) x3  0x00000000
core   0: 0x80008548 (0x3676b597) auipc   a1, 0x3676b
core   0: 3 0x80008548 (0x3676b597) x11 0xb6773548
core   0: 0x8000854c (0xffd656e3) bge     a2, t4, pc - 20
core   0: 3 0x8000854c (0xffd656e3)
core   0: 0x80008538 (0x41410b33) sub     s6, sp, s4
core   0: 3 0x80008538 (0x41410b33) x22 0x80029d16
core   0: 0x8000853c (0x0000018a) c.slli  gp, 2
core   0: 3 0x8000853c (0x018a) x3  0x00000000
core   0: 0x8000853e (0x02ec0c33) mul     s8, s8, a4
core   0: 3 0x8000853e (0x02ec0c33) x24 0x9e4d0000
core   0: 0x80008542 (0x0000166d) c.addi  a2, -5
core   0: 3 0x80008542 (0x166d) x12 0xfffffffe
core   0: 0x80008544 (0x023f81b3) mul     gp, t6, gp
core   0: 3 0x80008544 (0x023f81b3) x3  0x00000000
core   0: 0x80008548 (0x3676b597) auipc   a1, 0x3676b
core   0: 3 0x80008548 (0x3676b597) x11 0xb6773548
core   0: 0x8000854c (0xffd656e3) bge     a2, t4, pc - 20
core   0: 3 0x8000854c (0xffd656e3)
core   0: 0x80008538 (0x41410b33) sub     s6, sp, s4
core   0: 3 0x80008538 (0x41410b33) x22 0x80029d16
core   0: 0x8000853c (0x0000018a) c.slli  gp, 2
core   0: 3 0x8000853c (0x018a) x3  0x00000000
core   0: 0x8000853e (0x02ec0c33) mul     s8, s8, a4
core   0: 3 0x8000853e (0x02ec0c33) x24 0x5e040000
core   0: 0x80008542 (0x0000166d) c.addi  a2, -5
core   0: 3 0x80008542 (0x166d) x12 0xfffffff9
core   0: 0x80008544 (0x023f81b3) mul     gp, t6, gp
core   0: 3 0x80008544 (0x023f81b3) x3  0x00000000
core   0: 0x80008548 (0x3676b597) auipc   a1, 0x3676b
core   0: 3 0x80008548 (0x3676b597) x11 0xb6773548
core   0: 0x8000854c (0xffd656e3) bge     a2, t4, pc - 20
core   0: 3 0x8000854c (0xffd656e3)
core   0: 0x80008538 (0x41410b33) sub     s6, sp, s4
core   0: 3 0x80008538 (0x41410b33) x22 0x80029d16
core   0: 0x8000853c (0x0000018a) c.slli  gp, 2
core   0: 3 0x8000853c (0x018a) x3  0x00000000
core   0: 0x8000853e (0x02ec0c33) mul     s8, s8, a4
core   0: 3 0x8000853e (0x02ec0c33) x24 0x58500000
core   0: 0x80008542 (0x0000166d) c.addi  a2, -5
core   0: 3 0x80008542 (0x166d) x12 0xfffffff4
core   0: 0x80008544 (0x023f81b3) mul     gp, t6, gp
core   0: 3 0x80008544 (0x023f81b3) x3  0x00000000
core   0: 0x80008548 (0x3676b597) auipc   a1, 0x3676b
core   0: 3 0x80008548 (0x3676b597) x11 0xb6773548
core   0: 0x8000854c (0xffd656e3) bge     a2, t4, pc - 20
core   0: 3 0x8000854c (0xffd656e3)
core   0: 0x80008538 (0x41410b33) sub     s6, sp, s4
core   0: 3 0x80008538 (0x41410b33) x22 0x80029d16
core   0: 0x8000853c (0x0000018a) c.slli  gp, 2
core   0: 3 0x8000853c (0x018a) x3  0x00000000
core   0: 0x8000853e (0x02ec0c33) mul     s8, s8, a4
core   0: 3 0x8000853e (0x02ec0c33) x24 0xe6400000
core   0: 0x80008542 (0x0000166d) c.addi  a2, -5
core   0: 3 0x80008542 (0x166d) x12 0xffffffef
core   0: 0x80008544 (0x023f81b3) mul     gp, t6, gp
core   0: 3 0x80008544 (0x023f81b3) x3  0x00000000
core   0: 0x80008548 (0x3676b597) auipc   a1, 0x3676b
core   0: 3 0x80008548 (0x3676b597) x11 0xb6773548
core   0: 0x8000854c (0xffd656e3) bge     a2, t4, pc - 20
core   0: 3 0x8000854c (0xffd656e3)
core   0: 0x80008550 (0x000086dd) c.srai  a3, 23
core   0: 3 0x80008550 (0x86dd) x13 0x00000000
core   0: 0x80008552 (0xfb441fe3) bne     s0, s4, pc - 66
core   0: 3 0x80008552 (0xfb441fe3)
core   0: 0x80008556 (0x00000001) c.nop
core   0: 3 0x80008556 (0x0001)
core   0: 0x80008558 (0x0100036f) jal     t1, pc + 0x10
core   0: 3 0x80008558 (0x0100036f) x6  0x8000855c
core   0: 0x80008568 (0x0000a811) c.j     pc + 20
core   0: 3 0x80008568 (0xa811)
core   0: 0x8000857c (0x00c000ef) jal     pc + 0xc
core   0: 3 0x8000857c (0x00c000ef) x1  0x80008580
core   0: 0x80008588 (0xff1ff36f) jal     t1, pc - 0x10
core   0: 3 0x80008588 (0xff1ff36f) x6  0x8000858c
core   0: 0x80008578 (0xffbfffef) jal     t6, pc - 0x6
core   0: 3 0x80008578 (0xffbfffef) x31 0x8000857c
core   0: 0x80008572 (0x0000a011) c.j     pc + 4
core   0: 3 0x80008572 (0xa011)
core   0: 0x80008576 (0x00002031) c.jal   pc + 12
core   0: 3 0x80008576 (0x2031) x1  0x80008578
core   0: 0x80008582 (0xfebff6ef) jal     a3, pc - 0x16
core   0: 3 0x80008582 (0xfebff6ef) x13 0x80008586
core   0: 0x8000856c (0x0000200d) c.jal   pc + 34
core   0: 3 0x8000856c (0x200d) x1  0x8000856e
core   0: 0x8000858e (0xfddffdef) jal     s11, pc - 0x24
core   0: 3 0x8000858e (0xfddffdef) x27 0x80008592
core   0: 0x8000856a (0x00003ff5) c.jal   pc - 4
core   0: 3 0x8000856a (0x3ff5) x1  0x8000856c
core   0: 0x80008566 (0x0000201d) c.jal   pc + 38
core   0: 3 0x80008566 (0x201d) x1  0x80008568
core   0: 0x8000858c (0x0000bfd5) c.j     pc - 12
core   0: 3 0x8000858c (0xbfd5)
core   0: 0x80008580 (0x00003fd5) c.jal   pc - 12
core   0: 3 0x80008580 (0x3fd5) x1  0x80008582
core   0: 0x80008574 (0x000037f5) c.jal   pc - 20
core   0: 3 0x80008574 (0x37f5) x1  0x80008576
core   0: 0x80008560 (0xffdff0ef) jal     pc - 0x4
core   0: 3 0x80008560 (0xffdff0ef) x1  0x80008564
core   0: 0x8000855c (0x0000a809) c.j     pc + 18
core   0: 3 0x8000855c (0xa809)
core   0: 0x8000856e (0xff7ff0ef) jal     pc - 0xa
core   0: 3 0x8000856e (0xff7ff0ef) x1  0x80008572
core   0: 0x80008564 (0x0000a00d) c.j     pc + 34
core   0: 3 0x80008564 (0xa00d)
core   0: 0x80008586 (0x00003fe1) c.jal   pc - 40
core   0: 3 0x80008586 (0x3fe1) x1  0x80008588
core   0: 0x8000855e (0x00002815) c.jal   pc + 52
core   0: 3 0x8000855e (0x2815) x1  0x80008560
core   0: 0x80008592 (0x0235c033) div     zero, a1, gp
core   0: 3 0x80008592 (0x0235c033)
core   0: 0x80008596 (0x0240036f) jal     t1, pc + 0x24
core   0: 3 0x80008596 (0x0240036f) x6  0x8000859a
core   0: 0x800085ba (0x0000a829) c.j     pc + 26
core   0: 3 0x800085ba (0xa829)
core   0: 0x800085d4 (0xfd7ff36f) jal     t1, pc - 0x2a
core   0: 3 0x800085d4 (0xfd7ff36f) x6  0x800085d8
core   0: 0x800085aa (0x00002809) c.jal   pc + 18
core   0: 3 0x800085aa (0x2809) x1  0x800085ac
core   0: 0x800085bc (0x00002839) c.jal   pc + 30
core   0: 3 0x800085bc (0x2839) x1  0x800085be
core   0: 0x800085da (0xfc7ffd6f) jal     s10, pc - 0x3a
core   0: 3 0x800085da (0xfc7ffd6f) x26 0x800085de
core   0: 0x800085a0 (0x03200eef) jal     t4, pc + 0x32
core   0: 3 0x800085a0 (0x03200eef) x29 0x800085a4
core   0: 0x800085d2 (0x000037fd) c.jal   pc - 18
core   0: 3 0x800085d2 (0x37fd) x1  0x800085d4
core   0: 0x800085c0 (0x00003fe9) c.jal   pc - 38
core   0: 3 0x800085c0 (0x3fe9) x1  0x800085c2
core   0: 0x8000859a (0x0000a809) c.j     pc + 18
core   0: 3 0x8000859a (0xa809)
core   0: 0x800085ac (0x00003fcd) c.jal   pc - 14
core   0: 3 0x800085ac (0x3fcd) x1  0x800085ae
core   0: 0x8000859e (0x0000280d) c.jal   pc + 50
core   0: 3 0x8000859e (0x280d) x1  0x800085a0
core   0: 0x800085d0 (0x000037fd) c.jal   pc - 18
core   0: 3 0x800085d0 (0x37fd) x1  0x800085d2
core   0: 0x800085be (0x00002021) c.jal   pc + 8
core   0: 3 0x800085be (0x2021) x1  0x800085c0
core   0: 0x800085c6 (0x0000bffd) c.j     pc - 2
core   0: 3 0x800085c6 (0xbffd)
core   0: 0x800085c4 (0x0000b7ed) c.j     pc - 22
core   0: 3 0x800085c4 (0xb7ed)
core   0: 0x800085ae (0x0320036f) jal     t1, pc + 0x32
core   0: 3 0x800085ae (0x0320036f) x6  0x800085b2
core   0: 0x800085e0 (0x000037f5) c.jal   pc - 20
core   0: 3 0x800085e0 (0x37f5) x1  0x800085e2
core   0: 0x800085cc (0x00003fdd) c.jal   pc - 10
core   0: 3 0x800085cc (0x3fdd) x1  0x800085ce
core   0: 0x800085c2 (0x0000bfd5) c.j     pc - 12
core   0: 3 0x800085c2 (0xbfd5)
core   0: 0x800085b6 (0xfe7ff0ef) jal     pc - 0x1a
core   0: 3 0x800085b6 (0xfe7ff0ef) x1  0x800085ba
core   0: 0x8000859c (0x00002021) c.jal   pc + 8
core   0: 3 0x8000859c (0x2021) x1  0x8000859e
core   0: 0x800085a4 (0x0000a815) c.j     pc + 52
core   0: 3 0x800085a4 (0xa815)
core   0: 0x800085d8 (0x0000bfc5) c.j     pc - 16
core   0: 3 0x800085d8 (0xbfc5)
core   0: 0x800085c8 (0xfdfff0ef) jal     pc - 0x22
core   0: 3 0x800085c8 (0xfdfff0ef) x1  0x800085cc
core   0: 0x800085a6 (0x00c0036f) jal     t1, pc + 0xc
core   0: 3 0x800085a6 (0x00c0036f) x6  0x800085aa
core   0: 0x800085b2 (0x02c000ef) jal     pc + 0x2c
core   0: 3 0x800085b2 (0x02c000ef) x1  0x800085b6
core   0: 0x800085de (0x0000bfc5) c.j     pc - 16
core   0: 3 0x800085de (0xbfc5)
core   0: 0x800085ce (0x00002811) c.jal   pc + 20
core   0: 3 0x800085ce (0x2811) x1  0x800085d0
core   0: 0x800085e2 (0x00008dc5) c.or    a1, s1
core   0: 3 0x800085e2 (0x8dc5) x11 0xb6777548
core   0: 0x800085e4 (0x0000a297) auipc   t0, 0xa
core   0: 3 0x800085e4 (0x0000a297) x5  0x800125e4
core   0: 0x800085e8 (0x8b528293) addi    t0, t0, -1867
core   0: 3 0x800085e8 (0x8b528293) x5  0x80011e99
core   0: 0x800085ec (0xfd22afa3) sw      s2, -33(t0)
core   0: 3 0x800085ec (0xfd22afa3) mem 0x80011e78 0xfffffd90
core   0: 0x800085f0 (0x03dc80b3) mul     ra, s9, t4
core   0: 3 0x800085f0 (0x03dc80b3) x1  0xffaf9b58
core   0: 0x800085f4 (0x0b929583) lh      a1, 185(t0)
core   0: 3 0x800085f4 (0x0b929583) x11 0x000012e1 mem 0x80011f52
core   0: 0x800085f8 (0x0aa28f83) lb      t6, 170(t0)
core   0: 3 0x800085f8 (0x0aa28f83) x31 0xffffffce mem 0x80011f43
core   0: 0x800085fc (0x00008de9) c.and   a1, a0
core   0: 3 0x800085fc (0x8de9) x11 0x00000000
core   0: 0x800085fe (0x00008da9) c.xor   a1, a0
core   0: 3 0x800085fe (0x8da9) x11 0x00000400
core   0: 0x80008600 (0x00006cf5) c.lui   s9, 0x1d
core   0: 3 0x80008600 (0x6cf5) x25 0x0001d000
core   0: 0x80008602 (0x0aa28b03) lb      s6, 170(t0)
core   0: 3 0x80008602 (0x0aa28b03) x22 0xffffffce mem 0x80011f43
core   0: 0x80008606 (0x00006709) c.lui   a4, 0x2
core   0: 3 0x80008606 (0x6709) x14 0x00002000
core   0: 0x80008608 (0x0aa2c583) lbu     a1, 170(t0)
core   0: 3 0x80008608 (0x0aa2c583) x11 0x000000ce mem 0x80011f43
core   0: 0x8000860c (0x0aa2c183) lbu     gp, 170(t0)
core   0: 3 0x8000860c (0x0aa2c183) x3  0x000000ce mem 0x80011f43
core   0: 0x80008610 (0xfcb28403) lb      s0, -53(t0)
core   0: 3 0x80008610 (0xfcb28403) x8  0xffffffa0 mem 0x80011e64
core   0: 0x80008614 (0xfa828183) lb      gp, -88(t0)
core   0: 3 0x80008614 (0xfa828183) x3  0x00000068 mem 0x80011e41
core   0: 0x80008618 (0xf912d503) lhu     a0, -111(t0)
core   0: 3 0x80008618 (0xf912d503) x10 0x00005996 mem 0x80011e2a
core   0: 0x8000861c (0xcc212993) slti    s3, sp, -830
core   0: 3 0x8000861c (0xcc212993) x19 0x00000001
core   0: 0x80008620 (0xfb32d083) lhu     ra, -77(t0)
core   0: 3 0x80008620 (0xfb32d083) x1  0x00004b04 mem 0x80011e4c
core   0: 0x80008624 (0x00005c7d) c.li    s8, -1
core   0: 3 0x80008624 (0x5c7d) x24 0xffffffff
core   0: 0x80008626 (0x0cb2ae03) lw      t3, 203(t0)
core   0: 3 0x80008626 (0x0cb2ae03) x28 0x6ce7da09 mem 0x80011f64
core   0: 0x8000862a (0x0000ac97) auipc   s9, 0xa
core   0: 3 0x8000862a (0x0000ac97) x25 0x8001262a
core   0: 0x8000862e (0x522c8c93) addi    s9, s9, 1314
core   0: 3 0x8000862e (0x522c8c93) x25 0x80012b4c
core   0: 0x80008632 (0x00ba9813) slli    a6, s5, 11
core   0: 3 0x80008632 (0x00ba9813) x16 0x0828a000
core   0: 0x80008636 (0x00000001) c.nop
core   0: 3 0x80008636 (0x0001)
core   0: 0x80008638 (0x02bccc03) lbu     s8, 43(s9)
core   0: 3 0x80008638 (0x02bccc03) x24 0x00000063 mem 0x80012b77
core   0: 0x8000863c (0x0360c533) div     a0, ra, s6
core   0: 3 0x8000863c (0x0360c533) x10 0xfffffe80
core   0: 0x80008640 (0xf53cc203) lbu     tp, -173(s9)
core   0: 3 0x80008640 (0xf53cc203) x4  0x00000087 mem 0x80012a9f
core   0: 0x80008644 (0x44662893) slti    a7, a2, 1094
core   0: 3 0x80008644 (0x44662893) x17 0x00000001
core   0: 0x80008648 (0x862cc193) xori    gp, s9, -1950
core   0: 3 0x80008648 (0x862cc193) x3  0x7ffed32e
core   0: 0x8000864c (0x0a6c8683) lb      a3, 166(s9)
core   0: 3 0x8000864c (0x0a6c8683) x13 0x0000006e mem 0x80012bf2
core   0: 0x80008650 (0xf47cc483) lbu     s1, -185(s9)
core   0: 3 0x80008650 (0xf47cc483) x9  0x00000043 mem 0x80012a93
core   0: 0x80008654 (0x0dec9d03) lh      s10, 222(s9)
core   0: 3 0x80008654 (0x0dec9d03) x26 0xffff80b6 mem 0x80012c2a
core   0: 0x80008658 (0xfd6cd203) lhu     tp, -42(s9)
core   0: 3 0x80008658 (0xfd6cd203) x4  0x0000d1de mem 0x80012b22
core   0: 0x8000865c (0xf9dc8623) sb      t4, -116(s9)
core   0: 3 0x8000865c (0xf9dc8623) mem 0x80012ad8 0xa4
core   0: 0x80008660 (0x00009ed6) c.add   t4, s5
core   0: 3 0x80008660 (0x9ed6) x29 0x00018ab8
core   0: 0x80008662 (0x0288ce33) div     t3, a7, s0
core   0: 3 0x80008662 (0x0288ce33) x28 0x00000000
core   0: 0x80008666 (0xcd32a613) slti    a2, t0, -813
core   0: 3 0x80008666 (0xcd32a613) x12 0x00000001
core   0: 0x8000866a (0xf25c87a3) sb      t0, -209(s9)
core   0: 3 0x8000866a (0xf25c87a3) mem 0x80012a7b 0x99
core   0: 0x8000866e (0x00008ced) c.and   s1, a1
core   0: 3 0x8000866e (0x8ced) x9  0x00000042
core   0: 0x80008670 (0xf02c9823) sh      sp, -240(s9)
core   0: 3 0x80008670 (0xf02c9823) mem 0x80012a5c 0x9d24
core   0: 0x80008674 (0x03238c33) mul     s8, t2, s2
core   0: 3 0x80008674 (0x03238c33) x24 0xfa3a5780
core   0: 0x80008678 (0x02f398b3) mulh    a7, t2, a5
core   0: 3 0x80008678 (0x02f398b3) x17 0x3ffed0e4
core   0: 0x8000867c (0x4f67a637) lui     a2, 0x4f67a
core   0: 3 0x8000867c (0x4f67a637) x12 0x4f67a000
core   0: 0x80008680 (0x0000127d) c.addi  tp, -1
core   0: 3 0x80008680 (0x127d) x4  0x0000d1dd
core   0: 0x80008682 (0x00000001) c.nop
core   0: 3 0x80008682 (0x0001)
core   0: 0x80008684 (0xfbaca223) sw      s10, -92(s9)
core   0: 3 0x80008684 (0xfbaca223) mem 0x80012af0 0xffff80b6
core   0: 0x80008688 (0xf30c9283) lh      t0, -208(s9)
core   0: 3 0x80008688 (0xf30c9283) x5  0x00001365 mem 0x80012a7c
core   0: 0x8000868c (0x038235b3) mulhu   a1, tp, s8
core   0: 3 0x8000868c (0x038235b3) x11 0x0000cd21
core   0: 0x80008690 (0x000098ba) c.add   a7, a4
core   0: 3 0x80008690 (0x98ba) x17 0x3ffef0e4
core   0: 0x80008692 (0x03f32733) mulhsu  a4, t1, t6
core   0: 3 0x80008692 (0x03f32733) x14 0x800085c2
core   0: 0x80008696 (0xfc4c9e83) lh      t4, -60(s9)
core   0: 3 0x80008696 (0xfc4c9e83) x29 0x000039b6 mem 0x80012b10
core   0: 0x8000869a (0x00000dee) c.slli  s11, 27
core   0: 3 0x8000869a (0x0dee) x27 0x90000000
core   0: 0x8000869c (0x21b57413) andi    s0, a0, 539
core   0: 3 0x8000869c (0x21b57413) x8  0x00000200
core   0: 0x800086a0 (0xfa3c8a83) lb      s5, -93(s9)
core   0: 3 0x800086a0 (0xfa3c8a83) x21 0x00000024 mem 0x80012aef
core   0: 0x800086a4 (0x087c8a23) sb      t2, 148(s9)
core   0: 3 0x800086a4 (0x087c8a23) mem 0x80012be0 0x38
core   0: 0x800086a8 (0x0fbc9e23) sh      s11, 252(s9)
core   0: 3 0x800086a8 (0x0fbc9e23) mem 0x80012c48 0x0000
core   0: 0x800086ac (0xfeecc703) lbu     a4, -18(s9)
core   0: 3 0x800086ac (0xfeecc703) x14 0x00000015 mem 0x80012b3a
core   0: 0x800086b0 (0x00fbe933) or      s2, s7, a5
core   0: 3 0x800086b0 (0x00fbe933) x18 0x80800000
core   0: 0x800086b4 (0x046cd683) lhu     a3, 70(s9)
core   0: 3 0x800086b4 (0x046cd683) x13 0x00007592 mem 0x80012b92
core   0: 0x800086b8 (0x02205333) divu    t1, zero, sp
core   0: 3 0x800086b8 (0x02205333) x6  0x00000000
core   0: 0x800086bc (0x00008cdd) c.or    s1, a5
core   0: 3 0x800086bc (0x8cdd) x9  0x80000042
core   0: 0x800086be (0x099ccb83) lbu     s7, 153(s9)
core   0: 3 0x800086be (0x099ccb83) x23 0x00000008 mem 0x80012be5
core   0: 0x800086c2 (0xfb5c8f83) lb      t6, -75(s9)
core   0: 3 0x800086c2 (0xfb5c8f83) x31 0xffffffbe mem 0x80012b01
core   0: 0x800086c6 (0x00004529) c.li    a0, 10
core   0: 3 0x800086c6 (0x4529) x10 0x0000000a
core   0: 0x800086c8 (0x00004a99) c.li    s5, 6
core   0: 3 0x800086c8 (0x4a99) x21 0x00000006
core   0: 0x800086ca (0x00000f1a) c.slli  t5, 6
core   0: 3 0x800086ca (0x0f1a) x30 0x3f446800
core   0: 0x800086cc (0x00008839) c.andi  s0, 14
core   0: 3 0x800086cc (0x8839) x8  0x00000000
core   0: 0x800086ce (0x000005fa) c.slli  a1, 30
core   0: 3 0x800086ce (0x05fa) x11 0x40000000
core   0: 0x800086d0 (0x015b9913) slli    s2, s7, 21
core   0: 3 0x800086d0 (0x015b9913) x18 0x01000000
core   0: 0x800086d4 (0x03f7bcb3) mulhu   s9, a5, t6
core   0: 3 0x800086d4 (0x03f7bcb3) x25 0x7fffffdf
core   0: 0x800086d8 (0x01fc41b3) xor     gp, s8, t6
core   0: 3 0x800086d8 (0x01fc41b3) x3  0x05c5a83e
core   0: 0x800086dc (0x00008df1) c.and   a1, a2
core   0: 3 0x800086dc (0x8df1) x11 0x40000000
core   0: 0x800086de (0x030c62b3) rem     t0, s8, a6
core   0: 3 0x800086de (0x030c62b3) x5  0xfa3a5780
core   0: 0x800086e2 (0x0004ccb3) xor     s9, s1, zero
core   0: 3 0x800086e2 (0x0004ccb3) x25 0x80000042
core   0: 0x800086e6 (0x012fe033) or      zero, t6, s2
core   0: 3 0x800086e6 (0x012fe033)
core   0: 0x800086ea (0x000011fd) c.addi  gp, -1
core   0: 3 0x800086ea (0x11fd) x3  0x05c5a83d
core   0: 0x800086ec (0x013a3733) sltu    a4, s4, s3
core   0: 3 0x800086ec (0x013a3733) x14 0x00000000
core   0: 0x800086f0 (0x00001579) c.addi  a0, -2
core   0: 3 0x800086f0 (0x1579) x10 0x00000008
core   0: 0x800086f2 (0x00006f05) c.lui   t5, 0x1
core   0: 3 0x800086f2 (0x6f05) x30 0x00001000
core   0: 0x800086f4 (0x008f2933) slt     s2, t5, s0
core   0: 3 0x800086f4 (0x008f2933) x18 0x00000000
core   0: 0x800086f8 (0x00004da5) c.li    s11, 9
core   0: 3 0x800086f8 (0x4da5) x27 0x00000009
core   0: 0x800086fa (0x03da5d33) divu    s10, s4, t4
core   0: 3 0x800086fa (0x03da5d33) x26 0x00000000
core   0: 0x800086fe (0x00005eb1) c.li    t4, -20
core   0: 3 0x800086fe (0x5eb1) x29 0xffffffec
core   0: 0x80008700 (0x82423f13) sltiu   t5, tp, -2012
core   0: 3 0x80008700 (0x82423f13) x30 0x00000001
core   0: 0x80008704 (0x021fdfb3) divu    t6, t6, ra
core   0: 3 0x80008704 (0x021fdfb3) x31 0x000369a1
core   0: 0x80008708 (0x00008c7d) c.and   s0, a5
core   0: 3 0x80008708 (0x8c7d) x8  0x00000000
core   0: 0x8000870a (0x00001de9) c.addi  s11, -6
core   0: 3 0x8000870a (0x1de9) x27 0x00000003
core   0: 0x8000870c (0x41a30cb3) sub     s9, t1, s10
core   0: 3 0x8000870c (0x41a30cb3) x25 0x00000000
core   0: 0x80008710 (0x415d5013) srai    zero, s10, 21
core   0: 3 0x80008710 (0x415d5013)
core   0: 0x80008714 (0xffddd6e3) bge     s11, t4, pc - 20
core   0: 3 0x80008714 (0xffddd6e3)
core   0: 0x80008700 (0x82423f13) sltiu   t5, tp, -2012
core   0: 3 0x80008700 (0x82423f13) x30 0x00000001
core   0: 0x80008704 (0x021fdfb3) divu    t6, t6, ra
core   0: 3 0x80008704 (0x021fdfb3) x31 0x0000000b
core   0: 0x80008708 (0x00008c7d) c.and   s0, a5
core   0: 3 0x80008708 (0x8c7d) x8  0x00000000
core   0: 0x8000870a (0x00001de9) c.addi  s11, -6
core   0: 3 0x8000870a (0x1de9) x27 0xfffffffd
core   0: 0x8000870c (0x41a30cb3) sub     s9, t1, s10
core   0: 3 0x8000870c (0x41a30cb3) x25 0x00000000
core   0: 0x80008710 (0x415d5013) srai    zero, s10, 21
core   0: 3 0x80008710 (0x415d5013)
core   0: 0x80008714 (0xffddd6e3) bge     s11, t4, pc - 20
core   0: 3 0x80008714 (0xffddd6e3)
core   0: 0x80008700 (0x82423f13) sltiu   t5, tp, -2012
core   0: 3 0x80008700 (0x82423f13) x30 0x00000001
core   0: 0x80008704 (0x021fdfb3) divu    t6, t6, ra
core   0: 3 0x80008704 (0x021fdfb3) x31 0x00000000
core   0: 0x80008708 (0x00008c7d) c.and   s0, a5
core   0: 3 0x80008708 (0x8c7d) x8  0x00000000
core   0: 0x8000870a (0x00001de9) c.addi  s11, -6
core   0: 3 0x8000870a (0x1de9) x27 0xfffffff7
core   0: 0x8000870c (0x41a30cb3) sub     s9, t1, s10
core   0: 3 0x8000870c (0x41a30cb3) x25 0x00000000
core   0: 0x80008710 (0x415d5013) srai    zero, s10, 21
core   0: 3 0x80008710 (0x415d5013)
core   0: 0x80008714 (0xffddd6e3) bge     s11, t4, pc - 20
core   0: 3 0x80008714 (0xffddd6e3)
core   0: 0x80008700 (0x82423f13) sltiu   t5, tp, -2012
core   0: 3 0x80008700 (0x82423f13) x30 0x00000001
core   0: 0x80008704 (0x021fdfb3) divu    t6, t6, ra
core   0: 3 0x80008704 (0x021fdfb3) x31 0x00000000
core   0: 0x80008708 (0x00008c7d) c.and   s0, a5
core   0: 3 0x80008708 (0x8c7d) x8  0x00000000
core   0: 0x8000870a (0x00001de9) c.addi  s11, -6
core   0: 3 0x8000870a (0x1de9) x27 0xfffffff1
core   0: 0x8000870c (0x41a30cb3) sub     s9, t1, s10
core   0: 3 0x8000870c (0x41a30cb3) x25 0x00000000
core   0: 0x80008710 (0x415d5013) srai    zero, s10, 21
core   0: 3 0x80008710 (0x415d5013)
core   0: 0x80008714 (0xffddd6e3) bge     s11, t4, pc - 20
core   0: 3 0x80008714 (0xffddd6e3)
core   0: 0x80008700 (0x82423f13) sltiu   t5, tp, -2012
core   0: 3 0x80008700 (0x82423f13) x30 0x00000001
core   0: 0x80008704 (0x021fdfb3) divu    t6, t6, ra
core   0: 3 0x80008704 (0x021fdfb3) x31 0x00000000
core   0: 0x80008708 (0x00008c7d) c.and   s0, a5
core   0: 3 0x80008708 (0x8c7d) x8  0x00000000
core   0: 0x8000870a (0x00001de9) c.addi  s11, -6
core   0: 3 0x8000870a (0x1de9) x27 0xffffffeb
core   0: 0x8000870c (0x41a30cb3) sub     s9, t1, s10
core   0: 3 0x8000870c (0x41a30cb3) x25 0x00000000
core   0: 0x80008710 (0x415d5013) srai    zero, s10, 21
core   0: 3 0x80008710 (0x415d5013)
core   0: 0x80008714 (0xffddd6e3) bge     s11, t4, pc - 20
core   0: 3 0x80008714 (0xffddd6e3)
core   0: 0x80008718 (0x00000d6e) c.slli  s10, 27
core   0: 3 0x80008718 (0x0d6e) x26 0x00000000
core   0: 0x8000871a (0x029a78b3) remu    a7, s4, s1
core   0: 3 0x8000871a (0x029a78b3) x17 0x0000000e
core   0: 0x8000871e (0x00000001) c.nop
core   0: 3 0x8000871e (0x0001)
core   0: 0x80008720 (0xfd5505e3) beq     a0, s5, pc - 54
core   0: 3 0x80008720 (0xfd5505e3)
core   0: 0x80008724 (0x01eedc13) srli    s8, t4, 30
core   0: 3 0x80008724 (0x01eedc13) x24 0x00000003
core   0: 0x80008728 (0x00009517) auipc   a0, 0x9
core   0: 3 0x80008728 (0x00009517) x10 0x80011728
core   0: 0x8000872c (0x8fa50513) addi    a0, a0, -1798
core   0: 3 0x8000872c (0x8fa50513) x10 0x80011022
core   0: 0x80008730 (0x2a834c13) xori    s8, t1, 680
core   0: 3 0x80008730 (0x2a834c13) x24 0x000002a8
core   0: 0x80008734 (0x4f7a7293) andi    t0, s4, 1271
core   0: 3 0x80008734 (0x4f7a7293) x5  0x00000006
core   0: 0x80008738 (0x028cf733) remu    a4, s9, s0
core   0: 3 0x80008738 (0x028cf733) x14 0x00000000
core   0: 0x8000873c (0x00008085) c.srli  s1, 1
core   0: 3 0x8000873c (0x8085) x9  0x40000021
core   0: 0x8000873e (0xf1854d83) lbu     s11, -232(a0)
core   0: 3 0x8000873e (0xf1854d83) x27 0x0000001b mem 0x80010f3a
core   0: 0x80008742 (0xf9651123) sh      s6, -126(a0)
core   0: 3 0x80008742 (0xf9651123) mem 0x80010fa4 0xffce
core   0: 0x80008746 (0x02cb7333) remu    t1, s6, a2
core   0: 3 0x80008746 (0x02cb7333) x6  0x11c91fce
core   0: 0x8000874a (0x7397b493) sltiu   s1, a5, 1849
core   0: 3 0x8000874a (0x7397b493) x9  0x00000000
core   0: 0x8000874e (0xf6451683) lh      a3, -156(a0)
core   0: 3 0x8000874e (0xf6451683) x13 0x00000000 mem 0x80010f86
core   0: 0x80008752 (0x03589233) mulh    tp, a7, s5
core   0: 3 0x80008752 (0x03589233) x4  0x00000000
core   0: 0x80008756 (0xfad51023) sh      a3, -96(a0)
core   0: 3 0x80008756 (0xfad51023) mem 0x80010fc2 0x0000
core   0: 0x8000875a (0x41805713) srai    a4, zero, 24
core   0: 3 0x8000875a (0x41805713) x14 0x00000000
core   0: 0x8000875e (0x00008089) c.srli  s1, 2
core   0: 3 0x8000875e (0x8089) x9  0x00000000
core   0: 0x80008760 (0xf4d501a3) sb      a3, -189(a0)
core   0: 3 0x80008760 (0xf4d501a3) mem 0x80010f65 0x00
core   0: 0x80008764 (0xf0a55f83) lhu     t6, -246(a0)
core   0: 3 0x80008764 (0xf0a55f83) x31 0x00007316 mem 0x80010f2c
core   0: 0x80008768 (0xf5954b83) lbu     s7, -167(a0)
core   0: 3 0x80008768 (0xf5954b83) x23 0x00000053 mem 0x80010f7b
core   0: 0x8000876c (0x031470b3) remu    ra, s0, a7
core   0: 3 0x8000876c (0x031470b3) x1  0x00000000
core   0: 0x80008770 (0x01a7db93) srli    s7, a5, 26
core   0: 3 0x80008770 (0x01a7db93) x23 0x00000020
core   0: 0x80008774 (0xff050883) lb      a7, -16(a0)
core   0: 3 0x80008774 (0xff050883) x17 0x00000056 mem 0x80011012
core   0: 0x80008778 (0xfd2502a3) sb      s2, -59(a0)
core   0: 3 0x80008778 (0xfd2502a3) mem 0x80010fe7 0x00
core   0: 0x8000877c (0x00411193) slli    gp, sp, 4
core   0: 3 0x8000877c (0x00411193) x3  0x0029d240
core   0: 0x80008780 (0x00000001) c.nop
core   0: 3 0x80008780 (0x0001)
core   0: 0x80008782 (0x01d54a03) lbu     s4, 29(a0)
core   0: 3 0x80008782 (0x01d54a03) x20 0x00000022 mem 0x8001103f
core   0: 0x80008786 (0x01d54d83) lbu     s11, 29(a0)
core   0: 3 0x80008786 (0x01d54d83) x27 0x00000022 mem 0x8001103f
core   0: 0x8000878a (0x392b6313) ori     t1, s6, 914
core   0: 3 0x8000878a (0x392b6313) x6  0xffffffde
core   0: 0x8000878e (0xf6054603) lbu     a2, -160(a0)
core   0: 3 0x8000878e (0xf6054603) x12 0x000000fd mem 0x80010f82
core   0: 0x80008792 (0xf1650ba3) sb      s6, -233(a0)
core   0: 3 0x80008792 (0xf1650ba3) mem 0x80010f39 0xce
core   0: 0x80008796 (0x00008c09) c.sub   s0, a0
core   0: 3 0x80008796 (0x8c09) x8  0x7ffeefde
core   0: 0x80008798 (0x0339b4b3) mulhu   s1, s3, s3
core   0: 3 0x80008798 (0x0339b4b3) x9  0x00000000
core   0: 0x8000879c (0x797f0a13) addi    s4, t5, 1943
core   0: 3 0x8000879c (0x797f0a13) x20 0x00000798
core   0: 0x800087a0 (0x0259c933) div     s2, s3, t0
core   0: 3 0x800087a0 (0x0259c933) x18 0x00000000
core   0: 0x800087a4 (0xf8b54583) lbu     a1, -117(a0)
core   0: 3 0x800087a4 (0xf8b54583) x11 0x00000067 mem 0x80010fad
core   0: 0x800087a8 (0x00a39b93) slli    s7, t2, 10
core   0: 3 0x800087a8 (0x00a39b93) x23 0x0978e000
core   0: 0x800087ac (0xf6e52123) sw      a4, -158(a0)
core   0: 3 0x800087ac (0xf6e52123) mem 0x80010f84 0x00000000
core   0: 0x800087b0 (0xf4754983) lbu     s3, -185(a0)
core   0: 3 0x800087b0 (0xf4754983) x19 0x000000a3 mem 0x80010f69
core   0: 0x800087b4 (0x01565913) srli    s2, a2, 21
core   0: 3 0x800087b4 (0x01565913) x18 0x00000000
core   0: 0x800087b8 (0x86e80d93) addi    s11, a6, -1938
core   0: 3 0x800087b8 (0x86e80d93) x27 0x0828986e
core   0: 0x800087bc (0xfa652b83) lw      s7, -90(a0)
core   0: 3 0x800087bc (0xfa652b83) x23 0xde965a9f mem 0x80010fc8
core   0: 0x800087c0 (0xf7552123) sw      s5, -158(a0)
core   0: 3 0x800087c0 (0xf7552123) mem 0x80010f84 0x00000006
core   0: 0x800087c4 (0xa75b1e17) auipc   t3, 0xa75b1
core   0: 3 0x800087c4 (0xa75b1e17) x28 0x275b97c4
core   0: 0x800087c8 (0xf52504a3) sb      s2, -183(a0)
core   0: 3 0x800087c8 (0xf52504a3) mem 0x80010f6b 0x00
core   0: 0x800087cc (0xf3550b03) lb      s6, -203(a0)
core   0: 3 0x800087cc (0xf3550b03) x22 0xffffffb1 mem 0x80010f57
core   0: 0x800087d0 (0x00009e7e) c.add   t3, t6
core   0: 3 0x800087d0 (0x9e7e) x28 0x275c0ada
core   0: 0x800087d2 (0x029f18b3) mulh    a7, t5, s1
core   0: 3 0x800087d2 (0x029f18b3) x17 0x00000000
core   0: 0x800087d6 (0x00000001) c.nop
core   0: 3 0x800087d6 (0x0001)
core   0: 0x800087d8 (0x00000001) c.nop
core   0: 3 0x800087d8 (0x0001)
core   0: 0x800087da (0xf5950883) lb      a7, -167(a0)
core   0: 3 0x800087da (0xf5950883) x17 0x00000053 mem 0x80010f7b
core   0: 0x800087de (0x0000b317) auipc   t1, 0xb
core   0: 3 0x800087de (0x0000b317) x6  0x800137de
core   0: 0x800087e2 (0x07830313) addi    t1, t1, 120
core   0: 3 0x800087e2 (0x07830313) x6  0x80013856
core   0: 0x800087e6 (0xc78f4837) lui     a6, 0xc78f4
core   0: 3 0x800087e6 (0xc78f4837) x16 0xc78f4000
core   0: 0x800087ea (0x02b30883) lb      a7, 43(t1)
core   0: 3 0x800087ea (0x02b30883) x17 0xffffff8b mem 0x80013881
core   0: 0x800087ee (0x0718a893) slti    a7, a7, 113
core   0: 3 0x800087ee (0x0718a893) x17 0x00000001
core   0: 0x800087f2 (0x01c30323) sb      t3, 6(t1)
core   0: 3 0x800087f2 (0x01c30323) mem 0x8001385c 0xda
core   0: 0x800087f6 (0x00000f92) c.slli  t6, 4
core   0: 3 0x800087f6 (0x0f92) x31 0x00073160
core   0: 0x800087f8 (0x031e28b3) mulhsu  a7, t3, a7
core   0: 3 0x800087f8 (0x031e28b3) x17 0x00000000
core   0: 0x800087fc (0xff030123) sb      a6, -30(t1)
core   0: 3 0x800087fc (0xff030123) mem 0x80013838 0x00
core   0: 0x80008800 (0xff032923) sw      a6, -14(t1)
core   0: 3 0x80008800 (0xff032923) mem 0x80013848 0xc78f4000
core   0: 0x80008804 (0x00000001) c.nop
core   0: 3 0x80008804 (0x0001)
core   0: 0x80008806 (0x9384a897) auipc   a7, 0x9384a
core   0: 3 0x80008806 (0x9384a897) x17 0x13852806
core   0: 0x8000880a (0x01c8c8b3) xor     a7, a7, t3
core   0: 3 0x8000880a (0x01c8c8b3) x17 0x34d922dc
core   0: 0x8000880e (0xfc031c03) lh      s8, -64(t1)
core   0: 3 0x8000880e (0xfc031c03) x24 0xffffffa8 mem 0x80013816
core   0: 0x80008812 (0x010c1893) slli    a7, s8, 16
core   0: 3 0x80008812 (0x010c1893) x17 0xffa80000
core   0: 0x80008816 (0x00b34f83) lbu     t6, 11(t1)
core   0: 3 0x80008816 (0x00b34f83) x31 0x0000004d mem 0x80013861
core   0: 0x8000881a (0xfd230f83) lb      t6, -46(t1)
core   0: 3 0x8000881a (0xfd230f83) x31 0x00000022 mem 0x80013828
core   0: 0x8000881e (0xfd232803) lw      a6, -46(t1)
core   0: 3 0x8000881e (0xfd232803) x16 0x9aa42e22 mem 0x80013828
core   0: 0x80008822 (0x7d083e13) sltiu   t3, a6, 2000
core   0: 3 0x80008822 (0x7d083e13) x28 0x00000000
core   0: 0x80008826 (0x011301a3) sb      a7, 3(t1)
core   0: 3 0x80008826 (0x011301a3) mem 0x80013859 0x00
core   0: 0x8000882a (0x0108bfb3) sltu    t6, a7, a6
core   0: 3 0x8000882a (0x0108bfb3) x31 0x00000000
core   0: 0x8000882e (0x01fc78b3) and     a7, s8, t6
core   0: 3 0x8000882e (0x01fc78b3) x17 0x00000000
core   0: 0x80008832 (0xfed34f83) lbu     t6, -19(t1)
core   0: 3 0x80008832 (0xfed34f83) x31 0x00000086 mem 0x80013843
core   0: 0x80008836 (0x030e7e33) remu    t3, t3, a6
core   0: 3 0x80008836 (0x030e7e33) x28 0x00000000
core   0: 0x8000883a (0x00006fb5) c.lui   t6, 0xd
core   0: 3 0x8000883a (0x6fb5) x31 0x0000d000
core   0: 0x8000883c (0x01f30ba3) sb      t6, 23(t1)
core   0: 3 0x8000883c (0x01f30ba3) mem 0x8001386d 0x00
core   0: 0x80008840 (0x01882633) slt     a2, a6, s8
core   0: 3 0x80008840 (0x01882633) x12 0x00000001
core   0: 0x80008844 (0x010c1fb3) sll     t6, s8, a6
core   0: 3 0x80008844 (0x010c1fb3) x31 0xfffffea0
core   0: 0x80008848 (0x02c608b3) mul     a7, a2, a2
core   0: 3 0x80008848 (0x02c608b3) x17 0x00000001
core   0: 0x8000884c (0x00009a7d) c.andi  a2, -1
core   0: 3 0x8000884c (0x9a7d) x12 0x00000001
core   0: 0x8000884e (0x70237897) auipc   a7, 0x70237
core   0: 3 0x8000884e (0x70237897) x17 0xf023f84e
core   0: 0x80008852 (0x03c8c8b3) div     a7, a7, t3
core   0: 3 0x80008852 (0x03c8c8b3) x17 0xffffffff
core   0: 0x80008856 (0x00006619) c.lui   a2, 0x6
core   0: 3 0x80008856 (0x6619) x12 0x00006000
core   0: 0x80008858 (0x01930883) lb      a7, 25(t1)
core   0: 3 0x80008858 (0x01930883) x17 0xfffffff7 mem 0x8001386f
core   0: 0x8000885c (0xfe831603) lh      a2, -24(t1)
core   0: 3 0x8000885c (0xfe831603) x12 0xffff9c37 mem 0x8001383e
core   0: 0x80008860 (0x01031e23) sh      a6, 28(t1)
core   0: 3 0x80008860 (0x01031e23) mem 0x80013872 0x2e22
core   0: 0x80008864 (0x00930603) lb      a2, 9(t1)
core   0: 3 0x80008864 (0x00930603) x12 0xffffffff mem 0x8001385f
core   0: 0x80008868 (0x031e0833) mul     a6, t3, a7
core   0: 3 0x80008868 (0x031e0833) x16 0x00000000
core   0: 0x8000886c (0x00000676) c.slli  a2, 29
core   0: 3 0x8000886c (0x0676) x12 0xe0000000
core   0: 0x8000886e (0x02835e03) lhu     t3, 40(t1)
core   0: 3 0x8000886e (0x02835e03) x28 0x0000fb2b mem 0x8001387e
core   0: 0x80008872 (0x00a32883) lw      a7, 10(t1)
core   0: 3 0x80008872 (0x00a32883) x17 0x926c4d42 mem 0x80013860
core   0: 0x80008876 (0x00c31723) sh      a2, 14(t1)
core   0: 3 0x80008876 (0x00c31723) mem 0x80013864 0x0000
core   0: 0x8000887a (0x01f32d23) sw      t6, 26(t1)
core   0: 3 0x8000887a (0x01f32d23) mem 0x80013870 0xfffffea0
core   0: 0x8000887e (0x02c30f23) sb      a2, 62(t1)
core   0: 3 0x8000887e (0x02c30f23) mem 0x80013894 0x00
core   0: 0x80008882 (0x010303a3) sb      a6, 7(t1)
core   0: 3 0x80008882 (0x010303a3) mem 0x8001385d 0x00
core   0: 0x80008886 (0x0000187d) c.addi  a6, -1
core   0: 3 0x80008886 (0x187d) x16 0xffffffff
core   0: 0x80008888 (0x01c30423) sb      t3, 8(t1)
core   0: 3 0x80008888 (0x01c30423) mem 0x8001385e 0x2b
core   0: 0x8000888c (0x031f8fb3) mul     t6, t6, a7
core   0: 3 0x8000888c (0x031f8fb3) x31 0xab15c540
core   0: 0x80008890 (0xa19e7f93) andi    t6, t3, -1511
core   0: 3 0x80008890 (0xa19e7f93) x31 0x0000fa09
core   0: 0x80008894 (0x01f81fb3) sll     t6, a6, t6
core   0: 3 0x80008894 (0x01f81fb3) x31 0xfffffe00
core   0: 0x80008898 (0x01c84833) xor     a6, a6, t3
core   0: 3 0x80008898 (0x01c84833) x16 0xffff04d4
core   0: 0x8000889c (0x02c302a3) sb      a2, 37(t1)
core   0: 3 0x8000889c (0x02c302a3) mem 0x8001387b 0x00
core   0: 0x800088a0 (0x000018fd) c.addi  a7, -1
core   0: 3 0x800088a0 (0x18fd) x17 0x926c4d41
core   0: 0x800088a2 (0x01d30803) lb      a6, 29(t1)
core   0: 3 0x800088a2 (0x01d30803) x16 0xffffffff mem 0x80013873
core   0: 0x800088a6 (0x000098e2) c.add   a7, s8
core   0: 3 0x800088a6 (0x98e2) x17 0x926c4ce9
core   0: 0x800088a8 (0x01032323) sw      a6, 6(t1)
core   0: 3 0x800088a8 (0x01032323) mem 0x8001385c 0xffffffff
core   0: 0x800088ac (0x00004525) c.li    a0, 9
core   0: 3 0x800088ac (0x4525) x10 0x00000009
core   0: 0x800088ae (0x00004abd) c.li    s5, 15
core   0: 3 0x800088ae (0x4abd) x21 0x0000000f
core   0: 0x800088b0 (0xa2050293) addi    t0, a0, -1504
core   0: 3 0x800088b0 (0xa2050293) x5  0xfffffa29
core   0: 0x800088b4 (0x00000515) c.addi  a0, 5
core   0: 3 0x800088b4 (0x0515) x10 0x0000000e
core   0: 0x800088b6 (0x00004ea1) c.li    t4, 8
core   0: 3 0x800088b6 (0x4ea1) x29 0x00000008
core   0: 0x800088b8 (0x00004d9d) c.li    s11, 7
core   0: 3 0x800088b8 (0x4d9d) x27 0x00000007
core   0: 0x800088ba (0x000065a9) c.lui   a1, 0xa
core   0: 3 0x800088ba (0x65a9) x11 0x0000a000
core   0: 0x800088bc (0x00001ef1) c.addi  t4, -4
core   0: 3 0x800088bc (0x1ef1) x29 0x00000004
core   0: 0x800088be (0xffbefee3) bgeu    t4, s11, pc - 4
core   0: 3 0x800088be (0xffbefee3)
core   0: 0x800088c2 (0xff5567e3) bltu    a0, s5, pc - 18
core   0: 3 0x800088c2 (0xff5567e3)
core   0: 0x800088b0 (0xa2050293) addi    t0, a0, -1504
core   0: 3 0x800088b0 (0xa2050293) x5  0xfffffa2e
core   0: 0x800088b4 (0x00000515) c.addi  a0, 5
core   0: 3 0x800088b4 (0x0515) x10 0x00000013
core   0: 0x800088b6 (0x00004ea1) c.li    t4, 8
core   0: 3 0x800088b6 (0x4ea1) x29 0x00000008
core   0: 0x800088b8 (0x00004d9d) c.li    s11, 7
core   0: 3 0x800088b8 (0x4d9d) x27 0x00000007
core   0: 0x800088ba (0x000065a9) c.lui   a1, 0xa
core   0: 3 0x800088ba (0x65a9) x11 0x0000a000
core   0: 0x800088bc (0x00001ef1) c.addi  t4, -4
core   0: 3 0x800088bc (0x1ef1) x29 0x00000004
core   0: 0x800088be (0xffbefee3) bgeu    t4, s11, pc - 4
core   0: 3 0x800088be (0xffbefee3)
core   0: 0x800088c2 (0xff5567e3) bltu    a0, s5, pc - 18
core   0: 3 0x800088c2 (0xff5567e3)
core   0: 0x800088c6 (0x016e7433) and     s0, t3, s6
core   0: 3 0x800088c6 (0x016e7433) x8  0x0000fb21
core   0: 0x800088ca (0x00008517) auipc   a0, 0x8
core   0: 3 0x800088ca (0x00008517) x10 0x800108ca
core   0: 0x800088ce (0x2e050513) addi    a0, a0, 736
core   0: 3 0x800088ce (0x2e050513) x10 0x80010baa
core   0: 0x800088d2 (0x01451523) sh      s4, 10(a0)
core   0: 3 0x800088d2 (0x01451523) mem 0x80010bb4 0x0798
core   0: 0x800088d6 (0x00000001) c.nop
core   0: 3 0x800088d6 (0x0001)
core   0: 0x800088d8 (0x03e96a33) rem     s4, s2, t5
core   0: 3 0x800088d8 (0x03e96a33) x20 0x00000000
core   0: 0x800088dc (0x00351623) sh      gp, 12(a0)
core   0: 3 0x800088dc (0x00351623) mem 0x80010bb6 0xd240
core   0: 0x800088e0 (0x00154e83) lbu     t4, 1(a0)
core   0: 3 0x800088e0 (0x00154e83) x29 0x0000002b mem 0x80010bab
core   0: 0x800088e4 (0xff054703) lbu     a4, -16(a0)
core   0: 3 0x800088e4 (0xff054703) x14 0x00000067 mem 0x80010b9a
core   0: 0x800088e8 (0x000082b5) c.srli  a3, 13
core   0: 3 0x800088e8 (0x82b5) x13 0x00000000
core   0: 0x800088ea (0x403706b3) sub     a3, a4, gp
core   0: 3 0x800088ea (0x403706b3) x13 0xffd62e27
core   0: 0x800088ee (0x00000001) c.nop
core   0: 3 0x800088ee (0x0001)
core   0: 0x800088f0 (0x01550023) sb      s5, 0(a0)
core   0: 3 0x800088f0 (0x01550023) mem 0x80010baa 0x0f
core   0: 0x800088f4 (0x02cbefb3) rem     t6, s7, a2
core   0: 3 0x800088f4 (0x02cbefb3) x31 0xfe965a9f
core   0: 0x800088f8 (0x00b504a3) sb      a1, 9(a0)
core   0: 3 0x800088f8 (0x00b504a3) mem 0x80010bb3 0x00
core   0: 0x800088fc (0xff350203) lb      tp, -13(a0)
core   0: 3 0x800088fc (0xff350203) x4  0xffffffde mem 0x80010b9d
core   0: 0x80008900 (0x03518f33) mul     t5, gp, s5
core   0: 3 0x80008900 (0x03518f33) x30 0x027351c0
core   0: 0x80008904 (0x41c052b3) sra     t0, zero, t3
core   0: 3 0x80008904 (0x41c052b3) x5  0x00000000
core   0: 0x80008908 (0xff855303) lhu     t1, -8(a0)
core   0: 3 0x80008908 (0xff855303) x6  0x0000a858 mem 0x80010ba2
core   0: 0x8000890c (0x009335b3) sltu    a1, t1, s1
core   0: 3 0x8000890c (0x009335b3) x11 0x00000000
core   0: 0x80008910 (0x416188b3) sub     a7, gp, s6
core   0: 3 0x80008910 (0x416188b3) x17 0x0029d28f
core   0: 0x80008914 (0x00654a83) lbu     s5, 6(a0)
core   0: 3 0x80008914 (0x00654a83) x21 0x000000de mem 0x80010bb0
core   0: 0x80008918 (0xfe050e23) sb      zero, -4(a0)
core   0: 3 0x80008918 (0xfe050e23) mem 0x80010ba6 0x00
core   0: 0x8000891c (0xff350c83) lb      s9, -13(a0)
core   0: 3 0x8000891c (0xff350c83) x25 0xffffffde mem 0x80010b9d
core   0: 0x80008920 (0x0b84e993) ori     s3, s1, 184
core   0: 3 0x80008920 (0x0b84e993) x19 0x000000b8
core   0: 0x80008924 (0xff850ca3) sb      s8, -7(a0)
core   0: 3 0x80008924 (0xff850ca3) mem 0x80010ba3 0xa8
core   0: 0x80008928 (0xffc50583) lb      a1, -4(a0)
core   0: 3 0x80008928 (0xffc50583) x11 0x00000000 mem 0x80010ba6
core   0: 0x8000892c (0x00a50423) sb      a0, 8(a0)
core   0: 3 0x8000892c (0x00a50423) mem 0x80010bb2 0xaa
core   0: 0x80008930 (0x00741eb3) sll     t4, s0, t2
core   0: 3 0x80008930 (0x00741eb3) x29 0x21000000
core   0: 0x80008934 (0x00000446) c.slli  s0, 17
core   0: 3 0x80008934 (0x0446) x8  0xf6420000
core   0: 0x80008936 (0xffb50e23) sb      s11, -4(a0)
core   0: 3 0x80008936 (0xffb50e23) mem 0x80010ba6 0x07
core   0: 0x8000893a (0xff754b83) lbu     s7, -9(a0)
core   0: 3 0x8000893a (0xff754b83) x23 0x00000033 mem 0x80010ba1
core   0: 0x8000893e (0x00e51703) lh      a4, 14(a0)
core   0: 3 0x8000893e (0x00e51703) x14 0xffffab39 mem 0x80010bb8
core   0: 0x80008942 (0x036096b3) mulh    a3, ra, s6
core   0: 3 0x80008942 (0x036096b3) x13 0x00000000
core   0: 0x80008946 (0x00008f59) c.or    a4, a4
core   0: 3 0x80008946 (0x8f59) x14 0xffffab39
core   0: 0x80008948 (0xfe9508a3) sb      s1, -15(a0)
core   0: 3 0x80008948 (0xfe9508a3) mem 0x80010b9b 0x00
core   0: 0x8000894c (0x016505a3) sb      s6, 11(a0)
core   0: 3 0x8000894c (0x016505a3) mem 0x80010bb5 0xb1
core   0: 0x80008950 (0xff954a03) lbu     s4, -7(a0)
core   0: 3 0x80008950 (0xff954a03) x20 0x000000a8 mem 0x80010ba3
core   0: 0x80008954 (0x00000001) c.nop
core   0: 3 0x80008954 (0x0001)
core   0: 0x80008956 (0x00000c2e) c.slli  s8, 11
core   0: 3 0x80008956 (0x0c2e) x24 0xfffd4000
core   0: 0x80008958 (0x41a35d33) sra     s10, t1, s10
core   0: 3 0x80008958 (0x41a35d33) x26 0x0000a858
core   0: 0x8000895c (0x00c55903) lhu     s2, 12(a0)
core   0: 3 0x8000895c (0x00c55903) x18 0x0000d240 mem 0x80010bb6
core   0: 0x80008960 (0x000059fd) c.li    s3, -1
core   0: 3 0x80008960 (0x59fd) x19 0xffffffff
core   0: 0x80008962 (0x010c8bb3) add     s7, s9, a6
core   0: 3 0x80008962 (0x010c8bb3) x23 0xffffffdd
core   0: 0x80008966 (0x000081cd) c.srli  a1, 19
core   0: 3 0x80008966 (0x81cd) x11 0x00000000
core   0: 0x80008968 (0x00650a83) lb      s5, 6(a0)
core   0: 3 0x80008968 (0x00650a83) x21 0xffffffde mem 0x80010bb0
core   0: 0x8000896c (0x00000001) c.nop
core   0: 3 0x8000896c (0x0001)
core   0: 0x8000896e (0xff354603) lbu     a2, -13(a0)
core   0: 3 0x8000896e (0xff354603) x12 0x000000de mem 0x80010b9d
core   0: 0x80008972 (0x00a49db3) sll     s11, s1, a0
core   0: 3 0x80008972 (0x00a49db3) x27 0x00000000
core   0: 0x80008976 (0x00c51323) sh      a2, 6(a0)
core   0: 3 0x80008976 (0x00c51323) mem 0x80010bb0 0x00de
core   0: 0x8000897a (0xff150883) lb      a7, -15(a0)
core   0: 3 0x8000897a (0xff150883) x17 0x00000000 mem 0x80010b9b
core   0: 0x8000897e (0x0360036f) jal     t1, pc + 0x36
core   0: 3 0x8000897e (0x0360036f) x6  0x80008982
core   0: 0x800089b4 (0x00003fed) c.jal   pc - 6
core   0: 3 0x800089b4 (0x3fed) x1  0x800089b6
core   0: 0x800089ae (0x0000a819) c.j     pc + 22
core   0: 3 0x800089ae (0xa819)
core   0: 0x800089c4 (0x00003f7d) c.jal   pc - 66
core   0: 3 0x800089c4 (0x3f7d) x1  0x800089c6
core   0: 0x80008982 (0x00002801) c.jal   pc + 16
core   0: 3 0x80008982 (0x2801) x1  0x80008984
core   0: 0x80008992 (0x026000ef) jal     pc + 0x26
core   0: 3 0x80008992 (0x026000ef) x1  0x80008996
core   0: 0x800089b8 (0x0000a821) c.j     pc + 24
core   0: 3 0x800089b8 (0xa821)
core   0: 0x800089d0 (0x000037c5) c.jal   pc - 32
core   0: 3 0x800089d0 (0x37c5) x1  0x800089d2
core   0: 0x800089b0 (0x00a002ef) jal     t0, pc + 0xa
core   0: 3 0x800089b0 (0x00a002ef) x5  0x800089b4
core   0: 0x800089ba (0xfefff0ef) jal     pc - 0x12
core   0: 3 0x800089ba (0xfefff0ef) x1  0x800089be
core   0: 0x800089a8 (0x01e00d6f) jal     s10, pc + 0x1e
core   0: 3 0x800089a8 (0x01e00d6f) x26 0x800089ac
core   0: 0x800089c6 (0xfd1fffef) jal     t6, pc - 0x30
core   0: 3 0x800089c6 (0xfd1fffef) x31 0x800089ca
core   0: 0x80008996 (0x038001ef) jal     gp, pc + 0x38
core   0: 3 0x80008996 (0x038001ef) x3  0x8000899a
core   0: 0x800089ce (0x00003fd9) c.jal   pc - 42
core   0: 3 0x800089ce (0x3fd9) x1  0x800089d0
core   0: 0x800089a4 (0xfebff0ef) jal     pc - 0x16
core   0: 3 0x800089a4 (0xfebff0ef) x1  0x800089a8
core   0: 0x8000898e (0xfffff0ef) jal     pc - 0x2
core   0: 3 0x8000898e (0xfffff0ef) x1  0x80008992
core   0: 0x8000898c (0x00002801) c.jal   pc + 16
core   0: 3 0x8000898c (0x2801) x1  0x8000898e
core   0: 0x8000899c (0x00002805) c.jal   pc + 48
core   0: 3 0x8000899c (0x2805) x1  0x8000899e
core   0: 0x800089cc (0x0000bf65) c.j     pc - 72
core   0: 3 0x800089cc (0xbf65)
core   0: 0x80008984 (0x0000a009) c.j     pc + 2
core   0: 3 0x80008984 (0xa009)
core   0: 0x80008986 (0x01c00d6f) jal     s10, pc + 0x1c
core   0: 3 0x80008986 (0x01c00d6f) x26 0x8000898a
core   0: 0x800089a2 (0x0000bfe5) c.j     pc - 8
core   0: 3 0x800089a2 (0xbfe5)
core   0: 0x8000899a (0x0000a831) c.j     pc + 28
core   0: 3 0x8000899a (0xa831)
core   0: 0x800089b6 (0x0000a021) c.j     pc + 8
core   0: 3 0x800089b6 (0xa021)
core   0: 0x800089be (0x00002031) c.jal   pc + 12
core   0: 3 0x800089be (0x2031) x1  0x800089c0
core   0: 0x800089ca (0x0000bfd1) c.j     pc - 44
core   0: 3 0x800089ca (0xbfd1)
core   0: 0x8000899e (0x0340066f) jal     a2, pc + 0x34
core   0: 3 0x8000899e (0x0340066f) x12 0x800089a2
core   0: 0x800089d2 (0x0000b7fd) c.j     pc - 18
core   0: 3 0x800089d2 (0xb7fd)
core   0: 0x800089c0 (0xfedff0ef) jal     pc - 0x14
core   0: 3 0x800089c0 (0xfedff0ef) x1  0x800089c4
core   0: 0x800089ac (0x00003ff9) c.jal   pc - 34
core   0: 3 0x800089ac (0x3ff9) x1  0x800089ae
core   0: 0x8000898a (0x000020a9) c.jal   pc + 74
core   0: 3 0x8000898a (0x20a9) x1  0x8000898c
core   0: 0x800089d4 (0x012d9433) sll     s0, s11, s2
core   0: 3 0x800089d4 (0x012d9433) x8  0x00000000
core   0: 0x800089d8 (0x00008c41) c.or    s0, s0
core   0: 3 0x800089d8 (0x8c41) x8  0x00000000
core   0: 0x800089da (0x00008ebd) c.xor   a3, a5
core   0: 3 0x800089da (0x8ebd) x13 0x80000000
core   0: 0x800089dc (0x032e5f33) divu    t5, t3, s2
core   0: 3 0x800089dc (0x032e5f33) x30 0x00000001
core   0: 0x800089e0 (0x000061e1) c.lui   gp, 0x18
core   0: 3 0x800089e0 (0x61e1) x3  0x00018000
core   0: 0x800089e2 (0x00bad733) srl     a4, s5, a1
core   0: 3 0x800089e2 (0x00bad733) x14 0xffffffde
core   0: 0x800089e6 (0xc4ed7317) auipc   t1, 0xc4ed7
core   0: 3 0x800089e6 (0xc4ed7317) x6  0x44edf9e6
core   0: 0x800089ea (0x2942e317) auipc   t1, 0x2942e
core   0: 3 0x800089ea (0x2942e317) x6  0xa94369ea
core   0: 0x800089ee (0x4018dfb3) sra     t6, a7, ra
core   0: 3 0x800089ee (0x4018dfb3) x31 0x00000000
core   0: 0x800089f2 (0x01c8c763) blt     a7, t3, pc + 14
core   0: 3 0x800089f2 (0x01c8c763)
core   0: 0x80008a00 (0x000082ea) c.mv    t0, s10
core   0: 3 0x80008a00 (0x82ea) x5  0x8000898a
core   0: 0x80008a02 (0x01739b13) slli    s6, t2, 23
core   0: 3 0x80008a02 (0x01739b13) x22 0x1c000000
core   0: 0x80008a06 (0x69e90293) addi    t0, s2, 1694
core   0: 3 0x80008a06 (0x69e90293) x5  0x0000d8de
core   0: 0x80008a0a (0x000059fd) c.li    s3, -1
core   0: 3 0x80008a0a (0x59fd) x19 0xffffffff
core   0: 0x80008a0c (0xf1539717) auipc   a4, 0xf1539
core   0: 3 0x80008a0c (0xf1539717) x14 0x71541a0c
core   0: 0x80008a10 (0x0000970e) c.add   a4, gp
core   0: 3 0x80008a10 (0x970e) x14 0x71559a0c
core   0: 0x80008a12 (0x000006b2) c.slli  a3, 12
core   0: 3 0x80008a12 (0x06b2) x13 0x00000000
core   0: 0x80008a14 (0x00008ebd) c.xor   a3, a5
core   0: 3 0x80008a14 (0x8ebd) x13 0x80000000
core   0: 0x80008a16 (0x0000875d) c.srai  a4, 23
core   0: 3 0x80008a16 (0x875d) x14 0x000000e2
core   0: 0x80008a18 (0x00a06963) bltu    zero, a0, pc + 18
core   0: 3 0x80008a18 (0x00a06963)
core   0: 0x80008a2a (0x0000065a) c.slli  a2, 22
core   0: 3 0x80008a2a (0x065a) x12 0x68800000
core   0: 0x80008a2c (0x03b84963) blt     a6, s11, pc + 50
core   0: 3 0x80008a2c (0x03b84963)
core   0: 0x80008a5e (0x02880933) mul     s2, a6, s0
core   0: 3 0x80008a5e (0x02880933) x18 0x00000000
core   0: 0x80008a62 (0x000061cd) c.lui   gp, 0x13
core   0: 3 0x80008a62 (0x61cd) x3  0x00013000
core   0: 0x80008a64 (0x01335db3) srl     s11, t1, s3
core   0: 3 0x80008a64 (0x01335db3) x27 0x00000001
core   0: 0x80008a68 (0x0312eb63) bltu    t0, a7, pc + 54
core   0: 3 0x80008a68 (0x0312eb63)
core   0: 0x80008a6c (0x034c1c63) bne     s8, s4, pc + 56
core   0: 3 0x80008a6c (0x034c1c63)
core   0: 0x80008aa4 (0x4041d833) sra     a6, gp, tp
core   0: 3 0x80008aa4 (0x4041d833) x16 0x00000000
core   0: 0x80008aa8 (0x03b79333) mulh    t1, a5, s11
core   0: 3 0x80008aa8 (0x03b79333) x6  0xffffffff
core   0: 0x80008aac (0x02d54833) div     a6, a0, a3
core   0: 3 0x80008aac (0x02d54833) x16 0x00000000
core   0: 0x80008ab0 (0x0053fb33) and     s6, t2, t0
core   0: 3 0x80008ab0 (0x0053fb33) x22 0x00005818
core   0: 0x80008ab4 (0xd11de593) ori     a1, s11, -751
core   0: 3 0x80008ab4 (0xd11de593) x11 0xfffffd11
core   0: 0x80008ab8 (0x0261af33) mulhsu  t5, gp, t1
core   0: 3 0x80008ab8 (0x0261af33) x30 0x00012fff
core   0: 0x80008abc (0x000001fa) c.slli  gp, 30
core   0: 3 0x80008abc (0x01fa) x3  0x00000000
core   0: 0x80008abe (0x02039a33) mulh    s4, t2, zero
core   0: 3 0x80008abe (0x02039a33) x20 0x00000000
core   0: 0x80008ac2 (0x0218de63) bge     a7, ra, pc + 60
core   0: 3 0x80008ac2 (0x0218de63)
core   0: 0x80008afe (0x02387363) bgeu    a6, gp, pc + 38
core   0: 3 0x80008afe (0x02387363)
core   0: 0x80008b24 (0x03fb81b3) mul     gp, s7, t6
core   0: 3 0x80008b24 (0x03fb81b3) x3  0x00000000
core   0: 0x80008b28 (0x0000987d) c.andi  s0, -1
core   0: 3 0x80008b28 (0x987d) x8  0x00000000
core   0: 0x80008b2a (0x0195cbb3) xor     s7, a1, s9
core   0: 3 0x80008b2a (0x0195cbb3) x23 0x000002cf
core   0: 0x80008b2e (0x7687ba97) auipc   s5, 0x7687b
core   0: 3 0x80008b2e (0x7687ba97) x21 0xf6883b2e
core   0: 0x80008b32 (0x01c39493) slli    s1, t2, 28
core   0: 3 0x80008b32 (0x01c39493) x9  0x80000000
core   0: 0x80008b36 (0x022cd933) divu    s2, s9, sp
core   0: 3 0x80008b36 (0x022cd933) x18 0x00000001
core   0: 0x80008b3a (0x00006549) c.lui   a0, 0x12
core   0: 3 0x80008b3a (0x6549) x10 0x00012000
core   0: 0x80008b3c (0x015b71b3) and     gp, s6, s5
core   0: 3 0x80008b3c (0x015b71b3) x3  0x00001808
core   0: 0x80008b40 (0x015c0eb3) add     t4, s8, s5
core   0: 3 0x80008b40 (0x015c0eb3) x29 0xf6857b2e
core   0: 0x80008b44 (0x00008c59) c.or    s0, a4
core   0: 3 0x80008b44 (0x8c59) x8  0x000000e2
core   0: 0x80008b46 (0x037fcc33) div     s8, t6, s7
core   0: 3 0x80008b46 (0x037fcc33) x24 0x00000000
core   0: 0x80008b4a (0x031fdf63) bge     t6, a7, pc + 62
core   0: 3 0x80008b4a (0x031fdf63)
core   0: 0x80008b88 (0x00009a42) c.add   s4, a6
core   0: 3 0x80008b88 (0x9a42) x20 0x00000000
core   0: 0x80008b8a (0x004e44b3) xor     s1, t3, tp
core   0: 3 0x80008b8a (0x004e44b3) x9  0xffff04f5
core   0: 0x80008b8e (0x000085f5) c.srai  a1, 29
core   0: 3 0x80008b8e (0x85f5) x11 0xffffffff
core   0: 0x80008b90 (0x10fd90b7) lui     ra, 0x10fd9
core   0: 3 0x80008b90 (0x10fd90b7) x1  0x10fd9000
core   0: 0x80008b94 (0x01fc86b3) add     a3, s9, t6
core   0: 3 0x80008b94 (0x01fc86b3) x13 0xffffffde
core   0: 0x80008b98 (0x000088c1) c.andi  s1, 16
core   0: 3 0x80008b98 (0x88c1) x9  0x00000010
core   0: 0x80008b9a (0x01c61a93) slli    s5, a2, 28
core   0: 3 0x80008b9a (0x01c61a93) x21 0x00000000
core   0: 0x80008b9e (0x0c497293) andi    t0, s2, 196
core   0: 3 0x80008b9e (0x0c497293) x5  0x00000000
core   0: 0x80008ba2 (0x43d2a413) slti    s0, t0, 1085
core   0: 3 0x80008ba2 (0x43d2a413) x8  0x00000001
core   0: 0x80008ba6 (0x02a06563) bltu    zero, a0, pc + 42
core   0: 3 0x80008ba6 (0x02a06563)
core   0: 0x80008bd0 (0xaa0b8493) addi    s1, s7, -1376
core   0: 3 0x80008bd0 (0xaa0b8493) x9  0xfffffd6f
core   0: 0x80008bd4 (0x003919b3) sll     s3, s2, gp
core   0: 3 0x80008bd4 (0x003919b3) x19 0x00000100
core   0: 0x80008bd8 (0x0508cd63) blt     a7, a6, pc + 90
core   0: 3 0x80008bd8 (0x0508cd63)
core   0: 0x80008bdc (0x0000177d) c.addi  a4, -1
core   0: 3 0x80008bdc (0x177d) x14 0x000000e1
core   0: 0x80008bde (0x41a95733) sra     a4, s2, s10
core   0: 3 0x80008bde (0x41a95733) x14 0x00000000
core   0: 0x80008be2 (0x0375ceb3) div     t4, a1, s7
core   0: 3 0x80008be2 (0x0375ceb3) x29 0x00000000
core   0: 0x80008be6 (0x00005bfd) c.li    s7, -1
core   0: 3 0x80008be6 (0x5bfd) x23 0xffffffff
core   0: 0x80008be8 (0x000002e2) c.slli  t0, 24
core   0: 3 0x80008be8 (0x02e2) x5  0x00000000
core   0: 0x80008bea (0x6055f213) andi    tp, a1, 1541
core   0: 3 0x80008bea (0x6055f213) x4  0x00000605
core   0: 0x80008bee (0x00008cfd) c.and   s1, a5
core   0: 3 0x80008bee (0x8cfd) x9  0x80000000
core   0: 0x80008bf0 (0x031eb333) mulhu   t1, t4, a7
core   0: 3 0x80008bf0 (0x031eb333) x6  0x00000000
core   0: 0x80008bf4 (0x00005e65) c.li    t3, -7
core   0: 3 0x80008bf4 (0x5e65) x28 0xfffffff9
core   0: 0x80008bf6 (0x00000f14) c.addi4spn a3, sp, 912
core   0: 3 0x80008bf6 (0x0f14) x13 0x8002a0b4
core   0: 0x80008bf8 (0x00001efd) c.addi  t4, -1
core   0: 3 0x80008bf8 (0x1efd) x29 0xffffffff
core   0: 0x80008bfa (0x010e5833) srl     a6, t3, a6
core   0: 3 0x80008bfa (0x010e5833) x16 0xfffffff9
core   0: 0x80008bfe (0x00001be9) c.addi  s7, -6
core   0: 3 0x80008bfe (0x1be9) x23 0xfffffff9
core   0: 0x80008c00 (0x038b4333) div     t1, s6, s8
core   0: 3 0x80008c00 (0x038b4333) x6  0xffffffff
core   0: 0x80008c04 (0x00004329) c.li    t1, 10
core   0: 3 0x80008c04 (0x4329) x6  0x0000000a
core   0: 0x80008c06 (0x02962533) mulhsu  a0, a2, s1
core   0: 3 0x80008c06 (0x02962533) x10 0x34400000
core   0: 0x80008c0a (0x00004f11) c.li    t5, 4
core   0: 3 0x80008c0a (0x4f11) x30 0x00000004
core   0: 0x80008c0c (0x00004a4d) c.li    s4, 19
core   0: 3 0x80008c0c (0x4a4d) x20 0x00000013
core   0: 0x80008c0e (0x01174033) xor     zero, a4, a7
core   0: 3 0x80008c0e (0x01174033)
core   0: 0x80008c12 (0x4ac24493) xori    s1, tp, 1196
core   0: 3 0x80008c12 (0x4ac24493) x9  0x000002a9
core   0: 0x80008c16 (0x00000f05) c.addi  t5, 1
core   0: 3 0x80008c16 (0x0f05) x30 0x00000005
core   0: 0x80008c18 (0x00004c59) c.li    s8, 22
core   0: 3 0x80008c18 (0x4c59) x24 0x00000016
core   0: 0x80008c1a (0xff4f0ce3) beq     t5, s4, pc - 8
core   0: 3 0x80008c1a (0xff4f0ce3)
core   0: 0x80008c1e (0x411951b3) sra     gp, s2, a7
core   0: 3 0x80008c1e (0x411951b3) x3  0x00000001
core   0: 0x80008c22 (0x9f412993) slti    s3, sp, -1548
core   0: 3 0x80008c22 (0x9f412993) x19 0x00000001
core   0: 0x80008c26 (0xfdcb98e3) bne     s7, t3, pc - 48
core   0: 3 0x80008c26 (0xfdcb98e3)
core   0: 0x80008c2a (0x00fa6c33) or      s8, s4, a5
core   0: 3 0x80008c2a (0x00fa6c33) x24 0x80000013
core   0: 0x80008c2e (0x01707e63) bgeu    zero, s7, pc + 28
core   0: 3 0x80008c2e (0x01707e63)
core   0: 0x80008c32 (0x00008d41) c.or    a0, s0
core   0: 3 0x80008c32 (0x8d41) x10 0x34400001
core   0: 0x80008c34 (0x03cc0f63) beq     s8, t3, pc + 62
core   0: 3 0x80008c34 (0x03cc0f63)
core   0: 0x80008c38 (0x0190cdb3) xor     s11, ra, s9
core   0: 3 0x80008c38 (0x0190cdb3) x27 0xef026fde
core   0: 0x80008c3c (0x00009686) c.add   a3, ra
core   0: 3 0x80008c3c (0x9686) x13 0x910030b4
core   0: 0x80008c3e (0x02c39fb3) mulh    t6, t2, a2
core   0: 3 0x80008c3e (0x02c39fb3) x31 0xcbc0f775
core   0: 0x80008c42 (0x03eae1b3) rem     gp, s5, t5
core   0: 3 0x80008c42 (0x03eae1b3) x3  0x00000000
core   0: 0x80008c46 (0xd3f70db7) lui     s11, 0xd3f70
core   0: 3 0x80008c46 (0xd3f70db7) x27 0xd3f70000
core   0: 0x80008c4a (0x0092ea63) bltu    t0, s1, pc + 20
core   0: 3 0x80008c4a (0x0092ea63)
core   0: 0x80008c5e (0x0197b0b3) sltu    ra, a5, s9
core   0: 3 0x80008c5e (0x0197b0b3) x1  0x00000001
core   0: 0x80008c62 (0x025789b3) mul     s3, a5, t0
core   0: 3 0x80008c62 (0x025789b3) x19 0x00000000
core   0: 0x80008c66 (0x018e9a13) slli    s4, t4, 24
core   0: 3 0x80008c66 (0x018e9a13) x20 0xff000000
core   0: 0x80008c6a (0x19da0e13) addi    t3, s4, 413
core   0: 3 0x80008c6a (0x19da0e13) x28 0xff00019d
core   0: 0x80008c6e (0x01f988b3) add     a7, s3, t6
core   0: 3 0x80008c6e (0x01f988b3) x17 0xcbc0f775
core   0: 0x80008c72 (0xb03ced17) auipc   s10, 0xb03ce
core   0: 3 0x80008c72 (0xb03ced17) x26 0x303d6c72
core   0: 0x80008c76 (0x00a8c763) blt     a7, a0, pc + 14
core   0: 3 0x80008c76 (0x00a8c763)
core   0: 0x80008c84 (0x00039033) sll     zero, t2, zero
core   0: 3 0x80008c84 (0x00039033)
core   0: 0x80008c88 (0x010486b3) add     a3, s1, a6
core   0: 3 0x80008c88 (0x010486b3) x13 0x000002a2
core   0: 0x80008c8c (0x0392bfb3) mulhu   t6, t0, s9
core   0: 3 0x80008c8c (0x0392bfb3) x31 0x00000000
core   0: 0x80008c90 (0x000005cd) c.addi  a1, 19
core   0: 3 0x80008c90 (0x05cd) x11 0x00000012
core   0: 0x80008c92 (0x4027d733) sra     a4, a5, sp
core   0: 3 0x80008c92 (0x4027d733) x14 0xf8000000
core   0: 0x80008c96 (0xf70b8e13) addi    t3, s7, -144
core   0: 3 0x80008c96 (0xf70b8e13) x28 0xffffff69
core   0: 0x80008c9a (0x003c9e13) slli    t3, s9, 3
core   0: 3 0x80008c9a (0x003c9e13) x28 0xfffffef0
core   0: 0x80008c9e (0x403add93) srai    s11, s5, 3
core   0: 3 0x80008c9e (0x403add93) x27 0x00000000
core   0: 0x80008ca2 (0x419fd013) srai    zero, t6, 25
core   0: 3 0x80008ca2 (0x419fd013)
core   0: 0x80008ca6 (0x001ef463) bgeu    t4, ra, pc + 8
core   0: 3 0x80008ca6 (0x001ef463)
core   0: 0x80008cae (0x82de0913) addi    s2, t3, -2003
core   0: 3 0x80008cae (0x82de0913) x18 0xfffff71d
core   0: 0x80008cb2 (0x41015293) srai    t0, sp, 16
core   0: 3 0x80008cb2 (0x41015293) x5  0xffff8002
core   0: 0x80008cb6 (0x008eff33) and     t5, t4, s0
core   0: 3 0x80008cb6 (0x008eff33) x30 0x00000001
core   0: 0x80008cba (0x02c766b3) rem     a3, a4, a2
core   0: 3 0x80008cba (0x02c766b3) x13 0xf8000000
core   0: 0x80008cbe (0x00004841) c.li    a6, 16
core   0: 3 0x80008cbe (0x4841) x16 0x00000010
core   0: 0x80008cc0 (0x03641c63) bne     s0, s6, pc + 56
core   0: 3 0x80008cc0 (0x03641c63)
core   0: 0x80008cf8 (0x02985f63) bge     a6, s1, pc + 62
core   0: 3 0x80008cf8 (0x02985f63)
core   0: 0x80008cfc (0x03ea4933) div     s2, s4, t5
core   0: 3 0x80008cfc (0x03ea4933) x18 0xff000000
core   0: 0x80008d00 (0x014824b3) slt     s1, a6, s4
core   0: 3 0x80008d00 (0x014824b3) x9  0x00000000
core   0: 0x80008d04 (0x0000097a) c.slli  s2, 30
core   0: 3 0x80008d04 (0x097a) x18 0x00000000
core   0: 0x80008d06 (0x021885b3) mul     a1, a7, ra
core   0: 3 0x80008d06 (0x021885b3) x11 0xcbc0f775
core   0: 0x80008d0a (0x007c94b3) sll     s1, s9, t2
core   0: 3 0x80008d0a (0x007c94b3) x9  0xde000000
core   0: 0x80008d0e (0x41a2d993) srai    s3, t0, 26
core   0: 3 0x80008d0e (0x41a2d993) x19 0xffffffff
core   0: 0x80008d12 (0x00f2c8b3) xor     a7, t0, a5
core   0: 3 0x80008d12 (0x00f2c8b3) x17 0x7fff8002
core   0: 0x80008d16 (0x017fecb3) or      s9, t6, s7
core   0: 3 0x80008d16 (0x017fecb3) x25 0xfffffff9
core   0: 0x80008d1a (0x26cba293) slti    t0, s7, 620
core   0: 3 0x80008d1a (0x26cba293) x5  0x00000001
core   0: 0x80008d1e (0x0000c601) c.beqz  a2, pc + 8
core   0: 3 0x80008d1e (0xc601)
core   0: 0x80008d20 (0x00001dfd) c.addi  s11, -1
core   0: 3 0x80008d20 (0x1dfd) x27 0xffffffff
core   0: 0x80008d22 (0x029349b3) div     s3, t1, s1
core   0: 3 0x80008d22 (0x029349b3) x19 0x00000000
core   0: 0x80008d26 (0x41e5d313) srai    t1, a1, 30
core   0: 3 0x80008d26 (0x41e5d313) x6  0xffffffff
core   0: 0x80008d2a (0x00000001) c.nop
core   0: 3 0x80008d2a (0x0001)
core   0: 0x80008d2c (0x000085a9) c.srai  a1, 10
core   0: 3 0x80008d2c (0x85a9) x11 0xfff2f03d
core   0: 0x80008d2e (0x410009b3) sub     s3, zero, a6
core   0: 3 0x80008d2e (0x410009b3) x19 0xfffffff0
core   0: 0x80008d32 (0x01e232b3) sltu    t0, tp, t5
core   0: 3 0x80008d32 (0x01e232b3) x5  0x00000000
core   0: 0x80008d36 (0x5341d237) lui     tp, 0x5341d
core   0: 3 0x80008d36 (0x5341d237) x4  0x5341d000
core   0: 0x80008d3a (0x0207b433) mulhu   s0, a5, zero
core   0: 3 0x80008d3a (0x0207b433) x8  0x00000000
core   0: 0x80008d3e (0x01505a33) srl     s4, zero, s5
core   0: 3 0x80008d3e (0x01505a33) x20 0x00000000
core   0: 0x80008d42 (0x035d7b63) bgeu    s10, s5, pc + 54
core   0: 3 0x80008d42 (0x035d7b63)
core   0: 0x80008d78 (0x00008cad) c.xor   s1, a1
core   0: 3 0x80008d78 (0x8cad) x9  0x21f2f03d
core   0: 0x80008d7a (0x02b3a333) mulhsu  t1, t2, a1
core   0: 3 0x80008d7a (0x02b3a333) x6  0x8008e5fa
core   0: 0x80008d7e (0x0000859d) c.srai  a1, 7
core   0: 3 0x80008d7e (0x859d) x11 0xffffe5e0
core   0: 0x80008d80 (0x021cd6b3) divu    a3, s9, ra
core   0: 3 0x80008d80 (0x021cd6b3) x13 0xfffffff9
core   0: 0x80008d84 (0x00008876) c.mv    a6, t4
core   0: 3 0x80008d84 (0x8876) x16 0xffffffff
core   0: 0x80008d86 (0x41045933) sra     s2, s0, a6
core   0: 3 0x80008d86 (0x41045933) x18 0x00000000
core   0: 0x80008d8a (0x458ddb17) auipc   s6, 0x458dd
core   0: 3 0x80008d8a (0x458ddb17) x22 0xc58e5d8a
core   0: 0x80008d8e (0x00000951) c.addi  s2, 20
core   0: 3 0x80008d8e (0x0951) x18 0x00000014
core   0: 0x80008d90 (0x00009a7d) c.andi  a2, -1
core   0: 3 0x80008d90 (0x9a7d) x12 0x68800000
core   0: 0x80008d92 (0xdef2fb13) andi    s6, t0, -529
core   0: 3 0x80008d92 (0xdef2fb13) x22 0x00000000
core   0: 0x80008d96 (0x019cdc93) srli    s9, s9, 25
core   0: 3 0x80008d96 (0x019cdc93) x25 0x0000007f
core   0: 0x80008d9a (0x00008445) c.srai  s0, 17
core   0: 3 0x80008d9a (0x8445) x8  0x00000000
core   0: 0x80008d9c (0x01721a63) bne     tp, s7, pc + 20
core   0: 3 0x80008d9c (0x01721a63)
core   0: 0x80008db0 (0x0000874e) c.mv    a4, s3
core   0: 3 0x80008db0 (0x874e) x14 0xfffffff0
core   0: 0x80008db2 (0x03600a63) beq     zero, s6, pc + 52
core   0: 3 0x80008db2 (0x03600a63)
core   0: 0x80008de6 (0x0bb93cb7) lui     s9, 0xbb93
core   0: 3 0x80008de6 (0x0bb93cb7) x25 0x0bb93000
core   0: 0x80008dea (0x00008611) c.srai  a2, 4
core   0: 3 0x80008dea (0x8611) x12 0x06880000
core   0: 0x80008dec (0x9f416c13) ori     s8, sp, -1548
core   0: 3 0x80008dec (0x9f416c13) x24 0xfffffdf4
core   0: 0x80008df0 (0x00009b7d) c.andi  a4, -1
core   0: 3 0x80008df0 (0x9b7d) x14 0xfffffff0
core   0: 0x80008df2 (0x0012fbb3) and     s7, t0, ra
core   0: 3 0x80008df2 (0x0012fbb3) x23 0x00000000
core   0: 0x80008df6 (0x02ac3a33) mulhu   s4, s8, a0
core   0: 3 0x80008df6 (0x02ac3a33) x20 0x343fff96
core   0: 0x80008dfa (0x40cfdc93) srai    s9, t6, 12
core   0: 3 0x80008dfa (0x40cfdc93) x25 0x00000000
core   0: 0x80008dfe (0x00004bc1) c.li    s7, 16
core   0: 3 0x80008dfe (0x4bc1) x23 0x00000010
core   0: 0x80008e00 (0x02117063) bgeu    sp, ra, pc + 32
core   0: 3 0x80008e00 (0x02117063)
core   0: 0x80008e20 (0x022d1db3) mulh    s11, s10, sp
core   0: 3 0x80008e20 (0x022d1db3) x27 0xe7e1c7de
core   0: 0x80008e24 (0x000050fd) c.li    ra, -1
core   0: 3 0x80008e24 (0x50fd) x1  0xffffffff
core   0: 0x80008e26 (0x008efe33) and     t3, t4, s0
core   0: 3 0x80008e26 (0x008efe33) x28 0x00000000
core   0: 0x80008e2a (0x025c4863) blt     s8, t0, pc + 48
core   0: 3 0x80008e2a (0x025c4863)
core   0: 0x80008e5a (0x00005afd) c.li    s5, -1
core   0: 3 0x80008e5a (0x5afd) x21 0xffffffff
core   0: 0x80008e5c (0x03fe4b63) blt     t3, t6, pc + 54
core   0: 3 0x80008e5c (0x03fe4b63)
core   0: 0x80008e60 (0x05398363) beq     s3, s3, pc + 70
core   0: 3 0x80008e60 (0x05398363)
core   0: 0x80008ea6 (0xe7336013) ori     zero, t1, -397
core   0: 3 0x80008ea6 (0xe7336013)
core   0: 0x80008eaa (0x00fdcbb3) xor     s7, s11, a5
core   0: 3 0x80008eaa (0x00fdcbb3) x23 0x67e1c7de
core   0: 0x80008eae (0x00004e1d) c.li    t3, 7
core   0: 3 0x80008eae (0x4e1d) x28 0x00000007
core   0: 0x80008eb0 (0x0187c463) blt     a5, s8, pc + 8
core   0: 3 0x80008eb0 (0x0187c463)
core   0: 0x80008eb8 (0x01062a33) slt     s4, a2, a6
core   0: 3 0x80008eb8 (0x01062a33) x20 0x00000000
core   0: 0x80008ebc (0x003fd493) srli    s1, t6, 3
core   0: 3 0x80008ebc (0x003fd493) x9  0x00000000
core   0: 0x80008ec0 (0x01d341b3) xor     gp, t1, t4
core   0: 3 0x80008ec0 (0x01d341b3) x3  0x7ff71a05
core   0: 0x80008ec4 (0x0360fd33) remu    s10, ra, s6
core   0: 3 0x80008ec4 (0x0360fd33) x26 0xffffffff
core   0: 0x80008ec8 (0x007f98b3) sll     a7, t6, t2
core   0: 3 0x80008ec8 (0x007f98b3) x17 0x00000000
core   0: 0x80008ecc (0x00008c75) c.and   s0, a3
core   0: 3 0x80008ecc (0x8c75) x8  0x00000000
core   0: 0x80008ece (0x00008941) c.andi  a0, 16
core   0: 3 0x80008ece (0x8941) x10 0x00000000
core   0: 0x80008ed0 (0x005c4763) blt     s8, t0, pc + 14
core   0: 3 0x80008ed0 (0x005c4763)
core   0: 0x80008ede (0x02981633) mulh    a2, a6, s1
core   0: 3 0x80008ede (0x02981633) x12 0x00000000
core   0: 0x80008ee2 (0x02d39db3) mulh    s11, t2, a3
core   0: 3 0x80008ee2 (0x02d39db3) x27 0x00000003
core   0: 0x80008ee6 (0x00000001) c.nop
core   0: 3 0x80008ee6 (0x0001)
core   0: 0x80008ee8 (0x00000001) c.nop
core   0: 3 0x80008ee8 (0x0001)
core   0: 0x80008eea (0x00e7dc13) srli    s8, a5, 14
core   0: 3 0x80008eea (0x00e7dc13) x24 0x00020000
core   0: 0x80008eee (0x40bedeb3) sra     t4, t4, a1
core   0: 3 0x80008eee (0x40bedeb3) x29 0xffffffff
core   0: 0x80008ef2 (0x0373dc33) divu    s8, t2, s7
core   0: 3 0x80008ef2 (0x0373dc33) x24 0x00000001
core   0: 0x80008ef6 (0x0000bbb3) sltu    s7, ra, zero
core   0: 3 0x80008ef6 (0x0000bbb3) x23 0x00000000
core   0: 0x80008efa (0x00000001) c.nop
core   0: 3 0x80008efa (0x0001)
core   0: 0x80008efc (0xdf81c317) auipc   t1, 0xdf81c
core   0: 3 0x80008efc (0xdf81c317) x6  0x5f824efc
core   0: 0x80008f00 (0x65d23593) sltiu   a1, tp, 1629
core   0: 3 0x80008f00 (0x65d23593) x11 0x00000000
core   0: 0x80008f04 (0x00008021) c.srli  s0, 8
core   0: 3 0x80008f04 (0x8021) x8  0x00000000
core   0: 0x80008f06 (0x83b6e513) ori     a0, a3, -1989
core   0: 3 0x80008f06 (0x83b6e513) x10 0xfffffffb
core   0: 0x80008f0a (0x051a5863) bge     s4, a7, pc + 80
core   0: 3 0x80008f0a (0x051a5863)
core   0: 0x80008f5a (0x00006199) c.lui   gp, 0x6
core   0: 3 0x80008f5a (0x6199) x3  0x00006000
core   0: 0x80008f5c (0x01ecfeb3) and     t4, s9, t5
core   0: 3 0x80008f5c (0x01ecfeb3) x29 0x00000000
core   0: 0x80008f60 (0x03d7e063) bltu    a5, t4, pc + 32
core   0: 3 0x80008f60 (0x03d7e063)
core   0: 0x80008f64 (0x0000071a) c.slli  a4, 6
core   0: 3 0x80008f64 (0x071a) x14 0xfffffc00
core   0: 0x80008f66 (0x00000001) c.nop
core   0: 3 0x80008f66 (0x0001)
core   0: 0x80008f68 (0x4063df93) srai    t6, t2, 6
core   0: 3 0x80008f68 (0x4063df93) x31 0xfe000978
core   0: 0x80008f6c (0x9bf96493) ori     s1, s2, -1601
core   0: 3 0x80008f6c (0x9bf96493) x9  0xfffff9bf
core   0: 0x80008f70 (0x2debe813) ori     a6, s7, 734
core   0: 3 0x80008f70 (0x2debe813) x16 0x000002de
core   0: 0x80008f74 (0x00008031) c.srli  s0, 12
core   0: 3 0x80008f74 (0x8031) x8  0x00000000
core   0: 0x80008f76 (0x00008499) c.srai  s1, 6
core   0: 3 0x80008f76 (0x8499) x9  0xffffffe6
core   0: 0x80008f78 (0xc3df0a17) auipc   s4, 0xc3df0
core   0: 3 0x80008f78 (0xc3df0a17) x20 0x43df8f78
core   0: 0x80008f7c (0xba56ef93) ori     t6, a3, -1115
core   0: 3 0x80008f7c (0xba56ef93) x31 0xfffffffd
core   0: 0x80008f80 (0x030e8fb3) mul     t6, t4, a6
core   0: 3 0x80008f80 (0x030e8fb3) x31 0x00000000
core   0: 0x80008f84 (0x00008d59) c.or    a0, a4
core   0: 3 0x80008f84 (0x8d59) x10 0xfffffffb
core   0: 0x80008f86 (0xf8f1bc17) auipc   s8, 0xf8f1b
core   0: 3 0x80008f86 (0xf8f1bc17) x24 0x78f23f86
core   0: 0x80008f8a (0x0000c909) c.beqz  a0, pc + 18
core   0: 3 0x80008f8a (0xc909)
core   0: 0x80008f8c (0x037efb63) bgeu    t4, s7, pc + 54
core   0: 3 0x80008f8c (0x037efb63)
core   0: 0x80008fc2 (0x0000809d) c.srli  s1, 7
core   0: 3 0x80008fc2 (0x809d) x9  0x01ffffff
core   0: 0x80008fc4 (0x50c64f13) xori    t5, a2, 1292
core   0: 3 0x80008fc4 (0x50c64f13) x30 0x0000050c
core   0: 0x80008fc8 (0x01fa2633) slt     a2, s4, t6
core   0: 3 0x80008fc8 (0x01fa2633) x12 0x00000000
core   0: 0x80008fcc (0x00008c8d) c.sub   s1, a1
core   0: 3 0x80008fcc (0x8c8d) x9  0x01ffffff
core   0: 0x80008fce (0x01edf633) and     a2, s11, t5
core   0: 3 0x80008fce (0x01edf633) x12 0x00000000
core   0: 0x80008fd2 (0x00008e69) c.and   a2, a0
core   0: 3 0x80008fd2 (0x8e69) x12 0x00000000
core   0: 0x80008fd4 (0xe3eaef13) ori     t5, s5, -450
core   0: 3 0x80008fd4 (0xe3eaef13) x30 0xffffffff
core   0: 0x80008fd8 (0x00008f75) c.and   a4, a3
core   0: 3 0x80008fd8 (0x8f75) x14 0xfffffc00
core   0: 0x80008fda (0x0102da33) srl     s4, t0, a6
core   0: 3 0x80008fda (0x0102da33) x20 0x00000000
core   0: 0x80008fde (0x009bcf33) xor     t5, s7, s1
core   0: 3 0x80008fde (0x009bcf33) x30 0x01ffffff
core   0: 0x80008fe2 (0x0000e91d) c.bnez  a0, pc + 54
core   0: 3 0x80008fe2 (0xe91d)
core   0: 0x80009018 (0x4194d193) srai    gp, s1, 25
core   0: 3 0x80009018 (0x4194d193) x3  0x00000000
core   0: 0x8000901c (0x94f8f593) andi    a1, a7, -1713
core   0: 3 0x8000901c (0x94f8f593) x11 0x00000000
core   0: 0x80009020 (0x021f7463) bgeu    t5, ra, pc + 40
core   0: 3 0x80009020 (0x021f7463)
core   0: 0x80009024 (0x5eb13d13) sltiu   s10, sp, 1515
core   0: 3 0x80009024 (0x5eb13d13) x26 0x00000000
core   0: 0x80009028 (0x00008f75) c.and   a4, a3
core   0: 3 0x80009028 (0x8f75) x14 0xfffffc00
core   0: 0x8000902a (0x00000952) c.slli  s2, 20
core   0: 3 0x8000902a (0x0952) x18 0x01400000
core   0: 0x8000902c (0x01a8ff33) and     t5, a7, s10
core   0: 3 0x8000902c (0x01a8ff33) x30 0x00000000
core   0: 0x80009030 (0x035931b3) mulhu   gp, s2, s5
core   0: 3 0x80009030 (0x035931b3) x3  0x013fffff
core   0: 0x80009034 (0x00b79893) slli    a7, a5, 11
core   0: 3 0x80009034 (0x00b79893) x17 0x00000000
core   0: 0x80009038 (0x8bc211b7) lui     gp, 0x8bc21
core   0: 3 0x80009038 (0x8bc211b7) x3  0x8bc21000
core   0: 0x8000903c (0x40a78033) sub     zero, a5, a0
core   0: 3 0x8000903c (0x40a78033)
core   0: 0x80009040 (0x03014cb3) div     s9, sp, a6
core   0: 3 0x80009040 (0x03014cb3) x25 0xffd35c4b
core   0: 0x80009044 (0x006bdd13) srli    s10, s7, 6
core   0: 3 0x80009044 (0x006bdd13) x26 0x00000000
core   0: 0x80009048 (0x00008061) c.srli  s0, 24
core   0: 3 0x80009048 (0x8061) x8  0x00000000
core   0: 0x8000904a (0x00bdde13) srli    t3, s11, 11
core   0: 3 0x8000904a (0x00bdde13) x28 0x00000000
core   0: 0x8000904e (0x0000147d) c.addi  s0, -1
core   0: 3 0x8000904e (0x147d) x8  0xffffffff
core   0: 0x80009050 (0x00009bda) c.add   s7, s6
core   0: 3 0x80009050 (0x9bda) x23 0x00000000
core   0: 0x80009052 (0x036a5963) bge     s4, s6, pc + 50
core   0: 3 0x80009052 (0x036a5963)
core   0: 0x80009084 (0x017942b3) xor     t0, s2, s7
core   0: 3 0x80009084 (0x017942b3) x5  0x01400000
core   0: 0x80009088 (0x00000001) c.nop
core   0: 3 0x80009088 (0x0001)
core   0: 0x8000908a (0x0000c519) c.beqz  a0, pc + 14
core   0: 3 0x8000908a (0xc519)
core   0: 0x8000908c (0x0000c811) c.beqz  s0, pc + 20
core   0: 3 0x8000908c (0xc811)
core   0: 0x8000908e (0x00624eb3) xor     t4, tp, t1
core   0: 3 0x8000908e (0x00624eb3) x29 0x0cc39efc
core   0: 0x80009092 (0x0000997d) c.andi  a0, -1
core   0: 3 0x80009092 (0x997d) x10 0xfffffffb
core   0: 0x80009094 (0x0367d963) bge     a5, s6, pc + 50
core   0: 3 0x80009094 (0x0367d963)
core   0: 0x80009098 (0x027fa5b3) mulhsu  a1, t6, t2
core   0: 3 0x80009098 (0x027fa5b3) x11 0x00000000
core   0: 0x8000909c (0x02328533) mul     a0, t0, gp
core   0: 3 0x8000909c (0x02328533) x10 0x00000000
core   0: 0x800090a0 (0x034b2c33) mulhsu  s8, s6, s4
core   0: 3 0x800090a0 (0x034b2c33) x24 0x00000000
core   0: 0x800090a4 (0x41fa0533) sub     a0, s4, t6
core   0: 3 0x800090a4 (0x41fa0533) x10 0x00000000
core   0: 0x800090a8 (0x038a1433) mulh    s0, s4, s8
core   0: 3 0x800090a8 (0x038a1433) x8  0x00000000
core   0: 0x800090ac (0x01152a33) slt     s4, a0, a7
core   0: 3 0x800090ac (0x01152a33) x20 0x00000000
core   0: 0x800090b0 (0x402c8933) sub     s2, s9, sp
core   0: 3 0x800090b0 (0x402c8933) x18 0x7fd0bf27
core   0: 0x800090b4 (0x4c0ee097) auipc   ra, 0x4c0ee
core   0: 3 0x800090b4 (0x4c0ee097) x1  0xcc0f70b4
core   0: 0x800090b8 (0x01911913) slli    s2, sp, 25
core   0: 3 0x800090b8 (0x01911913) x18 0x48000000
core   0: 0x800090bc (0x05c4aa17) auipc   s4, 0x5c4a
core   0: 3 0x800090bc (0x05c4aa17) x20 0x85c530bc
core   0: 0x800090c0 (0x01f39913) slli    s2, t2, 31
core   0: 3 0x800090c0 (0x01f39913) x18 0x00000000
core   0: 0x800090c4 (0x0000e095) c.bnez  s1, pc + 36
core   0: 3 0x800090c4 (0xe095)
core   0: 0x800090e8 (0x000098fd) c.andi  s1, -1
core   0: 3 0x800090e8 (0x98fd) x9  0x01ffffff
core   0: 0x800090ea (0xc1d45517) auipc   a0, 0xc1d45
core   0: 3 0x800090ea (0xc1d45517) x10 0x41d4e0ea
core   0: 0x800090ee (0x00006465) c.lui   s0, 0x19
core   0: 3 0x800090ee (0x6465) x8  0x00019000
core   0: 0x800090f0 (0x00008a3a) c.mv    s4, a4
core   0: 3 0x800090f0 (0x8a3a) x20 0xfffffc00
core   0: 0x800090f2 (0x00004409) c.li    s0, 2
core   0: 3 0x800090f2 (0x4409) x8  0x00000002
core   0: 0x800090f4 (0x012cb633) sltu    a2, s9, s2
core   0: 3 0x800090f4 (0x012cb633) x12 0x00000000
core   0: 0x800090f8 (0x0000c499) c.beqz  s1, pc + 14
core   0: 3 0x800090f8 (0xc499)
core   0: 0x800090fa (0x03a28363) beq     t0, s10, pc + 38
core   0: 3 0x800090fa (0x03a28363)
core   0: 0x800090fe (0x01ad65b3) or      a1, s10, s10
core   0: 3 0x800090fe (0x01ad65b3) x11 0x00000000
core   0: 0x80009102 (0x013b7463) bgeu    s6, s3, pc + 8
core   0: 3 0x80009102 (0x013b7463)
core   0: 0x80009106 (0x008b5813) srli    a6, s6, 8
core   0: 3 0x80009106 (0x008b5813) x16 0x00000000
core   0: 0x8000910a (0xea6d3f13) sltiu   t5, s10, -346
core   0: 3 0x8000910a (0xea6d3f13) x30 0x00000001
core   0: 0x8000910e (0x000014fd) c.addi  s1, -1
core   0: 3 0x8000910e (0x14fd) x9  0x01fffffe
core   0: 0x80009110 (0x00025663) bgez    tp, pc + 12
core   0: 3 0x80009110 (0x00025663)
core   0: 0x8000911c (0x40732b93) slti    s7, t1, 1031
core   0: 3 0x8000911c (0x40732b93) x23 0x00000000
core   0: 0x80009120 (0x023338b3) mulhu   a7, t1, gp
core   0: 3 0x80009120 (0x023338b3) x17 0x3424279a
core   0: 0x80009124 (0x4179d313) srai    t1, s3, 23
core   0: 3 0x80009124 (0x4179d313) x6  0xffffffff
core   0: 0x80009128 (0x1d2b2013) slti    zero, s6, 466
core   0: 3 0x80009128 (0x1d2b2013)
core   0: 0x8000912c (0x00dd5033) srl     zero, s10, a3
core   0: 3 0x8000912c (0x00dd5033)
core   0: 0x80009130 (0x74682b93) slti    s7, a6, 1862
core   0: 3 0x80009130 (0x74682b93) x23 0x00000001
core   0: 0x80009134 (0x00008d59) c.or    a0, a4
core   0: 3 0x80009134 (0x8d59) x10 0xfffffcea
core   0: 0x80009136 (0x01b02a33) slt     s4, zero, s11
core   0: 3 0x80009136 (0x01b02a33) x20 0x00000001
core   0: 0x8000913a (0x00004f45) c.li    t5, 17
core   0: 3 0x8000913a (0x4f45) x30 0x00000011
core   0: 0x8000913c (0x0356ae33) mulhsu  t3, a3, s5
core   0: 3 0x8000913c (0x0356ae33) x28 0xfffffff9
core   0: 0x80009140 (0x413bd5b3) sra     a1, s7, s3
core   0: 3 0x80009140 (0x413bd5b3) x11 0x00000000
core   0: 0x80009144 (0x00008cfd) c.and   s1, a5
core   0: 3 0x80009144 (0x8cfd) x9  0x00000000
core   0: 0x80009146 (0x7e7ff193) andi    gp, t6, 2023
core   0: 3 0x80009146 (0x7e7ff193) x3  0x00000000
core   0: 0x8000914a (0x00008cf2) c.mv    s9, t3
core   0: 3 0x8000914a (0x8cf2) x25 0xfffffff9
core   0: 0x8000914c (0x3185f593) andi    a1, a1, 792
core   0: 3 0x8000914c (0x3185f593) x11 0x00000000
core   0: 0x80009150 (0x01be1463) bne     t3, s11, pc + 8
core   0: 3 0x80009150 (0x01be1463)
core   0: 0x80009158 (0x048ad063) bge     s5, s0, pc + 64
core   0: 3 0x80009158 (0x048ad063)
core   0: 0x8000915c (0x02ecbfb3) mulhu   t6, s9, a4
core   0: 3 0x8000915c (0x02ecbfb3) x31 0xfffffbf9
core   0: 0x80009160 (0x010ffdb3) and     s11, t6, a6
core   0: 3 0x80009160 (0x010ffdb3) x27 0x00000000
core   0: 0x80009164 (0x000006a1) c.addi  a3, 8
core   0: 3 0x80009164 (0x06a1) x13 0x00000001
core   0: 0x80009166 (0x00008691) c.srai  a3, 4
core   0: 3 0x80009166 (0x8691) x13 0x00000000
core   0: 0x80009168 (0x02ca7f33) remu    t5, s4, a2
core   0: 3 0x80009168 (0x02ca7f33) x30 0x00000001
core   0: 0x8000916c (0x5c524b93) xori    s7, tp, 1477
core   0: 3 0x8000916c (0x5c524b93) x23 0x5341d5c5
core   0: 0x80009170 (0x03680263) beq     a6, s6, pc + 36
core   0: 3 0x80009170 (0x03680263)
core   0: 0x80009194 (0x00b0ad33) slt     s10, ra, a1
core   0: 3 0x80009194 (0x00b0ad33) x26 0x00000001
core   0: 0x80009198 (0x00006a8d) c.lui   s5, 0x3
core   0: 3 0x80009198 (0x6a8d) x21 0x00003000
core   0: 0x8000919a (0x0180d833) srl     a6, ra, s8
core   0: 3 0x8000919a (0x0180d833) x16 0xcc0f70b4
core   0: 0x8000919e (0x000011fd) c.addi  gp, -1
core   0: 3 0x8000919e (0x11fd) x3  0xffffffff
core   0: 0x800091a0 (0x8ddfc313) xori    t1, t6, -1827
core   0: 3 0x800091a0 (0x8ddfc313) x6  0x00000324
core   0: 0x800091a4 (0x0000c885) c.beqz  s1, pc + 48
core   0: 3 0x800091a4 (0xc885)
core   0: 0x800091d4 (0xcf237737) lui     a4, 0xcf237
core   0: 3 0x800091d4 (0xcf237737) x14 0xcf237000
core   0: 0x800091d8 (0x000085a5) c.srai  a1, 9
core   0: 3 0x800091d8 (0x85a5) x11 0x00000000
core   0: 0x800091da (0x02393a33) mulhu   s4, s2, gp
core   0: 3 0x800091da (0x02393a33) x20 0x00000000
core   0: 0x800091de (0x02121e63) bne     tp, ra, pc + 60
core   0: 3 0x800091de (0x02121e63)
core   0: 0x8000921a (0x00e71d93) slli    s11, a4, 14
core   0: 3 0x8000921a (0x00e71d93) x27 0xdc000000
core   0: 0x8000921e (0x026dad33) mulhsu  s10, s11, t1
core   0: 3 0x8000921e (0x026dad33) x26 0xffffff8e
core   0: 0x80009222 (0x01396db3) or      s11, s2, s3
core   0: 3 0x80009222 (0x01396db3) x27 0xfffffff0
core   0: 0x80009226 (0x019bf8b3) and     a7, s7, s9
core   0: 3 0x80009226 (0x019bf8b3) x17 0x5341d5c1
core   0: 0x8000922a (0x000098fd) c.andi  s1, -1
core   0: 3 0x8000922a (0x98fd) x9  0x00000000
core   0: 0x8000922c (0x00008a29) c.andi  a2, 10
core   0: 3 0x8000922c (0x8a29) x12 0x00000000
core   0: 0x8000922e (0x00c20863) beq     tp, a2, pc + 16
core   0: 3 0x8000922e (0x00c20863)
core   0: 0x80009232 (0x40bf5a33) sra     s4, t5, a1
core   0: 3 0x80009232 (0x40bf5a33) x20 0x00000001
core   0: 0x80009236 (0x604eba13) sltiu   s4, t4, 1540
core   0: 3 0x80009236 (0x604eba13) x20 0x00000000
core   0: 0x8000923a (0x0304ff33) remu    t5, s1, a6
core   0: 3 0x8000923a (0x0304ff33) x30 0x00000000
core   0: 0x8000923e (0x01e839b3) sltu    s3, a6, t5
core   0: 3 0x8000923e (0x01e839b3) x19 0x00000000
core   0: 0x80009242 (0x0221a8b3) mulhsu  a7, gp, sp
core   0: 3 0x80009242 (0x0221a8b3) x17 0xffffffff
core   0: 0x80009246 (0x40155033) sra     zero, a0, ra
core   0: 3 0x80009246 (0x40155033)
core   0: 0x8000924a (0x00004705) c.li    a4, 1
core   0: 3 0x8000924a (0x4705) x14 0x00000001
core   0: 0x8000924c (0x00009e2a) c.add   t3, a0
core   0: 3 0x8000924c (0x9e2a) x28 0xfffffce3
core   0: 0x8000924e (0x00008dd9) c.or    a1, a4
core   0: 3 0x8000924e (0x8dd9) x11 0x00000001
core   0: 0x80009250 (0x00000001) c.nop
core   0: 3 0x80009250 (0x0001)
core   0: 0x80009252 (0x02e15163) bge     sp, a4, pc + 34
core   0: 3 0x80009252 (0x02e15163)
core   0: 0x80009256 (0x00008cb5) c.xor   s1, a3
core   0: 3 0x80009256 (0x8cb5) x9  0x00000000
core   0: 0x80009258 (0x02f04ab3) div     s5, zero, a5
core   0: 3 0x80009258 (0x02f04ab3) x21 0x00000000
core   0: 0x8000925c (0x01c12e33) slt     t3, sp, t3
core   0: 3 0x8000925c (0x01c12e33) x28 0x00000001
core   0: 0x80009260 (0x00009326) c.add   t1, s1
core   0: 3 0x80009260 (0x9326) x6  0x00000324
core   0: 0x80009262 (0x35afca13) xori    s4, t6, 858
core   0: 3 0x80009262 (0x35afca13) x20 0xfffff8a3
core   0: 0x80009266 (0x0000c019) c.beqz  s0, pc + 6
core   0: 3 0x80009266 (0xc019)
core   0: 0x80009268 (0x015fbc33) sltu    s8, t6, s5
core   0: 3 0x80009268 (0x015fbc33) x24 0x00000000
core   0: 0x8000926c (0x02e32c33) mulhsu  s8, t1, a4
core   0: 3 0x8000926c (0x02e32c33) x24 0x00000000
core   0: 0x80009270 (0x02468263) beq     a3, tp, pc + 36
core   0: 3 0x80009270 (0x02468263)
core   0: 0x80009274 (0x01ed86b3) add     a3, s11, t5
core   0: 3 0x80009274 (0x01ed86b3) x13 0xfffffff0
core   0: 0x80009278 (0x014f2333) slt     t1, t5, s4
core   0: 3 0x80009278 (0x014f2333) x6  0x00000000
core   0: 0x8000927c (0x02ebfd33) remu    s10, s7, a4
core   0: 3 0x8000927c (0x02ebfd33) x26 0x00000000
core   0: 0x80009280 (0x00008b3e) c.mv    s6, a5
core   0: 3 0x80009280 (0x8b3e) x22 0x80000000
core   0: 0x80009282 (0x007a7bb3) and     s7, s4, t2
core   0: 3 0x80009282 (0x007a7bb3) x23 0x80025820
core   0: 0x80009286 (0x00006379) c.lui   t1, 0x1e
core   0: 3 0x80009286 (0x6379) x6  0x0001e000
core   0: 0x80009288 (0x03d56d63) bltu    a0, t4, pc + 58
core   0: 3 0x80009288 (0x03d56d63)
core   0: 0x8000928c (0x01836a63) bltu    t1, s8, pc + 20
core   0: 3 0x8000928c (0x01836a63)
core   0: 0x80009290 (0x03274763) blt     a4, s2, pc + 46
core   0: 3 0x80009290 (0x03274763)
core   0: 0x80009294 (0x03aa75b3) remu    a1, s4, s10
core   0: 3 0x80009294 (0x03aa75b3) x11 0xfffff8a3
core   0: 0x80009298 (0x00ba5693) srli    a3, s4, 11
core   0: 3 0x80009298 (0x00ba5693) x13 0x001fffff
core   0: 0x8000929c (0x03de01b3) mul     gp, t3, t4
core   0: 3 0x8000929c (0x03de01b3) x3  0x0cc39efc
core   0: 0x800092a0 (0x00000001) c.nop
core   0: 3 0x800092a0 (0x0001)
core   0: 0x800092a2 (0x00008ee9) c.and   a3, a0
core   0: 3 0x800092a2 (0x8ee9) x13 0x001ffcea
core   0: 0x800092a4 (0x012bdf33) srl     t5, s7, s2
core   0: 3 0x800092a4 (0x012bdf33) x30 0x80025820
core   0: 0x800092a8 (0x030901b3) mul     gp, s2, a6
core   0: 3 0x800092a8 (0x030901b3) x3  0x00000000
core   0: 0x800092ac (0x411d0933) sub     s2, s10, a7
core   0: 3 0x800092ac (0x411d0933) x18 0x00000001
core   0: 0x800092b0 (0x41d880b3) sub     ra, a7, t4
core   0: 3 0x800092b0 (0x41d880b3) x1  0xf33c6103
core   0: 0x800092b4 (0x01d52733) slt     a4, a0, t4
core   0: 3 0x800092b4 (0x01d52733) x14 0x00000001
core   0: 0x800092b8 (0xbf908c13) addi    s8, ra, -1031
core   0: 3 0x800092b8 (0xbf908c13) x24 0xf33c5cfc
core   0: 0x800092bc (0x00008c32) c.mv    s8, a2
core   0: 3 0x800092bc (0x8c32) x24 0x00000000
core   0: 0x800092be (0x0325a5b3) mulhsu  a1, a1, s2
core   0: 3 0x800092be (0x0325a5b3) x11 0xffffffff
core   0: 0x800092c2 (0x01d778b3) and     a7, a4, t4
core   0: 3 0x800092c2 (0x01d778b3) x17 0x00000000
core   0: 0x800092c6 (0x0000e9b5) c.bnez  a1, pc + 116
core   0: 3 0x800092c6 (0xe9b5)
core   0: 0x8000933a (0x01caca33) xor     s4, s5, t3
core   0: 3 0x8000933a (0x01caca33) x20 0x00000001
core   0: 0x8000933e (0x00009dd2) c.add   s11, s4
core   0: 3 0x8000933e (0x9dd2) x27 0xfffffff1
core   0: 0x80009340 (0x00008191) c.srli  a1, 4
core   0: 3 0x80009340 (0x8191) x11 0x0fffffff
core   0: 0x80009342 (0x0060e0b3) or      ra, ra, t1
core   0: 3 0x80009342 (0x0060e0b3) x1  0xf33de103
core   0: 0x80009346 (0x00008866) c.mv    a6, s9
core   0: 3 0x80009346 (0x8866) x16 0xfffffff9
core   0: 0x80009348 (0x02247e33) remu    t3, s0, sp
core   0: 3 0x80009348 (0x02247e33) x28 0x00000002
core   0: 0x8000934c (0x0338f1b3) remu    gp, a7, s3
core   0: 3 0x8000934c (0x0338f1b3) x3  0x00000000
core   0: 0x80009350 (0xa9d7c837) lui     a6, 0xa9d7c
core   0: 3 0x80009350 (0xa9d7c837) x16 0xa9d7c000
core   0: 0x80009354 (0x00008d59) c.or    a0, a4
core   0: 3 0x80009354 (0x8d59) x10 0xfffffceb
core   0: 0x80009356 (0x002d1993) slli    s3, s10, 2
core   0: 3 0x80009356 (0x002d1993) x19 0x00000000
core   0: 0x8000935a (0x00008cc5) c.or    s1, s1
core   0: 3 0x8000935a (0x8cc5) x9  0x00000000
core   0: 0x8000935c (0x0009d863) bgez    s3, pc + 16
core   0: 3 0x8000935c (0x0009d863)
core   0: 0x8000936c (0x036161b3) rem     gp, sp, s6
core   0: 3 0x8000936c (0x036161b3) x3  0x80029d24
core   0: 0x80009370 (0x00006d89) c.lui   s11, 0x2
core   0: 3 0x80009370 (0x6d89) x27 0x00002000
core   0: 0x80009372 (0x01cec1b3) xor     gp, t4, t3
core   0: 3 0x80009372 (0x01cec1b3) x3  0x0cc39efe
core   0: 0x80009376 (0x00008e75) c.and   a2, a3
core   0: 3 0x80009376 (0x8e75) x12 0x00000000
core   0: 0x80009378 (0xa7bb8d13) addi    s10, s7, -1413
core   0: 3 0x80009378 (0xa7bb8d13) x26 0x8002529b
core   0: 0x8000937c (0x00c9b333) sltu    t1, s3, a2
core   0: 3 0x8000937c (0x00c9b333) x6  0x00000000
core   0: 0x80009380 (0x02b45433) divu    s0, s0, a1
core   0: 3 0x80009380 (0x02b45433) x8  0x00000000
core   0: 0x80009384 (0x00cdc033) xor     zero, s11, a2
core   0: 3 0x80009384 (0x00cdc033)
core   0: 0x80009388 (0xbc236417) auipc   s0, 0xbc236
core   0: 3 0x80009388 (0xbc236417) x8  0x3c23f388
core   0: 0x8000938c (0x1b990193) addi    gp, s2, 441
core   0: 3 0x8000938c (0x1b990193) x3  0x000001ba
core   0: 0x80009390 (0x00008c29) c.xor   s0, a0
core   0: 3 0x80009390 (0x8c29) x8  0xc3dc0f63
core   0: 0x80009392 (0x029aca63) blt     s5, s1, pc + 52
core   0: 3 0x80009392 (0x029aca63)
core   0: 0x80009396 (0x000088f6) c.mv    a7, t4
core   0: 3 0x80009396 (0x88f6) x17 0x0cc39efc
core   0: 0x80009398 (0x01fbccb3) xor     s9, s7, t6
core   0: 3 0x80009398 (0x01fbccb3) x25 0x7ffda3d9
core   0: 0x8000939c (0x00004c2d) c.li    s8, 11
core   0: 3 0x8000939c (0x4c2d) x24 0x0000000b
core   0: 0x8000939e (0x003674b3) and     s1, a2, gp
core   0: 3 0x8000939e (0x003674b3) x9  0x00000000
core   0: 0x800093a2 (0x03443733) mulhu   a4, s0, s4
core   0: 3 0x800093a2 (0x03443733) x14 0x00000000
core   0: 0x800093a6 (0x4656b813) sltiu   a6, a3, 1125
core   0: 3 0x800093a6 (0x4656b813) x16 0x00000000
core   0: 0x800093aa (0x01369ab3) sll     s5, a3, s3
core   0: 3 0x800093aa (0x01369ab3) x21 0x001ffcea
core   0: 0x800093ae (0x0000858e) c.mv    a1, gp
core   0: 3 0x800093ae (0x858e) x11 0x000001ba
core   0: 0x800093b0 (0x000012fd) c.addi  t0, -1
core   0: 3 0x800093b0 (0x12fd) x5  0x013fffff
core   0: 0x800093b2 (0x000001b2) c.slli  gp, 12
core   0: 3 0x800093b2 (0x01b2) x3  0x001ba000
core   0: 0x800093b4 (0x4e6bcb93) xori    s7, s7, 1254
core   0: 3 0x800093b4 (0x4e6bcb93) x23 0x80025cc6
core   0: 0x800093b8 (0x001cc863) blt     s9, ra, pc + 16
core   0: 3 0x800093b8 (0x001cc863)
core   0: 0x800093bc (0x03f29c33) mulh    s8, t0, t6
core   0: 3 0x800093bc (0x03f29c33) x24 0xfffffffa
core   0: 0x800093c0 (0x004219b3) sll     s3, tp, tp
core   0: 3 0x800093c0 (0x004219b3) x19 0x5341d000
core   0: 0x800093c4 (0x00008d9d) c.sub   a1, a5
core   0: 3 0x800093c4 (0x8d9d) x11 0x800001ba
core   0: 0x800093c6 (0x00000001) c.nop
core   0: 3 0x800093c6 (0x0001)
core   0: 0x800093c8 (0x00008de5) c.and   a1, s1
core   0: 3 0x800093c8 (0x8de5) x11 0x00000000
core   0: 0x800093ca (0x02bf5433) divu    s0, t5, a1
core   0: 3 0x800093ca (0x02bf5433) x8  0xffffffff
core   0: 0x800093ce (0x02727033) remu    zero, tp, t2
core   0: 3 0x800093ce (0x02727033)
core   0: 0x800093d2 (0x01fa7b33) and     s6, s4, t6
core   0: 3 0x800093d2 (0x01fa7b33) x22 0x00000001
core   0: 0x800093d6 (0x023df1b3) remu    gp, s11, gp
core   0: 3 0x800093d6 (0x023df1b3) x3  0x00002000
core   0: 0x800093da (0x2dd219b7) lui     s3, 0x2dd21
core   0: 3 0x800093da (0x2dd219b7) x19 0x2dd21000
core   0: 0x800093de (0x035326b3) mulhsu  a3, t1, s5
core   0: 3 0x800093de (0x035326b3) x13 0x00000000
core   0: 0x800093e2 (0x00004d41) c.li    s10, 16
core   0: 3 0x800093e2 (0x4d41) x26 0x00000010
core   0: 0x800093e4 (0x014d1463) bne     s10, s4, pc + 8
core   0: 3 0x800093e4 (0x014d1463)
core   0: 0x800093ec (0x02198263) beq     s3, ra, pc + 36
core   0: 3 0x800093ec (0x02198263)
core   0: 0x800093f0 (0x00000aba) c.slli  s5, 14
core   0: 3 0x800093f0 (0x0aba) x21 0xff3a8000
core   0: 0x800093f2 (0x01910863) beq     sp, s9, pc + 16
core   0: 3 0x800093f2 (0x01910863)
core   0: 0x800093f6 (0x00001e7d) c.addi  t3, -1
core   0: 3 0x800093f6 (0x1e7d) x28 0x00000001
core   0: 0x800093f8 (0x00009b96) c.add   s7, t0
core   0: 3 0x800093f8 (0x9b96) x23 0x81425cc5
core   0: 0x800093fa (0x4cd2ee13) ori     t3, t0, 1229
core   0: 3 0x800093fa (0x4cd2ee13) x28 0x013fffff
core   0: 0x800093fe (0x01879933) sll     s2, a5, s8
core   0: 3 0x800093fe (0x01879933) x18 0x00000000
core   0: 0x80009402 (0x00000cb1) c.addi  s9, 12
core   0: 3 0x80009402 (0x0cb1) x25 0x7ffda3e5
core   0: 0x80009404 (0x018221b3) slt     gp, tp, s8
core   0: 3 0x80009404 (0x018221b3) x3  0x00000000
core   0: 0x80009408 (0xf9c2f293) andi    t0, t0, -100
core   0: 3 0x80009408 (0xf9c2f293) x5  0x013fff9c
core   0: 0x8000940c (0xb7077993) andi    s3, a4, -1168
core   0: 3 0x8000940c (0xb7077993) x19 0x00000000
core   0: 0x80009410 (0x0242cc33) div     s8, t0, tp
core   0: 3 0x80009410 (0x0242cc33) x24 0x00000000
core   0: 0x80009414 (0x00008f79) c.and   a4, a4
core   0: 3 0x80009414 (0x8f79) x14 0x00000000
core   0: 0x80009416 (0x00009b7d) c.andi  a4, -1
core   0: 3 0x80009416 (0x9b7d) x14 0x00000000
core   0: 0x80009418 (0x01f89193) slli    gp, a7, 31
core   0: 3 0x80009418 (0x01f89193) x3  0x00000000
core   0: 0x8000941c (0xb9d1a913) slti    s2, gp, -1123
core   0: 3 0x8000941c (0xb9d1a913) x18 0x00000000
core   0: 0x80009420 (0x02d95833) divu    a6, s2, a3
core   0: 3 0x80009420 (0x02d95833) x16 0xffffffff
core   0: 0x80009424 (0x00008e25) c.xor   a2, s1
core   0: 3 0x80009424 (0x8e25) x12 0x00000000
core   0: 0x80009426 (0x00c3d693) srli    a3, t2, 12
core   0: 3 0x80009426 (0x00c3d693) x13 0x00080025
core   0: 0x8000942a (0x036826b3) mulhsu  a3, a6, s6
core   0: 3 0x8000942a (0x036826b3) x13 0xffffffff
core   0: 0x8000942e (0x02755333) divu    t1, a0, t2
core   0: 3 0x8000942e (0x02755333) x6  0x00000001
core   0: 0x80009432 (0x00000001) c.nop
core   0: 3 0x80009432 (0x0001)
core   0: 0x80009434 (0x4016d2b3) sra     t0, a3, ra
core   0: 3 0x80009434 (0x4016d2b3) x5  0xffffffff
core   0: 0x80009438 (0x00000001) c.nop
core   0: 3 0x80009438 (0x0001)
core   0: 0x8000943a (0x00000001) c.nop
core   0: 3 0x8000943a (0x0001)
core   0: 0x8000943c (0x00008b65) c.andi  a4, 25
core   0: 3 0x8000943c (0x8b65) x14 0x00000000
core   0: 0x8000943e (0x0000409d) c.li    ra, 7
core   0: 3 0x8000943e (0x409d) x1  0x00000007
core   0: 0x80009440 (0x03457763) bgeu    a0, s4, pc + 46
core   0: 3 0x80009440 (0x03457763)
core   0: 0x8000946e (0x01b99713) slli    a4, s3, 27
core   0: 3 0x8000946e (0x01b99713) x14 0x00000000
core   0: 0x80009472 (0x000001fa) c.slli  gp, 30
core   0: 3 0x80009472 (0x01fa) x3  0x00000000
core   0: 0x80009474 (0x417a5193) srai    gp, s4, 23
core   0: 3 0x80009474 (0x417a5193) x3  0x00000000
core   0: 0x80009478 (0x029b8633) mul     a2, s7, s1
core   0: 3 0x80009478 (0x029b8633) x12 0x00000000
core   0: 0x8000947c (0x02b5d863) bge     a1, a1, pc + 48
core   0: 3 0x8000947c (0x02b5d863)
core   0: 0x800094ac (0x98aa3193) sltiu   gp, s4, -1654
core   0: 3 0x800094ac (0x98aa3193) x3  0x00000001
core   0: 0x800094b0 (0x0000ce19) c.beqz  a2, pc + 30
core   0: 3 0x800094b0 (0xce19)
core   0: 0x800094ce (0x00000e3e) c.slli  t3, 15
core   0: 3 0x800094ce (0x0e3e) x28 0xffff8000
core   0: 0x800094d0 (0xb24b2c13) slti    s8, s6, -1244
core   0: 3 0x800094d0 (0xb24b2c13) x24 0x00000000
core   0: 0x800094d4 (0x009ce0b3) or      ra, s9, s1
core   0: 3 0x800094d4 (0x009ce0b3) x1  0x7ffda3e5
core   0: 0x800094d8 (0x03b0db33) divu    s6, ra, s11
core   0: 3 0x800094d8 (0x03b0db33) x22 0x0003ffed
core   0: 0x800094dc (0x0213fab3) remu    s5, t2, ra
core   0: 3 0x800094dc (0x0213fab3) x21 0x0004ba53
core   0: 0x800094e0 (0x000086e1) c.srai  a3, 24
core   0: 3 0x800094e0 (0x86e1) x13 0xffffffff
core   0: 0x800094e2 (0x00008d81) c.sub   a1, s0
core   0: 3 0x800094e2 (0x8d81) x11 0x00000001
core   0: 0x800094e4 (0x000062a9) c.lui   t0, 0xa
core   0: 3 0x800094e4 (0x62a9) x5  0x0000a000
core   0: 0x800094e6 (0x00000001) c.nop
core   0: 3 0x800094e6 (0x0001)
core   0: 0x800094e8 (0x0000918a) c.add   gp, sp
core   0: 3 0x800094e8 (0x918a) x3  0x80029d25
core   0: 0x800094ea (0x00008da5) c.xor   a1, s1
core   0: 3 0x800094ea (0x8da5) x11 0x00000001
core   0: 0x800094ec (0x02898933) mul     s2, s3, s0
core   0: 3 0x800094ec (0x02898933) x18 0x00000000
core   0: 0x800094f0 (0x00000001) c.nop
core   0: 3 0x800094f0 (0x0001)
core   0: 0x800094f2 (0x00008215) c.srli  a2, 5
core   0: 3 0x800094f2 (0x8215) x12 0x00000000
core   0: 0x800094f4 (0x01150863) beq     a0, a7, pc + 16
core   0: 3 0x800094f4 (0x01150863)
core   0: 0x800094f8 (0x033c4e63) blt     s8, s3, pc + 60
core   0: 3 0x800094f8 (0x033c4e63)
core   0: 0x800094fc (0x03d971b3) remu    gp, s2, t4
core   0: 3 0x800094fc (0x03d971b3) x3  0x00000000
core   0: 0x80009500 (0x00ab1a33) sll     s4, s6, a0
core   0: 3 0x80009500 (0x00ab1a33) x20 0x1fff6800
core   0: 0x80009504 (0x00774533) xor     a0, a4, t2
core   0: 3 0x80009504 (0x00774533) x10 0x80025e38
core   0: 0x80009508 (0x00008e51) c.or    a2, a2
core   0: 3 0x80009508 (0x8e51) x12 0x00000000
core   0: 0x8000950a (0x417ad333) sra     t1, s5, s7
core   0: 3 0x8000950a (0x417ad333) x6  0x000025d2
core   0: 0x8000950e (0x00000f42) c.slli  t5, 16
core   0: 3 0x8000950e (0x0f42) x30 0x58200000
core   0: 0x80009510 (0x41300733) sub     a4, zero, s3
core   0: 3 0x80009510 (0x41300733) x14 0x00000000
core   0: 0x80009514 (0x05fc2093) slti    ra, s8, 95
core   0: 3 0x80009514 (0x05fc2093) x1  0x00000001
core   0: 0x80009518 (0x7c9fbf93) sltiu   t6, t6, 1993
core   0: 3 0x80009518 (0x7c9fbf93) x31 0x00000000
core   0: 0x8000951c (0x03dbf463) bgeu    s7, t4, pc + 40
core   0: 3 0x8000951c (0x03dbf463)
core   0: 0x80009544 (0x00000206) c.slli  tp, 1
core   0: 3 0x80009544 (0x0206) x4  0xa683a000
core   0: 0x80009546 (0x00000625) c.addi  a2, 9
core   0: 3 0x80009546 (0x0625) x12 0x00000009
core   0: 0x80009548 (0x03e9cb63) blt     s3, t5, pc + 54
core   0: 3 0x80009548 (0x03e9cb63)
core   0: 0x8000957e (0x000085a1) c.srai  a1, 8
core   0: 3 0x8000957e (0x85a1) x11 0x00000000
core   0: 0x80009580 (0x03e60fb3) mul     t6, a2, t5
core   0: 3 0x80009580 (0x03e60fb3) x31 0x19200000
core   0: 0x80009584 (0x0104e863) bltu    s1, a6, pc + 16
core   0: 3 0x80009584 (0x0104e863)
core   0: 0x80009594 (0x02b1ef63) bltu    gp, a1, pc + 62
core   0: 3 0x80009594 (0x02b1ef63)
core   0: 0x80009598 (0x00000542) c.slli  a0, 16
core   0: 3 0x80009598 (0x0542) x10 0x5e380000
core   0: 0x8000959a (0x0000908a) c.add   ra, sp
core   0: 3 0x8000959a (0x908a) x1  0x80029d25
core   0: 0x8000959c (0x00008aee) c.mv    s5, s11
core   0: 3 0x8000959c (0x8aee) x21 0x00002000
core   0: 0x8000959e (0x000082b9) c.srli  a3, 14
core   0: 3 0x8000959e (0x82b9) x13 0x0003ffff
core   0: 0x800095a0 (0x00008fe6) c.mv    t6, s9
core   0: 3 0x800095a0 (0x8fe6) x31 0x7ffda3e5
core   0: 0x800095a2 (0x00008f25) c.xor   a4, s1
core   0: 3 0x800095a2 (0x8f25) x14 0x00000000
core   0: 0x800095a4 (0xff0a4f93) xori    t6, s4, -16
core   0: 3 0x800095a4 (0xff0a4f93) x31 0xe00097f0
core   0: 0x800095a8 (0x02c87db3) remu    s11, a6, a2
core   0: 3 0x800095a8 (0x02c87db3) x27 0x00000003
core   0: 0x800095ac (0x00000f6e) c.slli  t5, 27
core   0: 3 0x800095ac (0x0f6e) x30 0x00000000
core   0: 0x800095ae (0x00f64733) xor     a4, a2, a5
core   0: 3 0x800095ae (0x00f64733) x14 0x80000009
core   0: 0x800095b2 (0x0000e911) c.bnez  a0, pc + 20
core   0: 3 0x800095b2 (0xe911)
core   0: 0x800095c6 (0x0373fbb3) remu    s7, t2, s7
core   0: 3 0x800095c6 (0x0373fbb3) x23 0x80025e38
core   0: 0x800095ca (0x00702b33) slt     s6, zero, t2
core   0: 3 0x800095ca (0x00702b33) x22 0x00000000
core   0: 0x800095ce (0x0023d633) srl     a2, t2, sp
core   0: 3 0x800095ce (0x0023d633) x12 0x080025e3
core   0: 0x800095d2 (0x00008ee5) c.and   a3, s1
core   0: 3 0x800095d2 (0x8ee5) x13 0x00000000
core   0: 0x800095d4 (0x0275ef33) rem     t5, a1, t2
core   0: 3 0x800095d4 (0x0275ef33) x30 0x00000000
core   0: 0x800095d8 (0x036b0d93) addi    s11, s6, 54
core   0: 3 0x800095d8 (0x036b0d93) x27 0x00000036
core   0: 0x800095dc (0x0000c409) c.beqz  s0, pc + 10
core   0: 3 0x800095dc (0xc409)
core   0: 0x800095de (0x01889833) sll     a6, a7, s8
core   0: 3 0x800095de (0x01889833) x16 0x0cc39efc
core   0: 0x800095e2 (0x019a4333) xor     t1, s4, s9
core   0: 3 0x800095e2 (0x019a4333) x6  0x6002cbe5
core   0: 0x800095e6 (0x0000e711) c.bnez  a4, pc + 12
core   0: 3 0x800095e6 (0xe711)
core   0: 0x800095f2 (0x006dda13) srli    s4, s11, 6
core   0: 3 0x800095f2 (0x006dda13) x20 0x00000000
core   0: 0x800095f6 (0x026491b3) mulh    gp, s1, t1
core   0: 3 0x800095f6 (0x026491b3) x3  0x00000000
core   0: 0x800095fa (0x0158f963) bgeu    a7, s5, pc + 18
core   0: 3 0x800095fa (0x0158f963)
core   0: 0x8000960c (0xf5df7d37) lui     s10, 0xf5df7
core   0: 3 0x8000960c (0xf5df7d37) x26 0xf5df7000
core   0: 0x80009610 (0x02f1d333) divu    t1, gp, a5
core   0: 3 0x80009610 (0x02f1d333) x6  0x00000000
core   0: 0x80009614 (0x029726b3) mulhsu  a3, a4, s1
core   0: 3 0x80009614 (0x029726b3) x13 0x00000000
core   0: 0x80009618 (0xc204bc13) sltiu   s8, s1, -992
core   0: 3 0x80009618 (0xc204bc13) x24 0x00000001
core   0: 0x8000961c (0x03b1d763) bge     gp, s11, pc + 46
core   0: 3 0x8000961c (0x03b1d763)
core   0: 0x80009620 (0x0000051e) c.slli  a0, 7
core   0: 3 0x80009620 (0x051e) x10 0x1c000000
core   0: 0x80009622 (0x00006a25) c.lui   s4, 0x9
core   0: 3 0x80009622 (0x6a25) x20 0x00009000
core   0: 0x80009624 (0x00512d33) slt     s10, sp, t0
core   0: 3 0x80009624 (0x00512d33) x26 0x00000001
core   0: 0x80009628 (0x035e5c33) divu    s8, t3, s5
core   0: 3 0x80009628 (0x035e5c33) x24 0x0007fffc
core   0: 0x8000962c (0x02010a63) beqz    sp, pc + 52
core   0: 3 0x8000962c (0x02010a63)
core   0: 0x80009630 (0x0000ca01) c.beqz  a2, pc + 16
core   0: 3 0x80009630 (0xca01)
core   0: 0x80009632 (0x000080f9) c.srli  s1, 30
core   0: 3 0x80009632 (0x80f9) x9  0x00000000
core   0: 0x80009634 (0x9c482f93) slti    t6, a6, -1596
core   0: 3 0x80009634 (0x9c482f93) x31 0x00000000
core   0: 0x80009638 (0x04d09363) bne     ra, a3, pc + 70
core   0: 3 0x80009638 (0x04d09363)
core   0: 0x8000967e (0x00008c8e) c.mv    s9, gp
core   0: 3 0x8000967e (0x8c8e) x25 0x00000000
core   0: 0x80009680 (0x01fada33) srl     s4, s5, t6
core   0: 3 0x80009680 (0x01fada33) x20 0x00002000
core   0: 0x80009684 (0x419e84b3) sub     s1, t4, s9
core   0: 3 0x80009684 (0x419e84b3) x9  0x0cc39efc
core   0: 0x80009688 (0x00008575) c.srai  a0, 29
core   0: 3 0x80009688 (0x8575) x10 0x00000000
core   0: 0x8000968a (0x0000cb09) c.beqz  a4, pc + 18
core   0: 3 0x8000968a (0xcb09)
core   0: 0x8000968c (0x00000001) c.nop
core   0: 3 0x8000968c (0x0001)
core   0: 0x8000968e (0x000081be) c.mv    gp, a5
core   0: 3 0x8000968e (0x81be) x3  0x80000000
core   0: 0x80009690 (0x0329fc63) bgeu    s3, s2, pc + 56
core   0: 3 0x80009690 (0x0329fc63)
core   0: 0x800096c8 (0x039426b3) mulhsu  a3, s0, s9
core   0: 3 0x800096c8 (0x039426b3) x13 0x00000000
core   0: 0x800096cc (0x02661063) bne     a2, t1, pc + 32
core   0: 3 0x800096cc (0x02661063)
core   0: 0x800096ec (0x417ac813) xori    a6, s5, 1047
core   0: 3 0x800096ec (0x417ac813) x16 0x00002417
core   0: 0x800096f0 (0x0342b9b3) mulhu   s3, t0, s4
core   0: 3 0x800096f0 (0x0342b9b3) x19 0x00000000
core   0: 0x800096f4 (0x013b8193) addi    gp, s7, 19
core   0: 3 0x800096f4 (0x013b8193) x3  0x80025e4b
core   0: 0x800096f8 (0x00e63d33) sltu    s10, a2, a4
core   0: 3 0x800096f8 (0x00e63d33) x26 0x00000001
core   0: 0x800096fc (0x00eb5f63) bge     s6, a4, pc + 30
core   0: 3 0x800096fc (0x00eb5f63)
core   0: 0x8000971a (0x028ade33) divu    t3, s5, s0
core   0: 3 0x8000971a (0x028ade33) x28 0x00000000
core   0: 0x8000971e (0x02b21a33) mulh    s4, tp, a1
core   0: 3 0x8000971e (0x02b21a33) x20 0x00000000
core   0: 0x80009722 (0x0219d563) bge     s3, ra, pc + 42
core   0: 3 0x80009722 (0x0219d563)
core   0: 0x8000974c (0x00aedd63) bge     t4, a0, pc + 26
core   0: 3 0x8000974c (0x00aedd63)
core   0: 0x80009766 (0x00001f7d) c.addi  t5, -1
core   0: 3 0x80009766 (0x1f7d) x30 0xffffffff
core   0: 0x80009768 (0x00c01d93) slli    s11, zero, 12
core   0: 3 0x80009768 (0x00c01d93) x27 0x00000000
core   0: 0x8000976c (0x03921163) bne     tp, s9, pc + 34
core   0: 3 0x8000976c (0x03921163)
core   0: 0x8000978e (0x0001d6b3) srl     a3, gp, zero
core   0: 3 0x8000978e (0x0001d6b3) x13 0x80025e4b
core   0: 0x80009792 (0x00008e91) c.sub   a3, a2
core   0: 3 0x80009792 (0x8e91) x13 0x78023868
core   0: 0x80009794 (0x03968e33) mul     t3, a3, s9
core   0: 3 0x80009794 (0x03968e33) x28 0x00000000
core   0: 0x80009798 (0x003e5513) srli    a0, t3, 3
core   0: 3 0x80009798 (0x003e5513) x10 0x00000000
core   0: 0x8000979c (0x0000c495) c.beqz  s1, pc + 44
core   0: 3 0x8000979c (0xc495)
core   0: 0x8000979e (0x006ce363) bltu    s9, t1, pc + 6
core   0: 3 0x8000979e (0x006ce363)
core   0: 0x800097a2 (0x00008f35) c.xor   a4, a3
core   0: 3 0x800097a2 (0x8f35) x14 0xf8023861
core   0: 0x800097a4 (0x00000001) c.nop
core   0: 3 0x800097a4 (0x0001)
core   0: 0x800097a6 (0x00008d01) c.sub   a0, s0
core   0: 3 0x800097a6 (0x8d01) x10 0x00000001
core   0: 0x800097a8 (0x017b9763) bne     s7, s7, pc + 14
core   0: 3 0x800097a8 (0x017b9763)
core   0: 0x800097ac (0x03381563) bne     a6, s3, pc + 42
core   0: 3 0x800097ac (0x03381563)
core   0: 0x800097d6 (0x0000e205) c.bnez  a2, pc + 32
core   0: 3 0x800097d6 (0xe205)
core   0: 0x800097f6 (0x00159e93) slli    t4, a1, 1
core   0: 3 0x800097f6 (0x00159e93) x29 0x00000000
core   0: 0x800097fa (0x04cc3413) sltiu   s0, s8, 76
core   0: 3 0x800097fa (0x04cc3413) x8  0x00000000
core   0: 0x800097fe (0x000084f9) c.srai  s1, 30
core   0: 3 0x800097fe (0x84f9) x9  0x00000000
core   0: 0x80009800 (0x40868933) sub     s2, a3, s0
core   0: 3 0x80009800 (0x40868933) x18 0x78023868
core   0: 0x80009804 (0x00000001) c.nop
core   0: 3 0x80009804 (0x0001)
core   0: 0x80009806 (0x03834e63) blt     t1, s8, pc + 60
core   0: 3 0x80009806 (0x03834e63)
core   0: 0x80009842 (0x013dc333) xor     t1, s11, s3
core   0: 3 0x80009842 (0x013dc333) x6  0x00000000
core   0: 0x80009846 (0x0000ec9d) c.bnez  s1, pc + 62
core   0: 3 0x80009846 (0xec9d)
core   0: 0x80009848 (0x00788b33) add     s6, a7, t2
core   0: 3 0x80009848 (0x00788b33) x22 0x8cc5fd34
core   0: 0x8000984c (0x02058233) mul     tp, a1, zero
core   0: 3 0x8000984c (0x02058233) x4  0x00000000
core   0: 0x80009850 (0xf5b67813) andi    a6, a2, -165
core   0: 3 0x80009850 (0xf5b67813) x16 0x08002543
core   0: 0x80009854 (0x01bd0733) add     a4, s10, s11
core   0: 3 0x80009854 (0x01bd0733) x14 0x00000001
core   0: 0x80009858 (0x0120bc33) sltu    s8, ra, s2
core   0: 3 0x80009858 (0x0120bc33) x24 0x00000000
core   0: 0x8000985c (0x000085b1) c.srai  a1, 12
core   0: 3 0x8000985c (0x85b1) x11 0x00000000
core   0: 0x8000985e (0x78aaf013) andi    zero, s5, 1930
core   0: 3 0x8000985e (0x78aaf013)
core   0: 0x80009862 (0x00e71733) sll     a4, a4, a4
core   0: 3 0x80009862 (0x00e71733) x14 0x00000002
core   0: 0x80009866 (0x0000814d) c.srli  a0, 19
core   0: 3 0x80009866 (0x814d) x10 0x00000000
core   0: 0x80009868 (0x414d8333) sub     t1, s11, s4
core   0: 3 0x80009868 (0x414d8333) x6  0x00000000
core   0: 0x8000986c (0x019b1833) sll     a6, s6, s9
core   0: 3 0x8000986c (0x019b1833) x16 0x8cc5fd34
core   0: 0x80009870 (0x00008af1) c.andi  a3, 28
core   0: 3 0x80009870 (0x8af1) x13 0x00000008
core   0: 0x80009872 (0x41c880b3) sub     ra, a7, t3
core   0: 3 0x80009872 (0x41c880b3) x1  0x0cc39efc
core   0: 0x80009876 (0x0000e285) c.bnez  a3, pc + 32
core   0: 3 0x80009876 (0xe285)
core   0: 0x80009896 (0x0000197d) c.addi  s2, -1
core   0: 3 0x80009896 (0x197d) x18 0x78023867
core   0: 0x80009898 (0x0189d093) srli    ra, s3, 24
core   0: 3 0x80009898 (0x0189d093) x1  0x00000000
core   0: 0x8000989c (0x01f5f963) bgeu    a1, t6, pc + 18
core   0: 3 0x8000989c (0x01f5f963)
core   0: 0x800098ae (0x025f09b3) mul     s3, t5, t0
core   0: 3 0x800098ae (0x025f09b3) x19 0xffff6000
core   0: 0x800098b2 (0x01a4d313) srli    t1, s1, 26
core   0: 3 0x800098b2 (0x01a4d313) x6  0x00000000
core   0: 0x800098b6 (0x01bf5013) srli    zero, t5, 27
core   0: 3 0x800098b6 (0x01bf5013)
core   0: 0x800098ba (0x00000001) c.nop
core   0: 3 0x800098ba (0x0001)
core   0: 0x800098bc (0x0000ea8d) c.bnez  a3, pc + 50
core   0: 3 0x800098bc (0xea8d)
core   0: 0x800098ee (0x00afd893) srli    a7, t6, 10
core   0: 3 0x800098ee (0x00afd893) x17 0x00000000
core   0: 0x800098f2 (0x0020d013) srli    zero, ra, 2
core   0: 3 0x800098f2 (0x0020d013)
core   0: 0x800098f6 (0x4156dab3) sra     s5, a3, s5
core   0: 3 0x800098f6 (0x4156dab3) x21 0x00000008
core   0: 0x800098fa (0x41b88a33) sub     s4, a7, s11
core   0: 3 0x800098fa (0x41b88a33) x20 0x00000000
core   0: 0x800098fe (0x8dbb1097) auipc   ra, 0x8dbb1
core   0: 3 0x800098fe (0x8dbb1097) x1  0x0dbba8fe
core   0: 0x80009902 (0x000082c5) c.srli  a3, 17
core   0: 3 0x80009902 (0x82c5) x13 0x00000000
core   0: 0x80009904 (0x0000c519) c.beqz  a0, pc + 14
core   0: 3 0x80009904 (0xc519)
core   0: 0x80009912 (0x005bf963) bgeu    s7, t0, pc + 18
core   0: 3 0x80009912 (0x005bf963)
core   0: 0x80009924 (0x0051e2b3) or      t0, gp, t0
core   0: 3 0x80009924 (0x0051e2b3) x5  0x8002fe4b
core   0: 0x80009928 (0x001dfe63) bgeu    s11, ra, pc + 28
core   0: 3 0x80009928 (0x001dfe63)
core   0: 0x8000992c (0x01510663) beq     sp, s5, pc + 12
core   0: 3 0x8000992c (0x01510663)
core   0: 0x80009930 (0x00008db5) c.xor   a1, a3
core   0: 3 0x80009930 (0x8db5) x11 0x00000000
core   0: 0x80009932 (0x00000001) c.nop
core   0: 3 0x80009932 (0x0001)
core   0: 0x80009934 (0x0116ff33) and     t5, a3, a7
core   0: 3 0x80009934 (0x0116ff33) x30 0x00000000
core   0: 0x80009938 (0x0132b6b3) sltu    a3, t0, s3
core   0: 3 0x80009938 (0x0132b6b3) x13 0x00000001
core   0: 0x8000993c (0x014b41b3) xor     gp, s6, s4
core   0: 3 0x8000993c (0x014b41b3) x3  0x8cc5fd34
core   0: 0x80009940 (0x41e20633) sub     a2, tp, t5
core   0: 3 0x80009940 (0x41e20633) x12 0x00000000
core   0: 0x80009944 (0x000085ed) c.srai  a1, 27
core   0: 3 0x80009944 (0x85ed) x11 0x00000000
core   0: 0x80009946 (0x026760b3) rem     ra, a4, t1
core   0: 3 0x80009946 (0x026760b3) x1  0x00000002
core   0: 0x8000994a (0x00008e25) c.xor   a2, s1
core   0: 3 0x8000994a (0x8e25) x12 0x00000000
core   0: 0x8000994c (0x007af763) bgeu    s5, t2, pc + 14
core   0: 3 0x8000994c (0x007af763)
core   0: 0x80009950 (0x000082ed) c.srli  a3, 27
core   0: 3 0x80009950 (0x82ed) x13 0x00000000
core   0: 0x80009952 (0xfd327537) lui     a0, 0xfd327
core   0: 3 0x80009952 (0xfd327537) x10 0xfd327000
core   0: 0x80009956 (0x3f624093) xori    ra, tp, 1014
core   0: 3 0x80009956 (0x3f624093) x1  0x000003f6
core   0: 0x8000995a (0x840f0a13) addi    s4, t5, -1984
core   0: 3 0x8000995a (0x840f0a13) x20 0xfffff840
core   0: 0x8000995e (0xbc227b13) andi    s6, tp, -1086
core   0: 3 0x8000995e (0xbc227b13) x22 0x00000000
core   0: 0x80009962 (0x00ac8d33) add     s10, s9, a0
core   0: 3 0x80009962 (0x00ac8d33) x26 0xfd327000
core   0: 0x80009966 (0x00000001) c.nop
core   0: 3 0x80009966 (0x0001)
core   0: 0x80009968 (0x5bbbe193) ori     gp, s7, 1467
core   0: 3 0x80009968 (0x5bbbe193) x3  0x80025fbb
core   0: 0x8000996c (0x008b1463) bne     s6, s0, pc + 8
core   0: 3 0x8000996c (0x008b1463)
core   0: 0x80009970 (0x02fa7033) remu    zero, s4, a5
core   0: 3 0x80009970 (0x02fa7033)
core   0: 0x80009974 (0x033356b3) divu    a3, t1, s3
core   0: 3 0x80009974 (0x033356b3) x13 0x00000000
core   0: 0x80009978 (0x037be6b3) rem     a3, s7, s7
core   0: 3 0x80009978 (0x037be6b3) x13 0x00000000
core   0: 0x8000997c (0x000089b5) c.andi  a1, 13
core   0: 3 0x8000997c (0x89b5) x11 0x00000000
core   0: 0x8000997e (0x00000001) c.nop
core   0: 3 0x8000997e (0x0001)
core   0: 0x80009980 (0x03d57d63) bgeu    a0, t4, pc + 58
core   0: 3 0x80009980 (0x03d57d63)
core   0: 0x800099ba (0x03feeb63) bltu    t4, t6, pc + 54
core   0: 3 0x800099ba (0x03feeb63)
core   0: 0x800099be (0x03118663) beq     gp, a7, pc + 44
core   0: 3 0x800099be (0x03118663)
core   0: 0x800099c2 (0x0146e463) bltu    a3, s4, pc + 8
core   0: 3 0x800099c2 (0x0146e463)
core   0: 0x800099ca (0xf665b513) sltiu   a0, a1, -154
core   0: 3 0x800099ca (0xf665b513) x10 0x00000001
core   0: 0x800099ce (0x40e0dc33) sra     s8, ra, a4
core   0: 3 0x800099ce (0x40e0dc33) x24 0x000000fd
core   0: 0x800099d2 (0x03504533) div     a0, zero, s5
core   0: 3 0x800099d2 (0x03504533) x10 0x00000000
core   0: 0x800099d6 (0x0000987d) c.andi  s0, -1
core   0: 3 0x800099d6 (0x987d) x8  0x00000000
core   0: 0x800099d8 (0x4167d093) srai    ra, a5, 22
core   0: 3 0x800099d8 (0x4167d093) x1  0xfffffe00
core   0: 0x800099dc (0x00008d51) c.or    a0, a2
core   0: 3 0x800099dc (0x8d51) x10 0x00000000
core   0: 0x800099de (0x19445097) auipc   ra, 0x19445
core   0: 3 0x800099de (0x19445097) x1  0x9944e9de
core   0: 0x800099e2 (0x0000e599) c.bnez  a1, pc + 14
core   0: 3 0x800099e2 (0xe599)
core   0: 0x800099e4 (0x40b55f93) srai    t6, a0, 11
core   0: 3 0x800099e4 (0x40b55f93) x31 0x00000000
core   0: 0x800099e8 (0x00008f11) c.sub   a4, a2
core   0: 3 0x800099e8 (0x8f11) x14 0x00000002
core   0: 0x800099ea (0x00008235) c.srli  a2, 13
core   0: 3 0x800099ea (0x8235) x12 0x00000000
core   0: 0x800099ec (0x017086b3) add     a3, ra, s7
core   0: 3 0x800099ec (0x017086b3) x13 0x19474816
core   0: 0x800099f0 (0x02a2e0b3) rem     ra, t0, a0
core   0: 3 0x800099f0 (0x02a2e0b3) x1  0x8002fe4b
core   0: 0x800099f4 (0x608cb613) sltiu   a2, s9, 1544
core   0: 3 0x800099f4 (0x608cb613) x12 0x00000001
core   0: 0x800099f8 (0x00008e35) c.xor   a2, a3
core   0: 3 0x800099f8 (0x8e35) x12 0x19474817
core   0: 0x800099fa (0x000082cd) c.srli  a3, 19
core   0: 3 0x800099fa (0x82cd) x13 0x00000328
core   0: 0x800099fc (0x00005d7d) c.li    s10, -1
core   0: 3 0x800099fc (0x5d7d) x26 0xffffffff
core   0: 0x800099fe (0x1ceb6613) ori     a2, s6, 462
core   0: 3 0x800099fe (0x1ceb6613) x12 0x000001ce
core   0: 0x80009a02 (0x000086b5) c.srai  a3, 13
core   0: 3 0x80009a02 (0x86b5) x13 0x00000000
core   0: 0x80009a04 (0x0133b8b3) sltu    a7, t2, s3
core   0: 3 0x80009a04 (0x0133b8b3) x17 0x00000001
core   0: 0x80009a08 (0x00cb9a93) slli    s5, s7, 12
core   0: 3 0x80009a08 (0x00cb9a93) x21 0x25e38000
core   0: 0x80009a0c (0x000052fd) c.li    t0, -1
core   0: 3 0x80009a0c (0x52fd) x5  0xffffffff
core   0: 0x80009a0e (0x01867bb3) and     s7, a2, s8
core   0: 3 0x80009a0e (0x01867bb3) x23 0x000000cc
core   0: 0x80009a12 (0x89dfcb97) auipc   s7, 0x89dfc
core   0: 3 0x80009a12 (0x89dfcb97) x23 0x09e05a12
core   0: 0x80009a16 (0x03fe7163) bgeu    t3, t6, pc + 34
core   0: 3 0x80009a16 (0x03fe7163)
core   0: 0x80009a38 (0x104aff63) bgeu    s5, tp, pc + 286
core   0: 3 0x80009a38 (0x104aff63)
core   0: 0x80009b56 (0x03584fb3) div     t6, a6, s5
core   0: 3 0x80009b56 (0x03584fb3) x31 0xfffffffd
core   0: 0x80009b5a (0x02d38633) mul     a2, t2, a3
core   0: 3 0x80009b5a (0x02d38633) x12 0x00000000
core   0: 0x80009b5e (0x0000c435) c.beqz  s0, pc + 108
core   0: 3 0x80009b5e (0xc435)
core   0: 0x80009bca (0x039b7bb3) remu    s7, s6, s9
core   0: 3 0x80009bca (0x039b7bb3) x23 0x00000000
core   0: 0x80009bce (0x01019513) slli    a0, gp, 16
core   0: 3 0x80009bce (0x01019513) x10 0x5fbb0000
core   0: 0x80009bd2 (0x00008e79) c.and   a2, a4
core   0: 3 0x80009bd2 (0x8e79) x12 0x00000000
core   0: 0x80009bd4 (0x00008ed5) c.or    a3, a3
core   0: 3 0x80009bd4 (0x8ed5) x13 0x00000000
core   0: 0x80009bd6 (0x022eb8b3) mulhu   a7, t4, sp
core   0: 3 0x80009bd6 (0x022eb8b3) x17 0x00000000
core   0: 0x80009bda (0x000092c2) c.add   t0, a6
core   0: 3 0x80009bda (0x92c2) x5  0x8cc5fd33
core   0: 0x80009bdc (0x00008d1a) c.mv    s10, t1
core   0: 3 0x80009bdc (0x8d1a) x26 0x00000000
core   0: 0x80009bde (0xb5cda093) slti    ra, s11, -1188
core   0: 3 0x80009bde (0xb5cda093) x1  0x00000000
core   0: 0x80009be2 (0x03e46363) bltu    s0, t5, pc + 38
core   0: 3 0x80009be2 (0x03e46363)
core   0: 0x80009be6 (0x0318e863) bltu    a7, a7, pc + 48
core   0: 3 0x80009be6 (0x0318e863)
core   0: 0x80009bea (0x96f60e17) auipc   t3, 0x96f60
core   0: 3 0x80009bea (0x96f60e17) x28 0x16f69bea
core   0: 0x80009bee (0x020c5833) divu    a6, s8, zero
core   0: 3 0x80009bee (0x020c5833) x16 0xffffffff
core   0: 0x80009bf2 (0x1a5f3893) sltiu   a7, t5, 421
core   0: 3 0x80009bf2 (0x1a5f3893) x17 0x00000001
core   0: 0x80009bf6 (0x00008d91) c.sub   a1, a2
core   0: 3 0x80009bf6 (0x8d91) x11 0x00000000
core   0: 0x80009bf8 (0xf47c51b7) lui     gp, 0xf47c5
core   0: 3 0x80009bf8 (0xf47c51b7) x3  0xf47c5000
core   0: 0x80009bfc (0xe748cc93) xori    s9, a7, -396
core   0: 3 0x80009bfc (0xe748cc93) x25 0xfffffe75
core   0: 0x80009c00 (0x028a6263) bltu    s4, s0, pc + 36
core   0: 3 0x80009c00 (0x028a6263)
core   0: 0x80009c04 (0x03d95733) divu    a4, s2, t4
core   0: 3 0x80009c04 (0x03d95733) x14 0xffffffff
core   0: 0x80009c08 (0xd20e2a37) lui     s4, 0xd20e2
core   0: 3 0x80009c08 (0xd20e2a37) x20 0xd20e2000
core   0: 0x80009c0c (0x0134dc33) srl     s8, s1, s3
core   0: 3 0x80009c0c (0x0134dc33) x24 0x00000000
core   0: 0x80009c10 (0x037f60b3) rem     ra, t5, s7
core   0: 3 0x80009c10 (0x037f60b3) x1  0x00000000
core   0: 0x80009c14 (0x00000341) c.addi  t1, 16
core   0: 3 0x80009c14 (0x0341) x6  0x00000010
core   0: 0x80009c16 (0x00000001) c.nop
core   0: 3 0x80009c16 (0x0001)
core   0: 0x80009c18 (0x0000ec9d) c.bnez  s1, pc + 62
core   0: 3 0x80009c18 (0xec9d)
core   0: 0x80009c1a (0x0102ebb3) or      s7, t0, a6
core   0: 3 0x80009c1a (0x0102ebb3) x23 0xffffffff
core   0: 0x80009c1e (0x00008049) c.srli  s0, 18
core   0: 3 0x80009c1e (0x8049) x8  0x00000000
core   0: 0x80009c20 (0x60f57f93) andi    t6, a0, 1551
core   0: 3 0x80009c20 (0x60f57f93) x31 0x00000000
core   0: 0x80009c24 (0x03db9bb3) mulh    s7, s7, t4
core   0: 3 0x80009c24 (0x03db9bb3) x23 0x00000000
core   0: 0x80009c28 (0x00008ace) c.mv    s5, s3
core   0: 3 0x80009c28 (0x8ace) x21 0xffff6000
core   0: 0x80009c2a (0x039d6e33) rem     t3, s10, s9
core   0: 3 0x80009c2a (0x039d6e33) x28 0x00000000
core   0: 0x80009c2e (0x0000c285) c.beqz  a3, pc + 32
core   0: 3 0x80009c2e (0xc285)
core   0: 0x80009c4e (0x00008f79) c.and   a4, a4
core   0: 3 0x80009c4e (0x8f79) x14 0xffffffff
core   0: 0x80009c50 (0x021114b3) mulh    s1, sp, ra
core   0: 3 0x80009c50 (0x021114b3) x9  0x00000000
core   0: 0x80009c54 (0x0000868d) c.srai  a3, 3
core   0: 3 0x80009c54 (0x868d) x13 0x00000000
core   0: 0x80009c56 (0x029c0a63) beq     s8, s1, pc + 52
core   0: 3 0x80009c56 (0x029c0a63)
core   0: 0x80009c8a (0x92724893) xori    a7, tp, -1753
core   0: 3 0x80009c8a (0x92724893) x17 0xfffff927
core   0: 0x80009c8e (0x0079dd13) srli    s10, s3, 7
core   0: 3 0x80009c8e (0x0079dd13) x26 0x01fffec0
core   0: 0x80009c92 (0x00000001) c.nop
core   0: 3 0x80009c92 (0x0001)
core   0: 0x80009c94 (0xe8518713) addi    a4, gp, -379
core   0: 3 0x80009c94 (0xe8518713) x14 0xf47c4e85
core   0: 0x80009c98 (0x02fdaf33) mulhsu  t5, s11, a5
core   0: 3 0x80009c98 (0x02fdaf33) x30 0x00000000
core   0: 0x80009c9c (0x02f2e933) rem     s2, t0, a5
core   0: 3 0x80009c9c (0x02f2e933) x18 0x8cc5fd33
core   0: 0x80009ca0 (0x000b1293) slli    t0, s6, 0
core   0: 3 0x80009ca0 (0x000b1293) x5  0x00000000
core   0: 0x80009ca4 (0x0176e663) bltu    a3, s7, pc + 12
core   0: 3 0x80009ca4 (0x0176e663)
core   0: 0x80009ca8 (0x020a9963) bnez    s5, pc + 50
core   0: 3 0x80009ca8 (0x020a9963)
core   0: 0x80009cda (0x0000e719) c.bnez  a4, pc + 14
core   0: 3 0x80009cda (0xe719)
core   0: 0x80009ce8 (0x00008d09) c.sub   a0, a0
core   0: 3 0x80009ce8 (0x8d09) x10 0x00000000
core   0: 0x80009cea (0x4ba16b13) ori     s6, sp, 1210
core   0: 3 0x80009cea (0x4ba16b13) x22 0x80029dbe
core   0: 0x80009cee (0x0266b933) mulhu   s2, a3, t1
core   0: 3 0x80009cee (0x0266b933) x18 0x00000000
core   0: 0x80009cf2 (0x0000880a) c.mv    a6, sp
core   0: 3 0x80009cf2 (0x880a) x16 0x80029d24
core   0: 0x80009cf4 (0x00009b7d) c.andi  a4, -1
core   0: 3 0x80009cf4 (0x9b7d) x14 0xf47c4e85
core   0: 0x80009cf6 (0x01a52033) slt     zero, a0, s10
core   0: 3 0x80009cf6 (0x01a52033)
core   0: 0x80009cfa (0x037bbbb7) lui     s7, 0x37bb
core   0: 3 0x80009cfa (0x037bbbb7) x23 0x037bb000
core   0: 0x80009cfe (0x00000001) c.nop
core   0: 3 0x80009cfe (0x0001)
core   0: 0x80009d00 (0x00000a1e) c.slli  s4, 7
core   0: 3 0x80009d00 (0x0a1e) x20 0x07100000
core   0: 0x80009d02 (0x00488bb3) add     s7, a7, tp
core   0: 3 0x80009d02 (0x00488bb3) x23 0xfffff927
core   0: 0x80009d06 (0xc5dbfa93) andi    s5, s7, -931
core   0: 3 0x80009d06 (0xc5dbfa93) x21 0xfffff805
core   0: 0x80009d0a (0x0000c519) c.beqz  a0, pc + 14
core   0: 3 0x80009d0a (0xc519)
core   0: 0x80009d18 (0x00004195) c.li    gp, 5
core   0: 3 0x80009d18 (0x4195) x3  0x00000005
core   0: 0x80009d1a (0x02fc4c33) div     s8, s8, a5
core   0: 3 0x80009d1a (0x02fc4c33) x24 0x00000000
core   0: 0x80009d1e (0x0320036f) jal     t1, pc + 0x32
core   0: 3 0x80009d1e (0x0320036f) x6  0x80009d22
core   0: 0x80009d50 (0xfd5ff0ef) jal     pc - 0x2c
core   0: 3 0x80009d50 (0xfd5ff0ef) x1  0x80009d54
core   0: 0x80009d24 (0x0000a839) c.j     pc + 30
core   0: 3 0x80009d24 (0xa839)
core   0: 0x80009d42 (0x00003fe5) c.jal   pc - 8
core   0: 3 0x80009d42 (0x3fe5) x1  0x80009d44
core   0: 0x80009d3a (0xff3ff36f) jal     t1, pc - 0xe
core   0: 3 0x80009d3a (0xff3ff36f) x6  0x80009d3e
core   0: 0x80009d2c (0x0000a005) c.j     pc + 32
core   0: 3 0x80009d2c (0xa005)
core   0: 0x80009d4c (0xff9ff0ef) jal     pc - 0x8
core   0: 3 0x80009d4c (0xff9ff0ef) x1  0x80009d50
core   0: 0x80009d44 (0x00400def) jal     s11, pc + 0x4
core   0: 3 0x80009d44 (0x00400def) x27 0x80009d48
core   0: 0x80009d48 (0xfdbff0ef) jal     pc - 0x26
core   0: 3 0x80009d48 (0xfdbff0ef) x1  0x80009d4c
core   0: 0x80009d22 (0x00002809) c.jal   pc + 18
core   0: 3 0x80009d22 (0x2809) x1  0x80009d24
core   0: 0x80009d34 (0xffbffeef) jal     t4, pc - 0x6
core   0: 3 0x80009d34 (0xffbffeef) x29 0x80009d38
core   0: 0x80009d2e (0x00003fe5) c.jal   pc - 8
core   0: 3 0x80009d2e (0x3fe5) x1  0x80009d30
core   0: 0x80009d26 (0x00a000ef) jal     pc + 0xa
core   0: 3 0x80009d26 (0x00a000ef) x1  0x80009d2a
core   0: 0x80009d30 (0x024006ef) jal     a3, pc + 0x24
core   0: 3 0x80009d30 (0x024006ef) x13 0x80009d34
core   0: 0x80009d54 (0x0000bfd9) c.j     pc - 42
core   0: 3 0x80009d54 (0xbfd9)
core   0: 0x80009d2a (0x00002039) c.jal   pc + 14
core   0: 3 0x80009d2a (0x2039) x1  0x80009d2c
core   0: 0x80009d38 (0x00002019) c.jal   pc + 6
core   0: 3 0x80009d38 (0x2019) x1  0x80009d3a
core   0: 0x80009d3e (0x018000ef) jal     pc + 0x18
core   0: 3 0x80009d3e (0x018000ef) x1  0x80009d42
core   0: 0x80009d56 (0x00008b51) c.andi  a4, 20
core   0: 3 0x80009d56 (0x8b51) x14 0x00000004
core   0: 0x80009d58 (0x40d5dcb3) sra     s9, a1, a3
core   0: 3 0x80009d58 (0x40d5dcb3) x25 0x00000000
core   0: 0x80009d5c (0x0272a333) mulhsu  t1, t0, t2
core   0: 3 0x80009d5c (0x0272a333) x6  0x00000000
core   0: 0x80009d60 (0x000000a1) c.addi  ra, 8
core   0: 3 0x80009d60 (0x00a1) x1  0x80009d4a
core   0: 0x80009d62 (0x00000215) c.addi  tp, 5
core   0: 3 0x80009d62 (0x0215) x4  0x00000005
core   0: 0x80009d64 (0x01810f63) beq     sp, s8, pc + 30
core   0: 3 0x80009d64 (0x01810f63)
core   0: 0x80009d68 (0x0335d163) bge     a1, s3, pc + 34
core   0: 3 0x80009d68 (0x0335d163)
core   0: 0x80009d8a (0x0136d1b3) srl     gp, a3, s3
core   0: 3 0x80009d8a (0x0136d1b3) x3  0x80009d34
core   0: 0x80009d8e (0x00008ef1) c.and   a3, a2
core   0: 3 0x80009d8e (0x8ef1) x13 0x00000000
core   0: 0x80009d90 (0x00008ead) c.xor   a3, a1
core   0: 3 0x80009d90 (0x8ead) x13 0x00000000
core   0: 0x80009d92 (0x000089ea) c.mv    s3, s10
core   0: 3 0x80009d92 (0x89ea) x19 0x01fffec0
core   0: 0x80009d94 (0x00e16d33) or      s10, sp, a4
core   0: 3 0x80009d94 (0x00e16d33) x26 0x80029d24
core   0: 0x80009d98 (0x401a5813) srai    a6, s4, 1
core   0: 3 0x80009d98 (0x401a5813) x16 0x03880000
core   0: 0x80009d9c (0x04284063) blt     a6, sp, pc + 64
core   0: 3 0x80009d9c (0x04284063)
core   0: 0x80009da0 (0x17742713) slti    a4, s0, 375
core   0: 3 0x80009da0 (0x17742713) x14 0x00000001
core   0: 0x80009da4 (0x03af1c63) bne     t5, s10, pc + 56
core   0: 3 0x80009da4 (0x03af1c63)
core   0: 0x80009ddc (0x03c00763) beq     zero, t3, pc + 46
core   0: 3 0x80009ddc (0x03c00763)
core   0: 0x80009e0a (0x01ea4333) xor     t1, s4, t5
core   0: 3 0x80009e0a (0x01ea4333) x6  0x07100000
core   0: 0x80009e0e (0x000085cd) c.srai  a1, 19
core   0: 3 0x80009e0e (0x85cd) x11 0x00000000
core   0: 0x80009e10 (0x0000c115) c.beqz  a0, pc + 36
core   0: 3 0x80009e10 (0xc115)
core   0: 0x80009e34 (0x00008dd5) c.or    a1, a3
core   0: 3 0x80009e34 (0x8dd5) x11 0x00000000
core   0: 0x80009e36 (0x02471433) mulh    s0, a4, tp
core   0: 3 0x80009e36 (0x02471433) x8  0x00000000
core   0: 0x80009e3a (0xf5900d13) li      s10, -167
core   0: 3 0x80009e3a (0xf5900d13) x26 0xffffff59
core   0: 0x80009e3e (0x00c868b3) or      a7, a6, a2
core   0: 3 0x80009e3e (0x00c868b3) x17 0x03880000
core   0: 0x80009e42 (0x005f5f93) srli    t6, t5, 5
core   0: 3 0x80009e42 (0x005f5f93) x31 0x00000000
core   0: 0x80009e46 (0x4103df33) sra     t5, t2, a6
core   0: 3 0x80009e46 (0x4103df33) x30 0x80025e38
core   0: 0x80009e4a (0x00c33833) sltu    a6, t1, a2
core   0: 3 0x80009e4a (0x00c33833) x16 0x00000000
core   0: 0x80009e4e (0x00b94533) xor     a0, s2, a1
core   0: 3 0x80009e4e (0x00b94533) x10 0x00000000
core   0: 0x80009e52 (0x0000080e) c.slli  a6, 3
core   0: 3 0x80009e52 (0x080e) x16 0x00000000
core   0: 0x80009e54 (0x0170d963) bge     ra, s7, pc + 18
core   0: 3 0x80009e54 (0x0170d963)
core   0: 0x80009e58 (0x0c5ca493) slti    s1, s9, 197
core   0: 3 0x80009e58 (0x0c5ca493) x9  0x00000001
core   0: 0x80009e5c (0x0000c59d) c.beqz  a1, pc + 46
core   0: 3 0x80009e5c (0xc59d)
core   0: 0x80009e8a (0x00db85b3) add     a1, s7, a3
core   0: 3 0x80009e8a (0x00db85b3) x11 0xfffff927
core   0: 0x80009e8e (0x00008d75) c.and   a0, a3
core   0: 3 0x80009e8e (0x8d75) x10 0x00000000
core   0: 0x80009e90 (0xac710a93) addi    s5, sp, -1337
core   0: 3 0x80009e90 (0xac710a93) x21 0x800297eb
core   0: 0x80009e94 (0xdaf45e17) auipc   t3, 0xdaf45
core   0: 3 0x80009e94 (0xdaf45e17) x28 0x5af4ee94
core   0: 0x80009e98 (0x008c1f93) slli    t6, s8, 8
core   0: 3 0x80009e98 (0x008c1f93) x31 0x00000000
core   0: 0x80009e9c (0x0009d563) bgez    s3, pc + 10
core   0: 3 0x80009e9c (0x0009d563)
core   0: 0x80009ea6 (0x00008f1d) c.sub   a4, a5
core   0: 3 0x80009ea6 (0x8f1d) x14 0x80000001
core   0: 0x80009ea8 (0x40b60433) sub     s0, a2, a1
core   0: 3 0x80009ea8 (0x40b60433) x8  0x000006d9
core   0: 0x80009eac (0x035835b3) mulhu   a1, a6, s5
core   0: 3 0x80009eac (0x035835b3) x11 0x00000000
core   0: 0x80009eb0 (0x02cc0963) beq     s8, a2, pc + 50
core   0: 3 0x80009eb0 (0x02cc0963)
core   0: 0x80009ee2 (0x000088dd) c.andi  s1, 23
core   0: 3 0x80009ee2 (0x88dd) x9  0x00000001
core   0: 0x80009ee4 (0x01e28a63) beq     t0, t5, pc + 20
core   0: 3 0x80009ee4 (0x01e28a63)
core   0: 0x80009ee8 (0x65ef8813) addi    a6, t6, 1630
core   0: 3 0x80009ee8 (0x65ef8813) x16 0x0000065e
core   0: 0x80009eec (0x01831463) bne     t1, s8, pc + 8
core   0: 3 0x80009eec (0x01831463)
core   0: 0x80009ef4 (0x00278563) beq     a5, sp, pc + 10
core   0: 3 0x80009ef4 (0x00278563)
core   0: 0x80009ef8 (0x6a2f7813) andi    a6, t5, 1698
core   0: 3 0x80009ef8 (0x6a2f7813) x16 0x00000620
core   0: 0x80009efc (0x000055fd) c.li    a1, -1
core   0: 3 0x80009efc (0x55fd) x11 0xffffffff
core   0: 0x80009efe (0x00008299) c.srli  a3, 6
core   0: 3 0x80009efe (0x8299) x13 0x00000000
core   0: 0x80009f00 (0x00000001) c.nop
core   0: 3 0x80009f00 (0x0001)
core   0: 0x80009f02 (0x0342ccb3) div     s9, t0, s4
core   0: 3 0x80009f02 (0x0342ccb3) x25 0x00000000
core   0: 0x80009f06 (0x0000ce19) c.beqz  a2, pc + 30
core   0: 3 0x80009f06 (0xce19)
core   0: 0x80009f24 (0xaa61fa13) andi    s4, gp, -1370
core   0: 3 0x80009f24 (0xaa61fa13) x20 0x80009824
core   0: 0x80009f28 (0x00008f65) c.and   a4, s1
core   0: 3 0x80009f28 (0x8f65) x14 0x00000001
core   0: 0x80009f2a (0x00008f55) c.or    a4, a3
core   0: 3 0x80009f2a (0x8f55) x14 0x00000001
core   0: 0x80009f2c (0x0142d333) srl     t1, t0, s4
core   0: 3 0x80009f2c (0x0142d333) x6  0x00000000
core   0: 0x80009f30 (0x008092b3) sll     t0, ra, s0
core   0: 3 0x80009f30 (0x008092b3) x5  0x94000000
core   0: 0x80009f34 (0x00009542) c.add   a0, a6
core   0: 3 0x80009f34 (0x9542) x10 0x00000620
core   0: 0x80009f36 (0xb67a8593) addi    a1, s5, -1177
core   0: 3 0x80009f36 (0xb67a8593) x11 0x80029352
core   0: 0x80009f3a (0x00000001) c.nop
core   0: 3 0x80009f3a (0x0001)
core   0: 0x80009f3c (0x00fcf233) and     tp, s9, a5
core   0: 3 0x80009f3c (0x00fcf233) x4  0x00000000
core   0: 0x80009f40 (0xfe840093) addi    ra, s0, -24
core   0: 3 0x80009f40 (0xfe840093) x1  0x000006c1
core   0: 0x80009f44 (0x03d061b3) rem     gp, zero, t4
core   0: 3 0x80009f44 (0x03d061b3) x3  0x00000000
core   0: 0x80009f48 (0x00b40333) add     t1, s0, a1
core   0: 3 0x80009f48 (0x00b40333) x6  0x80029a2b
core   0: 0x80009f4c (0x000002ed) c.addi  t0, 27
core   0: 3 0x80009f4c (0x02ed) x5  0x9400001b
core   0: 0x80009f4e (0x35b87313) andi    t1, a6, 859
core   0: 3 0x80009f4e (0x35b87313) x6  0x00000200
core   0: 0x80009f52 (0x00006bd5) c.lui   s7, 0x15
core   0: 3 0x80009f52 (0x6bd5) x23 0x00015000
core   0: 0x80009f54 (0x00006bc5) c.lui   s7, 0x11
core   0: 3 0x80009f54 (0x6bc5) x23 0x00011000
core   0: 0x80009f56 (0x00c5d893) srli    a7, a1, 12
core   0: 3 0x80009f56 (0x00c5d893) x17 0x00080029
core   0: 0x80009f5a (0x40458233) sub     tp, a1, tp
core   0: 3 0x80009f5a (0x40458233) x4  0x80029352
core   0: 0x80009f5e (0x018ec5b3) xor     a1, t4, s8
core   0: 3 0x80009f5e (0x018ec5b3) x11 0x80009d38
core   0: 0x80009f62 (0x03548433) mul     s0, s1, s5
core   0: 3 0x80009f62 (0x03548433) x8  0x800297eb
core   0: 0x80009f66 (0x96aeab93) slti    s7, t4, -1686
core   0: 3 0x80009f66 (0x96aeab93) x23 0x00000001
core   0: 0x80009f6a (0x0000cd15) c.beqz  a0, pc + 60
core   0: 3 0x80009f6a (0xcd15)
core   0: 0x80009f6c (0x00501093) slli    ra, zero, 5
core   0: 3 0x80009f6c (0x00501093) x1  0x00000000
core   0: 0x80009f70 (0x00008ef5) c.and   a3, a3
core   0: 3 0x80009f70 (0x8ef5) x13 0x00000000
core   0: 0x80009f72 (0x00d48c33) add     s8, s1, a3
core   0: 3 0x80009f72 (0x00d48c33) x24 0x00000001
core   0: 0x80009f76 (0x024b0733) mul     a4, s6, tp
core   0: 3 0x80009f76 (0x024b0733) x14 0xbce6a0dc
core   0: 0x80009f7a (0x00c51493) slli    s1, a0, 12
core   0: 3 0x80009f7a (0x00c51493) x9  0x00620000
core   0: 0x80009f7e (0x03dd6733) rem     a4, s10, t4
core   0: 3 0x80009f7e (0x03dd6733) x14 0xffffff59
core   0: 0x80009f82 (0xf99bc093) xori    ra, s7, -103
core   0: 3 0x80009f82 (0xf99bc093) x1  0xffffff98
core   0: 0x80009f86 (0x03643b33) mulhu   s6, s0, s6
core   0: 3 0x80009f86 (0x03643b33) x22 0x40029adb
core   0: 0x80009f8a (0x035b6e33) rem     t3, s6, s5
core   0: 3 0x80009f8a (0x035b6e33) x28 0x40029adb
core   0: 0x80009f8e (0x0000c305) c.beqz  a4, pc + 32
core   0: 3 0x80009f8e (0xc305)
core   0: 0x80009f90 (0x00008f49) c.or    a4, a0
core   0: 3 0x80009f90 (0x8f49) x14 0xffffff79
core   0: 0x80009f92 (0x984d4c93) xori    s9, s10, -1660
core   0: 3 0x80009f92 (0x984d4c93) x25 0x000006dd
core   0: 0x80009f96 (0x000051fd) c.li    gp, -1
core   0: 3 0x80009f96 (0x51fd) x3  0xffffffff
core   0: 0x80009f98 (0x40f7d213) srai    tp, a5, 15
core   0: 3 0x80009f98 (0x40f7d213) x4  0xffff0000
core   0: 0x80009f9c (0x000098ca) c.add   a7, s2
core   0: 3 0x80009f9c (0x98ca) x17 0x00080029
core   0: 0x80009f9e (0xb1ad7f93) andi    t6, s10, -1254
core   0: 3 0x80009f9e (0xb1ad7f93) x31 0xfffffb18
core   0: 0x80009fa2 (0x023b1833) mulh    a6, s6, gp
core   0: 3 0x80009fa2 (0x023b1833) x16 0xffffffff
core   0: 0x80009fa6 (0x02dcfdb3) remu    s11, s9, a3
core   0: 3 0x80009fa6 (0x02dcfdb3) x27 0x000006dd
core   0: 0x80009faa (0x0f270013) addi    zero, a4, 242
core   0: 3 0x80009faa (0x0f270013)
core   0: 0x80009fae (0x03dc7d33) remu    s10, s8, t4
core   0: 3 0x80009fae (0x03dc7d33) x26 0x00000001
core   0: 0x80009fb2 (0x00008c6d) c.and   s0, a1
core   0: 3 0x80009fb2 (0x8c6d) x8  0x80009528
core   0: 0x80009fb4 (0x0176a933) slt     s2, a3, s7
core   0: 3 0x80009fb4 (0x0176a933) x18 0x00000001
core   0: 0x80009fb8 (0x00008ea5) c.xor   a3, s1
core   0: 3 0x80009fb8 (0x8ea5) x13 0x00620000
core   0: 0x80009fba (0x00008d65) c.and   a0, s1
core   0: 3 0x80009fba (0x8d65) x10 0x00000000
core   0: 0x80009fbc (0x000088a5) c.andi  s1, 9
core   0: 3 0x80009fbc (0x88a5) x9  0x00000000
core   0: 0x80009fbe (0x03c65763) bge     a2, t3, pc + 46
core   0: 3 0x80009fbe (0x03c65763)
core   0: 0x80009fc2 (0x007d1733) sll     a4, s10, t2
core   0: 3 0x80009fc2 (0x007d1733) x14 0x01000000
core   0: 0x80009fc6 (0x4f762637) lui     a2, 0x4f762
core   0: 3 0x80009fc6 (0x4f762637) x12 0x4f762000
core   0: 0x80009fca (0x026f5c63) bge     t5, t1, pc + 56
core   0: 3 0x80009fca (0x026f5c63)
core   0: 0x80009fce (0x9e327193) andi    gp, tp, -1565
core   0: 3 0x80009fce (0x9e327193) x3  0xffff0000
core   0: 0x80009fd2 (0x03450c33) mul     s8, a0, s4
core   0: 3 0x80009fd2 (0x03450c33) x24 0x00000000
core   0: 0x80009fd6 (0x40df5213) srai    tp, t5, 13
core   0: 3 0x80009fd6 (0x40df5213) x4  0xfffc0012
core   0: 0x80009fda (0x00000001) c.nop
core   0: 3 0x80009fda (0x0001)
core   0: 0x80009fdc (0xc603b2b7) lui     t0, 0xc603b
core   0: 3 0x80009fdc (0xc603b2b7) x5  0xc603b000
core   0: 0x80009fe0 (0x02233033) mulhu   zero, t1, sp
core   0: 3 0x80009fe0 (0x02233033)
core   0: 0x80009fe4 (0x00000d3a) c.slli  s10, 14
core   0: 3 0x80009fe4 (0x0d3a) x26 0x00004000
core   0: 0x80009fe6 (0x01c45763) bge     s0, t3, pc + 14
core   0: 3 0x80009fe6 (0x01c45763)
core   0: 0x80009fea (0x00000001) c.nop
core   0: 3 0x80009fea (0x0001)
core   0: 0x80009fec (0x1c684193) xori    gp, a6, 454
core   0: 3 0x80009fec (0x1c684193) x3  0xfffffe39
core   0: 0x80009ff0 (0x02875c33) divu    s8, a4, s0
core   0: 3 0x80009ff0 (0x02875c33) x24 0x00000000
core   0: 0x80009ff4 (0x03895833) divu    a6, s2, s8
core   0: 3 0x80009ff4 (0x03895833) x16 0xffffffff
core   0: 0x80009ff8 (0x00008f96) c.mv    t6, t0
core   0: 3 0x80009ff8 (0x8f96) x31 0xc603b000
core   0: 0x80009ffa (0x67b42c93) slti    s9, s0, 1659
core   0: 3 0x80009ffa (0x67b42c93) x25 0x00000001
core   0: 0x80009ffe (0x02f69db3) mulh    s11, a3, a5
core   0: 3 0x80009ffe (0x02f69db3) x27 0xffcf0000
core   0: 0x8000a002 (0xd2762313) slti    t1, a2, -729
core   0: 3 0x8000a002 (0xd2762313) x6  0x00000000
core   0: 0x8000a006 (0x039b8cb3) mul     s9, s7, s9
core   0: 3 0x8000a006 (0x039b8cb3) x25 0x00000001
core   0: 0x8000a00a (0x00008d21) c.xor   a0, s0
core   0: 3 0x8000a00a (0x8d21) x10 0x80009528
core   0: 0x8000a00c (0x0000ca15) c.beqz  a2, pc + 52
core   0: 3 0x8000a00c (0xca15)
core   0: 0x8000a00e (0x011584b3) add     s1, a1, a7
core   0: 3 0x8000a00e (0x011584b3) x9  0x80089d61
core   0: 0x8000a012 (0x67b62493) slti    s1, a2, 1659
core   0: 3 0x8000a012 (0x67b62493) x9  0x00000000
core   0: 0x8000a016 (0x02b51963) bne     a0, a1, pc + 50
core   0: 3 0x8000a016 (0x02b51963)
core   0: 0x8000a048 (0x01e77fb3) and     t6, a4, t5
core   0: 3 0x8000a048 (0x01e77fb3) x31 0x00000000
core   0: 0x8000a04c (0x95a46337) lui     t1, 0x95a46
core   0: 3 0x8000a04c (0x95a46337) x6  0x95a46000
core   0: 0x8000a050 (0x41a68d33) sub     s10, a3, s10
core   0: 3 0x8000a050 (0x41a68d33) x26 0x0061c000
core   0: 0x8000a054 (0x00008249) c.srli  a2, 18
core   0: 3 0x8000a054 (0x8249) x12 0x000013dd
core   0: 0x8000a056 (0x000046c5) c.li    a3, 17
core   0: 3 0x8000a056 (0x46c5) x13 0x00000011
core   0: 0x8000a058 (0xbda86193) ori     gp, a6, -1062
core   0: 3 0x8000a058 (0xbda86193) x3  0xffffffff
core   0: 0x8000a05c (0x0364b933) mulhu   s2, s1, s6
core   0: 3 0x8000a05c (0x0364b933) x18 0x00000000
core   0: 0x8000a060 (0x00009256) c.add   tp, s5
core   0: 3 0x8000a060 (0x9256) x4  0x7ffe97fd
core   0: 0x8000a062 (0x00008655) c.srai  a2, 21
core   0: 3 0x8000a062 (0x8655) x12 0x00000000
core   0: 0x8000a064 (0x02d48833) mul     a6, s1, a3
core   0: 3 0x8000a064 (0x02d48833) x16 0x00000000
core   0: 0x8000a068 (0x0000ee19) c.bnez  a2, pc + 30
core   0: 3 0x8000a068 (0xee19)
core   0: 0x8000a06a (0x00000001) c.nop
core   0: 3 0x8000a06a (0x0001)
core   0: 0x8000a06c (0x0380cd33) div     s10, ra, s8
core   0: 3 0x8000a06c (0x0380cd33) x26 0xffffffff
core   0: 0x8000a070 (0x40e888b3) sub     a7, a7, a4
core   0: 3 0x8000a070 (0x40e888b3) x17 0xff080029
core   0: 0x8000a074 (0x40dbd193) srai    gp, s7, 13
core   0: 3 0x8000a074 (0x40dbd193) x3  0x00000000
core   0: 0x8000a078 (0x00000001) c.nop
core   0: 3 0x8000a078 (0x0001)
core   0: 0x8000a07a (0x03c33cb3) mulhu   s9, t1, t3
core   0: 3 0x8000a07a (0x03c33cb3) x25 0x256a9dcd
core   0: 0x8000a07e (0x0265afb3) mulhsu  t6, a1, t1
core   0: 3 0x8000a07e (0x0265afb3) x31 0xb52e2be6
core   0: 0x8000a082 (0x00008241) c.srli  a2, 16
core   0: 3 0x8000a082 (0x8241) x12 0x00000000
core   0: 0x8000a084 (0x00008da9) c.xor   a1, a0
core   0: 3 0x8000a084 (0x8da9) x11 0x00000810
core   0: 0x8000a086 (0x035cec33) rem     s8, s9, s5
core   0: 3 0x8000a086 (0x035cec33) x24 0x256a9dcd
core   0: 0x8000a08a (0x0395ad33) mulhsu  s10, a1, s9
core   0: 3 0x8000a08a (0x0395ad33) x26 0x0000012d
core   0: 0x8000a08e (0x8e9c2f17) auipc   t5, 0x8e9c2
core   0: 3 0x8000a08e (0x8e9c2f17) x30 0x0e9cc08e
core   0: 0x8000a092 (0x40d45c33) sra     s8, s0, a3
core   0: 3 0x8000a092 (0x40d45c33) x24 0xffffc000
core   0: 0x8000a096 (0x416f5db3) sra     s11, t5, s6
core   0: 3 0x8000a096 (0x416f5db3) x27 0x00000001
core   0: 0x8000a09a (0x00008eb9) c.xor   a3, a4
core   0: 3 0x8000a09a (0x8eb9) x13 0x01000011
core   0: 0x8000a09c (0x000082a1) c.srli  a3, 8
core   0: 3 0x8000a09c (0x82a1) x13 0x00010000
core   0: 0x8000a09e (0x033bf933) remu    s2, s7, s3
core   0: 3 0x8000a09e (0x033bf933) x18 0x00000001
core   0: 0x8000a0a2 (0xa597a593) slti    a1, a5, -1447
core   0: 3 0x8000a0a2 (0xa597a593) x11 0x00000001
core   0: 0x8000a0a6 (0x031a3633) mulhu   a2, s4, a7
core   0: 3 0x8000a0a6 (0x031a3633) x12 0x7f8497a5
core   0: 0x8000a0aa (0x01429f33) sll     t5, t0, s4
core   0: 3 0x8000a0aa (0x01429f33) x30 0x603b0000
core   0: 0x8000a0ae (0x01f9d4b3) srl     s1, s3, t6
core   0: 3 0x8000a0ae (0x01f9d4b3) x9  0x0007fffb
core   0: 0x8000a0b2 (0x012d70b3) and     ra, s10, s2
core   0: 3 0x8000a0b2 (0x012d70b3) x1  0x00000001
core   0: 0x8000a0b6 (0x00008759) c.srai  a4, 22
core   0: 3 0x8000a0b6 (0x8759) x14 0x00000004
core   0: 0x8000a0b8 (0x01640963) beq     s0, s6, pc + 18
core   0: 3 0x8000a0b8 (0x01640963)
core   0: 0x8000a0bc (0x02f05bb3) divu    s7, zero, a5
core   0: 3 0x8000a0bc (0x02f05bb3) x23 0x00000000
core   0: 0x8000a0c0 (0x000090f2) c.add   ra, t3
core   0: 3 0x8000a0c0 (0x90f2) x1  0x40029adc
core   0: 0x8000a0c2 (0x02b3ad33) mulhsu  s10, t2, a1
core   0: 3 0x8000a0c2 (0x02b3ad33) x26 0xffffffff
core   0: 0x8000a0c6 (0x02c62db3) mulhsu  s11, a2, a2
core   0: 3 0x8000a0c6 (0x02c62db3) x27 0x3f84d322
core   0: 0x8000a0ca (0x03acda63) bge     s9, s10, pc + 52
core   0: 3 0x8000a0ca (0x03acda63)
core   0: 0x8000a0fe (0x0000059d) c.addi  a1, 7
core   0: 3 0x8000a0fe (0x059d) x11 0x00000008
core   0: 0x8000a100 (0x0000eb1d) c.bnez  a4, pc + 54
core   0: 3 0x8000a100 (0xeb1d)
core   0: 0x8000a136 (0x03b2da33) divu    s4, t0, s11
core   0: 3 0x8000a136 (0x03b2da33) x20 0x00000003
core   0: 0x8000a13a (0xa007ba93) sltiu   s5, a5, -1536
core   0: 3 0x8000a13a (0xa007ba93) x21 0x00000001
core   0: 0x8000a13e (0x000016fd) c.addi  a3, -1
core   0: 3 0x8000a13e (0x16fd) x13 0x0000ffff
core   0: 0x8000a140 (0x034f6033) rem     zero, t5, s4
core   0: 3 0x8000a140 (0x034f6033)
core   0: 0x8000a144 (0x023349b3) div     s3, t1, gp
core   0: 3 0x8000a144 (0x023349b3) x19 0xffffffff
core   0: 0x8000a148 (0x02216533) rem     a0, sp, sp
core   0: 3 0x8000a148 (0x02216533) x10 0x00000000
core   0: 0x8000a14c (0x01701913) slli    s2, zero, 23
core   0: 3 0x8000a14c (0x01701913) x18 0x00000000
core   0: 0x8000a150 (0x00006fb5) c.lui   t6, 0xd
core   0: 3 0x8000a150 (0x6fb5) x31 0x0000d000
core   0: 0x8000a152 (0x00008655) c.srai  a2, 21
core   0: 3 0x8000a152 (0x8655) x12 0x000003fc
core   0: 0x8000a154 (0x7d79c093) xori    ra, s3, 2007
core   0: 3 0x8000a154 (0x7d79c093) x1  0xfffff828
core   0: 0x8000a158 (0x8bc73813) sltiu   a6, a4, -1860
core   0: 3 0x8000a158 (0x8bc73813) x16 0x00000001
core   0: 0x8000a15c (0x00000001) c.nop
core   0: 3 0x8000a15c (0x0001)
core   0: 0x8000a15e (0x00008f3d) c.xor   a4, a5
core   0: 3 0x8000a15e (0x8f3d) x14 0x80000004
core   0: 0x8000a160 (0x00000001) c.nop
core   0: 3 0x8000a160 (0x0001)
core   0: 0x8000a162 (0x038d6333) rem     t1, s10, s8
core   0: 3 0x8000a162 (0x038d6333) x6  0xffffffff
core   0: 0x8000a166 (0x02157733) remu    a4, a0, ra
core   0: 3 0x8000a166 (0x02157733) x14 0x00000000
core   0: 0x8000a16a (0x0000c611) c.beqz  a2, pc + 12
core   0: 3 0x8000a16a (0xc611)
core   0: 0x8000a16c (0x00000001) c.nop
core   0: 3 0x8000a16c (0x0001)
core   0: 0x8000a16e (0x00008d89) c.sub   a1, a0
core   0: 3 0x8000a16e (0x8d89) x11 0x00000008
core   0: 0x8000a170 (0x417b5513) srai    a0, s6, 23
core   0: 3 0x8000a170 (0x417b5513) x10 0x00000080
core   0: 0x8000a174 (0x00006855) c.lui   a6, 0x15
core   0: 3 0x8000a174 (0x6855) x16 0x00015000
core   0: 0x8000a176 (0x00008ce9) c.and   s1, a0
core   0: 3 0x8000a176 (0x8ce9) x9  0x00000080
core   0: 0x8000a178 (0x01d66233) or      tp, a2, t4
core   0: 3 0x8000a178 (0x01d66233) x4  0x80009ffc
core   0: 0x8000a17c (0xd54fa893) slti    a7, t6, -684
core   0: 3 0x8000a17c (0xd54fa893) x17 0x00000000
core   0: 0x8000a180 (0x02a26433) rem     s0, tp, a0
core   0: 3 0x8000a180 (0x02a26433) x8  0xfffffffc
core   0: 0x8000a184 (0x00ea45b3) xor     a1, s4, a4
core   0: 3 0x8000a184 (0x00ea45b3) x11 0x00000003
core   0: 0x8000a188 (0x00008ee9) c.and   a3, a0
core   0: 3 0x8000a188 (0x8ee9) x13 0x00000080
core   0: 0x8000a18a (0x3a94f193) andi    gp, s1, 937
core   0: 3 0x8000a18a (0x3a94f193) x3  0x00000080
core   0: 0x8000a18e (0x0000c895) c.beqz  s1, pc + 52
core   0: 3 0x8000a18e (0xc895)
core   0: 0x8000a190 (0x00de8633) add     a2, t4, a3
core   0: 3 0x8000a190 (0x00de8633) x12 0x80009db8
core   0: 0x8000a194 (0x02954563) blt     a0, s1, pc + 42
core   0: 3 0x8000a194 (0x02954563)
core   0: 0x8000a198 (0xf9f8cc93) xori    s9, a7, -97
core   0: 3 0x8000a198 (0xf9f8cc93) x25 0xffffff9f
core   0: 0x8000a19c (0x006d1d93) slli    s11, s10, 6
core   0: 3 0x8000a19c (0x006d1d93) x27 0xffffffc0
core   0: 0x8000a1a0 (0x62b6a193) slti    gp, a3, 1579
core   0: 3 0x8000a1a0 (0x62b6a193) x3  0x00000001
core   0: 0x8000a1a4 (0x000081b6) c.mv    gp, a3
core   0: 3 0x8000a1a4 (0x81b6) x3  0x00000080
core   0: 0x8000a1a6 (0x012c7633) and     a2, s8, s2
core   0: 3 0x8000a1a6 (0x012c7633) x12 0x00000000
core   0: 0x8000a1aa (0x00008da1) c.xor   a1, s0
core   0: 3 0x8000a1aa (0x8da1) x11 0xffffffff
core   0: 0x8000a1ac (0x039be063) bltu    s7, s9, pc + 32
core   0: 3 0x8000a1ac (0x039be063)
core   0: 0x8000a1cc (0x414f5bb3) sra     s7, t5, s4
core   0: 3 0x8000a1cc (0x414f5bb3) x23 0x0c076000
core   0: 0x8000a1d0 (0x03843ab3) mulhu   s5, s0, s8
core   0: 3 0x8000a1d0 (0x03843ab3) x21 0xffffbffc
core   0: 0x8000a1d4 (0x0000ed09) c.bnez  a0, pc + 26
core   0: 3 0x8000a1d4 (0xed09)
core   0: 0x8000a1ee (0x41bc0733) sub     a4, s8, s11
core   0: 3 0x8000a1ee (0x41bc0733) x14 0xffffc040
core   0: 0x8000a1f2 (0x01416733) or      a4, sp, s4
core   0: 3 0x8000a1f2 (0x01416733) x14 0x80029d27
core   0: 0x8000a1f6 (0x000080a5) c.srli  s1, 9
core   0: 3 0x8000a1f6 (0x80a5) x9  0x00000000
core   0: 0x8000a1f8 (0x01aaaf33) slt     t5, s5, s10
core   0: 3 0x8000a1f8 (0x01aaaf33) x30 0x00000001
core   0: 0x8000a1fc (0x0178d093) srli    ra, a7, 23
core   0: 3 0x8000a1fc (0x0178d093) x1  0x00000000
core   0: 0x8000a200 (0x013ebcb3) sltu    s9, t4, s3
core   0: 3 0x8000a200 (0x013ebcb3) x25 0x00000001
core   0: 0x8000a204 (0x00009b7d) c.andi  a4, -1
core   0: 3 0x8000a204 (0x9b7d) x14 0x80029d27
core   0: 0x8000a206 (0x182fbc93) sltiu   s9, t6, 386
core   0: 3 0x8000a206 (0x182fbc93) x25 0x00000000
core   0: 0x8000a20a (0xc7594613) xori    a2, s2, -907
core   0: 3 0x8000a20a (0xc7594613) x12 0xfffffc75
core   0: 0x8000a20e (0x00008c69) c.and   s0, a0
core   0: 3 0x8000a20e (0x8c69) x8  0x00000080
core   0: 0x8000a210 (0x02779fb3) mulh    t6, a5, t2
core   0: 3 0x8000a210 (0x02779fb3) x31 0x3ffed0e4
core   0: 0x8000a214 (0x4182df93) srai    t6, t0, 24
core   0: 3 0x8000a214 (0x4182df93) x31 0xffffffc6
core   0: 0x8000a218 (0xbd384897) auipc   a7, 0xbd384
core   0: 3 0x8000a218 (0xbd384897) x17 0x3d38e218
core   0: 0x8000a21c (0x00080963) beqz    a6, pc + 18
core   0: 3 0x8000a21c (0x00080963)
core   0: 0x8000a220 (0x15110493) addi    s1, sp, 337
core   0: 3 0x8000a220 (0x15110493) x9  0x80029e75
core   0: 0x8000a224 (0x01ba0f63) beq     s4, s11, pc + 30
core   0: 3 0x8000a224 (0x01ba0f63)
core   0: 0x8000a228 (0x00009d8e) c.add   s11, gp
core   0: 3 0x8000a228 (0x9d8e) x27 0x00000040
core   0: 0x8000a22a (0x0393cb63) blt     t2, s9, pc + 54
core   0: 3 0x8000a22a (0x0393cb63)
core   0: 0x8000a260 (0xb268e193) ori     gp, a7, -1242
core   0: 3 0x8000a260 (0xb268e193) x3  0xfffffb3e
core   0: 0x8000a264 (0x02f36363) bltu    t1, a5, pc + 38
core   0: 3 0x8000a264 (0x02f36363)
core   0: 0x8000a268 (0x72d80213) addi    tp, a6, 1837
core   0: 3 0x8000a268 (0x72d80213) x4  0x0001572d
core   0: 0x8000a26c (0x02cb0933) mul     s2, s6, a2
core   0: 3 0x8000a26c (0x02cb0933) x18 0x36c55a17
core   0: 0x8000a270 (0x87cc7eb7) lui     t4, 0x87cc7
core   0: 3 0x8000a270 (0x87cc7eb7) x29 0x87cc7000
core   0: 0x8000a274 (0x03e66d33) rem     s10, a2, t5
core   0: 3 0x8000a274 (0x03e66d33) x26 0x00000000
core   0: 0x8000a278 (0x013fa2b3) slt     t0, t6, s3
core   0: 3 0x8000a278 (0x013fa2b3) x5  0x00000001
core   0: 0x8000a27c (0x3083fd13) andi    s10, t2, 776
core   0: 3 0x8000a27c (0x3083fd13) x26 0x00000208
core   0: 0x8000a280 (0x01e454b3) srl     s1, s0, t5
core   0: 3 0x8000a280 (0x01e454b3) x9  0x00000040
core   0: 0x8000a284 (0x00008e95) c.sub   a3, a3
core   0: 3 0x8000a284 (0x8e95) x13 0x00000000
core   0: 0x8000a286 (0x008615b3) sll     a1, a2, s0
core   0: 3 0x8000a286 (0x008615b3) x11 0xfffffc75
core   0: 0x8000a28a (0x00a96ab3) or      s5, s2, a0
core   0: 3 0x8000a28a (0x00a96ab3) x21 0x36c55a97
core   0: 0x8000a28e (0x014ed833) srl     a6, t4, s4
core   0: 3 0x8000a28e (0x014ed833) x16 0x10f98e00
core   0: 0x8000a292 (0x409d05b3) sub     a1, s10, s1
core   0: 3 0x8000a292 (0x409d05b3) x11 0x000001c8
core   0: 0x8000a296 (0xfbd2f013) andi    zero, t0, -67
core   0: 3 0x8000a296 (0xfbd2f013)
core   0: 0x8000a29a (0x0090ceb3) xor     t4, ra, s1
core   0: 3 0x8000a29a (0x0090ceb3) x29 0x00000040
core   0: 0x8000a29e (0xc5b86193) ori     gp, a6, -933
core   0: 3 0x8000a29e (0xc5b86193) x3  0xfffffe5b
core   0: 0x8000a2a2 (0x0270dbb3) divu    s7, ra, t2
core   0: 3 0x8000a2a2 (0x0270dbb3) x23 0x00000000
core   0: 0x8000a2a6 (0x00330963) beq     t1, gp, pc + 18
core   0: 3 0x8000a2a6 (0x00330963)
core   0: 0x8000a2aa (0x00008041) c.srli  s0, 16
core   0: 3 0x8000a2aa (0x8041) x8  0x00000000
core   0: 0x8000a2ac (0x016b9763) bne     s7, s6, pc + 14
core   0: 3 0x8000a2ac (0x016b9763)
core   0: 0x8000a2ba (0x02cf4f33) div     t5, t5, a2
core   0: 3 0x8000a2ba (0x02cf4f33) x30 0x00000000
core   0: 0x8000a2be (0x00008db5) c.xor   a1, a3
core   0: 3 0x8000a2be (0x8db5) x11 0x000001c8
core   0: 0x8000a2c0 (0x8d030913) addi    s2, t1, -1840
core   0: 3 0x8000a2c0 (0x8d030913) x18 0xfffff8cf
core   0: 0x8000a2c4 (0x00000001) c.nop
core   0: 3 0x8000a2c4 (0x0001)
core   0: 0x8000a2c6 (0x01351b93) slli    s7, a0, 19
core   0: 3 0x8000a2c6 (0x01351b93) x23 0x04000000
core   0: 0x8000a2ca (0x9fba4fb7) lui     t6, 0x9fba4
core   0: 3 0x8000a2ca (0x9fba4fb7) x31 0x9fba4000
core   0: 0x8000a2ce (0x001a1193) slli    gp, s4, 1
core   0: 3 0x8000a2ce (0x001a1193) x3  0x00000006
core   0: 0x8000a2d2 (0x00004ba9) c.li    s7, 10
core   0: 3 0x8000a2d2 (0x4ba9) x23 0x0000000a
core   0: 0x8000a2d4 (0x00008279) c.srli  a2, 30
core   0: 3 0x8000a2d4 (0x8279) x12 0x00000003
core   0: 0x8000a2d6 (0x01359463) bne     a1, s3, pc + 8
core   0: 3 0x8000a2d6 (0x01359463)
core   0: 0x8000a2de (0x00075a63) bgez    a4, pc + 20
core   0: 3 0x8000a2de (0x00075a63)
core   0: 0x8000a2e2 (0x00008c41) c.or    s0, s0
core   0: 3 0x8000a2e2 (0x8c41) x8  0x00000000
core   0: 0x8000a2e4 (0x000089bd) c.andi  a1, 15
core   0: 3 0x8000a2e4 (0x89bd) x11 0x00000008
core   0: 0x8000a2e6 (0x00e87d33) and     s10, a6, a4
core   0: 3 0x8000a2e6 (0x00e87d33) x26 0x00008c00
core   0: 0x8000a2ea (0x9331e313) ori     t1, gp, -1741
core   0: 3 0x8000a2ea (0x9331e313) x6  0xfffff937
core   0: 0x8000a2ee (0xed156013) ori     zero, a0, -303
core   0: 3 0x8000a2ee (0xed156013)
core   0: 0x8000a2f2 (0x00000001) c.nop
core   0: 3 0x8000a2f2 (0x0001)
core   0: 0x8000a2f4 (0x039a7333) remu    t1, s4, s9
core   0: 3 0x8000a2f4 (0x039a7333) x6  0x00000003
core   0: 0x8000a2f8 (0x00000df9) c.addi  s11, 30
core   0: 3 0x8000a2f8 (0x0df9) x27 0x0000005e
core   0: 0x8000a2fa (0x04cb5463) bge     s6, a2, pc + 72
core   0: 3 0x8000a2fa (0x04cb5463)
core   0: 0x8000a342 (0x039af333) remu    t1, s5, s9
core   0: 3 0x8000a342 (0x039af333) x6  0x36c55a97
core   0: 0x8000a346 (0x40195f13) srai    t5, s2, 1
core   0: 3 0x8000a346 (0x40195f13) x30 0xfffffc67
core   0: 0x8000a34a (0x00008d45) c.or    a0, s1
core   0: 3 0x8000a34a (0x8d45) x10 0x000000c0
core   0: 0x8000a34c (0x02220fb3) mul     t6, tp, sp
core   0: 3 0x8000a34c (0x02220fb3) x31 0x0100db54
core   0: 0x8000a350 (0x03058d63) beq     a1, a6, pc + 58
core   0: 3 0x8000a350 (0x03058d63)
core   0: 0x8000a354 (0x02fd4f33) div     t5, s10, a5
core   0: 3 0x8000a354 (0x02fd4f33) x30 0x00000000
core   0: 0x8000a358 (0x00abe963) bltu    s7, a0, pc + 18
core   0: 3 0x8000a358 (0x00abe963)
core   0: 0x8000a36a (0x02203a33) mulhu   s4, zero, sp
core   0: 3 0x8000a36a (0x02203a33) x20 0x00000000
core   0: 0x8000a36e (0x006b42b3) xor     t0, s6, t1
core   0: 3 0x8000a36e (0x006b42b3) x5  0x76c7c04c
core   0: 0x8000a372 (0x02d04263) blt     zero, a3, pc + 36
core   0: 3 0x8000a372 (0x02d04263)
core   0: 0x8000a376 (0x007f8a33) add     s4, t6, t2
core   0: 3 0x8000a376 (0x007f8a33) x20 0x8103398c
core   0: 0x8000a37a (0xf8924b93) xori    s7, tp, -119
core   0: 3 0x8000a37a (0xf8924b93) x23 0xfffea8a4
core   0: 0x8000a37e (0x000dee33) or      t3, s11, zero
core   0: 3 0x8000a37e (0x000dee33) x28 0x0000005e
core   0: 0x8000a382 (0x407c5a93) srai    s5, s8, 7
core   0: 3 0x8000a382 (0x407c5a93) x21 0xffffff80
core   0: 0x8000a386 (0x00004279) c.li    tp, 30
core   0: 3 0x8000a386 (0x4279) x4  0x0000001e
core   0: 0x8000a388 (0x00008d4d) c.or    a0, a1
core   0: 3 0x8000a388 (0x8d4d) x10 0x000000c8
core   0: 0x8000a38a (0x41f65eb3) sra     t4, a2, t6
core   0: 3 0x8000a38a (0x41f65eb3) x29 0x00000000
core   0: 0x8000a38e (0x0bdeca93) xori    s5, t4, 189
core   0: 3 0x8000a38e (0x0bdeca93) x21 0x000000bd
core   0: 0x8000a392 (0x0000c115) c.beqz  a0, pc + 36
core   0: 3 0x8000a392 (0xc115)
core   0: 0x8000a394 (0x00008322) c.mv    t1, s0
core   0: 3 0x8000a394 (0x8322) x6  0x00000000
core   0: 0x8000a396 (0x008556b3) srl     a3, a0, s0
core   0: 3 0x8000a396 (0x008556b3) x13 0x000000c8
core   0: 0x8000a39a (0x00da3533) sltu    a0, s4, a3
core   0: 3 0x8000a39a (0x00da3533) x10 0x00000000
core   0: 0x8000a39e (0x017ffbb3) and     s7, t6, s7
core   0: 3 0x8000a39e (0x017ffbb3) x23 0x01008804
core   0: 0x8000a3a2 (0x02ee6ab3) rem     s5, t3, a4
core   0: 3 0x8000a3a2 (0x02ee6ab3) x21 0x0000005e
core   0: 0x8000a3a6 (0x50e8dd37) lui     s10, 0x50e8d
core   0: 3 0x8000a3a6 (0x50e8dd37) x26 0x50e8d000
core   0: 0x8000a3aa (0x8f7ec6b7) lui     a3, 0x8f7ec
core   0: 3 0x8000a3aa (0x8f7ec6b7) x13 0x8f7ec000
core   0: 0x8000a3ae (0x0382ca63) blt     t0, s8, pc + 52
core   0: 3 0x8000a3ae (0x0382ca63)
core   0: 0x8000a3b2 (0x0350db33) divu    s6, ra, s5
core   0: 3 0x8000a3b2 (0x0350db33) x22 0x00000000
core   0: 0x8000a3b6 (0x00008005) c.srli  s0, 1
core   0: 3 0x8000a3b6 (0x8005) x8  0x00000000
core   0: 0x8000a3b8 (0x8ba06913) ori     s2, zero, -1862
core   0: 3 0x8000a3b8 (0x8ba06913) x18 0xfffff8ba
core   0: 0x8000a3bc (0xc9ace413) ori     s0, s9, -870
core   0: 3 0x8000a3bc (0xc9ace413) x8  0xfffffc9a
core   0: 0x8000a3c0 (0x02c7beb3) mulhu   t4, a5, a2
core   0: 3 0x8000a3c0 (0x02c7beb3) x29 0x00000001
core   0: 0x8000a3c4 (0x00a38433) add     s0, t2, a0
core   0: 3 0x8000a3c4 (0x00a38433) x8  0x80025e38
core   0: 0x8000a3c8 (0x00008911) c.andi  a0, 4
core   0: 3 0x8000a3c8 (0x8911) x10 0x00000000
core   0: 0x8000a3ca (0x00efeab3) or      s5, t6, a4
core   0: 3 0x8000a3ca (0x00efeab3) x21 0x8102df77
core   0: 0x8000a3ce (0x0000c591) c.beqz  a1, pc + 12
core   0: 3 0x8000a3ce (0xc591)
core   0: 0x8000a3d0 (0x0195e1b3) or      gp, a1, s9
core   0: 3 0x8000a3d0 (0x0195e1b3) x3  0x00000008
core   0: 0x8000a3d4 (0x00008151) c.srli  a0, 20
core   0: 3 0x8000a3d4 (0x8151) x10 0x00000000
core   0: 0x8000a3d6 (0x02455db3) divu    s11, a0, tp
core   0: 3 0x8000a3d6 (0x02455db3) x27 0x00000000
core   0: 0x8000a3da (0xf88f6313) ori     t1, t5, -120
core   0: 3 0x8000a3da (0xf88f6313) x6  0xffffff88
core   0: 0x8000a3de (0x00000001) c.nop
core   0: 3 0x8000a3de (0x0001)
core   0: 0x8000a3e0 (0x0000961a) c.add   a2, t1
core   0: 3 0x8000a3e0 (0x961a) x12 0xffffff8b
core   0: 0x8000a3e2 (0x0000ec91) c.bnez  s1, pc + 28
core   0: 3 0x8000a3e2 (0xec91)
core   0: 0x8000a3fe (0x0000147d) c.addi  s0, -1
core   0: 3 0x8000a3fe (0x147d) x8  0x80025e37
core   0: 0x8000a400 (0x00009d12) c.add   s10, tp
core   0: 3 0x8000a400 (0x9d12) x26 0x50e8d01e
core   0: 0x8000a402 (0x024cc6b3) div     a3, s9, tp
core   0: 3 0x8000a402 (0x024cc6b3) x13 0x00000000
core   0: 0x8000a406 (0x0358ce63) blt     a7, s5, pc + 60
core   0: 3 0x8000a406 (0x0358ce63)
core   0: 0x8000a40a (0x40d881b3) sub     gp, a7, a3
core   0: 3 0x8000a40a (0x40d881b3) x3  0x3d38e218
core   0: 0x8000a40e (0x000019fd) c.addi  s3, -1
core   0: 3 0x8000a40e (0x19fd) x19 0xfffffffe
core   0: 0x8000a410 (0x401ddb93) srai    s7, s11, 1
core   0: 3 0x8000a410 (0x401ddb93) x23 0x00000000
core   0: 0x8000a414 (0xb6cfe293) ori     t0, t6, -1172
core   0: 3 0x8000a414 (0xb6cfe293) x5  0xfffffb7c
core   0: 0x8000a418 (0x0121f933) and     s2, gp, s2
core   0: 3 0x8000a418 (0x0121f933) x18 0x3d38e018
core   0: 0x8000a41c (0x0000c995) c.beqz  a1, pc + 52
core   0: 3 0x8000a41c (0xc995)
core   0: 0x8000a41e (0x41c308b3) sub     a7, t1, t3
core   0: 3 0x8000a41e (0x41c308b3) x17 0xffffff2a
core   0: 0x8000a422 (0x0000c085) c.beqz  s1, pc + 32
core   0: 3 0x8000a422 (0xc085)
core   0: 0x8000a424 (0x40a65493) srai    s1, a2, 10
core   0: 3 0x8000a424 (0x40a65493) x9  0xffffffff
core   0: 0x8000a428 (0x025ca733) mulhsu  a4, s9, t0
core   0: 3 0x8000a428 (0x025ca733) x14 0x00000000
core   0: 0x8000a42c (0x00000ec9) c.addi  t4, 18
core   0: 3 0x8000a42c (0x0ec9) x29 0x00000013
core   0: 0x8000a42e (0x0000557d) c.li    a0, -1
core   0: 3 0x8000a42e (0x557d) x10 0xffffffff
core   0: 0x8000a430 (0xeb140093) addi    ra, s0, -335
core   0: 3 0x8000a430 (0xeb140093) x1  0x80025ce8
core   0: 0x8000a434 (0x00008cc2) c.mv    s9, a6
core   0: 3 0x8000a434 (0x8cc2) x25 0x10f98e00
core   0: 0x8000a436 (0x00c11893) slli    a7, sp, 12
core   0: 3 0x8000a436 (0x00c11893) x17 0x29d24000
core   0: 0x8000a43a (0x00d05fb3) srl     t6, zero, a3
core   0: 3 0x8000a43a (0x00d05fb3) x31 0x00000000
core   0: 0x8000a43e (0x03d98633) mul     a2, s3, t4
core   0: 3 0x8000a43e (0x03d98633) x12 0xffffffda
core   0: 0x8000a442 (0x00008ae9) c.andi  a3, 26
core   0: 3 0x8000a442 (0x8ae9) x13 0x00000000
core   0: 0x8000a444 (0x039c7533) remu    a0, s8, s9
core   0: 3 0x8000a444 (0x039c7533) x10 0x01606e00
core   0: 0x8000a448 (0x037465b3) rem     a1, s0, s7
core   0: 3 0x8000a448 (0x037465b3) x11 0x80025e37
core   0: 0x8000a44c (0x0231ca33) div     s4, gp, gp
core   0: 3 0x8000a44c (0x0231ca33) x20 0x00000001
core   0: 0x8000a450 (0x0991df63) bge     gp, s9, pc + 158
core   0: 3 0x8000a450 (0x0991df63)
core   0: 0x8000a4ee (0x0060f763) bgeu    ra, t1, pc + 14
core   0: 3 0x8000a4ee (0x0060f763)
core   0: 0x8000a4f2 (0x405d08b3) sub     a7, s10, t0
core   0: 3 0x8000a4f2 (0x405d08b3) x17 0x50e8d4a2
core   0: 0x8000a4f6 (0x000081a1) c.srli  a1, 8
core   0: 3 0x8000a4f6 (0x81a1) x11 0x0080025e
core   0: 0x8000a4f8 (0x01b64bb3) xor     s7, a2, s11
core   0: 3 0x8000a4f8 (0x01b64bb3) x23 0xffffffda
core   0: 0x8000a4fc (0x00000001) c.nop
core   0: 3 0x8000a4fc (0x0001)
core   0: 0x8000a4fe (0x02aa8463) beq     s5, a0, pc + 40
core   0: 3 0x8000a4fe (0x02aa8463)
core   0: 0x8000a502 (0x00004ebd) c.li    t4, 15
core   0: 3 0x8000a502 (0x4ebd) x29 0x0000000f
core   0: 0x8000a504 (0x00008759) c.srai  a4, 22
core   0: 3 0x8000a504 (0x8759) x14 0x00000000
core   0: 0x8000a506 (0x03f81063) bne     a6, t6, pc + 32
core   0: 3 0x8000a506 (0x03f81063)
core   0: 0x8000a526 (0x000059fd) c.li    s3, -1
core   0: 3 0x8000a526 (0x59fd) x19 0xffffffff
core   0: 0x8000a528 (0xcd73fe13) andi    t3, t2, -809
core   0: 3 0x8000a528 (0xcd73fe13) x28 0x80025c10
core   0: 0x8000a52c (0x341e4193) xori    gp, t3, 833
core   0: 3 0x8000a52c (0x341e4193) x3  0x80025f51
core   0: 0x8000a530 (0x0000801d) c.srli  s0, 7
core   0: 3 0x8000a530 (0x801d) x8  0x010004bc
core   0: 0x8000a532 (0x008665b3) or      a1, a2, s0
core   0: 3 0x8000a532 (0x008665b3) x11 0xfffffffe
core   0: 0x8000a536 (0x00008f05) c.sub   a4, s1
core   0: 3 0x8000a536 (0x8f05) x14 0x00000001
core   0: 0x8000a538 (0x033e0333) mul     t1, t3, s3
core   0: 3 0x8000a538 (0x033e0333) x6  0x7ffda3f0
core   0: 0x8000a53c (0x00a7db93) srli    s7, a5, 10
core   0: 3 0x8000a53c (0x00a7db93) x23 0x00200000
core   0: 0x8000a540 (0x41a986b3) sub     a3, s3, s10
core   0: 3 0x8000a540 (0x41a986b3) x13 0xaf172fe1
core   0: 0x8000a544 (0xf9faa013) slti    zero, s5, -97
core   0: 3 0x8000a544 (0xf9faa013)
core   0: 0x8000a548 (0x3d43f813) andi    a6, t2, 980
core   0: 3 0x8000a548 (0x3d43f813) x16 0x00000210
core   0: 0x8000a54c (0x03639c33) mulh    s8, t2, s6
core   0: 3 0x8000a54c (0x03639c33) x24 0x00000000
core   0: 0x8000a550 (0x00ed9813) slli    a6, s11, 14
core   0: 3 0x8000a550 (0x00ed9813) x16 0x00000000
core   0: 0x8000a554 (0xf6d7c913) xori    s2, a5, -147
core   0: 3 0x8000a554 (0xf6d7c913) x18 0x7fffff6d
core   0: 0x8000a558 (0x0000c711) c.beqz  a4, pc + 12
core   0: 3 0x8000a558 (0xc711)
core   0: 0x8000a55a (0x0000489d) c.li    a7, 7
core   0: 3 0x8000a55a (0x489d) x17 0x00000007
core   0: 0x8000a55c (0x008d4033) xor     zero, s10, s0
core   0: 3 0x8000a55c (0x008d4033)
core   0: 0x8000a560 (0x03c8cc63) blt     a7, t3, pc + 56
core   0: 3 0x8000a560 (0x03c8cc63)
core   0: 0x8000a564 (0x00008e11) c.sub   a2, a2
core   0: 3 0x8000a564 (0x8e11) x12 0x00000000
core   0: 0x8000a566 (0x01439bb3) sll     s7, t2, s4
core   0: 3 0x8000a566 (0x01439bb3) x23 0x0004bc70
core   0: 0x8000a56a (0x03060763) beq     a2, a6, pc + 46
core   0: 3 0x8000a56a (0x03060763)
core   0: 0x8000a598 (0x00008d6d) c.and   a0, a1
core   0: 3 0x8000a598 (0x8d6d) x10 0x01606e00
core   0: 0x8000a59a (0x00008b61) c.andi  a4, 24
core   0: 3 0x8000a59a (0x8b61) x14 0x00000000
core   0: 0x8000a59c (0x0000964a) c.add   a2, s2
core   0: 3 0x8000a59c (0x964a) x12 0x7fffff6d
core   0: 0x8000a59e (0x0034ec33) or      s8, s1, gp
core   0: 3 0x8000a59e (0x0034ec33) x24 0xffffffff
core   0: 0x8000a5a2 (0x0000880d) c.andi  s0, 3
core   0: 3 0x8000a5a2 (0x880d) x8  0x00000000
core   0: 0x8000a5a4 (0x01d2e6b3) or      a3, t0, t4
core   0: 3 0x8000a5a4 (0x01d2e6b3) x13 0xfffffb7f
core   0: 0x8000a5a8 (0xb3b82a13) slti    s4, a6, -1221
core   0: 3 0x8000a5a8 (0xb3b82a13) x20 0x00000000
core   0: 0x8000a5ac (0x020b9e33) mulh    t3, s7, zero
core   0: 3 0x8000a5ac (0x020b9e33) x28 0x00000000
core   0: 0x8000a5b0 (0x03f11163) bne     sp, t6, pc + 34
core   0: 3 0x8000a5b0 (0x03f11163)
core   0: 0x8000a5d2 (0x01c87863) bgeu    a6, t3, pc + 16
core   0: 3 0x8000a5d2 (0x01c87863)
core   0: 0x8000a5e2 (0x3256b693) sltiu   a3, a3, 805
core   0: 3 0x8000a5e2 (0x3256b693) x13 0x00000000
core   0: 0x8000a5e6 (0x88e0b813) sltiu   a6, ra, -1906
core   0: 3 0x8000a5e6 (0x88e0b813) x16 0x00000001
core   0: 0x8000a5ea (0x0000053e) c.slli  a0, 15
core   0: 3 0x8000a5ea (0x053e) x10 0x37000000
core   0: 0x8000a5ec (0x00000001) c.nop
core   0: 3 0x8000a5ec (0x0001)
core   0: 0x8000a5ee (0x00001cfd) c.addi  s9, -1
core   0: 3 0x8000a5ee (0x1cfd) x25 0x10f98dff
core   0: 0x8000a5f0 (0x00008975) c.andi  a0, 29
core   0: 3 0x8000a5f0 (0x8975) x10 0x00000000
core   0: 0x8000a5f2 (0x0043a303) lw      t1, 4(t2)
core   0: 3 0x8000a5f2 (0x0043a303) x6  0x8000718a mem 0x80025e3c
core   0: 0x8000a5f6 (0x02c38393) addi    t2, t2, 44
core   0: 3 0x8000a5f6 (0x02c38393) x7  0x80025e64
core   0: 0x8000a5fa (0x03e518b3) mulh    a7, a0, t5
core   0: 3 0x8000a5fa (0x03e518b3) x17 0x00000000
core   0: 0x8000a5fe (0x00130193) addi    gp, t1, 1
core   0: 3 0x8000a5fe (0x00130193) x3  0x8000718b
core   0: 0x8000a602 (0x000181e7) jalr    gp, gp, 0
core   0: 3 0x8000a602 (0x000181e7) x3  0x8000a606
core   0: 0x8000718a (0x01398a33) add     s4, s3, s3
core   0: 3 0x8000718a (0x01398a33) x20 0xfffffffe
core   0: 0x8000718e (0x009cd333) srl     t1, s9, s1
core   0: 3 0x8000718e (0x009cd333) x6  0x00000000
core   0: 0x80007192 (0x001fa733) slt     a4, t6, ra
core   0: 3 0x80007192 (0x001fa733) x14 0x00000000
core   0: 0x80007196 (0x00000001) c.nop
core   0: 3 0x80007196 (0x0001)
core   0: 0x80007198 (0x030c0d63) beq     s8, a6, pc + 58
core   0: 3 0x80007198 (0x030c0d63)
core   0: 0x8000719c (0x012ffdb3) and     s11, t6, s2
core   0: 3 0x8000719c (0x012ffdb3) x27 0x00000000
core   0: 0x800071a0 (0x036bab33) mulhsu  s6, s7, s6
core   0: 3 0x800071a0 (0x036bab33) x22 0x00000000
core   0: 0x800071a4 (0x00000376) c.slli  t1, 29
core   0: 3 0x800071a4 (0x0376) x6  0x00000000
core   0: 0x800071a6 (0x00000001) c.nop
core   0: 3 0x800071a6 (0x0001)
core   0: 0x800071a8 (0x33f976b7) lui     a3, 0x33f97
core   0: 3 0x800071a8 (0x33f976b7) x13 0x33f97000
core   0: 0x800071ac (0x00014263) bltz    sp, pc + 4
core   0: 3 0x800071ac (0x00014263)
core   0: 0x800071b0 (0x00176bb3) or      s7, a4, ra
core   0: 3 0x800071b0 (0x00176bb3) x23 0x80025ce8
core   0: 0x800071b4 (0x000084c6) c.mv    s1, a7
core   0: 3 0x800071b4 (0x84c6) x9  0x00000000
core   0: 0x800071b6 (0x416158b3) sra     a7, sp, s6
core   0: 3 0x800071b6 (0x416158b3) x17 0x80029d24
core   0: 0x800071ba (0x41bf5693) srai    a3, t5, 27
core   0: 3 0x800071ba (0x41bf5693) x13 0x00000000
core   0: 0x800071be (0x029cf463) bgeu    s9, s1, pc + 40
core   0: 3 0x800071be (0x029cf463)
core   0: 0x800071e6 (0x0217f363) bgeu    a5, ra, pc + 38
core   0: 3 0x800071e6 (0x0217f363)
core   0: 0x800071ea (0x01f0d1b3) srl     gp, ra, t6
core   0: 3 0x800071ea (0x01f0d1b3) x3  0x80025ce8
core   0: 0x800071ee (0x01021593) slli    a1, tp, 16
core   0: 3 0x800071ee (0x01021593) x11 0x001e0000
core   0: 0x800071f2 (0x02516233) rem     tp, sp, t0
core   0: 3 0x800071f2 (0x02516233) x4  0xfffffd24
core   0: 0x800071f6 (0x00008f5d) c.or    a4, a5
core   0: 3 0x800071f6 (0x8f5d) x14 0x80000000
core   0: 0x800071f8 (0x01111db3) sll     s11, sp, a7
core   0: 3 0x800071f8 (0x01111db3) x27 0x0029d240
core   0: 0x800071fc (0xc933f193) andi    gp, t2, -877
core   0: 3 0x800071fc (0xc933f193) x3  0x80025c00
core   0: 0x80007200 (0x41eddd33) sra     s10, s11, t5
core   0: 3 0x80007200 (0x41eddd33) x26 0x0029d240
core   0: 0x80007204 (0x01cba5b3) slt     a1, s7, t3
core   0: 3 0x80007204 (0x01cba5b3) x11 0x00000001
core   0: 0x80007208 (0x00d7c0b3) xor     ra, a5, a3
core   0: 3 0x80007208 (0x00d7c0b3) x1  0x80000000
core   0: 0x8000720c (0x00008e59) c.or    a2, a4
core   0: 3 0x8000720c (0x8e59) x12 0xffffff6d
core   0: 0x8000720e (0x00006dcd) c.lui   s11, 0x13
core   0: 3 0x8000720e (0x6dcd) x27 0x00013000
core   0: 0x80007210 (0x019fd293) srli    t0, t6, 25
core   0: 3 0x80007210 (0x019fd293) x5  0x00000000
core   0: 0x80007214 (0x0087d513) srli    a0, a5, 8
core   0: 3 0x80007214 (0x0087d513) x10 0x00800000
core   0: 0x80007218 (0x00008c1e) c.mv    s8, t2
core   0: 3 0x80007218 (0x8c1e) x24 0x80025e64
core   0: 0x8000721a (0x021b0f33) mul     t5, s6, ra
core   0: 3 0x8000721a (0x021b0f33) x30 0x00000000
core   0: 0x8000721e (0x4125d013) srai    zero, a1, 18
core   0: 3 0x8000721e (0x4125d013)
core   0: 0x80007222 (0x00000c6e) c.slli  s8, 27
core   0: 3 0x80007222 (0x0c6e) x24 0x20000000
core   0: 0x80007224 (0x77790c13) addi    s8, s2, 1911
core   0: 3 0x80007224 (0x77790c13) x24 0x800006e4
core   0: 0x80007228 (0x030db733) mulhu   a4, s11, a6
core   0: 3 0x80007228 (0x030db733) x14 0x00000000
core   0: 0x8000722c (0x00000001) c.nop
core   0: 3 0x8000722c (0x0001)
core   0: 0x8000722e (0x03905ab3) divu    s5, zero, s9
core   0: 3 0x8000722e (0x03905ab3) x21 0x00000000
core   0: 0x80007232 (0x8318b713) sltiu   a4, a7, -1999
core   0: 3 0x80007232 (0x8318b713) x14 0x00000001
core   0: 0x80007236 (0x00008c61) c.and   s0, s0
core   0: 3 0x80007236 (0x8c61) x8  0x00000000
core   0: 0x80007238 (0x0000ec2d) c.bnez  s0, pc + 122
core   0: 3 0x80007238 (0xec2d)
core   0: 0x8000723a (0x61bd7b93) andi    s7, s10, 1563
core   0: 3 0x8000723a (0x61bd7b93) x23 0x00000200
core   0: 0x8000723e (0x40965333) sra     t1, a2, s1
core   0: 3 0x8000723e (0x40965333) x6  0xffffff6d
core   0: 0x80007242 (0x00431c93) slli    s9, t1, 4
core   0: 3 0x80007242 (0x00431c93) x25 0xfffff6d0
core   0: 0x80007246 (0x41d78cb3) sub     s9, a5, t4
core   0: 3 0x80007246 (0x41d78cb3) x25 0x7ffffff1
core   0: 0x8000724a (0x00008d89) c.sub   a1, a0
core   0: 3 0x8000724a (0x8d89) x11 0xff800001
core   0: 0x8000724c (0x00d21c13) slli    s8, tp, 13
core   0: 3 0x8000724c (0x00d21c13) x24 0xffa48000
core   0: 0x80007250 (0x05011a63) bne     sp, a6, pc + 84
core   0: 3 0x80007250 (0x05011a63)
core   0: 0x800072a4 (0x00001bfd) c.addi  s7, -1
core   0: 3 0x800072a4 (0x1bfd) x23 0x000001ff
core   0: 0x800072a6 (0x02501663) bne     zero, t0, pc + 44
core   0: 3 0x800072a6 (0x02501663)
core   0: 0x800072aa (0x00095f13) srli    t5, s2, 0
core   0: 3 0x800072aa (0x00095f13) x30 0x7fffff6d
core   0: 0x800072ae (0x00bfcab3) xor     s5, t6, a1
core   0: 3 0x800072ae (0x00bfcab3) x21 0xff800001
core   0: 0x800072b2 (0x02b08533) mul     a0, ra, a1
core   0: 3 0x800072b2 (0x02b08533) x10 0x80000000
core   0: 0x800072b6 (0x00000001) c.nop
core   0: 3 0x800072b6 (0x0001)
core   0: 0x800072b8 (0x00008dc9) c.or    a1, a0
core   0: 3 0x800072b8 (0x8dc9) x11 0xff800001
core   0: 0x800072ba (0x021c8ab3) mul     s5, s9, ra
core   0: 3 0x800072ba (0x021c8ab3) x21 0x80000000
core   0: 0x800072be (0x00005b7d) c.li    s6, -1
core   0: 3 0x800072be (0x5b7d) x22 0xffffffff
core   0: 0x800072c0 (0x0139f0b3) and     ra, s3, s3
core   0: 3 0x800072c0 (0x0139f0b3) x1  0xffffffff
core   0: 0x800072c4 (0x012a0433) add     s0, s4, s2
core   0: 3 0x800072c4 (0x012a0433) x8  0x7fffff6b
core   0: 0x800072c8 (0x000086c1) c.srai  a3, 16
core   0: 3 0x800072c8 (0x86c1) x13 0x00000000
core   0: 0x800072ca (0x025b5cb3) divu    s9, s6, t0
core   0: 3 0x800072ca (0x025b5cb3) x25 0xffffffff
core   0: 0x800072ce (0x00a55913) srli    s2, a0, 10
core   0: 3 0x800072ce (0x00a55913) x18 0x00200000
core   0: 0x800072d2 (0x01b3f6b3) and     a3, t2, s11
core   0: 3 0x800072d2 (0x01b3f6b3) x13 0x00001000
core   0: 0x800072d6 (0x025c6733) rem     a4, s8, t0
core   0: 3 0x800072d6 (0x025c6733) x14 0xffa48000
core   0: 0x800072da (0x00000699) c.addi  a3, 6
core   0: 3 0x800072da (0x0699) x13 0x00001006
core   0: 0x800072dc (0x011c5e63) bge     s8, a7, pc + 28
core   0: 3 0x800072dc (0x011c5e63)
core   0: 0x800072f8 (0x02e811b3) mulh    gp, a6, a4
core   0: 3 0x800072f8 (0x02e811b3) x3  0xffffffff
core   0: 0x800072fc (0x0000557d) c.li    a0, -1
core   0: 3 0x800072fc (0x557d) x10 0xffffffff
core   0: 0x800072fe (0x0116d513) srli    a0, a3, 17
core   0: 3 0x800072fe (0x0116d513) x10 0x00000000
core   0: 0x80007302 (0x507e7493) andi    s1, t3, 1287
core   0: 3 0x80007302 (0x507e7493) x9  0x00000000
core   0: 0x80007306 (0x00008662) c.mv    a2, s8
core   0: 3 0x80007306 (0x8662) x12 0xffa48000
core   0: 0x80007308 (0x00478fb3) add     t6, a5, tp
core   0: 3 0x80007308 (0x00478fb3) x31 0x7ffffd24
core   0: 0x8000730c (0x00009416) c.add   s0, t0
core   0: 3 0x8000730c (0x9416) x8  0x7fffff6b
core   0: 0x8000730e (0x03266b33) rem     s6, a2, s2
core   0: 3 0x8000730e (0x03266b33) x22 0xffe48000
core   0: 0x80007312 (0x01d3e2b3) or      t0, t2, t4
core   0: 3 0x80007312 (0x01d3e2b3) x5  0x80025e6f
core   0: 0x80007316 (0x000099da) c.add   s3, s6
core   0: 3 0x80007316 (0x99da) x19 0xffe47fff
core   0: 0x80007318 (0x0187bfb3) sltu    t6, a5, s8
core   0: 3 0x80007318 (0x0187bfb3) x31 0x00000001
core   0: 0x8000731c (0xf21d2d93) slti    s11, s10, -223
core   0: 3 0x8000731c (0xf21d2d93) x27 0x00000000
core   0: 0x80007320 (0x01631493) slli    s1, t1, 22
core   0: 3 0x80007320 (0x01631493) x9  0xdb400000
core   0: 0x80007324 (0x02cfbb33) mulhu   s6, t6, a2
core   0: 3 0x80007324 (0x02cfbb33) x22 0x00000000
core   0: 0x80007328 (0x01851b33) sll     s6, a0, s8
core   0: 3 0x80007328 (0x01851b33) x22 0x00000000
core   0: 0x8000732c (0xbc8d2f13) slti    t5, s10, -1080
core   0: 3 0x8000732c (0xbc8d2f13) x30 0x00000000
core   0: 0x80007330 (0x02f68b33) mul     s6, a3, a5
core   0: 3 0x80007330 (0x02f68b33) x22 0x00000000
core   0: 0x80007334 (0xe7bb6013) ori     zero, s6, -389
core   0: 3 0x80007334 (0xe7bb6013)
core   0: 0x80007338 (0x0073e6b3) or      a3, t2, t2
core   0: 3 0x80007338 (0x0073e6b3) x13 0x80025e64
core   0: 0x8000733c (0x4132d493) srai    s1, t0, 19
core   0: 3 0x8000733c (0x4132d493) x9  0xfffff000
core   0: 0x80007340 (0x00008d46) c.mv    s10, a7
core   0: 3 0x80007340 (0x8d46) x26 0x80029d24
core   0: 0x80007342 (0x000008b2) c.slli  a7, 12
core   0: 3 0x80007342 (0x08b2) x17 0x29d24000
core   0: 0x80007344 (0x00008261) c.srli  a2, 24
core   0: 3 0x80007344 (0x8261) x12 0x000000ff
core   0: 0x80007346 (0x00001b7d) c.addi  s6, -1
core   0: 3 0x80007346 (0x1b7d) x22 0xffffffff
core   0: 0x80007348 (0xa58d8293) addi    t0, s11, -1448
core   0: 3 0x80007348 (0xa58d8293) x5  0xfffffa58
core   0: 0x8000734c (0x000cd733) srl     a4, s9, zero
core   0: 3 0x8000734c (0x000cd733) x14 0xffffffff
core   0: 0x80007350 (0x00d021b3) slt     gp, zero, a3
core   0: 3 0x80007350 (0x00d021b3) x3  0x00000000
core   0: 0x80007354 (0x034ea5b3) mulhsu  a1, t4, s4
core   0: 3 0x80007354 (0x034ea5b3) x11 0x0000000e
core   0: 0x80007358 (0x2b8dbe13) sltiu   t3, s11, 696
core   0: 3 0x80007358 (0x2b8dbe13) x28 0x00000001
core   0: 0x8000735c (0x00000001) c.nop
core   0: 3 0x8000735c (0x0001)
core   0: 0x8000735e (0xe15d6a13) ori     s4, s10, -491
core   0: 3 0x8000735e (0xe15d6a13) x20 0xffffff35
core   0: 0x80007362 (0x02ae9933) mulh    s2, t4, a0
core   0: 3 0x80007362 (0x02ae9933) x18 0x00000000
core   0: 0x80007366 (0x00226533) or      a0, tp, sp
core   0: 3 0x80007366 (0x00226533) x10 0xfffffd24
core   0: 0x8000736a (0x40568c33) sub     s8, a3, t0
core   0: 3 0x8000736a (0x40568c33) x24 0x8002640c
core   0: 0x8000736e (0x00d98033) add     zero, s3, a3
core   0: 3 0x8000736e (0x00d98033)
core   0: 0x80007372 (0x02d85433) divu    s0, a6, a3
core   0: 3 0x80007372 (0x02d85433) x8  0x00000000
core   0: 0x80007376 (0x00008505) c.srai  a0, 1
core   0: 3 0x80007376 (0x8505) x10 0xfffffe92
core   0: 0x80007378 (0x00001efd) c.addi  t4, -1
core   0: 3 0x80007378 (0x1efd) x29 0x0000000e
core   0: 0x8000737a (0x5e70ed93) ori     s11, ra, 1511
core   0: 3 0x8000737a (0x5e70ed93) x27 0xffffffff
core   0: 0x8000737e (0x01c86263) bltu    a6, t3, pc + 4
core   0: 3 0x8000737e (0x01c86263)
core   0: 0x80007382 (0x41eb5b93) srai    s7, s6, 30
core   0: 3 0x80007382 (0x41eb5b93) x23 0xffffffff
core   0: 0x80007386 (0x025a6b63) bltu    s4, t0, pc + 54
core   0: 3 0x80007386 (0x025a6b63)
core   0: 0x8000738a (0x00008d19) c.sub   a0, a4
core   0: 3 0x8000738a (0x8d19) x10 0xfffffe93
core   0: 0x8000738c (0x80bf6c93) ori     s9, t5, -2037
core   0: 3 0x8000738c (0x80bf6c93) x25 0xfffff80b
core   0: 0x80007390 (0x0000954e) c.add   a0, s3
core   0: 3 0x80007390 (0x954e) x10 0xffe47e92
core   0: 0x80007392 (0x02d0f563) bgeu    ra, a3, pc + 42
core   0: 3 0x80007392 (0x02d0f563)
core   0: 0x800073bc (0x02688fb3) mul     t6, a7, t1
core   0: 3 0x800073bc (0x02688fb3) x31 0xfc454000
core   0: 0x800073c0 (0x78230597) auipc   a1, 0x78230
core   0: 3 0x800073c0 (0x78230597) x11 0xf82373c0
core   0: 0x800073c4 (0x01155b33) srl     s6, a0, a7
core   0: 3 0x800073c4 (0x01155b33) x22 0xffe47e92
core   0: 0x800073c8 (0x73244a93) xori    s5, s0, 1842
core   0: 3 0x800073c8 (0x73244a93) x21 0x00000732
core   0: 0x800073cc (0x00008439) c.srai  s0, 14
core   0: 3 0x800073cc (0x8439) x8  0x00000000
core   0: 0x800073ce (0x0000c08d) c.beqz  s1, pc + 34
core   0: 3 0x800073ce (0xc08d)
core   0: 0x800073d0 (0x0140df33) srl     t5, ra, s4
core   0: 3 0x800073d0 (0x0140df33) x30 0x000007ff
core   0: 0x800073d4 (0x0123ca33) xor     s4, t2, s2
core   0: 3 0x800073d4 (0x0123ca33) x20 0x80025e64
core   0: 0x800073d8 (0x0334d1b3) divu    gp, s1, s3
core   0: 3 0x800073d8 (0x0334d1b3) x3  0x00000001
core   0: 0x800073dc (0x013e6933) or      s2, t3, s3
core   0: 3 0x800073dc (0x013e6933) x18 0xffe47fff
core   0: 0x800073e0 (0x017f3db3) sltu    s11, t5, s7
core   0: 3 0x800073e0 (0x017f3db3) x27 0x00000001
core   0: 0x800073e4 (0x00008e61) c.and   a2, s0
core   0: 3 0x800073e4 (0x8e61) x12 0x00000000
core   0: 0x800073e6 (0x00008e85) c.sub   a3, s1
core   0: 3 0x800073e6 (0x8e85) x13 0x80026e64
core   0: 0x800073e8 (0x00006a49) c.lui   s4, 0x12
core   0: 3 0x800073e8 (0x6a49) x20 0x00012000
core   0: 0x800073ea (0x01fe5363) bge     t3, t6, pc + 6
core   0: 3 0x800073ea (0x01fe5363)
core   0: 0x800073f0 (0x02a6f933) remu    s2, a3, a0
core   0: 3 0x800073f0 (0x02a6f933) x18 0x80026e64
core   0: 0x800073f4 (0x01f8cc33) xor     s8, a7, t6
core   0: 3 0x800073f4 (0x01f8cc33) x24 0xd5970000
core   0: 0x800073f8 (0x01f06fb3) or      t6, zero, t6
core   0: 3 0x800073f8 (0x01f06fb3) x31 0xfc454000
core   0: 0x800073fc (0x40d75513) srai    a0, a4, 13
core   0: 3 0x800073fc (0x40d75513) x10 0xffffffff
core   0: 0x80007400 (0x40550d33) sub     s10, a0, t0
core   0: 3 0x80007400 (0x40550d33) x26 0x000005a7
core   0: 0x80007404 (0x024d8833) mul     a6, s11, tp
core   0: 3 0x80007404 (0x024d8833) x16 0xfffffd24
core   0: 0x80007408 (0x4160d413) srai    s0, ra, 22
core   0: 3 0x80007408 (0x4160d413) x8  0xffffffff
core   0: 0x8000740c (0x00008e8d) c.sub   a3, a1
core   0: 3 0x8000740c (0x8e8d) x13 0x87defaa4
core   0: 0x8000740e (0x61124d13) xori    s10, tp, 1553
core   0: 3 0x8000740e (0x61124d13) x26 0xfffffb35
core   0: 0x80007412 (0x0078d763) bge     a7, t2, pc + 14
core   0: 3 0x80007412 (0x0078d763)
core   0: 0x80007420 (0x01c95413) srli    s0, s2, 28
core   0: 3 0x80007420 (0x01c95413) x8  0x00000008
core   0: 0x80007424 (0x00008219) c.srli  a2, 6
core   0: 3 0x80007424 (0x8219) x12 0x00000000
core   0: 0x80007426 (0x00734733) xor     a4, t1, t2
core   0: 3 0x80007426 (0x00734733) x14 0x7ffda109
core   0: 0x8000742a (0x00000001) c.nop
core   0: 3 0x8000742a (0x0001)
core   0: 0x8000742c (0x02ee8e33) mul     t3, t4, a4
core   0: 3 0x8000742c (0x02ee8e33) x28 0xffdece7e
core   0: 0x80007430 (0x021815b3) mulh    a1, a6, ra
core   0: 3 0x80007430 (0x021815b3) x11 0x00000000
core   0: 0x80007434 (0x37527493) andi    s1, tp, 885
core   0: 3 0x80007434 (0x37527493) x9  0x00000124
core   0: 0x80007438 (0x0130de13) srli    t3, ra, 19
core   0: 3 0x80007438 (0x0130de13) x28 0x00001fff
core   0: 0x8000743c (0x03177333) remu    t1, a4, a7
core   0: 3 0x8000743c (0x03177333) x6  0x0286e109
core   0: 0x80007440 (0x0000997d) c.andi  a0, -1
core   0: 3 0x80007440 (0x997d) x10 0xffffffff
core   0: 0x80007442 (0x00000001) c.nop
core   0: 3 0x80007442 (0x0001)
core   0: 0x80007444 (0x00009afd) c.andi  a3, -1
core   0: 3 0x80007444 (0x9afd) x13 0x87defaa4
core   0: 0x80007446 (0x40ced033) sra     zero, t4, a2
core   0: 3 0x80007446 (0x40ced033)
core   0: 0x8000744a (0x00bb5993) srli    s3, s6, 11
core   0: 3 0x8000744a (0x00bb5993) x19 0x001ffc8f
core   0: 0x8000744e (0x000082fd) c.srli  a3, 31
core   0: 3 0x8000744e (0x82fd) x13 0x00000001
core   0: 0x80007450 (0x0000c711) c.beqz  a4, pc + 12
core   0: 3 0x80007450 (0xc711)
core   0: 0x80007452 (0x00000001) c.nop
core   0: 3 0x80007452 (0x0001)
core   0: 0x80007454 (0x026f2333) mulhsu  t1, t5, t1
core   0: 3 0x80007454 (0x026f2333) x6  0x00000014
core   0: 0x80007458 (0x0defe213) ori     tp, t6, 222
core   0: 3 0x80007458 (0x0defe213) x4  0xfc4540de
core   0: 0x8000745c (0x00004f79) c.li    t5, 30
core   0: 3 0x8000745c (0x4f79) x30 0x0000001e
core   0: 0x8000745e (0x026314b3) mulh    s1, t1, t1
core   0: 3 0x8000745e (0x026314b3) x9  0x00000000
core   0: 0x80007462 (0x41df0eb3) sub     t4, t5, t4
core   0: 3 0x80007462 (0x41df0eb3) x29 0x00000010
core   0: 0x80007466 (0x026c5d33) divu    s10, s8, t1
core   0: 3 0x80007466 (0x026c5d33) x26 0x0aadf333
core   0: 0x8000746a (0x0000ea11) c.bnez  a2, pc + 20
core   0: 3 0x8000746a (0xea11)
core   0: 0x8000746c (0x02c6f063) bgeu    a3, a2, pc + 32
core   0: 3 0x8000746c (0x02c6f063)
core   0: 0x8000748c (0x00000001) c.nop
core   0: 3 0x8000748c (0x0001)
core   0: 0x8000748e (0x00009d62) c.add   s10, s8
core   0: 3 0x8000748e (0x9d62) x26 0xe044f333
core   0: 0x80007490 (0x00b43333) sltu    t1, s0, a1
core   0: 3 0x80007490 (0x00b43333) x6  0x00000000
core   0: 0x80007494 (0x000048cd) c.li    a7, 19
core   0: 3 0x80007494 (0x48cd) x17 0x00000013
core   0: 0x80007496 (0x1fbc2f13) slti    t5, s8, 507
core   0: 3 0x80007496 (0x1fbc2f13) x30 0x00000001
core   0: 0x8000749a (0x00008d19) c.sub   a0, a4
core   0: 3 0x8000749a (0x8d19) x10 0x80025ef6
core   0: 0x8000749c (0x00008275) c.srli  a2, 29
core   0: 3 0x8000749c (0x8275) x12 0x00000000
core   0: 0x8000749e (0x01c7d413) srli    s0, a5, 28
core   0: 3 0x8000749e (0x01c7d413) x8  0x00000008
core   0: 0x800074a2 (0x000044e5) c.li    s1, 25
core   0: 3 0x800074a2 (0x44e5) x9  0x00000019
core   0: 0x800074a4 (0x02ee1db3) mulh    s11, t3, a4
core   0: 3 0x800074a4 (0x02ee1db3) x27 0x00000fff
core   0: 0x800074a8 (0x01775913) srli    s2, a4, 23
core   0: 3 0x800074a8 (0x01775913) x18 0x000000ff
core   0: 0x800074ac (0x0389d233) divu    tp, s3, s8
core   0: 3 0x800074ac (0x0389d233) x4  0x00000000
core   0: 0x800074b0 (0x00000001) c.nop
core   0: 3 0x800074b0 (0x0001)
core   0: 0x800074b2 (0x9aa3bb13) sltiu   s6, t2, -1622
core   0: 3 0x800074b2 (0x9aa3bb13) x22 0x00000001
core   0: 0x800074b6 (0x0225f333) remu    t1, a1, sp
core   0: 3 0x800074b6 (0x0225f333) x6  0x00000000
core   0: 0x800074ba (0x000008f6) c.slli  a7, 29
core   0: 3 0x800074ba (0x08f6) x17 0x60000000
core   0: 0x800074bc (0x00000001) c.nop
core   0: 3 0x800074bc (0x0001)
core   0: 0x800074be (0x40780e33) sub     t3, a6, t2
core   0: 3 0x800074be (0x40780e33) x28 0x7ffd9ec0
core   0: 0x800074c2 (0x0304b933) mulhu   s2, s1, a6
core   0: 3 0x800074c2 (0x0304b933) x18 0x00000018
core   0: 0x800074c6 (0x0000ec19) c.bnez  s0, pc + 30
core   0: 3 0x800074c6 (0xec19)
core   0: 0x800074e4 (0x408a5b33) sra     s6, s4, s0
core   0: 3 0x800074e4 (0x408a5b33) x22 0x00000120
core   0: 0x800074e8 (0x001c5733) srl     a4, s8, ra
core   0: 3 0x800074e8 (0x001c5733) x14 0x00000001
core   0: 0x800074ec (0x00661413) slli    s0, a2, 6
core   0: 3 0x800074ec (0x00661413) x8  0x00000000
core   0: 0x800074f0 (0x00000b79) c.addi  s6, 30
core   0: 3 0x800074f0 (0x0b79) x22 0x0000013e
core   0: 0x800074f2 (0x00008d55) c.or    a0, a3
core   0: 3 0x800074f2 (0x8d55) x10 0x80025ef7
core   0: 0x800074f4 (0x0025b833) sltu    a6, a1, sp
core   0: 3 0x800074f4 (0x0025b833) x16 0x00000001
core   0: 0x800074f8 (0x0278bd33) mulhu   s10, a7, t2
core   0: 3 0x800074f8 (0x0278bd33) x26 0x3000e365
core   0: 0x800074fc (0x0257fe33) remu    t3, a5, t0
core   0: 3 0x800074fc (0x0257fe33) x28 0x80000000
core   0: 0x80007500 (0xe60d7193) andi    gp, s10, -416
core   0: 3 0x80007500 (0xe60d7193) x3  0x3000e260
core   0: 0x80007504 (0x00951233) sll     tp, a0, s1
core   0: 3 0x80007504 (0x00951233) x4  0xee000000
core   0: 0x80007508 (0x0146e9b3) or      s3, a3, s4
core   0: 3 0x80007508 (0x0146e9b3) x19 0x00012001
core   0: 0x8000750c (0x000084fd) c.srai  s1, 31
core   0: 3 0x8000750c (0x84fd) x9  0x00000000
core   0: 0x8000750e (0x2fdb4313) xori    t1, s6, 765
core   0: 3 0x8000750e (0x2fdb4313) x6  0x000003c3
core   0: 0x80007512 (0xcdb50993) addi    s3, a0, -805
core   0: 3 0x80007512 (0xcdb50993) x19 0x80025bd2
core   0: 0x80007516 (0x41a85413) srai    s0, a6, 26
core   0: 3 0x80007516 (0x41a85413) x8  0x00000000
core   0: 0x8000751a (0x00008ee9) c.and   a3, a0
core   0: 3 0x8000751a (0x8ee9) x13 0x00000001
core   0: 0x8000751c (0x2016ff93) andi    t6, a3, 513
core   0: 3 0x8000751c (0x2016ff93) x31 0x00000001
core   0: 0x80007520 (0x00400d63) beq     zero, tp, pc + 26
core   0: 3 0x80007520 (0x00400d63)
core   0: 0x80007524 (0x00005afd) c.li    s5, -1
core   0: 3 0x80007524 (0x5afd) x21 0xffffffff
core   0: 0x80007526 (0x0000854e) c.mv    a0, s3
core   0: 3 0x80007526 (0x854e) x10 0x80025bd2
core   0: 0x80007528 (0x01ffadb3) slt     s11, t6, t6
core   0: 3 0x80007528 (0x01ffadb3) x27 0x00000000
core   0: 0x8000752c (0x00008acd) c.andi  a3, 19
core   0: 3 0x8000752c (0x8acd) x13 0x00000001
core   0: 0x8000752e (0x013b2433) slt     s0, s6, s3
core   0: 3 0x8000752e (0x013b2433) x8  0x00000000
core   0: 0x80007532 (0x00008491) c.srai  s1, 4
core   0: 3 0x80007532 (0x8491) x9  0x00000000
core   0: 0x80007534 (0x02240c33) mul     s8, s0, sp
core   0: 3 0x80007534 (0x02240c33) x24 0x00000000
core   0: 0x80007538 (0x0000e0a1) c.bnez  s1, pc + 64
core   0: 3 0x80007538 (0xe0a1)
core   0: 0x8000753a (0x00b3f1b3) and     gp, t2, a1
core   0: 3 0x8000753a (0x00b3f1b3) x3  0x00000000
core   0: 0x8000753e (0x50a1b893) sltiu   a7, gp, 1290
core   0: 3 0x8000753e (0x50a1b893) x17 0x00000001
core   0: 0x80007542 (0x0098c333) xor     t1, a7, s1
core   0: 3 0x80007542 (0x0098c333) x6  0x00000001
core   0: 0x80007546 (0x40748633) sub     a2, s1, t2
core   0: 3 0x80007546 (0x40748633) x12 0x7ffda19c
core   0: 0x8000754a (0x0212efb3) rem     t6, t0, ra
core   0: 3 0x8000754a (0x0212efb3) x31 0x00000000
core   0: 0x8000754e (0x0000ca1d) c.beqz  a2, pc + 54
core   0: 3 0x8000754e (0xca1d)
core   0: 0x80007550 (0x01e7c563) blt     a5, t5, pc + 10
core   0: 3 0x80007550 (0x01e7c563)
core   0: 0x8000755a (0x000081c5) c.srli  a1, 17
core   0: 3 0x8000755a (0x81c5) x11 0x00000000
core   0: 0x8000755c (0x00008936) c.mv    s2, a3
core   0: 3 0x8000755c (0x8936) x18 0x00000001
core   0: 0x8000755e (0x0189e733) or      a4, s3, s8
core   0: 3 0x8000755e (0x0189e733) x14 0x80025bd2
core   0: 0x80007562 (0x9789d217) auipc   tp, 0x9789d
core   0: 3 0x80007562 (0x9789d217) x4  0x178a4562
core   0: 0x80007566 (0x00008739) c.srai  a4, 14
core   0: 3 0x80007566 (0x8739) x14 0xfffe0009
core   0: 0x80007568 (0x415a5713) srai    a4, s4, 21
core   0: 3 0x80007568 (0x415a5713) x14 0x00000000
core   0: 0x8000756c (0x43f26313) ori     t1, tp, 1087
core   0: 3 0x8000756c (0x43f26313) x6  0x178a457f
core   0: 0x80007570 (0x012d2633) slt     a2, s10, s2
core   0: 3 0x80007570 (0x012d2633) x12 0x00000000
core   0: 0x80007574 (0x018e5a33) srl     s4, t3, s8
core   0: 3 0x80007574 (0x018e5a33) x20 0x80000000
core   0: 0x80007578 (0x018c96b3) sll     a3, s9, s8
core   0: 3 0x80007578 (0x018c96b3) x13 0xfffff80b
core   0: 0x8000757c (0x402e0033) sub     zero, t3, sp
core   0: 3 0x8000757c (0x402e0033)
core   0: 0x80007580 (0x02dad6b3) divu    a3, s5, a3
core   0: 3 0x80007580 (0x02dad6b3) x13 0x00000001
core   0: 0x80007584 (0x00301233) sll     tp, zero, gp
core   0: 3 0x80007584 (0x00301233) x4  0x00000000
core   0: 0x80007588 (0x01cd8263) beq     s11, t3, pc + 4
core   0: 3 0x80007588 (0x01cd8263)
core   0: 0x8000758c (0x000084d9) c.srai  s1, 22
core   0: 3 0x8000758c (0x84d9) x9  0x00000000
core   0: 0x8000758e (0x00aadb13) srli    s6, s5, 10
core   0: 3 0x8000758e (0x00aadb13) x22 0x003fffff
core   0: 0x80007592 (0x00008cfd) c.and   s1, a5
core   0: 3 0x80007592 (0x8cfd) x9  0x00000000
core   0: 0x80007594 (0x01251f13) slli    t5, a0, 18
core   0: 3 0x80007594 (0x01251f13) x30 0x6f480000
core   0: 0x80007598 (0x00009afd) c.andi  a3, -1
core   0: 3 0x80007598 (0x9afd) x13 0x00000001
core   0: 0x8000759a (0x0182e6b3) or      a3, t0, s8
core   0: 3 0x8000759a (0x0182e6b3) x13 0xfffffa58
core   0: 0x8000759e (0xe8636617) auipc   a2, 0xe8636
core   0: 3 0x8000759e (0xe8636617) x12 0x6863d59e
core   0: 0x800075a2 (0x4198de33) sra     t3, a7, s9
core   0: 3 0x800075a2 (0x4198de33) x28 0x00000000
core   0: 0x800075a6 (0x00f21233) sll     tp, tp, a5
core   0: 3 0x800075a6 (0x00f21233) x4  0x00000000
core   0: 0x800075aa (0x01a7dd93) srli    s11, a5, 26
core   0: 3 0x800075aa (0x01a7dd93) x27 0x00000020
core   0: 0x800075ae (0x009afeb3) and     t4, s5, s1
core   0: 3 0x800075ae (0x009afeb3) x29 0x00000000
core   0: 0x800075b2 (0x00000001) c.nop
core   0: 3 0x800075b2 (0x0001)
core   0: 0x800075b4 (0x03b1d733) divu    a4, gp, s11
core   0: 3 0x800075b4 (0x03b1d733) x14 0x00000000
core   0: 0x800075b8 (0x7636cf93) xori    t6, a3, 1891
core   0: 3 0x800075b8 (0x7636cf93) x31 0xfffffd3b
core   0: 0x800075bc (0x027f6463) bltu    t5, t2, pc + 40
core   0: 3 0x800075bc (0x027f6463)
core   0: 0x800075e4 (0xebb84493) xori    s1, a6, -325
core   0: 3 0x800075e4 (0xebb84493) x9  0xfffffeba
core   0: 0x800075e8 (0x0379fab3) remu    s5, s3, s7
core   0: 3 0x800075e8 (0x0379fab3) x21 0x80025bd2
core   0: 0x800075ec (0x251dfa93) andi    s5, s11, 593
core   0: 3 0x800075ec (0x251dfa93) x21 0x00000000
core   0: 0x800075f0 (0x014b1813) slli    a6, s6, 20
core   0: 3 0x800075f0 (0x014b1813) x16 0xfff00000
core   0: 0x800075f4 (0x038cb933) mulhu   s2, s9, s8
core   0: 3 0x800075f4 (0x038cb933) x18 0x00000000
core   0: 0x800075f8 (0x3aef4013) xori    zero, t5, 942
core   0: 3 0x800075f8 (0x3aef4013)
core   0: 0x800075fc (0x00529eb3) sll     t4, t0, t0
core   0: 3 0x800075fc (0x00529eb3) x29 0x58000000
core   0: 0x80007600 (0x0000567d) c.li    a2, -1
core   0: 3 0x80007600 (0x567d) x12 0xffffffff
core   0: 0x80007602 (0x035b64b3) rem     s1, s6, s5
core   0: 3 0x80007602 (0x035b64b3) x9  0x003fffff
core   0: 0x80007606 (0x00b71693) slli    a3, a4, 11
core   0: 3 0x80007606 (0x00b71693) x13 0x00000000
core   0: 0x8000760a (0x01c04263) blt     zero, t3, pc + 4
core   0: 3 0x8000760a (0x01c04263)
core   0: 0x8000760e (0x00e5efb3) or      t6, a1, a4
core   0: 3 0x8000760e (0x00e5efb3) x31 0x00000000
core   0: 0x80007612 (0x00004185) c.li    gp, 1
core   0: 3 0x80007612 (0x4185) x3  0x00000001
core   0: 0x80007614 (0x00000001) c.nop
core   0: 3 0x80007614 (0x0001)
core   0: 0x80007616 (0x01761333) sll     t1, a2, s7
core   0: 3 0x80007616 (0x01761333) x6  0x80000000
core   0: 0x8000761a (0x00000be5) c.addi  s7, 25
core   0: 3 0x8000761a (0x0be5) x23 0x00000018
core   0: 0x8000761c (0x00000001) c.nop
core   0: 3 0x8000761c (0x0001)
core   0: 0x8000761e (0x00008e81) c.sub   a3, s0
core   0: 3 0x8000761e (0x8e81) x13 0x00000000
core   0: 0x80007620 (0x00000b3a) c.slli  s6, 14
core   0: 3 0x80007620 (0x0b3a) x22 0xffffc000
core   0: 0x80007622 (0x00008db5) c.xor   a1, a3
core   0: 3 0x80007622 (0x8db5) x11 0x00000000
core   0: 0x80007624 (0x0379ee33) rem     t3, s3, s7
core   0: 3 0x80007624 (0x0379ee33) x28 0xfffffff2
core   0: 0x80007628 (0x90602293) slti    t0, zero, -1786
core   0: 3 0x80007628 (0x90602293) x5  0x00000000
core   0: 0x8000762c (0x00008eed) c.and   a3, a1
core   0: 3 0x8000762c (0x8eed) x13 0x00000000
core   0: 0x8000762e (0xf1d214b7) lui     s1, 0xf1d21
core   0: 3 0x8000762e (0xf1d214b7) x9  0xf1d21000
core   0: 0x80007632 (0x02acc1b3) div     gp, s9, a0
core   0: 3 0x80007632 (0x02acc1b3) x3  0x00000000
core   0: 0x80007636 (0x036cff33) remu    t5, s9, s6
core   0: 3 0x80007636 (0x036cff33) x30 0x0000380b
core   0: 0x8000763a (0x02f3cf63) blt     t2, a5, pc + 62
core   0: 3 0x8000763a (0x02f3cf63)
core   0: 0x8000763e (0x00dcd193) srli    gp, s9, 13
core   0: 3 0x8000763e (0x00dcd193) x3  0x0007ffff
core   0: 0x80007642 (0x00bb8f33) add     t5, s7, a1
core   0: 3 0x80007642 (0x00bb8f33) x30 0x00000018
core   0: 0x80007646 (0x02f1e333) rem     t1, gp, a5
core   0: 3 0x80007646 (0x02f1e333) x6  0x0007ffff
core   0: 0x8000764a (0x026f7163) bgeu    t5, t1, pc + 34
core   0: 3 0x8000764a (0x026f7163)
core   0: 0x8000764e (0x008c4b33) xor     s6, s8, s0
core   0: 3 0x8000764e (0x008c4b33) x22 0x00000000
core   0: 0x80007652 (0x40c25593) srai    a1, tp, 12
core   0: 3 0x80007652 (0x40c25593) x11 0x00000000
core   0: 0x80007656 (0x40e488b3) sub     a7, s1, a4
core   0: 3 0x80007656 (0x40e488b3) x17 0xf1d21000
core   0: 0x8000765a (0x02b92ab3) mulhsu  s5, s2, a1
core   0: 3 0x8000765a (0x02b92ab3) x21 0x00000000
core   0: 0x8000765e (0xbc663b13) sltiu   s6, a2, -1082
core   0: 3 0x8000765e (0xbc663b13) x22 0x00000000
core   0: 0x80007662 (0x03628733) mul     a4, t0, s6
core   0: 3 0x80007662 (0x03628733) x14 0x00000000
core   0: 0x80007666 (0x002e8363) beq     t4, sp, pc + 6
core   0: 3 0x80007666 (0x002e8363)
core   0: 0x8000766a (0x00001efd) c.addi  t4, -1
core   0: 3 0x8000766a (0x1efd) x29 0x57ffffff
core   0: 0x8000766c (0x4110d193) srai    gp, ra, 17
core   0: 3 0x8000766c (0x4110d193) x3  0xffffffff
core   0: 0x80007670 (0x00000cce) c.slli  s9, 19
core   0: 3 0x80007670 (0x0cce) x25 0xc0580000
core   0: 0x80007672 (0x00008c89) c.sub   s1, a0
core   0: 3 0x80007672 (0x8c89) x9  0x71cfb42e
core   0: 0x80007674 (0x02ed5433) divu    s0, s10, a4
core   0: 3 0x80007674 (0x02ed5433) x8  0xffffffff
core   0: 0x80007678 (0x00000001) c.nop
core   0: 3 0x80007678 (0x0001)
core   0: 0x8000767a (0x0000c11d) c.beqz  a0, pc + 38
core   0: 3 0x8000767a (0xc11d)
core   0: 0x8000767c (0x455ea013) slti    zero, t4, 1109
core   0: 3 0x8000767c (0x455ea013)
core   0: 0x80007680 (0x00008906) c.mv    s2, ra
core   0: 3 0x80007680 (0x8906) x18 0xffffffff
core   0: 0x80007682 (0x00000001) c.nop
core   0: 3 0x80007682 (0x0001)
core   0: 0x80007684 (0x03cf2733) mulhsu  a4, t5, t3
core   0: 3 0x80007684 (0x03cf2733) x14 0x00000017
core   0: 0x80007688 (0x0000ed05) c.bnez  a0, pc + 56
core   0: 3 0x80007688 (0xed05)
core   0: 0x800076c0 (0x00008cce) c.mv    s9, s3
core   0: 3 0x800076c0 (0x8cce) x25 0x80025bd2
core   0: 0x800076c2 (0x00008ca5) c.xor   s1, s1
core   0: 3 0x800076c2 (0x8ca5) x9  0x00000000
core   0: 0x800076c4 (0x0000577d) c.li    a4, -1
core   0: 3 0x800076c4 (0x577d) x14 0xffffffff
core   0: 0x800076c6 (0xfb6a4713) xori    a4, s4, -74
core   0: 3 0x800076c6 (0xfb6a4713) x14 0x7fffffb6
core   0: 0x800076ca (0x00009eda) c.add   t4, s6
core   0: 3 0x800076ca (0x9eda) x29 0x57ffffff
core   0: 0x800076cc (0xd5babeb7) lui     t4, 0xd5bab
core   0: 3 0x800076cc (0xd5babeb7) x29 0xd5bab000
core   0: 0x800076d0 (0x01e94933) xor     s2, s2, t5
core   0: 3 0x800076d0 (0x01e94933) x18 0xffffffe7
core   0: 0x800076d4 (0x00009946) c.add   s2, a7
core   0: 3 0x800076d4 (0x9946) x18 0xf1d20fe7
core   0: 0x800076d6 (0x007b2ab3) slt     s5, s6, t2
core   0: 3 0x800076d6 (0x007b2ab3) x21 0x00000000
core   0: 0x800076da (0x00000001) c.nop
core   0: 3 0x800076da (0x0001)
core   0: 0x800076dc (0x01978263) beq     a5, s9, pc + 4
core   0: 3 0x800076dc (0x01978263)
core   0: 0x800076e0 (0x00588833) add     a6, a7, t0
core   0: 3 0x800076e0 (0x00588833) x16 0xf1d21000
core   0: 0x800076e4 (0x41485e33) sra     t3, a6, s4
core   0: 3 0x800076e4 (0x41485e33) x28 0xf1d21000
core   0: 0x800076e8 (0x0000c589) c.beqz  a1, pc + 10
core   0: 3 0x800076e8 (0xc589)
core   0: 0x800076f2 (0x0000cd8d) c.beqz  a1, pc + 58
core   0: 3 0x800076f2 (0xcd8d)
core   0: 0x8000772c (0x02908263) beq     ra, s1, pc + 36
core   0: 3 0x8000772c (0x02908263)
core   0: 0x80007730 (0x0000c31d) c.beqz  a4, pc + 38
core   0: 3 0x80007730 (0xc31d)
core   0: 0x80007732 (0x41eddf93) srai    t6, s11, 30
core   0: 3 0x80007732 (0x41eddf93) x31 0x00000000
core   0: 0x80007736 (0x0027d333) srl     t1, a5, sp
core   0: 3 0x80007736 (0x0027d333) x6  0x08000000
core   0: 0x8000773a (0x00006afd) c.lui   s5, 0x1f
core   0: 3 0x8000773a (0x6afd) x21 0x0001f000
core   0: 0x8000773c (0xd8523013) sltiu   zero, tp, -635
core   0: 3 0x8000773c (0xd8523013)
core   0: 0x80007740 (0x77adfa93) andi    s5, s11, 1914
core   0: 3 0x80007740 (0x77adfa93) x21 0x00000020
core   0: 0x80007744 (0x0259e533) rem     a0, s3, t0
core   0: 3 0x80007744 (0x0259e533) x10 0x80025bd2
core   0: 0x80007748 (0x001a61b3) or      gp, s4, ra
core   0: 3 0x80007748 (0x001a61b3) x3  0xffffffff
core   0: 0x8000774c (0x00000001) c.nop
core   0: 3 0x8000774c (0x0001)
core   0: 0x8000774e (0x00008075) c.srli  s0, 29
core   0: 3 0x8000774e (0x8075) x8  0x00000007
core   0: 0x80007750 (0x000050fd) c.li    ra, -1
core   0: 3 0x80007750 (0x50fd) x1  0xffffffff
core   0: 0x80007752 (0x02b17933) remu    s2, sp, a1
core   0: 3 0x80007752 (0x02b17933) x18 0x80029d24
core   0: 0x80007756 (0x024dd433) divu    s0, s11, tp
core   0: 3 0x80007756 (0x024dd433) x8  0xffffffff
core   0: 0x8000775a (0x03b379b3) remu    s3, t1, s11
core   0: 3 0x8000775a (0x03b379b3) x19 0x00000000
core   0: 0x8000775e (0x106f4093) xori    ra, t5, 262
core   0: 3 0x8000775e (0x106f4093) x1  0x0000011e
core   0: 0x80007762 (0x01749563) bne     s1, s7, pc + 10
core   0: 3 0x80007762 (0x01749563)
core   0: 0x8000776c (0x00000001) c.nop
core   0: 3 0x8000776c (0x0001)
core   0: 0x8000776e (0x00000001) c.nop
core   0: 3 0x8000776e (0x0001)
core   0: 0x80007770 (0x32474f93) xori    t6, a4, 804
core   0: 3 0x80007770 (0x32474f93) x31 0x7ffffc92
core   0: 0x80007774 (0x0595f263) bgeu    a1, s9, pc + 68
core   0: 3 0x80007774 (0x0595f263)
core   0: 0x80007778 (0x019c4233) xor     tp, s8, s9
core   0: 3 0x80007778 (0x019c4233) x4  0x80025bd2
core   0: 0x8000777c (0x41205c93) srai    s9, zero, 18
core   0: 3 0x8000777c (0x41205c93) x25 0x00000000
core   0: 0x80007780 (0x00d8aab3) slt     s5, a7, a3
core   0: 3 0x80007780 (0x00d8aab3) x21 0x00000001
core   0: 0x80007784 (0x0169cf63) blt     s3, s6, pc + 30
core   0: 3 0x80007784 (0x0169cf63)
core   0: 0x80007788 (0x02761b63) bne     a2, t2, pc + 54
core   0: 3 0x80007788 (0x02761b63)
core   0: 0x800077be (0x00008159) c.srli  a0, 22
core   0: 3 0x800077be (0x8159) x10 0x00000200
core   0: 0x800077c0 (0x00009197) auipc   gp, 0x9
core   0: 3 0x800077c0 (0x00009197) x3  0x800107c0
core   0: 0x800077c4 (0x36a18193) addi    gp, gp, 874
core   0: 3 0x800077c4 (0x36a18193) x3  0x80010b2a
core   0: 0x800077c8 (0xfd7183a3) sb      s7, -57(gp)
core   0: 3 0x800077c8 (0xfd7183a3) mem 0x80010af1 0x18
core   0: 0x800077cc (0x00005d7d) c.li    s10, -1
core   0: 3 0x800077cc (0x5d7d) x26 0xffffffff
core   0: 0x800077ce (0xfc918703) lb      a4, -55(gp)
core   0: 3 0x800077ce (0xfc918703) x14 0xffffff94 mem 0x80010af3
core   0: 0x800077d2 (0xe8affb93) andi    s7, t6, -374
core   0: 3 0x800077d2 (0xe8affb93) x23 0x7ffffc82
core   0: 0x800077d6 (0xfdd18323) sb      t4, -58(gp)
core   0: 3 0x800077d6 (0xfdd18323) mem 0x80010af0 0x00
core   0: 0x800077da (0xff91c703) lbu     a4, -7(gp)
core   0: 3 0x800077da (0xff91c703) x14 0x0000003f mem 0x80010b23
core   0: 0x800077de (0x03f2b733) mulhu   a4, t0, t6
core   0: 3 0x800077de (0x03f2b733) x14 0x00000000
core   0: 0x800077e2 (0x00008355) c.srli  a4, 21
core   0: 3 0x800077e2 (0x8355) x14 0x00000000
core   0: 0x800077e4 (0x00008f79) c.and   a4, a4
core   0: 3 0x800077e4 (0x8f79) x14 0x00000000
core   0: 0x800077e6 (0xffa19c23) sh      s10, -8(gp)
core   0: 3 0x800077e6 (0xffa19c23) mem 0x80010b22 0xffff
core   0: 0x800077ea (0xfdd18d03) lb      s10, -35(gp)
core   0: 3 0x800077ea (0xfdd18d03) x26 0xffffffbc mem 0x80010b07
core   0: 0x800077ee (0x2fdd3713) sltiu   a4, s10, 765
core   0: 3 0x800077ee (0x2fdd3713) x14 0x00000000
core   0: 0x800077f2 (0x40ebd293) srai    t0, s7, 14
core   0: 3 0x800077f2 (0x40ebd293) x5  0x0001ffff
core   0: 0x800077f6 (0x00009b7d) c.andi  a4, -1
core   0: 3 0x800077f6 (0x9b7d) x14 0x00000000
core   0: 0x800077f8 (0x0171af23) sw      s7, 30(gp)
core   0: 3 0x800077f8 (0x0171af23) mem 0x80010b48 0x7ffffc82
core   0: 0x800077fc (0xffa180a3) sb      s10, -31(gp)
core   0: 3 0x800077fc (0xffa180a3) mem 0x80010b0b 0xbc
core   0: 0x80007800 (0x00008f19) c.sub   a4, a4
core   0: 3 0x80007800 (0x8f19) x14 0x00000000
core   0: 0x80007802 (0xfd01d283) lhu     t0, -48(gp)
core   0: 3 0x80007802 (0xfd01d283) x5  0x0000bfdf mem 0x80010afa
core   0: 0x80007806 (0xfdd18e83) lb      t4, -35(gp)
core   0: 3 0x80007806 (0xfdd18e83) x29 0xffffffbc mem 0x80010b07
core   0: 0x8000780a (0xfe11cd03) lbu     s10, -31(gp)
core   0: 3 0x8000780a (0xfe11cd03) x26 0x000000bc mem 0x80010b0b
core   0: 0x8000780e (0x00004e9d) c.li    t4, 7
core   0: 3 0x8000780e (0x4e9d) x29 0x00000007
core   0: 0x80007810 (0xfce1cb83) lbu     s7, -50(gp)
core   0: 3 0x80007810 (0xfce1cb83) x23 0x000000e3 mem 0x80010af8
core   0: 0x80007814 (0x0252bfb3) mulhu   t6, t0, t0
core   0: 3 0x80007814 (0x0252bfb3) x31 0x00000000
core   0: 0x80007818 (0x00006d21) c.lui   s10, 0x8
core   0: 3 0x80007818 (0x6d21) x26 0x00008000
core   0: 0x8000781a (0x27c782b7) lui     t0, 0x27c78
core   0: 3 0x8000781a (0x27c782b7) x5  0x27c78000
core   0: 0x8000781e (0x017e9b93) slli    s7, t4, 23
core   0: 3 0x8000781e (0x017e9b93) x23 0x03800000
core   0: 0x80007822 (0x00008b7d) c.andi  a4, 31
core   0: 3 0x80007822 (0x8b7d) x14 0x00000000
core   0: 0x80007824 (0x00577bb3) and     s7, a4, t0
core   0: 3 0x80007824 (0x00577bb3) x23 0x00000000
core   0: 0x80007828 (0x03a71d33) mulh    s10, a4, s10
core   0: 3 0x80007828 (0x03a71d33) x26 0x00000000
core   0: 0x8000782c (0x41f75733) sra     a4, a4, t6
core   0: 3 0x8000782c (0x41f75733) x14 0x00000000
core   0: 0x80007830 (0xfda183a3) sb      s10, -57(gp)
core   0: 3 0x80007830 (0xfda183a3) mem 0x80010af1 0x00
core   0: 0x80007834 (0x00e19823) sh      a4, 16(gp)
core   0: 3 0x80007834 (0x00e19823) mem 0x80010b3a 0x0000
core   0: 0x80007838 (0x0341cd03) lbu     s10, 52(gp)
core   0: 3 0x80007838 (0x0341cd03) x26 0x000000f6 mem 0x80010b5e
core   0: 0x8000783c (0x037b9733) mulh    a4, s7, s7
core   0: 3 0x8000783c (0x037b9733) x14 0x00000000
core   0: 0x80007840 (0xfdd1ce83) lbu     t4, -35(gp)
core   0: 3 0x80007840 (0xfdd1ce83) x29 0x000000bc mem 0x80010b07
core   0: 0x80007844 (0x01a18e83) lb      t4, 26(gp)
core   0: 3 0x80007844 (0x01a18e83) x29 0xffffffaf mem 0x80010b44
core   0: 0x80007848 (0x03f188a3) sb      t6, 49(gp)
core   0: 3 0x80007848 (0x03f188a3) mem 0x80010b5b 0x00
core   0: 0x8000784c (0xffb18b83) lb      s7, -5(gp)
core   0: 3 0x8000784c (0xffb18b83) x23 0xffffffe9 mem 0x80010b25
core   0: 0x80007850 (0x00f78033) add     zero, a5, a5
core   0: 3 0x80007850 (0x00f78033)
core   0: 0x80007854 (0x00005ffd) c.li    t6, -1
core   0: 3 0x80007854 (0x5ffd) x31 0xffffffff
core   0: 0x80007856 (0x0319a8b3) mulhsu  a7, s3, a7
core   0: 3 0x80007856 (0x0319a8b3) x17 0x00000000
core   0: 0x8000785a (0x00000001) c.nop
core   0: 3 0x8000785a (0x0001)
core   0: 0x8000785c (0x0000e1c1) c.bnez  a1, pc + 128
core   0: 3 0x8000785c (0xe1c1)
core   0: 0x8000785e (0x00008ec1) c.or    a3, s0
core   0: 3 0x8000785e (0x8ec1) x13 0xffffffff
core   0: 0x80007860 (0x5d45a313) slti    t1, a1, 1492
core   0: 3 0x80007860 (0x5d45a313) x6  0x00000001
core   0: 0x80007864 (0x40a55693) srai    a3, a0, 10
core   0: 3 0x80007864 (0x40a55693) x13 0x00000000
core   0: 0x80007868 (0x010b8433) add     s0, s7, a6
core   0: 3 0x80007868 (0x010b8433) x8  0xf1d20fe9
core   0: 0x8000786c (0x0000c591) c.beqz  a1, pc + 12
core   0: 3 0x8000786c (0xc591)
core   0: 0x80007878 (0x0228e733) rem     a4, a7, sp
core   0: 3 0x80007878 (0x0228e733) x14 0x00000000
core   0: 0x8000787c (0x09948163) beq     s1, s9, pc + 130
core   0: 3 0x8000787c (0x09948163)
core   0: 0x800078fe (0x00679913) slli    s2, a5, 6
core   0: 3 0x800078fe (0x00679913) x18 0x00000000
core   0: 0x80007902 (0x0000c10d) c.beqz  a0, pc + 34
core   0: 3 0x80007902 (0xc10d)
core   0: 0x80007904 (0x030405b3) mul     a1, s0, a6
core   0: 3 0x80007904 (0x030405b3) x11 0x87209000
core   0: 0x80007908 (0x02b201b3) mul     gp, tp, a1
core   0: 3 0x80007908 (0x02b201b3) x3  0x8be62000
core   0: 0x8000790c (0x005ecf33) xor     t5, t4, t0
core   0: 3 0x8000790c (0x005ecf33) x30 0xd8387faf
core   0: 0x80007910 (0x000095b6) c.add   a1, a3
core   0: 3 0x80007910 (0x95b6) x11 0x87209000
core   0: 0x80007912 (0x01a81b63) bne     a6, s10, pc + 22
core   0: 3 0x80007912 (0x01a81b63)
core   0: 0x80007928 (0x03e42db3) mulhsu  s11, s0, t5
core   0: 3 0x80007928 (0x03e42db3) x27 0xf4061c4d
core   0: 0x8000792c (0x00e25833) srl     a6, tp, a4
core   0: 3 0x8000792c (0x00e25833) x16 0x80025bd2
core   0: 0x80007930 (0x029a1263) bne     s4, s1, pc + 36
core   0: 3 0x80007930 (0x029a1263)
core   0: 0x80007954 (0x96f86b93) ori     s7, a6, -1681
core   0: 3 0x80007954 (0x96f86b93) x23 0xfffffbff
core   0: 0x80007958 (0x00006891) c.lui   a7, 0x4
core   0: 3 0x80007958 (0x6891) x17 0x00004000
core   0: 0x8000795a (0x00d410b3) sll     ra, s0, a3
core   0: 3 0x8000795a (0x00d410b3) x1  0xf1d20fe9
core   0: 0x8000795e (0x000085b2) c.mv    a1, a2
core   0: 3 0x8000795e (0x85b2) x11 0xffffffff
core   0: 0x80007960 (0x00d9fe63) bgeu    s3, a3, pc + 28
core   0: 3 0x80007960 (0x00d9fe63)
core   0: 0x8000797c (0x00009772) c.add   a4, t3
core   0: 3 0x8000797c (0x9772) x14 0xf1d21000
core   0: 0x8000797e (0x016a3733) sltu    a4, s4, s6
core   0: 3 0x8000797e (0x016a3733) x14 0x00000000
core   0: 0x80007982 (0x000084e5) c.srai  s1, 25
core   0: 3 0x80007982 (0x84e5) x9  0x00000000
core   0: 0x80007984 (0x01ab36b3) sltu    a3, s6, s10
core   0: 3 0x80007984 (0x01ab36b3) x13 0x00000001
core   0: 0x80007988 (0x000048ed) c.li    a7, 27
core   0: 3 0x80007988 (0x48ed) x17 0x0000001b
core   0: 0x8000798a (0x7bea7413) andi    s0, s4, 1982
core   0: 3 0x8000798a (0x7bea7413) x8  0x00000000
core   0: 0x8000798e (0x03b50b63) beq     a0, s11, pc + 54
core   0: 3 0x8000798e (0x03b50b63)
core   0: 0x80007992 (0x01e35b13) srli    s6, t1, 30
core   0: 3 0x80007992 (0x01e35b13) x22 0x00000000
core   0: 0x80007996 (0x022b5333) divu    t1, s6, sp
core   0: 3 0x80007996 (0x022b5333) x6  0x00000000
core   0: 0x8000799a (0x017682b3) add     t0, a3, s7
core   0: 3 0x8000799a (0x017682b3) x5  0xfffffc00
core   0: 0x8000799e (0x00008f59) c.or    a4, a4
core   0: 3 0x8000799e (0x8f59) x14 0x00000000
core   0: 0x800079a0 (0x000012fd) c.addi  t0, -1
core   0: 3 0x800079a0 (0x12fd) x5  0xfffffbff
core   0: 0x800079a2 (0x00008e31) c.xor   a2, a2
core   0: 3 0x800079a2 (0x8e31) x12 0x00000000
core   0: 0x800079a4 (0x00008b6a) c.mv    s6, s10
core   0: 3 0x800079a4 (0x8b6a) x22 0x000000f6
core   0: 0x800079a6 (0xb5994593) xori    a1, s2, -1191
core   0: 3 0x800079a6 (0xb5994593) x11 0xfffffb59
core   0: 0x800079aa (0x02f74863) blt     a4, a5, pc + 48
core   0: 3 0x800079aa (0x02f74863)
core   0: 0x800079ae (0x00008b72) c.mv    s6, t3
core   0: 3 0x800079ae (0x8b72) x22 0xf1d21000
core   0: 0x800079b0 (0x419c5fb3) sra     t6, s8, s9
core   0: 3 0x800079b0 (0x419c5fb3) x31 0x00000000
core   0: 0x800079b4 (0xf20d0e93) addi    t4, s10, -224
core   0: 3 0x800079b4 (0xf20d0e93) x29 0x00000016
core   0: 0x800079b8 (0x25659d37) lui     s10, 0x25659
core   0: 3 0x800079b8 (0x25659d37) x26 0x25659000
core   0: 0x800079bc (0x03b0ba33) mulhu   s4, ra, s11
core   0: 3 0x800079bc (0x03b0ba33) x20 0xe681fcd2
core   0: 0x800079c0 (0xff3fc493) xori    s1, t6, -13
core   0: 3 0x800079c0 (0xff3fc493) x9  0xfffffff3
core   0: 0x800079c4 (0x03867463) bgeu    a2, s8, pc + 40
core   0: 3 0x800079c4 (0x03867463)
core   0: 0x800079ec (0x00c3c0b3) xor     ra, t2, a2
core   0: 3 0x800079ec (0x00c3c0b3) x1  0x80025e64
core   0: 0x800079f0 (0x00008d81) c.sub   a1, s0
core   0: 3 0x800079f0 (0x8d81) x11 0xfffffb59
core   0: 0x800079f2 (0x000005b2) c.slli  a1, 12
core   0: 3 0x800079f2 (0x05b2) x11 0xffb59000
core   0: 0x800079f4 (0x0043a303) lw      t1, 4(t2)
core   0: 3 0x800079f4 (0x0043a303) x6  0x8000a63c mem 0x80025e68
core   0: 0x800079f8 (0x030a99b3) mulh    s3, s5, a6
core   0: 3 0x800079f8 (0x030a99b3) x19 0xffffffff
core   0: 0x800079fc (0x02838393) addi    t2, t2, 40
core   0: 3 0x800079fc (0x02838393) x7  0x80025e8c
core   0: 0x80007a00 (0x01e32fb3) slt     t6, t1, t5
core   0: 3 0x80007a00 (0x01e32fb3) x31 0x00000001
core   0: 0x80007a04 (0x00030d13) mv      s10, t1
core   0: 3 0x80007a04 (0x00030d13) x26 0x8000a63c
core   0: 0x80007a08 (0x00008d02) c.jr    s10
core   0: 3 0x80007a08 (0x8d02)
core   0: 0x8000a63c (0xffffd597) auipc   a1, 0xffffd
core   0: 3 0x8000a63c (0xffffd597) x11 0x8000763c
core   0: 0x8000a640 (0x3ce58593) addi    a1, a1, 974
core   0: 3 0x8000a640 (0x3ce58593) x11 0x80007a0a
core   0: 0x8000a644 (0xfb258593) addi    a1, a1, -78
core   0: 3 0x8000a644 (0xfb258593) x11 0x800079bc
core   0: 0x8000a648 (0x00008e6d) c.and   a2, a1
core   0: 3 0x8000a648 (0x8e6d) x12 0x00000000
core   0: 0x8000a64a (0x024f10b3) mulh    ra, t5, tp
core   0: 3 0x8000a64a (0x024f10b3) x1  0x13e36254
core   0: 0x8000a64e (0x0196c863) blt     a3, s9, pc + 16
core   0: 3 0x8000a64e (0x0196c863)
core   0: 0x8000a652 (0x00000001) c.nop
core   0: 3 0x8000a652 (0x0001)
core   0: 0x8000a654 (0x039889b3) mul     s3, a7, s9
core   0: 3 0x8000a654 (0x039889b3) x19 0x00000000
core   0: 0x8000a658 (0x00006431) c.lui   s0, 0xc
core   0: 3 0x8000a658 (0x6431) x8  0x0000c000
core   0: 0x8000a65a (0x01278fb3) add     t6, a5, s2
core   0: 3 0x8000a65a (0x01278fb3) x31 0x80000000
core   0: 0x8000a65e (0x04e58367) jalr    t1, a1, 78
core   0: 3 0x8000a65e (0x04e58367) x6  0x8000a662
core   0: 0x80007a0a (0x026776b3) remu    a3, a4, t1
core   0: 3 0x80007a0a (0x026776b3) x13 0x00000000
core   0: 0x80007a0e (0x40df8f33) sub     t5, t6, a3
core   0: 3 0x80007a0e (0x40df8f33) x30 0x80000000
core   0: 0x80007a12 (0x00001391) c.addi  t2, -28
core   0: 3 0x80007a12 (0x1391) x7  0x80025e70
core   0: 0x80007a14 (0x00635d93) srli    s11, t1, 6
core   0: 3 0x80007a14 (0x00635d93) x27 0x02000299
core   0: 0x80007a18 (0xccf38913) addi    s2, t2, -817
core   0: 3 0x80007a18 (0xccf38913) x18 0x80025b3f
core   0: 0x80007a1c (0x00006ec5) c.lui   t4, 0x11
core   0: 3 0x80007a1c (0x6ec5) x29 0x00011000
core   0: 0x80007a1e (0x00008da5) c.xor   a1, s1
core   0: 3 0x80007a1e (0x8da5) x11 0x7fff864f
core   0: 0x80007a20 (0x029121b3) mulhsu  gp, sp, s1
core   0: 3 0x80007a20 (0x029121b3) x3  0x80029d2a
core   0: 0x80007a24 (0x014b76b3) and     a3, s6, s4
core   0: 3 0x80007a24 (0x014b76b3) x13 0xe0801000
core   0: 0x80007a28 (0x0063a223) sw      t1, 4(t2)
core   0: 3 0x80007a28 (0x0063a223) mem 0x80025e74 0x8000a662
core   0: 0x80007a2c (0xf9d5c193) xori    gp, a1, -99
core   0: 3 0x80007a2c (0xf9d5c193) x3  0x800079d2
core   0: 0x80007a30 (0x00008cb9) c.xor   s1, a4
core   0: 3 0x80007a30 (0x8cb9) x9  0xfffffff3
core   0: 0x80007a32 (0x03894bb3) div     s7, s2, s8
core   0: 3 0x80007a32 (0x03894bb3) x23 0xffffffff
core   0: 0x80007a36 (0x00000756) c.slli  a4, 21
core   0: 3 0x80007a36 (0x0756) x14 0x00000000
core   0: 0x80007a38 (0x00008f75) c.and   a4, a3
core   0: 3 0x80007a38 (0x8f75) x14 0x00000000
core   0: 0x80007a3a (0x00000001) c.nop
core   0: 3 0x80007a3a (0x0001)
core   0: 0x80007a3c (0x0000187d) c.addi  a6, -1
core   0: 3 0x80007a3c (0x187d) x16 0x80025bd1
core   0: 0x80007a3e (0xd61e3d17) auipc   s10, 0xd61e3
core   0: 3 0x80007a3e (0xd61e3d17) x26 0x561eaa3e
core   0: 0x80007a42 (0x00008e2d) c.xor   a2, a1
core   0: 3 0x80007a42 (0x8e2d) x12 0x7fff864f
core   0: 0x80007a44 (0x0025ceb3) xor     t4, a1, sp
core   0: 3 0x80007a44 (0x0025ceb3) x29 0xfffd1b6b
core   0: 0x80007a48 (0x0000834e) c.mv    t1, s3
core   0: 3 0x80007a48 (0x834e) x6  0x00000000
core   0: 0x80007a4a (0x000055fd) c.li    a1, -1
core   0: 3 0x80007a4a (0x55fd) x11 0xffffffff
core   0: 0x80007a4c (0x02fe0663) beq     t3, a5, pc + 44
core   0: 3 0x80007a4c (0x02fe0663)
core   0: 0x80007a50 (0x02ad7663) bgeu    s10, a0, pc + 44
core   0: 3 0x80007a50 (0x02ad7663)
core   0: 0x80007a7c (0x00000001) c.nop
core   0: 3 0x80007a7c (0x0001)
core   0: 0x80007a7e (0x003f94b3) sll     s1, t6, gp
core   0: 3 0x80007a7e (0x003f94b3) x9  0x00000000
core   0: 0x80007a82 (0x027fb433) mulhu   s0, t6, t2
core   0: 3 0x80007a82 (0x027fb433) x8  0x40012f38
core   0: 0x80007a86 (0x02b8d333) divu    t1, a7, a1
core   0: 3 0x80007a86 (0x02b8d333) x6  0x00000000
core   0: 0x80007a8a (0x00000001) c.nop
core   0: 3 0x80007a8a (0x0001)
core   0: 0x80007a8c (0x035be333) rem     t1, s7, s5
core   0: 3 0x80007a8c (0x035be333) x6  0x00000000
core   0: 0x80007a90 (0x41ea8033) sub     zero, s5, t5
core   0: 3 0x80007a90 (0x41ea8033)
core   0: 0x80007a94 (0x0e184e93) xori    t4, a6, 225
core   0: 3 0x80007a94 (0x0e184e93) x29 0x80025b30
core   0: 0x80007a98 (0x00000001) c.nop
core   0: 3 0x80007a98 (0x0001)
core   0: 0x80007a9a (0x322b0f37) lui     t5, 0x322b0
core   0: 3 0x80007a9a (0x322b0f37) x30 0x322b0000
core   0: 0x80007a9e (0x005388b3) add     a7, t2, t0
core   0: 3 0x80007a9e (0x005388b3) x17 0x80025a6f
core   0: 0x80007aa2 (0x00000001) c.nop
core   0: 3 0x80007aa2 (0x0001)
core   0: 0x80007aa4 (0x00008d2d) c.xor   a0, a1
core   0: 3 0x80007aa4 (0x8d2d) x10 0xfffffdff
core   0: 0x80007aa6 (0x00008f35) c.xor   a4, a3
core   0: 3 0x80007aa6 (0x8f35) x14 0xe0801000
core   0: 0x80007aa8 (0xbf78b293) sltiu   t0, a7, -1033
core   0: 3 0x80007aa8 (0xbf78b293) x5  0x00000001
core   0: 0x80007aac (0x02307d33) remu    s10, zero, gp
core   0: 3 0x80007aac (0x02307d33) x26 0x00000000
core   0: 0x80007ab0 (0x00000ad2) c.slli  s5, 20
core   0: 3 0x80007ab0 (0x0ad2) x21 0x00100000
core   0: 0x80007ab2 (0x00008f79) c.and   a4, a4
core   0: 3 0x80007ab2 (0x8f79) x14 0xe0801000
core   0: 0x80007ab4 (0x00e7ea63) bltu    a5, a4, pc + 20
core   0: 3 0x80007ab4 (0x00e7ea63)
core   0: 0x80007ac8 (0x00000001) c.nop
core   0: 3 0x80007ac8 (0x0001)
core   0: 0x80007aca (0x02c6a033) mulhsu  zero, a3, a2
core   0: 3 0x80007aca (0x02c6a033)
core   0: 0x80007ace (0x0020dd13) srli    s10, ra, 2
core   0: 3 0x80007ace (0x0020dd13) x26 0x04f8d895
core   0: 0x80007ad2 (0x020765b3) rem     a1, a4, zero
core   0: 3 0x80007ad2 (0x020765b3) x11 0xe0801000
core   0: 0x80007ad6 (0xd201fa17) auipc   s4, 0xd201f
core   0: 3 0x80007ad6 (0xd201fa17) x20 0x52026ad6
core   0: 0x80007ada (0x00af0263) beq     t5, a0, pc + 4
core   0: 3 0x80007ada (0x00af0263)
core   0: 0x80007ade (0x02401db3) mulh    s11, zero, tp
core   0: 3 0x80007ade (0x02401db3) x27 0x00000000
core   0: 0x80007ae2 (0x0000608d) c.lui   ra, 0x3
core   0: 3 0x80007ae2 (0x608d) x1  0x00003000
core   0: 0x80007ae4 (0x00008c79) c.and   s0, a4
core   0: 3 0x80007ae4 (0x8c79) x8  0x40000000
core   0: 0x80007ae6 (0x03c2acb3) mulhsu  s9, t0, t3
core   0: 3 0x80007ae6 (0x03c2acb3) x25 0x00000000
core   0: 0x80007aea (0x0107db13) srli    s6, a5, 16
core   0: 3 0x80007aea (0x0107db13) x22 0x00008000
core   0: 0x80007aee (0xf4444013) xori    zero, s0, -188
core   0: 3 0x80007aee (0xf4444013)
core   0: 0x80007af2 (0xb501f213) andi    tp, gp, -1200
core   0: 3 0x80007af2 (0xb501f213) x4  0x80007950
core   0: 0x80007af6 (0x0000c189) c.beqz  a1, pc + 2
core   0: 3 0x80007af6 (0xc189)
core   0: 0x80007af8 (0x01118333) add     t1, gp, a7
core   0: 3 0x80007af8 (0x01118333) x6  0x0002d441
core   0: 0x80007afc (0x08be8613) addi    a2, t4, 139
core   0: 3 0x80007afc (0x08be8613) x12 0x80025bbb
core   0: 0x80007b00 (0x01520b33) add     s6, tp, s5
core   0: 3 0x80007b00 (0x01520b33) x22 0x80107950
core   0: 0x80007b04 (0x00008ea1) c.xor   a3, s0
core   0: 3 0x80007b04 (0x8ea1) x13 0xa0801000
core   0: 0x80007b06 (0x00006841) c.lui   a6, 0x10
core   0: 3 0x80007b06 (0x6841) x16 0x00010000
core   0: 0x80007b08 (0x057a4163) blt     s4, s7, pc + 66
core   0: 3 0x80007b08 (0x057a4163)
core   0: 0x80007b0c (0x004836b3) sltu    a3, a6, tp
core   0: 3 0x80007b0c (0x004836b3) x13 0x00000001
core   0: 0x80007b10 (0x00008ed9) c.or    a3, a4
core   0: 3 0x80007b10 (0x8ed9) x13 0xe0801001
core   0: 0x80007b12 (0x003f1f93) slli    t6, t5, 3
core   0: 3 0x80007b12 (0x003f1f93) x31 0x91580000
core   0: 0x80007b16 (0x41198d33) sub     s10, s3, a7
core   0: 3 0x80007b16 (0x41198d33) x26 0x7ffda591
core   0: 0x80007b1a (0x02ec9a63) bne     s9, a4, pc + 52
core   0: 3 0x80007b1a (0x02ec9a63)
core   0: 0x80007b4e (0x02719f63) bne     gp, t2, pc + 62
core   0: 3 0x80007b4e (0x02719f63)
core   0: 0x80007b8c (0x0000c68d) c.beqz  a3, pc + 42
core   0: 3 0x80007b8c (0xc68d)
core   0: 0x80007b8e (0x012b1d63) bne     s6, s2, pc + 26
core   0: 3 0x80007b8e (0x012b1d63)
core   0: 0x80007ba8 (0x03760db3) mul     s11, a2, s7
core   0: 3 0x80007ba8 (0x03760db3) x27 0x7ffda445
core   0: 0x80007bac (0xb11fc713) xori    a4, t6, -1263
core   0: 3 0x80007bac (0xb11fc713) x14 0x6ea7fb11
core   0: 0x80007bb0 (0x01b1dab3) srl     s5, gp, s11
core   0: 3 0x80007bb0 (0x01b1dab3) x21 0x040003ce
core   0: 0x80007bb4 (0x0000ca11) c.beqz  a2, pc + 20
core   0: 3 0x80007bb4 (0xca11)
core   0: 0x80007bb6 (0x000054fd) c.li    s1, -1
core   0: 3 0x80007bb6 (0x54fd) x9  0xffffffff
core   0: 0x80007bb8 (0x00990463) beq     s2, s1, pc + 8
core   0: 3 0x80007bb8 (0x00990463)
core   0: 0x80007bbc (0x409a05b3) sub     a1, s4, s1
core   0: 3 0x80007bbc (0x409a05b3) x11 0x52026ad7
core   0: 0x80007bc0 (0x000000b2) c.slli  ra, 12
core   0: 3 0x80007bc0 (0x00b2) x1  0x03000000
core   0: 0x80007bc2 (0x5ff2b513) sltiu   a0, t0, 1535
core   0: 3 0x80007bc2 (0x5ff2b513) x10 0x00000001
core   0: 0x80007bc6 (0x00000561) c.addi  a0, 24
core   0: 3 0x80007bc6 (0x0561) x10 0x00000019
core   0: 0x80007bc8 (0xbc6fcc13) xori    s8, t6, -1082
core   0: 3 0x80007bc8 (0xbc6fcc13) x24 0x6ea7fbc6
core   0: 0x80007bcc (0x952e0a13) addi    s4, t3, -1710
core   0: 3 0x80007bcc (0x952e0a13) x20 0xf1d20952
core   0: 0x80007bd0 (0x02de1933) mulh    s2, t3, a3
core   0: 3 0x80007bd0 (0x02de1933) x18 0x01bea625
core   0: 0x80007bd4 (0x0559c163) blt     s3, s5, pc + 66
core   0: 3 0x80007bd4 (0x0559c163)
core   0: 0x80007c16 (0xe30e3293) sltiu   t0, t3, -464
core   0: 3 0x80007c16 (0xe30e3293) x5  0x00000001
core   0: 0x80007c1a (0x00000001) c.nop
core   0: 3 0x80007c1a (0x0001)
core   0: 0x80007c1c (0x022894b3) mulh    s1, a7, sp
core   0: 3 0x80007c1c (0x022894b3) x9  0x3ffd843c
core   0: 0x80007c20 (0x00463633) sltu    a2, a2, tp
core   0: 3 0x80007c20 (0x00463633) x12 0x00000000
core   0: 0x80007c24 (0x00000001) c.nop
core   0: 3 0x80007c24 (0x0001)
core   0: 0x80007c26 (0x03e19a33) mulh    s4, gp, t5
core   0: 3 0x80007c26 (0x03e19a33) x20 0xe6ea97df
core   0: 0x80007c2a (0x00008089) c.srli  s1, 2
core   0: 3 0x80007c2a (0x8089) x9  0x0fff610f
core   0: 0x80007c2c (0x036b5033) divu    zero, s6, s6
core   0: 3 0x80007c2c (0x036b5033)
core   0: 0x80007c30 (0xd4d7b313) sltiu   t1, a5, -691
core   0: 3 0x80007c30 (0xd4d7b313) x6  0x00000001
core   0: 0x80007c34 (0x00000d52) c.slli  s10, 20
core   0: 3 0x80007c34 (0x0d52) x26 0x59100000
core   0: 0x80007c36 (0x0000ed99) c.bnez  a1, pc + 30
core   0: 3 0x80007c36 (0xed99)
core   0: 0x80007c54 (0x027b4533) div     a0, s6, t2
core   0: 3 0x80007c54 (0x027b4533) x10 0x00000000
core   0: 0x80007c58 (0x000088b9) c.andi  s1, 14
core   0: 3 0x80007c58 (0x88b9) x9  0x0000000e
core   0: 0x80007c5a (0x777fab13) slti    s6, t6, 1911
core   0: 3 0x80007c5a (0x777fab13) x22 0x00000001
core   0: 0x80007c5e (0x0184f5b3) and     a1, s1, s8
core   0: 3 0x80007c5e (0x0184f5b3) x11 0x00000006
core   0: 0x80007c62 (0x000080f1) c.srli  s1, 28
core   0: 3 0x80007c62 (0x80f1) x9  0x00000000
core   0: 0x80007c64 (0x01c65f93) srli    t6, a2, 28
core   0: 3 0x80007c64 (0x01c65f93) x31 0x00000000
core   0: 0x80007c68 (0x00000962) c.slli  s2, 24
core   0: 3 0x80007c68 (0x0962) x18 0x25000000
core   0: 0x80007c6a (0x14812593) slti    a1, sp, 328
core   0: 3 0x80007c6a (0x14812593) x11 0x00000001
core   0: 0x80007c6e (0x00008ed1) c.or    a3, a2
core   0: 3 0x80007c6e (0x8ed1) x13 0xe0801001
core   0: 0x80007c70 (0x03216263) bltu    sp, s2, pc + 36
core   0: 3 0x80007c70 (0x03216263)
core   0: 0x80007c74 (0x0000e115) c.bnez  a0, pc + 36
core   0: 3 0x80007c74 (0xe115)
core   0: 0x80007c76 (0x00004749) c.li    a4, 18
core   0: 3 0x80007c76 (0x4749) x14 0x00000012
core   0: 0x80007c78 (0x019fd5b3) srl     a1, t6, s9
core   0: 3 0x80007c78 (0x019fd5b3) x11 0x00000000
core   0: 0x80007c7c (0x96044013) xori    zero, s0, -1696
core   0: 3 0x80007c7c (0x96044013)
core   0: 0x80007c80 (0x018d74b3) and     s1, s10, s8
core   0: 3 0x80007c80 (0x018d74b3) x9  0x48000000
core   0: 0x80007c84 (0x00008c35) c.xor   s0, a3
core   0: 3 0x80007c84 (0x8c35) x8  0xa0801001
core   0: 0x80007c86 (0x00261313) slli    t1, a2, 2
core   0: 3 0x80007c86 (0x00261313) x6  0x00000000
core   0: 0x80007c8a (0x013a3cb3) sltu    s9, s4, s3
core   0: 3 0x80007c8a (0x013a3cb3) x25 0x00000000
core   0: 0x80007c8e (0x01a1d893) srli    a7, gp, 26
core   0: 3 0x80007c8e (0x01a1d893) x17 0x00000020
core   0: 0x80007c92 (0x00000001) c.nop
core   0: 3 0x80007c92 (0x0001)
core   0: 0x80007c94 (0x9a99f517) auipc   a0, 0x9a99f
core   0: 3 0x80007c94 (0x9a99f517) x10 0x1a9a6c94
core   0: 0x80007c98 (0x035b8833) mul     a6, s7, s5
core   0: 3 0x80007c98 (0x035b8833) x16 0xfbfffc32
core   0: 0x80007c9c (0x000005f6) c.slli  a1, 29
core   0: 3 0x80007c9c (0x05f6) x11 0x00000000
core   0: 0x80007c9e (0x0168f313) andi    t1, a7, 22
core   0: 3 0x80007c9e (0x0168f313) x6  0x00000000
core   0: 0x80007ca2 (0x407dd433) sra     s0, s11, t2
core   0: 3 0x80007ca2 (0x407dd433) x8  0x00007ffd
core   0: 0x80007ca6 (0x02eaf533) remu    a0, s5, a4
core   0: 3 0x80007ca6 (0x02eaf533) x10 0x00000006
core   0: 0x80007caa (0x0000c98d) c.beqz  a1, pc + 50
core   0: 3 0x80007caa (0xc98d)
core   0: 0x80007cdc (0x00cc1933) sll     s2, s8, a2
core   0: 3 0x80007cdc (0x00cc1933) x18 0x6ea7fbc6
core   0: 0x80007ce0 (0x00009b1e) c.add   s6, t2
core   0: 3 0x80007ce0 (0x9b1e) x22 0x80025e71
core   0: 0x80007ce2 (0x00000469) c.addi  s0, 26
core   0: 3 0x80007ce2 (0x0469) x8  0x00008017
core   0: 0x80007ce4 (0x02d6f963) bgeu    a3, a3, pc + 50
core   0: 3 0x80007ce4 (0x02d6f963)
core   0: 0x80007d16 (0x0000567d) c.li    a2, -1
core   0: 3 0x80007d16 (0x567d) x12 0xffffffff
core   0: 0x80007d18 (0x01b5afb3) slt     t6, a1, s11
core   0: 3 0x80007d18 (0x01b5afb3) x31 0x00000001
core   0: 0x80007d1c (0xeedde913) ori     s2, s11, -275
core   0: 3 0x80007d1c (0xeedde913) x18 0xfffffeed
core   0: 0x80007d20 (0x0043a303) lw      t1, 4(t2)
core   0: 3 0x80007d20 (0x0043a303) x6  0x8000a662 mem 0x80025e74
core   0: 0x80007d24 (0x000003f1) c.addi  t2, 28
core   0: 3 0x80007d24 (0x03f1) x7  0x80025e8c
core   0: 0x80007d26 (0x0000177d) c.addi  a4, -1
core   0: 3 0x80007d26 (0x177d) x14 0x00000011
core   0: 0x80007d28 (0x00030913) mv      s2, t1
core   0: 3 0x80007d28 (0x00030913) x18 0x8000a662
core   0: 0x80007d2c (0x00090967) jalr    s2, s2, 0
core   0: 3 0x80007d2c (0x00090967) x18 0x80007d30
core   0: 0x8000a662 (0xb84abd13) sltiu   s10, s5, -1148
core   0: 3 0x8000a662 (0xb84abd13) x26 0x00000001
core   0: 0x8000a666 (0x008f9fb3) sll     t6, t6, s0
core   0: 3 0x8000a666 (0x008f9fb3) x31 0x00800000
core   0: 0x8000a66a (0x08f9a913) slti    s2, s3, 143
core   0: 3 0x8000a66a (0x08f9a913) x18 0x00000001
core   0: 0x8000a66e (0x01592433) slt     s0, s2, s5
core   0: 3 0x8000a66e (0x01592433) x8  0x00000001
core   0: 0x8000a672 (0x01f6e463) bltu    a3, t6, pc + 8
core   0: 3 0x8000a672 (0x01f6e463)
core   0: 0x8000a676 (0x01b0e5b3) or      a1, ra, s11
core   0: 3 0x8000a676 (0x01b0e5b3) x11 0x7ffda445
core   0: 0x8000a67a (0xd1cfc36f) jal     t1, pc - 0x3ae4
core   0: 3 0x8000a67a (0xd1cfc36f) x6  0x8000a67e
core   0: 0x80006b96 (0x00fa6763) bltu    s4, a5, pc + 14
core   0: 3 0x80006b96 (0x00fa6763)
core   0: 0x80006b9a (0x0389cd33) div     s10, s3, s8
core   0: 3 0x80006b9a (0x0389cd33) x26 0x00000000
core   0: 0x80006b9e (0x00de8633) add     a2, t4, a3
core   0: 3 0x80006b9e (0x00de8633) x12 0x60826b31
core   0: 0x80006ba2 (0x0000834d) c.srli  a4, 19
core   0: 3 0x80006ba2 (0x834d) x14 0x00000000
core   0: 0x80006ba4 (0x000013d1) c.addi  t2, -12
core   0: 3 0x80006ba4 (0x13d1) x7  0x80025e80
core   0: 0x80006ba6 (0x40915d33) sra     s10, sp, s1
core   0: 3 0x80006ba6 (0x40915d33) x26 0x80029d24
core   0: 0x80006baa (0xe0d07a13) andi    s4, zero, -499
core   0: 3 0x80006baa (0xe0d07a13) x20 0x00000000
core   0: 0x80006bae (0x0063a223) sw      t1, 4(t2)
core   0: 3 0x80006bae (0x0063a223) mem 0x80025e84 0x8000a67e
core   0: 0x80006bb2 (0x000084f1) c.srai  s1, 28
core   0: 3 0x80006bb2 (0x84f1) x9  0x00000004
core   0: 0x80006bb4 (0x00008c6d) c.and   s0, a1
core   0: 3 0x80006bb4 (0x8c6d) x8  0x00000001
core   0: 0x80006bb6 (0x00001c7d) c.addi  s8, -1
core   0: 3 0x80006bb6 (0x1c7d) x24 0x6ea7fbc5
core   0: 0x80006bb8 (0x1e471fb7) lui     t6, 0x1e471
core   0: 3 0x80006bb8 (0x1e471fb7) x31 0x1e471000
core   0: 0x80006bbc (0x40d85033) sra     zero, a6, a3
core   0: 3 0x80006bbc (0x40d85033)
core   0: 0x80006bc0 (0x4fff3313) sltiu   t1, t5, 1279
core   0: 3 0x80006bc0 (0x4fff3313) x6  0x00000000
core   0: 0x80006bc4 (0x00000001) c.nop
core   0: 3 0x80006bc4 (0x0001)
core   0: 0x80006bc6 (0x01911733) sll     a4, sp, s9
core   0: 3 0x80006bc6 (0x01911733) x14 0x80029d24
core   0: 0x80006bca (0x01570963) beq     a4, s5, pc + 18
core   0: 3 0x80006bca (0x01570963)
core   0: 0x80006bce (0x000060ad) c.lui   ra, 0xb
core   0: 3 0x80006bce (0x60ad) x1  0x0000b000
core   0: 0x80006bd0 (0x02852e33) mulhsu  t3, a0, s0
core   0: 3 0x80006bd0 (0x02852e33) x28 0x00000000
core   0: 0x80006bd4 (0x00008f31) c.xor   a4, a2
core   0: 3 0x80006bd4 (0x8f31) x14 0xe080f615
core   0: 0x80006bd6 (0x45276e93) ori     t4, a4, 1106
core   0: 3 0x80006bd6 (0x45276e93) x29 0xe080f657
core   0: 0x80006bda (0x0000c009) c.beqz  s0, pc + 2
core   0: 3 0x80006bda (0xc009)
core   0: 0x80006bdc (0x00008f41) c.or    a4, s0
core   0: 3 0x80006bdc (0x8f41) x14 0xe080f615
core   0: 0x80006bde (0x0092e1b3) or      gp, t0, s1
core   0: 3 0x80006bde (0x0092e1b3) x3  0x00000005
core   0: 0x80006be2 (0x40d8db13) srai    s6, a7, 13
core   0: 3 0x80006be2 (0x40d8db13) x22 0x00000000
core   0: 0x80006be6 (0x00005bfd) c.li    s7, -1
core   0: 3 0x80006be6 (0x5bfd) x23 0xffffffff
core   0: 0x80006be8 (0x0043a303) lw      t1, 4(t2)
core   0: 3 0x80006be8 (0x0043a303) x6  0x8000a67e mem 0x80025e84
core   0: 0x80006bec (0x000003b1) c.addi  t2, 12
core   0: 3 0x80006bec (0x03b1) x7  0x80025e8c
core   0: 0x80006bee (0x00008f75) c.and   a4, a3
core   0: 3 0x80006bee (0x8f75) x14 0xe0801001
core   0: 0x80006bf0 (0x00130a93) addi    s5, t1, 1
core   0: 3 0x80006bf0 (0x00130a93) x21 0x8000a67f
core   0: 0x80006bf4 (0x00009a82) c.jalr  s5
core   0: 3 0x80006bf4 (0x9a82) x1  0x80006bf6
core   0: 0x8000a67e (0x00006be9) c.lui   s7, 0x1a
core   0: 3 0x8000a67e (0x6be9) x23 0x0001a000
core   0: 0x8000a680 (0x019b3ab3) sltu    s5, s6, s9
core   0: 3 0x8000a680 (0x019b3ab3) x21 0x00000000
core   0: 0x8000a684 (0x032b7663) bgeu    s6, s2, pc + 44
core   0: 3 0x8000a684 (0x032b7663)
core   0: 0x8000a688 (0x416cdc33) sra     s8, s9, s6
core   0: 3 0x8000a688 (0x416cdc33) x24 0x00000000
core   0: 0x8000a68c (0x013f3eb3) sltu    t4, t5, s3
core   0: 3 0x8000a68c (0x013f3eb3) x29 0x00000000
core   0: 0x8000a690 (0x02aefeb3) remu    t4, t4, a0
core   0: 3 0x8000a690 (0x02aefeb3) x29 0x00000000
core   0: 0x8000a694 (0x000061d1) c.lui   gp, 0x14
core   0: 3 0x8000a694 (0x61d1) x3  0x00014000
core   0: 0x8000a696 (0x00008ce9) c.and   s1, a0
core   0: 3 0x8000a696 (0x8ce9) x9  0x00000004
core   0: 0x8000a698 (0x0215c333) div     t1, a1, ra
core   0: 3 0x8000a698 (0x0215c333) x6  0x00000000
core   0: 0x8000a69c (0xb193ae93) slti    t4, t2, -1255
core   0: 3 0x8000a69c (0xb193ae93) x29 0x00000001
core   0: 0x8000a6a0 (0x0000965a) c.add   a2, s6
core   0: 3 0x8000a6a0 (0x965a) x12 0x60826b31
core   0: 0x8000a6a2 (0x02139063) bne     t2, ra, pc + 32
core   0: 3 0x8000a6a2 (0x02139063)
core   0: 0x8000a6c2 (0x00000c22) c.slli  s8, 8
core   0: 3 0x8000a6c2 (0x0c22) x24 0x00000000
core   0: 0x8000a6c4 (0x00565bb3) srl     s7, a2, t0
core   0: 3 0x8000a6c4 (0x00565bb3) x23 0x30413598
core   0: 0x8000a6c8 (0x033232b3) mulhu   t0, tp, s3
core   0: 3 0x8000a6c8 (0x033232b3) x5  0x00000000
core   0: 0x8000a6cc (0xbb51e213) ori     tp, gp, -1099
core   0: 3 0x8000a6cc (0xbb51e213) x4  0xfffffbb5
core   0: 0x8000a6d0 (0x008f15b3) sll     a1, t5, s0
core   0: 3 0x8000a6d0 (0x008f15b3) x11 0x64560000
core   0: 0x8000a6d4 (0x012722b3) slt     t0, a4, s2
core   0: 3 0x8000a6d4 (0x012722b3) x5  0x00000001
core   0: 0x8000a6d8 (0xff764493) xori    s1, a2, -9
core   0: 3 0x8000a6d8 (0xff764493) x9  0x9f7d94c6
core   0: 0x8000a6dc (0x0246abb3) mulhsu  s7, a3, tp
core   0: 3 0x8000a6dc (0x0246abb3) x23 0xe0801088
core   0: 0x8000a6e0 (0xf9de0e93) addi    t4, t3, -99
core   0: 3 0x8000a6e0 (0xf9de0e93) x29 0xffffff9d
core   0: 0x8000a6e4 (0x03c63f33) mulhu   t5, a2, t3
core   0: 3 0x8000a6e4 (0x03c63f33) x30 0x00000000
core   0: 0x8000a6e8 (0x03da16b3) mulh    a3, s4, t4
core   0: 3 0x8000a6e8 (0x03da16b3) x13 0x00000000
core   0: 0x8000a6ec (0x410289b3) sub     s3, t0, a6
core   0: 3 0x8000a6ec (0x410289b3) x19 0x040003cf
core   0: 0x8000a6f0 (0x001dc463) blt     s11, ra, pc + 8
core   0: 3 0x8000a6f0 (0x001dc463)
core   0: 0x8000a6f4 (0x01604eb3) xor     t4, zero, s6
core   0: 3 0x8000a6f4 (0x01604eb3) x29 0x00000000
core   0: 0x8000a6f8 (0x0000874a) c.mv    a4, s2
core   0: 3 0x8000a6f8 (0x874a) x14 0x00000001
core   0: 0x8000a6fa (0x00009d76) c.add   s10, t4
core   0: 3 0x8000a6fa (0x9d76) x26 0x80029d24
core   0: 0x8000a6fc (0x94e3b213) sltiu   tp, t2, -1714
core   0: 3 0x8000a6fc (0x94e3b213) x4  0x00000001
core   0: 0x8000a700 (0x00006d9d) c.lui   s11, 0x7
core   0: 3 0x8000a700 (0x6d9d) x27 0x00007000
core   0: 0x8000a702 (0x000051fd) c.li    gp, -1
core   0: 3 0x8000a702 (0x51fd) x3  0xffffffff
core   0: 0x8000a704 (0x0043a303) lw      t1, 4(t2)
core   0: 3 0x8000a704 (0x0043a303) x6  0x80002ca4 mem 0x80025e90
core   0: 0x8000a708 (0x00008ead) c.xor   a3, a1
core   0: 3 0x8000a708 (0x8ead) x13 0x64560000
core   0: 0x8000a70a (0x0473e293) ori     t0, t2, 71
core   0: 3 0x8000a70a (0x0473e293) x5  0x80025ecf
core   0: 0x8000a70e (0x00001efd) c.addi  t4, -1
core   0: 3 0x8000a70e (0x1efd) x29 0xffffffff
core   0: 0x8000a710 (0x00009b4e) c.add   s6, s3
core   0: 3 0x8000a710 (0x9b4e) x22 0x040003cf
core   0: 0x8000a712 (0x000003e1) c.addi  t2, 24
core   0: 3 0x8000a712 (0x03e1) x7  0x80025ea4
core   0: 0x8000a714 (0x00000001) c.nop
core   0: 3 0x8000a714 (0x0001)
core   0: 0x8000a716 (0x00ea24b3) slt     s1, s4, a4
core   0: 3 0x8000a716 (0x00ea24b3) x9  0x00000001
core   0: 0x8000a71a (0x00130213) addi    tp, t1, 1
core   0: 3 0x8000a71a (0x00130213) x4  0x80002ca5
core   0: 0x8000a71e (0x00020267) jalr    tp, tp, 0
core   0: 3 0x8000a71e (0x00020267) x4  0x8000a722
core   0: 0x80002ca4 (0x00008a05) c.andi  a2, 1
core   0: 3 0x80002ca4 (0x8a05) x12 0x00000001
core   0: 0x80002ca6 (0x00000972) c.slli  s2, 28
core   0: 3 0x80002ca6 (0x0972) x18 0x10000000
core   0: 0x80002ca8 (0xd5134993) xori    s3, t1, -687
core   0: 3 0x80002ca8 (0xd5134993) x19 0x7fffd1f5
core   0: 0x80002cac (0x03e81833) mulh    a6, a6, t5
core   0: 3 0x80002cac (0x03e81833) x16 0x00000000
core   0: 0x80002cb0 (0x00000001) c.nop
core   0: 3 0x80002cb0 (0x0001)
core   0: 0x80002cb2 (0x002195b3) sll     a1, gp, sp
core   0: 3 0x80002cb2 (0x002195b3) x11 0xfffffff0
core   0: 0x80002cb6 (0x00008cb1) c.xor   s1, a2
core   0: 3 0x80002cb6 (0x8cb1) x9  0x00000000
core   0: 0x80002cb8 (0x033ca2b3) mulhsu  t0, s9, s3
core   0: 3 0x80002cb8 (0x033ca2b3) x5  0x00000000
core   0: 0x80002cbc (0x01e82333) slt     t1, a6, t5
core   0: 3 0x80002cbc (0x01e82333) x6  0x00000000
core   0: 0x80002cc0 (0x02ae7163) bgeu    t3, a0, pc + 34
core   0: 3 0x80002cc0 (0x02ae7163)
core   0: 0x80002cc4 (0x4173de93) srai    t4, t2, 23
core   0: 3 0x80002cc4 (0x4173de93) x29 0xffffff00
core   0: 0x80002cc8 (0x00000869) c.addi  a6, 26
core   0: 3 0x80002cc8 (0x0869) x16 0x0000001a
core   0: 0x80002cca (0x07fe6b63) bltu    t3, t6, pc + 118
core   0: 3 0x80002cca (0x07fe6b63)
core   0: 0x80002d40 (0x0183d513) srli    a0, t2, 24
core   0: 3 0x80002d40 (0x0183d513) x10 0x00000080
core   0: 0x80002d44 (0x00000001) c.nop
core   0: 3 0x80002d44 (0x0001)
core   0: 0x80002d46 (0x00008f6d) c.and   a4, a1
core   0: 3 0x80002d46 (0x8f6d) x14 0x00000000
core   0: 0x80002d48 (0x029a9b33) mulh    s6, s5, s1
core   0: 3 0x80002d48 (0x029a9b33) x22 0x00000000
core   0: 0x80002d4c (0xfc7e3213) sltiu   tp, t3, -57
core   0: 3 0x80002d4c (0xfc7e3213) x4  0x00000001
core   0: 0x80002d50 (0x672ea013) slti    zero, t4, 1650
core   0: 3 0x80002d50 (0x672ea013)
core   0: 0x80002d54 (0x039ac9b3) div     s3, s5, s9
core   0: 3 0x80002d54 (0x039ac9b3) x19 0xffffffff
core   0: 0x80002d58 (0x00009a7d) c.andi  a2, -1
core   0: 3 0x80002d58 (0x9a7d) x12 0x00000001
core   0: 0x80002d5a (0x00008e49) c.or    a2, a0
core   0: 3 0x80002d5a (0x8e49) x12 0x00000081
core   0: 0x80002d5c (0x00009b7d) c.andi  a4, -1
core   0: 3 0x80002d5c (0x9b7d) x14 0x00000000
core   0: 0x80002d5e (0x00fb08b3) add     a7, s6, a5
core   0: 3 0x80002d5e (0x00fb08b3) x17 0x80000000
core   0: 0x80002d62 (0x41465233) sra     tp, a2, s4
core   0: 3 0x80002d62 (0x41465233) x4  0x00000081
core   0: 0x80002d66 (0x0267eeb3) rem     t4, a5, t1
core   0: 3 0x80002d66 (0x0267eeb3) x29 0x80000000
core   0: 0x80002d6a (0x00004a0d) c.li    s4, 3
core   0: 3 0x80002d6a (0x4a0d) x20 0x00000003
core   0: 0x80002d6c (0xd481cc93) xori    s9, gp, -696
core   0: 3 0x80002d6c (0xd481cc93) x25 0x000002b7
core   0: 0x80002d70 (0xd83a3413) sltiu   s0, s4, -637
core   0: 3 0x80002d70 (0xd83a3413) x8  0x00000001
core   0: 0x80002d74 (0x02d96063) bltu    s2, a3, pc + 32
core   0: 3 0x80002d74 (0x02d96063)
core   0: 0x80002d94 (0x00000001) c.nop
core   0: 3 0x80002d94 (0x0001)
core   0: 0x80002d96 (0x030ac263) blt     s5, a6, pc + 36
core   0: 3 0x80002d96 (0x030ac263)
core   0: 0x80002dba (0x00b90ab3) add     s5, s2, a1
core   0: 3 0x80002dba (0x00b90ab3) x21 0x0ffffff0
core   0: 0x80002dbe (0x00008c25) c.xor   s0, s1
core   0: 3 0x80002dbe (0x8c25) x8  0x00000001
core   0: 0x80002dc0 (0x0000e099) c.bnez  s1, pc + 6
core   0: 3 0x80002dc0 (0xe099)
core   0: 0x80002dc2 (0x40465413) srai    s0, a2, 4
core   0: 3 0x80002dc2 (0x40465413) x8  0x00000008
core   0: 0x80002dc6 (0x00008ead) c.xor   a3, a1
core   0: 3 0x80002dc6 (0x8ead) x13 0x9ba9fff0
core   0: 0x80002dc8 (0x00008dd1) c.or    a1, a2
core   0: 3 0x80002dc8 (0x8dd1) x11 0xfffffff1
core   0: 0x80002dca (0x02842533) mulhsu  a0, s0, s0
core   0: 3 0x80002dca (0x02842533) x10 0x00000000
core   0: 0x80002dce (0x02cc92b3) mulh    t0, s9, a2
core   0: 3 0x80002dce (0x02cc92b3) x5  0x00000000
core   0: 0x80002dd2 (0x00001d7d) c.addi  s10, -1
core   0: 3 0x80002dd2 (0x1d7d) x26 0x80029d23
core   0: 0x80002dd4 (0x00008292) c.mv    t0, tp
core   0: 3 0x80002dd4 (0x8292) x5  0x00000081
core   0: 0x80002dd6 (0x41155693) srai    a3, a0, 17
core   0: 3 0x80002dd6 (0x41155693) x13 0x00000000
core   0: 0x80002dda (0x00666863) bltu    a2, t1, pc + 16
core   0: 3 0x80002dda (0x00666863)
core   0: 0x80002dde (0x00e5de33) srl     t3, a1, a4
core   0: 3 0x80002dde (0x00e5de33) x28 0xfffffff1
core   0: 0x80002de2 (0x0304a0b3) mulhsu  ra, s1, a6
core   0: 3 0x80002de2 (0x0304a0b3) x1  0x00000000
core   0: 0x80002de6 (0x007bc763) blt     s7, t2, pc + 14
core   0: 3 0x80002de6 (0x007bc763)
core   0: 0x80002dea (0x0325ceb3) div     t4, a1, s2
core   0: 3 0x80002dea (0x0325ceb3) x29 0x00000000
core   0: 0x80002dee (0x02a80b63) beq     a6, a0, pc + 54
core   0: 3 0x80002dee (0x02a80b63)
core   0: 0x80002df2 (0x00000001) c.nop
core   0: 3 0x80002df2 (0x0001)
core   0: 0x80002df4 (0x01b0c763) blt     ra, s11, pc + 14
core   0: 3 0x80002df4 (0x01b0c763)
core   0: 0x80002e02 (0x00008db9) c.xor   a1, a4
core   0: 3 0x80002e02 (0x8db9) x11 0xfffffff1
core   0: 0x80002e04 (0x00008336) c.mv    t1, a3
core   0: 3 0x80002e04 (0x8336) x6  0x00000000
core   0: 0x80002e06 (0x02cb15b3) mulh    a1, s6, a2
core   0: 3 0x80002e06 (0x02cb15b3) x11 0x00000000
core   0: 0x80002e0a (0x00a559b3) srl     s3, a0, a0
core   0: 3 0x80002e0a (0x00a559b3) x19 0x00000000
core   0: 0x80002e0e (0x6dd32b93) slti    s7, t1, 1757
core   0: 3 0x80002e0e (0x6dd32b93) x23 0x00000001
core   0: 0x80002e12 (0x41cb5f13) srai    t5, s6, 28
core   0: 3 0x80002e12 (0x41cb5f13) x30 0x00000000
core   0: 0x80002e16 (0x01bbf5b3) and     a1, s7, s11
core   0: 3 0x80002e16 (0x01bbf5b3) x11 0x00000000
core   0: 0x80002e1a (0x6bb6a893) slti    a7, a3, 1723
core   0: 3 0x80002e1a (0x6bb6a893) x17 0x00000001
core   0: 0x80002e1e (0x0ec9b713) sltiu   a4, s3, 236
core   0: 3 0x80002e1e (0x0ec9b713) x14 0x00000001
core   0: 0x80002e22 (0x00000001) c.nop
core   0: 3 0x80002e22 (0x0001)
core   0: 0x80002e24 (0x03c741b3) div     gp, a4, t3
core   0: 3 0x80002e24 (0x03c741b3) x3  0x00000000
core   0: 0x80002e28 (0x00c25413) srli    s0, tp, 12
core   0: 3 0x80002e28 (0x00c25413) x8  0x00000000
core   0: 0x80002e2c (0x00000e66) c.slli  t3, 25
core   0: 3 0x80002e2c (0x0e66) x28 0xe2000000
core   0: 0x80002e2e (0x69bf05b7) lui     a1, 0x69bf0
core   0: 3 0x80002e2e (0x69bf05b7) x11 0x69bf0000
core   0: 0x80002e32 (0x0000e305) c.bnez  a4, pc + 32
core   0: 3 0x80002e32 (0xe305)
core   0: 0x80002e52 (0x004b8433) add     s0, s7, tp
core   0: 3 0x80002e52 (0x004b8433) x8  0x00000082
core   0: 0x80002e56 (0xf03e8017) auipc   zero, 0xf03e8
core   0: 3 0x80002e56 (0xf03e8017)
core   0: 0x80002e5a (0x01abf763) bgeu    s7, s10, pc + 14
core   0: 3 0x80002e5a (0x01abf763)
core   0: 0x80002e5e (0x000065e1) c.lui   a1, 0x18
core   0: 3 0x80002e5e (0x65e1) x11 0x00018000
core   0: 0x80002e60 (0x01c72833) slt     a6, a4, t3
core   0: 3 0x80002e60 (0x01c72833) x16 0x00000000
core   0: 0x80002e64 (0x023c4433) div     s0, s8, gp
core   0: 3 0x80002e64 (0x023c4433) x8  0xffffffff
core   0: 0x80002e68 (0x000081bd) c.srli  a1, 15
core   0: 3 0x80002e68 (0x81bd) x11 0x00000003
core   0: 0x80002e6a (0x02b0aa33) mulhsu  s4, ra, a1
core   0: 3 0x80002e6a (0x02b0aa33) x20 0x00000000
core   0: 0x80002e6e (0x4173d713) srai    a4, t2, 23
core   0: 3 0x80002e6e (0x4173d713) x14 0xffffff00
core   0: 0x80002e72 (0x00008ec5) c.or    a3, s1
core   0: 3 0x80002e72 (0x8ec5) x13 0x00000000
core   0: 0x80002e74 (0x0000ee11) c.bnez  a2, pc + 28
core   0: 3 0x80002e74 (0xee11)
core   0: 0x80002e90 (0x0206f433) remu    s0, a3, zero
core   0: 3 0x80002e90 (0x0206f433) x8  0x00000000
core   0: 0x80002e94 (0x02fc6a33) rem     s4, s8, a5
core   0: 3 0x80002e94 (0x02fc6a33) x20 0x00000000
core   0: 0x80002e98 (0x00000001) c.nop
core   0: 3 0x80002e98 (0x0001)
core   0: 0x80002e9a (0x00ed9513) slli    a0, s11, 14
core   0: 3 0x80002e9a (0x00ed9513) x10 0x1c000000
core   0: 0x80002e9e (0x03ec1763) bne     s8, t5, pc + 46
core   0: 3 0x80002e9e (0x03ec1763)
core   0: 0x80002ea2 (0x03d7f263) bgeu    a5, t4, pc + 36
core   0: 3 0x80002ea2 (0x03d7f263)
core   0: 0x80002ec6 (0x00001bfd) c.addi  s7, -1
core   0: 3 0x80002ec6 (0x1bfd) x23 0x00000000
core   0: 0x80002ec8 (0x000084ca) c.mv    s1, s2
core   0: 3 0x80002ec8 (0x84ca) x9  0x10000000
core   0: 0x80002eca (0x00008e7d) c.and   a2, a5
core   0: 3 0x80002eca (0x8e7d) x12 0x00000000
core   0: 0x80002ecc (0x00008c4d) c.or    s0, a1
core   0: 3 0x80002ecc (0x8c4d) x8  0x00000003
core   0: 0x80002ece (0x0292c263) blt     t0, s1, pc + 36
core   0: 3 0x80002ece (0x0292c263)
core   0: 0x80002ef2 (0x02685233) divu    tp, a6, t1
core   0: 3 0x80002ef2 (0x02685233) x4  0xffffffff
core   0: 0x80002ef6 (0x007161b3) or      gp, sp, t2
core   0: 3 0x80002ef6 (0x007161b3) x3  0x8002dfa4
core   0: 0x80002efa (0x00006265) c.lui   tp, 0x19
core   0: 3 0x80002efa (0x6265) x4  0x00019000
core   0: 0x80002efc (0x027a5563) bge     s4, t2, pc + 42
core   0: 3 0x80002efc (0x027a5563)
core   0: 0x80002f26 (0x00000001) c.nop
core   0: 3 0x80002f26 (0x0001)
core   0: 0x80002f28 (0xe19b8d93) addi    s11, s7, -487
core   0: 3 0x80002f28 (0xe19b8d93) x27 0xfffffe19
core   0: 0x80002f2c (0x416b5993) srai    s3, s6, 22
core   0: 3 0x80002f2c (0x416b5993) x19 0x00000000
core   0: 0x80002f30 (0x035436b3) mulhu   a3, s0, s5
core   0: 3 0x80002f30 (0x035436b3) x13 0x00000000
core   0: 0x80002f34 (0x00008c21) c.xor   s0, s0
core   0: 3 0x80002f34 (0x8c21) x8  0x00000000
core   0: 0x80002f36 (0x14858613) addi    a2, a1, 328
core   0: 3 0x80002f36 (0x14858613) x12 0x0000014b
core   0: 0x80002f3a (0x00008d09) c.sub   a0, a0
core   0: 3 0x80002f3a (0x8d09) x10 0x00000000
core   0: 0x80002f3c (0x022b7233) remu    tp, s6, sp
core   0: 3 0x80002f3c (0x022b7233) x4  0x00000000
core   0: 0x80002f40 (0x403a56b3) sra     a3, s4, gp
core   0: 3 0x80002f40 (0x403a56b3) x13 0x00000000
core   0: 0x80002f44 (0x0000ce99) c.beqz  a3, pc + 30
core   0: 3 0x80002f44 (0xce99)
core   0: 0x80002f62 (0x00008e55) c.or    a2, a3
core   0: 3 0x80002f62 (0x8e55) x12 0x0000014b
core   0: 0x80002f64 (0x53a5cbb7) lui     s7, 0x53a5c
core   0: 3 0x80002f64 (0x53a5cbb7) x23 0x53a5c000
core   0: 0x80002f68 (0x0061f4b3) and     s1, gp, t1
core   0: 3 0x80002f68 (0x0061f4b3) x9  0x00000000
core   0: 0x80002f6c (0x000080ad) c.srli  s1, 11
core   0: 3 0x80002f6c (0x80ad) x9  0x00000000
core   0: 0x80002f6e (0x017471b3) and     gp, s0, s7
core   0: 3 0x80002f6e (0x017471b3) x3  0x00000000
core   0: 0x80002f72 (0x00d436b3) sltu    a3, s0, a3
core   0: 3 0x80002f72 (0x00d436b3) x13 0x00000000
core   0: 0x80002f76 (0xf3c6f293) andi    t0, a3, -196
core   0: 3 0x80002f76 (0xf3c6f293) x5  0x00000000
core   0: 0x80002f7a (0x0163f333) and     t1, t2, s6
core   0: 3 0x80002f7a (0x0163f333) x6  0x00000000
core   0: 0x80002f7e (0x00004e55) c.li    t3, 21
core   0: 3 0x80002f7e (0x4e55) x28 0x00000015
core   0: 0x80002f80 (0xaeba2b13) slti    s6, s4, -1301
core   0: 3 0x80002f80 (0xaeba2b13) x22 0x00000000
core   0: 0x80002f84 (0x0000826e) c.mv    tp, s11
core   0: 3 0x80002f84 (0x826e) x4  0xfffffe19
core   0: 0x80002f86 (0x028dd263) bge     s11, s0, pc + 36
core   0: 3 0x80002f86 (0x028dd263)
core   0: 0x80002f8a (0xa174cd13) xori    s10, s1, -1513
core   0: 3 0x80002f8a (0xa174cd13) x26 0xfffffa17
core   0: 0x80002f8e (0x0000c289) c.beqz  a3, pc + 2
core   0: 3 0x80002f8e (0xc289)
core   0: 0x80002f90 (0x0000527d) c.li    tp, -1
core   0: 3 0x80002f90 (0x527d) x4  0xffffffff
core   0: 0x80002f92 (0x000ed0b3) srl     ra, t4, zero
core   0: 3 0x80002f92 (0x000ed0b3) x1  0x00000000
core   0: 0x80002f96 (0xcc51b913) sltiu   s2, gp, -827
core   0: 3 0x80002f96 (0xcc51b913) x18 0x00000001
core   0: 0x80002f9a (0x413dd333) sra     t1, s11, s3
core   0: 3 0x80002f9a (0x413dd333) x6  0xfffffe19
core   0: 0x80002f9e (0x035ad833) divu    a6, s5, s5
core   0: 3 0x80002f9e (0x035ad833) x16 0x00000001
core   0: 0x80002fa2 (0x008ada33) srl     s4, s5, s0
core   0: 3 0x80002fa2 (0x008ada33) x20 0x0ffffff0
core   0: 0x80002fa6 (0x000082a1) c.srli  a3, 8
core   0: 3 0x80002fa6 (0x82a1) x13 0x00000000
core   0: 0x80002fa8 (0x00008c21) c.xor   s0, s0
core   0: 3 0x80002fa8 (0x8c21) x8  0x00000000
core   0: 0x80002faa (0x05435163) bge     t1, s4, pc + 66
core   0: 3 0x80002faa (0x05435163)
core   0: 0x80002fae (0x000089da) c.mv    s3, s6
core   0: 3 0x80002fae (0x89da) x19 0x00000000
core   0: 0x80002fb0 (0xa021edb7) lui     s11, 0xa021e
core   0: 3 0x80002fb0 (0xa021edb7) x27 0xa021e000
core   0: 0x80002fb4 (0x410cd013) srai    zero, s9, 16
core   0: 3 0x80002fb4 (0x410cd013)
core   0: 0x80002fb8 (0x00009c92) c.add   s9, tp
core   0: 3 0x80002fb8 (0x9c92) x25 0x000002b6
core   0: 0x80002fba (0x009d44b3) xor     s1, s10, s1
core   0: 3 0x80002fba (0x009d44b3) x9  0xfffffa17
core   0: 0x80002fbe (0x00000fc6) c.slli  t6, 17
core   0: 3 0x80002fbe (0x0fc6) x31 0x20000000
core   0: 0x80002fc0 (0x2f840d13) addi    s10, s0, 760
core   0: 3 0x80002fc0 (0x2f840d13) x26 0x000002f8
core   0: 0x80002fc4 (0x020cfdb3) remu    s11, s9, zero
core   0: 3 0x80002fc4 (0x020cfdb3) x27 0x000002b6
core   0: 0x80002fc8 (0x2804cd97) auipc   s11, 0x2804c
core   0: 3 0x80002fc8 (0x2804cd97) x27 0xa804efc8
core   0: 0x80002fcc (0x04a35637) lui     a2, 0x4a35
core   0: 3 0x80002fcc (0x04a35637) x12 0x04a35000
core   0: 0x80002fd0 (0x00b1d013) srli    zero, gp, 11
core   0: 3 0x80002fd0 (0x00b1d013)
core   0: 0x80002fd4 (0xb32a4f13) xori    t5, s4, -1230
core   0: 3 0x80002fd4 (0xb32a4f13) x30 0xf00004c2
core   0: 0x80002fd8 (0x000dcab3) xor     s5, s11, zero
core   0: 3 0x80002fd8 (0x000dcab3) x21 0xa804efc8
core   0: 0x80002fdc (0x018610b3) sll     ra, a2, s8
core   0: 3 0x80002fdc (0x018610b3) x1  0x04a35000
core   0: 0x80002fe0 (0x52632c13) slti    s8, t1, 1318
core   0: 3 0x80002fe0 (0x52632c13) x24 0x00000001
core   0: 0x80002fe4 (0x41a40833) sub     a6, s0, s10
core   0: 3 0x80002fe4 (0x41a40833) x16 0xfffffd08
core   0: 0x80002fe8 (0x017ac333) xor     t1, s5, s7
core   0: 3 0x80002fe8 (0x017ac333) x6  0xfba12fc8
core   0: 0x80002fec (0x01f490b3) sll     ra, s1, t6
core   0: 3 0x80002fec (0x01f490b3) x1  0xfffffa17
core   0: 0x80002ff0 (0x02ac5833) divu    a6, s8, a0
core   0: 3 0x80002ff0 (0x02ac5833) x16 0xffffffff
core   0: 0x80002ff4 (0xe7782897) auipc   a7, 0xe7782
core   0: 3 0x80002ff4 (0xe7782897) x17 0x67784ff4
core   0: 0x80002ff8 (0x00b4df13) srli    t5, s1, 11
core   0: 3 0x80002ff8 (0x00b4df13) x30 0x001fffff
core   0: 0x80002ffc (0x00755863) bge     a0, t2, pc + 16
core   0: 3 0x80002ffc (0x00755863)
core   0: 0x8000300c (0x40728eb3) sub     t4, t0, t2
core   0: 3 0x8000300c (0x40728eb3) x29 0x7ffda15c
core   0: 0x80003010 (0x0000597d) c.li    s2, -1
core   0: 3 0x80003010 (0x597d) x18 0xffffffff
core   0: 0x80003012 (0x00008ae9) c.andi  a3, 26
core   0: 3 0x80003012 (0x8ae9) x13 0x00000000
core   0: 0x80003014 (0x4031db13) srai    s6, gp, 3
core   0: 3 0x80003014 (0x4031db13) x22 0x00000000
core   0: 0x80003018 (0xd2f96e93) ori     t4, s2, -721
core   0: 3 0x80003018 (0xd2f96e93) x29 0xffffffff
core   0: 0x8000301c (0x0160036f) jal     t1, pc + 0x16
core   0: 3 0x8000301c (0x0160036f) x6  0x80003020
core   0: 0x80003032 (0x008000ef) jal     pc + 0x8
core   0: 3 0x80003032 (0x008000ef) x1  0x80003036
core   0: 0x8000303a (0x0000bffd) c.j     pc - 2
core   0: 3 0x8000303a (0xbffd)
core   0: 0x80003038 (0x0000a005) c.j     pc + 32
core   0: 3 0x80003038 (0xa005)
core   0: 0x80003058 (0x00002011) c.jal   pc + 4
core   0: 3 0x80003058 (0x2011) x1  0x8000305a
core   0: 0x8000305c (0x000037d1) c.jal   pc - 60
core   0: 3 0x8000305c (0x37d1) x1  0x8000305e
core   0: 0x80003020 (0x0000a009) c.j     pc + 2
core   0: 3 0x80003020 (0xa009)
core   0: 0x80003022 (0x01c0036f) jal     t1, pc + 0x1c
core   0: 3 0x80003022 (0x01c0036f) x6  0x80003026
core   0: 0x8000303e (0x004000ef) jal     pc + 0x4
core   0: 3 0x8000303e (0x004000ef) x1  0x80003042
core   0: 0x80003042 (0x0000a821) c.j     pc + 24
core   0: 3 0x80003042 (0xa821)
core   0: 0x8000305a (0x0000b7f5) c.j     pc - 20
core   0: 3 0x8000305a (0xb7f5)
core   0: 0x80003046 (0x01e000ef) jal     pc + 0x1e
core   0: 3 0x80003046 (0x01e000ef) x1  0x8000304a
core   0: 0x80003064 (0x000037ed) c.jal   pc - 22
core   0: 3 0x80003064 (0x37ed) x1  0x80003066
core   0: 0x8000304e (0x0000bfdd) c.j     pc - 10
core   0: 3 0x8000304e (0xbfdd)
core   0: 0x80003044 (0x000037ed) c.jal   pc - 22
core   0: 3 0x80003044 (0x37ed) x1  0x80003046
core   0: 0x8000302e (0x00002805) c.jal   pc + 48
core   0: 3 0x8000302e (0x2805) x1  0x80003030
core   0: 0x8000305e (0x0000b7e1) c.j     pc - 56
core   0: 3 0x8000305e (0xb7e1)
core   0: 0x80003026 (0x00002015) c.jal   pc + 36
core   0: 3 0x80003026 (0x2015) x1  0x80003028
core   0: 0x8000304a (0x00003ff9) c.jal   pc - 34
core   0: 3 0x8000304a (0x3ff9) x1  0x8000304c
core   0: 0x80003028 (0x00002825) c.jal   pc + 56
core   0: 3 0x80003028 (0x2825) x1  0x8000302a
core   0: 0x80003060 (0x000037e9) c.jal   pc - 54
core   0: 3 0x80003060 (0x37e9) x1  0x80003062
core   0: 0x8000302a (0x038000ef) jal     pc + 0x38
core   0: 3 0x8000302a (0x038000ef) x1  0x8000302e
core   0: 0x80003062 (0x000037f9) c.jal   pc - 50
core   0: 3 0x80003062 (0x37f9) x1  0x80003064
core   0: 0x80003030 (0x00002015) c.jal   pc + 36
core   0: 3 0x80003030 (0x2015) x1  0x80003032
core   0: 0x80003054 (0x0000b7e5) c.j     pc - 24
core   0: 3 0x80003054 (0xb7e5)
core   0: 0x8000303c (0x0000a829) c.j     pc + 26
core   0: 3 0x8000303c (0xa829)
core   0: 0x80003056 (0x0000bfdd) c.j     pc - 10
core   0: 3 0x80003056 (0xbfdd)
core   0: 0x8000304c (0x0000b7ed) c.j     pc - 22
core   0: 3 0x8000304c (0xb7ed)
core   0: 0x80003036 (0x00002829) c.jal   pc + 26
core   0: 3 0x80003036 (0x2829) x1  0x80003038
core   0: 0x80003050 (0x016000ef) jal     pc + 0x16
core   0: 3 0x80003050 (0x016000ef) x1  0x80003054
core   0: 0x80003066 (0x00008729) c.srai  a4, 10
core   0: 3 0x80003066 (0x8729) x14 0xffffffff
core   0: 0x80003068 (0x008a1e33) sll     t3, s4, s0
core   0: 3 0x80003068 (0x008a1e33) x28 0x0ffffff0
core   0: 0x8000306c (0x001772b3) and     t0, a4, ra
core   0: 3 0x8000306c (0x001772b3) x5  0x80003054
core   0: 0x80003070 (0x0000e2a9) c.bnez  a3, pc + 66
core   0: 3 0x80003070 (0xe2a9)
core   0: 0x80003072 (0x029fcab3) div     s5, t6, s1
core   0: 3 0x80003072 (0x029fcab3) x21 0xfffa95ea
core   0: 0x80003076 (0x00a065b3) or      a1, zero, a0
core   0: 3 0x80003076 (0x00a065b3) x11 0x00000000
core   0: 0x8000307a (0x049d6363) bltu    s10, s1, pc + 70
core   0: 3 0x8000307a (0x049d6363)
core   0: 0x800030c0 (0x0000831e) c.mv    t1, t2
core   0: 3 0x800030c0 (0x831e) x6  0x80025ea4
core   0: 0x800030c2 (0x0000e409) c.bnez  s0, pc + 10
core   0: 3 0x800030c2 (0xe409)
core   0: 0x800030c4 (0x02bacbb3) div     s7, s5, a1
core   0: 3 0x800030c4 (0x02bacbb3) x23 0xffffffff
core   0: 0x800030c8 (0x01d13533) sltu    a0, sp, t4
core   0: 3 0x800030c8 (0x01d13533) x10 0x00000001
core   0: 0x800030cc (0x010d4733) xor     a4, s10, a6
core   0: 3 0x800030cc (0x010d4733) x14 0xfffffd07
core   0: 0x800030d0 (0xc0738013) addi    zero, t2, -1017
core   0: 3 0x800030d0 (0xc0738013)
core   0: 0x800030d4 (0x00e6dab3) srl     s5, a3, a4
core   0: 3 0x800030d4 (0x00e6dab3) x21 0x00000000
core   0: 0x800030d8 (0x00008cad) c.xor   s1, a1
core   0: 3 0x800030d8 (0x8cad) x9  0xfffffa17
core   0: 0x800030da (0x00009ea2) c.add   t4, s0
core   0: 3 0x800030da (0x9ea2) x29 0xffffffff
core   0: 0x800030dc (0x000081f1) c.srli  a1, 28
core   0: 3 0x800030dc (0x81f1) x11 0x00000000
core   0: 0x800030de (0x02a96933) rem     s2, s2, a0
core   0: 3 0x800030de (0x02a96933) x18 0x00000000
core   0: 0x800030e2 (0x0177f933) and     s2, a5, s7
core   0: 3 0x800030e2 (0x0177f933) x18 0x80000000
core   0: 0x800030e6 (0x004a9213) slli    tp, s5, 4
core   0: 3 0x800030e6 (0x004a9213) x4  0x00000000
core   0: 0x800030ea (0x02e6e063) bltu    a3, a4, pc + 32
core   0: 3 0x800030ea (0x02e6e063)
core   0: 0x8000310a (0xb183bf93) sltiu   t6, t2, -1256
core   0: 3 0x8000310a (0xb183bf93) x31 0x00000001
core   0: 0x8000310e (0x0096a533) slt     a0, a3, s1
core   0: 3 0x8000310e (0x0096a533) x10 0x00000000
core   0: 0x80003112 (0x00ae0d33) add     s10, t3, a0
core   0: 3 0x80003112 (0x00ae0d33) x26 0x0ffffff0
core   0: 0x80003116 (0x03f0b5b3) mulhu   a1, ra, t6
core   0: 3 0x80003116 (0x03f0b5b3) x11 0x00000000
core   0: 0x8000311a (0x9cbab893) sltiu   a7, s5, -1589
core   0: 3 0x8000311a (0x9cbab893) x17 0x00000001
core   0: 0x8000311e (0x00009306) c.add   t1, ra
core   0: 3 0x8000311e (0x9306) x6  0x00028ef8
core   0: 0x80003120 (0x006dff33) and     t5, s11, t1
core   0: 3 0x80003120 (0x006dff33) x30 0x00008ec8
core   0: 0x80003124 (0x41405193) srai    gp, zero, 20
core   0: 3 0x80003124 (0x41405193) x3  0x00000000
core   0: 0x80003128 (0x0000081a) c.slli  a6, 6
core   0: 3 0x80003128 (0x081a) x16 0xffffffc0
core   0: 0x8000312a (0x02b4f433) remu    s0, s1, a1
core   0: 3 0x8000312a (0x02b4f433) x8  0xfffffa17
core   0: 0x8000312e (0x00a18733) add     a4, gp, a0
core   0: 3 0x8000312e (0x00a18733) x14 0x00000000
core   0: 0x80003132 (0x00008d79) c.and   a0, a4
core   0: 3 0x80003132 (0x8d79) x10 0x00000000
core   0: 0x80003134 (0x011d00b3) add     ra, s10, a7
core   0: 3 0x80003134 (0x011d00b3) x1  0x0ffffff1
core   0: 0x80003138 (0x015c52b3) srl     t0, s8, s5
core   0: 3 0x80003138 (0x015c52b3) x5  0x00000001
core   0: 0x8000313c (0x0043d593) srli    a1, t2, 4
core   0: 3 0x8000313c (0x0043d593) x11 0x080025ea
core   0: 0x80003140 (0x000082a5) c.srli  a3, 9
core   0: 3 0x80003140 (0x82a5) x13 0x00000000
core   0: 0x80003142 (0x0000810d) c.srli  a0, 3
core   0: 3 0x80003142 (0x810d) x10 0x00000000
core   0: 0x80003144 (0x0859a893) slti    a7, s3, 133
core   0: 3 0x80003144 (0x0859a893) x17 0x00000001
core   0: 0x80003148 (0x037a4163) blt     s4, s7, pc + 34
core   0: 3 0x80003148 (0x037a4163)
core   0: 0x8000314c (0x021905b3) mul     a1, s2, ra
core   0: 3 0x8000314c (0x021905b3) x11 0x80000000
core   0: 0x80003150 (0x02e815b3) mulh    a1, a6, a4
core   0: 3 0x80003150 (0x02e815b3) x11 0x00000000
core   0: 0x80003154 (0x00008321) c.srli  a4, 8
core   0: 3 0x80003154 (0x8321) x14 0x00000000
core   0: 0x80003156 (0x46226337) lui     t1, 0x46226
core   0: 3 0x80003156 (0x46226337) x6  0x46226000
core   0: 0x8000315a (0x0031e933) or      s2, gp, gp
core   0: 3 0x8000315a (0x0031e933) x18 0x00000000
core   0: 0x8000315e (0x02df1833) mulh    a6, t5, a3
core   0: 3 0x8000315e (0x02df1833) x16 0x00000000
core   0: 0x80003162 (0x01940b33) add     s6, s0, s9
core   0: 3 0x80003162 (0x01940b33) x22 0xfffffccd
core   0: 0x80003166 (0x03709c63) bne     ra, s7, pc + 56
core   0: 3 0x80003166 (0x03709c63)
core   0: 0x8000319e (0x011febb3) or      s7, t6, a7
core   0: 3 0x8000319e (0x011febb3) x23 0x00000001
core   0: 0x800031a2 (0x41055b93) srai    s7, a0, 16
core   0: 3 0x800031a2 (0x41055b93) x23 0x00000000
core   0: 0x800031a6 (0x00005f7d) c.li    t5, -1
core   0: 3 0x800031a6 (0x5f7d) x30 0xffffffff
core   0: 0x800031a8 (0x40a25593) srai    a1, tp, 10
core   0: 3 0x800031a8 (0x40a25593) x11 0x00000000
core   0: 0x800031ac (0x020c7c33) remu    s8, s8, zero
core   0: 3 0x800031ac (0x020c7c33) x24 0x00000001
core   0: 0x800031b0 (0x02e8bc33) mulhu   s8, a7, a4
core   0: 3 0x800031b0 (0x02e8bc33) x24 0x00000000
core   0: 0x800031b4 (0x4ef90813) addi    a6, s2, 1263
core   0: 3 0x800031b4 (0x4ef90813) x16 0x000004ef
core   0: 0x800031b8 (0x039f0a33) mul     s4, t5, s9
core   0: 3 0x800031b8 (0x039f0a33) x20 0xfffffd4a
core   0: 0x800031bc (0x0046c663) blt     a3, tp, pc + 12
core   0: 3 0x800031bc (0x0046c663)
core   0: 0x800031c0 (0x032e1c63) bne     t3, s2, pc + 56
core   0: 3 0x800031c0 (0x032e1c63)
core   0: 0x800031f8 (0x00008c39) c.xor   s0, a4
core   0: 3 0x800031f8 (0x8c39) x8  0xfffffa17
core   0: 0x800031fa (0x00008155) c.srli  a0, 21
core   0: 3 0x800031fa (0x8155) x10 0x00000000
core   0: 0x800031fc (0x02216ab3) rem     s5, sp, sp
core   0: 3 0x800031fc (0x02216ab3) x21 0x00000000
core   0: 0x80003200 (0x023f9063) bne     t6, gp, pc + 32
core   0: 3 0x80003200 (0x023f9063)
core   0: 0x80003220 (0x02b2f8b3) remu    a7, t0, a1
core   0: 3 0x80003220 (0x02b2f8b3) x17 0x00000001
core   0: 0x80003224 (0x00008741) c.srai  a4, 16
core   0: 3 0x80003224 (0x8741) x14 0x00000000
core   0: 0x80003226 (0x00008dc5) c.or    a1, s1
core   0: 3 0x80003226 (0x8dc5) x11 0xfffffa17
core   0: 0x80003228 (0x023d7b33) remu    s6, s10, gp
core   0: 3 0x80003228 (0x023d7b33) x22 0x0ffffff0
core   0: 0x8000322c (0x00008725) c.srai  a4, 9
core   0: 3 0x8000322c (0x8725) x14 0x00000000
core   0: 0x8000322e (0xe10a8e13) addi    t3, s5, -496
core   0: 3 0x8000322e (0xe10a8e13) x28 0xfffffe10
core   0: 0x80003232 (0x005e41b3) xor     gp, t3, t0
core   0: 3 0x80003232 (0x005e41b3) x3  0xfffffe11
core   0: 0x80003236 (0x00000001) c.nop
core   0: 3 0x80003236 (0x0001)
core   0: 0x80003238 (0x0000c289) c.beqz  a3, pc + 2
core   0: 3 0x80003238 (0xc289)
core   0: 0x8000323a (0x01732cb3) slt     s9, t1, s7
core   0: 3 0x8000323a (0x01732cb3) x25 0x00000000
core   0: 0x8000323e (0x00459863) bne     a1, tp, pc + 16
core   0: 3 0x8000323e (0x00459863)
core   0: 0x8000324e (0x033d9f63) bne     s11, s3, pc + 62
core   0: 3 0x8000324e (0x033d9f63)
core   0: 0x8000328c (0x0132a1b3) slt     gp, t0, s3
core   0: 3 0x8000328c (0x0132a1b3) x3  0x00000000
core   0: 0x80003290 (0x00465463) bge     a2, tp, pc + 8
core   0: 3 0x80003290 (0x00465463)
core   0: 0x80003298 (0x013b8a33) add     s4, s7, s3
core   0: 3 0x80003298 (0x013b8a33) x20 0x00000000
core   0: 0x8000329c (0x5a48b737) lui     a4, 0x5a48b
core   0: 3 0x8000329c (0x5a48b737) x14 0x5a48b000
core   0: 0x800032a0 (0xe7ffac13) slti    s8, t6, -385
core   0: 3 0x800032a0 (0xe7ffac13) x24 0x00000000
core   0: 0x800032a4 (0x00000c09) c.addi  s8, 2
core   0: 3 0x800032a4 (0x0c09) x24 0x00000002
core   0: 0x800032a6 (0x0337f6b3) remu    a3, a5, s3
core   0: 3 0x800032a6 (0x0337f6b3) x13 0x80000000
core   0: 0x800032aa (0x0000e205) c.bnez  a2, pc + 32
core   0: 3 0x800032aa (0xe205)
core   0: 0x800032ca (0x0221dbb3) divu    s7, gp, sp
core   0: 3 0x800032ca (0x0221dbb3) x23 0x00000000
core   0: 0x800032ce (0x05770563) beq     a4, s7, pc + 74
core   0: 3 0x800032ce (0x05770563)
core   0: 0x800032d2 (0x03d1f233) remu    tp, gp, t4
core   0: 3 0x800032d2 (0x03d1f233) x4  0x00000000
core   0: 0x800032d6 (0x00000b9d) c.addi  s7, 7
core   0: 3 0x800032d6 (0x0b9d) x23 0x00000007
core   0: 0x800032d8 (0x00a46d33) or      s10, s0, a0
core   0: 3 0x800032d8 (0x00a46d33) x26 0xfffffa17
core   0: 0x800032dc (0x41d75413) srai    s0, a4, 29
core   0: 3 0x800032dc (0x41d75413) x8  0x00000002
core   0: 0x800032e0 (0x04516263) bltu    sp, t0, pc + 68
core   0: 3 0x800032e0 (0x04516263)
core   0: 0x800032e4 (0x660e0c37) lui     s8, 0x660e0
core   0: 3 0x800032e4 (0x660e0c37) x24 0x660e0000
core   0: 0x800032e8 (0x5b138d93) addi    s11, t2, 1457
core   0: 3 0x800032e8 (0x5b138d93) x27 0x80026455
core   0: 0x800032ec (0x0130c333) xor     t1, ra, s3
core   0: 3 0x800032ec (0x0130c333) x6  0x0ffffff1
core   0: 0x800032f0 (0x026a4263) blt     s4, t1, pc + 36
core   0: 3 0x800032f0 (0x026a4263)
core   0: 0x80003314 (0x40b385b3) sub     a1, t2, a1
core   0: 3 0x80003314 (0x40b385b3) x11 0x8002648d
core   0: 0x80003318 (0x038ae5b3) rem     a1, s5, s8
core   0: 3 0x80003318 (0x038ae5b3) x11 0x00000000
core   0: 0x8000331c (0x3b183413) sltiu   s0, a6, 945
core   0: 3 0x8000331c (0x3b183413) x8  0x00000000
core   0: 0x80003320 (0x419f8ab3) sub     s5, t6, s9
core   0: 3 0x80003320 (0x419f8ab3) x21 0x00000001
core   0: 0x80003324 (0x2d317897) auipc   a7, 0x2d317
core   0: 3 0x80003324 (0x2d317897) x17 0xad31a324
core   0: 0x80003328 (0x038b8fb3) mul     t6, s7, s8
core   0: 3 0x80003328 (0x038b8fb3) x31 0xca620000
core   0: 0x8000332c (0x3cd92313) slti    t1, s2, 973
core   0: 3 0x8000332c (0x3cd92313) x6  0x00000001
core   0: 0x80003330 (0x01b6a933) slt     s2, a3, s11
core   0: 3 0x80003330 (0x01b6a933) x18 0x00000001
core   0: 0x80003334 (0x0033b433) sltu    s0, t2, gp
core   0: 3 0x80003334 (0x0033b433) x8  0x00000000
core   0: 0x80003338 (0x02591263) bne     s2, t0, pc + 36
core   0: 3 0x80003338 (0x02591263)
core   0: 0x8000333c (0xdd92bbb7) lui     s7, 0xdd92b
core   0: 3 0x8000333c (0xdd92bbb7) x23 0xdd92b000
core   0: 0x80003340 (0x0000ed0d) c.bnez  a0, pc + 58
core   0: 3 0x80003340 (0xed0d)
core   0: 0x80003342 (0x40de5013) srai    zero, t3, 13
core   0: 3 0x80003342 (0x40de5013)
core   0: 0x80003346 (0x01bf2eb3) slt     t4, t5, s11
core   0: 3 0x80003346 (0x01bf2eb3) x29 0x00000000
core   0: 0x8000334a (0x02141263) bne     s0, ra, pc + 36
core   0: 3 0x8000334a (0x02141263)
core   0: 0x8000336e (0x0000c985) c.beqz  a1, pc + 48
core   0: 3 0x8000336e (0xc985)
core   0: 0x8000339e (0x0000527d) c.li    tp, -1
core   0: 3 0x8000339e (0x527d) x4  0xffffffff
core   0: 0x800033a0 (0x0000e28d) c.bnez  a3, pc + 34
core   0: 3 0x800033a0 (0xe28d)
core   0: 0x800033c2 (0x51ee4013) xori    zero, t3, 1310
core   0: 3 0x800033c2 (0x51ee4013)
core   0: 0x800033c6 (0x00628db3) add     s11, t0, t1
core   0: 3 0x800033c6 (0x00628db3) x27 0x00000002
core   0: 0x800033ca (0x00008e6a) c.mv    t3, s10
core   0: 3 0x800033ca (0x8e6a) x28 0xfffffa17
core   0: 0x800033cc (0x7ddf7d93) andi    s11, t5, 2013
core   0: 3 0x800033cc (0x7ddf7d93) x27 0x000007dd
core   0: 0x800033d0 (0x00000001) c.nop
core   0: 3 0x800033d0 (0x0001)
core   0: 0x800033d2 (0x0000882a) c.mv    a6, a0
core   0: 3 0x800033d2 (0x882a) x16 0x00000000
core   0: 0x800033d4 (0xf56fc513) xori    a0, t6, -170
core   0: 3 0x800033d4 (0xf56fc513) x10 0x359dff56
core   0: 0x800033d8 (0x00008c15) c.sub   s0, a3
core   0: 3 0x800033d8 (0x8c15) x8  0x80000000
core   0: 0x800033da (0x007885b3) add     a1, a7, t2
core   0: 3 0x800033da (0x007885b3) x11 0x2d3401c8
core   0: 0x800033de (0x00008865) c.andi  s0, 25
core   0: 3 0x800033de (0x8865) x8  0x00000000
core   0: 0x800033e0 (0x03b80033) mul     zero, a6, s11
core   0: 3 0x800033e0 (0x03b80033)
core   0: 0x800033e4 (0x41cd5f93) srai    t6, s10, 28
core   0: 3 0x800033e4 (0x41cd5f93) x31 0xffffffff
core   0: 0x800033e8 (0x00000466) c.slli  s0, 25
core   0: 3 0x800033e8 (0x0466) x8  0x00000000
core   0: 0x800033ea (0x000058fd) c.li    a7, -1
core   0: 3 0x800033ea (0x58fd) x17 0xffffffff
core   0: 0x800033ec (0x0000c215) c.beqz  a2, pc + 36
core   0: 3 0x800033ec (0xc215)
core   0: 0x800033ee (0x00000001) c.nop
core   0: 3 0x800033ee (0x0001)
core   0: 0x800033f0 (0xfa4d1517) auipc   a0, 0xfa4d1
core   0: 3 0x800033f0 (0xfa4d1517) x10 0x7a4d43f0
core   0: 0x800033f4 (0x41585633) sra     a2, a6, s5
core   0: 3 0x800033f4 (0x41585633) x12 0x00000000
core   0: 0x800033f8 (0x008c7c63) bgeu    s8, s0, pc + 24
core   0: 3 0x800033f8 (0x008c7c63)
core   0: 0x80003410 (0x0000832d) c.srli  a4, 11
core   0: 3 0x80003410 (0x832d) x14 0x000b4916
core   0: 0x80003412 (0x00006f6d) c.lui   t5, 0x1b
core   0: 3 0x80003412 (0x6f6d) x30 0x0001b000
core   0: 0x80003414 (0x01f3df93) srli    t6, t2, 31
core   0: 3 0x80003414 (0x01f3df93) x31 0x00000001
core   0: 0x80003418 (0x40d95033) sra     zero, s2, a3
core   0: 3 0x80003418 (0x40d95033)
core   0: 0x8000341c (0x00316f63) bltu    sp, gp, pc + 30
core   0: 3 0x8000341c (0x00316f63)
core   0: 0x80003420 (0x02ba41b3) div     gp, s4, a1
core   0: 3 0x80003420 (0x02ba41b3) x3  0x00000000
core   0: 0x80003424 (0x00008426) c.mv    s0, s1
core   0: 3 0x80003424 (0x8426) x8  0xfffffa17
core   0: 0x80003426 (0x02c74933) div     s2, a4, a2
core   0: 3 0x80003426 (0x02c74933) x18 0xffffffff
core   0: 0x8000342a (0x0000825e) c.mv    tp, s7
core   0: 3 0x8000342a (0x825e) x4  0xdd92b000
core   0: 0x8000342c (0x01a6df93) srli    t6, a3, 26
core   0: 3 0x8000342c (0x01a6df93) x31 0x00000020
core   0: 0x80003430 (0x000082f9) c.srli  a3, 30
core   0: 3 0x80003430 (0x82f9) x13 0x00000002
core   0: 0x80003432 (0x00008c95) c.sub   s1, a3
core   0: 3 0x80003432 (0x8c95) x9  0xfffffa15
core   0: 0x80003434 (0x019ef1b3) and     gp, t4, s9
core   0: 3 0x80003434 (0x019ef1b3) x3  0x00000000
core   0: 0x80003438 (0x0000e299) c.bnez  a3, pc + 6
core   0: 3 0x80003438 (0xe299)
core   0: 0x8000343e (0x00000001) c.nop
core   0: 3 0x8000343e (0x0001)
core   0: 0x80003440 (0x00008d9d) c.sub   a1, a5
core   0: 3 0x80003440 (0x8d9d) x11 0xad3401c8
core   0: 0x80003442 (0x0000e709) c.bnez  a4, pc + 10
core   0: 3 0x80003442 (0xe709)
core   0: 0x8000344c (0x0184fa33) and     s4, s1, s8
core   0: 3 0x8000344c (0x0184fa33) x20 0x660e0000
core   0: 0x80003450 (0x85f37b13) andi    s6, t1, -1953
core   0: 3 0x80003450 (0x85f37b13) x22 0x00000001
core   0: 0x80003454 (0x01841233) sll     tp, s0, s8
core   0: 3 0x80003454 (0x01841233) x4  0xfffffa17
core   0: 0x80003458 (0x00008365) c.srli  a4, 25
core   0: 3 0x80003458 (0x8365) x14 0x00000000
core   0: 0x8000345a (0x0000845d) c.srai  s0, 23
core   0: 3 0x8000345a (0x845d) x8  0xffffffff
core   0: 0x8000345c (0x00008d2d) c.xor   a0, a1
core   0: 3 0x8000345c (0x8d2d) x10 0xd7794238
core   0: 0x8000345e (0x0000029d) c.addi  t0, 7
core   0: 3 0x8000345e (0x029d) x5  0x00000008
core   0: 0x80003460 (0x0000862a) c.mv    a2, a0
core   0: 3 0x80003460 (0x862a) x12 0xd7794238
core   0: 0x80003462 (0xd57f0593) addi    a1, t5, -681
core   0: 3 0x80003462 (0xd57f0593) x11 0x0001ad57
core   0: 0x80003466 (0x016ade63) bge     s5, s6, pc + 28
core   0: 3 0x80003466 (0x016ade63)
core   0: 0x80003482 (0x0000c929) c.beqz  a0, pc + 82
core   0: 3 0x80003482 (0xc929)
core   0: 0x80003484 (0x29f6c713) xori    a4, a3, 671
core   0: 3 0x80003484 (0x29f6c713) x14 0x0000029d
core   0: 0x80003488 (0x006dd513) srli    a0, s11, 6
core   0: 3 0x80003488 (0x006dd513) x10 0x0000001f
core   0: 0x8000348c (0x05cc7763) bgeu    s8, t3, pc + 78
core   0: 3 0x8000348c (0x05cc7763)
core   0: 0x80003490 (0x00008ccd) c.or    s1, a1
core   0: 3 0x80003490 (0x8ccd) x9  0xffffff57
core   0: 0x80003492 (0x05099163) bne     s3, a6, pc + 66
core   0: 3 0x80003492 (0x05099163)
core   0: 0x80003496 (0x00008c4d) c.or    s0, a1
core   0: 3 0x80003496 (0x8c4d) x8  0xffffffff
core   0: 0x80003498 (0x03f766b3) rem     a3, a4, t6
core   0: 3 0x80003498 (0x03f766b3) x13 0x0000001d
core   0: 0x8000349c (0x02789533) mulh    a0, a7, t2
core   0: 3 0x8000349c (0x02789533) x10 0x00000000
core   0: 0x800034a0 (0x00008815) c.andi  s0, 5
core   0: 3 0x800034a0 (0x8815) x8  0x00000005
core   0: 0x800034a2 (0x8f3bb9b7) lui     s3, 0x8f3bb
core   0: 3 0x800034a2 (0x8f3bb9b7) x19 0x8f3bb000
core   0: 0x800034a6 (0x00004225) c.li    tp, 9
core   0: 3 0x800034a6 (0x4225) x4  0x00000009
core   0: 0x800034a8 (0x00004ea1) c.li    t4, 8
core   0: 3 0x800034a8 (0x4ea1) x29 0x00000008
core   0: 0x800034aa (0x013e8e33) add     t3, t4, s3
core   0: 3 0x800034aa (0x013e8e33) x28 0x8f3bb008
core   0: 0x800034ae (0x26dec593) xori    a1, t4, 621
core   0: 3 0x800034ae (0x26dec593) x11 0x00000265
core   0: 0x800034b2 (0x00001265) c.addi  tp, -7
core   0: 3 0x800034b2 (0x1265) x4  0x00000002
core   0: 0x800034b4 (0x0014ea33) or      s4, s1, ra
core   0: 3 0x800034b4 (0x0014ea33) x20 0xfffffff7
core   0: 0x800034b8 (0xffd279e3) bgeu    tp, t4, pc - 14
core   0: 3 0x800034b8 (0xffd279e3)
core   0: 0x800034bc (0x401f5b93) srai    s7, t5, 1
core   0: 3 0x800034bc (0x401f5b93) x23 0x0000d800
core   0: 0x800034c0 (0x02711463) bne     sp, t2, pc + 40
core   0: 3 0x800034c0 (0x02711463)
core   0: 0x800034e8 (0x0000ec0d) c.bnez  s0, pc + 58
core   0: 3 0x800034e8 (0xec0d)
core   0: 0x80003522 (0x020439b3) mulhu   s3, s0, zero
core   0: 3 0x80003522 (0x020439b3) x19 0x00000000
core   0: 0x80003526 (0xd9553e97) auipc   t4, 0xd9553
core   0: 3 0x80003526 (0xd9553e97) x29 0x59556526
core   0: 0x8000352a (0x01e1eb63) bltu    gp, t5, pc + 22
core   0: 3 0x8000352a (0x01e1eb63)
core   0: 0x80003540 (0x00008886) c.mv    a7, ra
core   0: 3 0x80003540 (0x8886) x17 0x0ffffff1
core   0: 0x80003542 (0x02671a63) bne     a4, t1, pc + 52
core   0: 3 0x80003542 (0x02671a63)
core   0: 0x80003576 (0x03e80d33) mul     s10, a6, t5
core   0: 3 0x80003576 (0x03e80d33) x26 0x00000000
core   0: 0x8000357a (0x02d1bc33) mulhu   s8, gp, a3
core   0: 3 0x8000357a (0x02d1bc33) x24 0x00000000
core   0: 0x8000357e (0x00008c55) c.or    s0, a3
core   0: 3 0x8000357e (0x8c55) x8  0x0000001d
core   0: 0x80003580 (0xe8ac2513) slti    a0, s8, -374
core   0: 3 0x80003580 (0xe8ac2513) x10 0x00000000
core   0: 0x80003584 (0x01c79213) slli    tp, a5, 28
core   0: 3 0x80003584 (0x01c79213) x4  0x00000000
core   0: 0x80003588 (0x0000187d) c.addi  a6, -1
core   0: 3 0x80003588 (0x187d) x16 0xffffffff
core   0: 0x8000358a (0x03ebd463) bge     s7, t5, pc + 40
core   0: 3 0x8000358a (0x03ebd463)
core   0: 0x8000358e (0xabdf2e93) slti    t4, t5, -1347
core   0: 3 0x8000358e (0xabdf2e93) x29 0x00000000
core   0: 0x80003592 (0x891dfe13) andi    t3, s11, -1903
core   0: 3 0x80003592 (0x891dfe13) x28 0x00000091
core   0: 0x80003596 (0x02c08063) beq     ra, a2, pc + 32
core   0: 3 0x80003596 (0x02c08063)
core   0: 0x8000359a (0x00165293) srli    t0, a2, 1
core   0: 3 0x8000359a (0x00165293) x5  0x6bbca11c
core   0: 0x8000359e (0x01139c13) slli    s8, t2, 17
core   0: 3 0x8000359e (0x01139c13) x24 0xbd480000
core   0: 0x800035a2 (0x01e35c93) srli    s9, t1, 30
core   0: 3 0x800035a2 (0x01e35c93) x25 0x00000000
core   0: 0x800035a6 (0x829e6593) ori     a1, t3, -2007
core   0: 3 0x800035a6 (0x829e6593) x11 0xfffff8b9
core   0: 0x800035aa (0x00008d85) c.sub   a1, s1
core   0: 3 0x800035aa (0x8d85) x11 0xfffff962
core   0: 0x800035ac (0x00008f51) c.or    a4, a2
core   0: 3 0x800035ac (0x8f51) x14 0xd77942bd
core   0: 0x800035ae (0x4098d993) srai    s3, a7, 9
core   0: 3 0x800035ae (0x4098d993) x19 0x0007ffff
core   0: 0x800035b2 (0x006ec633) xor     a2, t4, t1
core   0: 3 0x800035b2 (0x006ec633) x12 0x00000001
core   0: 0x800035b6 (0x00000001) c.nop
core   0: 3 0x800035b6 (0x0001)
core   0: 0x800035b8 (0x00009b7d) c.andi  a4, -1
core   0: 3 0x800035b8 (0x9b7d) x14 0xd77942bd
core   0: 0x800035ba (0x01547033) and     zero, s0, s5
core   0: 3 0x800035ba (0x01547033)
core   0: 0x800035be (0xe2cda293) slti    t0, s11, -468
core   0: 3 0x800035be (0xe2cda293) x5  0x00000000
core   0: 0x800035c2 (0x032c7f63) bgeu    s8, s2, pc + 62
core   0: 3 0x800035c2 (0x032c7f63)
core   0: 0x800035c6 (0x01ce3433) sltu    s0, t3, t3
core   0: 3 0x800035c6 (0x01ce3433) x8  0x00000000
core   0: 0x800035ca (0x02f54b33) div     s6, a0, a5
core   0: 3 0x800035ca (0x02f54b33) x22 0x00000000
core   0: 0x800035ce (0x0288bbb3) mulhu   s7, a7, s0
core   0: 3 0x800035ce (0x0288bbb3) x23 0x00000000
core   0: 0x800035d2 (0x03c885b3) mul     a1, a7, t3
core   0: 3 0x800035d2 (0x03c885b3) x11 0x0ffff781
core   0: 0x800035d6 (0x00008efa) c.mv    t4, t5
core   0: 3 0x800035d6 (0x8efa) x29 0x0001b000
core   0: 0x800035d8 (0x000006a1) c.addi  a3, 8
core   0: 3 0x800035d8 (0x06a1) x13 0x00000025
core   0: 0x800035da (0x01786363) bltu    a6, s7, pc + 6
core   0: 3 0x800035da (0x01786363)
core   0: 0x800035de (0x00000001) c.nop
core   0: 3 0x800035de (0x0001)
core   0: 0x800035e0 (0x0291feb3) remu    t4, gp, s1
core   0: 3 0x800035e0 (0x0291feb3) x29 0x00000000
core   0: 0x800035e4 (0x00000001) c.nop
core   0: 3 0x800035e4 (0x0001)
core   0: 0x800035e6 (0x65ac2913) slti    s2, s8, 1626
core   0: 3 0x800035e6 (0x65ac2913) x18 0x00000001
core   0: 0x800035ea (0x011c0933) add     s2, s8, a7
core   0: 3 0x800035ea (0x011c0933) x18 0xcd47fff1
core   0: 0x800035ee (0x00006fd5) c.lui   t6, 0x15
core   0: 3 0x800035ee (0x6fd5) x31 0x00015000
core   0: 0x800035f0 (0x00008c3e) c.mv    s8, a5
core   0: 3 0x800035f0 (0x8c3e) x24 0x80000000
core   0: 0x800035f2 (0x019d1363) bne     s10, s9, pc + 6
core   0: 3 0x800035f2 (0x019d1363)
core   0: 0x800035f6 (0x00004e01) c.li    t3, 0
core   0: 3 0x800035f6 (0x4e01) x28 0x00000000
core   0: 0x800035f8 (0x00008f42) c.mv    t5, a6
core   0: 3 0x800035f8 (0x8f42) x30 0xffffffff
core   0: 0x800035fa (0x00008cdd) c.or    s1, a5
core   0: 3 0x800035fa (0x8cdd) x9  0xffffff57
core   0: 0x800035fc (0x01c0b6b3) sltu    a3, ra, t3
core   0: 3 0x800035fc (0x01c0b6b3) x13 0x00000000
core   0: 0x80003600 (0x02154533) div     a0, a0, ra
core   0: 3 0x80003600 (0x02154533) x10 0x00000000
core   0: 0x80003604 (0x00008d81) c.sub   a1, s0
core   0: 3 0x80003604 (0x8d81) x11 0x0ffff781
core   0: 0x80003606 (0x41355833) sra     a6, a0, s3
core   0: 3 0x80003606 (0x41355833) x16 0x00000000
core   0: 0x8000360a (0x025ee533) rem     a0, t4, t0
core   0: 3 0x8000360a (0x025ee533) x10 0x00000000
core   0: 0x8000360e (0x0000893d) c.andi  a0, 15
core   0: 3 0x8000360e (0x893d) x10 0x00000000
core   0: 0x80003610 (0x02179763) bne     a5, ra, pc + 46
core   0: 3 0x80003610 (0x02179763)
core   0: 0x8000363e (0x0116bfb3) sltu    t6, a3, a7
core   0: 3 0x8000363e (0x0116bfb3) x31 0x00000001
core   0: 0x80003642 (0x00a00c63) beq     zero, a0, pc + 24
core   0: 3 0x80003642 (0x00a00c63)
core   0: 0x8000365a (0x000086c9) c.srai  a3, 18
core   0: 3 0x8000365a (0x86c9) x13 0x00000000
core   0: 0x8000365c (0x00d292b3) sll     t0, t0, a3
core   0: 3 0x8000365c (0x00d292b3) x5  0x00000000
core   0: 0x80003660 (0x00008d8d) c.sub   a1, a1
core   0: 3 0x80003660 (0x8d8d) x11 0x00000000
core   0: 0x80003662 (0x0000ec01) c.bnez  s0, pc + 24
core   0: 3 0x80003662 (0xec01)
core   0: 0x80003664 (0x000058fd) c.li    a7, -1
core   0: 3 0x80003664 (0x58fd) x17 0xffffffff
core   0: 0x80003666 (0x01a7afb3) slt     t6, a5, s10
core   0: 3 0x80003666 (0x01a7afb3) x31 0x00000001
core   0: 0x8000366a (0x00008ce1) c.and   s1, s0
core   0: 3 0x8000366a (0x8ce1) x9  0x00000000
core   0: 0x8000366c (0x00006659) c.lui   a2, 0x16
core   0: 3 0x8000366c (0x6659) x12 0x00016000
core   0: 0x8000366e (0x00000001) c.nop
core   0: 3 0x8000366e (0x0001)
core   0: 0x80003670 (0x1c1596b7) lui     a3, 0x1c159
core   0: 3 0x80003670 (0x1c1596b7) x13 0x1c159000
core   0: 0x80003674 (0x00008ccd) c.or    s1, a1
core   0: 3 0x80003674 (0x8ccd) x9  0x00000000
core   0: 0x80003676 (0x01b3a233) slt     tp, t2, s11
core   0: 3 0x80003676 (0x01b3a233) x4  0x00000001
core   0: 0x8000367a (0x008bc733) xor     a4, s7, s0
core   0: 3 0x8000367a (0x008bc733) x14 0x00000000
core   0: 0x8000367e (0x02c2aab3) mulhsu  s5, t0, a2
core   0: 3 0x8000367e (0x02c2aab3) x21 0x00000000
core   0: 0x80003682 (0x0000e711) c.bnez  a4, pc + 12
core   0: 3 0x80003682 (0xe711)
core   0: 0x80003684 (0x03f90f63) beq     s2, t6, pc + 62
core   0: 3 0x80003684 (0x03f90f63)
core   0: 0x80003688 (0x000080d1) c.srli  s1, 20
core   0: 3 0x80003688 (0x80d1) x9  0x00000000
core   0: 0x8000368a (0x037d4263) blt     s10, s7, pc + 36
core   0: 3 0x8000368a (0x037d4263)
core   0: 0x8000368e (0x006622b3) slt     t0, a2, t1
core   0: 3 0x8000368e (0x006622b3) x5  0x00000000
core   0: 0x80003692 (0x019c6933) or      s2, s8, s9
core   0: 3 0x80003692 (0x019c6933) x18 0x80000000
core   0: 0x80003696 (0x00000001) c.nop
core   0: 3 0x80003696 (0x0001)
core   0: 0x80003698 (0x000008ee) c.slli  a7, 27
core   0: 3 0x80003698 (0x08ee) x17 0xf8000000
core   0: 0x8000369a (0x03634a33) div     s4, t1, s6
core   0: 3 0x8000369a (0x03634a33) x20 0xffffffff
core   0: 0x8000369e (0x00000ee2) c.slli  t4, 24
core   0: 3 0x8000369e (0x0ee2) x29 0x00000000
core   0: 0x800036a0 (0x0042e763) bltu    t0, tp, pc + 14
core   0: 3 0x800036a0 (0x0042e763)
core   0: 0x800036ae (0x02002bb3) mulhsu  s7, zero, zero
core   0: 3 0x800036ae (0x02002bb3) x23 0x00000000
core   0: 0x800036b2 (0x05736063) bltu    t1, s7, pc + 64
core   0: 3 0x800036b2 (0x05736063)
core   0: 0x800036b6 (0x00000001) c.nop
core   0: 3 0x800036b6 (0x0001)
core   0: 0x800036b8 (0x00008d95) c.sub   a1, a3
core   0: 3 0x800036b8 (0x8d95) x11 0xe3ea7000
core   0: 0x800036ba (0x01a01863) bne     zero, s10, pc + 16
core   0: 3 0x800036ba (0x01a01863)
core   0: 0x800036be (0x4bc1bb93) sltiu   s7, gp, 1212
core   0: 3 0x800036be (0x4bc1bb93) x23 0x00000001
core   0: 0x800036c2 (0x565e8413) addi    s0, t4, 1381
core   0: 3 0x800036c2 (0x565e8413) x8  0x00000565
core   0: 0x800036c6 (0x030f95b3) mulh    a1, t6, a6
core   0: 3 0x800036c6 (0x030f95b3) x11 0x00000000
core   0: 0x800036ca (0x00000756) c.slli  a4, 21
core   0: 3 0x800036ca (0x0756) x14 0x00000000
core   0: 0x800036cc (0x23d3d697) auipc   a3, 0x23d3d
core   0: 3 0x800036cc (0x23d3d697) x13 0xa3d406cc
core   0: 0x800036d0 (0x02a299b3) mulh    s3, t0, a0
core   0: 3 0x800036d0 (0x02a299b3) x19 0x00000000
core   0: 0x800036d4 (0x01f715b3) sll     a1, a4, t6
core   0: 3 0x800036d4 (0x01f715b3) x11 0x00000000
core   0: 0x800036d8 (0x02724863) blt     tp, t2, pc + 48
core   0: 3 0x800036d8 (0x02724863)
core   0: 0x800036dc (0x02260363) beq     a2, sp, pc + 38
core   0: 3 0x800036dc (0x02260363)
core   0: 0x800036e0 (0x03e0c163) blt     ra, t5, pc + 34
core   0: 3 0x800036e0 (0x03e0c163)
core   0: 0x800036e4 (0x01ce9b33) sll     s6, t4, t3
core   0: 3 0x800036e4 (0x01ce9b33) x22 0x00000000
core   0: 0x800036e8 (0x00f31893) slli    a7, t1, 15
core   0: 3 0x800036e8 (0x00f31893) x17 0x00008000
core   0: 0x800036ec (0x0038afb3) slt     t6, a7, gp
core   0: 3 0x800036ec (0x0038afb3) x31 0x00000000
core   0: 0x800036f0 (0x000082e9) c.srli  a3, 26
core   0: 3 0x800036f0 (0x82e9) x13 0x00000028
core   0: 0x800036f2 (0x00008365) c.srli  a4, 25
core   0: 3 0x800036f2 (0x8365) x14 0x00000000
core   0: 0x800036f4 (0x003ce733) or      a4, s9, gp
core   0: 3 0x800036f4 (0x003ce733) x14 0x00000000
core   0: 0x800036f8 (0x03769b63) bne     a3, s7, pc + 54
core   0: 3 0x800036f8 (0x03769b63)
core   0: 0x8000372e (0x00008735) c.srai  a4, 13
core   0: 3 0x8000372e (0x8735) x14 0x00000000
core   0: 0x80003730 (0x1fc76993) ori     s3, a4, 508
core   0: 3 0x80003730 (0x1fc76993) x19 0x000001fc
core   0: 0x80003734 (0x0304ec33) rem     s8, s1, a6
core   0: 3 0x80003734 (0x0304ec33) x24 0x00000000
core   0: 0x80003738 (0x01f82b33) slt     s6, a6, t6
core   0: 3 0x80003738 (0x01f82b33) x22 0x00000000
core   0: 0x8000373c (0x03439e33) mulh    t3, t2, s4
core   0: 3 0x8000373c (0x03439e33) x28 0x00000000
core   0: 0x80003740 (0xb9c22a93) slti    s5, tp, -1124
core   0: 3 0x80003740 (0xb9c22a93) x21 0x00000000
core   0: 0x80003744 (0x0000072e) c.slli  a4, 11
core   0: 3 0x80003744 (0x072e) x14 0x00000000
core   0: 0x80003746 (0x010e5593) srli    a1, t3, 16
core   0: 3 0x80003746 (0x010e5593) x11 0x00000000
core   0: 0x8000374a (0x0000c305) c.beqz  a4, pc + 32
core   0: 3 0x8000374a (0xc305)
core   0: 0x8000376a (0x0000e88d) c.bnez  s1, pc + 50
core   0: 3 0x8000376a (0xe88d)
core   0: 0x8000376c (0x03355433) divu    s0, a0, s3
core   0: 3 0x8000376c (0x03355433) x8  0x00000000
core   0: 0x80003770 (0x0385eeb3) rem     t4, a1, s8
core   0: 3 0x80003770 (0x0385eeb3) x29 0x00000000
core   0: 0x80003774 (0x0000864d) c.srai  a2, 19
core   0: 3 0x80003774 (0x864d) x12 0x00000000
core   0: 0x80003776 (0x000052fd) c.li    t0, -1
core   0: 3 0x80003776 (0x52fd) x5  0xffffffff
core   0: 0x80003778 (0x029d69b3) rem     s3, s10, s1
core   0: 3 0x80003778 (0x029d69b3) x19 0x00000000
core   0: 0x8000377c (0x0007ef63) bltu    a5, zero, pc + 30
core   0: 3 0x8000377c (0x0007ef63)
core   0: 0x80003780 (0x00008645) c.srai  a2, 17
core   0: 3 0x80003780 (0x8645) x12 0x00000000
core   0: 0x80003782 (0x023291b3) mulh    gp, t0, gp
core   0: 3 0x80003782 (0x023291b3) x3  0x00000000
core   0: 0x80003786 (0x03877633) remu    a2, a4, s8
core   0: 3 0x80003786 (0x03877633) x12 0x00000000
core   0: 0x8000378a (0x15e92f93) slti    t6, s2, 350
core   0: 3 0x8000378a (0x15e92f93) x31 0x00000001
core   0: 0x8000378e (0x00db5713) srli    a4, s6, 13
core   0: 3 0x8000378e (0x00db5713) x14 0x00000000
core   0: 0x80003792 (0x032e1633) mulh    a2, t3, s2
core   0: 3 0x80003792 (0x032e1633) x12 0x00000000
core   0: 0x80003796 (0x0000e481) c.bnez  s1, pc + 8
core   0: 3 0x80003796 (0xe481)
core   0: 0x80003798 (0x00008f35) c.xor   a4, a3
core   0: 3 0x80003798 (0x8f35) x14 0x00000028
core   0: 0x8000379a (0x00009e5e) c.add   t3, s7
core   0: 3 0x8000379a (0x9e5e) x28 0x00000001
core   0: 0x8000379c (0x0000c58d) c.beqz  a1, pc + 42
core   0: 3 0x8000379c (0xc58d)
core   0: 0x800037c6 (0x01883a33) sltu    s4, a6, s8
core   0: 3 0x800037c6 (0x01883a33) x20 0x00000000
core   0: 0x800037ca (0xcc633693) sltiu   a3, t1, -826
core   0: 3 0x800037ca (0xcc633693) x13 0x00000001
core   0: 0x800037ce (0x00008705) c.srai  a4, 1
core   0: 3 0x800037ce (0x8705) x14 0x00000014
core   0: 0x800037d0 (0x012f5bb3) srl     s7, t5, s2
core   0: 3 0x800037d0 (0x012f5bb3) x23 0xffffffff
core   0: 0x800037d4 (0x0243f263) bgeu    t2, tp, pc + 36
core   0: 3 0x800037d4 (0x0243f263)
core   0: 0x800037f8 (0x000d2fb3) slt     t6, s10, zero
core   0: 3 0x800037f8 (0x000d2fb3) x31 0x00000000
core   0: 0x800037fc (0x417bd1b3) sra     gp, s7, s7
core   0: 3 0x800037fc (0x417bd1b3) x3  0xffffffff
core   0: 0x80003800 (0x00000001) c.nop
core   0: 3 0x80003800 (0x0001)
core   0: 0x80003802 (0x00ef1413) slli    s0, t5, 14
core   0: 3 0x80003802 (0x00ef1413) x8  0xffffc000
core   0: 0x80003806 (0x40470933) sub     s2, a4, tp
core   0: 3 0x80003806 (0x40470933) x18 0x00000013
core   0: 0x8000380a (0x23a9d637) lui     a2, 0x23a9d
core   0: 3 0x8000380a (0x23a9d637) x12 0x23a9d000
core   0: 0x8000380e (0x00519363) bne     gp, t0, pc + 6
core   0: 3 0x8000380e (0x00519363)
core   0: 0x80003812 (0x00008f61) c.and   a4, s0
core   0: 3 0x80003812 (0x8f61) x14 0x00000000
core   0: 0x80003814 (0x0179cab3) xor     s5, s3, s7
core   0: 3 0x80003814 (0x0179cab3) x21 0xffffffff
core   0: 0x80003818 (0x024a08b3) mul     a7, s4, tp
core   0: 3 0x80003818 (0x024a08b3) x17 0x00000000
core   0: 0x8000381c (0x40275b33) sra     s6, a4, sp
core   0: 3 0x8000381c (0x40275b33) x22 0x00000000
core   0: 0x80003820 (0x001ed733) srl     a4, t4, ra
core   0: 3 0x80003820 (0x001ed733) x14 0x00000000
core   0: 0x80003824 (0xfa348513) addi    a0, s1, -93
core   0: 3 0x80003824 (0xfa348513) x10 0xffffffa3
core   0: 0x80003828 (0x382b7d13) andi    s10, s6, 898
core   0: 3 0x80003828 (0x382b7d13) x26 0x00000000
core   0: 0x8000382c (0x713d7313) andi    t1, s10, 1811
core   0: 3 0x8000382c (0x713d7313) x6  0x00000000
core   0: 0x80003830 (0x0320cb33) div     s6, ra, s2
core   0: 3 0x80003830 (0x0320cb33) x22 0x00d79435
core   0: 0x80003834 (0x226e2313) slti    t1, t3, 550
core   0: 3 0x80003834 (0x226e2313) x6  0x00000001
core   0: 0x80003838 (0x000081f5) c.srli  a1, 29
core   0: 3 0x80003838 (0x81f5) x11 0x00000000
core   0: 0x8000383a (0x017eb8b3) sltu    a7, t4, s7
core   0: 3 0x8000383a (0x017eb8b3) x17 0x00000001
core   0: 0x8000383e (0x03375363) bge     a4, s3, pc + 38
core   0: 3 0x8000383e (0x03375363)
core   0: 0x80003864 (0xfe663d97) auipc   s11, 0xfe663
core   0: 3 0x80003864 (0xfe663d97) x27 0x7e666864
core   0: 0x80003868 (0x00000fea) c.slli  t6, 26
core   0: 3 0x80003868 (0x0fea) x31 0x00000000
core   0: 0x8000386a (0x00008d55) c.or    a0, a3
core   0: 3 0x8000386a (0x8d55) x10 0xffffffa3
core   0: 0x8000386c (0x00009726) c.add   a4, s1
core   0: 3 0x8000386c (0x9726) x14 0x00000000
core   0: 0x8000386e (0x020f2733) mulhsu  a4, t5, zero
core   0: 3 0x8000386e (0x020f2733) x14 0x00000000
core   0: 0x80003872 (0x40165f93) srai    t6, a2, 1
core   0: 3 0x80003872 (0x40165f93) x31 0x11d4e800
core   0: 0x80003876 (0x019c3bb3) sltu    s7, s8, s9
core   0: 3 0x80003876 (0x019c3bb3) x23 0x00000000
core   0: 0x8000387a (0x030f45b3) div     a1, t5, a6
core   0: 3 0x8000387a (0x030f45b3) x11 0xffffffff
core   0: 0x8000387e (0x00000e2a) c.slli  t3, 10
core   0: 3 0x8000387e (0x0e2a) x28 0x00000400
core   0: 0x80003880 (0x02f09263) bne     ra, a5, pc + 36
core   0: 3 0x80003880 (0x02f09263)
core   0: 0x800038a4 (0x0000177d) c.addi  a4, -1
core   0: 3 0x800038a4 (0x177d) x14 0xffffffff
core   0: 0x800038a6 (0x00bd0263) beq     s10, a1, pc + 4
core   0: 3 0x800038a6 (0x00bd0263)
core   0: 0x800038aa (0x00008d71) c.and   a0, a2
core   0: 3 0x800038aa (0x8d71) x10 0x23a9d000
core   0: 0x800038ac (0x04491163) bne     s2, tp, pc + 66
core   0: 3 0x800038ac (0x04491163)
core   0: 0x800038ee (0x00008f19) c.sub   a4, a4
core   0: 3 0x800038ee (0x8f19) x14 0x00000000
core   0: 0x800038f0 (0x01ba4733) xor     a4, s4, s11
core   0: 3 0x800038f0 (0x01ba4733) x14 0x7e666864
core   0: 0x800038f4 (0x01d77f33) and     t5, a4, t4
core   0: 3 0x800038f4 (0x01d77f33) x30 0x00000000
core   0: 0x800038f8 (0x0191d663) bge     gp, s9, pc + 12
core   0: 3 0x800038f8 (0x0191d663)
core   0: 0x800038fc (0x0073f933) and     s2, t2, t2
core   0: 3 0x800038fc (0x0073f933) x18 0x80025ea4
core   0: 0x80003900 (0x4105d013) srai    zero, a1, 16
core   0: 3 0x80003900 (0x4105d013)
core   0: 0x80003904 (0x02fb1fb3) mulh    t6, s6, a5
core   0: 3 0x80003904 (0x02fb1fb3) x31 0xff9435e5
core   0: 0x80003908 (0x022506b3) mul     a3, a0, sp
core   0: 3 0x80003908 (0x022506b3) x13 0xc8714000
core   0: 0x8000390c (0x00000001) c.nop
core   0: 3 0x8000390c (0x0001)
core   0: 0x8000390e (0x00000001) c.nop
core   0: 3 0x8000390e (0x0001)
core   0: 0x80003910 (0x02669933) mulh    s2, a3, t1
core   0: 3 0x80003910 (0x02669933) x18 0xffffffff
core   0: 0x80003914 (0x020de663) bltu    s11, zero, pc + 44
core   0: 3 0x80003914 (0x020de663)
core   0: 0x80003918 (0x00008246) c.mv    tp, a7
core   0: 3 0x80003918 (0x8246) x4  0x00000001
core   0: 0x8000391a (0x000018fd) c.addi  a7, -1
core   0: 3 0x8000391a (0x18fd) x17 0x00000000
core   0: 0x8000391c (0x9620c193) xori    gp, ra, -1694
core   0: 3 0x8000391c (0x9620c193) x3  0xf0000693
core   0: 0x80003920 (0x0000e801) c.bnez  s0, pc + 16
core   0: 3 0x80003920 (0xe801)
core   0: 0x80003930 (0x00000001) c.nop
core   0: 3 0x80003930 (0x0001)
core   0: 0x80003932 (0x019a3ab3) sltu    s5, s4, s9
core   0: 3 0x80003932 (0x019a3ab3) x21 0x00000000
core   0: 0x80003936 (0x031ad363) bge     s5, a7, pc + 38
core   0: 3 0x80003936 (0x031ad363)
core   0: 0x8000395c (0x005b8e63) beq     s7, t0, pc + 28
core   0: 3 0x8000395c (0x005b8e63)
core   0: 0x80003960 (0x1c5bb593) sltiu   a1, s7, 453
core   0: 3 0x80003960 (0x1c5bb593) x11 0x00000001
core   0: 0x80003964 (0x002f2933) slt     s2, t5, sp
core   0: 3 0x80003964 (0x002f2933) x18 0x00000000
core   0: 0x80003968 (0x6260a513) slti    a0, ra, 1574
core   0: 3 0x80003968 (0x6260a513) x10 0x00000000
core   0: 0x8000396c (0xd218fa13) andi    s4, a7, -735
core   0: 3 0x8000396c (0xd218fa13) x20 0x00000000
core   0: 0x80003970 (0x0262cb63) blt     t0, t1, pc + 54
core   0: 3 0x80003970 (0x0262cb63)
core   0: 0x800039a6 (0x03cf30b3) mulhu   ra, t5, t3
core   0: 3 0x800039a6 (0x03cf30b3) x1  0x00000000
core   0: 0x800039aa (0x4090d713) srai    a4, ra, 9
core   0: 3 0x800039aa (0x4090d713) x14 0x00000000
core   0: 0x800039ae (0x00492033) slt     zero, s2, tp
core   0: 3 0x800039ae (0x00492033)
core   0: 0x800039b2 (0x03346433) rem     s0, s0, s3
core   0: 3 0x800039b2 (0x03346433) x8  0xffffc000
core   0: 0x800039b6 (0x00287bb3) and     s7, a6, sp
core   0: 3 0x800039b6 (0x00287bb3) x23 0x00000000
core   0: 0x800039ba (0x01b674b3) and     s1, a2, s11
core   0: 3 0x800039ba (0x01b674b3) x9  0x22204000
core   0: 0x800039be (0x03c9abb3) mulhsu  s7, s3, t3
core   0: 3 0x800039be (0x03c9abb3) x23 0x00000000
core   0: 0x800039c2 (0x01cdd5b3) srl     a1, s11, t3
core   0: 3 0x800039c2 (0x01cdd5b3) x11 0x7e666864
core   0: 0x800039c6 (0x00856e33) or      t3, a0, s0
core   0: 3 0x800039c6 (0x00856e33) x28 0xffffc000
core   0: 0x800039ca (0x00008eed) c.and   a3, a1
core   0: 3 0x800039ca (0x8eed) x13 0x48604000
core   0: 0x800039cc (0x03c2cd33) div     s10, t0, t3
core   0: 3 0x800039cc (0x03c2cd33) x26 0x00000000
core   0: 0x800039d0 (0x403e86b3) sub     a3, t4, gp
core   0: 3 0x800039d0 (0x403e86b3) x13 0x0ffff96d
core   0: 0x800039d4 (0x00008495) c.srai  s1, 5
core   0: 3 0x800039d4 (0x8495) x9  0x01110200
core   0: 0x800039d6 (0x00d59a33) sll     s4, a1, a3
core   0: 3 0x800039d6 (0x00d59a33) x20 0xcd0c8000
core   0: 0x800039da (0x498d82b7) lui     t0, 0x498d8
core   0: 3 0x800039da (0x498d82b7) x5  0x498d8000
core   0: 0x800039de (0x002fe363) bltu    t6, sp, pc + 6
core   0: 3 0x800039de (0x002fe363)
core   0: 0x800039e2 (0x0000c591) c.beqz  a1, pc + 12
core   0: 3 0x800039e2 (0xc591)
core   0: 0x800039e4 (0x40233c93) sltiu   s9, t1, 1026
core   0: 3 0x800039e4 (0x40233c93) x25 0x00000001
core   0: 0x800039e8 (0x00008f45) c.or    a4, s1
core   0: 3 0x800039e8 (0x8f45) x14 0x01110200
core   0: 0x800039ea (0x0299d263) bge     s3, s1, pc + 36
core   0: 3 0x800039ea (0x0299d263)
core   0: 0x800039ee (0xe4288a37) lui     s4, 0xe4288
core   0: 3 0x800039ee (0xe4288a37) x20 0xe4288000
core   0: 0x800039f2 (0x02049933) mulh    s2, s1, zero
core   0: 3 0x800039f2 (0x02049933) x18 0x00000000
core   0: 0x800039f6 (0x00004ee1) c.li    t4, 24
core   0: 3 0x800039f6 (0x4ee1) x29 0x00000018
core   0: 0x800039f8 (0x023966b3) rem     a3, s2, gp
core   0: 3 0x800039f8 (0x023966b3) x13 0x00000000
core   0: 0x800039fc (0x02104d33) div     s10, zero, ra
core   0: 3 0x800039fc (0x02104d33) x26 0xffffffff
core   0: 0x80003a00 (0x0af74563) blt     a4, a5, pc + 170
core   0: 3 0x80003a00 (0x0af74563)
core   0: 0x80003a04 (0x02482e33) mulhsu  t3, a6, tp
core   0: 3 0x80003a04 (0x02482e33) x28 0x00000000
core   0: 0x80003a08 (0x00008692) c.mv    a3, tp
core   0: 3 0x80003a08 (0x8692) x13 0x00000001
core   0: 0x80003a0a (0x010b1f33) sll     t5, s6, a6
core   0: 3 0x80003a0a (0x010b1f33) x30 0x00d79435
core   0: 0x80003a0e (0x00000492) c.slli  s1, 4
core   0: 3 0x80003a0e (0x0492) x9  0x11102000
core   0: 0x80003a10 (0x028e0cb7) lui     s9, 0x28e0
core   0: 3 0x80003a10 (0x028e0cb7) x25 0x028e0000
core   0: 0x80003a14 (0x00008f2e) c.mv    t5, a1
core   0: 3 0x80003a14 (0x8f2e) x30 0x7e666864
core   0: 0x80003a16 (0x00008d35) c.xor   a0, a3
core   0: 3 0x80003a16 (0x8d35) x10 0x00000001
core   0: 0x80003a18 (0x00004479) c.li    s0, 30
core   0: 3 0x80003a18 (0x4479) x8  0x0000001e
core   0: 0x80003a1a (0x40ac0a33) sub     s4, s8, a0
core   0: 3 0x80003a1a (0x40ac0a33) x20 0xffffffff
core   0: 0x80003a1e (0x03ed04b3) mul     s1, s10, t5
core   0: 3 0x80003a1e (0x03ed04b3) x9  0x8199979c
core   0: 0x80003a22 (0x0001db17) auipc   s6, 0x1d
core   0: 3 0x80003a22 (0x0001db17) x22 0x80020a22
core   0: 0x80003a26 (0x884b0b13) addi    s6, s6, -1916
core   0: 3 0x80003a26 (0x884b0b13) x22 0x800202a6
core   0: 0x80003a2a (0x01b8eeb3) or      t4, a7, s11
core   0: 3 0x80003a2a (0x01b8eeb3) x29 0x7e666864
core   0: 0x80003a2e (0x6074ad93) slti    s11, s1, 1543
core   0: 3 0x80003a2e (0x6074ad93) x27 0x00000001
core   0: 0x80003a32 (0xfdeb0ca3) sb      t5, -39(s6)
core   0: 3 0x80003a32 (0xfdeb0ca3) mem 0x8002027f 0x64
core   0: 0x80003a36 (0x02bb8e33) mul     t3, s7, a1
core   0: 3 0x80003a36 (0x02bb8e33) x28 0x00000000
core   0: 0x80003a3a (0xf8db0ba3) sb      a3, -105(s6)
core   0: 3 0x80003a3a (0xf8db0ba3) mem 0x8002023d 0x01
core   0: 0x80003a3e (0x065b0a23) sb      t0, 116(s6)
core   0: 3 0x80003a3e (0x065b0a23) mem 0x8002031a 0x00
core   0: 0x80003a42 (0x03c12833) mulhsu  a6, sp, t3
core   0: 3 0x80003a42 (0x03c12833) x16 0x00000000
core   0: 0x80003a46 (0x411d5713) srai    a4, s10, 17
core   0: 3 0x80003a46 (0x411d5713) x14 0xffffffff
core   0: 0x80003a4a (0x01a6f0b3) and     ra, a3, s10
core   0: 3 0x80003a4a (0x01a6f0b3) x1  0x00000001
core   0: 0x80003a4e (0x02e5dfb3) divu    t6, a1, a4
core   0: 3 0x80003a4e (0x02e5dfb3) x31 0x00000000
core   0: 0x80003a52 (0x02ec1c33) mulh    s8, s8, a4
core   0: 3 0x80003a52 (0x02ec1c33) x24 0x00000000
core   0: 0x80003a56 (0x0000989a) c.add   a7, t1
core   0: 3 0x80003a56 (0x989a) x17 0x00000001
core   0: 0x80003a58 (0x050b5403) lhu     s0, 80(s6)
core   0: 3 0x80003a58 (0x050b5403) x8  0x0000f1af mem 0x800202f6
core   0: 0x80003a5c (0x054b1283) lh      t0, 84(s6)
core   0: 3 0x80003a5c (0x054b1283) x5  0x00006ef7 mem 0x800202fa
core   0: 0x80003a60 (0x022a88b3) mul     a7, s5, sp
core   0: 3 0x80003a60 (0x022a88b3) x17 0x00000000
core   0: 0x80003a64 (0x004f4433) xor     s0, t5, tp
core   0: 3 0x80003a64 (0x004f4433) x8  0x7e666865
core   0: 0x80003a68 (0xf86b2c83) lw      s9, -122(s6)
core   0: 3 0x80003a68 (0xf86b2c83) x25 0xfe057dc9 mem 0x8002022c
core   0: 0x80003a6c (0x00008c2d) c.xor   s0, a1
core   0: 3 0x80003a6c (0x8c2d) x8  0x00000001
core   0: 0x80003a6e (0xfb0b4a83) lbu     s5, -80(s6)
core   0: 3 0x80003a6e (0xfb0b4a83) x21 0x0000003f mem 0x80020256
core   0: 0x80003a72 (0x03425533) divu    a0, tp, s4
core   0: 3 0x80003a72 (0x03425533) x10 0x00000000
core   0: 0x80003a76 (0xdd0b80b7) lui     ra, 0xdd0b8
core   0: 3 0x80003a76 (0xdd0b80b7) x1  0xdd0b8000
core   0: 0x80003a7a (0x1b84e713) ori     a4, s1, 440
core   0: 3 0x80003a7a (0x1b84e713) x14 0x819997bc
core   0: 0x80003a7e (0x0018d033) srl     zero, a7, ra
core   0: 3 0x80003a7e (0x0018d033)
core   0: 0x80003a82 (0x0f6b0303) lb      t1, 246(s6)
core   0: 3 0x80003a82 (0x0f6b0303) x6  0x0000000a mem 0x8002039c
core   0: 0x80003a86 (0x082b5683) lhu     a3, 130(s6)
core   0: 3 0x80003a86 (0x082b5683) x13 0x0000f8dd mem 0x80020328
core   0: 0x80003a8a (0x00350fb3) add     t6, a0, gp
core   0: 3 0x80003a8a (0x00350fb3) x31 0xf0000693
core   0: 0x80003a8e (0xf6cb1023) sh      a2, -160(s6)
core   0: 3 0x80003a8e (0xf6cb1023) mem 0x80020206 0xd000
core   0: 0x80003a92 (0x0061fbb3) and     s7, gp, t1
core   0: 3 0x80003a92 (0x0061fbb3) x23 0x00000002
core   0: 0x80003a96 (0x06ab5b83) lhu     s7, 106(s6)
core   0: 3 0x80003a96 (0x06ab5b83) x23 0x0000be08 mem 0x80020310
core   0: 0x80003a9a (0x00008c39) c.xor   s0, a4
core   0: 3 0x80003a9a (0x8c39) x8  0x819997bd
core   0: 0x80003a9c (0x00008d26) c.mv    s10, s1
core   0: 3 0x80003a9c (0x8d26) x26 0x8199979c
core   0: 0x80003a9e (0x00008179) c.srli  a0, 30
core   0: 3 0x80003a9e (0x8179) x10 0x00000000
core   0: 0x80003aa0 (0x016f22b3) slt     t0, t5, s6
core   0: 3 0x80003aa0 (0x016f22b3) x5  0x00000000
core   0: 0x80003aa4 (0x0a1b0503) lb      a0, 161(s6)
core   0: 3 0x80003aa4 (0x0a1b0503) x10 0xffffff8b mem 0x80020347
core   0: 0x80003aa8 (0x000080b5) c.srli  s1, 13
core   0: 3 0x80003aa8 (0x80b5) x9  0x00040ccc
core   0: 0x80003aaa (0xf6f6cb93) xori    s7, a3, -145
core   0: 3 0x80003aaa (0xf6f6cb93) x23 0xffff07b2
core   0: 0x80003aae (0x0000ed8d) c.bnez  a1, pc + 58
core   0: 3 0x80003aae (0xed8d)
core   0: 0x80003ae8 (0x41ef08b3) sub     a7, t5, t5
core   0: 3 0x80003ae8 (0x41ef08b3) x17 0x00000000
core   0: 0x80003aec (0x2de8a193) slti    gp, a7, 734
core   0: 3 0x80003aec (0x2de8a193) x3  0x00000001
core   0: 0x80003af0 (0x00a45bb3) srl     s7, s0, a0
core   0: 3 0x80003af0 (0x00a45bb3) x23 0x00103332
core   0: 0x80003af4 (0x003af463) bgeu    s5, gp, pc + 8
core   0: 3 0x80003af4 (0x003af463)
core   0: 0x80003afc (0x000099ee) c.add   s3, s11
core   0: 3 0x80003afc (0x99ee) x19 0x00000001
core   0: 0x80003afe (0x00004cad) c.li    s9, 11
core   0: 3 0x80003afe (0x4cad) x25 0x0000000b
core   0: 0x80003b00 (0x40640033) sub     zero, s0, t1
core   0: 3 0x80003b00 (0x40640033)
core   0: 0x80003b04 (0x01c392b3) sll     t0, t2, t3
core   0: 3 0x80003b04 (0x01c392b3) x5  0x80025ea4
core   0: 0x80003b08 (0xf11f8313) addi    t1, t6, -239
core   0: 3 0x80003b08 (0xf11f8313) x6  0xf00005a4
core   0: 0x80003b0c (0x00000b2a) c.slli  s6, 10
core   0: 3 0x80003b0c (0x0b2a) x22 0x080a9800
core   0: 0x80003b0e (0x01c41e13) slli    t3, s0, 28
core   0: 3 0x80003b0e (0x01c41e13) x28 0xd0000000
core   0: 0x80003b12 (0x44317913) andi    s2, sp, 1091
core   0: 3 0x80003b12 (0x44317913) x18 0x00000400
core   0: 0x80003b16 (0x00009b5e) c.add   s6, s7
core   0: 3 0x80003b16 (0x9b5e) x22 0x081acb32
core   0: 0x80003b18 (0x035b7533) remu    a0, s6, s5
core   0: 3 0x80003b18 (0x035b7533) x10 0x0000001a
core   0: 0x80003b1c (0x00095b93) srli    s7, s2, 0
core   0: 3 0x80003b1c (0x00095b93) x23 0x00000400
core   0: 0x80003b20 (0x01b20663) beq     tp, s11, pc + 12
core   0: 3 0x80003b20 (0x01b20663)
core   0: 0x80003b2c (0x00008505) c.srai  a0, 1
core   0: 3 0x80003b2c (0x8505) x10 0x0000000d
core   0: 0x80003b2e (0x00001833) sll     a6, zero, zero
core   0: 3 0x80003b2e (0x00001833) x16 0x00000000
core   0: 0x80003b32 (0x00920e33) add     t3, tp, s1
core   0: 3 0x80003b32 (0x00920e33) x28 0x00040ccd
core   0: 0x80003b36 (0x009e26b3) slt     a3, t3, s1
core   0: 3 0x80003b36 (0x009e26b3) x13 0x00000000
core   0: 0x80003b3a (0x00000bbd) c.addi  s7, 15
core   0: 3 0x80003b3a (0x0bbd) x23 0x0000040f
core   0: 0x80003b3c (0x40a05bb3) sra     s7, zero, a0
core   0: 3 0x80003b3c (0x40a05bb3) x23 0x00000000
core   0: 0x80003b40 (0x41f0dab3) sra     s5, ra, t6
core   0: 3 0x80003b40 (0x41f0dab3) x21 0xfffffba1
core   0: 0x80003b44 (0x0186c633) xor     a2, a3, s8
core   0: 3 0x80003b44 (0x0186c633) x12 0x00000000
core   0: 0x80003b48 (0x2ea5a313) slti    t1, a1, 746
core   0: 3 0x80003b48 (0x2ea5a313) x6  0x00000000
core   0: 0x80003b4c (0x016b6833) or      a6, s6, s6
core   0: 3 0x80003b4c (0x016b6833) x16 0x081acb32
core   0: 0x80003b50 (0x00eb55b3) srl     a1, s6, a4
core   0: 3 0x80003b50 (0x00eb55b3) x11 0x00000000
core   0: 0x80003b54 (0x4eb13193) sltiu   gp, sp, 1259
core   0: 3 0x80003b54 (0x4eb13193) x3  0x00000000
core   0: 0x80003b58 (0x00000cd5) c.addi  s9, 21
core   0: 3 0x80003b58 (0x0cd5) x25 0x00000020
core   0: 0x80003b5a (0x0000c305) c.beqz  a4, pc + 32
core   0: 3 0x80003b5a (0xc305)
core   0: 0x80003b5c (0x9ef98d97) auipc   s11, 0x9ef98
core   0: 3 0x80003b5c (0x9ef98d97) x27 0x1ef9bb5c
core   0: 0x80003b60 (0x01422033) slt     zero, tp, s4
core   0: 3 0x80003b60 (0x01422033)
core   0: 0x80003b64 (0xfeec1437) lui     s0, 0xfeec1
core   0: 3 0x80003b64 (0xfeec1437) x8  0xfeec1000
core   0: 0x80003b68 (0x40d35293) srai    t0, t1, 13
core   0: 3 0x80003b68 (0x40d35293) x5  0x00000000
core   0: 0x80003b6c (0x0091a633) slt     a2, gp, s1
core   0: 3 0x80003b6c (0x0091a633) x12 0x00000001
core   0: 0x80003b70 (0x033a1633) mulh    a2, s4, s3
core   0: 3 0x80003b70 (0x033a1633) x12 0xffffffff
core   0: 0x80003b74 (0x000000c6) c.slli  ra, 17
core   0: 3 0x80003b74 (0x00c6) x1  0x00000000
core   0: 0x80003b76 (0x00e81f13) slli    t5, a6, 14
core   0: 3 0x80003b76 (0x00e81f13) x30 0xb2cc8000
core   0: 0x80003b7a (0x03268d63) beq     a3, s2, pc + 58
core   0: 3 0x80003b7a (0x03268d63)
core   0: 0x80003b7e (0x03dd5733) divu    a4, s10, t4
core   0: 3 0x80003b7e (0x03dd5733) x14 0x00000001
core   0: 0x80003b82 (0x01c11463) bne     sp, t3, pc + 8
core   0: 3 0x80003b82 (0x01c11463)
core   0: 0x80003b8a (0x00f83833) sltu    a6, a6, a5
core   0: 3 0x80003b8a (0x00f83833) x16 0x00000001
core   0: 0x80003b8e (0x02ace733) rem     a4, s9, a0
core   0: 3 0x80003b8e (0x02ace733) x14 0x00000006
core   0: 0x80003b92 (0x03c4bc33) mulhu   s8, s1, t3
core   0: 3 0x80003b92 (0x03c4bc33) x24 0x00000010
core   0: 0x80003b96 (0x027bc8b3) div     a7, s7, t2
core   0: 3 0x80003b96 (0x027bc8b3) x17 0x00000000
core   0: 0x80003b9a (0xdb257b93) andi    s7, a0, -590
core   0: 3 0x80003b9a (0xdb257b93) x23 0x00000000
core   0: 0x80003b9e (0x032d6863) bltu    s10, s2, pc + 48
core   0: 3 0x80003b9e (0x032d6863)
core   0: 0x80003ba2 (0x99787d93) andi    s11, a6, -1641
core   0: 3 0x80003ba2 (0x99787d93) x27 0x00000001
core   0: 0x80003ba6 (0x000085fa) c.mv    a1, t5
core   0: 3 0x80003ba6 (0x85fa) x11 0xb2cc8000
core   0: 0x80003ba8 (0x0120be33) sltu    t3, ra, s2
core   0: 3 0x80003ba8 (0x0120be33) x28 0x00000001
core   0: 0x80003bac (0x031fca63) blt     t6, a7, pc + 52
core   0: 3 0x80003bac (0x031fca63)
core   0: 0x80003be0 (0x007c3eb3) sltu    t4, s8, t2
core   0: 3 0x80003be0 (0x007c3eb3) x29 0x00000001
core   0: 0x80003be4 (0x00008dd1) c.or    a1, a2
core   0: 3 0x80003be4 (0x8dd1) x11 0xffffffff
core   0: 0x80003be6 (0x0269e6b3) rem     a3, s3, t1
core   0: 3 0x80003be6 (0x0269e6b3) x13 0x00000001
core   0: 0x80003bea (0x1540ca93) xori    s5, ra, 340
core   0: 3 0x80003bea (0x1540ca93) x21 0x00000154
core   0: 0x80003bee (0x00159d93) slli    s11, a1, 1
core   0: 3 0x80003bee (0x00159d93) x27 0xfffffffe
core   0: 0x80003bf2 (0x03aab2b3) mulhu   t0, s5, s10
core   0: 3 0x80003bf2 (0x03aab2b3) x5  0x000000ac
core   0: 0x80003bf6 (0x0000c981) c.beqz  a1, pc + 16
core   0: 3 0x80003bf6 (0xc981)
core   0: 0x80003bf8 (0x41f58fb3) sub     t6, a1, t6
core   0: 3 0x80003bf8 (0x41f58fb3) x31 0x0ffff96c
core   0: 0x80003bfc (0x00008ef5) c.and   a3, a3
core   0: 3 0x80003bfc (0x8ef5) x13 0x00000001
core   0: 0x80003bfe (0x00000001) c.nop
core   0: 3 0x80003bfe (0x0001)
core   0: 0x80003c00 (0xeb3cda37) lui     s4, 0xeb3cd
core   0: 3 0x80003c00 (0xeb3cda37) x20 0xeb3cd000
core   0: 0x80003c04 (0x00008519) c.srai  a0, 6
core   0: 3 0x80003c04 (0x8519) x10 0x00000000
core   0: 0x80003c06 (0x02b4fa33) remu    s4, s1, a1
core   0: 3 0x80003c06 (0x02b4fa33) x20 0x00040ccc
core   0: 0x80003c0a (0x00008eb5) c.xor   a3, a3
core   0: 3 0x80003c0a (0x8eb5) x13 0x00000000
core   0: 0x80003c0c (0x01acba33) sltu    s4, s9, s10
core   0: 3 0x80003c0c (0x01acba33) x20 0x00000001
core   0: 0x80003c10 (0x00008e8d) c.sub   a3, a1
core   0: 3 0x80003c10 (0x8e8d) x13 0x00000001
core   0: 0x80003c12 (0x00008d69) c.and   a0, a0
core   0: 3 0x80003c12 (0x8d69) x10 0x00000000
core   0: 0x80003c14 (0x037e4363) blt     t3, s7, pc + 38
core   0: 3 0x80003c14 (0x037e4363)
core   0: 0x80003c18 (0x41f35293) srai    t0, t1, 31
core   0: 3 0x80003c18 (0x41f35293) x5  0x00000000
core   0: 0x80003c1c (0x97fdf013) andi    zero, s11, -1665
core   0: 3 0x80003c1c (0x97fdf013)
core   0: 0x80003c20 (0x00004e0d) c.li    t3, 3
core   0: 3 0x80003c20 (0x4e0d) x28 0x00000003
core   0: 0x80003c22 (0x00008b76) c.mv    s6, t4
core   0: 3 0x80003c22 (0x8b76) x22 0x00000001
core   0: 0x80003c24 (0x12dc8d93) addi    s11, s9, 301
core   0: 3 0x80003c24 (0x12dc8d93) x27 0x0000014d
core   0: 0x80003c28 (0x54a6dab7) lui     s5, 0x54a6d
core   0: 3 0x80003c28 (0x54a6dab7) x21 0x54a6d000
core   0: 0x80003c2c (0x03ffdd33) divu    s10, t6, t6
core   0: 3 0x80003c2c (0x03ffdd33) x26 0x00000001
core   0: 0x80003c30 (0x00008c31) c.xor   s0, a2
core   0: 3 0x80003c30 (0x8c31) x8  0x0113efff
core   0: 0x80003c32 (0x01e02c33) slt     s8, zero, t5
core   0: 3 0x80003c32 (0x01e02c33) x24 0x00000000
core   0: 0x80003c36 (0x03c20263) beq     tp, t3, pc + 36
core   0: 3 0x80003c36 (0x03c20263)
core   0: 0x80003c3a (0x00000001) c.nop
core   0: 3 0x80003c3a (0x0001)
core   0: 0x80003c3c (0x00130433) add     s0, t1, ra
core   0: 3 0x80003c3c (0x00130433) x8  0x00000000
core   0: 0x80003c40 (0x00000001) c.nop
core   0: 3 0x80003c40 (0x0001)
core   0: 0x80003c42 (0xce178093) addi    ra, a5, -799
core   0: 3 0x80003c42 (0xce178093) x1  0x7ffffce1
core   0: 0x80003c46 (0xfdcb4693) xori    a3, s6, -36
core   0: 3 0x80003c46 (0xfdcb4693) x13 0xffffffdd
core   0: 0x80003c4a (0x00911a63) bne     sp, s1, pc + 20
core   0: 3 0x80003c4a (0x00911a63)
core   0: 0x80003c5e (0x0000052e) c.slli  a0, 11
core   0: 3 0x80003c5e (0x052e) x10 0x00000000
core   0: 0x80003c60 (0x00000001) c.nop
core   0: 3 0x80003c60 (0x0001)
core   0: 0x80003c62 (0x623a8493) addi    s1, s5, 1571
core   0: 3 0x80003c62 (0x623a8493) x9  0x54a6d623
core   0: 0x80003c66 (0x00008311) c.srli  a4, 4
core   0: 3 0x80003c66 (0x8311) x14 0x00000000
core   0: 0x80003c68 (0x00008815) c.andi  s0, 5
core   0: 3 0x80003c68 (0x8815) x8  0x00000000
core   0: 0x80003c6a (0x01fb0cb3) add     s9, s6, t6
core   0: 3 0x80003c6a (0x01fb0cb3) x25 0x0ffff96d
core   0: 0x80003c6e (0x40320333) sub     t1, tp, gp
core   0: 3 0x80003c6e (0x40320333) x6  0x00000001
core   0: 0x80003c72 (0x0d782417) auipc   s0, 0xd782
core   0: 3 0x80003c72 (0x0d782417) x8  0x8d785c72
core   0: 0x80003c76 (0x03605733) divu    a4, zero, s6
core   0: 3 0x80003c76 (0x03605733) x14 0x00000000
core   0: 0x80003c7a (0x000094ea) c.add   s1, s10
core   0: 3 0x80003c7a (0x94ea) x9  0x54a6d624
core   0: 0x80003c7c (0x00008e0d) c.sub   a2, a1
core   0: 3 0x80003c7c (0x8e0d) x12 0x00000000
core   0: 0x80003c7e (0x000005ee) c.slli  a1, 27
core   0: 3 0x80003c7e (0x05ee) x11 0xf8000000
core   0: 0x80003c80 (0x03864c33) div     s8, a2, s8
core   0: 3 0x80003c80 (0x03864c33) x24 0xffffffff
core   0: 0x80003c84 (0x01169993) slli    s3, a3, 17
core   0: 3 0x80003c84 (0x01169993) x19 0xffba0000
core   0: 0x80003c88 (0x00001c7d) c.addi  s8, -1
core   0: 3 0x80003c88 (0x1c7d) x24 0xfffffffe
core   0: 0x80003c8a (0x01790633) add     a2, s2, s7
core   0: 3 0x80003c8a (0x01790633) x12 0x00000400
core   0: 0x80003c8e (0x028da2b3) mulhsu  t0, s11, s0
core   0: 3 0x80003c8e (0x028da2b3) x5  0x000000b8
core   0: 0x80003c92 (0xde0afd13) andi    s10, s5, -544
core   0: 3 0x80003c92 (0xde0afd13) x26 0x54a6d000
core   0: 0x80003c96 (0x02765333) divu    t1, a2, t2
core   0: 3 0x80003c96 (0x02765333) x6  0x00000000
core   0: 0x80003c9a (0x00008109) c.srli  a0, 2
core   0: 3 0x80003c9a (0x8109) x10 0x00000000
core   0: 0x80003c9c (0x000088b1) c.andi  s1, 12
core   0: 3 0x80003c9c (0x88b1) x9  0x00000004
core   0: 0x80003c9e (0x02dae833) rem     a6, s5, a3
core   0: 3 0x80003c9e (0x02dae833) x16 0x00000017
core   0: 0x80003ca2 (0x0303afb3) mulhsu  t6, t2, a6
core   0: 3 0x80003ca2 (0x0303afb3) x31 0xfffffff4
core   0: 0x80003ca6 (0x00000001) c.nop
core   0: 3 0x80003ca6 (0x0001)
core   0: 0x80003ca8 (0x00006ac9) c.lui   s5, 0x12
core   0: 3 0x80003ca8 (0x6ac9) x21 0x00012000
core   0: 0x80003caa (0x02ed5933) divu    s2, s10, a4
core   0: 3 0x80003caa (0x02ed5933) x18 0xffffffff
core   0: 0x80003cae (0x00000741) c.addi  a4, 16
core   0: 3 0x80003cae (0x0741) x14 0x00000010
core   0: 0x80003cb0 (0x0035f033) and     zero, a1, gp
core   0: 3 0x80003cb0 (0x0035f033)
core   0: 0x80003cb4 (0x00bf5593) srli    a1, t5, 11
core   0: 3 0x80003cb4 (0x00bf5593) x11 0x00165990
core   0: 0x80003cb8 (0x3ffde213) ori     tp, s11, 1023
core   0: 3 0x80003cb8 (0x3ffde213) x4  0x000003ff
core   0: 0x80003cbc (0x51347c13) andi    s8, s0, 1299
core   0: 3 0x80003cbc (0x51347c13) x24 0x00000412
core   0: 0x80003cc0 (0x0000925a) c.add   tp, s6
core   0: 3 0x80003cc0 (0x925a) x4  0x00000400
core   0: 0x80003cc2 (0x01ddbc33) sltu    s8, s11, t4
core   0: 3 0x80003cc2 (0x01ddbc33) x24 0x00000000
core   0: 0x80003cc6 (0x4087de13) srai    t3, a5, 8
core   0: 3 0x80003cc6 (0x4087de13) x28 0xff800000
core   0: 0x80003cca (0x03936eb3) rem     t4, t1, s9
core   0: 3 0x80003cca (0x03936eb3) x29 0x00000000
core   0: 0x80003cce (0x0000ce85) c.beqz  a3, pc + 56
core   0: 3 0x80003cce (0xce85)
core   0: 0x80003cd0 (0x0212e5b3) rem     a1, t0, ra
core   0: 3 0x80003cd0 (0x0212e5b3) x11 0x000000b8
core   0: 0x80003cd4 (0x41b65b93) srai    s7, a2, 27
core   0: 3 0x80003cd4 (0x41b65b93) x23 0x00000000
core   0: 0x80003cd8 (0x03accf63) blt     s9, s10, pc + 62
core   0: 3 0x80003cd8 (0x03accf63)
core   0: 0x80003d16 (0x000082ad) c.srli  a3, 11
core   0: 3 0x80003d16 (0x82ad) x13 0x001fffff
core   0: 0x80003d18 (0x01ec9f63) bne     s9, t5, pc + 30
core   0: 3 0x80003d18 (0x01ec9f63)
core   0: 0x80003d36 (0x2e2cb293) sltiu   t0, s9, 738
core   0: 3 0x80003d36 (0x2e2cb293) x5  0x00000000
core   0: 0x80003d3a (0x01088d63) beq     a7, a6, pc + 26
core   0: 3 0x80003d3a (0x01088d63)
core   0: 0x80003d3e (0x024519b3) mulh    s3, a0, tp
core   0: 3 0x80003d3e (0x024519b3) x19 0x00000000
core   0: 0x80003d42 (0x00000001) c.nop
core   0: 3 0x80003d42 (0x0001)
core   0: 0x80003d44 (0x6e748693) addi    a3, s1, 1767
core   0: 3 0x80003d44 (0x6e748693) x13 0x000006eb
core   0: 0x80003d48 (0x03c654b3) divu    s1, a2, t3
core   0: 3 0x80003d48 (0x03c654b3) x9  0x00000000
core   0: 0x80003d4c (0x4e7cf693) andi    a3, s9, 1255
core   0: 3 0x80003d4c (0x4e7cf693) x13 0x00000065
core   0: 0x80003d50 (0x035908b3) mul     a7, s2, s5
core   0: 3 0x80003d50 (0x035908b3) x17 0xfffee000
core   0: 0x80003d54 (0x00008155) c.srli  a0, 21
core   0: 3 0x80003d54 (0x8155) x10 0x00000000
core   0: 0x80003d56 (0x0229c833) div     a6, s3, sp
core   0: 3 0x80003d56 (0x0229c833) x16 0x00000000
core   0: 0x80003d5a (0x0362cb33) div     s6, t0, s6
core   0: 3 0x80003d5a (0x0362cb33) x22 0x00000000
core   0: 0x80003d5e (0x03bab533) mulhu   a0, s5, s11
core   0: 3 0x80003d5e (0x03bab533) x10 0x00000000
core   0: 0x80003d62 (0x003c79b3) and     s3, s8, gp
core   0: 3 0x80003d62 (0x003c79b3) x19 0x00000000
core   0: 0x80003d66 (0x0268e063) bltu    a7, t1, pc + 32
core   0: 3 0x80003d66 (0x0268e063)
core   0: 0x80003d6a (0x01de24b3) slt     s1, t3, t4
core   0: 3 0x80003d6a (0x01de24b3) x9  0x00000001
core   0: 0x80003d6e (0x00297663) bgeu    s2, sp, pc + 12
core   0: 3 0x80003d6e (0x00297663)
core   0: 0x80003d7a (0x41ca8193) addi    gp, s5, 1052
core   0: 3 0x80003d7a (0x41ca8193) x3  0x0001241c
core   0: 0x80003d7e (0x0000835d) c.srli  a4, 23
core   0: 3 0x80003d7e (0x835d) x14 0x00000000
core   0: 0x80003d80 (0x05458363) beq     a1, s4, pc + 70
core   0: 3 0x80003d80 (0x05458363)
core   0: 0x80003d84 (0x0000e621) c.bnez  a2, pc + 72
core   0: 3 0x80003d84 (0xe621)
core   0: 0x80003dcc (0x00c3d263) bge     t2, a2, pc + 4
core   0: 3 0x80003dcc (0x00c3d263)
core   0: 0x80003dd0 (0x01acb4b3) sltu    s1, s9, s10
core   0: 3 0x80003dd0 (0x01acb4b3) x9  0x00000001
core   0: 0x80003dd4 (0x7cb0c593) xori    a1, ra, 1995
core   0: 3 0x80003dd4 (0x7cb0c593) x11 0x7ffffb2a
core   0: 0x80003dd8 (0x03aea6b3) mulhsu  a3, t4, s10
core   0: 3 0x80003dd8 (0x03aea6b3) x13 0x00000000
core   0: 0x80003ddc (0x00008c65) c.and   s0, s1
core   0: 3 0x80003ddc (0x8c65) x8  0x00000000
core   0: 0x80003dde (0x857bb713) sltiu   a4, s7, -1961
core   0: 3 0x80003dde (0x857bb713) x14 0x00000001
core   0: 0x80003de2 (0x00008c9d) c.sub   s1, a5
core   0: 3 0x80003de2 (0x8c9d) x9  0x80000001
core   0: 0x80003de4 (0x0000c989) c.beqz  a1, pc + 18
core   0: 3 0x80003de4 (0xc989)
core   0: 0x80003de6 (0x00008c39) c.xor   s0, a4
core   0: 3 0x80003de6 (0x8c39) x8  0x00000001
core   0: 0x80003de8 (0x036ccfb3) div     t6, s9, s6
core   0: 3 0x80003de8 (0x036ccfb3) x31 0xffffffff
core   0: 0x80003dec (0x0000ea8d) c.bnez  a3, pc + 50
core   0: 3 0x80003dec (0xea8d)
core   0: 0x80003dee (0x8ff6c593) xori    a1, a3, -1793
core   0: 3 0x80003dee (0x8ff6c593) x11 0xfffff8ff
core   0: 0x80003df2 (0x417ad533) sra     a0, s5, s7
core   0: 3 0x80003df2 (0x417ad533) x10 0x00012000
core   0: 0x80003df6 (0x00008c79) c.and   s0, a4
core   0: 3 0x80003df6 (0x8c79) x8  0x00000001
core   0: 0x80003df8 (0x02cd51b3) divu    gp, s10, a2
core   0: 3 0x80003df8 (0x02cd51b3) x3  0x001529b4
core   0: 0x80003dfc (0x014fd463) bge     t6, s4, pc + 8
core   0: 3 0x80003dfc (0x014fd463)
core   0: 0x80003e00 (0xc4df5db7) lui     s11, 0xc4df5
core   0: 3 0x80003e00 (0xc4df5db7) x27 0xc4df5000
core   0: 0x80003e04 (0x01095363) bge     s2, a6, pc + 6
core   0: 3 0x80003e04 (0x01095363)
core   0: 0x80003e08 (0x000084c2) c.mv    s1, a6
core   0: 3 0x80003e08 (0x84c2) x9  0x00000000
core   0: 0x80003e0a (0x02b11263) bne     sp, a1, pc + 36
core   0: 3 0x80003e0a (0x02b11263)
core   0: 0x80003e2e (0x00009736) c.add   a4, a3
core   0: 3 0x80003e2e (0x9736) x14 0x00000001
core   0: 0x80003e30 (0x03da88b3) mul     a7, s5, t4
core   0: 3 0x80003e30 (0x03da88b3) x17 0x00000000
core   0: 0x80003e34 (0x00e4d263) bge     s1, a4, pc + 4
core   0: 3 0x80003e34 (0x00e4d263)
core   0: 0x80003e38 (0xaabdb013) sltiu   zero, s11, -1365
core   0: 3 0x80003e38 (0xaabdb013)
core   0: 0x80003e3c (0x69b92337) lui     t1, 0x69b92
core   0: 3 0x80003e3c (0x69b92337) x6  0x69b92000
core   0: 0x80003e40 (0x0121f733) and     a4, gp, s2
core   0: 3 0x80003e40 (0x0121f733) x14 0x001529b4
core   0: 0x80003e44 (0xd2848a93) addi    s5, s1, -728
core   0: 3 0x80003e44 (0xd2848a93) x21 0xfffffd28
core   0: 0x80003e48 (0x00000001) c.nop
core   0: 3 0x80003e48 (0x0001)
core   0: 0x80003e4a (0x00008e15) c.sub   a2, a3
core   0: 3 0x80003e4a (0x8e15) x12 0x00000400
core   0: 0x80003e4c (0x10071463) bnez    a4, pc + 264
core   0: 3 0x80003e4c (0x10071463)
core   0: 0x80003f54 (0x00005b7d) c.li    s6, -1
core   0: 3 0x80003f54 (0x5b7d) x22 0xffffffff
core   0: 0x80003f56 (0x9b660713) addi    a4, a2, -1610
core   0: 3 0x80003f56 (0x9b660713) x14 0xfffffdb6
core   0: 0x80003f5a (0x00008d51) c.or    a0, a2
core   0: 3 0x80003f5a (0x8d51) x10 0x00012400
core   0: 0x80003f5c (0x01509fb3) sll     t6, ra, s5
core   0: 3 0x80003f5c (0x01509fb3) x31 0xfffce100
core   0: 0x80003f60 (0x00008539) c.srai  a0, 14
core   0: 3 0x80003f60 (0x8539) x10 0x00000004
core   0: 0x80003f62 (0x00000001) c.nop
core   0: 3 0x80003f62 (0x0001)
core   0: 0x80003f64 (0x03e2e533) rem     a0, t0, t5
core   0: 3 0x80003f64 (0x03e2e533) x10 0x00000000
core   0: 0x80003f68 (0xd5356513) ori     a0, a0, -685
core   0: 3 0x80003f68 (0xd5356513) x10 0xfffffd53
core   0: 0x80003f6c (0x023c0293) addi    t0, s8, 35
core   0: 3 0x80003f6c (0x023c0293) x5  0x00000023
core   0: 0x80003f70 (0x41c70b33) sub     s6, a4, t3
core   0: 3 0x80003f70 (0x41c70b33) x22 0x007ffdb6
core   0: 0x80003f74 (0x00008962) c.mv    s2, s8
core   0: 3 0x80003f74 (0x8962) x18 0x00000000
core   0: 0x80003f76 (0x00000001) c.nop
core   0: 3 0x80003f76 (0x0001)
core   0: 0x80003f78 (0x00cdce63) blt     s11, a2, pc + 28
core   0: 3 0x80003f78 (0x00cdce63)
core   0: 0x80003f94 (0x00001c7d) c.addi  s8, -1
core   0: 3 0x80003f94 (0x1c7d) x24 0xffffffff
core   0: 0x80003f96 (0x00000001) c.nop
core   0: 3 0x80003f96 (0x0001)
core   0: 0x80003f98 (0x00009f72) c.add   t5, t3
core   0: 3 0x80003f98 (0x9f72) x30 0xb24c8000
core   0: 0x80003f9a (0x00000001) c.nop
core   0: 3 0x80003f9a (0x0001)
core   0: 0x80003f9c (0x5d437bb7) lui     s7, 0x5d437
core   0: 3 0x80003f9c (0x5d437bb7) x23 0x5d437000
core   0: 0x80003fa0 (0x014be763) bltu    s7, s4, pc + 14
core   0: 3 0x80003fa0 (0x014be763)
core   0: 0x80003fa4 (0x8d637913) andi    s2, t1, -1834
core   0: 3 0x80003fa4 (0x8d637913) x18 0x69b92000
core   0: 0x80003fa8 (0x00008d25) c.xor   a0, s1
core   0: 3 0x80003fa8 (0x8d25) x10 0xfffffd53
core   0: 0x80003faa (0x00d7c533) xor     a0, a5, a3
core   0: 3 0x80003faa (0x00d7c533) x10 0x80000000
core   0: 0x80003fae (0x00009496) c.add   s1, t0
core   0: 3 0x80003fae (0x9496) x9  0x00000023
core   0: 0x80003fb0 (0x0292ebb3) rem     s7, t0, s1
core   0: 3 0x80003fb0 (0x0292ebb3) x23 0x00000000
core   0: 0x80003fb4 (0x03c7a4b3) mulhsu  s1, a5, t3
core   0: 3 0x80003fb4 (0x03c7a4b3) x9  0x80400000
core   0: 0x80003fb8 (0x00006e89) c.lui   t4, 0x2
core   0: 3 0x80003fb8 (0x6e89) x29 0x00002000
core   0: 0x80003fba (0x76a84897) auipc   a7, 0x76a84
core   0: 3 0x80003fba (0x76a84897) x17 0xf6a87fba
core   0: 0x80003fbe (0x40665093) srai    ra, a2, 6
core   0: 3 0x80003fbe (0x40665093) x1  0x00000010
core   0: 0x80003fc2 (0x515a0013) addi    zero, s4, 1301
core   0: 3 0x80003fc2 (0x515a0013)
core   0: 0x80003fc6 (0x4dc83b13) sltiu   s6, a6, 1244
core   0: 3 0x80003fc6 (0x4dc83b13) x22 0x00000001
core   0: 0x80003fca (0x0000e195) c.bnez  a1, pc + 36
core   0: 3 0x80003fca (0xe195)
core   0: 0x80003fee (0x00eb5c13) srli    s8, s6, 14
core   0: 3 0x80003fee (0x00eb5c13) x24 0x00000000
core   0: 0x80003ff2 (0x013785b3) add     a1, a5, s3
core   0: 3 0x80003ff2 (0x013785b3) x11 0x80000000
core   0: 0x80003ff6 (0x00bb8c63) beq     s7, a1, pc + 24
core   0: 3 0x80003ff6 (0x00bb8c63)
core   0: 0x80003ffa (0x013c24b3) slt     s1, s8, s3
core   0: 3 0x80003ffa (0x013c24b3) x9  0x00000000
core   0: 0x80003ffe (0x023ff2b3) remu    t0, t6, gp
core   0: 3 0x80003ffe (0x023ff2b3) x5  0x000c8820
core   0: 0x80004002 (0x00a55333) srl     t1, a0, a0
core   0: 3 0x80004002 (0x00a55333) x6  0x80000000
core   0: 0x80004006 (0x02c4c263) blt     s1, a2, pc + 36
core   0: 3 0x80004006 (0x02c4c263)
core   0: 0x8000402a (0x3dc16593) ori     a1, sp, 988
core   0: 3 0x8000402a (0x3dc16593) x11 0x80029ffc
core   0: 0x8000402e (0x03611163) bne     sp, s6, pc + 34
core   0: 3 0x8000402e (0x03611163)
core   0: 0x80004050 (0x01ab9f93) slli    t6, s7, 26
core   0: 3 0x80004050 (0x01ab9f93) x31 0x00000000
core   0: 0x80004054 (0x025b6f33) rem     t5, s6, t0
core   0: 3 0x80004054 (0x025b6f33) x30 0x00000001
core   0: 0x80004058 (0x00008ed9) c.or    a3, a4
core   0: 3 0x80004058 (0x8ed9) x13 0xfffffdb6
core   0: 0x8000405a (0x0005c1b3) xor     gp, a1, zero
core   0: 3 0x8000405a (0x0005c1b3) x3  0x80029ffc
core   0: 0x8000405e (0x000001de) c.slli  gp, 23
core   0: 3 0x8000405e (0x01de) x3  0xfe000000
core   0: 0x80004060 (0x03dadab3) divu    s5, s5, t4
core   0: 3 0x80004060 (0x03dadab3) x21 0x0007ffff
core   0: 0x80004064 (0x03642333) mulhsu  t1, s0, s6
core   0: 3 0x80004064 (0x03642333) x6  0x00000000
core   0: 0x80004068 (0x4005dc33) sra     s8, a1, zero
core   0: 3 0x80004068 (0x4005dc33) x24 0x80029ffc
core   0: 0x8000406c (0x000084f1) c.srai  s1, 28
core   0: 3 0x8000406c (0x84f1) x9  0x00000000
core   0: 0x8000406e (0x020bd433) divu    s0, s7, zero
core   0: 3 0x8000406e (0x020bd433) x8  0xffffffff
core   0: 0x80004072 (0x4930b613) sltiu   a2, ra, 1171
core   0: 3 0x80004072 (0x4930b613) x12 0x00000001
core   0: 0x80004076 (0x54a53513) sltiu   a0, a0, 1354
core   0: 3 0x80004076 (0x54a53513) x10 0x00000000
core   0: 0x8000407a (0x01c55eb3) srl     t4, a0, t3
core   0: 3 0x8000407a (0x01c55eb3) x29 0x00000000
core   0: 0x8000407e (0x4152d333) sra     t1, t0, s5
core   0: 3 0x8000407e (0x4152d333) x6  0x00000000
core   0: 0x80004082 (0x02b9c733) div     a4, s3, a1
core   0: 3 0x80004082 (0x02b9c733) x14 0x00000000
core   0: 0x80004086 (0x00b7dfb3) srl     t6, a5, a1
core   0: 3 0x80004086 (0x00b7dfb3) x31 0x00000008
core   0: 0x8000408a (0x0000167d) c.addi  a2, -1
core   0: 3 0x8000408a (0x167d) x12 0x00000000
core   0: 0x8000408c (0x0000971a) c.add   a4, t1
core   0: 3 0x8000408c (0x971a) x14 0x00000000
core   0: 0x8000408e (0x00a941b3) xor     gp, s2, a0
core   0: 3 0x8000408e (0x00a941b3) x3  0x69b92000
core   0: 0x80004092 (0x0207cb63) bltz    a5, pc + 54
core   0: 3 0x80004092 (0x0207cb63)
core   0: 0x800040c8 (0x41638a33) sub     s4, t2, s6
core   0: 3 0x800040c8 (0x41638a33) x20 0x80025ea3
core   0: 0x800040cc (0x03febbb3) mulhu   s7, t4, t6
core   0: 3 0x800040cc (0x03febbb3) x23 0x00000000
core   0: 0x800040d0 (0x0141b733) sltu    a4, gp, s4
core   0: 3 0x800040d0 (0x0141b733) x14 0x00000001
core   0: 0x800040d4 (0x00c7e933) or      s2, a5, a2
core   0: 3 0x800040d4 (0x00c7e933) x18 0x80000000
core   0: 0x800040d8 (0x917e4f93) xori    t6, t3, -1769
core   0: 3 0x800040d8 (0x917e4f93) x31 0x007ff917
core   0: 0x800040dc (0x2bf46217) auipc   tp, 0x2bf46
core   0: 3 0x800040dc (0x2bf46217) x4  0xabf4a0dc
core   0: 0x800040e0 (0x01ebd633) srl     a2, s7, t5
core   0: 3 0x800040e0 (0x01ebd633) x12 0x00000000
core   0: 0x800040e4 (0x00008d9d) c.sub   a1, a5
core   0: 3 0x800040e4 (0x8d9d) x11 0x00029ffc
core   0: 0x800040e6 (0x0000e941) c.bnez  a0, pc + 144
core   0: 3 0x800040e6 (0xe941)
core   0: 0x800040e8 (0x41c0d533) sra     a0, ra, t3
core   0: 3 0x800040e8 (0x41c0d533) x10 0x00000010
core   0: 0x800040ec (0x01197933) and     s2, s2, a7
core   0: 3 0x800040ec (0x01197933) x18 0x80000000
core   0: 0x800040f0 (0x03774e33) div     t3, a4, s7
core   0: 3 0x800040f0 (0x03774e33) x28 0xffffffff
core   0: 0x800040f4 (0x0000e559) c.bnez  a0, pc + 142
core   0: 3 0x800040f4 (0xe559)
core   0: 0x80004182 (0x000060b5) c.lui   ra, 0xd
core   0: 3 0x80004182 (0x60b5) x1  0x0000d000
core   0: 0x80004184 (0x02baa433) mulhsu  s0, s5, a1
core   0: 3 0x80004184 (0x02baa433) x8  0x00000014
core   0: 0x80004188 (0x00008f4d) c.or    a4, a1
core   0: 3 0x80004188 (0x8f4d) x14 0x00029ffd
core   0: 0x8000418a (0x000082c9) c.srli  a3, 18
core   0: 3 0x8000418a (0x82c9) x13 0x00003fff
core   0: 0x8000418c (0x02068d33) mul     s10, a3, zero
core   0: 3 0x8000418c (0x02068d33) x26 0x00000000
core   0: 0x80004190 (0x03808363) beq     ra, s8, pc + 38
core   0: 3 0x80004190 (0x03808363)
core   0: 0x80004194 (0x41e481b3) sub     gp, s1, t5
core   0: 3 0x80004194 (0x41e481b3) x3  0xffffffff
core   0: 0x80004198 (0xb2fc2713) slti    a4, s8, -1233
core   0: 3 0x80004198 (0xb2fc2713) x14 0x00000001
core   0: 0x8000419c (0x032116b3) mulh    a3, sp, s2
core   0: 3 0x8000419c (0x032116b3) x13 0x3ffeb16e
core   0: 0x800041a0 (0x00004239) c.li    tp, 14
core   0: 3 0x800041a0 (0x4239) x4  0x0000000e
core   0: 0x800041a2 (0x057d5063) bge     s10, s7, pc + 64
core   0: 3 0x800041a2 (0x057d5063)
core   0: 0x800041e2 (0x00a80563) beq     a6, a0, pc + 10
core   0: 3 0x800041e2 (0x00a80563)
core   0: 0x800041e6 (0x00000001) c.nop
core   0: 3 0x800041e6 (0x0001)
core   0: 0x800041e8 (0x41d9d233) sra     tp, s3, t4
core   0: 3 0x800041e8 (0x41d9d233) x4  0x00000000
core   0: 0x800041ec (0x0184e8b3) or      a7, s1, s8
core   0: 3 0x800041ec (0x0184e8b3) x17 0x80029ffc
core   0: 0x800041f0 (0x01115293) srli    t0, sp, 17
core   0: 3 0x800041f0 (0x01115293) x5  0x00004001
core   0: 0x800041f4 (0x003e1cb3) sll     s9, t3, gp
core   0: 3 0x800041f4 (0x003e1cb3) x25 0x80000000
core   0: 0x800041f8 (0x405b5233) sra     tp, s6, t0
core   0: 3 0x800041f8 (0x405b5233) x4  0x00000000
core   0: 0x800041fc (0x00008469) c.srai  s0, 26
core   0: 3 0x800041fc (0x8469) x8  0x00000000
core   0: 0x800041fe (0x00008c91) c.sub   s1, a2
core   0: 3 0x800041fe (0x8c91) x9  0x00000000
core   0: 0x80004200 (0x0000834d) c.srli  a4, 19
core   0: 3 0x80004200 (0x834d) x14 0x00000000
core   0: 0x80004202 (0x00657b33) and     s6, a0, t1
core   0: 3 0x80004202 (0x00657b33) x22 0x00000000
core   0: 0x80004206 (0x57e7c013) xori    zero, a5, 1406
core   0: 3 0x80004206 (0x57e7c013)
core   0: 0x8000420a (0x00000001) c.nop
core   0: 3 0x8000420a (0x0001)
core   0: 0x8000420c (0x0529ea63) bltu    s3, s2, pc + 84
core   0: 3 0x8000420c (0x0529ea63)
core   0: 0x80004260 (0x01d431b3) sltu    gp, s0, t4
core   0: 3 0x80004260 (0x01d431b3) x3  0x00000000
core   0: 0x80004264 (0x000009d1) c.addi  s3, 20
core   0: 3 0x80004264 (0x09d1) x19 0x00000014
core   0: 0x80004266 (0x415654b3) sra     s1, a2, s5
core   0: 3 0x80004266 (0x415654b3) x9  0x00000000
core   0: 0x8000426a (0x00114cb3) xor     s9, sp, ra
core   0: 3 0x8000426a (0x00114cb3) x25 0x80024d24
core   0: 0x8000426e (0x000082dd) c.srli  a3, 23
core   0: 3 0x8000426e (0x82dd) x13 0x0000007f
core   0: 0x80004270 (0x00873db3) sltu    s11, a4, s0
core   0: 3 0x80004270 (0x00873db3) x27 0x00000000
core   0: 0x80004274 (0x0000e14d) c.bnez  a0, pc + 162
core   0: 3 0x80004274 (0xe14d)
core   0: 0x80004316 (0x00209763) bne     ra, sp, pc + 14
core   0: 3 0x80004316 (0x00209763)
core   0: 0x80004324 (0x00008d79) c.and   a0, a4
core   0: 3 0x80004324 (0x8d79) x10 0x00000000
core   0: 0x80004326 (0x879f3d13) sltiu   s10, t5, -1927
core   0: 3 0x80004326 (0x879f3d13) x26 0x00000001
core   0: 0x8000432a (0x00008b21) c.andi  a4, 8
core   0: 3 0x8000432a (0x8b21) x14 0x00000000
core   0: 0x8000432c (0x010af4b3) and     s1, s5, a6
core   0: 3 0x8000432c (0x010af4b3) x9  0x00000000
core   0: 0x80004330 (0xc68ab6b7) lui     a3, 0xc68ab
core   0: 3 0x80004330 (0xc68ab6b7) x13 0xc68ab000
core   0: 0x80004334 (0x03d26e33) rem     t3, tp, t4
core   0: 3 0x80004334 (0x03d26e33) x28 0x00000000
core   0: 0x80004338 (0x4170dc13) srai    s8, ra, 23
core   0: 3 0x80004338 (0x4170dc13) x24 0x00000000
core   0: 0x8000433c (0x028bc063) blt     s7, s0, pc + 32
core   0: 3 0x8000433c (0x028bc063)
core   0: 0x80004340 (0x00008d41) c.or    a0, s0
core   0: 3 0x80004340 (0x8d41) x10 0x00000000
core   0: 0x80004342 (0x744f2213) slti    tp, t5, 1860
core   0: 3 0x80004342 (0x744f2213) x4  0x00000001
core   0: 0x80004346 (0x00008c49) c.or    s0, a0
core   0: 3 0x80004346 (0x8c49) x8  0x00000000
core   0: 0x80004348 (0x00780eb3) add     t4, a6, t2
core   0: 3 0x80004348 (0x00780eb3) x29 0x80025ea4
core   0: 0x8000434c (0xd6457f13) andi    t5, a0, -668
core   0: 3 0x8000434c (0xd6457f13) x30 0x00000000
core   0: 0x80004350 (0xb6a54d93) xori    s11, a0, -1174
core   0: 3 0x80004350 (0xb6a54d93) x27 0xfffffb6a
core   0: 0x80004354 (0x0000847a) c.mv    s0, t5
core   0: 3 0x80004354 (0x847a) x8  0x00000000
core   0: 0x80004356 (0x028eff63) bgeu    t4, s0, pc + 62
core   0: 3 0x80004356 (0x028eff63)
core   0: 0x80004394 (0x000082ad) c.srli  a3, 11
core   0: 3 0x80004394 (0x82ad) x13 0x0018d156
core   0: 0x80004396 (0x00000b32) c.slli  s6, 12
core   0: 3 0x80004396 (0x0b32) x22 0x00000000
core   0: 0x80004398 (0x01a8f5b3) and     a1, a7, s10
core   0: 3 0x80004398 (0x01a8f5b3) x11 0x00000000
core   0: 0x8000439c (0x034c7963) bgeu    s8, s4, pc + 50
core   0: 3 0x8000439c (0x034c7963)
core   0: 0x800043a0 (0x03cc9763) bne     s9, t3, pc + 46
core   0: 3 0x800043a0 (0x03cc9763)
core   0: 0x800043ce (0x00000001) c.nop
core   0: 3 0x800043ce (0x0001)
core   0: 0x800043d0 (0x02da6533) rem     a0, s4, a3
core   0: 3 0x800043d0 (0x02da6533) x10 0xfff9c213
core   0: 0x800043d4 (0x015894b3) sll     s1, a7, s5
core   0: 3 0x800043d4 (0x015894b3) x9  0x00000000
core   0: 0x800043d8 (0x00008949) c.andi  a0, 18
core   0: 3 0x800043d8 (0x8949) x10 0x00000012
core   0: 0x800043da (0x03ec9db3) mulh    s11, s9, t5
core   0: 3 0x800043da (0x03ec9db3) x27 0x00000000
core   0: 0x800043de (0x0000e00d) c.bnez  s0, pc + 34
core   0: 3 0x800043de (0xe00d)
core   0: 0x800043e0 (0x0f6d7293) andi    t0, s10, 246
core   0: 3 0x800043e0 (0x0f6d7293) x5  0x00000000
core   0: 0x800043e4 (0x04aa8263) beq     s5, a0, pc + 68
core   0: 3 0x800043e4 (0x04aa8263)
core   0: 0x800043e8 (0x0179dd93) srli    s11, s3, 23
core   0: 3 0x800043e8 (0x0179dd93) x27 0x00000000
core   0: 0x800043ec (0x032dd263) bge     s11, s2, pc + 36
core   0: 3 0x800043ec (0x032dd263)
core   0: 0x80004410 (0x00009ab2) c.add   s5, a2
core   0: 3 0x80004410 (0x9ab2) x21 0x0007ffff
core   0: 0x80004412 (0x2f3f3513) sltiu   a0, t5, 755
core   0: 3 0x80004412 (0x2f3f3513) x10 0x00000001
core   0: 0x80004416 (0x02bb7d63) bgeu    s6, a1, pc + 58
core   0: 3 0x80004416 (0x02bb7d63)
core   0: 0x80004450 (0x00008ef1) c.and   a3, a2
core   0: 3 0x80004450 (0x8ef1) x13 0x00000000
core   0: 0x80004452 (0x02831833) mulh    a6, t1, s0
core   0: 3 0x80004452 (0x02831833) x16 0x00000000
core   0: 0x80004456 (0x01cc5693) srli    a3, s8, 28
core   0: 3 0x80004456 (0x01cc5693) x13 0x00000000
core   0: 0x8000445a (0x00a7fb33) and     s6, a5, a0
core   0: 3 0x8000445a (0x00a7fb33) x22 0x00000000
core   0: 0x8000445e (0x00b3f263) bgeu    t2, a1, pc + 4
core   0: 3 0x8000445e (0x00b3f263)
core   0: 0x80004462 (0xe421ff13) andi    t5, gp, -446
core   0: 3 0x80004462 (0xe421ff13) x30 0x00000000
core   0: 0x80004466 (0x00009eba) c.add   t4, a4
core   0: 3 0x80004466 (0x9eba) x29 0x80025ea4
core   0: 0x80004468 (0x98bb3513) sltiu   a0, s6, -1653
core   0: 3 0x80004468 (0x98bb3513) x10 0x00000001
core   0: 0x8000446c (0x67e9e8b7) lui     a7, 0x67e9e
core   0: 3 0x8000446c (0x67e9e8b7) x17 0x67e9e000
core   0: 0x80004470 (0xccd28713) addi    a4, t0, -819
core   0: 3 0x80004470 (0xccd28713) x14 0xfffffccd
core   0: 0x80004474 (0x039816b3) mulh    a3, a6, s9
core   0: 3 0x80004474 (0x039816b3) x13 0x00000000
core   0: 0x80004478 (0x403e8f33) sub     t5, t4, gp
core   0: 3 0x80004478 (0x403e8f33) x30 0x80025ea4
core   0: 0x8000447c (0x000004a2) c.slli  s1, 8
core   0: 3 0x8000447c (0x04a2) x9  0x00000000
core   0: 0x8000447e (0x012d76b3) and     a3, s10, s2
core   0: 3 0x8000447e (0x012d76b3) x13 0x00000000
core   0: 0x80004482 (0x00008db9) c.xor   a1, a4
core   0: 3 0x80004482 (0x8db9) x11 0xfffffccd
core   0: 0x80004484 (0x00008ced) c.and   s1, a1
core   0: 3 0x80004484 (0x8ced) x9  0x00000000
core   0: 0x80004486 (0x00008e99) c.sub   a3, a4
core   0: 3 0x80004486 (0x8e99) x13 0x00000333
core   0: 0x80004488 (0x031a8ab3) mul     s5, s5, a7
core   0: 3 0x80004488 (0x031a8ab3) x21 0x98162000
core   0: 0x8000448c (0x030f2a33) mulhsu  s4, t5, a6
core   0: 3 0x8000448c (0x030f2a33) x20 0x00000000
core   0: 0x80004490 (0x0000c085) c.beqz  s1, pc + 32
core   0: 3 0x80004490 (0xc085)
core   0: 0x800044b0 (0x00008251) c.srli  a2, 20
core   0: 3 0x800044b0 (0x8251) x12 0x00000000
core   0: 0x800044b2 (0x000045d5) c.li    a1, 21
core   0: 3 0x800044b2 (0x45d5) x11 0x00000015
core   0: 0x800044b4 (0x0000c591) c.beqz  a1, pc + 12
core   0: 3 0x800044b4 (0xc591)
core   0: 0x800044b6 (0x02be8ab3) mul     s5, t4, a1
core   0: 3 0x800044b6 (0x02be8ab3) x21 0x8031c374
core   0: 0x800044ba (0x035d4333) div     t1, s10, s5
core   0: 3 0x800044ba (0x035d4333) x6  0x00000000
core   0: 0x800044be (0x000040a1) c.li    ra, 8
core   0: 3 0x800044be (0x40a1) x1  0x00000008
core   0: 0x800044c0 (0x00000001) c.nop
core   0: 3 0x800044c0 (0x0001)
core   0: 0x800044c2 (0x021b9db3) mulh    s11, s7, ra
core   0: 3 0x800044c2 (0x021b9db3) x27 0x00000000
core   0: 0x800044c6 (0x02a24fb3) div     t6, tp, a0
core   0: 3 0x800044c6 (0x02a24fb3) x31 0x00000001
core   0: 0x800044ca (0x03888533) mul     a0, a7, s8
core   0: 3 0x800044ca (0x03888533) x10 0x00000000
core   0: 0x800044ce (0x01bb6963) bltu    s6, s11, pc + 18
core   0: 3 0x800044ce (0x01bb6963)
core   0: 0x800044d2 (0x0000083a) c.slli  a6, 14
core   0: 3 0x800044d2 (0x083a) x16 0x00000000
core   0: 0x800044d4 (0x00008c1d) c.sub   s0, a5
core   0: 3 0x800044d4 (0x8c1d) x8  0x80000000
core   0: 0x800044d6 (0x0072d413) srli    s0, t0, 7
core   0: 3 0x800044d6 (0x0072d413) x8  0x00000000
core   0: 0x800044da (0x00001c7d) c.addi  s8, -1
core   0: 3 0x800044da (0x1c7d) x24 0xffffffff
core   0: 0x800044dc (0x009f0bb3) add     s7, t5, s1
core   0: 3 0x800044dc (0x009f0bb3) x23 0x80025ea4
core   0: 0x800044e0 (0x00009f3e) c.add   t5, a5
core   0: 3 0x800044e0 (0x9f3e) x30 0x00025ea4
core   0: 0x800044e2 (0x01907663) bgeu    zero, s9, pc + 12
core   0: 3 0x800044e2 (0x01907663)
core   0: 0x800044e6 (0x00008e81) c.sub   a3, s0
core   0: 3 0x800044e6 (0x8e81) x13 0x00000333
core   0: 0x800044e8 (0xca50e893) ori     a7, ra, -859
core   0: 3 0x800044e8 (0xca50e893) x17 0xfffffcad
core   0: 0x800044ec (0x000001be) c.slli  gp, 15
core   0: 3 0x800044ec (0x01be) x3  0x00000000
core   0: 0x800044ee (0x40915f33) sra     t5, sp, s1
core   0: 3 0x800044ee (0x40915f33) x30 0x80029d24
core   0: 0x800044f2 (0x02dcb733) mulhu   a4, s9, a3
core   0: 3 0x800044f2 (0x02dcb733) x14 0x00000199
core   0: 0x800044f6 (0x03842933) mulhsu  s2, s0, s8
core   0: 3 0x800044f6 (0x03842933) x18 0x00000000
core   0: 0x800044fa (0x00006815) c.lui   a6, 0x5
core   0: 3 0x800044fa (0x6815) x16 0x00005000
core   0: 0x800044fc (0x01cef833) and     a6, t4, t3
core   0: 3 0x800044fc (0x01cef833) x16 0x00000000
core   0: 0x80004500 (0x00004591) c.li    a1, 4
core   0: 3 0x80004500 (0x4591) x11 0x00000004
core   0: 0x80004502 (0x02f7beb3) mulhu   t4, a5, a5
core   0: 3 0x80004502 (0x02f7beb3) x29 0x40000000
core   0: 0x80004506 (0x000084d9) c.srai  s1, 22
core   0: 3 0x80004506 (0x84d9) x9  0x00000000
core   0: 0x80004508 (0x00fed8b3) srl     a7, t4, a5
core   0: 3 0x80004508 (0x00fed8b3) x17 0x40000000
core   0: 0x8000450c (0x407fdfb3) sra     t6, t6, t2
core   0: 3 0x8000450c (0x407fdfb3) x31 0x00000000
core   0: 0x80004510 (0x02020163) beqz    tp, pc + 34
core   0: 3 0x80004510 (0x02020163)
core   0: 0x80004514 (0x8a3a7e13) andi    t3, s4, -1885
core   0: 3 0x80004514 (0x8a3a7e13) x28 0x00000000
core   0: 0x80004518 (0x3abb4597) auipc   a1, 0x3abb4
core   0: 3 0x80004518 (0x3abb4597) x11 0xbabb8518
core   0: 0x8000451c (0x00008ad5) c.andi  a3, 21
core   0: 3 0x8000451c (0x8ad5) x13 0x00000011
core   0: 0x8000451e (0x000090de) c.add   ra, s7
core   0: 3 0x8000451e (0x90de) x1  0x80025eac
core   0: 0x80004520 (0x7cc8c693) xori    a3, a7, 1996
core   0: 3 0x80004520 (0x7cc8c693) x13 0x400007cc
core   0: 0x80004524 (0x02905c63) bge     zero, s1, pc + 56
core   0: 3 0x80004524 (0x02905c63)
core   0: 0x8000455c (0x0000c45d) c.beqz  s0, pc + 174
core   0: 3 0x8000455c (0xc45d)
core   0: 0x8000460a (0x023e0233) mul     tp, t3, gp
core   0: 3 0x8000460a (0x023e0233) x4  0x00000000
core   0: 0x8000460e (0x02fcb533) mulhu   a0, s9, a5
core   0: 3 0x8000460e (0x02fcb533) x10 0x40012692
core   0: 0x80004612 (0x02eeb933) mulhu   s2, t4, a4
core   0: 3 0x80004612 (0x02eeb933) x18 0x00000066
core   0: 0x80004616 (0x017ec5b3) xor     a1, t4, s7
core   0: 3 0x80004616 (0x017ec5b3) x11 0xc0025ea4
core   0: 0x8000461a (0x034a14b3) mulh    s1, s4, s4
core   0: 3 0x8000461a (0x034a14b3) x9  0x00000000
core   0: 0x8000461e (0x8b28cd13) xori    s10, a7, -1870
core   0: 3 0x8000461e (0x8b28cd13) x26 0xbffff8b2
core   0: 0x80004622 (0x00337533) and     a0, t1, gp
core   0: 3 0x80004622 (0x00337533) x10 0x00000000
core   0: 0x80004626 (0x66c62893) slti    a7, a2, 1644
core   0: 3 0x80004626 (0x66c62893) x17 0x00000001
core   0: 0x8000462a (0x02b6cf63) blt     a3, a1, pc + 62
core   0: 3 0x8000462a (0x02b6cf63)
core   0: 0x8000462e (0x0136de13) srli    t3, a3, 19
core   0: 3 0x8000462e (0x0136de13) x28 0x00000800
core   0: 0x80004632 (0x3f008513) addi    a0, ra, 1008
core   0: 3 0x80004632 (0x3f008513) x10 0x8002629c
core   0: 0x80004636 (0x00dd3a33) sltu    s4, s10, a3
core   0: 3 0x80004636 (0x00dd3a33) x20 0x00000000
core   0: 0x8000463a (0x00c732b3) sltu    t0, a4, a2
core   0: 3 0x8000463a (0x00c732b3) x5  0x00000000
core   0: 0x8000463e (0x41f1da93) srai    s5, gp, 31
core   0: 3 0x8000463e (0x41f1da93) x21 0x00000000
core   0: 0x80004642 (0x00915d33) srl     s10, sp, s1
core   0: 3 0x80004642 (0x00915d33) x26 0x80029d24
core   0: 0x80004646 (0x0507e263) bltu    a5, a6, pc + 68
core   0: 3 0x80004646 (0x0507e263)
core   0: 0x8000464a (0x000088e9) c.andi  s1, 26
core   0: 3 0x8000464a (0x88e9) x9  0x00000000
core   0: 0x8000464c (0x022fef33) rem     t5, t6, sp
core   0: 3 0x8000464c (0x022fef33) x30 0x00000000
core   0: 0x80004650 (0x0036e533) or      a0, a3, gp
core   0: 3 0x80004650 (0x0036e533) x10 0x400007cc
core   0: 0x80004654 (0x00000edd) c.addi  t4, 23
core   0: 3 0x80004654 (0x0edd) x29 0x40000017
core   0: 0x80004656 (0xea0be193) ori     gp, s7, -352
core   0: 3 0x80004656 (0xea0be193) x3  0xfffffea4
core   0: 0x8000465a (0x012684b3) add     s1, a3, s2
core   0: 3 0x8000465a (0x012684b3) x9  0x40000832
core   0: 0x8000465e (0x02679b33) mulh    s6, a5, t1
core   0: 3 0x8000465e (0x02679b33) x22 0x00000000
core   0: 0x80004662 (0x00008431) c.srai  s0, 12
core   0: 3 0x80004662 (0x8431) x8  0x00000000
core   0: 0x80004664 (0x01b25813) srli    a6, tp, 27
core   0: 3 0x80004664 (0x01b25813) x16 0x00000000
core   0: 0x80004668 (0x41a3df93) srai    t6, t2, 26
core   0: 3 0x80004668 (0x41a3df93) x31 0xffffffe0
core   0: 0x8000466c (0xf8163293) sltiu   t0, a2, -127
core   0: 3 0x8000466c (0xf8163293) x5  0x00000001
core   0: 0x80004670 (0x41638633) sub     a2, t2, s6
core   0: 3 0x80004670 (0x41638633) x12 0x80025ea4
core   0: 0x80004674 (0x01c1f0b3) and     ra, gp, t3
core   0: 3 0x80004674 (0x01c1f0b3) x1  0x00000800
core   0: 0x80004678 (0x00008cc1) c.or    s1, s0
core   0: 3 0x80004678 (0x8cc1) x9  0x40000832
core   0: 0x8000467a (0x007fabb3) slt     s7, t6, t2
core   0: 3 0x8000467a (0x007fabb3) x23 0x00000000
core   0: 0x8000467e (0x007bd613) srli    a2, s7, 7
core   0: 3 0x8000467e (0x007bd613) x12 0x00000000
core   0: 0x80004682 (0x03f27163) bgeu    tp, t6, pc + 34
core   0: 3 0x80004682 (0x03f27163)
core   0: 0x80004686 (0xd11d8c13) addi    s8, s11, -751
core   0: 3 0x80004686 (0xd11d8c13) x24 0xfffffd11
core   0: 0x8000468a (0x00000a92) c.slli  s5, 4
core   0: 3 0x8000468a (0x0a92) x21 0x00000000
core   0: 0x8000468c (0x017e01b3) add     gp, t3, s7
core   0: 3 0x8000468c (0x017e01b3) x3  0x00000800
core   0: 0x80004690 (0x00008ded) c.and   a1, a1
core   0: 3 0x80004690 (0x8ded) x11 0xc0025ea4
core   0: 0x80004692 (0x249cea13) ori     s4, s9, 585
core   0: 3 0x80004692 (0x249cea13) x20 0x80024f6d
core   0: 0x80004696 (0x00009a22) c.add   s4, s0
core   0: 3 0x80004696 (0x9a22) x20 0x80024f6d
core   0: 0x80004698 (0x011e2b33) slt     s6, t3, a7
core   0: 3 0x80004698 (0x011e2b33) x22 0x00000000
core   0: 0x8000469c (0x4cc08493) addi    s1, ra, 1228
core   0: 3 0x8000469c (0x4cc08493) x9  0x00000ccc
core   0: 0x800046a0 (0x034a1663) bne     s4, s4, pc + 44
core   0: 3 0x800046a0 (0x034a1663)
core   0: 0x800046a4 (0x0145dc93) srli    s9, a1, 20
core   0: 3 0x800046a4 (0x0145dc93) x25 0x00000c00
core   0: 0x800046a8 (0x0066e933) or      s2, a3, t1
core   0: 3 0x800046a8 (0x0066e933) x18 0x400007cc
core   0: 0x800046ac (0x7e560a93) addi    s5, a2, 2021
core   0: 3 0x800046ac (0x7e560a93) x21 0x000007e5
core   0: 0x800046b0 (0x00008ce9) c.and   s1, a0
core   0: 3 0x800046b0 (0x8ce9) x9  0x000004cc
core   0: 0x800046b2 (0xf90f4737) lui     a4, 0xf90f4
core   0: 3 0x800046b2 (0xf90f4737) x14 0xf90f4000
core   0: 0x800046b6 (0x00f750b3) srl     ra, a4, a5
core   0: 3 0x800046b6 (0x00f750b3) x1  0xf90f4000
core   0: 0x800046ba (0x00008699) c.srai  a3, 6
core   0: 3 0x800046ba (0x8699) x13 0x0100001f
core   0: 0x800046bc (0x1b9a3b93) sltiu   s7, s4, 441
core   0: 3 0x800046bc (0x1b9a3b93) x23 0x00000000
core   0: 0x800046c0 (0x02890f63) beq     s2, s0, pc + 62
core   0: 3 0x800046c0 (0x02890f63)
core   0: 0x800046c4 (0x030e1cb3) mulh    s9, t3, a6
core   0: 3 0x800046c4 (0x030e1cb3) x25 0x00000000
core   0: 0x800046c8 (0x04266363) bltu    a2, sp, pc + 70
core   0: 3 0x800046c8 (0x04266363)
core   0: 0x8000470e (0x000065d5) c.lui   a1, 0x15
core   0: 3 0x8000470e (0x65d5) x11 0x00015000
core   0: 0x80004710 (0x01c03e33) snez    t3, t3
core   0: 3 0x80004710 (0x01c03e33) x28 0x00000001
core   0: 0x80004714 (0x000089d1) c.andi  a1, 20
core   0: 3 0x80004714 (0x89d1) x11 0x00000000
core   0: 0x80004716 (0x72ebcb13) xori    s6, s7, 1838
core   0: 3 0x80004716 (0x72ebcb13) x22 0x0000072e
core   0: 0x8000471a (0x01013033) sltu    zero, sp, a6
core   0: 3 0x8000471a (0x01013033)
core   0: 0x8000471e (0x0033bbb3) sltu    s7, t2, gp
core   0: 3 0x8000471e (0x0033bbb3) x23 0x00000000
core   0: 0x80004722 (0x03411433) mulh    s0, sp, s4
core   0: 3 0x80004722 (0x03411433) x8  0x3ffd89bd
core   0: 0x80004726 (0x00008cb5) c.xor   s1, a3
core   0: 3 0x80004726 (0x8cb5) x9  0x010004d3
core   0: 0x80004728 (0x410f5813) srai    a6, t5, 16
core   0: 3 0x80004728 (0x410f5813) x16 0x00000000
core   0: 0x8000472c (0xb3178693) addi    a3, a5, -1231
core   0: 3 0x8000472c (0xb3178693) x13 0x7ffffb31
core   0: 0x80004730 (0x013b8ab3) add     s5, s7, s3
core   0: 3 0x80004730 (0x013b8ab3) x21 0x00000014
core   0: 0x80004734 (0x00008f15) c.sub   a4, a3
core   0: 3 0x80004734 (0x8f15) x14 0x790f44cf
core   0: 0x80004736 (0x7fba0f93) addi    t6, s4, 2043
core   0: 3 0x80004736 (0x7fba0f93) x31 0x80025768
core   0: 0x8000473a (0x0000987d) c.andi  s0, -1
core   0: 3 0x8000473a (0x987d) x8  0x3ffd89bd
core   0: 0x8000473c (0x4068d093) srai    ra, a7, 6
core   0: 3 0x8000473c (0x4068d093) x1  0x00000000
core   0: 0x80004740 (0x000010fd) c.addi  ra, -1
core   0: 3 0x80004740 (0x10fd) x1  0xffffffff
core   0: 0x80004742 (0x41b5d713) srai    a4, a1, 27
core   0: 3 0x80004742 (0x41b5d713) x14 0x00000000
core   0: 0x80004746 (0x000086b1) c.srai  a3, 12
core   0: 3 0x80004746 (0x86b1) x13 0x0007ffff
core   0: 0x80004748 (0x00fe14b3) sll     s1, t3, a5
core   0: 3 0x80004748 (0x00fe14b3) x9  0x00000001
core   0: 0x8000474c (0x00287663) bgeu    a6, sp, pc + 12
core   0: 3 0x8000474c (0x00287663)
core   0: 0x80004750 (0x00d44363) blt     s0, a3, pc + 6
core   0: 3 0x80004750 (0x00d44363)
core   0: 0x80004754 (0x000092d6) c.add   t0, s5
core   0: 3 0x80004754 (0x92d6) x5  0x00000015
core   0: 0x80004756 (0x00004459) c.li    s0, 22
core   0: 3 0x80004756 (0x4459) x8  0x00000016
core   0: 0x80004758 (0x00876bb3) or      s7, a4, s0
core   0: 3 0x80004758 (0x00876bb3) x23 0x00000016
core   0: 0x8000475c (0x00bbdfb3) srl     t6, s7, a1
core   0: 3 0x8000475c (0x00bbdfb3) x31 0x00000016
core   0: 0x80004760 (0x0000987d) c.andi  s0, -1
core   0: 3 0x80004760 (0x987d) x8  0x00000016
core   0: 0x80004762 (0x00000001) c.nop
core   0: 3 0x80004762 (0x0001)
core   0: 0x80004764 (0x02253bb3) mulhu   s7, a0, sp
core   0: 3 0x80004764 (0x02253bb3) x23 0x2000ab2f
core   0: 0x80004768 (0x0000177d) c.addi  a4, -1
core   0: 3 0x80004768 (0x177d) x14 0xffffffff
core   0: 0x8000476a (0x00da6033) or      zero, s4, a3
core   0: 3 0x8000476a (0x00da6033)
core   0: 0x8000476e (0x91017093) andi    ra, sp, -1776
core   0: 3 0x8000476e (0x91017093) x1  0x80029900
core   0: 0x80004772 (0x0000e809) c.bnez  s0, pc + 18
core   0: 3 0x80004772 (0xe809)
core   0: 0x80004784 (0x03c2db63) bge     t0, t3, pc + 54
core   0: 3 0x80004784 (0x03c2db63)
core   0: 0x800047ba (0x0eee3413) sltiu   s0, t3, 238
core   0: 3 0x800047ba (0x0eee3413) x8  0x00000001
core   0: 0x800047be (0x00008e99) c.sub   a3, a4
core   0: 3 0x800047be (0x8e99) x13 0x00080000
core   0: 0x800047c0 (0x00008f75) c.and   a4, a3
core   0: 3 0x800047c0 (0x8f75) x14 0x00080000
core   0: 0x800047c2 (0x00008d55) c.or    a0, a3
core   0: 3 0x800047c2 (0x8d55) x10 0x400807cc
core   0: 0x800047c4 (0x0000084e) c.slli  a6, 19
core   0: 3 0x800047c4 (0x084e) x16 0x00000000
core   0: 0x800047c6 (0x0a18ad93) slti    s11, a7, 161
core   0: 3 0x800047c6 (0x0a18ad93) x27 0x00000001
core   0: 0x800047ca (0xf24de413) ori     s0, s11, -220
core   0: 3 0x800047ca (0xf24de413) x8  0xffffff25
core   0: 0x800047ce (0x0000869d) c.srai  a3, 7
core   0: 3 0x800047ce (0x869d) x13 0x00001000
core   0: 0x800047d0 (0x02140963) beq     s0, ra, pc + 50
core   0: 3 0x800047d0 (0x02140963)
core   0: 0x800047d4 (0x41755013) srai    zero, a0, 23
core   0: 3 0x800047d4 (0x41755013)
core   0: 0x800047d8 (0x00756563) bltu    a0, t2, pc + 10
core   0: 3 0x800047d8 (0x00756563)
core   0: 0x800047e2 (0x034206b3) mul     a3, tp, s4
core   0: 3 0x800047e2 (0x034206b3) x13 0x00000000
core   0: 0x800047e6 (0x000084f5) c.srai  s1, 29
core   0: 3 0x800047e6 (0x84f5) x9  0x00000000
core   0: 0x800047e8 (0x019e1693) slli    a3, t3, 25
core   0: 3 0x800047e8 (0x019e1693) x13 0x02000000
core   0: 0x800047ec (0x00d06fb3) or      t6, zero, a3
core   0: 3 0x800047ec (0x00d06fb3) x31 0x02000000
core   0: 0x800047f0 (0x76cc8813) addi    a6, s9, 1900
core   0: 3 0x800047f0 (0x76cc8813) x16 0x0000076c
core   0: 0x800047f4 (0x02e17833) remu    a6, sp, a4
core   0: 3 0x800047f4 (0x02e17833) x16 0x00029d24
core   0: 0x800047f8 (0x40495333) sra     t1, s2, tp
core   0: 3 0x800047f8 (0x40495333) x6  0x400007cc
core   0: 0x800047fc (0x057e1163) bne     t3, s7, pc + 66
core   0: 3 0x800047fc (0x057e1163)
core   0: 0x8000483e (0x01a3d263) bge     t2, s10, pc + 4
core   0: 3 0x8000483e (0x01a3d263)
core   0: 0x80004842 (0x00008196) c.mv    gp, t0
core   0: 3 0x80004842 (0x8196) x3  0x00000015
core   0: 0x80004844 (0x00000001) c.nop
core   0: 3 0x80004844 (0x0001)
core   0: 0x80004846 (0x00004669) c.li    a2, 26
core   0: 3 0x80004846 (0x4669) x12 0x0000001a
core   0: 0x80004848 (0x40e2d293) srai    t0, t0, 14
core   0: 3 0x80004848 (0x40e2d293) x5  0x00000000
core   0: 0x8000484c (0x0000970a) c.add   a4, sp
core   0: 3 0x8000484c (0x970a) x14 0x800a9d24
core   0: 0x8000484e (0x0d164f93) xori    t6, a2, 209
core   0: 3 0x8000484e (0x0d164f93) x31 0x000000cb
core   0: 0x80004852 (0x000086e5) c.srai  a3, 25
core   0: 3 0x80004852 (0x86e5) x13 0x00000001
core   0: 0x80004854 (0x00d89213) slli    tp, a7, 13
core   0: 3 0x80004854 (0x00d89213) x4  0x00002000
core   0: 0x80004858 (0x00008305) c.srli  a4, 1
core   0: 3 0x80004858 (0x8305) x14 0x40054e92
core   0: 0x8000485a (0x019a34b3) sltu    s1, s4, s9
core   0: 3 0x8000485a (0x019a34b3) x9  0x00000000
core   0: 0x8000485e (0x034182b3) mul     t0, gp, s4
core   0: 3 0x8000485e (0x034182b3) x5  0x803083f1
core   0: 0x80004862 (0x00008ef9) c.and   a3, a4
core   0: 3 0x80004862 (0x8ef9) x13 0x00000000
core   0: 0x80004864 (0x0035c333) xor     t1, a1, gp
core   0: 3 0x80004864 (0x0035c333) x6  0x00000015
core   0: 0x80004868 (0x16549e37) lui     t3, 0x16549
core   0: 3 0x80004868 (0x16549e37) x28 0x16549000
core   0: 0x8000486c (0x00000001) c.nop
core   0: 3 0x8000486c (0x0001)
core   0: 0x8000486e (0x03ad02b3) mul     t0, s10, s10
core   0: 3 0x8000486e (0x03ad02b3) x5  0xd5052d10
core   0: 0x80004872 (0x00008ee1) c.and   a3, s0
core   0: 3 0x80004872 (0x8ee1) x13 0x00000000
core   0: 0x80004874 (0xcf8c7a13) andi    s4, s8, -776
core   0: 3 0x80004874 (0xcf8c7a13) x20 0xfffffc10
core   0: 0x80004878 (0x011b1bb3) sll     s7, s6, a7
core   0: 3 0x80004878 (0x011b1bb3) x23 0x00000e5c
core   0: 0x8000487c (0x01f1e533) or      a0, gp, t6
core   0: 3 0x8000487c (0x01f1e533) x10 0x000000df
core   0: 0x80004880 (0x41375493) srai    s1, a4, 19
core   0: 3 0x80004880 (0x41375493) x9  0x00000800
core   0: 0x80004884 (0x01ca4663) blt     s4, t3, pc + 12
core   0: 3 0x80004884 (0x01ca4663)
core   0: 0x80004890 (0x00469633) sll     a2, a3, tp
core   0: 3 0x80004890 (0x00469633) x12 0x00000000
core   0: 0x80004894 (0x01786463) bltu    a6, s7, pc + 8
core   0: 3 0x80004894 (0x01786463)
core   0: 0x80004898 (0x41bbdb13) srai    s6, s7, 27
core   0: 3 0x80004898 (0x41bbdb13) x22 0x00000000
core   0: 0x8000489c (0x011cd633) srl     a2, s9, a7
core   0: 3 0x8000489c (0x011cd633) x12 0x00000000
core   0: 0x800048a0 (0x00008045) c.srli  s0, 17
core   0: 3 0x800048a0 (0x8045) x8  0x00007fff
core   0: 0x800048a2 (0xb39f0f13) addi    t5, t5, -1223
core   0: 3 0x800048a2 (0xb39f0f13) x30 0xfffffb39
core   0: 0x800048a6 (0x5691ce97) auipc   t4, 0x5691c
core   0: 3 0x800048a6 (0x5691ce97) x29 0xd69208a6
core   0: 0x800048aa (0x03aa1733) mulh    a4, s4, s10
core   0: 3 0x800048aa (0x03aa1733) x14 0x000001f7
core   0: 0x800048ae (0x65690213) addi    tp, s2, 1622
core   0: 3 0x800048ae (0x65690213) x4  0x40000e22
core   0: 0x800048b2 (0x00be2d33) slt     s10, t3, a1
core   0: 3 0x800048b2 (0x00be2d33) x26 0x00000000
core   0: 0x800048b6 (0x0000c51d) c.beqz  a0, pc + 46
core   0: 3 0x800048b6 (0xc51d)
core   0: 0x800048b8 (0x00006355) c.lui   t1, 0x15
core   0: 3 0x800048b8 (0x6355) x6  0x00015000
core   0: 0x800048ba (0x03d88c63) beq     a7, t4, pc + 56
core   0: 3 0x800048ba (0x03d88c63)
core   0: 0x800048be (0x41c7b513) sltiu   a0, a5, 1052
core   0: 3 0x800048be (0x41c7b513) x10 0x00000000
core   0: 0x800048c2 (0x0176cf63) blt     a3, s7, pc + 30
core   0: 3 0x800048c2 (0x0176cf63)
core   0: 0x800048e0 (0x019515b3) sll     a1, a0, s9
core   0: 3 0x800048e0 (0x019515b3) x11 0x00000000
core   0: 0x800048e4 (0x02deab33) mulhsu  s6, t4, a3
core   0: 3 0x800048e4 (0x02deab33) x22 0x00000000
core   0: 0x800048e8 (0xc2dd0813) addi    a6, s10, -979
core   0: 3 0x800048e8 (0xc2dd0813) x16 0xfffffc2d
core   0: 0x800048ec (0x40a35293) srai    t0, t1, 10
core   0: 3 0x800048ec (0x40a35293) x5  0x00000054
core   0: 0x800048f0 (0x00008a0a) c.mv    s4, sp
core   0: 3 0x800048f0 (0x8a0a) x20 0x80029d24
core   0: 0x800048f2 (0x036dceb3) div     t4, s11, s6
core   0: 3 0x800048f2 (0x036dceb3) x29 0xffffffff
core   0: 0x800048f6 (0x02823d33) mulhu   s10, tp, s0
core   0: 3 0x800048f6 (0x02823d33) x26 0x00001fff
core   0: 0x800048fa (0x00008ce1) c.and   s1, s0
core   0: 3 0x800048fa (0x8ce1) x9  0x00000800
core   0: 0x800048fc (0x00008dc1) c.or    a1, s0
core   0: 3 0x800048fc (0x8dc1) x11 0x00007fff
core   0: 0x800048fe (0x000094f6) c.add   s1, t4
core   0: 3 0x800048fe (0x94f6) x9  0x000007ff
core   0: 0x80004900 (0x0000ed05) c.bnez  a0, pc + 56
core   0: 3 0x80004900 (0xed05)
core   0: 0x80004902 (0x013bc533) xor     a0, s7, s3
core   0: 3 0x80004902 (0x013bc533) x10 0x00000e48
core   0: 0x80004906 (0x66472193) slti    gp, a4, 1636
core   0: 3 0x80004906 (0x66472193) x3  0x00000001
core   0: 0x8000490a (0x207e84b7) lui     s1, 0x207e8
core   0: 3 0x8000490a (0x207e84b7) x9  0x207e8000
core   0: 0x8000490e (0x00000001) c.nop
core   0: 3 0x8000490e (0x0001)
core   0: 0x80004910 (0x03119263) bne     gp, a7, pc + 36
core   0: 3 0x80004910 (0x03119263)
core   0: 0x80004914 (0x02afe363) bltu    t6, a0, pc + 38
core   0: 3 0x80004914 (0x02afe363)
core   0: 0x8000493a (0x038ad463) bge     s5, s8, pc + 40
core   0: 3 0x8000493a (0x038ad463)
core   0: 0x80004962 (0x0000eb09) c.bnez  a4, pc + 18
core   0: 3 0x80004962 (0xeb09)
core   0: 0x80004974 (0x00000001) c.nop
core   0: 3 0x80004974 (0x0001)
core   0: 0x80004976 (0x9a806d97) auipc   s11, 0x9a806
core   0: 3 0x80004976 (0x9a806d97) x27 0x1a80a976
core   0: 0x8000497a (0x038f75b3) remu    a1, t5, s8
core   0: 3 0x8000497a (0x038f75b3) x11 0xfffffb39
core   0: 0x8000497e (0x015d9e33) sll     t3, s11, s5
core   0: 3 0x8000497e (0x015d9e33) x28 0x97600000
core   0: 0x80004982 (0x03a0b333) mulhu   t1, ra, s10
core   0: 3 0x80004982 (0x03a0b333) x6  0x00000fff
core   0: 0x80004986 (0x4143d1b3) sra     gp, t2, s4
core   0: 3 0x80004986 (0x4143d1b3) x3  0xf80025ea
core   0: 0x8000498a (0xea678b13) addi    s6, a5, -346
core   0: 3 0x8000498a (0xea678b13) x22 0x7ffffea6
core   0: 0x8000498e (0x4086da13) srai    s4, a3, 8
core   0: 3 0x8000498e (0x4086da13) x20 0x00000000
core   0: 0x80004992 (0x0237df33) divu    t5, a5, gp
core   0: 3 0x80004992 (0x0237df33) x30 0x00000000
core   0: 0x80004996 (0x007d8bb3) add     s7, s11, t2
core   0: 3 0x80004996 (0x007d8bb3) x23 0x9a83081a
core   0: 0x8000499a (0x517c8213) addi    tp, s9, 1303
core   0: 3 0x8000499a (0x517c8213) x4  0x00000517
core   0: 0x8000499e (0x0176d663) bge     a3, s7, pc + 12
core   0: 3 0x8000499e (0x0176d663)
core   0: 0x800049aa (0x00008e85) c.sub   a3, s1
core   0: 3 0x800049aa (0x8e85) x13 0xdf818000
core   0: 0x800049ac (0x01921bb3) sll     s7, tp, s9
core   0: 3 0x800049ac (0x01921bb3) x23 0x00000517
core   0: 0x800049b0 (0x020f4f33) div     t5, t5, zero
core   0: 3 0x800049b0 (0x020f4f33) x30 0xffffffff
core   0: 0x800049b4 (0x02b5e4b3) rem     s1, a1, a1
core   0: 3 0x800049b4 (0x02b5e4b3) x9  0x00000000
core   0: 0x800049b8 (0x03ce46b3) div     a3, t3, t3
core   0: 3 0x800049b8 (0x03ce46b3) x13 0x00000001
core   0: 0x800049bc (0x01809013) slli    zero, ra, 24
core   0: 3 0x800049bc (0x01809013)
core   0: 0x800049c0 (0x00008331) c.srli  a4, 12
core   0: 3 0x800049c0 (0x8331) x14 0x00000000
core   0: 0x800049c2 (0x00e68533) add     a0, a3, a4
core   0: 3 0x800049c2 (0x00e68533) x10 0x00000001
core   0: 0x800049c6 (0x02583e33) mulhu   t3, a6, t0
core   0: 3 0x800049c6 (0x02583e33) x28 0x00000053
core   0: 0x800049ca (0x03685163) bge     a6, s6, pc + 34
core   0: 3 0x800049ca (0x03685163)
core   0: 0x800049ce (0x5e46c713) xori    a4, a3, 1508
core   0: 3 0x800049ce (0x5e46c713) x14 0x000005e5
core   0: 0x800049d2 (0x029ff2b3) remu    t0, t6, s1
core   0: 3 0x800049d2 (0x029ff2b3) x5  0x000000cb
core   0: 0x800049d6 (0x010a5f93) srli    t6, s4, 16
core   0: 3 0x800049d6 (0x010a5f93) x31 0x00000000
core   0: 0x800049da (0x401e5833) sra     a6, t3, ra
core   0: 3 0x800049da (0x401e5833) x16 0x00000053
core   0: 0x800049de (0x029ee6b3) rem     a3, t4, s1
core   0: 3 0x800049de (0x029ee6b3) x13 0xffffffff
core   0: 0x800049e2 (0x0061d893) srli    a7, gp, 6
core   0: 3 0x800049e2 (0x0061d893) x17 0x03e00097
core   0: 0x800049e6 (0x00c70763) beq     a4, a2, pc + 14
core   0: 3 0x800049e6 (0x00c70763)
core   0: 0x800049ea (0x00000001) c.nop
core   0: 3 0x800049ea (0x0001)
core   0: 0x800049ec (0x00f14333) xor     t1, sp, a5
core   0: 3 0x800049ec (0x00f14333) x6  0x00029d24
core   0: 0x800049f0 (0x03a054b3) divu    s1, zero, s10
core   0: 3 0x800049f0 (0x03a054b3) x9  0x00000000
core   0: 0x800049f4 (0x404b5bb3) sra     s7, s6, tp
core   0: 3 0x800049f4 (0x404b5bb3) x23 0x000000ff
core   0: 0x800049f8 (0x00000001) c.nop
core   0: 3 0x800049f8 (0x0001)
core   0: 0x800049fa (0x00478593) addi    a1, a5, 4
core   0: 3 0x800049fa (0x00478593) x11 0x80000004
core   0: 0x800049fe (0x02226fb3) rem     t6, tp, sp
core   0: 3 0x800049fe (0x02226fb3) x31 0x00000517
core   0: 0x80004a02 (0x41a1db33) sra     s6, gp, s10
core   0: 3 0x80004a02 (0x41a1db33) x22 0xffffffff
core   0: 0x80004a06 (0x000089f5) c.andi  a1, 29
core   0: 3 0x80004a06 (0x89f5) x11 0x00000004
core   0: 0x80004a08 (0x03be4cb3) div     s9, t3, s11
core   0: 3 0x80004a08 (0x03be4cb3) x25 0x00000000
core   0: 0x80004a0c (0x2a398d97) auipc   s11, 0x2a398
core   0: 3 0x80004a0c (0x2a398d97) x27 0xaa39ca0c
core   0: 0x80004a10 (0xa34eec13) ori     s8, t4, -1484
core   0: 3 0x80004a10 (0xa34eec13) x24 0xffffffff
core   0: 0x80004a14 (0x0233ceb3) div     t4, t2, gp
core   0: 3 0x80004a14 (0x0233ceb3) x29 0x0000000f
core   0: 0x80004a18 (0x00a05633) srl     a2, zero, a0
core   0: 3 0x80004a18 (0x00a05633) x12 0x00000000
core   0: 0x80004a1c (0x019cc333) xor     t1, s9, s9
core   0: 3 0x80004a1c (0x019cc333) x6  0x00000000
core   0: 0x80004a20 (0x407d0db3) sub     s11, s10, t2
core   0: 3 0x80004a20 (0x407d0db3) x27 0x7ffdc15b
core   0: 0x80004a24 (0x0000e0a1) c.bnez  s1, pc + 64
core   0: 3 0x80004a24 (0xe0a1)
core   0: 0x80004a26 (0x0209f1b3) remu    gp, s3, zero
core   0: 3 0x80004a26 (0x0209f1b3) x3  0x00000014
core   0: 0x80004a2a (0xefc44a13) xori    s4, s0, -260
core   0: 3 0x80004a2a (0xefc44a13) x20 0xffff8103
core   0: 0x80004a2e (0x01989193) slli    gp, a7, 25
core   0: 3 0x80004a2e (0x01989193) x3  0x2e000000
core   0: 0x80004a32 (0x00008836) c.mv    a6, a3
core   0: 3 0x80004a32 (0x8836) x16 0xffffffff
core   0: 0x80004a34 (0x0000c199) c.beqz  a1, pc + 6
core   0: 3 0x80004a34 (0xc199)
core   0: 0x80004a36 (0x01759493) slli    s1, a1, 23
core   0: 3 0x80004a36 (0x01759493) x9  0x02000000
core   0: 0x80004a3a (0x035d5d63) bge     s10, s5, pc + 58
core   0: 3 0x80004a3a (0x035d5d63)
core   0: 0x80004a74 (0xf4c9c093) xori    ra, s3, -180
core   0: 3 0x80004a74 (0xf4c9c093) x1  0xffffff58
core   0: 0x80004a78 (0x179aee37) lui     t3, 0x179ae
core   0: 3 0x80004a78 (0x179aee37) x28 0x179ae000
core   0: 0x80004a7c (0x41330033) sub     zero, t1, s3
core   0: 3 0x80004a7c (0x41330033)
core   0: 0x80004a80 (0x02116f63) bltu    sp, ra, pc + 62
core   0: 3 0x80004a80 (0x02116f63)
core   0: 0x80004abe (0x0082cbb3) xor     s7, t0, s0
core   0: 3 0x80004abe (0x0082cbb3) x23 0x00007f34
core   0: 0x80004ac2 (0x019e82b3) add     t0, t4, s9
core   0: 3 0x80004ac2 (0x019e82b3) x5  0x0000000f
core   0: 0x80004ac6 (0x02075733) divu    a4, a4, zero
core   0: 3 0x80004ac6 (0x02075733) x14 0xffffffff
core   0: 0x80004aca (0x00008811) c.andi  s0, 4
core   0: 3 0x80004aca (0x8811) x8  0x00000004
core   0: 0x80004acc (0x00009496) c.add   s1, t0
core   0: 3 0x80004acc (0x9496) x9  0x0200000f
core   0: 0x80004ace (0x80487e13) andi    t3, a6, -2044
core   0: 3 0x80004ace (0x80487e13) x28 0xfffff804
core   0: 0x80004ad2 (0x41f5da33) sra     s4, a1, t6
core   0: 3 0x80004ad2 (0x41f5da33) x20 0x00000000
core   0: 0x80004ad6 (0x027a4763) blt     s4, t2, pc + 46
core   0: 3 0x80004ad6 (0x027a4763)
core   0: 0x80004ada (0x03373e33) mulhu   t3, a4, s3
core   0: 3 0x80004ada (0x03373e33) x28 0x00000013
core   0: 0x80004ade (0x00008091) c.srli  s1, 4
core   0: 3 0x80004ade (0x8091) x9  0x00200000
core   0: 0x80004ae0 (0x0252b033) mulhu   zero, t0, t0
core   0: 3 0x80004ae0 (0x0252b033)
core   0: 0x80004ae4 (0x4184de13) srai    t3, s1, 24
core   0: 3 0x80004ae4 (0x4184de13) x28 0x00000000
core   0: 0x80004ae8 (0x0148dab3) srl     s5, a7, s4
core   0: 3 0x80004ae8 (0x0148dab3) x21 0x03e00097
core   0: 0x80004aec (0x00009a7a) c.add   s4, t5
core   0: 3 0x80004aec (0x9a7a) x20 0xffffffff
core   0: 0x80004aee (0x0000817d) c.srli  a0, 31
core   0: 3 0x80004aee (0x817d) x10 0x00000000
core   0: 0x80004af0 (0x41160f33) sub     t5, a2, a7
core   0: 3 0x80004af0 (0x41160f33) x30 0xfc1fff69
core   0: 0x80004af4 (0x41d880b3) sub     ra, a7, t4
core   0: 3 0x80004af4 (0x41d880b3) x1  0x03e00088
core   0: 0x80004af8 (0x000002c6) c.slli  t0, 17
core   0: 3 0x80004af8 (0x02c6) x5  0x001e0000
core   0: 0x80004afa (0x00008c25) c.xor   s0, s1
core   0: 3 0x80004afa (0x8c25) x8  0x00200004
core   0: 0x80004afc (0x00008a99) c.andi  a3, 6
core   0: 3 0x80004afc (0x8a99) x13 0x00000006
core   0: 0x80004afe (0x0000c819) c.beqz  s0, pc + 22
core   0: 3 0x80004afe (0xc819)
core   0: 0x80004b00 (0x03a90f33) mul     t5, s2, s10
core   0: 3 0x80004b00 (0x03a90f33) x30 0xc0f97834
core   0: 0x80004b04 (0x4112d433) sra     s0, t0, a7
core   0: 3 0x80004b04 (0x4112d433) x8  0x00000000
core   0: 0x80004b08 (0x024c1cb3) mulh    s9, s8, tp
core   0: 3 0x80004b08 (0x024c1cb3) x25 0xffffffff
core   0: 0x80004b0c (0x000085f5) c.srai  a1, 29
core   0: 3 0x80004b0c (0x85f5) x11 0x00000000
core   0: 0x80004b0e (0x00008e5d) c.or    a2, a5
core   0: 3 0x80004b0e (0x8e5d) x12 0x80000000
core   0: 0x80004b10 (0x0158cc63) blt     a7, s5, pc + 24
core   0: 3 0x80004b10 (0x0158cc63)
core   0: 0x80004b14 (0x036e6733) rem     a4, t3, s6
core   0: 3 0x80004b14 (0x036e6733) x14 0x00000000
core   0: 0x80004b18 (0xeae7bb93) sltiu   s7, a5, -338
core   0: 3 0x80004b18 (0xeae7bb93) x23 0x00000001
core   0: 0x80004b1c (0x267b2193) slti    gp, s6, 615
core   0: 3 0x80004b1c (0x267b2193) x3  0x00000001
core   0: 0x80004b20 (0x02bced33) rem     s10, s9, a1
core   0: 3 0x80004b20 (0x02bced33) x26 0xffffffff
core   0: 0x80004b24 (0x024905b3) mul     a1, s2, tp
core   0: 3 0x80004b24 (0x024905b3) x11 0xc027af54
core   0: 0x80004b28 (0xcf04ea13) ori     s4, s1, -784
core   0: 3 0x80004b28 (0xcf04ea13) x20 0xfffffcf0
core   0: 0x80004b2c (0x41505b93) srai    s7, zero, 21
core   0: 3 0x80004b2c (0x41505b93) x23 0x00000000
core   0: 0x80004b30 (0x41afd513) srai    a0, t6, 26
core   0: 3 0x80004b30 (0x41afd513) x10 0x00000000
core   0: 0x80004b34 (0x027e8463) beq     t4, t2, pc + 40
core   0: 3 0x80004b34 (0x027e8463)
core   0: 0x80004b38 (0x013e26b3) slt     a3, t3, s3
core   0: 3 0x80004b38 (0x013e26b3) x13 0x00000001
core   0: 0x80004b3c (0x8b884013) xori    zero, a6, -1864
core   0: 3 0x80004b3c (0x8b884013)
core   0: 0x80004b40 (0x02558d63) beq     a1, t0, pc + 58
core   0: 3 0x80004b40 (0x02558d63)
core   0: 0x80004b44 (0x03ce4763) blt     t3, t3, pc + 46
core   0: 3 0x80004b44 (0x03ce4763)
core   0: 0x80004b48 (0x011fb333) sltu    t1, t6, a7
core   0: 3 0x80004b48 (0x011fb333) x6  0x00000001
core   0: 0x80004b4c (0x014c5493) srli    s1, s8, 20
core   0: 3 0x80004b4c (0x014c5493) x9  0x00000fff
core   0: 0x80004b50 (0x1ad92593) slti    a1, s2, 429
core   0: 3 0x80004b50 (0x1ad92593) x11 0x00000000
core   0: 0x80004b54 (0x02138cb3) mul     s9, t2, ra
core   0: 3 0x80004b54 (0x02138cb3) x25 0xbcc24720
core   0: 0x80004b58 (0xa9d50b93) addi    s7, a0, -1379
core   0: 3 0x80004b58 (0xa9d50b93) x23 0xfffffa9d
core   0: 0x80004b5c (0x00008241) c.srli  a2, 16
core   0: 3 0x80004b5c (0x8241) x12 0x00008000
core   0: 0x80004b5e (0x068bcf93) xori    t6, s7, 104
core   0: 3 0x80004b5e (0x068bcf93) x31 0xfffffaf5
core   0: 0x80004b62 (0x000be863) bltu    s7, zero, pc + 16
core   0: 3 0x80004b62 (0x000be863)
core   0: 0x80004b66 (0x871a2e13) slti    t3, s4, -1935
core   0: 3 0x80004b66 (0x871a2e13) x28 0x00000000
core   0: 0x80004b6a (0x40815533) sra     a0, sp, s0
core   0: 3 0x80004b6a (0x40815533) x10 0x80029d24
core   0: 0x80004b6e (0x01ad4e63) blt     s10, s10, pc + 28
core   0: 3 0x80004b6e (0x01ad4e63)
core   0: 0x80004b72 (0x03290733) mul     a4, s2, s2
core   0: 3 0x80004b72 (0x03290733) x14 0x003cca90
core   0: 0x80004b76 (0x00008c1d) c.sub   s0, a5
core   0: 3 0x80004b76 (0x8c1d) x8  0x80000000
core   0: 0x80004b78 (0x00008f55) c.or    a4, a3
core   0: 3 0x80004b78 (0x8f55) x14 0x003cca91
core   0: 0x80004b7a (0x00005ffd) c.li    t6, -1
core   0: 3 0x80004b7a (0x5ffd) x31 0xffffffff
core   0: 0x80004b7c (0x00008de5) c.and   a1, s1
core   0: 3 0x80004b7c (0x8de5) x11 0x00000000
core   0: 0x80004b7e (0x41e75013) srai    zero, a4, 30
core   0: 3 0x80004b7e (0x41e75013)
core   0: 0x80004b82 (0x00000001) c.nop
core   0: 3 0x80004b82 (0x0001)
core   0: 0x80004b84 (0x00000672) c.slli  a2, 28
core   0: 3 0x80004b84 (0x0672) x12 0x00000000
core   0: 0x80004b86 (0x01503733) snez    a4, s5
core   0: 3 0x80004b86 (0x01503733) x14 0x00000001
core   0: 0x80004b8a (0x00000001) c.nop
core   0: 3 0x80004b8a (0x0001)
core   0: 0x80004b8c (0x00008dad) c.xor   a1, a1
core   0: 3 0x80004b8c (0x8dad) x11 0x00000000
core   0: 0x80004b8e (0x4a0a3e13) sltiu   t3, s4, 1184
core   0: 3 0x80004b8e (0x4a0a3e13) x28 0x00000000
core   0: 0x80004b92 (0xa5ce0613) addi    a2, t3, -1444
core   0: 3 0x80004b92 (0xa5ce0613) x12 0xfffffa5c
core   0: 0x80004b96 (0x00008ae1) c.andi  a3, 24
core   0: 3 0x80004b96 (0x8ae1) x13 0x00000000
core   0: 0x80004b98 (0x00fbbc33) sltu    s8, s7, a5
core   0: 3 0x80004b98 (0x00fbbc33) x24 0x00000000
core   0: 0x80004b9c (0x000084b5) c.srai  s1, 13
core   0: 3 0x80004b9c (0x84b5) x9  0x00000000
core   0: 0x80004b9e (0x00008d49) c.or    a0, a0
core   0: 3 0x80004b9e (0x8d49) x10 0x80029d24
core   0: 0x80004ba0 (0x0387c663) blt     a5, s8, pc + 44
core   0: 3 0x80004ba0 (0x0387c663)
core   0: 0x80004bcc (0xdff29497) auipc   s1, 0xdff29
core   0: 3 0x80004bcc (0xdff29497) x9  0x5ff2dbcc
core   0: 0x80004bd0 (0x00008f3d) c.xor   a4, a5
core   0: 3 0x80004bd0 (0x8f3d) x14 0x80000001
core   0: 0x80004bd2 (0x00f2f833) and     a6, t0, a5
core   0: 3 0x80004bd2 (0x00f2f833) x16 0x00000000
core   0: 0x80004bd6 (0x0000e089) c.bnez  s1, pc + 2
core   0: 3 0x80004bd6 (0xe089)
core   0: 0x80004bd8 (0x00258633) add     a2, a1, sp
core   0: 3 0x80004bd8 (0x00258633) x12 0x80029d24
core   0: 0x80004bdc (0x00008e59) c.or    a2, a4
core   0: 3 0x80004bdc (0x8e59) x12 0x80029d25
core   0: 0x80004bde (0x01337f33) and     t5, t1, s3
core   0: 3 0x80004bde (0x01337f33) x30 0x00000000
core   0: 0x80004be2 (0x01615a13) srli    s4, sp, 22
core   0: 3 0x80004be2 (0x01615a13) x20 0x00000200
core   0: 0x80004be6 (0x02697033) remu    zero, s2, t1
core   0: 3 0x80004be6 (0x02697033)
core   0: 0x80004bea (0xd00f4f93) xori    t6, t5, -768
core   0: 3 0x80004bea (0xd00f4f93) x31 0xfffffd00
core   0: 0x80004bee (0x0369f233) remu    tp, s3, s6
core   0: 3 0x80004bee (0x0369f233) x4  0x00000014
core   0: 0x80004bf2 (0x000006e6) c.slli  a3, 25
core   0: 3 0x80004bf2 (0x06e6) x13 0x00000000
core   0: 0x80004bf4 (0x00000aae) c.slli  s5, 11
core   0: 3 0x80004bf4 (0x0aae) x21 0x0004b800
core   0: 0x80004bf6 (0x0071a633) slt     a2, gp, t2
core   0: 3 0x80004bf6 (0x0071a633) x12 0x00000000
core   0: 0x80004bfa (0x03ab96b3) mulh    a3, s7, s10
core   0: 3 0x80004bfa (0x03ab96b3) x13 0x00000000
core   0: 0x80004bfe (0x01450663) beq     a0, s4, pc + 12
core   0: 3 0x80004bfe (0x01450663)
core   0: 0x80004c02 (0xcef96a13) ori     s4, s2, -785
core   0: 3 0x80004c02 (0xcef96a13) x20 0xffffffef
core   0: 0x80004c06 (0x5ea4a713) slti    a4, s1, 1514
core   0: 3 0x80004c06 (0x5ea4a713) x14 0x00000000
core   0: 0x80004c0a (0x02c38db3) mul     s11, t2, a2
core   0: 3 0x80004c0a (0x02c38db3) x27 0x00000000
core   0: 0x80004c0e (0x0038be33) sltu    t3, a7, gp
core   0: 3 0x80004c0e (0x0038be33) x28 0x00000000
core   0: 0x80004c12 (0x00000001) c.nop
core   0: 3 0x80004c12 (0x0001)
core   0: 0x80004c14 (0x00008209) c.srli  a2, 2
core   0: 3 0x80004c14 (0x8209) x12 0x00000000
core   0: 0x80004c16 (0x000082ca) c.mv    t0, s2
core   0: 3 0x80004c16 (0x82ca) x5  0x400007cc
core   0: 0x80004c18 (0x41d25813) srai    a6, tp, 29
core   0: 3 0x80004c18 (0x41d25813) x16 0x00000000
core   0: 0x80004c1c (0x0000e329) c.bnez  a4, pc + 66
core   0: 3 0x80004c1c (0xe329)
core   0: 0x80004c1e (0x01229d33) sll     s10, t0, s2
core   0: 3 0x80004c1e (0x01229d33) x26 0x007cc000
core   0: 0x80004c22 (0x00006cfd) c.lui   s9, 0x1f
core   0: 3 0x80004c22 (0x6cfd) x25 0x0001f000
core   0: 0x80004c24 (0x00375f93) srli    t6, a4, 3
core   0: 3 0x80004c24 (0x00375f93) x31 0x00000000
core   0: 0x80004c28 (0xe5f97193) andi    gp, s2, -417
core   0: 3 0x80004c28 (0xe5f97193) x3  0x4000064c
core   0: 0x80004c2c (0x00008db9) c.xor   a1, a4
core   0: 3 0x80004c2c (0x8db9) x11 0x00000000
core   0: 0x80004c2e (0x00000001) c.nop
core   0: 3 0x80004c2e (0x0001)
core   0: 0x80004c30 (0x03148b63) beq     s1, a7, pc + 54
core   0: 3 0x80004c30 (0x03148b63)
core   0: 0x80004c34 (0x000b6a63) bltu    s6, zero, pc + 20
core   0: 3 0x80004c34 (0x000b6a63)
core   0: 0x80004c38 (0x69f1b193) sltiu   gp, gp, 1695
core   0: 3 0x80004c38 (0x69f1b193) x3  0x00000000
core   0: 0x80004c3c (0xa8a23a93) sltiu   s5, tp, -1398
core   0: 3 0x80004c3c (0xa8a23a93) x21 0x00000001
core   0: 0x80004c40 (0x000000f1) c.addi  ra, 28
core   0: 3 0x80004c40 (0x00f1) x1  0x03e000a4
core   0: 0x80004c42 (0x000005aa) c.slli  a1, 10
core   0: 3 0x80004c42 (0x05aa) x11 0x00000000
core   0: 0x80004c44 (0x0366e333) rem     t1, a3, s6
core   0: 3 0x80004c44 (0x0366e333) x6  0x00000000
core   0: 0x80004c48 (0x404e5433) sra     s0, t3, tp
core   0: 3 0x80004c48 (0x404e5433) x8  0x00000000
core   0: 0x80004c4c (0xab01bb13) sltiu   s6, gp, -1360
core   0: 3 0x80004c4c (0xab01bb13) x22 0x00000001
core   0: 0x80004c50 (0x00644f33) xor     t5, s0, t1
core   0: 3 0x80004c50 (0x00644f33) x30 0x00000000
core   0: 0x80004c54 (0x00009466) c.add   s0, s9
core   0: 3 0x80004c54 (0x9466) x8  0x0001f000
core   0: 0x80004c56 (0x035a2933) mulhsu  s2, s4, s5
core   0: 3 0x80004c56 (0x035a2933) x18 0xffffffff
core   0: 0x80004c5a (0x007a9a33) sll     s4, s5, t2
core   0: 3 0x80004c5a (0x007a9a33) x20 0x00000010
core   0: 0x80004c5e (0x00492233) slt     tp, s2, tp
core   0: 3 0x80004c5e (0x00492233) x4  0x00000001
core   0: 0x80004c62 (0x004f1c93) slli    s9, t5, 4
core   0: 3 0x80004c62 (0x004f1c93) x25 0x00000000
core   0: 0x80004c66 (0x000099b6) c.add   s3, a3
core   0: 3 0x80004c66 (0x99b6) x19 0x00000014
core   0: 0x80004c68 (0x00045663) bgez    s0, pc + 12
core   0: 3 0x80004c68 (0x00045663)
core   0: 0x80004c74 (0x01d0ffb3) and     t6, ra, t4
core   0: 3 0x80004c74 (0x01d0ffb3) x31 0x00000004
core   0: 0x80004c78 (0x01b28733) add     a4, t0, s11
core   0: 3 0x80004c78 (0x01b28733) x14 0x400007cc
core   0: 0x80004c7c (0x000015fd) c.addi  a1, -1
core   0: 3 0x80004c7c (0x15fd) x11 0xffffffff
core   0: 0x80004c7e (0x012e1b93) slli    s7, t3, 18
core   0: 3 0x80004c7e (0x012e1b93) x23 0x00000000
core   0: 0x80004c82 (0x0164db33) srl     s6, s1, s6
core   0: 3 0x80004c82 (0x0164db33) x22 0x2ff96de6
core   0: 0x80004c86 (0x007244b3) xor     s1, tp, t2
core   0: 3 0x80004c86 (0x007244b3) x9  0x80025ea5
core   0: 0x80004c8a (0x000095fe) c.add   a1, t6
core   0: 3 0x80004c8a (0x95fe) x11 0x00000003
core   0: 0x80004c8c (0x40a80e33) sub     t3, a6, a0
core   0: 3 0x80004c8c (0x40a80e33) x28 0x7ffd62dc
core   0: 0x80004c90 (0x02a14063) blt     sp, a0, pc + 32
core   0: 3 0x80004c90 (0x02a14063)
core   0: 0x80004c94 (0x00008f01) c.sub   a4, s0
core   0: 3 0x80004c94 (0x8f01) x14 0x3ffe17cc
core   0: 0x80004c96 (0x00008d95) c.sub   a1, a3
core   0: 3 0x80004c96 (0x8d95) x11 0x00000003
core   0: 0x80004c98 (0x64826293) ori     t0, tp, 1608
core   0: 3 0x80004c98 (0x64826293) x5  0x00000649
core   0: 0x80004c9c (0x5e4cec13) ori     s8, s9, 1508
core   0: 3 0x80004c9c (0x5e4cec13) x24 0x000005e4
core   0: 0x80004ca0 (0x00000001) c.nop
core   0: 3 0x80004ca0 (0x0001)
core   0: 0x80004ca2 (0x0000e699) c.bnez  a3, pc + 14
core   0: 3 0x80004ca2 (0xe699)
core   0: 0x80004ca4 (0x02f5b2b3) mulhu   t0, a1, a5
core   0: 3 0x80004ca4 (0x02f5b2b3) x5  0x00000001
core   0: 0x80004ca8 (0x0191db13) srli    s6, gp, 25
core   0: 3 0x80004ca8 (0x0191db13) x22 0x00000000
core   0: 0x80004cac (0x002ee2b3) or      t0, t4, sp
core   0: 3 0x80004cac (0x002ee2b3) x5  0x80029d2f
core   0: 0x80004cb0 (0x01c95193) srli    gp, s2, 28
core   0: 3 0x80004cb0 (0x01c95193) x3  0x0000000f
core   0: 0x80004cb4 (0x056e5063) bge     t3, s6, pc + 64
core   0: 3 0x80004cb4 (0x056e5063)
core   0: 0x80004cf4 (0x0102d333) srl     t1, t0, a6
core   0: 3 0x80004cf4 (0x0102d333) x6  0x80029d2f
core   0: 0x80004cf8 (0x0000082e) c.slli  a6, 11
core   0: 3 0x80004cf8 (0x082e) x16 0x00000000
core   0: 0x80004cfa (0x7c220493) addi    s1, tp, 1986
core   0: 3 0x80004cfa (0x7c220493) x9  0x000007c3
core   0: 0x80004cfe (0x738ca493) slti    s1, s9, 1848
core   0: 3 0x80004cfe (0x738ca493) x9  0x00000001
core   0: 0x80004d02 (0x042bc263) blt     s7, sp, pc + 68
core   0: 3 0x80004d02 (0x042bc263)
core   0: 0x80004d06 (0x02ca8e33) mul     t3, s5, a2
core   0: 3 0x80004d06 (0x02ca8e33) x28 0x00000000
core   0: 0x80004d0a (0x02df5863) bge     t5, a3, pc + 48
core   0: 3 0x80004d0a (0x02df5863)
core   0: 0x80004d3a (0x033ffc33) remu    s8, t6, s3
core   0: 3 0x80004d3a (0x033ffc33) x24 0x00000004
core   0: 0x80004d3e (0x005a9f33) sll     t5, s5, t0
core   0: 3 0x80004d3e (0x005a9f33) x30 0x00008000
core   0: 0x80004d42 (0x00e0deb3) srl     t4, ra, a4
core   0: 3 0x80004d42 (0x00e0deb3) x29 0x00003e00
core   0: 0x80004d46 (0x035891b3) mulh    gp, a7, s5
core   0: 3 0x80004d46 (0x035891b3) x3  0x00000000
core   0: 0x80004d4a (0x00000ab5) c.addi  s5, 13
core   0: 3 0x80004d4a (0x0ab5) x21 0x0000000e
core   0: 0x80004d4c (0xdce64937) lui     s2, 0xdce64
core   0: 3 0x80004d4c (0xdce64937) x18 0xdce64000
core   0: 0x80004d50 (0x010040b3) xor     ra, zero, a6
core   0: 3 0x80004d50 (0x010040b3) x1  0x00000000
core   0: 0x80004d54 (0x02990b33) mul     s6, s2, s1
core   0: 3 0x80004d54 (0x02990b33) x22 0xdce64000
core   0: 0x80004d58 (0x034e9433) mulh    s0, t4, s4
core   0: 3 0x80004d58 (0x034e9433) x8  0x00000000
core   0: 0x80004d5c (0x031f7733) remu    a4, t5, a7
core   0: 3 0x80004d5c (0x031f7733) x14 0x00008000
core   0: 0x80004d60 (0x00008e85) c.sub   a3, s1
core   0: 3 0x80004d60 (0x8e85) x13 0xffffffff
core   0: 0x80004d62 (0x000c9593) slli    a1, s9, 0
core   0: 3 0x80004d62 (0x000c9593) x11 0x00000000
core   0: 0x80004d66 (0x00008241) c.srli  a2, 16
core   0: 3 0x80004d66 (0x8241) x12 0x00000000
core   0: 0x80004d68 (0x01bb7363) bgeu    s6, s11, pc + 6
core   0: 3 0x80004d68 (0x01bb7363)
core   0: 0x80004d6e (0x008c90b3) sll     ra, s9, s0
core   0: 3 0x80004d6e (0x008c90b3) x1  0x00000000
core   0: 0x80004d72 (0x5841e897) auipc   a7, 0x5841e
core   0: 3 0x80004d72 (0x5841e897) x17 0xd8422d72
core   0: 0x80004d76 (0x0000835d) c.srli  a4, 23
core   0: 3 0x80004d76 (0x835d) x14 0x00000000
core   0: 0x80004d78 (0x016f5533) srl     a0, t5, s6
core   0: 3 0x80004d78 (0x016f5533) x10 0x00008000
core   0: 0x80004d7c (0x00008cc5) c.or    s1, s1
core   0: 3 0x80004d7c (0x8cc5) x9  0x00000001
core   0: 0x80004d7e (0x00008eb9) c.xor   a3, a4
core   0: 3 0x80004d7e (0x8eb9) x13 0xffffffff
core   0: 0x80004d80 (0xd63bf693) andi    a3, s7, -669
core   0: 3 0x80004d80 (0xd63bf693) x13 0x00000000
core   0: 0x80004d84 (0x000082a1) c.srli  a3, 8
core   0: 3 0x80004d84 (0x82a1) x13 0x00000000
core   0: 0x80004d86 (0x01a29433) sll     s0, t0, s10
core   0: 3 0x80004d86 (0x01a29433) x8  0x80029d2f
core   0: 0x80004d8a (0x00008ef5) c.and   a3, a3
core   0: 3 0x80004d8a (0x8ef5) x13 0x00000000
core   0: 0x80004d8c (0x03198833) mul     a6, s3, a7
core   0: 3 0x80004d8c (0x03198833) x16 0xe52b8ce8
core   0: 0x80004d90 (0x03fbf633) remu    a2, s7, t6
core   0: 3 0x80004d90 (0x03fbf633) x12 0x00000000
core   0: 0x80004d94 (0x00000826) c.slli  a6, 9
core   0: 3 0x80004d94 (0x0826) x16 0x5719d000
core   0: 0x80004d96 (0x01ec2233) slt     tp, s8, t5
core   0: 3 0x80004d96 (0x01ec2233) x4  0x00000001
core   0: 0x80004d9a (0x00008e1e) c.mv    t3, t2
core   0: 3 0x80004d9a (0x8e1e) x28 0x80025ea4
core   0: 0x80004d9c (0x0000808d) c.srli  s1, 3
core   0: 3 0x80004d9c (0x808d) x9  0x00000000
core   0: 0x80004d9e (0x00008769) c.srai  a4, 26
core   0: 3 0x80004d9e (0x8769) x14 0x00000000
core   0: 0x80004da0 (0x01c378b3) and     a7, t1, t3
core   0: 3 0x80004da0 (0x01c378b3) x17 0x80021c24
core   0: 0x80004da4 (0x00000001) c.nop
core   0: 3 0x80004da4 (0x0001)
core   0: 0x80004da6 (0x000e6e33) or      t3, t3, zero
core   0: 3 0x80004da6 (0x000e6e33) x28 0x80025ea4
core   0: 0x80004daa (0x309af893) andi    a7, s5, 777
core   0: 3 0x80004daa (0x309af893) x17 0x00000008
core   0: 0x80004dae (0x00b9fc63) bgeu    s3, a1, pc + 24
core   0: 3 0x80004dae (0x00b9fc63)
core   0: 0x80004dc6 (0x005e1633) sll     a2, t3, t0
core   0: 3 0x80004dc6 (0x005e1633) x12 0x2f520000
core   0: 0x80004dca (0x000ad6b3) srl     a3, s5, zero
core   0: 3 0x80004dca (0x000ad6b3) x13 0x0000000e
core   0: 0x80004dce (0x00f05ab3) srl     s5, zero, a5
core   0: 3 0x80004dce (0x00f05ab3) x21 0x00000000
core   0: 0x80004dd2 (0xd9e2bc93) sltiu   s9, t0, -610
core   0: 3 0x80004dd2 (0xd9e2bc93) x25 0x00000001
core   0: 0x80004dd6 (0x000082f1) c.srli  a3, 28
core   0: 3 0x80004dd6 (0x82f1) x13 0x00000000
core   0: 0x80004dd8 (0x01844533) xor     a0, s0, s8
core   0: 3 0x80004dd8 (0x01844533) x10 0x80029d2b
core   0: 0x80004ddc (0x021c6633) rem     a2, s8, ra
core   0: 3 0x80004ddc (0x021c6633) x12 0x00000004
core   0: 0x80004de0 (0x00aeb533) sltu    a0, t4, a0
core   0: 3 0x80004de0 (0x00aeb533) x10 0x00000001
core   0: 0x80004de4 (0x00008f29) c.xor   a4, a0
core   0: 3 0x80004de4 (0x8f29) x14 0x00000001
core   0: 0x80004de6 (0x500ac693) xori    a3, s5, 1280
core   0: 3 0x80004de6 (0x500ac693) x13 0x00000500
core   0: 0x80004dea (0x00330b63) beq     t1, gp, pc + 22
core   0: 3 0x80004dea (0x00330b63)
core   0: 0x80004dee (0x002786b3) add     a3, a5, sp
core   0: 3 0x80004dee (0x002786b3) x13 0x00029d24
core   0: 0x80004df2 (0x03ae5e63) bge     t3, s10, pc + 60
core   0: 3 0x80004df2 (0x03ae5e63)
core   0: 0x80004df6 (0x00006771) c.lui   a4, 0x1c
core   0: 3 0x80004df6 (0x6771) x14 0x0001c000
core   0: 0x80004df8 (0x037fa933) mulhsu  s2, t6, s7
core   0: 3 0x80004df8 (0x037fa933) x18 0x00000000
core   0: 0x80004dfc (0x021c1263) bne     s8, ra, pc + 36
core   0: 3 0x80004dfc (0x021c1263)
core   0: 0x80004e20 (0x02461963) bne     a2, tp, pc + 50
core   0: 3 0x80004e20 (0x02461963)
core   0: 0x80004e52 (0x8fdbc917) auipc   s2, 0x8fdbc
core   0: 3 0x80004e52 (0x8fdbc917) x18 0x0fdc0e52
core   0: 0x80004e56 (0x01531d93) slli    s11, t1, 21
core   0: 3 0x80004e56 (0x01531d93) x27 0xa5e00000
core   0: 0x80004e5a (0x00008d6d) c.and   a0, a1
core   0: 3 0x80004e5a (0x8d6d) x10 0x00000000
core   0: 0x80004e5c (0x000015fd) c.addi  a1, -1
core   0: 3 0x80004e5c (0x15fd) x11 0xffffffff
core   0: 0x80004e5e (0x0b03ae13) slti    t3, t2, 176
core   0: 3 0x80004e5e (0x0b03ae13) x28 0x00000001
core   0: 0x80004e62 (0x00bc99b3) sll     s3, s9, a1
core   0: 3 0x80004e62 (0x00bc99b3) x19 0x80000000
core   0: 0x80004e66 (0x40ad0f33) sub     t5, s10, a0
core   0: 3 0x80004e66 (0x40ad0f33) x30 0x007cc000
core   0: 0x80004e6a (0x00004d15) c.li    s10, 5
core   0: 3 0x80004e6a (0x4d15) x26 0x00000005
core   0: 0x80004e6c (0xb8861c17) auipc   s8, 0xb8861
core   0: 3 0x80004e6c (0xb8861c17) x24 0x38865e6c
core   0: 0x80004e70 (0x0f502d93) slti    s11, zero, 245
core   0: 3 0x80004e70 (0x0f502d93) x27 0x00000001
core   0: 0x80004e74 (0x03949a63) bne     s1, s9, pc + 52
core   0: 3 0x80004e74 (0x03949a63)
core   0: 0x80004ea8 (0x2573e593) ori     a1, t2, 599
core   0: 3 0x80004ea8 (0x2573e593) x11 0x80025ef7
core   0: 0x80004eac (0x00008cd5) c.or    s1, a3
core   0: 3 0x80004eac (0x8cd5) x9  0x00029d24
core   0: 0x80004eae (0x00008c16) c.mv    s8, t0
core   0: 3 0x80004eae (0x8c16) x24 0x80029d2f
core   0: 0x80004eb0 (0x027236b3) mulhu   a3, tp, t2
core   0: 3 0x80004eb0 (0x027236b3) x13 0x00000000
core   0: 0x80004eb4 (0x00008225) c.srli  a2, 9
core   0: 3 0x80004eb4 (0x8225) x12 0x00000000
core   0: 0x80004eb6 (0x02ca7eb3) remu    t4, s4, a2
core   0: 3 0x80004eb6 (0x02ca7eb3) x29 0x00000010
core   0: 0x80004eba (0x0000052a) c.slli  a0, 10
core   0: 3 0x80004eba (0x052a) x10 0x00000000
core   0: 0x80004ebc (0x00000001) c.nop
core   0: 3 0x80004ebc (0x0001)
core   0: 0x80004ebe (0x035e9263) bne     t4, s5, pc + 36
core   0: 3 0x80004ebe (0x035e9263)
core   0: 0x80004ee2 (0x0000ce99) c.beqz  a3, pc + 30
core   0: 3 0x80004ee2 (0xce99)
core   0: 0x80004f00 (0x027c66b3) rem     a3, s8, t2
core   0: 3 0x80004f00 (0x027c66b3) x13 0x80029d2f
core   0: 0x80004f04 (0x68596893) ori     a7, s2, 1669
core   0: 3 0x80004f04 (0x68596893) x17 0x0fdc0ed7
core   0: 0x80004f08 (0xcaafac93) slti    s9, t6, -854
core   0: 3 0x80004f08 (0xcaafac93) x25 0x00000000
core   0: 0x80004f0c (0x00008cfd) c.and   s1, a5
core   0: 3 0x80004f0c (0x8cfd) x9  0x00000000
core   0: 0x80004f0e (0x00000001) c.nop
core   0: 3 0x80004f0e (0x0001)
core   0: 0x80004f10 (0x00000001) c.nop
core   0: 3 0x80004f10 (0x0001)
core   0: 0x80004f12 (0x21b34f13) xori    t5, t1, 539
core   0: 3 0x80004f12 (0x21b34f13) x30 0x80029f34
core   0: 0x80004f16 (0x0000137d) c.addi  t1, -1
core   0: 3 0x80004f16 (0x137d) x6  0x80029d2e
core   0: 0x80004f18 (0x02443f33) mulhu   t5, s0, tp
core   0: 3 0x80004f18 (0x02443f33) x30 0x00000000
core   0: 0x80004f1c (0x0091d333) srl     t1, gp, s1
core   0: 3 0x80004f1c (0x0091d333) x6  0x00000000
core   0: 0x80004f20 (0xb4226b13) ori     s6, tp, -1214
core   0: 3 0x80004f20 (0xb4226b13) x22 0xfffffb43
core   0: 0x80004f24 (0x00008ddd) c.or    a1, a5
core   0: 3 0x80004f24 (0x8ddd) x11 0x80025ef7
core   0: 0x80004f26 (0x00af5663) bge     t5, a0, pc + 12
core   0: 3 0x80004f26 (0x00af5663)
core   0: 0x80004f32 (0x00008ce1) c.and   s1, s0
core   0: 3 0x80004f32 (0x8ce1) x9  0x00000000
core   0: 0x80004f34 (0x4031db93) srai    s7, gp, 3
core   0: 3 0x80004f34 (0x4031db93) x23 0x00000000
core   0: 0x80004f38 (0x00000e9e) c.slli  t4, 7
core   0: 3 0x80004f38 (0x0e9e) x29 0x00000800
core   0: 0x80004f3a (0xa8897237) lui     tp, 0xa8897
core   0: 3 0x80004f3a (0xa8897237) x4  0xa8897000
core   0: 0x80004f3e (0x01145513) srli    a0, s0, 17
core   0: 3 0x80004f3e (0x01145513) x10 0x00004001
core   0: 0x80004f42 (0x000098fd) c.andi  s1, -1
core   0: 3 0x80004f42 (0x98fd) x9  0x00000000
core   0: 0x80004f44 (0x02bae633) rem     a2, s5, a1
core   0: 3 0x80004f44 (0x02bae633) x12 0x00000000
core   0: 0x80004f48 (0xeb212f13) slti    t5, sp, -334
core   0: 3 0x80004f48 (0xeb212f13) x30 0x00000001
core   0: 0x80004f4c (0x677ff013) andi    zero, t6, 1655
core   0: 3 0x80004f4c (0x677ff013)
core   0: 0x80004f50 (0x03b89333) mulh    t1, a7, s11
core   0: 3 0x80004f50 (0x03b89333) x6  0x00000000
core   0: 0x80004f54 (0x0091eeb3) or      t4, gp, s1
core   0: 3 0x80004f54 (0x0091eeb3) x29 0x00000000
core   0: 0x80004f58 (0x00914263) blt     sp, s1, pc + 4
core   0: 3 0x80004f58 (0x00914263)
core   0: 0x80004f5c (0x40230ab3) sub     s5, t1, sp
core   0: 3 0x80004f5c (0x40230ab3) x21 0x7ffd62dc
core   0: 0x80004f60 (0x01331f33) sll     t5, t1, s3
core   0: 3 0x80004f60 (0x01331f33) x30 0x00000000
core   0: 0x80004f64 (0x01a04eb3) xor     t4, zero, s10
core   0: 3 0x80004f64 (0x01a04eb3) x29 0x00000005
core   0: 0x80004f68 (0x0147acb3) slt     s9, a5, s4
core   0: 3 0x80004f68 (0x0147acb3) x25 0x00000001
core   0: 0x80004f6c (0x015f5d13) srli    s10, t5, 21
core   0: 3 0x80004f6c (0x015f5d13) x26 0x00000000
core   0: 0x80004f70 (0x03b06163) bltu    zero, s11, pc + 34
core   0: 3 0x80004f70 (0x03b06163)
core   0: 0x80004f92 (0x039d3933) mulhu   s2, s10, s9
core   0: 3 0x80004f92 (0x039d3933) x18 0x00000000
core   0: 0x80004f96 (0x0000895d) c.andi  a0, 23
core   0: 3 0x80004f96 (0x895d) x10 0x00000001
core   0: 0x80004f98 (0x003ee333) or      t1, t4, gp
core   0: 3 0x80004f98 (0x003ee333) x6  0x00000005
core   0: 0x80004f9c (0x00008669) c.srai  a2, 26
core   0: 3 0x80004f9c (0x8669) x12 0x00000000
core   0: 0x80004f9e (0x02b91d63) bne     s2, a1, pc + 58
core   0: 3 0x80004f9e (0x02b91d63)
core   0: 0x80004fd8 (0x00008d35) c.xor   a0, a3
core   0: 3 0x80004fd8 (0x8d35) x10 0x80029d2e
core   0: 0x80004fda (0x000088ae) c.mv    a7, a1
core   0: 3 0x80004fda (0x88ae) x17 0x80025ef7
core   0: 0x80004fdc (0x00008e46) c.mv    t3, a7
core   0: 3 0x80004fdc (0x8e46) x28 0x80025ef7
core   0: 0x80004fde (0x41bf5633) sra     a2, t5, s11
core   0: 3 0x80004fde (0x41bf5633) x12 0x00000000
core   0: 0x80004fe2 (0x00008dd5) c.or    a1, a3
core   0: 3 0x80004fe2 (0x8dd5) x11 0x8002dfff
core   0: 0x80004fe4 (0x00008f69) c.and   a4, a0
core   0: 3 0x80004fe4 (0x8f69) x14 0x00008000
core   0: 0x80004fe6 (0x03a9b5b3) mulhu   a1, s3, s10
core   0: 3 0x80004fe6 (0x03a9b5b3) x11 0x00000000
core   0: 0x80004fea (0x3f21f193) andi    gp, gp, 1010
core   0: 3 0x80004fea (0x3f21f193) x3  0x00000000
core   0: 0x80004fee (0x01ecf1b3) and     gp, s9, t5
core   0: 3 0x80004fee (0x01ecf1b3) x3  0x00000000
core   0: 0x80004ff2 (0xf77f6713) ori     a4, t5, -137
core   0: 3 0x80004ff2 (0xf77f6713) x14 0xffffff77
core   0: 0x80004ff6 (0x03015b63) bge     sp, a6, pc + 54
core   0: 3 0x80004ff6 (0x03015b63)
core   0: 0x80004ffa (0x0260dd33) divu    s10, ra, t1
core   0: 3 0x80004ffa (0x0260dd33) x26 0x00000000
core   0: 0x80004ffe (0x0000c299) c.beqz  a3, pc + 6
core   0: 3 0x80004ffe (0xc299)
core   0: 0x80005000 (0x03680d33) mul     s10, a6, s6
core   0: 3 0x80005000 (0x03680d33) x26 0x4ab17000
core   0: 0x80005004 (0x00008429) c.srai  s0, 10
core   0: 3 0x80005004 (0x8429) x8  0xffe000a7
core   0: 0x80005006 (0x03a5c333) div     t1, a1, s10
core   0: 3 0x80005006 (0x03a5c333) x6  0x00000000
core   0: 0x8000500a (0x00000001) c.nop
core   0: 3 0x8000500a (0x0001)
core   0: 0x8000500c (0x00caa233) slt     tp, s5, a2
core   0: 3 0x8000500c (0x00caa233) x4  0x00000000
core   0: 0x80005010 (0x00008e5d) c.or    a2, a5
core   0: 3 0x80005010 (0x8e5d) x12 0x80000000
core   0: 0x80005012 (0x00008f1d) c.sub   a4, a5
core   0: 3 0x80005012 (0x8f1d) x14 0x7fffff77
core   0: 0x80005014 (0x00006eed) c.lui   t4, 0x1b
core   0: 3 0x80005014 (0x6eed) x29 0x0001b000
core   0: 0x80005016 (0xc68a1617) auipc   a2, 0xc68a1
core   0: 3 0x80005016 (0xc68a1617) x12 0x468a6016
core   0: 0x8000501a (0x01061293) slli    t0, a2, 16
core   0: 3 0x8000501a (0x01061293) x5  0x60160000
core   0: 0x8000501e (0x0000c021) c.beqz  s0, pc + 64
core   0: 3 0x8000501e (0xc021)
core   0: 0x80005020 (0x000091da) c.add   gp, s6
core   0: 3 0x80005020 (0x91da) x3  0xfffffb43
core   0: 0x80005022 (0x02f17e63) bgeu    sp, a5, pc + 60
core   0: 3 0x80005022 (0x02f17e63)
core   0: 0x8000505e (0x00008cc1) c.or    s1, s0
core   0: 3 0x8000505e (0x8cc1) x9  0xffe000a7
core   0: 0x80005060 (0x0000c119) c.beqz  a0, pc + 6
core   0: 3 0x80005060 (0xc119)
core   0: 0x80005062 (0x008360b3) or      ra, t1, s0
core   0: 3 0x80005062 (0x008360b3) x1  0xffe000a7
core   0: 0x80005066 (0x0000097a) c.slli  s2, 30
core   0: 3 0x80005066 (0x097a) x18 0x00000000
core   0: 0x80005068 (0x003fb433) sltu    s0, t6, gp
core   0: 3 0x80005068 (0x003fb433) x8  0x00000001
core   0: 0x8000506c (0x00008105) c.srli  a0, 1
core   0: 3 0x8000506c (0x8105) x10 0x40014e97
core   0: 0x8000506e (0x00004559) c.li    a0, 22
core   0: 3 0x8000506e (0x4559) x10 0x00000016
core   0: 0x80005070 (0x000001d6) c.slli  gp, 21
core   0: 3 0x80005070 (0x01d6) x3  0x68600000
core   0: 0x80005072 (0x00008ebd) c.xor   a3, a5
core   0: 3 0x80005072 (0x8ebd) x13 0x00029d2f
core   0: 0x80005074 (0x0316e863) bltu    a3, a7, pc + 48
core   0: 3 0x80005074 (0x0316e863)
core   0: 0x800050a4 (0x031aa633) mulhsu  a2, s5, a7
core   0: 3 0x800050a4 (0x031aa633) x12 0x3fffe0e3
core   0: 0x800050a8 (0x02067633) remu    a2, a2, zero
core   0: 3 0x800050a8 (0x02067633) x12 0x3fffe0e3
core   0: 0x800050ac (0x00f2efb3) or      t6, t0, a5
core   0: 3 0x800050ac (0x00f2efb3) x31 0xe0160000
core   0: 0x800050b0 (0x71aab613) sltiu   a2, s5, 1818
core   0: 3 0x800050b0 (0x71aab613) x12 0x00000000
core   0: 0x800050b4 (0x011f69b3) or      s3, t5, a7
core   0: 3 0x800050b4 (0x011f69b3) x19 0x80025ef7
core   0: 0x800050b8 (0x0167ec33) or      s8, a5, s6
core   0: 3 0x800050b8 (0x0167ec33) x24 0xfffffb43
core   0: 0x800050bc (0x000091b6) c.add   gp, a3
core   0: 3 0x800050bc (0x91b6) x3  0x68629d2f
core   0: 0x800050be (0xf9ccc813) xori    a6, s9, -100
core   0: 3 0x800050be (0xf9ccc813) x16 0xffffff9d
core   0: 0x800050c2 (0x00000001) c.nop
core   0: 3 0x800050c2 (0x0001)
core   0: 0x800050c4 (0x007fe5b3) or      a1, t6, t2
core   0: 3 0x800050c4 (0x007fe5b3) x11 0xe0165ea4
core   0: 0x800050c8 (0x4a73f913) andi    s2, t2, 1191
core   0: 3 0x800050c8 (0x4a73f913) x18 0x000004a4
core   0: 0x800050cc (0xd8a1ec93) ori     s9, gp, -630
core   0: 3 0x800050cc (0xd8a1ec93) x25 0xfffffdaf
core   0: 0x800050d0 (0x02df8a63) beq     t6, a3, pc + 52
core   0: 3 0x800050d0 (0x02df8a63)
core   0: 0x800050d4 (0x039c15b3) mulh    a1, s8, s9
core   0: 3 0x800050d4 (0x039c15b3) x11 0x00000000
core   0: 0x800050d8 (0xd18586b7) lui     a3, 0xd1858
core   0: 3 0x800050d8 (0xd18586b7) x13 0xd1858000
core   0: 0x800050dc (0x02937063) bgeu    t1, s1, pc + 32
core   0: 3 0x800050dc (0x02937063)
core   0: 0x800050e0 (0x00000001) c.nop
core   0: 3 0x800050e0 (0x0001)
core   0: 0x800050e2 (0x0000cd99) c.beqz  a1, pc + 30
core   0: 3 0x800050e2 (0xcd99)
core   0: 0x80005100 (0x00318f33) add     t5, gp, gp
core   0: 3 0x80005100 (0x00318f33) x30 0xd0c53a5e
core   0: 0x80005104 (0x4199d6b3) sra     a3, s3, s9
core   0: 3 0x80005104 (0x4199d6b3) x13 0xffff0004
core   0: 0x80005108 (0x00000bba) c.slli  s7, 14
core   0: 3 0x80005108 (0x0bba) x23 0x00000000
core   0: 0x8000510a (0x00ac2cb3) slt     s9, s8, a0
core   0: 3 0x8000510a (0x00ac2cb3) x25 0x00000001
core   0: 0x8000510e (0x00000001) c.nop
core   0: 3 0x8000510e (0x0001)
core   0: 0x80005110 (0xdc24a0b7) lui     ra, 0xdc24a
core   0: 3 0x80005110 (0xdc24a0b7) x1  0xdc24a000
core   0: 0x80005114 (0x00000772) c.slli  a4, 28
core   0: 3 0x80005114 (0x0772) x14 0x70000000
core   0: 0x80005116 (0x0247eeb3) rem     t4, a5, tp
core   0: 3 0x80005116 (0x0247eeb3) x29 0x80000000
core   0: 0x8000511a (0x40f20533) sub     a0, tp, a5
core   0: 3 0x8000511a (0x40f20533) x10 0x80000000
core   0: 0x8000511e (0x034d3333) mulhu   t1, s10, s4
core   0: 3 0x8000511e (0x034d3333) x6  0x00000004
core   0: 0x80005122 (0x000ea033) slt     zero, t4, zero
core   0: 3 0x80005122 (0x000ea033)
core   0: 0x80005126 (0x0091bcb3) sltu    s9, gp, s1
core   0: 3 0x80005126 (0x0091bcb3) x25 0x00000001
core   0: 0x8000512a (0x0256beb3) mulhu   t4, a3, t0
core   0: 3 0x8000512a (0x0256beb3) x29 0x60159feb
core   0: 0x8000512e (0x01681b33) sll     s6, a6, s6
core   0: 3 0x8000512e (0x01681b33) x22 0xfffffce8
core   0: 0x80005132 (0x0c174217) auipc   tp, 0xc174
core   0: 3 0x80005132 (0x0c174217) x4  0x8c179132
core   0: 0x80005136 (0xad24ea13) ori     s4, s1, -1326
core   0: 3 0x80005136 (0xad24ea13) x20 0xfffffaf7
core   0: 0x8000513a (0x015d1cb3) sll     s9, s10, s5
core   0: 3 0x8000513a (0x015d1cb3) x25 0x00000000
core   0: 0x8000513e (0x00008c79) c.and   s0, a4
core   0: 3 0x8000513e (0x8c79) x8  0x00000000
core   0: 0x80005140 (0x00008c2d) c.xor   s0, a1
core   0: 3 0x80005140 (0x8c2d) x8  0x00000000
core   0: 0x80005142 (0x8eb77d93) andi    s11, a4, -1813
core   0: 3 0x80005142 (0x8eb77d93) x27 0x70000000
core   0: 0x80005146 (0x003af033) and     zero, s5, gp
core   0: 3 0x80005146 (0x003af033)
core   0: 0x8000514a (0x0000890e) c.mv    s2, gp
core   0: 3 0x8000514a (0x890e) x18 0x68629d2f
core   0: 0x8000514c (0xbdb9c593) xori    a1, s3, -1061
core   0: 3 0x8000514c (0xbdb9c593) x11 0x7ffda52c
core   0: 0x80005150 (0x0900efb7) lui     t6, 0x900e
core   0: 3 0x80005150 (0x0900efb7) x31 0x0900e000
core   0: 0x80005154 (0xb09a6c13) ori     s8, s4, -1271
core   0: 3 0x80005154 (0xb09a6c13) x24 0xfffffbff
core   0: 0x80005158 (0x1680ac93) slti    s9, ra, 360
core   0: 3 0x80005158 (0x1680ac93) x25 0x00000001
core   0: 0x8000515c (0x02234f63) blt     t1, sp, pc + 62
core   0: 3 0x8000515c (0x02234f63)
core   0: 0x80005160 (0x00000001) c.nop
core   0: 3 0x80005160 (0x0001)
core   0: 0x80005162 (0x0317c4b3) div     s1, a5, a7
core   0: 3 0x80005162 (0x0317c4b3) x9  0x00000001
core   0: 0x80005166 (0x03157833) remu    a6, a0, a7
core   0: 3 0x80005166 (0x03157833) x16 0x80000000
core   0: 0x8000516a (0x00753fb3) sltu    t6, a0, t2
core   0: 3 0x8000516a (0x00753fb3) x31 0x00000001
core   0: 0x8000516e (0x0000c99d) c.beqz  a1, pc + 54
core   0: 3 0x8000516e (0xc99d)
core   0: 0x80005170 (0x418f5f93) srai    t6, t5, 24
core   0: 3 0x80005170 (0x418f5f93) x31 0xffffffd0
core   0: 0x80005174 (0x0324d0b3) divu    ra, s1, s2
core   0: 3 0x80005174 (0x0324d0b3) x1  0x00000000
core   0: 0x80005178 (0x01ffe863) bltu    t6, t6, pc + 16
core   0: 3 0x80005178 (0x01ffe863)
core   0: 0x8000517c (0x034a9463) bne     s5, s4, pc + 40
core   0: 3 0x8000517c (0x034a9463)
core   0: 0x800051a4 (0x0232c463) blt     t0, gp, pc + 40
core   0: 3 0x800051a4 (0x0232c463)
core   0: 0x800051cc (0x00008731) c.srai  a4, 12
core   0: 3 0x800051cc (0x8731) x14 0x00070000
core   0: 0x800051ce (0x016e4b63) blt     t3, s6, pc + 22
core   0: 3 0x800051ce (0x016e4b63)
core   0: 0x800051e4 (0xcbbfcd93) xori    s11, t6, -837
core   0: 3 0x800051e4 (0xcbbfcd93) x27 0x0000036b
core   0: 0x800051e8 (0x03087833) remu    a6, a6, a6
core   0: 3 0x800051e8 (0x03087833) x16 0x00000000
core   0: 0x800051ec (0x00006591) c.lui   a1, 0x4
core   0: 3 0x800051ec (0x6591) x11 0x00004000
core   0: 0x800051ee (0x45774993) xori    s3, a4, 1111
core   0: 3 0x800051ee (0x45774993) x19 0x00070457
core   0: 0x800051f2 (0x00008c39) c.xor   s0, a4
core   0: 3 0x800051f2 (0x8c39) x8  0x00070000
core   0: 0x800051f4 (0x007a4db3) xor     s11, s4, t2
core   0: 3 0x800051f4 (0x007a4db3) x27 0x7ffda453
core   0: 0x800051f8 (0x03517633) remu    a2, sp, s5
core   0: 3 0x800051f8 (0x03517633) x12 0x00053a48
core   0: 0x800051fc (0x000098fd) c.andi  s1, -1
core   0: 3 0x800051fc (0x98fd) x9  0x00000001
core   0: 0x800051fe (0x0000c30d) c.beqz  a4, pc + 34
core   0: 3 0x800051fe (0xc30d)
core   0: 0x80005200 (0x00009ae2) c.add   s5, s8
core   0: 3 0x80005200 (0x9ae2) x21 0x7ffd5edb
core   0: 0x80005202 (0x0298d363) bge     a7, s1, pc + 38
core   0: 3 0x80005202 (0x0298d363)
core   0: 0x80005206 (0x863d7037) lui     zero, 0x863d7
core   0: 3 0x80005206 (0x863d7037)
core   0: 0x8000520a (0x018df6b3) and     a3, s11, s8
core   0: 3 0x8000520a (0x018df6b3) x13 0x7ffda053
core   0: 0x8000520e (0x01e85b63) bge     a6, t5, pc + 22
core   0: 3 0x8000520e (0x01e85b63)
core   0: 0x80005224 (0x009819b3) sll     s3, a6, s1
core   0: 3 0x80005224 (0x009819b3) x19 0x00000000
core   0: 0x80005228 (0xc827f293) andi    t0, a5, -894
core   0: 3 0x80005228 (0xc827f293) x5  0x80000000
core   0: 0x8000522c (0x401404b3) sub     s1, s0, ra
core   0: 3 0x8000522c (0x401404b3) x9  0x00070000
core   0: 0x80005230 (0x03ad6233) rem     tp, s10, s10
core   0: 3 0x80005230 (0x03ad6233) x4  0x00000000
core   0: 0x80005234 (0x025406b3) mul     a3, s0, t0
core   0: 3 0x80005234 (0x025406b3) x13 0x00000000
core   0: 0x80005238 (0x00000a49) c.addi  s4, 18
core   0: 3 0x80005238 (0x0a49) x20 0xfffffb09
core   0: 0x8000523a (0x0000997d) c.andi  a0, -1
core   0: 3 0x8000523a (0x997d) x10 0x80000000
core   0: 0x8000523c (0x00004c41) c.li    s8, 16
core   0: 3 0x8000523c (0x4c41) x24 0x00000010
core   0: 0x8000523e (0x003e9463) bne     t4, gp, pc + 8
core   0: 3 0x8000523e (0x003e9463)
core   0: 0x80005246 (0x00000469) c.addi  s0, 26
core   0: 3 0x80005246 (0x0469) x8  0x0007001a
core   0: 0x80005248 (0x00008f71) c.and   a4, a2
core   0: 3 0x80005248 (0x8f71) x14 0x00050000
core   0: 0x8000524a (0x001e5233) srl     tp, t3, ra
core   0: 3 0x8000524a (0x001e5233) x4  0x80025ef7
core   0: 0x8000524e (0x00008d65) c.and   a0, s1
core   0: 3 0x8000524e (0x8d65) x10 0x00000000
core   0: 0x80005250 (0x021f3db3) mulhu   s11, t5, ra
core   0: 3 0x80005250 (0x021f3db3) x27 0x00000000
core   0: 0x80005254 (0x000089f1) c.andi  a1, 28
core   0: 3 0x80005254 (0x89f1) x11 0x00000000
core   0: 0x80005256 (0x00008d25) c.xor   a0, s1
core   0: 3 0x80005256 (0x8d25) x10 0x00070000
core   0: 0x80005258 (0xa57e8813) addi    a6, t4, -1449
core   0: 3 0x80005258 (0xa57e8813) x16 0x60159a42
core   0: 0x8000525c (0x00cb1263) bne     s6, a2, pc + 4
core   0: 3 0x8000525c (0x00cb1263)
core   0: 0x80005260 (0x00008e21) c.xor   a2, s0
core   0: 3 0x80005260 (0x8e21) x12 0x00023a52
core   0: 0x80005262 (0x695e8493) addi    s1, t4, 1685
core   0: 3 0x80005262 (0x695e8493) x9  0x6015a680
core   0: 0x80005266 (0x00cc4f33) xor     t5, s8, a2
core   0: 3 0x80005266 (0x00cc4f33) x30 0x00023a42
core   0: 0x8000526a (0x009aac33) slt     s8, s5, s1
core   0: 3 0x8000526a (0x009aac33) x24 0x00000000
core   0: 0x8000526e (0x1d2a6313) ori     t1, s4, 466
core   0: 3 0x8000526e (0x1d2a6313) x6  0xfffffbdb
core   0: 0x80005272 (0x03a68633) mul     a2, a3, s10
core   0: 3 0x80005272 (0x03a68633) x12 0x00000000
core   0: 0x80005276 (0x40705fb3) sra     t6, zero, t2
core   0: 3 0x80005276 (0x40705fb3) x31 0x00000000
core   0: 0x8000527a (0x0000089d) c.addi  a7, 7
core   0: 3 0x8000527a (0x089d) x17 0x80025efe
core   0: 0x8000527c (0x02603bb3) mulhu   s7, zero, t1
core   0: 3 0x8000527c (0x02603bb3) x23 0x00000000
core   0: 0x80005280 (0x0000c599) c.beqz  a1, pc + 14
core   0: 3 0x80005280 (0xc599)
core   0: 0x8000528e (0x029d9db3) mulh    s11, s11, s1
core   0: 3 0x8000528e (0x029d9db3) x27 0x00000000
core   0: 0x80005292 (0xc6c4b437) lui     s0, 0xc6c4b
core   0: 3 0x80005292 (0xc6c4b437) x8  0xc6c4b000
core   0: 0x80005296 (0x02a89b33) mulh    s6, a7, a0
core   0: 3 0x80005296 (0x02a89b33) x22 0xfffc8010
core   0: 0x8000529a (0x00008e29) c.xor   a2, a0
core   0: 3 0x8000529a (0x8e29) x12 0x00070000
core   0: 0x8000529c (0x03a47c33) remu    s8, s0, s10
core   0: 3 0x8000529c (0x03a47c33) x24 0x3161d000
core   0: 0x800052a0 (0x01979e33) sll     t3, a5, s9
core   0: 3 0x800052a0 (0x01979e33) x28 0x00000000
core   0: 0x800052a4 (0x03f81d63) bne     a6, t6, pc + 58
core   0: 3 0x800052a4 (0x03f81d63)
core   0: 0x800052de (0x0086e463) bltu    a3, s0, pc + 8
core   0: 3 0x800052de (0x0086e463)
core   0: 0x800052e6 (0x408a0033) sub     zero, s4, s0
core   0: 3 0x800052e6 (0x408a0033)
core   0: 0x800052ea (0xd6144f13) xori    t5, s0, -671
core   0: 3 0x800052ea (0xd6144f13) x30 0x393b4d61
core   0: 0x800052ee (0xef1d8eb7) lui     t4, 0xef1d8
core   0: 3 0x800052ee (0xef1d8eb7) x29 0xef1d8000
core   0: 0x800052f2 (0x00008ef9) c.and   a3, a4
core   0: 3 0x800052f2 (0x8ef9) x13 0x00000000
core   0: 0x800052f4 (0x00008ce9) c.and   s1, a0
core   0: 3 0x800052f4 (0x8ce9) x9  0x00050000
core   0: 0x800052f6 (0x01e706b3) add     a3, a4, t5
core   0: 3 0x800052f6 (0x01e706b3) x13 0x39404d61
core   0: 0x800052fa (0x00000001) c.nop
core   0: 3 0x800052fa (0x0001)
core   0: 0x800052fc (0x019ece33) xor     t3, t4, s9
core   0: 3 0x800052fc (0x019ece33) x28 0xef1d8001
core   0: 0x80005300 (0x142a0693) addi    a3, s4, 322
core   0: 3 0x80005300 (0x142a0693) x13 0xfffffc4b
core   0: 0x80005304 (0x00438333) add     t1, t2, tp
core   0: 3 0x80005304 (0x00438333) x6  0x0004bd9b
core   0: 0x80005308 (0x2e835197) auipc   gp, 0x2e835
core   0: 3 0x80005308 (0x2e835197) x3  0xae83a308
core   0: 0x8000530c (0x0178f863) bgeu    a7, s7, pc + 16
core   0: 3 0x8000530c (0x0178f863)
core   0: 0x8000531c (0x40550a33) sub     s4, a0, t0
core   0: 3 0x8000531c (0x40550a33) x20 0x80070000
core   0: 0x80005320 (0x00d50763) beq     a0, a3, pc + 14
core   0: 3 0x80005320 (0x00d50763)
core   0: 0x80005324 (0x000001cd) c.addi  gp, 19
core   0: 3 0x80005324 (0x01cd) x3  0xae83a31b
core   0: 0x80005326 (0x01411fb3) sll     t6, sp, s4
core   0: 3 0x80005326 (0x01411fb3) x31 0x80029d24
core   0: 0x8000532a (0x416881b3) sub     gp, a7, s6
core   0: 3 0x8000532a (0x416881b3) x3  0x8005deee
core   0: 0x8000532e (0x03c3b033) mulhu   zero, t2, t3
core   0: 3 0x8000532e (0x03c3b033)
core   0: 0x80005332 (0x0316e4b3) rem     s1, a3, a7
core   0: 3 0x80005332 (0x0316e4b3) x9  0xfffffc4b
core   0: 0x80005336 (0xc3e44313) xori    t1, s0, -962
core   0: 3 0x80005336 (0xc3e44313) x6  0x393b4c3e
core   0: 0x8000533a (0x03b25863) bge     tp, s11, pc + 48
core   0: 3 0x8000533a (0x03b25863)
core   0: 0x8000533e (0x00000001) c.nop
core   0: 3 0x8000533e (0x0001)
core   0: 0x80005340 (0xc77a4a93) xori    s5, s4, -905
core   0: 3 0x80005340 (0xc77a4a93) x21 0x7ff8fc77
core   0: 0x80005344 (0x00006e59) c.lui   t3, 0x16
core   0: 3 0x80005344 (0x6e59) x28 0x00016000
core   0: 0x80005346 (0x01760c33) add     s8, a2, s7
core   0: 3 0x80005346 (0x01760c33) x24 0x00070000
core   0: 0x8000534a (0x034bf733) remu    a4, s7, s4
core   0: 3 0x8000534a (0x034bf733) x14 0x00000000
core   0: 0x8000534e (0x00869413) slli    s0, a3, 8
core   0: 3 0x8000534e (0x00869413) x8  0xfffc4b00
core   0: 0x80005352 (0x00d4eeb3) or      t4, s1, a3
core   0: 3 0x80005352 (0x00d4eeb3) x29 0xfffffc4b
core   0: 0x80005356 (0x020a4a63) bltz    s4, pc + 52
core   0: 3 0x80005356 (0x020a4a63)
core   0: 0x8000538a (0x02608cb3) mul     s9, ra, t1
core   0: 3 0x8000538a (0x02608cb3) x25 0x00000000
core   0: 0x8000538e (0x61e34c13) xori    s8, t1, 1566
core   0: 3 0x8000538e (0x61e34c13) x24 0x393b4a20
core   0: 0x80005392 (0x00008d7d) c.and   a0, a5
core   0: 3 0x80005392 (0x8d7d) x10 0x00000000
core   0: 0x80005394 (0xd76aee13) ori     t3, s5, -650
core   0: 3 0x80005394 (0xd76aee13) x28 0xfffffd77
core   0: 0x80005398 (0xf6093913) sltiu   s2, s2, -160
core   0: 3 0x80005398 (0xf6093913) x18 0x00000001
core   0: 0x8000539c (0xd3543893) sltiu   a7, s0, -715
core   0: 3 0x8000539c (0xd3543893) x17 0x00000001
core   0: 0x800053a0 (0x0000869d) c.srai  a3, 7
core   0: 3 0x800053a0 (0x869d) x13 0xfffffff8
core   0: 0x800053a2 (0x3f96b513) sltiu   a0, a3, 1017
core   0: 3 0x800053a2 (0x3f96b513) x10 0x00000000
core   0: 0x800053a6 (0x00310763) beq     sp, gp, pc + 14
core   0: 3 0x800053a6 (0x00310763)
core   0: 0x800053aa (0x00009d16) c.add   s10, t0
core   0: 3 0x800053aa (0x9d16) x26 0xcab17000
core   0: 0x800053ac (0x032204b3) mul     s1, tp, s2
core   0: 3 0x800053ac (0x032204b3) x9  0x80025ef7
core   0: 0x800053b0 (0x763ccd13) xori    s10, s9, 1891
core   0: 3 0x800053b0 (0x763ccd13) x26 0x00000763
core   0: 0x800053b4 (0x00000001) c.nop
core   0: 3 0x800053b4 (0x0001)
core   0: 0x800053b6 (0x000086d9) c.srai  a3, 22
core   0: 3 0x800053b6 (0x86d9) x13 0xffffffff
core   0: 0x800053b8 (0x624d2f93) slti    t6, s10, 1572
core   0: 3 0x800053b8 (0x624d2f93) x31 0x00000000
core   0: 0x800053bc (0xf51a0b37) lui     s6, 0xf51a0
core   0: 3 0x800053bc (0xf51a0b37) x22 0xf51a0000
core   0: 0x800053c0 (0x028cc063) blt     s9, s0, pc + 32
core   0: 3 0x800053c0 (0x028cc063)
core   0: 0x800053c4 (0x000098fd) c.andi  s1, -1
core   0: 3 0x800053c4 (0x98fd) x9  0x80025ef7
core   0: 0x800053c6 (0x000086d1) c.srai  a3, 20
core   0: 3 0x800053c6 (0x86d1) x13 0xffffffff
core   0: 0x800053c8 (0x0174c8b3) xor     a7, s1, s7
core   0: 3 0x800053c8 (0x0174c8b3) x17 0x80025ef7
core   0: 0x800053cc (0x00008d79) c.and   a0, a4
core   0: 3 0x800053cc (0x8d79) x10 0x00000000
core   0: 0x800053ce (0x035a8333) mul     t1, s5, s5
core   0: 3 0x800053ce (0x035a8333) x6  0x318a7f51
core   0: 0x800053d2 (0x020f3eb3) mulhu   t4, t5, zero
core   0: 3 0x800053d2 (0x020f3eb3) x29 0x00000000
core   0: 0x800053d6 (0x71ac2813) slti    a6, s8, 1818
core   0: 3 0x800053d6 (0x71ac2813) x16 0x00000000
core   0: 0x800053da (0x00000e12) c.slli  t3, 4
core   0: 3 0x800053da (0x0e12) x28 0xffffd770
core   0: 0x800053dc (0x0265ea33) rem     s4, a1, t1
core   0: 3 0x800053dc (0x0265ea33) x20 0x00000000
core   0: 0x800053e0 (0x02c6dcb3) divu    s9, a3, a2
core   0: 3 0x800053e0 (0x02c6dcb3) x25 0x00002492
core   0: 0x800053e4 (0x00009bf6) c.add   s7, t4
core   0: 3 0x800053e4 (0x9bf6) x23 0x00000000
core   0: 0x800053e6 (0x4174de13) srai    t3, s1, 23
core   0: 3 0x800053e6 (0x4174de13) x28 0xffffff00
core   0: 0x800053ea (0x000080c5) c.srli  s1, 17
core   0: 3 0x800053ea (0x80c5) x9  0x00004001
core   0: 0x800053ec (0x019e9613) slli    a2, t4, 25
core   0: 3 0x800053ec (0x019e9613) x12 0x00000000
core   0: 0x800053f0 (0x017dcf63) blt     s11, s7, pc + 30
core   0: 3 0x800053f0 (0x017dcf63)
core   0: 0x800053f4 (0x00dbedb3) or      s11, s7, a3
core   0: 3 0x800053f4 (0x00dbedb3) x27 0xffffffff
core   0: 0x800053f8 (0x00008c51) c.or    s0, a2
core   0: 3 0x800053f8 (0x8c51) x8  0xfffc4b00
core   0: 0x800053fa (0x41455613) srai    a2, a0, 20
core   0: 3 0x800053fa (0x41455613) x12 0x00000000
core   0: 0x800053fe (0x40bc05b3) sub     a1, s8, a1
core   0: 3 0x800053fe (0x40bc05b3) x11 0x393b4a20
core   0: 0x80005402 (0x0000e805) c.bnez  s0, pc + 48
core   0: 3 0x80005402 (0xe805)
core   0: 0x80005432 (0x0000ce85) c.beqz  a3, pc + 56
core   0: 3 0x80005432 (0xce85)
core   0: 0x80005434 (0x00006761) c.lui   a4, 0x18
core   0: 3 0x80005434 (0x6761) x14 0x00018000
core   0: 0x80005436 (0x00008fa6) c.mv    t6, s1
core   0: 3 0x80005436 (0x8fa6) x31 0x00004001
core   0: 0x80005438 (0x000058fd) c.li    a7, -1
core   0: 3 0x80005438 (0x58fd) x17 0xffffffff
core   0: 0x8000543a (0x2f6fb493) sltiu   s1, t6, 758
core   0: 3 0x8000543a (0x2f6fb493) x9  0x00000000
core   0: 0x8000543e (0x0000c28d) c.beqz  a3, pc + 34
core   0: 3 0x8000543e (0xc28d)
core   0: 0x80005440 (0x01a57463) bgeu    a0, s10, pc + 8
core   0: 3 0x80005440 (0x01a57463)
core   0: 0x80005444 (0x03cac2b3) div     t0, s5, t3
core   0: 3 0x80005444 (0x03cac2b3) x5  0xff800704
core   0: 0x80005448 (0x60b63693) sltiu   a3, a2, 1547
core   0: 3 0x80005448 (0x60b63693) x13 0x00000001
core   0: 0x8000544c (0x01035193) srli    gp, t1, 16
core   0: 3 0x8000544c (0x01035193) x3  0x0000318a
core   0: 0x80005450 (0x000082ad) c.srli  a3, 11
core   0: 3 0x80005450 (0x82ad) x13 0x00000000
core   0: 0x80005452 (0x40e30433) sub     s0, t1, a4
core   0: 3 0x80005452 (0x40e30433) x8  0x3188ff51
core   0: 0x80005456 (0x019aee33) or      t3, s5, s9
core   0: 3 0x80005456 (0x019aee33) x28 0x7ff8fcf7
core   0: 0x8000545a (0x00008d51) c.or    a0, a2
core   0: 3 0x8000545a (0x8d51) x10 0x00000000
core   0: 0x8000545c (0x71903e93) sltiu   t4, zero, 1817
core   0: 3 0x8000545c (0x71903e93) x29 0x00000001
core   0: 0x80005460 (0x0198d613) srli    a2, a7, 25
core   0: 3 0x80005460 (0x0198d613) x12 0x0000007f
core   0: 0x80005464 (0x00006239) c.lui   tp, 0xe
core   0: 3 0x80005464 (0x6239) x4  0x0000e000
core   0: 0x80005466 (0x2f43e213) ori     tp, t2, 756
core   0: 3 0x80005466 (0x2f43e213) x4  0x80025ef4
core   0: 0x8000546a (0xcfdcb313) sltiu   t1, s9, -771
core   0: 3 0x8000546a (0xcfdcb313) x6  0x00000001
core   0: 0x8000546e (0x01450f63) beq     a0, s4, pc + 30
core   0: 3 0x8000546e (0x01450f63)
core   0: 0x8000548c (0x00000001) c.nop
core   0: 3 0x8000548c (0x0001)
core   0: 0x8000548e (0x027a96b3) mulh    a3, s5, t2
core   0: 3 0x8000548e (0x027a96b3) x13 0xc004b105
core   0: 0x80005492 (0x0269bbb3) mulhu   s7, s3, t1
core   0: 3 0x80005492 (0x0269bbb3) x23 0x00000000
core   0: 0x80005496 (0x0000ef05) c.bnez  a4, pc + 56
core   0: 3 0x80005496 (0xef05)
core   0: 0x800054ce (0x0057d513) srli    a0, a5, 5
core   0: 3 0x800054ce (0x0057d513) x10 0x04000000
core   0: 0x800054d2 (0x03bcd4b3) divu    s1, s9, s11
core   0: 3 0x800054d2 (0x03bcd4b3) x9  0x00000000
core   0: 0x800054d6 (0x0000cd95) c.beqz  a1, pc + 60
core   0: 3 0x800054d6 (0xcd95)
core   0: 0x800054d8 (0x12df0a93) addi    s5, t5, 301
core   0: 3 0x800054d8 (0x12df0a93) x21 0x393b4e8e
core   0: 0x800054dc (0x0011c863) blt     gp, ra, pc + 16
core   0: 3 0x800054dc (0x0011c863)
core   0: 0x800054e0 (0x0141dab3) srl     s5, gp, s4
core   0: 3 0x800054e0 (0x0141dab3) x21 0x0000318a
core   0: 0x800054e4 (0xfef66493) ori     s1, a2, -17
core   0: 3 0x800054e4 (0xfef66493) x9  0xffffffff
core   0: 0x800054e8 (0x01d3dab3) srl     s5, t2, t4
core   0: 3 0x800054e8 (0x01d3dab3) x21 0x40012f52
core   0: 0x800054ec (0x01211eb3) sll     t4, sp, s2
core   0: 3 0x800054ec (0x01211eb3) x29 0x00053a48
core   0: 0x800054f0 (0x2ca5e613) ori     a2, a1, 714
core   0: 3 0x800054f0 (0x2ca5e613) x12 0x393b4aea
core   0: 0x800054f4 (0x0000e0b9) c.bnez  s1, pc + 70
core   0: 3 0x800054f4 (0xe0b9)
core   0: 0x8000553a (0x017d5293) srli    t0, s10, 23
core   0: 3 0x8000553a (0x017d5293) x5  0x00000000
core   0: 0x8000553e (0x90aace93) xori    t4, s5, -1782
core   0: 3 0x8000553e (0x90aace93) x29 0xbffed658
core   0: 0x80005542 (0x01362333) slt     t1, a2, s3
core   0: 3 0x80005542 (0x01362333) x6  0x00000000
core   0: 0x80005546 (0x0000c305) c.beqz  a4, pc + 32
core   0: 3 0x80005546 (0xc305)
core   0: 0x80005548 (0x01140db3) add     s11, s0, a7
core   0: 3 0x80005548 (0x01140db3) x27 0x3188ff50
core   0: 0x8000554c (0x01bc9a93) slli    s5, s9, 27
core   0: 3 0x8000554c (0x01bc9a93) x21 0x90000000
core   0: 0x80005550 (0xd64b8e13) addi    t3, s7, -668
core   0: 3 0x80005550 (0xd64b8e13) x28 0xfffffd64
core   0: 0x80005554 (0x01d4f763) bgeu    s1, t4, pc + 14
core   0: 3 0x80005554 (0x01d4f763)
core   0: 0x80005562 (0x00008dc1) c.or    a1, s0
core   0: 3 0x80005562 (0x8dc1) x11 0x39bbff71
core   0: 0x80005564 (0x000081f9) c.srli  a1, 30
core   0: 3 0x80005564 (0x81f9) x11 0x00000000
core   0: 0x80005566 (0x00008e35) c.xor   a2, a3
core   0: 3 0x80005566 (0x8e35) x12 0xf93ffbef
core   0: 0x80005568 (0x01a1a6b3) slt     a3, gp, s10
core   0: 3 0x80005568 (0x01a1a6b3) x13 0x00000000
core   0: 0x8000556c (0x000098fd) c.andi  s1, -1
core   0: 3 0x8000556c (0x98fd) x9  0xffffffff
core   0: 0x8000556e (0xea877993) andi    s3, a4, -344
core   0: 3 0x8000556e (0xea877993) x19 0x00018000
core   0: 0x80005572 (0x027b5863) bge     s6, t2, pc + 48
core   0: 3 0x80005572 (0x027b5863)
core   0: 0x800055a2 (0x03c4aa33) mulhsu  s4, s1, t3
core   0: 3 0x800055a2 (0x03c4aa33) x20 0xffffffff
core   0: 0x800055a6 (0x40af8e33) sub     t3, t6, a0
core   0: 3 0x800055a6 (0x40af8e33) x28 0xfc004001
core   0: 0x800055aa (0x405c0cb3) sub     s9, s8, t0
core   0: 3 0x800055aa (0x405c0cb3) x25 0x393b4a20
core   0: 0x800055ae (0x38c0ca93) xori    s5, ra, 908
core   0: 3 0x800055ae (0x38c0ca93) x21 0x0000038c
core   0: 0x800055b2 (0x00008cd5) c.or    s1, a3
core   0: 3 0x800055b2 (0x8cd5) x9  0xffffffff
core   0: 0x800055b4 (0x0000ce95) c.beqz  a3, pc + 60
core   0: 3 0x800055b4 (0xce95)
core   0: 0x800055f0 (0x03f33f33) mulhu   t5, t1, t6
core   0: 3 0x800055f0 (0x03f33f33) x30 0x00000000
core   0: 0x800055f4 (0x3aa96837) lui     a6, 0x3aa96
core   0: 3 0x800055f4 (0x3aa96837) x16 0x3aa96000
core   0: 0x800055f8 (0x00a59313) slli    t1, a1, 10
core   0: 3 0x800055f8 (0x00a59313) x6  0x00000000
core   0: 0x800055fc (0x00008c3a) c.mv    s8, a4
core   0: 3 0x800055fc (0x8c3a) x24 0x00018000
core   0: 0x800055fe (0x0fe1e993) ori     s3, gp, 254
core   0: 3 0x800055fe (0x0fe1e993) x19 0x000031fe
core   0: 0x80005602 (0x00006e9d) c.lui   t4, 0x7
core   0: 3 0x80005602 (0x6e9d) x29 0x00007000
core   0: 0x80005604 (0x0d35b713) sltiu   a4, a1, 211
core   0: 3 0x80005604 (0x0d35b713) x14 0x00000001
core   0: 0x80005608 (0x00000001) c.nop
core   0: 3 0x80005608 (0x0001)
core   0: 0x8000560a (0x00008f32) c.mv    t5, a2
core   0: 3 0x8000560a (0x8f32) x30 0xf93ffbef
core   0: 0x8000560c (0x00629eb3) sll     t4, t0, t1
core   0: 3 0x8000560c (0x00629eb3) x29 0x00000000
core   0: 0x80005610 (0x021956b3) divu    a3, s2, ra
core   0: 3 0x80005610 (0x021956b3) x13 0xffffffff
core   0: 0x80005614 (0x02339263) bne     t2, gp, pc + 36
core   0: 3 0x80005614 (0x02339263)
core   0: 0x80005638 (0x00008f55) c.or    a4, a3
core   0: 3 0x80005638 (0x8f55) x14 0xffffffff
core   0: 0x8000563a (0x00008d49) c.or    a0, a0
core   0: 3 0x8000563a (0x8d49) x10 0x04000000
core   0: 0x8000563c (0x03d1d533) divu    a0, gp, t4
core   0: 3 0x8000563c (0x03d1d533) x10 0xffffffff
core   0: 0x80005640 (0xadaffeb7) lui     t4, 0xadaff
core   0: 3 0x80005640 (0xadaffeb7) x29 0xadaff000
core   0: 0x80005644 (0x025ce333) rem     t1, s9, t0
core   0: 3 0x80005644 (0x025ce333) x6  0x393b4a20
core   0: 0x80005648 (0x0379d0b3) divu    ra, s3, s7
core   0: 3 0x80005648 (0x0379d0b3) x1  0xffffffff
core   0: 0x8000564c (0x00008c31) c.xor   s0, a2
core   0: 3 0x8000564c (0x8c31) x8  0xc8b704be
core   0: 0x8000564e (0x0325d833) divu    a6, a1, s2
core   0: 3 0x8000564e (0x0325d833) x16 0x00000000
core   0: 0x80005652 (0x000086e5) c.srai  a3, 25
core   0: 3 0x80005652 (0x86e5) x13 0xffffffff
core   0: 0x80005654 (0x02265333) divu    t1, a2, sp
core   0: 3 0x80005654 (0x02265333) x6  0x00000001
core   0: 0x80005658 (0x00000001) c.nop
core   0: 3 0x80005658 (0x0001)
core   0: 0x8000565a (0x00008c4d) c.or    s0, a1
core   0: 3 0x8000565a (0x8c4d) x8  0xc8b704be
core   0: 0x8000565c (0x0000096e) c.slli  s2, 27
core   0: 3 0x8000565c (0x096e) x18 0x08000000
core   0: 0x8000565e (0xf548c613) xori    a2, a7, -172
core   0: 3 0x8000565e (0xf548c613) x12 0x000000ab
core   0: 0x80005662 (0x05ca8063) beq     s5, t3, pc + 64
core   0: 3 0x80005662 (0x05ca8063)
core   0: 0x80005666 (0x00d8ed63) bltu    a7, a3, pc + 26
core   0: 3 0x80005666 (0x00d8ed63)
core   0: 0x8000566a (0x03a276b3) remu    a3, tp, s10
core   0: 3 0x8000566a (0x03a276b3) x13 0x00000048
core   0: 0x8000566e (0x00008abd) c.andi  a3, 15
core   0: 3 0x8000566e (0x8abd) x13 0x00000008
core   0: 0x80005670 (0x4058d6b3) sra     a3, a7, t0
core   0: 3 0x80005670 (0x4058d6b3) x13 0xffffffff
core   0: 0x80005674 (0x01f5dcb3) srl     s9, a1, t6
core   0: 3 0x80005674 (0x01f5dcb3) x25 0x00000000
core   0: 0x80005678 (0x03a06bb3) rem     s7, zero, s10
core   0: 3 0x80005678 (0x03a06bb3) x23 0x00000000
core   0: 0x8000567c (0x006c2433) slt     s0, s8, t1
core   0: 3 0x8000567c (0x006c2433) x8  0x00000000
core   0: 0x80005680 (0x00000001) c.nop
core   0: 3 0x80005680 (0x0001)
core   0: 0x80005682 (0x40af8033) sub     zero, t6, a0
core   0: 3 0x80005682 (0x40af8033)
core   0: 0x80005686 (0x0000ed99) c.bnez  a1, pc + 30
core   0: 3 0x80005686 (0xed99)
core   0: 0x80005688 (0x0189d193) srli    gp, s3, 24
core   0: 3 0x80005688 (0x0189d193) x3  0x00000000
core   0: 0x8000568c (0x00000001) c.nop
core   0: 3 0x8000568c (0x0001)
core   0: 0x8000568e (0x000004da) c.slli  s1, 22
core   0: 3 0x8000568e (0x04da) x9  0xffc00000
core   0: 0x80005690 (0x000081b6) c.mv    gp, a3
core   0: 3 0x80005690 (0x81b6) x3  0xffffffff
core   0: 0x80005692 (0x00000779) c.addi  a4, 30
core   0: 3 0x80005692 (0x0779) x14 0x0000001d
core   0: 0x80005694 (0x01a75563) bge     a4, s10, pc + 10
core   0: 3 0x80005694 (0x01a75563)
core   0: 0x80005698 (0x00008cc5) c.or    s1, s1
core   0: 3 0x80005698 (0x8cc5) x9  0xffc00000
core   0: 0x8000569a (0x403e5e93) srai    t4, t3, 3
core   0: 3 0x8000569a (0x403e5e93) x29 0xff800800
core   0: 0x8000569e (0x011e1963) bne     t3, a7, pc + 18
core   0: 3 0x8000569e (0x011e1963)
core   0: 0x800056b0 (0x00008e01) c.sub   a2, s0
core   0: 3 0x800056b0 (0x8e01) x12 0x000000ab
core   0: 0x800056b2 (0x03a7c333) div     t1, a5, s10
core   0: 3 0x800056b2 (0x03a7c333) x6  0xffeeabef
core   0: 0x800056b6 (0x00000aee) c.slli  s5, 27
core   0: 3 0x800056b6 (0x0aee) x21 0x60000000
core   0: 0x800056b8 (0x00008cc9) c.or    s1, a0
core   0: 3 0x800056b8 (0x8cc9) x9  0xffffffff
core   0: 0x800056ba (0x7b118297) auipc   t0, 0x7b118
core   0: 3 0x800056ba (0x7b118297) x5  0xfb11d6ba
core   0: 0x800056be (0x00008535) c.srai  a0, 13
core   0: 3 0x800056be (0x8535) x10 0xffffffff
core   0: 0x800056c0 (0x01fb98b3) sll     a7, s7, t6
core   0: 3 0x800056c0 (0x01fb98b3) x17 0x00000000
core   0: 0x800056c4 (0x405fd293) srai    t0, t6, 5
core   0: 3 0x800056c4 (0x405fd293) x5  0x00000200
core   0: 0x800056c8 (0x00008d91) c.sub   a1, a2
core   0: 3 0x800056c8 (0x8d91) x11 0xffffff55
core   0: 0x800056ca (0x404adc93) srai    s9, s5, 4
core   0: 3 0x800056ca (0x404adc93) x25 0x06000000
core   0: 0x800056ce (0x02c13e33) mulhu   t3, sp, a2
core   0: 3 0x800056ce (0x02c13e33) x28 0x00000055
core   0: 0x800056d2 (0x02d04b33) div     s6, zero, a3
core   0: 3 0x800056d2 (0x02d04b33) x22 0x00000000
core   0: 0x800056d6 (0x014d6e33) or      t3, s10, s4
core   0: 3 0x800056d6 (0x014d6e33) x28 0xffffffff
core   0: 0x800056da (0x0000955a) c.add   a0, s6
core   0: 3 0x800056da (0x955a) x10 0xffffffff
core   0: 0x800056dc (0x6c7e8e13) addi    t3, t4, 1735
core   0: 3 0x800056dc (0x6c7e8e13) x28 0xff800ec7
core   0: 0x800056e0 (0x0000c319) c.beqz  a4, pc + 6
core   0: 3 0x800056e0 (0xc319)
core   0: 0x800056e2 (0x7ff50813) addi    a6, a0, 2047
core   0: 3 0x800056e2 (0x7ff50813) x16 0x000007fe
core   0: 0x800056e6 (0x000012fd) c.addi  t0, -1
core   0: 3 0x800056e6 (0x12fd) x5  0x000001ff
core   0: 0x800056e8 (0x00000212) c.slli  tp, 4
core   0: 3 0x800056e8 (0x0212) x4  0x0025ef40
core   0: 0x800056ea (0x01c07633) and     a2, zero, t3
core   0: 3 0x800056ea (0x01c07633) x12 0x00000000
core   0: 0x800056ee (0x01b90b63) beq     s2, s11, pc + 22
core   0: 3 0x800056ee (0x01b90b63)
core   0: 0x800056f2 (0x01655f63) bge     a0, s6, pc + 30
core   0: 3 0x800056f2 (0x01655f63)
core   0: 0x800056f6 (0x0000e105) c.bnez  a0, pc + 32
core   0: 3 0x800056f6 (0xe105)
core   0: 0x80005716 (0x005ab633) sltu    a2, s5, t0
core   0: 3 0x80005716 (0x005ab633) x12 0x00000000
core   0: 0x8000571a (0x000051fd) c.li    gp, -1
core   0: 3 0x8000571a (0x51fd) x3  0xffffffff
core   0: 0x8000571c (0x02912bb3) mulhsu  s7, sp, s1
core   0: 3 0x8000571c (0x02912bb3) x23 0x80029d24
core   0: 0x80005720 (0x0000ed11) c.bnez  a0, pc + 28
core   0: 3 0x80005720 (0xed11)
core   0: 0x8000573c (0x00008eed) c.and   a3, a1
core   0: 3 0x8000573c (0x8eed) x13 0xffffff55
core   0: 0x8000573e (0x00008e9e) c.mv    t4, t2
core   0: 3 0x8000573e (0x8e9e) x29 0x80025ea4
core   0: 0x80005740 (0x02868363) beq     a3, s0, pc + 38
core   0: 3 0x80005740 (0x02868363)
core   0: 0x80005744 (0x03a70c63) beq     a4, s10, pc + 56
core   0: 3 0x80005744 (0x03a70c63)
core   0: 0x80005748 (0x9987d597) auipc   a1, 0x9987d
core   0: 3 0x80005748 (0x9987d597) x11 0x19882748
core   0: 0x8000574c (0x02377cb3) remu    s9, a4, gp
core   0: 3 0x8000574c (0x02377cb3) x25 0x0000001d
core   0: 0x80005750 (0x01f66263) bltu    a2, t6, pc + 4
core   0: 3 0x80005750 (0x01f66263)
core   0: 0x80005754 (0x03efce63) blt     t6, t5, pc + 60
core   0: 3 0x80005754 (0x03efce63)
core   0: 0x80005758 (0x00009a66) c.add   s4, s9
core   0: 3 0x80005758 (0x9a66) x20 0x0000001c
core   0: 0x8000575a (0xbc74f213) andi    tp, s1, -1081
core   0: 3 0x8000575a (0xbc74f213) x4  0xfffffbc7
core   0: 0x8000575e (0x00b0afb3) slt     t6, ra, a1
core   0: 3 0x8000575e (0x00b0afb3) x31 0x00000001
core   0: 0x80005762 (0x00efd9b3) srl     s3, t6, a4
core   0: 3 0x80005762 (0x00efd9b3) x19 0x00000000
core   0: 0x80005766 (0x00000be9) c.addi  s7, 26
core   0: 3 0x80005766 (0x0be9) x23 0x80029d3e
core   0: 0x80005768 (0x00da9413) slli    s0, s5, 13
core   0: 3 0x80005768 (0x00da9413) x8  0x00000000
core   0: 0x8000576c (0x0074e5b3) or      a1, s1, t2
core   0: 3 0x8000576c (0x0074e5b3) x11 0xffffffff
core   0: 0x80005770 (0x01494533) xor     a0, s2, s4
core   0: 3 0x80005770 (0x01494533) x10 0x0800001c
core   0: 0x80005774 (0x419659b3) sra     s3, a2, s9
core   0: 3 0x80005774 (0x419659b3) x19 0x00000000
core   0: 0x80005778 (0xe3b3a893) slti    a7, t2, -453
core   0: 3 0x80005778 (0xe3b3a893) x17 0x00000001
core   0: 0x8000577c (0x03889c33) mulh    s8, a7, s8
core   0: 3 0x8000577c (0x03889c33) x24 0x00000000
core   0: 0x80005780 (0x005e06b3) add     a3, t3, t0
core   0: 3 0x80005780 (0x005e06b3) x13 0xff8010c6
core   0: 0x80005784 (0x5b623c13) sltiu   s8, tp, 1462
core   0: 3 0x80005784 (0x5b623c13) x24 0x00000000
core   0: 0x80005788 (0xa13e6293) ori     t0, t3, -1517
core   0: 3 0x80005788 (0xa13e6293) x5  0xfffffed7
core   0: 0x8000578c (0x400951b3) sra     gp, s2, zero
core   0: 3 0x8000578c (0x400951b3) x3  0x08000000
core   0: 0x80005790 (0xb0087937) lui     s2, 0xb0087
core   0: 3 0x80005790 (0xb0087937) x18 0xb0087000
core   0: 0x80005794 (0x794b6e97) auipc   t4, 0x794b6
core   0: 3 0x80005794 (0x794b6e97) x29 0xf94bb794
core   0: 0x80005798 (0x01977fb3) and     t6, a4, s9
core   0: 3 0x80005798 (0x01977fb3) x31 0x0000001d
core   0: 0x8000579c (0x0216f333) remu    t1, a3, ra
core   0: 3 0x8000579c (0x0216f333) x6  0xff8010c6
core   0: 0x800057a0 (0x0317efb3) rem     t6, a5, a7
core   0: 3 0x800057a0 (0x0317efb3) x31 0x00000000
core   0: 0x800057a4 (0x015f5633) srl     a2, t5, s5
core   0: 3 0x800057a4 (0x015f5633) x12 0xf93ffbef
core   0: 0x800057a8 (0x692af593) andi    a1, s5, 1682
core   0: 3 0x800057a8 (0x692af593) x11 0x00000000
core   0: 0x800057ac (0x00008df5) c.and   a1, a3
core   0: 3 0x800057ac (0x8df5) x11 0x00000000
core   0: 0x800057ae (0x010cc863) blt     s9, a6, pc + 16
core   0: 3 0x800057ae (0x010cc863)
core   0: 0x800057be (0x00e15913) srli    s2, sp, 14
core   0: 3 0x800057be (0x00e15913) x18 0x0002000a
core   0: 0x800057c2 (0x032c1bb3) mulh    s7, s8, s2
core   0: 3 0x800057c2 (0x032c1bb3) x23 0x00000000
core   0: 0x800057c6 (0x41700ab3) sub     s5, zero, s7
core   0: 3 0x800057c6 (0x41700ab3) x21 0x00000000
core   0: 0x800057ca (0x015c7db3) and     s11, s8, s5
core   0: 3 0x800057ca (0x015c7db3) x27 0x00000000
core   0: 0x800057ce (0x00008ede) c.mv    t4, s7
core   0: 3 0x800057ce (0x8ede) x29 0x00000000
core   0: 0x800057d0 (0x00008159) c.srli  a0, 22
core   0: 3 0x800057d0 (0x8159) x10 0x00000020
core   0: 0x800057d2 (0x00000001) c.nop
core   0: 3 0x800057d2 (0x0001)
core   0: 0x800057d4 (0x0034d293) srli    t0, s1, 3
core   0: 3 0x800057d4 (0x0034d293) x5  0x1fffffff
core   0: 0x800057d8 (0xbb9c2093) slti    ra, s8, -1095
core   0: 3 0x800057d8 (0xbb9c2093) x1  0x00000000
core   0: 0x800057dc (0x028ebc33) mulhu   s8, t4, s0
core   0: 3 0x800057dc (0x028ebc33) x24 0x00000000
core   0: 0x800057e0 (0x03329e33) mulh    t3, t0, s3
core   0: 3 0x800057e0 (0x03329e33) x28 0x00000000
core   0: 0x800057e4 (0xf4cf8493) addi    s1, t6, -180
core   0: 3 0x800057e4 (0xf4cf8493) x9  0xffffff4c
core   0: 0x800057e8 (0x02883333) mulhu   t1, a6, s0
core   0: 3 0x800057e8 (0x02883333) x6  0x00000000
core   0: 0x800057ec (0x03c11b63) bne     sp, t3, pc + 54
core   0: 3 0x800057ec (0x03c11b63)
core   0: 0x80005822 (0x0245c0b3) div     ra, a1, tp
core   0: 3 0x80005822 (0x0245c0b3) x1  0x00000000
core   0: 0x80005826 (0x85c27f13) andi    t5, tp, -1956
core   0: 3 0x80005826 (0x85c27f13) x30 0xfffff844
core   0: 0x8000582a (0x00009f2a) c.add   t5, a0
core   0: 3 0x8000582a (0x9f2a) x30 0xfffff864
core   0: 0x8000582c (0x011f5a33) srl     s4, t5, a7
core   0: 3 0x8000582c (0x011f5a33) x20 0x7ffffc32
core   0: 0x80005830 (0x0c251063) bne     a0, sp, pc + 192
core   0: 3 0x80005830 (0x0c251063)
core   0: 0x800058f0 (0x00000c52) c.slli  s8, 20
core   0: 3 0x800058f0 (0x0c52) x24 0x00000000
core   0: 0x800058f2 (0x00006931) c.lui   s2, 0xc
core   0: 3 0x800058f2 (0x6931) x18 0x0000c000
core   0: 0x800058f4 (0x0379d0b3) divu    ra, s3, s7
core   0: 3 0x800058f4 (0x0379d0b3) x1  0xffffffff
core   0: 0x800058f8 (0x01f79d93) slli    s11, a5, 31
core   0: 3 0x800058f8 (0x01f79d93) x27 0x00000000
core   0: 0x800058fc (0x415ed413) srai    s0, t4, 21
core   0: 3 0x800058fc (0x415ed413) x8  0x00000000
core   0: 0x80005900 (0xe9becc93) xori    s9, t4, -357
core   0: 3 0x80005900 (0xe9becc93) x25 0xfffffe9b
core   0: 0x80005904 (0x00008c81) c.sub   s1, s0
core   0: 3 0x80005904 (0x8c81) x9  0xffffff4c
core   0: 0x80005906 (0x00004729) c.li    a4, 10
core   0: 3 0x80005906 (0x4729) x14 0x0000000a
core   0: 0x80005908 (0x0103d693) srli    a3, t2, 16
core   0: 3 0x80005908 (0x0103d693) x13 0x00008002
core   0: 0x8000590c (0x40ead913) srai    s2, s5, 14
core   0: 3 0x8000590c (0x40ead913) x18 0x00000000
core   0: 0x80005910 (0x00009b12) c.add   s6, tp
core   0: 3 0x80005910 (0x9b12) x22 0xfffffbc7
core   0: 0x80005912 (0x41405633) sra     a2, zero, s4
core   0: 3 0x80005912 (0x41405633) x12 0x00000000
core   0: 0x80005916 (0x00006a69) c.lui   s4, 0x1a
core   0: 3 0x80005916 (0x6a69) x20 0x0001a000
core   0: 0x80005918 (0xabdec213) xori    tp, t4, -1347
core   0: 3 0x80005918 (0xabdec213) x4  0xfffffabd
core   0: 0x8000591c (0x03d95163) bge     s2, t4, pc + 34
core   0: 3 0x8000591c (0x03d95163)
core   0: 0x8000593e (0x0ee3bab7) lui     s5, 0xee3b
core   0: 3 0x8000593e (0x0ee3bab7) x21 0x0ee3b000
core   0: 0x80005942 (0x00601b63) bne     zero, t1, pc + 22
core   0: 3 0x80005942 (0x00601b63)
core   0: 0x80005946 (0x021b6e33) rem     t3, s6, ra
core   0: 3 0x80005946 (0x021b6e33) x28 0x00000000
core   0: 0x8000594a (0x00000a42) c.slli  s4, 16
core   0: 3 0x8000594a (0x0a42) x20 0xa0000000
core   0: 0x8000594c (0x414f8cb3) sub     s9, t6, s4
core   0: 3 0x8000594c (0x414f8cb3) x25 0x60000000
core   0: 0x80005950 (0xf21ba813) slti    a6, s7, -223
core   0: 3 0x80005950 (0xf21ba813) x16 0x00000000
core   0: 0x80005954 (0x00c00863) beq     zero, a2, pc + 16
core   0: 3 0x80005954 (0x00c00863)
core   0: 0x80005964 (0x00008df5) c.and   a1, a3
core   0: 3 0x80005964 (0x8df5) x11 0x00000000
core   0: 0x80005966 (0x00008c1d) c.sub   s0, a5
core   0: 3 0x80005966 (0x8c1d) x8  0x80000000
core   0: 0x80005968 (0x023bf433) remu    s0, s7, gp
core   0: 3 0x80005968 (0x023bf433) x8  0x00000000
core   0: 0x8000596c (0x003929b3) slt     s3, s2, gp
core   0: 3 0x8000596c (0x003929b3) x19 0x00000001
core   0: 0x80005970 (0x0000ca85) c.beqz  a3, pc + 48
core   0: 3 0x80005970 (0xca85)
core   0: 0x80005972 (0xe7870313) addi    t1, a4, -392
core   0: 3 0x80005972 (0xe7870313) x6  0xfffffe82
core   0: 0x80005976 (0x0000e915) c.bnez  a0, pc + 52
core   0: 3 0x80005976 (0xe915)
core   0: 0x800059aa (0x01613cb3) sltu    s9, sp, s6
core   0: 3 0x800059aa (0x01613cb3) x25 0x00000001
core   0: 0x800059ae (0x01eef633) and     a2, t4, t5
core   0: 3 0x800059ae (0x01eef633) x12 0x00000000
core   0: 0x800059b2 (0x6770bd93) sltiu   s11, ra, 1655
core   0: 3 0x800059b2 (0x6770bd93) x27 0x00000000
core   0: 0x800059b6 (0x4166de13) srai    t3, a3, 22
core   0: 3 0x800059b6 (0x4166de13) x28 0x00000000
core   0: 0x800059ba (0x42c8f893) andi    a7, a7, 1068
core   0: 3 0x800059ba (0x42c8f893) x17 0x00000000
core   0: 0x800059be (0x0000ed91) c.bnez  a1, pc + 28
core   0: 3 0x800059be (0xed91)
core   0: 0x800059c0 (0x0170d8b3) srl     a7, ra, s7
core   0: 3 0x800059c0 (0x0170d8b3) x17 0xffffffff
core   0: 0x800059c4 (0x0000c61d) c.beqz  a2, pc + 46
core   0: 3 0x800059c4 (0xc61d)
core   0: 0x800059f2 (0x00000836) c.slli  a6, 13
core   0: 3 0x800059f2 (0x0836) x16 0x00000000
core   0: 0x800059f4 (0x0131bab3) sltu    s5, gp, s3
core   0: 3 0x800059f4 (0x0131bab3) x21 0x00000000
core   0: 0x800059f8 (0x41a9db13) srai    s6, s3, 26
core   0: 3 0x800059f8 (0x41a9db13) x22 0x00000000
core   0: 0x800059fc (0x025a7463) bgeu    s4, t0, pc + 40
core   0: 3 0x800059fc (0x025a7463)
core   0: 0x80005a24 (0x016e1f93) slli    t6, t3, 22
core   0: 3 0x80005a24 (0x016e1f93) x31 0x00000000
core   0: 0x80005a28 (0x03078ab3) mul     s5, a5, a6
core   0: 3 0x80005a28 (0x03078ab3) x21 0x00000000
core   0: 0x80005a2c (0x40668ab3) sub     s5, a3, t1
core   0: 3 0x80005a2c (0x40668ab3) x21 0x00008180
core   0: 0x80005a30 (0x0000852a) c.mv    a0, a0
core   0: 3 0x80005a30 (0x852a) x10 0x00000020
core   0: 0x80005a32 (0x0243df33) divu    t5, t2, tp
core   0: 3 0x80005a32 (0x0243df33) x30 0x00000000
core   0: 0x80005a36 (0x022ce633) rem     a2, s9, sp
core   0: 3 0x80005a36 (0x022ce633) x12 0x00000001
core   0: 0x80005a3a (0x02646363) bltu    s0, t1, pc + 38
core   0: 3 0x80005a3a (0x02646363)
core   0: 0x80005a60 (0x41428eb7) lui     t4, 0x41428
core   0: 3 0x80005a60 (0x41428eb7) x29 0x41428000
core   0: 0x80005a64 (0x00977b93) andi    s7, a4, 9
core   0: 3 0x80005a64 (0x00977b93) x23 0x00000008
core   0: 0x80005a68 (0x0001c463) bltz    gp, pc + 8
core   0: 3 0x80005a68 (0x0001c463)
core   0: 0x80005a6c (0x01d59433) sll     s0, a1, t4
core   0: 3 0x80005a6c (0x01d59433) x8  0x00000000
core   0: 0x80005a70 (0x405a5233) sra     tp, s4, t0
core   0: 3 0x80005a70 (0x405a5233) x4  0xffffffff
core   0: 0x80005a74 (0x035a11b3) mulh    gp, s4, s5
core   0: 3 0x80005a74 (0x035a11b3) x3  0xffffcf70
core   0: 0x80005a78 (0x97e07913) andi    s2, zero, -1666
core   0: 3 0x80005a78 (0x97e07913) x18 0x00000000
core   0: 0x80005a7c (0x02846d33) rem     s10, s0, s0
core   0: 3 0x80005a7c (0x02846d33) x26 0x00000000
core   0: 0x80005a80 (0x002e5693) srli    a3, t3, 2
core   0: 3 0x80005a80 (0x002e5693) x13 0x00000000
core   0: 0x80005a84 (0x003b5713) srli    a4, s6, 3
core   0: 3 0x80005a84 (0x003b5713) x14 0x00000000
core   0: 0x80005a88 (0x414256b3) sra     a3, tp, s4
core   0: 3 0x80005a88 (0x414256b3) x13 0xffffffff
core   0: 0x80005a8c (0x4036da13) srai    s4, a3, 3
core   0: 3 0x80005a8c (0x4036da13) x20 0xffffffff
core   0: 0x80005a90 (0x00004851) c.li    a6, 20
core   0: 3 0x80005a90 (0x4851) x16 0x00000014
core   0: 0x80005a92 (0x00008df1) c.and   a1, a2
core   0: 3 0x80005a92 (0x8df1) x11 0x00000000
core   0: 0x80005a94 (0x00001afd) c.addi  s5, -1
core   0: 3 0x80005a94 (0x1afd) x21 0x0000817f
core   0: 0x80005a96 (0x0000836d) c.srli  a4, 27
core   0: 3 0x80005a96 (0x836d) x14 0x00000000
core   0: 0x80005a98 (0xabb56313) ori     t1, a0, -1349
core   0: 3 0x80005a98 (0xabb56313) x6  0xfffffabb
core   0: 0x80005a9c (0x0112b633) sltu    a2, t0, a7
core   0: 3 0x80005a9c (0x0112b633) x12 0x00000001
core   0: 0x80005aa0 (0x00f39863) bne     t2, a5, pc + 16
core   0: 3 0x80005aa0 (0x00f39863)
core   0: 0x80005ab0 (0x00000bb1) c.addi  s7, 12
core   0: 3 0x80005ab0 (0x0bb1) x23 0x00000014
core   0: 0x80005ab2 (0x0274fd33) remu    s10, s1, t2
core   0: 3 0x80005ab2 (0x0274fd33) x26 0x7ffda0a8
core   0: 0x80005ab6 (0x005d5913) srli    s2, s10, 5
core   0: 3 0x80005ab6 (0x005d5913) x18 0x03ffed05
core   0: 0x80005aba (0x41758fb3) sub     t6, a1, s7
core   0: 3 0x80005aba (0x41758fb3) x31 0xffffffec
core   0: 0x80005abe (0x02faf933) remu    s2, s5, a5
core   0: 3 0x80005abe (0x02faf933) x18 0x0000817f
core   0: 0x80005ac2 (0x00fcb333) sltu    t1, s9, a5
core   0: 3 0x80005ac2 (0x00fcb333) x6  0x00000001
core   0: 0x80005ac6 (0x0000e1a9) c.bnez  a1, pc + 66
core   0: 3 0x80005ac6 (0xe1a9)
core   0: 0x80005ac8 (0x3c9d4537) lui     a0, 0x3c9d4
core   0: 3 0x80005ac8 (0x3c9d4537) x10 0x3c9d4000
core   0: 0x80005acc (0x0395a633) mulhsu  a2, a1, s9
core   0: 3 0x80005acc (0x0395a633) x12 0x00000000
core   0: 0x80005ad0 (0x012e5f93) srli    t6, t3, 18
core   0: 3 0x80005ad0 (0x012e5f93) x31 0x00000000
core   0: 0x80005ad4 (0x01ce0333) add     t1, t3, t3
core   0: 3 0x80005ad4 (0x01ce0333) x6  0x00000000
core   0: 0x80005ad8 (0x00a191b3) sll     gp, gp, a0
core   0: 3 0x80005ad8 (0x00a191b3) x3  0xffffcf70
core   0: 0x80005adc (0x001f1a33) sll     s4, t5, ra
core   0: 3 0x80005adc (0x001f1a33) x20 0x00000000
core   0: 0x80005ae0 (0x01ee55b3) srl     a1, t3, t5
core   0: 3 0x80005ae0 (0x01ee55b3) x11 0x00000000
core   0: 0x80005ae4 (0x00009b86) c.add   s7, ra
core   0: 3 0x80005ae4 (0x9b86) x23 0x00000013
core   0: 0x80005ae6 (0x03f93633) mulhu   a2, s2, t6
core   0: 3 0x80005ae6 (0x03f93633) x12 0x00000000
core   0: 0x80005aea (0x0000527d) c.li    tp, -1
core   0: 3 0x80005aea (0x527d) x4  0xffffffff
core   0: 0x80005aec (0x40acd633) sra     a2, s9, a0
core   0: 3 0x80005aec (0x40acd633) x12 0x00000001
core   0: 0x80005af0 (0x01d39c17) auipc   s8, 0x1d39
core   0: 3 0x80005af0 (0x01d39c17) x24 0x81d3eaf0
core   0: 0x80005af4 (0x00000001) c.nop
core   0: 3 0x80005af4 (0x0001)
core   0: 0x80005af6 (0x01e5d263) bge     a1, t5, pc + 4
core   0: 3 0x80005af6 (0x01e5d263)
core   0: 0x80005afa (0x03278db3) mul     s11, a5, s2
core   0: 3 0x80005afa (0x03278db3) x27 0x80000000
core   0: 0x80005afe (0x0072ed63) bltu    t0, t2, pc + 26
core   0: 3 0x80005afe (0x0072ed63)
core   0: 0x80005b18 (0x001ba033) slt     zero, s7, ra
core   0: 3 0x80005b18 (0x001ba033)
core   0: 0x80005b1c (0x4472eb13) ori     s6, t0, 1095
core   0: 3 0x80005b1c (0x4472eb13) x22 0x1fffffff
core   0: 0x80005b20 (0x02798933) mul     s2, s3, t2
core   0: 3 0x80005b20 (0x02798933) x18 0x80025ea4
core   0: 0x80005b24 (0x00e3bcb3) sltu    s9, t2, a4
core   0: 3 0x80005b24 (0x00e3bcb3) x25 0x00000000
core   0: 0x80005b28 (0x006dd713) srli    a4, s11, 6
core   0: 3 0x80005b28 (0x006dd713) x14 0x02000000
core   0: 0x80005b2c (0x501eeb93) ori     s7, t4, 1281
core   0: 3 0x80005b2c (0x501eeb93) x23 0x41428501
core   0: 0x80005b30 (0x030b8a33) mul     s4, s7, a6
core   0: 3 0x80005b30 (0x030b8a33) x20 0x19326414
core   0: 0x80005b34 (0x0000091a) c.slli  s2, 6
core   0: 3 0x80005b34 (0x091a) x18 0x0097a900
core   0: 0x80005b36 (0x01fb6833) or      a6, s6, t6
core   0: 3 0x80005b36 (0x01fb6833) x16 0x1fffffff
core   0: 0x80005b3a (0x02748e63) beq     s1, t2, pc + 60
core   0: 3 0x80005b3a (0x02748e63)
core   0: 0x80005b3e (0x01a06f93) ori     t6, zero, 26
core   0: 3 0x80005b3e (0x01a06f93) x31 0x0000001a
core   0: 0x80005b42 (0x000089f9) c.andi  a1, 30
core   0: 3 0x80005b42 (0x89f9) x11 0x00000000
core   0: 0x80005b44 (0x00000c2e) c.slli  s8, 11
core   0: 3 0x80005b44 (0x0c2e) x24 0x9f578000
core   0: 0x80005b46 (0x00522b33) slt     s6, tp, t0
core   0: 3 0x80005b46 (0x00522b33) x22 0x00000001
core   0: 0x80005b4a (0x01e79d13) slli    s10, a5, 30
core   0: 3 0x80005b4a (0x01e79d13) x26 0x00000000
core   0: 0x80005b4e (0x29bae597) auipc   a1, 0x29bae
core   0: 3 0x80005b4e (0x29bae597) x11 0xa9bb3b4e
core   0: 0x80005b52 (0x00005a7d) c.li    s4, -1
core   0: 3 0x80005b52 (0x5a7d) x20 0xffffffff
core   0: 0x80005b54 (0x9861c293) xori    t0, gp, -1658
core   0: 3 0x80005b54 (0x9861c293) x5  0x000036f6
core   0: 0x80005b58 (0x025a5d33) divu    s10, s4, t0
core   0: 3 0x80005b58 (0x025a5d33) x26 0x0004a869
core   0: 0x80005b5c (0x0000587d) c.li    a6, -1
core   0: 3 0x80005b5c (0x587d) x16 0xffffffff
core   0: 0x80005b5e (0x00008d99) c.sub   a1, a4
core   0: 3 0x80005b5e (0x8d99) x11 0xa7bb3b4e
core   0: 0x80005b60 (0x0000ee85) c.bnez  a3, pc + 56
core   0: 3 0x80005b60 (0xee85)
core   0: 0x80005b98 (0x0000e1a1) c.bnez  a1, pc + 64
core   0: 3 0x80005b98 (0xe1a1)
core   0: 0x80005bd8 (0x41975513) srai    a0, a4, 25
core   0: 3 0x80005bd8 (0x41975513) x10 0x00000001
core   0: 0x80005bdc (0x413d5a93) srai    s5, s10, 19
core   0: 3 0x80005bdc (0x413d5a93) x21 0x00000000
core   0: 0x80005be0 (0x92ad8713) addi    a4, s11, -1750
core   0: 3 0x80005be0 (0x92ad8713) x14 0x7ffff92a
core   0: 0x80005be4 (0x00b32933) slt     s2, t1, a1
core   0: 3 0x80005be4 (0x00b32933) x18 0x00000000
core   0: 0x80005be8 (0x02c1ed63) bltu    gp, a2, pc + 58
core   0: 3 0x80005be8 (0x02c1ed63)
core   0: 0x80005bec (0x41e0d733) sra     a4, ra, t5
core   0: 3 0x80005bec (0x41e0d733) x14 0xffffffff
core   0: 0x80005bf0 (0x00000001) c.nop
core   0: 3 0x80005bf0 (0x0001)
core   0: 0x80005bf2 (0x00008d89) c.sub   a1, a0
core   0: 3 0x80005bf2 (0x8d89) x11 0xa7bb3b4d
core   0: 0x80005bf4 (0x0000e119) c.bnez  a0, pc + 6
core   0: 3 0x80005bf4 (0xe119)
core   0: 0x80005bfa (0x00b4ed33) or      s10, s1, a1
core   0: 3 0x80005bfa (0x00b4ed33) x26 0xffffff4d
core   0: 0x80005bfe (0x03cb04b3) mul     s1, s6, t3
core   0: 3 0x80005bfe (0x03cb04b3) x9  0x00000000
core   0: 0x80005c02 (0x02d1d0b3) divu    ra, gp, a3
core   0: 3 0x80005c02 (0x02d1d0b3) x1  0x00000000
core   0: 0x80005c06 (0x02b55533) divu    a0, a0, a1
core   0: 3 0x80005c06 (0x02b55533) x10 0x00000000
core   0: 0x80005c0a (0x01b1dfb3) srl     t6, gp, s11
core   0: 3 0x80005c0a (0x01b1dfb3) x31 0xffffcf70
core   0: 0x80005c0e (0x00a0edb3) or      s11, ra, a0
core   0: 3 0x80005c0e (0x00a0edb3) x27 0x00000000
core   0: 0x80005c12 (0x40c700b3) sub     ra, a4, a2
core   0: 3 0x80005c12 (0x40c700b3) x1  0xfffffffe
core   0: 0x80005c16 (0x035cfdb3) remu    s11, s9, s5
core   0: 3 0x80005c16 (0x035cfdb3) x27 0x00000000
core   0: 0x80005c1a (0x00743033) sltu    zero, s0, t2
core   0: 3 0x80005c1a (0x00743033)
core   0: 0x80005c1e (0xdea5a593) slti    a1, a1, -534
core   0: 3 0x80005c1e (0xdea5a593) x11 0x00000001
core   0: 0x80005c22 (0x00000001) c.nop
core   0: 3 0x80005c22 (0x0001)
core   0: 0x80005c24 (0x0379e963) bltu    s3, s7, pc + 50
core   0: 3 0x80005c24 (0x0379e963)
core   0: 0x80005c56 (0x5bfb8d13) addi    s10, s7, 1471
core   0: 3 0x80005c56 (0x5bfb8d13) x26 0x41428ac0
core   0: 0x80005c5a (0x02e22bb3) mulhsu  s7, tp, a4
core   0: 3 0x80005c5a (0x02e22bb3) x23 0xffffffff
core   0: 0x80005c5e (0x01c96c63) bltu    s2, t3, pc + 24
core   0: 3 0x80005c5e (0x01c96c63)
core   0: 0x80005c62 (0x030c4163) blt     s8, a6, pc + 34
core   0: 3 0x80005c62 (0x030c4163)
core   0: 0x80005c84 (0x00000001) c.nop
core   0: 3 0x80005c84 (0x0001)
core   0: 0x80005c86 (0x00d172b3) and     t0, sp, a3
core   0: 3 0x80005c86 (0x00d172b3) x5  0x80029d24
core   0: 0x80005c8a (0x00008f19) c.sub   a4, a4
core   0: 3 0x80005c8a (0x8f19) x14 0x00000000
core   0: 0x80005c8c (0x0325d563) bge     a1, s2, pc + 42
core   0: 3 0x80005c8c (0x0325d563)
core   0: 0x80005cb6 (0x01bc7b33) and     s6, s8, s11
core   0: 3 0x80005cb6 (0x01bc7b33) x22 0x00000000
core   0: 0x80005cba (0x03ca2eb3) mulhsu  t4, s4, t3
core   0: 3 0x80005cba (0x03ca2eb3) x29 0x00000000
core   0: 0x80005cbe (0x00000baa) c.slli  s7, 10
core   0: 3 0x80005cbe (0x0baa) x23 0xfffffc00
core   0: 0x80005cc0 (0x00000001) c.nop
core   0: 3 0x80005cc0 (0x0001)
core   0: 0x80005cc2 (0x51120f93) addi    t6, tp, 1297
core   0: 3 0x80005cc2 (0x51120f93) x31 0x00000510
core   0: 0x80005cc6 (0x000082dd) c.srli  a3, 23
core   0: 3 0x80005cc6 (0x82dd) x13 0x000001ff
core   0: 0x80005cc8 (0x000009d6) c.slli  s3, 21
core   0: 3 0x80005cc8 (0x09d6) x19 0x00200000
core   0: 0x80005cca (0x0302d2b3) divu    t0, t0, a6
core   0: 3 0x80005cca (0x0302d2b3) x5  0x00000000
core   0: 0x80005cce (0x402d8333) sub     t1, s11, sp
core   0: 3 0x80005cce (0x402d8333) x6  0x7ffd62dc
core   0: 0x80005cd2 (0x03370263) beq     a4, s3, pc + 36
core   0: 3 0x80005cd2 (0x03370263)
core   0: 0x80005cd6 (0x00cd3333) sltu    t1, s10, a2
core   0: 3 0x80005cd6 (0x00cd3333) x6  0x00000000
core   0: 0x80005cda (0x00009afd) c.andi  a3, -1
core   0: 3 0x80005cda (0x9afd) x13 0x000001ff
core   0: 0x80005cdc (0x022a9b33) mulh    s6, s5, sp
core   0: 3 0x80005cdc (0x022a9b33) x22 0x00000000
core   0: 0x80005ce0 (0xfe88fb93) andi    s7, a7, -24
core   0: 3 0x80005ce0 (0xfe88fb93) x23 0xffffffe8
core   0: 0x80005ce4 (0x028f0333) mul     t1, t5, s0
core   0: 3 0x80005ce4 (0x028f0333) x6  0x00000000
core   0: 0x80005ce8 (0x033dd6b3) divu    a3, s11, s3
core   0: 3 0x80005ce8 (0x033dd6b3) x13 0x00000000
core   0: 0x80005cec (0x02ba1d33) mulh    s10, s4, a1
core   0: 3 0x80005cec (0x02ba1d33) x26 0xffffffff
core   0: 0x80005cf0 (0x01769b33) sll     s6, a3, s7
core   0: 3 0x80005cf0 (0x01769b33) x22 0x00000000
core   0: 0x80005cf4 (0x000081c9) c.srli  a1, 18
core   0: 3 0x80005cf4 (0x81c9) x11 0x00000000
core   0: 0x80005cf6 (0x0000197d) c.addi  s2, -1
core   0: 3 0x80005cf6 (0x197d) x18 0xffffffff
core   0: 0x80005cf8 (0x41cb8433) sub     s0, s7, t3
core   0: 3 0x80005cf8 (0x41cb8433) x8  0xffffffe8
core   0: 0x80005cfc (0x27cb3513) sltiu   a0, s6, 636
core   0: 3 0x80005cfc (0x27cb3513) x10 0x00000001
core   0: 0x80005d00 (0x002f91b3) sll     gp, t6, sp
core   0: 3 0x80005d00 (0x002f91b3) x3  0x00005100
core   0: 0x80005d04 (0x589d8e13) addi    t3, s11, 1417
core   0: 3 0x80005d04 (0x589d8e13) x28 0x00000589
core   0: 0x80005d08 (0x0000197d) c.addi  s2, -1
core   0: 3 0x80005d08 (0x197d) x18 0xfffffffe
core   0: 0x80005d0a (0x0000e629) c.bnez  a2, pc + 74
core   0: 3 0x80005d0a (0xe629)
core   0: 0x80005d54 (0x0397df33) divu    t5, a5, s9
core   0: 3 0x80005d54 (0x0397df33) x30 0xffffffff
core   0: 0x80005d58 (0x9c7c8813) addi    a6, s9, -1593
core   0: 3 0x80005d58 (0x9c7c8813) x16 0xfffff9c7
core   0: 0x80005d5c (0x0393ceb3) div     t4, t2, s9
core   0: 3 0x80005d5c (0x0393ceb3) x29 0xffffffff
core   0: 0x80005d60 (0x00005a7d) c.li    s4, -1
core   0: 3 0x80005d60 (0x5a7d) x20 0xffffffff
core   0: 0x80005d62 (0x032aebb3) rem     s7, s5, s2
core   0: 3 0x80005d62 (0x032aebb3) x23 0x00000000
core   0: 0x80005d66 (0x0000022d) c.addi  tp, 11
core   0: 3 0x80005d66 (0x022d) x4  0x0000000a
core   0: 0x80005d68 (0x000004ca) c.slli  s1, 18
core   0: 3 0x80005d68 (0x04ca) x9  0x00000000
core   0: 0x80005d6a (0x00000001) c.nop
core   0: 3 0x80005d6a (0x0001)
core   0: 0x80005d6c (0x0109cb33) xor     s6, s3, a6
core   0: 3 0x80005d6c (0x0109cb33) x22 0xffdff9c7
core   0: 0x80005d70 (0x408c5fb3) sra     t6, s8, s0
core   0: 3 0x80005d70 (0x408c5fb3) x31 0xff9f5780
core   0: 0x80005d74 (0xc4e23513) sltiu   a0, tp, -946
core   0: 3 0x80005d74 (0xc4e23513) x10 0x00000001
core   0: 0x80005d78 (0x000088a5) c.andi  s1, 9
core   0: 3 0x80005d78 (0x88a5) x9  0x00000000
core   0: 0x80005d7a (0x02764333) div     t1, a2, t2
core   0: 3 0x80005d7a (0x02764333) x6  0x00000000
core   0: 0x80005d7e (0x01561493) slli    s1, a2, 21
core   0: 3 0x80005d7e (0x01561493) x9  0x00200000
core   0: 0x80005d82 (0x411adbb3) sra     s7, s5, a7
core   0: 3 0x80005d82 (0x411adbb3) x23 0x00000000
core   0: 0x80005d86 (0x40675d13) srai    s10, a4, 6
core   0: 3 0x80005d86 (0x40675d13) x26 0x00000000
core   0: 0x80005d8a (0x00008d81) c.sub   a1, s0
core   0: 3 0x80005d8a (0x8d81) x11 0x00000018
core   0: 0x80005d8c (0x03f0c2b3) div     t0, ra, t6
core   0: 3 0x80005d8c (0x03f0c2b3) x5  0x00000000
core   0: 0x80005d90 (0x02926e33) rem     t3, tp, s1
core   0: 3 0x80005d90 (0x02926e33) x28 0x0000000a
core   0: 0x80005d94 (0x0000cc91) c.beqz  s1, pc + 28
core   0: 3 0x80005d94 (0xcc91)
core   0: 0x80005d96 (0x00008676) c.mv    a2, t4
core   0: 3 0x80005d96 (0x8676) x12 0xffffffff
core   0: 0x80005d98 (0x00129f93) slli    t6, t0, 1
core   0: 3 0x80005d98 (0x00129f93) x31 0x00000000
core   0: 0x80005d9c (0x00000001) c.nop
core   0: 3 0x80005d9c (0x0001)
core   0: 0x80005d9e (0x01229b93) slli    s7, t0, 18
core   0: 3 0x80005d9e (0x01229b93) x23 0x00000000
core   0: 0x80005da2 (0x00b87633) and     a2, a6, a1
core   0: 3 0x80005da2 (0x00b87633) x12 0x00000000
core   0: 0x80005da6 (0x00008f59) c.or    a4, a4
core   0: 3 0x80005da6 (0x8f59) x14 0x00000000
core   0: 0x80005da8 (0x02e2c433) div     s0, t0, a4
core   0: 3 0x80005da8 (0x02e2c433) x8  0xffffffff
core   0: 0x80005dac (0xcb70cd93) xori    s11, ra, -841
core   0: 3 0x80005dac (0xcb70cd93) x27 0x00000349
core   0: 0x80005db0 (0x0000658d) c.lui   a1, 0x3
core   0: 3 0x80005db0 (0x658d) x11 0x00003000
core   0: 0x80005db2 (0x01af6fb3) or      t6, t5, s10
core   0: 3 0x80005db2 (0x01af6fb3) x31 0xffffffff
core   0: 0x80005db6 (0x01befbb3) and     s7, t4, s11
core   0: 3 0x80005db6 (0x01befbb3) x23 0x00000349
core   0: 0x80005dba (0x002c88b3) add     a7, s9, sp
core   0: 3 0x80005dba (0x002c88b3) x17 0x80029d24
core   0: 0x80005dbe (0x00008e49) c.or    a2, a0
core   0: 3 0x80005dbe (0x8e49) x12 0x00000001
core   0: 0x80005dc0 (0x01472333) slt     t1, a4, s4
core   0: 3 0x80005dc0 (0x01472333) x6  0x00000000
core   0: 0x80005dc4 (0x0000664d) c.lui   a2, 0x13
core   0: 3 0x80005dc4 (0x664d) x12 0x00013000
core   0: 0x80005dc6 (0x27987193) andi    gp, a6, 633
core   0: 3 0x80005dc6 (0x27987193) x3  0x00000041
core   0: 0x80005dca (0x028f5cb3) divu    s9, t5, s0
core   0: 3 0x80005dca (0x028f5cb3) x25 0x00000001
core   0: 0x80005dce (0x01937763) bgeu    t1, s9, pc + 14
core   0: 3 0x80005dce (0x01937763)
core   0: 0x80005dd2 (0x00008e9d) c.sub   a3, a5
core   0: 3 0x80005dd2 (0x8e9d) x13 0x80000000
core   0: 0x80005dd4 (0x0fd5b193) sltiu   gp, a1, 253
core   0: 3 0x80005dd4 (0x0fd5b193) x3  0x00000000
core   0: 0x80005dd8 (0x41795993) srai    s3, s2, 23
core   0: 3 0x80005dd8 (0x41795993) x19 0xffffffff
core   0: 0x80005ddc (0x026d58b3) divu    a7, s10, t1
core   0: 3 0x80005ddc (0x026d58b3) x17 0xffffffff
core   0: 0x80005de0 (0x00431d93) slli    s11, t1, 4
core   0: 3 0x80005de0 (0x00431d93) x27 0x00000000
core   0: 0x80005de4 (0x00008c81) c.sub   s1, s0
core   0: 3 0x80005de4 (0x8c81) x9  0x00200001
core   0: 0x80005de6 (0x00000c42) c.slli  s8, 16
core   0: 3 0x80005de6 (0x0c42) x24 0x80000000
core   0: 0x80005de8 (0x0000ea81) c.bnez  a3, pc + 16
core   0: 3 0x80005de8 (0xea81)
core   0: 0x80005df8 (0x00000001) c.nop
core   0: 3 0x80005df8 (0x0001)
core   0: 0x80005dfa (0x01305593) srli    a1, zero, 19
core   0: 3 0x80005dfa (0x01305593) x11 0x00000000
core   0: 0x80005dfe (0x05755163) bge     a0, s7, pc + 66
core   0: 3 0x80005dfe (0x05755163)
core   0: 0x80005e02 (0x03979333) mulh    t1, a5, s9
core   0: 3 0x80005e02 (0x03979333) x6  0xffffffff
core   0: 0x80005e06 (0x0132e463) bltu    t0, s3, pc + 8
core   0: 3 0x80005e06 (0x0132e463)
core   0: 0x80005e0e (0x050a7a37) lui     s4, 0x50a7
core   0: 3 0x80005e0e (0x050a7a37) x20 0x050a7000
core   0: 0x80005e12 (0x000000fe) c.slli  ra, 31
core   0: 3 0x80005e12 (0x00fe) x1  0x00000000
core   0: 0x80005e14 (0x020296b3) mulh    a3, t0, zero
core   0: 3 0x80005e14 (0x020296b3) x13 0x00000000
core   0: 0x80005e18 (0x036e45b3) div     a1, t3, s6
core   0: 3 0x80005e18 (0x036e45b3) x11 0x00000000
core   0: 0x80005e1c (0x77672593) slti    a1, a4, 1910
core   0: 3 0x80005e1c (0x77672593) x11 0x00000001
core   0: 0x80005e20 (0x69610a93) addi    s5, sp, 1686
core   0: 3 0x80005e20 (0x69610a93) x21 0x8002a3ba
core   0: 0x80005e24 (0x00ddb533) sltu    a0, s11, a3
core   0: 3 0x80005e24 (0x00ddb533) x10 0x00000000
core   0: 0x80005e28 (0x00000331) c.addi  t1, 12
core   0: 3 0x80005e28 (0x0331) x6  0x0000000b
core   0: 0x80005e2a (0x038020b3) mulhsu  ra, zero, s8
core   0: 3 0x80005e2a (0x038020b3) x1  0x00000000
core   0: 0x80005e2e (0x00c56763) bltu    a0, a2, pc + 14
core   0: 3 0x80005e2e (0x00c56763)
core   0: 0x80005e3c (0x036be9b3) rem     s3, s7, s6
core   0: 3 0x80005e3c (0x036be9b3) x19 0x00000349
core   0: 0x80005e40 (0x00008de9) c.and   a1, a0
core   0: 3 0x80005e40 (0x8de9) x11 0x00000000
core   0: 0x80005e42 (0x00009a5a) c.add   s4, s6
core   0: 3 0x80005e42 (0x9a5a) x20 0x04ea69c7
core   0: 0x80005e44 (0x00005bfd) c.li    s7, -1
core   0: 3 0x80005e44 (0x5bfd) x23 0xffffffff
core   0: 0x80005e46 (0x0137ac33) slt     s8, a5, s3
core   0: 3 0x80005e46 (0x0137ac33) x24 0x00000001
core   0: 0x80005e4a (0x00000001) c.nop
core   0: 3 0x80005e4a (0x0001)
core   0: 0x80005e4c (0x00e55193) srli    gp, a0, 14
core   0: 3 0x80005e4c (0x00e55193) x3  0x00000000
core   0: 0x80005e50 (0x018dda63) bge     s11, s8, pc + 20
core   0: 3 0x80005e50 (0x018dda63)
core   0: 0x80005e54 (0x40515333) sra     t1, sp, t0
core   0: 3 0x80005e54 (0x40515333) x6  0x80029d24
core   0: 0x80005e58 (0x00000001) c.nop
core   0: 3 0x80005e58 (0x0001)
core   0: 0x80005e5a (0x00d08d33) add     s10, ra, a3
core   0: 3 0x80005e5a (0x00d08d33) x26 0x00000000
core   0: 0x80005e5e (0x0000e205) c.bnez  a2, pc + 32
core   0: 3 0x80005e5e (0xe205)
core   0: 0x80005e7e (0xc6d1e017) auipc   zero, 0xc6d1e
core   0: 3 0x80005e7e (0xc6d1e017)
core   0: 0x80005e82 (0x33e97537) lui     a0, 0x33e97
core   0: 3 0x80005e82 (0x33e97537) x10 0x33e97000
core   0: 0x80005e86 (0x000080c9) c.srli  s1, 18
core   0: 3 0x80005e86 (0x80c9) x9  0x00000008
core   0: 0x80005e88 (0x01985313) srli    t1, a6, 25
core   0: 3 0x80005e88 (0x01985313) x6  0x0000007f
core   0: 0x80005e8c (0x0000440d) c.li    s0, 3
core   0: 3 0x80005e8c (0x440d) x8  0x00000003
core   0: 0x80005e8e (0x5b3ce293) ori     t0, s9, 1459
core   0: 3 0x80005e8e (0x5b3ce293) x5  0x000005b3
core   0: 0x80005e92 (0x50748597) auipc   a1, 0x50748
core   0: 3 0x80005e92 (0x50748597) x11 0xd074de92
core   0: 0x80005e96 (0x034df033) remu    zero, s11, s4
core   0: 3 0x80005e96 (0x034df033)
core   0: 0x80005e9a (0x000086f1) c.srai  a3, 28
core   0: 3 0x80005e9a (0x86f1) x13 0x00000000
core   0: 0x80005e9c (0x01b42833) slt     a6, s0, s11
core   0: 3 0x80005e9c (0x01b42833) x16 0x00000000
core   0: 0x80005ea0 (0x007b9263) bne     s7, t2, pc + 4
core   0: 3 0x80005ea0 (0x007b9263)
core   0: 0x80005ea4 (0x41348db3) sub     s11, s1, s3
core   0: 3 0x80005ea4 (0x41348db3) x27 0xfffffcbf
core   0: 0x80005ea8 (0x00008e35) c.xor   a2, a3
core   0: 3 0x80005ea8 (0x8e35) x12 0x00013000
core   0: 0x80005eaa (0x2124d1b7) lui     gp, 0x2124d
core   0: 3 0x80005eaa (0x2124d1b7) x3  0x2124d000
core   0: 0x80005eae (0x004e82b3) add     t0, t4, tp
core   0: 3 0x80005eae (0x004e82b3) x5  0x00000009
core   0: 0x80005eb2 (0x00008885) c.andi  s1, 1
core   0: 3 0x80005eb2 (0x8885) x9  0x00000000
core   0: 0x80005eb4 (0x01605193) srli    gp, zero, 22
core   0: 3 0x80005eb4 (0x01605193) x3  0x00000000
core   0: 0x80005eb8 (0x00008355) c.srli  a4, 21
core   0: 3 0x80005eb8 (0x8355) x14 0x00000000
core   0: 0x80005eba (0x00008411) c.srai  s0, 4
core   0: 3 0x80005eba (0x8411) x8  0x00000000
core   0: 0x80005ebc (0x039a4933) div     s2, s4, s9
core   0: 3 0x80005ebc (0x039a4933) x18 0x04ea69c7
core   0: 0x80005ec0 (0x41a68cb3) sub     s9, a3, s10
core   0: 3 0x80005ec0 (0x41a68cb3) x25 0x00000000
core   0: 0x80005ec4 (0x0000157d) c.addi  a0, -1
core   0: 3 0x80005ec4 (0x157d) x10 0x33e96fff
core   0: 0x80005ec6 (0x00000215) c.addi  tp, 5
core   0: 3 0x80005ec6 (0x0215) x4  0x0000000f
core   0: 0x80005ec8 (0x02d5b0b3) mulhu   ra, a1, a3
core   0: 3 0x80005ec8 (0x02d5b0b3) x1  0x00000000
core   0: 0x80005ecc (0x00006689) c.lui   a3, 0x2
core   0: 3 0x80005ecc (0x6689) x13 0x00002000
core   0: 0x80005ece (0x91800913) li      s2, -1768
core   0: 3 0x80005ece (0x91800913) x18 0xfffff918
core   0: 0x80005ed2 (0x00dec433) xor     s0, t4, a3
core   0: 3 0x80005ed2 (0x00dec433) x8  0xffffdfff
core   0: 0x80005ed6 (0x01875b93) srli    s7, a4, 24
core   0: 3 0x80005ed6 (0x01875b93) x23 0x00000000
core   0: 0x80005eda (0x03381033) mulh    zero, a6, s3
core   0: 3 0x80005eda (0x03381033)
core   0: 0x80005ede (0x00c4dab3) srl     s5, s1, a2
core   0: 3 0x80005ede (0x00c4dab3) x21 0x00000000
core   0: 0x80005ee2 (0x023005b3) mul     a1, zero, gp
core   0: 3 0x80005ee2 (0x023005b3) x11 0x00000000
core   0: 0x80005ee6 (0x3f57a193) slti    gp, a5, 1013
core   0: 3 0x80005ee6 (0x3f57a193) x3  0x00000001
core   0: 0x80005eea (0x00008ca5) c.xor   s1, s1
core   0: 3 0x80005eea (0x8ca5) x9  0x00000000
core   0: 0x80005eec (0x00008f19) c.sub   a4, a4
core   0: 3 0x80005eec (0x8f19) x14 0x00000000
core   0: 0x80005eee (0x01352733) slt     a4, a0, s3
core   0: 3 0x80005eee (0x01352733) x14 0x00000000
core   0: 0x80005ef2 (0x00000001) c.nop
core   0: 3 0x80005ef2 (0x0001)
core   0: 0x80005ef4 (0x01b48ab3) add     s5, s1, s11
core   0: 3 0x80005ef4 (0x01b48ab3) x21 0xfffffcbf
core   0: 0x80005ef8 (0x0000863d) c.srai  a2, 15
core   0: 3 0x80005ef8 (0x863d) x12 0x00000002
core   0: 0x80005efa (0x00008aba) c.mv    s5, a4
core   0: 3 0x80005efa (0x8aba) x21 0x00000000
core   0: 0x80005efc (0x008ef463) bgeu    t4, s0, pc + 8
core   0: 3 0x80005efc (0x008ef463)
core   0: 0x80005f04 (0x410b0bb3) sub     s7, s6, a6
core   0: 3 0x80005f04 (0x410b0bb3) x23 0xffdff9c7
core   0: 0x80005f08 (0x1119f293) andi    t0, s3, 273
core   0: 3 0x80005f08 (0x1119f293) x5  0x00000101
core   0: 0x80005f0c (0x00535093) srli    ra, t1, 5
core   0: 3 0x80005f0c (0x00535093) x1  0x00000003
core   0: 0x80005f10 (0x025d5fb3) divu    t6, s10, t0
core   0: 3 0x80005f10 (0x025d5fb3) x31 0x00000000
core   0: 0x80005f14 (0x00000001) c.nop
core   0: 3 0x80005f14 (0x0001)
core   0: 0x80005f16 (0x00a350b3) srl     ra, t1, a0
core   0: 3 0x80005f16 (0x00a350b3) x1  0x00000000
core   0: 0x80005f1a (0x000081e1) c.srli  a1, 24
core   0: 3 0x80005f1a (0x81e1) x11 0x00000000
core   0: 0x80005f1c (0x003a84b3) add     s1, s5, gp
core   0: 3 0x80005f1c (0x003a84b3) x9  0x00000001
core   0: 0x80005f20 (0x0330ba33) mulhu   s4, ra, s3
core   0: 3 0x80005f20 (0x0330ba33) x20 0x00000000
core   0: 0x80005f24 (0xa5466213) ori     tp, a2, -1452
core   0: 3 0x80005f24 (0xa5466213) x4  0xfffffa56
core   0: 0x80005f28 (0x6ea32a13) slti    s4, t1, 1770
core   0: 3 0x80005f28 (0x6ea32a13) x20 0x00000001
core   0: 0x80005f2c (0x03cb18b3) mulh    a7, s6, t3
core   0: 3 0x80005f2c (0x03cb18b3) x17 0xffffffff
core   0: 0x80005f30 (0x00000001) c.nop
core   0: 3 0x80005f30 (0x0001)
core   0: 0x80005f32 (0x000080b9) c.srli  s1, 14
core   0: 3 0x80005f32 (0x80b9) x9  0x00000000
core   0: 0x80005f34 (0x00008c09) c.sub   s0, a0
core   0: 3 0x80005f34 (0x8c09) x8  0xcc167000
core   0: 0x80005f36 (0x03cc5db3) divu    s11, s8, t3
core   0: 3 0x80005f36 (0x03cc5db3) x27 0x00000000
core   0: 0x80005f3a (0x02b8f863) bgeu    a7, a1, pc + 48
core   0: 3 0x80005f3a (0x02b8f863)
core   0: 0x80005f6a (0x00be5db3) srl     s11, t3, a1
core   0: 3 0x80005f6a (0x00be5db3) x27 0x0000000a
core   0: 0x80005f6e (0x000095b2) c.add   a1, a2
core   0: 3 0x80005f6e (0x95b2) x11 0x00000002
core   0: 0x80005f70 (0x0000c609) c.beqz  a2, pc + 10
core   0: 3 0x80005f70 (0xc609)
core   0: 0x80005f72 (0x0000ee9d) c.bnez  a3, pc + 62
core   0: 3 0x80005f72 (0xee9d)
core   0: 0x80005fb0 (0x02291063) bne     s2, sp, pc + 32
core   0: 3 0x80005fb0 (0x02291063)
core   0: 0x80005fd0 (0x00008e7d) c.and   a2, a5
core   0: 3 0x80005fd0 (0x8e7d) x12 0x00000000
core   0: 0x80005fd2 (0x21582693) slti    a3, a6, 533
core   0: 3 0x80005fd2 (0x21582693) x13 0x00000001
core   0: 0x80005fd6 (0xca1c4f37) lui     t5, 0xca1c4
core   0: 3 0x80005fd6 (0xca1c4f37) x30 0xca1c4000
core   0: 0x80005fda (0x02ca4263) blt     s4, a2, pc + 36
core   0: 3 0x80005fda (0x02ca4263)
core   0: 0x80005fde (0x02cdc663) blt     s11, a2, pc + 44
core   0: 3 0x80005fde (0x02cdc663)
core   0: 0x80005fe2 (0x000085be) c.mv    a1, a5
core   0: 3 0x80005fe2 (0x85be) x11 0x80000000
core   0: 0x80005fe4 (0x05004063) blt     zero, a6, pc + 64
core   0: 3 0x80005fe4 (0x05004063)
core   0: 0x80005fe8 (0x40c70c33) sub     s8, a4, a2
core   0: 3 0x80005fe8 (0x40c70c33) x24 0x00000000
core   0: 0x80005fec (0x5091a813) slti    a6, gp, 1289
core   0: 3 0x80005fec (0x5091a813) x16 0x00000001
core   0: 0x80005ff0 (0x00008649) c.srai  a2, 18
core   0: 3 0x80005ff0 (0x8649) x12 0x00000000
core   0: 0x80005ff2 (0x000080b9) c.srli  s1, 14
core   0: 3 0x80005ff2 (0x80b9) x9  0x00000000
core   0: 0x80005ff4 (0xa0c36037) lui     zero, 0xa0c36
core   0: 3 0x80005ff4 (0xa0c36037)
core   0: 0x80005ff8 (0x028a61b3) rem     gp, s4, s0
core   0: 3 0x80005ff8 (0x028a61b3) x3  0x00000001
core   0: 0x80005ffc (0x00008ce9) c.and   s1, a0
core   0: 3 0x80005ffc (0x8ce9) x9  0x00000000
core   0: 0x80005ffe (0xd2523613) sltiu   a2, tp, -731
core   0: 3 0x80005ffe (0xd2523613) x12 0x00000001
core   0: 0x80006002 (0x000081d1) c.srli  a1, 20
core   0: 3 0x80006002 (0x81d1) x11 0x00000800
core   0: 0x80006004 (0x00c279b3) and     s3, tp, a2
core   0: 3 0x80006004 (0x00c279b3) x19 0x00000000
core   0: 0x80006008 (0x00000272) c.slli  tp, 28
core   0: 3 0x80006008 (0x0272) x4  0x60000000
core   0: 0x8000600a (0x00008de1) c.and   a1, s0
core   0: 3 0x8000600a (0x8de1) x11 0x00000000
core   0: 0x8000600c (0x0051c933) xor     s2, gp, t0
core   0: 3 0x8000600c (0x0051c933) x18 0x00000100
core   0: 0x80006010 (0x0159b5b3) sltu    a1, s3, s5
core   0: 3 0x80006010 (0x0159b5b3) x11 0x00000000
core   0: 0x80006014 (0x036e34b3) mulhu   s1, t3, s6
core   0: 3 0x80006014 (0x036e34b3) x9  0x00000009
core   0: 0x80006018 (0x028e36b3) mulhu   a3, t3, s0
core   0: 3 0x80006018 (0x028e36b3) x13 0x00000007
core   0: 0x8000601c (0x84054f13) xori    t5, a0, -1984
core   0: 3 0x8000601c (0x84054f13) x30 0xcc1697bf
core   0: 0x80006020 (0x0de0cf93) xori    t6, ra, 222
core   0: 3 0x80006020 (0x0de0cf93) x31 0x000000de
core   0: 0x80006024 (0x005f5313) srli    t1, t5, 5
core   0: 3 0x80006024 (0x005f5313) x6  0x0660b4bd
core   0: 0x80006028 (0x03025263) bge     tp, a6, pc + 36
core   0: 3 0x80006028 (0x03025263)
core   0: 0x8000604c (0x63057d13) andi    s10, a0, 1584
core   0: 3 0x8000604c (0x63057d13) x26 0x00000630
core   0: 0x80006050 (0x00000f96) c.slli  t6, 5
core   0: 3 0x80006050 (0x0f96) x31 0x00001bc0
core   0: 0x80006052 (0x0037c933) xor     s2, a5, gp
core   0: 3 0x80006052 (0x0037c933) x18 0x80000001
core   0: 0x80006056 (0x033ea833) mulhsu  a6, t4, s3
core   0: 3 0x80006056 (0x033ea833) x16 0x00000000
core   0: 0x8000605a (0x00008ec1) c.or    a3, s0
core   0: 3 0x8000605a (0x8ec1) x13 0xcc167007
core   0: 0x8000605c (0x00965a93) srli    s5, a2, 9
core   0: 3 0x8000605c (0x00965a93) x21 0x00000000
core   0: 0x80006060 (0x02a20db3) mul     s11, tp, a0
core   0: 3 0x80006060 (0x02a20db3) x27 0xa0000000
core   0: 0x80006064 (0x00162233) slt     tp, a2, ra
core   0: 3 0x80006064 (0x00162233) x4  0x00000000
core   0: 0x80006068 (0x00008d61) c.and   a0, s0
core   0: 3 0x80006068 (0x8d61) x10 0x00006000
core   0: 0x8000606a (0x021690b3) mulh    ra, a3, ra
core   0: 3 0x8000606a (0x021690b3) x1  0x00000000
core   0: 0x8000606e (0xc1f6c213) xori    tp, a3, -993
core   0: 3 0x8000606e (0xc1f6c213) x4  0x33e98c18
core   0: 0x80006072 (0x35f1e293) ori     t0, gp, 863
core   0: 3 0x80006072 (0x35f1e293) x5  0x0000035f
core   0: 0x80006076 (0x0000c701) c.beqz  a4, pc + 8
core   0: 3 0x80006076 (0xc701)
core   0: 0x8000607e (0x016b86b3) add     a3, s7, s6
core   0: 3 0x8000607e (0x016b86b3) x13 0xffbff38e
core   0: 0x80006082 (0x00008e71) c.and   a2, a2
core   0: 3 0x80006082 (0x8e71) x12 0x00000001
core   0: 0x80006084 (0x01e7ef33) or      t5, a5, t5
core   0: 3 0x80006084 (0x01e7ef33) x30 0xcc1697bf
core   0: 0x80006088 (0x0000807d) c.srli  s0, 31
core   0: 3 0x80006088 (0x807d) x8  0x00000001
core   0: 0x8000608a (0x013f91b3) sll     gp, t6, s3
core   0: 3 0x8000608a (0x013f91b3) x3  0x00001bc0
core   0: 0x8000608e (0x0000984a) c.add   a6, s2
core   0: 3 0x8000608e (0x984a) x16 0x80000001
core   0: 0x80006090 (0x03daf733) remu    a4, s5, t4
core   0: 3 0x80006090 (0x03daf733) x14 0x00000000
core   0: 0x80006094 (0x00008ead) c.xor   a3, a1
core   0: 3 0x80006094 (0x8ead) x13 0xffbff38e
core   0: 0x80006096 (0x005642b3) xor     t0, a2, t0
core   0: 3 0x80006096 (0x005642b3) x5  0x0000035e
core   0: 0x8000609a (0x0285cdb3) div     s11, a1, s0
core   0: 3 0x8000609a (0x0285cdb3) x27 0x00000000
core   0: 0x8000609e (0x8713a513) slti    a0, t2, -1935
core   0: 3 0x8000609e (0x8713a513) x10 0x00000001
core   0: 0x800060a2 (0x038e7633) remu    a2, t3, s8
core   0: 3 0x800060a2 (0x038e7633) x12 0x0000000a
core   0: 0x800060a6 (0x011d2cb3) slt     s9, s10, a7
core   0: 3 0x800060a6 (0x011d2cb3) x25 0x00000000
core   0: 0x800060aa (0x000094fe) c.add   s1, t6
core   0: 3 0x800060aa (0x94fe) x9  0x00001bc9
core   0: 0x800060ac (0x1988c593) xori    a1, a7, 408
core   0: 3 0x800060ac (0x1988c593) x11 0xfffffe67
core   0: 0x800060b0 (0x01d1d4b3) srl     s1, gp, t4
core   0: 3 0x800060b0 (0x01d1d4b3) x9  0x00000000
core   0: 0x800060b4 (0x01b00863) beq     zero, s11, pc + 16
core   0: 3 0x800060b4 (0x01b00863)
core   0: 0x800060c4 (0x00004549) c.li    a0, 18
core   0: 3 0x800060c4 (0x4549) x10 0x00000012
core   0: 0x800060c6 (0x01d66f63) bltu    a2, t4, pc + 30
core   0: 3 0x800060c6 (0x01d66f63)
core   0: 0x800060e4 (0x03578763) beq     a5, s5, pc + 46
core   0: 3 0x800060e4 (0x03578763)
core   0: 0x800060e8 (0x0000127d) c.addi  tp, -1
core   0: 3 0x800060e8 (0x127d) x4  0x33e98c17
core   0: 0x800060ea (0x418f5193) srai    gp, t5, 24
core   0: 3 0x800060ea (0x418f5193) x3  0xffffffcc
core   0: 0x800060ee (0x288b7537) lui     a0, 0x288b7
core   0: 3 0x800060ee (0x288b7537) x10 0x288b7000
core   0: 0x800060f2 (0x00008e19) c.sub   a2, a4
core   0: 3 0x800060f2 (0x8e19) x12 0x0000000a
core   0: 0x800060f4 (0x00008e8d) c.sub   a3, a1
core   0: 3 0x800060f4 (0x8e8d) x13 0xffbff527
core   0: 0x800060f6 (0x40d4d913) srai    s2, s1, 13
core   0: 3 0x800060f6 (0x40d4d913) x18 0x00000000
core   0: 0x800060fa (0x91c57a13) andi    s4, a0, -1764
core   0: 3 0x800060fa (0x91c57a13) x20 0x288b7000
core   0: 0x800060fe (0x02e916b3) mulh    a3, s2, a4
core   0: 3 0x800060fe (0x02e916b3) x13 0x00000000
core   0: 0x80006102 (0x00000c12) c.slli  s8, 4
core   0: 3 0x80006102 (0x0c12) x24 0x00000000
core   0: 0x80006104 (0x00000001) c.nop
core   0: 3 0x80006104 (0x0001)
core   0: 0x80006106 (0x00000001) c.nop
core   0: 3 0x80006106 (0x0001)
core   0: 0x80006108 (0x012224b3) slt     s1, tp, s2
core   0: 3 0x80006108 (0x012224b3) x9  0x00000000
core   0: 0x8000610c (0x00009b8a) c.add   s7, sp
core   0: 3 0x8000610c (0x9b8a) x23 0x7fe296eb
core   0: 0x8000610e (0x02ad8263) beq     s11, a0, pc + 36
core   0: 3 0x8000610e (0x02ad8263)
core   0: 0x80006112 (0x417904b3) sub     s1, s2, s7
core   0: 3 0x80006112 (0x417904b3) x9  0x801d6915
core   0: 0x80006116 (0x00008f45) c.or    a4, s1
core   0: 3 0x80006116 (0x8f45) x14 0x801d6915
core   0: 0x80006118 (0x6f7ee637) lui     a2, 0x6f7ee
core   0: 3 0x80006118 (0x6f7ee637) x12 0x6f7ee000
core   0: 0x8000611c (0xde8f8b93) addi    s7, t6, -536
core   0: 3 0x8000611c (0xde8f8b93) x23 0x000019a8
core   0: 0x80006120 (0x030c3733) mulhu   a4, s8, a6
core   0: 3 0x80006120 (0x030c3733) x14 0x00000000
core   0: 0x80006124 (0x038166b3) rem     a3, sp, s8
core   0: 3 0x80006124 (0x038166b3) x13 0x80029d24
core   0: 0x80006128 (0x03ffdf63) bge     t6, t6, pc + 62
core   0: 3 0x80006128 (0x03ffdf63)
core   0: 0x80006166 (0xb4dc7b13) andi    s6, s8, -1203
core   0: 3 0x80006166 (0xb4dc7b13) x22 0x00000000
core   0: 0x8000616a (0x020becb3) rem     s9, s7, zero
core   0: 3 0x8000616a (0x020becb3) x25 0x000019a8
core   0: 0x8000616e (0x032642b3) div     t0, a2, s2
core   0: 3 0x8000616e (0x032642b3) x5  0xffffffff
core   0: 0x80006172 (0x01739363) bne     t2, s7, pc + 6
core   0: 3 0x80006172 (0x01739363)
core   0: 0x80006178 (0x02c71033) mulh    zero, a4, a2
core   0: 3 0x80006178 (0x02c71033)
core   0: 0x8000617c (0xde18f693) andi    a3, a7, -543
core   0: 3 0x8000617c (0xde18f693) x13 0xfffffde1
core   0: 0x80006180 (0x408f0d33) sub     s10, t5, s0
core   0: 3 0x80006180 (0x408f0d33) x26 0xcc1697be
core   0: 0x80006184 (0x00009742) c.add   a4, a6
core   0: 3 0x80006184 (0x9742) x14 0x80000001
core   0: 0x80006186 (0x01c4d533) srl     a0, s1, t3
core   0: 3 0x80006186 (0x01c4d533) x10 0x0020075a
core   0: 0x8000618a (0x024b1033) mulh    zero, s6, tp
core   0: 3 0x8000618a (0x024b1033)
core   0: 0x8000618e (0x00008b79) c.andi  a4, 30
core   0: 3 0x8000618e (0x8b79) x14 0x00000000
core   0: 0x80006190 (0xe11aca13) xori    s4, s5, -495
core   0: 3 0x80006190 (0xe11aca13) x20 0xfffffe11
core   0: 0x80006194 (0x0302a5b3) mulhsu  a1, t0, a6
core   0: 3 0x80006194 (0x0302a5b3) x11 0xffffffff
core   0: 0x80006198 (0x0000ea15) c.bnez  a2, pc + 52
core   0: 3 0x80006198 (0xea15)
core   0: 0x800061cc (0x00009716) c.add   a4, t0
core   0: 3 0x800061cc (0x9716) x14 0xffffffff
core   0: 0x800061ce (0x6c04b513) sltiu   a0, s1, 1728
core   0: 3 0x800061ce (0x6c04b513) x10 0x00000000
core   0: 0x800061d2 (0x00bbcbb3) xor     s7, s7, a1
core   0: 3 0x800061d2 (0x00bbcbb3) x23 0xffffe657
core   0: 0x800061d6 (0x03fb3bb3) mulhu   s7, s6, t6
core   0: 3 0x800061d6 (0x03fb3bb3) x23 0x00000000
core   0: 0x800061da (0x00000001) c.nop
core   0: 3 0x800061da (0x0001)
core   0: 0x800061dc (0x0000157d) c.addi  a0, -1
core   0: 3 0x800061dc (0x157d) x10 0xffffffff
core   0: 0x800061de (0x67b54617) auipc   a2, 0x67b54
core   0: 3 0x800061de (0x67b54617) x12 0xe7b5a1de
core   0: 0x800061e2 (0x000046fd) c.li    a3, 31
core   0: 3 0x800061e2 (0x46fd) x13 0x0000001f
core   0: 0x800061e4 (0x0000997d) c.andi  a0, -1
core   0: 3 0x800061e4 (0x997d) x10 0xffffffff
core   0: 0x800061e6 (0x009b6663) bltu    s6, s1, pc + 12
core   0: 3 0x800061e6 (0x009b6663)
core   0: 0x800061f2 (0x00001bfd) c.addi  s7, -1
core   0: 3 0x800061f2 (0x1bfd) x23 0xffffffff
core   0: 0x800061f4 (0x41bdd033) sra     zero, s11, s11
core   0: 3 0x800061f4 (0x41bdd033)
core   0: 0x800061f8 (0x00009b7d) c.andi  a4, -1
core   0: 3 0x800061f8 (0x9b7d) x14 0xffffffff
core   0: 0x800061fa (0x8c734f97) auipc   t6, 0x8c734
core   0: 3 0x800061fa (0x8c734f97) x31 0x0c73a1fa
core   0: 0x800061fe (0x00008f39) c.xor   a4, a4
core   0: 3 0x800061fe (0x8f39) x14 0x00000000
core   0: 0x80006200 (0x0142aab3) slt     s5, t0, s4
core   0: 3 0x80006200 (0x0142aab3) x21 0x00000000
core   0: 0x80006204 (0x9a45a813) slti    a6, a1, -1628
core   0: 3 0x80006204 (0x9a45a813) x16 0x00000000
core   0: 0x80006208 (0x0000ad97) auipc   s11, 0xa
core   0: 3 0x80006208 (0x0000ad97) x27 0x80010208
core   0: 0x8000620c (0x498d8d93) addi    s11, s11, 1176
core   0: 3 0x8000620c (0x498d8d93) x27 0x800106a0
core   0: 0x80006210 (0x0000987d) c.andi  s0, -1
core   0: 3 0x80006210 (0x987d) x8  0x00000001
core   0: 0x80006212 (0x00008f61) c.and   a4, s0
core   0: 3 0x80006212 (0x8f61) x14 0x00000000
core   0: 0x80006214 (0x00008121) c.srli  a0, 8
core   0: 3 0x80006214 (0x8121) x10 0x00ffffff
core   0: 0x80006216 (0x0104b433) sltu    s0, s1, a6
core   0: 3 0x80006216 (0x0104b433) x8  0x00000000
core   0: 0x8000621a (0x030b8b33) mul     s6, s7, a6
core   0: 3 0x8000621a (0x030b8b33) x22 0x00000000
core   0: 0x8000621e (0x001d8d03) lb      s10, 1(s11)
core   0: 3 0x8000621e (0x001d8d03) x26 0x00000022 mem 0x800106a1
core   0: 0x80006222 (0x008d8623) sb      s0, 12(s11)
core   0: 3 0x80006222 (0x008d8623) mem 0x800106ac 0x00
core   0: 0x80006226 (0xfe7d8da3) sb      t2, -5(s11)
core   0: 3 0x80006226 (0xfe7d8da3) mem 0x8001069b 0xa4
core   0: 0x8000622a (0xa5cdb897) auipc   a7, 0xa5cdb
core   0: 3 0x8000622a (0xa5cdb897) x17 0x25ce122a
core   0: 0x8000622e (0x00ddc983) lbu     s3, 13(s11)
core   0: 3 0x8000622e (0x00ddc983) x19 0x00000078 mem 0x800106ad
core   0: 0x80006232 (0xff7d8203) lb      tp, -9(s11)
core   0: 3 0x80006232 (0xff7d8203) x4  0x00000000 mem 0x80010697
core   0: 0x80006236 (0x00fdc703) lbu     a4, 15(s11)
core   0: 3 0x80006236 (0x00fdc703) x14 0x000000aa mem 0x800106af
core   0: 0x8000623a (0x00adc583) lbu     a1, 10(s11)
core   0: 3 0x8000623a (0x00adc583) x11 0x00000055 mem 0x800106aa
core   0: 0x8000623e (0x001dc203) lbu     tp, 1(s11)
core   0: 3 0x8000623e (0x001dc203) x4  0x00000022 mem 0x800106a1
core   0: 0x80006242 (0xfe9d8b23) sb      s1, -10(s11)
core   0: 3 0x80006242 (0xfe9d8b23) mem 0x80010696 0x15
core   0: 0x80006246 (0x00cda023) sw      a2, 0(s11)
core   0: 3 0x80006246 (0x00cda023) mem 0x800106a0 0xe7b5a1de
core   0: 0x8000624a (0x009dc583) lbu     a1, 9(s11)
core   0: 3 0x8000624a (0x009dc583) x11 0x00000027 mem 0x800106a9
core   0: 0x8000624e (0x01ed85a3) sb      t5, 11(s11)
core   0: 3 0x8000624e (0x01ed85a3) mem 0x800106ab 0xbf
core   0: 0x80006252 (0x40ea5c13) srai    s8, s4, 14
core   0: 3 0x80006252 (0x40ea5c13) x24 0xffffffff
core   0: 0x80006256 (0x6e2b5897) auipc   a7, 0x6e2b5
core   0: 3 0x80006256 (0x6e2b5897) x17 0xee2bb256
core   0: 0x8000625a (0x021a6e33) rem     t3, s4, ra
core   0: 3 0x8000625a (0x021a6e33) x28 0xfffffe11
core   0: 0x8000625e (0x001d8f83) lb      t6, 1(s11)
core   0: 3 0x8000625e (0x001d8f83) x31 0xffffffa1 mem 0x800106a1
core   0: 0x80006262 (0x40805c33) sra     s8, zero, s0
core   0: 3 0x80006262 (0x40805c33) x24 0x00000000
core   0: 0x80006266 (0xf23b3e13) sltiu   t3, s6, -221
core   0: 3 0x80006266 (0xf23b3e13) x28 0x00000001
core   0: 0x8000626a (0x00008d91) c.sub   a1, a2
core   0: 3 0x8000626a (0x8d91) x11 0x184a5e49
core   0: 0x8000626c (0x010d9d03) lh      s10, 16(s11)
core   0: 3 0x8000626c (0x010d9d03) x26 0x00000c7e mem 0x800106b0
core   0: 0x80006270 (0xffcd8a23) sb      t3, -12(s11)
core   0: 3 0x80006270 (0xffcd8a23) mem 0x80010694 0x01
core   0: 0x80006274 (0x006dd503) lhu     a0, 6(s11)
core   0: 3 0x80006274 (0x006dd503) x10 0x0000271a mem 0x800106a6
core   0: 0x80006278 (0x006d8723) sb      t1, 14(s11)
core   0: 3 0x80006278 (0x006d8723) mem 0x800106ae 0xbd
core   0: 0x8000627c (0xff4d8203) lb      tp, -12(s11)
core   0: 3 0x8000627c (0xff4d8203) x4  0x00000001 mem 0x80010694
core   0: 0x80006280 (0x00008f69) c.and   a4, a0
core   0: 3 0x80006280 (0x8f69) x14 0x0000000a
core   0: 0x80006282 (0x0000825e) c.mv    tp, s7
core   0: 3 0x80006282 (0x825e) x4  0xffffffff
core   0: 0x80006284 (0x00008326) c.mv    t1, s1
core   0: 3 0x80006284 (0x8326) x6  0x801d6915
core   0: 0x80006286 (0xff9d8a83) lb      s5, -7(s11)
core   0: 3 0x80006286 (0xff9d8a83) x21 0x00000008 mem 0x80010699
core   0: 0x8000628a (0x00841213) slli    tp, s0, 8
core   0: 3 0x8000628a (0x00841213) x4  0x00000000
core   0: 0x8000628e (0x000086d9) c.srai  a3, 22
core   0: 3 0x8000628e (0x86d9) x13 0x00000000
core   0: 0x80006290 (0x0289ef33) rem     t5, s3, s0
core   0: 3 0x80006290 (0x0289ef33) x30 0x00000078
core   0: 0x80006294 (0x02174533) div     a0, a4, ra
core   0: 3 0x80006294 (0x02174533) x10 0xffffffff
core   0: 0x80006298 (0x03e0bbb3) mulhu   s7, ra, t5
core   0: 3 0x80006298 (0x03e0bbb3) x23 0x00000000
core   0: 0x8000629c (0x00008e15) c.sub   a2, a3
core   0: 3 0x8000629c (0x8e15) x12 0xe7b5a1de
core   0: 0x8000629e (0x000092b2) c.add   t0, a2
core   0: 3 0x8000629e (0x92b2) x5  0xe7b5a1dd
core   0: 0x800062a0 (0x035784b3) mul     s1, a5, s5
core   0: 3 0x800062a0 (0x035784b3) x9  0x00000000
core   0: 0x800062a4 (0x000082fe) c.mv    t0, t6
core   0: 3 0x800062a4 (0x82fe) x5  0xffffffa1
core   0: 0x800062a6 (0x0000682d) c.lui   a6, 0xb
core   0: 3 0x800062a6 (0x682d) x16 0x0000b000
core   0: 0x800062a8 (0x00005bfd) c.li    s7, -1
core   0: 3 0x800062a8 (0x5bfd) x23 0xffffffff
core   0: 0x800062aa (0x00ee9f63) bne     t4, a4, pc + 30
core   0: 3 0x800062aa (0x00ee9f63)
core   0: 0x800062c8 (0x01a2d663) bge     t0, s10, pc + 12
core   0: 3 0x800062c8 (0x01a2d663)
core   0: 0x800062cc (0x00008f5d) c.or    a4, a5
core   0: 3 0x800062cc (0x8f5d) x14 0x8000000a
core   0: 0x800062ce (0x00008ee9) c.and   a3, a0
core   0: 3 0x800062ce (0x8ee9) x13 0x00000000
core   0: 0x800062d0 (0x0e99e413) ori     s0, s3, 233
core   0: 3 0x800062d0 (0x0e99e413) x8  0x000000f9
core   0: 0x800062d4 (0x00721433) sll     s0, tp, t2
core   0: 3 0x800062d4 (0x00721433) x8  0x00000000
core   0: 0x800062d8 (0x00006d51) c.lui   s10, 0x14
core   0: 3 0x800062d8 (0x6d51) x26 0x00014000
core   0: 0x800062da (0x03278333) mul     t1, a5, s2
core   0: 3 0x800062da (0x03278333) x6  0x00000000
core   0: 0x800062de (0x000082a2) c.mv    t0, s0
core   0: 3 0x800062de (0x82a2) x5  0x00000000
core   0: 0x800062e0 (0x0000157d) c.addi  a0, -1
core   0: 3 0x800062e0 (0x157d) x10 0xfffffffe
core   0: 0x800062e2 (0x04b75a17) auipc   s4, 0x4b75
core   0: 3 0x800062e2 (0x04b75a17) x20 0x84b7b2e2
core   0: 0x800062e6 (0x0000e005) c.bnez  s0, pc + 32
core   0: 3 0x800062e6 (0xe005)
core   0: 0x800062e8 (0x0000023d) c.addi  tp, 15
core   0: 3 0x800062e8 (0x023d) x4  0x0000000f
core   0: 0x800062ea (0x029feb33) rem     s6, t6, s1
core   0: 3 0x800062ea (0x029feb33) x22 0xffffffa1
core   0: 0x800062ee (0x00000001) c.nop
core   0: 3 0x800062ee (0x0001)
core   0: 0x800062f0 (0x0125b733) sltu    a4, a1, s2
core   0: 3 0x800062f0 (0x0125b733) x14 0x00000000
core   0: 0x800062f4 (0x000081a1) c.srli  a1, 8
core   0: 3 0x800062f4 (0x81a1) x11 0x00184a5e
core   0: 0x800062f6 (0x00626db3) or      s11, tp, t1
core   0: 3 0x800062f6 (0x00626db3) x27 0x0000000f
core   0: 0x800062fa (0x02ded1b3) divu    gp, t4, a3
core   0: 3 0x800062fa (0x02ded1b3) x3  0xffffffff
core   0: 0x800062fe (0x03071db3) mulh    s11, a4, a6
core   0: 3 0x800062fe (0x03071db3) x27 0x00000000
core   0: 0x80006302 (0x8edf34b7) lui     s1, 0x8edf3
core   0: 3 0x80006302 (0x8edf34b7) x9  0x8edf3000
core   0: 0x80006306 (0x41df8033) sub     zero, t6, t4
core   0: 3 0x80006306 (0x41df8033)
core   0: 0x8000630a (0x3b4b0293) addi    t0, s6, 948
core   0: 3 0x8000630a (0x3b4b0293) x5  0x00000355
core   0: 0x8000630e (0x00000001) c.nop
core   0: 3 0x8000630e (0x0001)
core   0: 0x80006310 (0x00572033) slt     zero, a4, t0
core   0: 3 0x80006310 (0x00572033)
core   0: 0x80006314 (0x009fb433) sltu    s0, t6, s1
core   0: 3 0x80006314 (0x009fb433) x8  0x00000000
core   0: 0x80006318 (0x02ee84b3) mul     s1, t4, a4
core   0: 3 0x80006318 (0x02ee84b3) x9  0x00000000
core   0: 0x8000631c (0x033b5063) bge     s6, s3, pc + 32
core   0: 3 0x8000631c (0x033b5063)
core   0: 0x80006320 (0x00222eb3) slt     t4, tp, sp
core   0: 3 0x80006320 (0x00222eb3) x29 0x00000000
core   0: 0x80006324 (0x00008e99) c.sub   a3, a4
core   0: 3 0x80006324 (0x8e99) x13 0x00000000
core   0: 0x80006326 (0x00000001) c.nop
core   0: 3 0x80006326 (0x0001)
core   0: 0x80006328 (0x00f16d33) or      s10, sp, a5
core   0: 3 0x80006328 (0x00f16d33) x26 0x80029d24
core   0: 0x8000632c (0x03412433) mulhsu  s0, sp, s4
core   0: 3 0x8000632c (0x03412433) x8  0xbda58175
core   0: 0x80006330 (0x0117e8b3) or      a7, a5, a7
core   0: 3 0x80006330 (0x0117e8b3) x17 0xee2bb256
core   0: 0x80006334 (0x001385b3) add     a1, t2, ra
core   0: 3 0x80006334 (0x001385b3) x11 0x80025ea4
core   0: 0x80006338 (0x00bc5693) srli    a3, s8, 11
core   0: 3 0x80006338 (0x00bc5693) x13 0x00000000
core   0: 0x8000633c (0x02cc6b63) bltu    s8, a2, pc + 54
core   0: 3 0x8000633c (0x02cc6b63)
core   0: 0x80006372 (0x031f3b33) mulhu   s6, t5, a7
core   0: 3 0x80006372 (0x031f3b33) x22 0x0000006f
core   0: 0x80006376 (0x00000001) c.nop
core   0: 3 0x80006376 (0x0001)
core   0: 0x80006378 (0x02b38933) mul     s2, t2, a1
core   0: 3 0x80006378 (0x02b38933) x18 0x9d8cd910
core   0: 0x8000637c (0x000089ae) c.mv    s3, a1
core   0: 3 0x8000637c (0x89ae) x19 0x80025ea4
core   0: 0x8000637e (0x7dffea93) ori     s5, t6, 2015
core   0: 3 0x8000637e (0x7dffea93) x21 0xffffffff
core   0: 0x80006382 (0x565b3993) sltiu   s3, s6, 1381
core   0: 3 0x80006382 (0x565b3993) x19 0x00000001
core   0: 0x80006386 (0x00000001) c.nop
core   0: 3 0x80006386 (0x0001)
core   0: 0x80006388 (0x0000883d) c.andi  s0, 15
core   0: 3 0x80006388 (0x883d) x8  0x00000005
core   0: 0x8000638a (0x0390bb33) mulhu   s6, ra, s9
core   0: 3 0x8000638a (0x0390bb33) x22 0x00000000
core   0: 0x8000638e (0x2a22cc13) xori    s8, t0, 674
core   0: 3 0x8000638e (0x2a22cc13) x24 0x000001f7
core   0: 0x80006392 (0x01b9c863) blt     s3, s11, pc + 16
core   0: 3 0x80006392 (0x01b9c863)
core   0: 0x80006396 (0x011f5fb3) srl     t6, t5, a7
core   0: 3 0x80006396 (0x011f5fb3) x31 0x00000000
core   0: 0x8000639a (0x02b8a8b3) mulhsu  a7, a7, a1
core   0: 3 0x8000639a (0x02b8a8b3) x17 0xf715aeeb
core   0: 0x8000639e (0x03617563) bgeu    sp, s6, pc + 42
core   0: 3 0x8000639e (0x03617563)
core   0: 0x800063c8 (0x00008c29) c.xor   s0, a0
core   0: 3 0x800063c8 (0x8c29) x8  0xfffffffb
core   0: 0x800063ca (0x0000ca8d) c.beqz  a3, pc + 50
core   0: 3 0x800063ca (0xca8d)
core   0: 0x800063fc (0x01aef5b3) and     a1, t4, s10
core   0: 3 0x800063fc (0x01aef5b3) x11 0x00000000
core   0: 0x80006400 (0x03c0ee63) bltu    ra, t3, pc + 60
core   0: 3 0x80006400 (0x03c0ee63)
core   0: 0x8000643c (0x00000001) c.nop
core   0: 3 0x8000643c (0x0001)
core   0: 0x8000643e (0x04881363) bne     a6, s0, pc + 70
core   0: 3 0x8000643e (0x04881363)
core   0: 0x80006484 (0x00008a79) c.andi  a2, 30
core   0: 3 0x80006484 (0x8a79) x12 0x0000001e
core   0: 0x80006486 (0x00008dd9) c.or    a1, a4
core   0: 3 0x80006486 (0x8dd9) x11 0x00000000
core   0: 0x80006488 (0x96148993) addi    s3, s1, -1695
core   0: 3 0x80006488 (0x96148993) x19 0xfffff961
core   0: 0x8000648c (0x0264d933) divu    s2, s1, t1
core   0: 3 0x8000648c (0x0264d933) x18 0xffffffff
core   0: 0x80006490 (0x000018fd) c.addi  a7, -1
core   0: 3 0x80006490 (0x18fd) x17 0xf715aeea
core   0: 0x80006492 (0x0000e48d) c.bnez  s1, pc + 42
core   0: 3 0x80006492 (0xe48d)
core   0: 0x80006494 (0x000081ad) c.srli  a1, 11
core   0: 3 0x80006494 (0x81ad) x11 0x00000000
core   0: 0x80006496 (0x47652b93) slti    s7, a0, 1142
core   0: 3 0x80006496 (0x47652b93) x23 0x00000001
core   0: 0x8000649a (0x421ce413) ori     s0, s9, 1057
core   0: 3 0x8000649a (0x421ce413) x8  0x00001da9
core   0: 0x8000649e (0x0360d033) divu    zero, ra, s6
core   0: 3 0x8000649e (0x0360d033)
core   0: 0x800064a2 (0x0000ef0d) c.bnez  a4, pc + 58
core   0: 3 0x800064a2 (0xef0d)
core   0: 0x800064a4 (0xae88efb7) lui     t6, 0xae88e
core   0: 3 0x800064a4 (0xae88efb7) x31 0xae88e000
core   0: 0x800064a8 (0x00008d16) c.mv    s10, t0
core   0: 3 0x800064a8 (0x8d16) x26 0x00000355
core   0: 0x800064aa (0x00001f7d) c.addi  t5, -1
core   0: 3 0x800064aa (0x1f7d) x30 0x00000077
core   0: 0x800064ac (0x90f37713) andi    a4, t1, -1777
core   0: 3 0x800064ac (0x90f37713) x14 0x00000000
core   0: 0x800064b0 (0x02c2e6b3) rem     a3, t0, a2
core   0: 3 0x800064b0 (0x02c2e6b3) x13 0x0000000d
core   0: 0x800064b4 (0x00008c9d) c.sub   s1, a5
core   0: 3 0x800064b4 (0x8c9d) x9  0x80000000
core   0: 0x800064b6 (0x000090be) c.add   ra, a5
core   0: 3 0x800064b6 (0x90be) x1  0x80000000
core   0: 0x800064b8 (0x02947633) remu    a2, s0, s1
core   0: 3 0x800064b8 (0x02947633) x12 0x00001da9
core   0: 0x800064bc (0x40118db3) sub     s11, gp, ra
core   0: 3 0x800064bc (0x40118db3) x27 0x7fffffff
core   0: 0x800064c0 (0x41130a33) sub     s4, t1, a7
core   0: 3 0x800064c0 (0x41130a33) x20 0x08ea5116
core   0: 0x800064c4 (0x00dbf533) and     a0, s7, a3
core   0: 3 0x800064c4 (0x00dbf533) x10 0x00000001
core   0: 0x800064c8 (0x00008479) c.srai  s0, 30
core   0: 3 0x800064c8 (0x8479) x8  0x00000000
core   0: 0x800064ca (0x00a15513) srli    a0, sp, 10
core   0: 3 0x800064ca (0x00a15513) x10 0x002000a7
core   0: 0x800064ce (0x009d1463) bne     s10, s1, pc + 8
core   0: 3 0x800064ce (0x009d1463)
core   0: 0x800064d6 (0x00008ec9) c.or    a3, a0
core   0: 3 0x800064d6 (0x8ec9) x13 0x002000af
core   0: 0x800064d8 (0x2ced4f93) xori    t6, s10, 718
core   0: 3 0x800064d8 (0x2ced4f93) x31 0x0000019b
core   0: 0x800064dc (0x0e60cf93) xori    t6, ra, 230
core   0: 3 0x800064dc (0x0e60cf93) x31 0x800000e6
core   0: 0x800064e0 (0x000081d5) c.srli  a1, 21
core   0: 3 0x800064e0 (0x81d5) x11 0x00000000
core   0: 0x800064e2 (0x00006d85) c.lui   s11, 0x1
core   0: 3 0x800064e2 (0x6d85) x27 0x00001000
core   0: 0x800064e4 (0xed62f013) andi    zero, t0, -298
core   0: 3 0x800064e4 (0xed62f013)
core   0: 0x800064e8 (0x0481f063) bgeu    gp, s0, pc + 64
core   0: 3 0x800064e8 (0x0481f063)
core   0: 0x80006528 (0x016a2933) slt     s2, s4, s6
core   0: 3 0x80006528 (0x016a2933) x18 0x00000000
core   0: 0x8000652c (0x40055313) srai    t1, a0, 0
core   0: 3 0x8000652c (0x40055313) x6  0x002000a7
core   0: 0x80006530 (0x026d75b3) remu    a1, s10, t1
core   0: 3 0x80006530 (0x026d75b3) x11 0x00000355
core   0: 0x80006534 (0x000006f5) c.addi  a3, 29
core   0: 3 0x80006534 (0x06f5) x13 0x002000cc
core   0: 0x80006536 (0xcf03ba17) auipc   s4, 0xcf03b
core   0: 3 0x80006536 (0xcf03ba17) x20 0x4f041536
core   0: 0x8000653a (0xedc61197) auipc   gp, 0xedc61
core   0: 3 0x8000653a (0xedc61197) x3  0x6dc6753a
core   0: 0x8000653e (0x00009f8e) c.add   t6, gp
core   0: 3 0x8000653e (0x9f8e) x31 0xedc67620
core   0: 0x80006540 (0xc1398193) addi    gp, s3, -1005
core   0: 3 0x80006540 (0xc1398193) x3  0xfffff574
core   0: 0x80006544 (0x385db513) sltiu   a0, s11, 901
core   0: 3 0x80006544 (0x385db513) x10 0x00000000
core   0: 0x80006548 (0x005ef033) and     zero, t4, t0
core   0: 3 0x80006548 (0x005ef033)
core   0: 0x8000654c (0x002dd993) srli    s3, s11, 2
core   0: 3 0x8000654c (0x002dd993) x19 0x00000400
core   0: 0x80006550 (0x1356ef13) ori     t5, a3, 309
core   0: 3 0x80006550 (0x1356ef13) x30 0x002001fd
core   0: 0x80006554 (0x015a10b3) sll     ra, s4, s5
core   0: 3 0x80006554 (0x015a10b3) x1  0x00000000
core   0: 0x80006558 (0x02da1163) bne     s4, a3, pc + 34
core   0: 3 0x80006558 (0x02da1163)
core   0: 0x8000657a (0x00abe2b3) or      t0, s7, a0
core   0: 3 0x8000657a (0x00abe2b3) x5  0x00000001
core   0: 0x8000657e (0x00009406) c.add   s0, ra
core   0: 3 0x8000657e (0x9406) x8  0x00000000
core   0: 0x80006580 (0x000098b2) c.add   a7, a2
core   0: 3 0x80006580 (0x98b2) x17 0xf715cc93
core   0: 0x80006582 (0x03e8d9b3) divu    s3, a7, t5
core   0: 3 0x80006582 (0x03e8d9b3) x19 0x000007b8
core   0: 0x80006586 (0x02c318b3) mulh    a7, t1, a2
core   0: 3 0x80006586 (0x02c318b3) x17 0x00000003
core   0: 0x8000658a (0x4094d733) sra     a4, s1, s1
core   0: 3 0x8000658a (0x4094d733) x14 0x80000000
core   0: 0x8000658e (0x40105813) srai    a6, zero, 1
core   0: 3 0x8000658e (0x40105813) x16 0x00000000
core   0: 0x80006592 (0x0593d163) bge     t2, s9, pc + 66
core   0: 3 0x80006592 (0x0593d163)
core   0: 0x80006596 (0x00006375) c.lui   t1, 0x1d
core   0: 3 0x80006596 (0x6375) x6  0x0001d000
core   0: 0x80006598 (0x1971d497) auipc   s1, 0x1971d
core   0: 3 0x80006598 (0x1971d497) x9  0x99723598
core   0: 0x8000659c (0x02230d33) mul     s10, t1, sp
core   0: 3 0x8000659c (0x02230d33) x26 0xbcd14000
core   0: 0x800065a0 (0x021e2fb3) mulhsu  t6, t3, ra
core   0: 3 0x800065a0 (0x021e2fb3) x31 0x00000000
core   0: 0x800065a4 (0x40188433) sub     s0, a7, ra
core   0: 3 0x800065a4 (0x40188433) x8  0x00000003
core   0: 0x800065a8 (0x00807db3) and     s11, zero, s0
core   0: 3 0x800065a8 (0x00807db3) x27 0x00000000
core   0: 0x800065ac (0x58d534b7) lui     s1, 0x58d53
core   0: 3 0x800065ac (0x58d534b7) x9  0x58d53000
core   0: 0x800065b0 (0x01801513) slli    a0, zero, 24
core   0: 3 0x800065b0 (0x01801513) x10 0x00000000
core   0: 0x800065b4 (0x0232d9b3) divu    s3, t0, gp
core   0: 3 0x800065b4 (0x0232d9b3) x19 0x00000000
core   0: 0x800065b8 (0xbee0a717) auipc   a4, 0xbee0a
core   0: 3 0x800065b8 (0xbee0a717) x14 0x3ee105b8
core   0: 0x800065bc (0x4016d893) srai    a7, a3, 1
core   0: 3 0x800065bc (0x4016d893) x17 0x00100066
core   0: 0x800065c0 (0x008d8763) beq     s11, s0, pc + 14
core   0: 3 0x800065c0 (0x008d8763)
core   0: 0x800065c4 (0x0000e085) c.bnez  s1, pc + 32
core   0: 3 0x800065c4 (0xe085)
core   0: 0x800065e4 (0x407fd033) sra     zero, t6, t2
core   0: 3 0x800065e4 (0x407fd033)
core   0: 0x800065e8 (0x031d4d33) div     s10, s10, a7
core   0: 3 0x800065e8 (0x031d4d33) x26 0xfffffbce
core   0: 0x800065ec (0x00008d75) c.and   a0, a3
core   0: 3 0x800065ec (0x8d75) x10 0x00000000
core   0: 0x800065ee (0x1dc80a97) auipc   s5, 0x1dc80
core   0: 3 0x800065ee (0x1dc80a97) x21 0x9dc865ee
core   0: 0x800065f2 (0x005f9b33) sll     s6, t6, t0
core   0: 3 0x800065f2 (0x005f9b33) x22 0x00000000
core   0: 0x800065f6 (0x02c89cb3) mulh    s9, a7, a2
core   0: 3 0x800065f6 (0x02c89cb3) x25 0x00000001
core   0: 0x800065fa (0x00008415) c.srai  s0, 5
core   0: 3 0x800065fa (0x8415) x8  0x00000000
core   0: 0x800065fc (0x00001dfd) c.addi  s11, -1
core   0: 3 0x800065fc (0x1dfd) x27 0xffffffff
core   0: 0x800065fe (0x01fa0633) add     a2, s4, t6
core   0: 3 0x800065fe (0x01fa0633) x12 0x4f041536
core   0: 0x80006602 (0x02df1833) mulh    a6, t5, a3
core   0: 3 0x80006602 (0x02df1833) x16 0x00000400
core   0: 0x80006606 (0x00000c72) c.slli  s8, 28
core   0: 3 0x80006606 (0x0c72) x24 0x70000000
core   0: 0x80006608 (0x41628cb3) sub     s9, t0, s6
core   0: 3 0x80006608 (0x41628cb3) x25 0x00000001
core   0: 0x8000660c (0x00008c99) c.sub   s1, a4
core   0: 3 0x8000660c (0x8c99) x9  0x19f42a48
core   0: 0x8000660e (0x00008e19) c.sub   a2, a4
core   0: 3 0x8000660e (0x8e19) x12 0x10230f7e
core   0: 0x80006610 (0x8420ac93) slti    s9, ra, -1982
core   0: 3 0x80006610 (0x8420ac93) x25 0x00000000
core   0: 0x80006614 (0x32d4f313) andi    t1, s1, 813
core   0: 3 0x80006614 (0x32d4f313) x6  0x00000208
core   0: 0x80006618 (0x410b0833) sub     a6, s6, a6
core   0: 3 0x80006618 (0x410b0833) x16 0xfffffc00
core   0: 0x8000661c (0x00d0c663) blt     ra, a3, pc + 12
core   0: 3 0x8000661c (0x00d0c663)
core   0: 0x80006628 (0x00008ef5) c.and   a3, a3
core   0: 3 0x80006628 (0x8ef5) x13 0x002000cc
core   0: 0x8000662a (0xf0a32f13) slti    t5, t1, -246
core   0: 3 0x8000662a (0xf0a32f13) x30 0x00000000
core   0: 0x8000662e (0x8b5a0713) addi    a4, s4, -1867
core   0: 3 0x8000662e (0x8b5a0713) x14 0x4f040deb
core   0: 0x80006632 (0x0252fb33) remu    s6, t0, t0
core   0: 3 0x80006632 (0x0252fb33) x22 0x00000000
core   0: 0x80006636 (0x011bb533) sltu    a0, s7, a7
core   0: 3 0x80006636 (0x011bb533) x10 0x00000001
core   0: 0x8000663a (0x01084263) blt     a6, a6, pc + 4
core   0: 3 0x8000663a (0x01084263)
core   0: 0x8000663e (0x03737b63) bgeu    t1, s7, pc + 54
core   0: 3 0x8000663e (0x03737b63)
core   0: 0x80006674 (0xaa3d7693) andi    a3, s10, -1373
core   0: 3 0x80006674 (0xaa3d7693) x13 0xfffffa82
core   0: 0x80006678 (0x02fbceb3) div     t4, s7, a5
core   0: 3 0x80006678 (0x02fbceb3) x29 0x00000000
core   0: 0x8000667c (0x03b0b833) mulhu   a6, ra, s11
core   0: 3 0x8000667c (0x03b0b833) x16 0x00000000
core   0: 0x80006680 (0x032b94b3) mulh    s1, s7, s2
core   0: 3 0x80006680 (0x032b94b3) x9  0x00000000
core   0: 0x80006684 (0x00000fae) c.slli  t6, 11
core   0: 3 0x80006684 (0x0fae) x31 0x00000000
core   0: 0x80006686 (0x0253ed63) bltu    t2, t0, pc + 58
core   0: 3 0x80006686 (0x0253ed63)
core   0: 0x8000668a (0x02ac6b63) bltu    s8, a0, pc + 54
core   0: 3 0x8000668a (0x02ac6b63)
core   0: 0x8000668e (0x03846b63) bltu    s0, s8, pc + 54
core   0: 3 0x8000668e (0x03846b63)
core   0: 0x800066c4 (0x0c3acf13) xori    t5, s5, 195
core   0: 3 0x800066c4 (0x0c3acf13) x30 0x9dc8652d
core   0: 0x800066c8 (0x26e32813) slti    a6, t1, 622
core   0: 3 0x800066c8 (0x26e32813) x16 0x00000001
core   0: 0x800066cc (0x0000e005) c.bnez  s0, pc + 32
core   0: 3 0x800066cc (0xe005)
core   0: 0x800066ce (0x417706b3) sub     a3, a4, s7
core   0: 3 0x800066ce (0x417706b3) x13 0x4f040dea
core   0: 0x800066d2 (0x022a9163) bne     s5, sp, pc + 34
core   0: 3 0x800066d2 (0x022a9163)
core   0: 0x800066f4 (0x013c8763) beq     s9, s3, pc + 14
core   0: 3 0x800066f4 (0x013c8763)
core   0: 0x80006702 (0x00008c3d) c.xor   s0, a5
core   0: 3 0x80006702 (0x8c3d) x8  0x80000000
core   0: 0x80006704 (0x03782eb3) mulhsu  t4, a6, s7
core   0: 3 0x80006704 (0x03782eb3) x29 0x00000000
core   0: 0x80006708 (0x008e9913) slli    s2, t4, 8
core   0: 3 0x80006708 (0x008e9913) x18 0x00000000
core   0: 0x8000670c (0x0390b4b3) mulhu   s1, ra, s9
core   0: 3 0x8000670c (0x0390b4b3) x9  0x00000000
core   0: 0x80006710 (0x010d9a33) sll     s4, s11, a6
core   0: 3 0x80006710 (0x010d9a33) x20 0xfffffffe
core   0: 0x80006714 (0x00008d51) c.or    a0, a2
core   0: 3 0x80006714 (0x8d51) x10 0x10230f7f
core   0: 0x80006716 (0x0294c9b3) div     s3, s1, s1
core   0: 3 0x80006716 (0x0294c9b3) x19 0xffffffff
core   0: 0x8000671a (0x024eda63) bge     t4, tp, pc + 52
core   0: 3 0x8000671a (0x024eda63)
core   0: 0x8000671e (0x034fd333) divu    t1, t6, s4
core   0: 3 0x8000671e (0x034fd333) x6  0x00000000
core   0: 0x80006722 (0x03489e33) mulh    t3, a7, s4
core   0: 3 0x80006722 (0x03489e33) x28 0xffffffff
core   0: 0x80006726 (0x415c5933) sra     s2, s8, s5
core   0: 3 0x80006726 (0x415c5933) x18 0x0001c000
core   0: 0x8000672a (0x00405493) srli    s1, zero, 4
core   0: 3 0x8000672a (0x00405493) x9  0x00000000
core   0: 0x8000672e (0x00000c76) c.slli  s8, 29
core   0: 3 0x8000672e (0x0c76) x24 0x00000000
core   0: 0x80006730 (0x000001ed) c.addi  gp, 27
core   0: 3 0x80006730 (0x01ed) x3  0xfffff58f
core   0: 0x80006732 (0x4082d413) srai    s0, t0, 8
core   0: 3 0x80006732 (0x4082d413) x8  0x00000000
core   0: 0x80006736 (0x00008c6d) c.and   s0, a1
core   0: 3 0x80006736 (0x8c6d) x8  0x00000000
core   0: 0x80006738 (0xd7b7e937) lui     s2, 0xd7b7e
core   0: 3 0x80006738 (0xd7b7e937) x18 0xd7b7e000
core   0: 0x8000673c (0x70417513) andi    a0, sp, 1796
core   0: 3 0x8000673c (0x70417513) x10 0x00000504
core   0: 0x80006740 (0x00008ea5) c.xor   a3, s1
core   0: 3 0x80006740 (0x8ea5) x13 0x4f040dea
core   0: 0x80006742 (0x64016917) auipc   s2, 0x64016
core   0: 3 0x80006742 (0x64016917) x18 0xe401c742
core   0: 0x80006746 (0x01c01c93) slli    s9, zero, 28
core   0: 3 0x80006746 (0x01c01c93) x25 0x00000000
core   0: 0x8000674a (0x026805b3) mul     a1, a6, t1
core   0: 3 0x8000674a (0x026805b3) x11 0x00000000
core   0: 0x8000674e (0x01a8ed33) or      s10, a7, s10
core   0: 3 0x8000674e (0x01a8ed33) x26 0xfffffbee
core   0: 0x80006752 (0x02cf7a33) remu    s4, t5, a2
core   0: 3 0x80006752 (0x02cf7a33) x20 0x0c8cd9bf
core   0: 0x80006756 (0x03a15863) bge     sp, s10, pc + 48
core   0: 3 0x80006756 (0x03a15863)
core   0: 0x8000675a (0x75b58593) addi    a1, a1, 1883
core   0: 3 0x8000675a (0x75b58593) x11 0x0000075b
core   0: 0x8000675e (0x411284b3) sub     s1, t0, a7
core   0: 3 0x8000675e (0x411284b3) x9  0xffefff9b
core   0: 0x80006762 (0x02126bb3) rem     s7, tp, ra
core   0: 3 0x80006762 (0x02126bb3) x23 0x0000000f
core   0: 0x80006766 (0x02af8a33) mul     s4, t6, a0
core   0: 3 0x80006766 (0x02af8a33) x20 0x00000000
core   0: 0x8000676a (0x00008c69) c.and   s0, a0
core   0: 3 0x8000676a (0x8c69) x8  0x00000000
core   0: 0x8000676c (0x00000fcd) c.addi  t6, 19
core   0: 3 0x8000676c (0x0fcd) x31 0x00000013
core   0: 0x8000676e (0x002a1313) slli    t1, s4, 2
core   0: 3 0x8000676e (0x002a1313) x6  0x00000000
core   0: 0x80006772 (0x013b9c93) slli    s9, s7, 19
core   0: 3 0x80006772 (0x013b9c93) x25 0x00780000
core   0: 0x80006776 (0x004f9f33) sll     t5, t6, tp
core   0: 3 0x80006776 (0x004f9f33) x30 0x00098000
core   0: 0x8000677a (0x00008ded) c.and   a1, a1
core   0: 3 0x8000677a (0x8ded) x11 0x0000075b
core   0: 0x8000677c (0x0041df13) srli    t5, gp, 4
core   0: 3 0x8000677c (0x0041df13) x30 0x0fffff58
core   0: 0x80006780 (0x00008825) c.andi  s0, 9
core   0: 3 0x80006780 (0x8825) x8  0x00000000
core   0: 0x80006782 (0x00008cc5) c.or    s1, s1
core   0: 3 0x80006782 (0x8cc5) x9  0xffefff9b
core   0: 0x80006784 (0x00008e39) c.xor   a2, a4
core   0: 3 0x80006784 (0x8e39) x12 0x5f270295
core   0: 0x80006786 (0x0000ce81) c.beqz  a3, pc + 24
core   0: 3 0x80006786 (0xce81)
core   0: 0x80006788 (0x03db7933) remu    s2, s6, t4
core   0: 3 0x80006788 (0x03db7933) x18 0x00000000
core   0: 0x8000678c (0x00008e49) c.or    a2, a0
core   0: 3 0x8000678c (0x8e49) x12 0x5f270795
core   0: 0x8000678e (0x0000ee91) c.bnez  a3, pc + 28
core   0: 3 0x8000678e (0xee91)
core   0: 0x800067aa (0xd3cb4a37) lui     s4, 0xd3cb4
core   0: 3 0x800067aa (0xd3cb4a37) x20 0xd3cb4000
core   0: 0x800067ae (0x03024f33) div     t5, tp, a6
core   0: 3 0x800067ae (0x03024f33) x30 0x0000000f
core   0: 0x800067b2 (0x00839013) slli    zero, t2, 8
core   0: 3 0x800067b2 (0x00839013)
core   0: 0x800067b6 (0x0135e663) bltu    a1, s3, pc + 12
core   0: 3 0x800067b6 (0x0135e663)
core   0: 0x800067c2 (0xd8173f17) auipc   t5, 0xd8173
core   0: 3 0x800067c2 (0xd8173f17) x30 0x581797c2
core   0: 0x800067c6 (0x000088bd) c.andi  s1, 15
core   0: 3 0x800067c6 (0x88bd) x9  0x0000000b
core   0: 0x800067c8 (0x0353f1b3) remu    gp, t2, s5
core   0: 3 0x800067c8 (0x0353f1b3) x3  0x80025ea4
core   0: 0x800067cc (0x36aaca37) lui     s4, 0x36aac
core   0: 3 0x800067cc (0x36aaca37) x20 0x36aac000
core   0: 0x800067d0 (0x00008e21) c.xor   a2, s0
core   0: 3 0x800067d0 (0x8e21) x12 0x5f270795
core   0: 0x800067d2 (0x0086f833) and     a6, a3, s0
core   0: 3 0x800067d2 (0x0086f833) x16 0x00000000
core   0: 0x800067d6 (0xcc6f3b13) sltiu   s6, t5, -826
core   0: 3 0x800067d6 (0xcc6f3b13) x22 0x00000001
core   0: 0x800067da (0x00000001) c.nop
core   0: 3 0x800067da (0x0001)
core   0: 0x800067dc (0x005a1e33) sll     t3, s4, t0
core   0: 3 0x800067dc (0x005a1e33) x28 0x6d558000
core   0: 0x800067e0 (0x00008141) c.srli  a0, 16
core   0: 3 0x800067e0 (0x8141) x10 0x00000000
core   0: 0x800067e2 (0x03f7e2b3) rem     t0, a5, t6
core   0: 3 0x800067e2 (0x03f7e2b3) x5  0xfffffffd
core   0: 0x800067e6 (0x03310033) mul     zero, sp, s3
core   0: 3 0x800067e6 (0x03310033)
core   0: 0x800067ea (0x038bfcb3) remu    s9, s7, s8
core   0: 3 0x800067ea (0x038bfcb3) x25 0x0000000f
core   0: 0x800067ee (0x0000e5a1) c.bnez  a1, pc + 72
core   0: 3 0x800067ee (0xe5a1)
core   0: 0x80006836 (0x01e8c6b3) xor     a3, a7, t5
core   0: 3 0x80006836 (0x01e8c6b3) x13 0x580797a4
core   0: 0x8000683a (0x034a4d63) blt     s4, s4, pc + 58
core   0: 3 0x8000683a (0x034a4d63)
core   0: 0x8000683e (0x00006d2d) c.lui   s10, 0xb
core   0: 3 0x8000683e (0x6d2d) x26 0x0000b000
core   0: 0x80006840 (0x00004dc1) c.li    s11, 16
core   0: 3 0x80006840 (0x4dc1) x27 0x00000010
core   0: 0x80006842 (0x0000197d) c.addi  s2, -1
core   0: 3 0x80006842 (0x197d) x18 0xffffffff
core   0: 0x80006844 (0x86b88ab7) lui     s5, 0x86b88
core   0: 3 0x80006844 (0x86b88ab7) x21 0x86b88000
core   0: 0x80006848 (0x020106b3) mul     a3, sp, zero
core   0: 3 0x80006848 (0x020106b3) x13 0x00000000
core   0: 0x8000684c (0x0352aeb3) mulhsu  t4, t0, s5
core   0: 3 0x8000684c (0x0352aeb3) x29 0xfffffffe
core   0: 0x80006850 (0x02d2bb33) mulhu   s6, t0, a3
core   0: 3 0x80006850 (0x02d2bb33) x22 0x00000000
core   0: 0x80006854 (0x00008cb1) c.xor   s1, a2
core   0: 3 0x80006854 (0x8cb1) x9  0x5f27079e
core   0: 0x80006856 (0x01b88933) add     s2, a7, s11
core   0: 3 0x80006856 (0x01b88933) x18 0x00100076
core   0: 0x8000685a (0x031ac663) blt     s5, a7, pc + 44
core   0: 3 0x8000685a (0x031ac663)
core   0: 0x80006886 (0x00000001) c.nop
core   0: 3 0x80006886 (0x0001)
core   0: 0x80006888 (0x001246b3) xor     a3, tp, ra
core   0: 3 0x80006888 (0x001246b3) x13 0x0000000f
core   0: 0x8000688c (0x03ec41b3) div     gp, s8, t5
core   0: 3 0x8000688c (0x03ec41b3) x3  0x00000000
core   0: 0x80006890 (0x01d60033) add     zero, a2, t4
core   0: 3 0x80006890 (0x01d60033)
core   0: 0x80006894 (0x0097b433) sltu    s0, a5, s1
core   0: 3 0x80006894 (0x0097b433) x8  0x00000000
core   0: 0x80006898 (0x41cd55b3) sra     a1, s10, t3
core   0: 3 0x80006898 (0x41cd55b3) x11 0x0000b000
core   0: 0x8000689c (0x01e96bb3) or      s7, s2, t5
core   0: 3 0x8000689c (0x01e96bb3) x23 0x581797f6
core   0: 0x800068a0 (0xd94fcd93) xori    s11, t6, -620
core   0: 3 0x800068a0 (0xd94fcd93) x27 0xfffffd87
core   0: 0x800068a4 (0x02b77a33) remu    s4, a4, a1
core   0: 3 0x800068a4 (0x02b77a33) x20 0x00006deb
core   0: 0x800068a8 (0x0054cc63) blt     s1, t0, pc + 24
core   0: 3 0x800068a8 (0x0054cc63)
core   0: 0x800068ac (0x0000953a) c.add   a0, a4
core   0: 3 0x800068ac (0x953a) x10 0x4f040deb
core   0: 0x800068ae (0x01f9f663) bgeu    s3, t6, pc + 12
core   0: 3 0x800068ae (0x01f9f663)
core   0: 0x800068ba (0x00008461) c.srai  s0, 24
core   0: 3 0x800068ba (0x8461) x8  0x00000000
core   0: 0x800068bc (0x00f90863) beq     s2, a5, pc + 16
core   0: 3 0x800068bc (0x00f90863)
core   0: 0x800068c0 (0x00f36863) bltu    t1, a5, pc + 16
core   0: 3 0x800068c0 (0x00f36863)
core   0: 0x800068d0 (0x00008361) c.srli  a4, 24
core   0: 3 0x800068d0 (0x8361) x14 0x0000004f
core   0: 0x800068d2 (0x00009b7d) c.andi  a4, -1
core   0: 3 0x800068d2 (0x9b7d) x14 0x0000004f
core   0: 0x800068d4 (0x00006f49) c.lui   t5, 0x12
core   0: 3 0x800068d4 (0x6f49) x30 0x00012000
core   0: 0x800068d6 (0x2c458513) addi    a0, a1, 708
core   0: 3 0x800068d6 (0x2c458513) x10 0x0000b2c4
core   0: 0x800068da (0x03b5e363) bltu    a1, s11, pc + 38
core   0: 3 0x800068da (0x03b5e363)
core   0: 0x80006900 (0x00000001) c.nop
core   0: 3 0x80006900 (0x0001)
core   0: 0x80006902 (0x00008e5e) c.mv    t3, s7
core   0: 3 0x80006902 (0x8e5e) x28 0x581797f6
core   0: 0x80006904 (0x000095f6) c.add   a1, t4
core   0: 3 0x80006904 (0x95f6) x11 0x0000affe
core   0: 0x80006906 (0x0000ca95) c.beqz  a3, pc + 52
core   0: 3 0x80006906 (0xca95)
core   0: 0x80006908 (0x007d1b93) slli    s7, s10, 7
core   0: 3 0x80006908 (0x007d1b93) x23 0x00580000
core   0: 0x8000690c (0x0045d5b3) srl     a1, a1, tp
core   0: 3 0x8000690c (0x0045d5b3) x11 0x00000001
core   0: 0x80006910 (0x00121a13) slli    s4, tp, 1
core   0: 3 0x80006910 (0x00121a13) x20 0x0000001e
core   0: 0x80006914 (0x01849fb3) sll     t6, s1, s8
core   0: 3 0x80006914 (0x01849fb3) x31 0x5f27079e
core   0: 0x80006918 (0x034a1a63) bne     s4, s4, pc + 52
core   0: 3 0x80006918 (0x034a1a63)
core   0: 0x8000691c (0x000081f9) c.srli  a1, 30
core   0: 3 0x8000691c (0x81f9) x11 0x00000000
core   0: 0x8000691e (0x00008e19) c.sub   a2, a4
core   0: 3 0x8000691e (0x8e19) x12 0x5f270746
core   0: 0x80006920 (0x0000e021) c.bnez  s0, pc + 64
core   0: 3 0x80006920 (0xe021)
core   0: 0x80006922 (0x41c188b3) sub     a7, gp, t3
core   0: 3 0x80006922 (0x41c188b3) x17 0xa7e8680a
core   0: 0x80006926 (0x000086a9) c.srai  a3, 10
core   0: 3 0x80006926 (0x86a9) x13 0x00000000
core   0: 0x80006928 (0x034c3833) mulhu   a6, s8, s4
core   0: 3 0x80006928 (0x034c3833) x16 0x00000000
core   0: 0x8000692c (0x41ed5d33) sra     s10, s10, t5
core   0: 3 0x8000692c (0x41ed5d33) x26 0x0000b000
core   0: 0x80006930 (0x0264f733) remu    a4, s1, t1
core   0: 3 0x80006930 (0x0264f733) x14 0x5f27079e
core   0: 0x80006934 (0x033e1263) bne     t3, s3, pc + 36
core   0: 3 0x80006934 (0x033e1263)
core   0: 0x80006958 (0x02b18063) beq     gp, a1, pc + 32
core   0: 3 0x80006958 (0x02b18063)
core   0: 0x80006978 (0xd1a34d93) xori    s11, t1, -742
core   0: 3 0x80006978 (0xd1a34d93) x27 0xfffffd1a
core   0: 0x8000697c (0x2c0fc093) xori    ra, t6, 704
core   0: 3 0x8000697c (0x2c0fc093) x1  0x5f27055e
core   0: 0x80006980 (0xe9474313) xori    t1, a4, -364
core   0: 3 0x80006980 (0xe9474313) x6  0xa0d8f90a
core   0: 0x80006984 (0x000096b6) c.add   a3, a3
core   0: 3 0x80006984 (0x96b6) x13 0x00000000
core   0: 0x80006986 (0x0293e563) bltu    t2, s1, pc + 42
core   0: 3 0x80006986 (0x0293e563)
core   0: 0x8000698a (0x64963213) sltiu   tp, a2, 1609
core   0: 3 0x8000698a (0x64963213) x4  0x00000000
core   0: 0x8000698e (0x00008f39) c.xor   a4, a4
core   0: 3 0x8000698e (0x8f39) x14 0x00000000
core   0: 0x80006990 (0x4f9ad597) auipc   a1, 0x4f9ad
core   0: 3 0x80006990 (0x4f9ad597) x11 0xcf9b3990
core   0: 0x80006994 (0x038649b3) div     s3, a2, s8
core   0: 3 0x80006994 (0x038649b3) x19 0xffffffff
core   0: 0x80006998 (0x6413aeb7) lui     t4, 0x6413a
core   0: 3 0x80006998 (0x6413aeb7) x29 0x6413a000
core   0: 0x8000699c (0x02e12a33) mulhsu  s4, sp, a4
core   0: 3 0x8000699c (0x02e12a33) x20 0x00000000
core   0: 0x800069a0 (0x00008d89) c.sub   a1, a0
core   0: 3 0x800069a0 (0x8d89) x11 0xcf9a86cc
core   0: 0x800069a2 (0x02c486b3) mul     a3, s1, a2
core   0: 3 0x800069a2 (0x02c486b3) x13 0xe0f36734
core   0: 0x800069a6 (0x01cba933) slt     s2, s7, t3
core   0: 3 0x800069a6 (0x01cba933) x18 0x00000001
core   0: 0x800069aa (0x00000001) c.nop
core   0: 3 0x800069aa (0x0001)
core   0: 0x800069ac (0x004a2533) slt     a0, s4, tp
core   0: 3 0x800069ac (0x004a2533) x10 0x00000000
core   0: 0x800069b0 (0x02dcd4b3) divu    s1, s9, a3
core   0: 3 0x800069b0 (0x02dcd4b3) x9  0x00000000
core   0: 0x800069b4 (0x00cea1b3) slt     gp, t4, a2
core   0: 3 0x800069b4 (0x00cea1b3) x3  0x00000000
core   0: 0x800069b8 (0x0029b6b3) sltu    a3, s3, sp
core   0: 3 0x800069b8 (0x0029b6b3) x13 0x00000000
core   0: 0x800069bc (0x0d8a2e93) slti    t4, s4, 216
core   0: 3 0x800069bc (0x0d8a2e93) x29 0x00000001
core   0: 0x800069c0 (0x0000862d) c.srai  a2, 11
core   0: 3 0x800069c0 (0x862d) x12 0x000be4e0
core   0: 0x800069c2 (0x0000c195) c.beqz  a1, pc + 36
core   0: 3 0x800069c2 (0xc195)
core   0: 0x800069c4 (0x00008c95) c.sub   s1, a3
core   0: 3 0x800069c4 (0x8c95) x9  0x00000000
core   0: 0x800069c6 (0x414c82b3) sub     t0, s9, s4
core   0: 3 0x800069c6 (0x414c82b3) x5  0x0000000f
core   0: 0x800069ca (0x001d11b3) sll     gp, s10, ra
core   0: 3 0x800069ca (0x001d11b3) x3  0x00000000
core   0: 0x800069ce (0x007fd263) bge     t6, t2, pc + 4
core   0: 3 0x800069ce (0x007fd263)
core   0: 0x800069d2 (0x00008e51) c.or    a2, a2
core   0: 3 0x800069d2 (0x8e51) x12 0x000be4e0
core   0: 0x800069d4 (0x0000197d) c.addi  s2, -1
core   0: 3 0x800069d4 (0x197d) x18 0x00000000
core   0: 0x800069d6 (0x01a5dcb3) srl     s9, a1, s10
core   0: 3 0x800069d6 (0x01a5dcb3) x25 0xcf9a86cc
core   0: 0x800069da (0x00a0d993) srli    s3, ra, 10
core   0: 3 0x800069da (0x00a0d993) x19 0x0017c9c1
core   0: 0x800069de (0x0171f433) and     s0, gp, s7
core   0: 3 0x800069de (0x0171f433) x8  0x00000000
core   0: 0x800069e2 (0x00449993) slli    s3, s1, 4
core   0: 3 0x800069e2 (0x00449993) x19 0x00000000
core   0: 0x800069e6 (0xdb5e8293) addi    t0, t4, -587
core   0: 3 0x800069e6 (0xdb5e8293) x5  0xfffffdb6
core   0: 0x800069ea (0x03692833) mulhsu  a6, s2, s6
core   0: 3 0x800069ea (0x03692833) x16 0x00000000
core   0: 0x800069ee (0x019d9293) slli    t0, s11, 25
core   0: 3 0x800069ee (0x019d9293) x5  0x34000000
core   0: 0x800069f2 (0x01029363) bne     t0, a6, pc + 6
core   0: 3 0x800069f2 (0x01029363)
core   0: 0x800069f8 (0x00008c69) c.and   s0, a0
core   0: 3 0x800069f8 (0x8c69) x8  0x00000000
core   0: 0x800069fa (0x0000ce11) c.beqz  a2, pc + 28
core   0: 3 0x800069fa (0xce11)
core   0: 0x800069fc (0x00008de5) c.and   a1, s1
core   0: 3 0x800069fc (0x8de5) x11 0x00000000
core   0: 0x800069fe (0x000085d1) c.srai  a1, 20
core   0: 3 0x800069fe (0x85d1) x11 0x00000000
core   0: 0x80006a00 (0x931e9697) auipc   a3, 0x931e9
core   0: 3 0x80006a00 (0x931e9697) x13 0x131efa00
core   0: 0x80006a04 (0x0000921e) c.add   tp, t2
core   0: 3 0x80006a04 (0x921e) x4  0x80025ea4
core   0: 0x80006a06 (0x00008ee1) c.and   a3, s0
core   0: 3 0x80006a06 (0x8ee1) x13 0x00000000
core   0: 0x80006a08 (0x0909b1b7) lui     gp, 0x909b
core   0: 3 0x80006a08 (0x0909b1b7) x3  0x0909b000
core   0: 0x80006a0c (0x33f9aa93) slti    s5, s3, 831
core   0: 3 0x80006a0c (0x33f9aa93) x21 0x00000001
core   0: 0x80006a10 (0x00009612) c.add   a2, tp
core   0: 3 0x80006a10 (0x9612) x12 0x800e4384
core   0: 0x80006a12 (0x0165d313) srli    t1, a1, 22
core   0: 3 0x80006a12 (0x0165d313) x6  0x00000000
core   0: 0x80006a16 (0x00008659) c.srai  a2, 22
core   0: 3 0x80006a16 (0x8659) x12 0xfffffe00
core   0: 0x80006a18 (0x0088bdb3) sltu    s11, a7, s0
core   0: 3 0x80006a18 (0x0088bdb3) x27 0x00000000
core   0: 0x80006a1c (0xe0db3713) sltiu   a4, s6, -499
core   0: 3 0x80006a1c (0xe0db3713) x14 0x00000001
core   0: 0x80006a20 (0x000082be) c.mv    t0, a5
core   0: 3 0x80006a20 (0x82be) x5  0x80000000
core   0: 0x80006a22 (0x9392f193) andi    gp, t0, -1735
core   0: 3 0x80006a22 (0x9392f193) x3  0x80000000
core   0: 0x80006a26 (0x03663eb3) mulhu   t4, a2, s6
core   0: 3 0x80006a26 (0x03663eb3) x29 0x00000000
core   0: 0x80006a2a (0x01669c63) bne     a3, s6, pc + 24
core   0: 3 0x80006a2a (0x01669c63)
core   0: 0x80006a2e (0x13e62193) slti    gp, a2, 318
core   0: 3 0x80006a2e (0x13e62193) x3  0x00000001
core   0: 0x80006a32 (0x4166deb3) sra     t4, a3, s6
core   0: 3 0x80006a32 (0x4166deb3) x29 0x00000000
core   0: 0x80006a36 (0x006a1bb3) sll     s7, s4, t1
core   0: 3 0x80006a36 (0x006a1bb3) x23 0x00000000
core   0: 0x80006a3a (0x57d7ceb7) lui     t4, 0x57d7c
core   0: 3 0x80006a3a (0x57d7ceb7) x29 0x57d7c000
core   0: 0x80006a3e (0x40575f33) sra     t5, a4, t0
core   0: 3 0x80006a3e (0x40575f33) x30 0x00000001
core   0: 0x80006a42 (0x0000c619) c.beqz  a2, pc + 14
core   0: 3 0x80006a42 (0xc619)
core   0: 0x80006a44 (0x00561b63) bne     a2, t0, pc + 22
core   0: 3 0x80006a44 (0x00561b63)
core   0: 0x80006a5a (0x01397863) bgeu    s2, s3, pc + 16
core   0: 3 0x80006a5a (0x01397863)
core   0: 0x80006a6a (0x0000177d) c.addi  a4, -1
core   0: 3 0x80006a6a (0x177d) x14 0x00000000
core   0: 0x80006a6c (0x01f51c13) slli    s8, a0, 31
core   0: 3 0x80006a6c (0x01f51c13) x24 0x00000000
core   0: 0x80006a70 (0x40908cb3) sub     s9, ra, s1
core   0: 3 0x80006a70 (0x40908cb3) x25 0x5f27055e
core   0: 0x80006a74 (0x9f92c4b7) lui     s1, 0x9f92c
core   0: 3 0x80006a74 (0x9f92c4b7) x9  0x9f92c000
core   0: 0x80006a78 (0x009d8eb3) add     t4, s11, s1
core   0: 3 0x80006a78 (0x009d8eb3) x29 0x9f92c000
core   0: 0x80006a7c (0x41d2d333) sra     t1, t0, t4
core   0: 3 0x80006a7c (0x41d2d333) x6  0x80000000
core   0: 0x80006a80 (0x01b2f733) and     a4, t0, s11
core   0: 3 0x80006a80 (0x01b2f733) x14 0x00000000
core   0: 0x80006a84 (0x6efa0637) lui     a2, 0x6efa0
core   0: 3 0x80006a84 (0x6efa0637) x12 0x6efa0000
core   0: 0x80006a88 (0x00008669) c.srai  a2, 26
core   0: 3 0x80006a88 (0x8669) x12 0x0000001b
core   0: 0x80006a8a (0x00122833) slt     a6, tp, ra
core   0: 3 0x80006a8a (0x00122833) x16 0x00000001
core   0: 0x80006a8e (0x0000ed19) c.bnez  a0, pc + 30
core   0: 3 0x80006a8e (0xed19)
core   0: 0x80006a90 (0x028f9a33) mulh    s4, t6, s0
core   0: 3 0x80006a90 (0x028f9a33) x20 0x00000000
core   0: 0x80006a94 (0x00000001) c.nop
core   0: 3 0x80006a94 (0x0001)
core   0: 0x80006a96 (0x52667613) andi    a2, a2, 1318
core   0: 3 0x80006a96 (0x52667613) x12 0x00000002
core   0: 0x80006a9a (0x006d8733) add     a4, s11, t1
core   0: 3 0x80006a9a (0x006d8733) x14 0x80000000
core   0: 0x80006a9e (0x017a8363) beq     s5, s7, pc + 6
core   0: 3 0x80006a9e (0x017a8363)
core   0: 0x80006aa2 (0x00008749) c.srai  a4, 18
core   0: 3 0x80006aa2 (0x8749) x14 0xffffe000
core   0: 0x80006aa4 (0x40e55233) sra     tp, a0, a4
core   0: 3 0x80006aa4 (0x40e55233) x4  0x00000000
core   0: 0x80006aa8 (0x032d0c63) beq     s10, s2, pc + 56
core   0: 3 0x80006aa8 (0x032d0c63)
core   0: 0x80006aac (0x0000080e) c.slli  a6, 3
core   0: 3 0x80006aac (0x080e) x16 0x00000008
core   0: 0x80006aae (0x0347af33) mulhsu  t5, a5, s4
core   0: 3 0x80006aae (0x0347af33) x30 0x00000000
core   0: 0x80006ab2 (0x00008cc5) c.or    s1, s1
core   0: 3 0x80006ab2 (0x8cc5) x9  0x9f92c000
core   0: 0x80006ab4 (0x1093fbb7) lui     s7, 0x1093f
core   0: 3 0x80006ab4 (0x1093fbb7) x23 0x1093f000
core   0: 0x80006ab8 (0x4057d913) srai    s2, a5, 5
core   0: 3 0x80006ab8 (0x4057d913) x18 0xfc000000
core   0: 0x80006abc (0x410ed213) srai    tp, t4, 16
core   0: 3 0x80006abc (0x410ed213) x4  0xffff9f92
core   0: 0x80006ac0 (0x00337433) and     s0, t1, gp
core   0: 3 0x80006ac0 (0x00337433) x8  0x00000000
core   0: 0x80006ac4 (0x009b9a93) slli    s5, s7, 9
core   0: 3 0x80006ac4 (0x009b9a93) x21 0x27e00000
core   0: 0x80006ac8 (0x2617e493) ori     s1, a5, 609
core   0: 3 0x80006ac8 (0x2617e493) x9  0x80000261
core   0: 0x80006acc (0x0000e491) c.bnez  s1, pc + 12
core   0: 3 0x80006acc (0xe491)
core   0: 0x80006ad8 (0x00000001) c.nop
core   0: 3 0x80006ad8 (0x0001)
core   0: 0x80006ada (0x00008729) c.srai  a4, 10
core   0: 3 0x80006ada (0x8729) x14 0xfffffff8
core   0: 0x80006adc (0x005a7b33) and     s6, s4, t0
core   0: 3 0x80006adc (0x005a7b33) x22 0x00000000
core   0: 0x80006ae0 (0x03b675b3) remu    a1, a2, s11
core   0: 3 0x80006ae0 (0x03b675b3) x11 0x00000002
core   0: 0x80006ae4 (0x24eeef93) ori     t6, t4, 590
core   0: 3 0x80006ae4 (0x24eeef93) x31 0x9f92c24e
core   0: 0x80006ae8 (0x076c0563) beq     s8, s6, pc + 106
core   0: 3 0x80006ae8 (0x076c0563)
core   0: 0x80006b52 (0x00c0d493) srli    s1, ra, 12
core   0: 3 0x80006b52 (0x00c0d493) x9  0x0005f270
core   0: 0x80006b56 (0x021da033) mulhsu  zero, s11, ra
core   0: 3 0x80006b56 (0x021da033)
core   0: 0x80006b5a (0x02162733) mulhsu  a4, a2, ra
core   0: 3 0x80006b5a (0x02162733) x14 0x00000000
core   0: 0x80006b5e (0x00000001) c.nop
core   0: 3 0x80006b5e (0x0001)
core   0: 0x80006b60 (0x00008f3d) c.xor   a4, a5
core   0: 3 0x80006b60 (0x8f3d) x14 0x80000000
core   0: 0x80006b62 (0x00008f19) c.sub   a4, a4
core   0: 3 0x80006b62 (0x8f19) x14 0x00000000
core   0: 0x80006b64 (0x18956db7) lui     s11, 0x18956
core   0: 3 0x80006b64 (0x18956db7) x27 0x18956000
core   0: 0x80006b68 (0x00a61e13) slli    t3, a2, 10
core   0: 3 0x80006b68 (0x00a61e13) x28 0x00000800
core   0: 0x80006b6c (0x00008d4d) c.or    a0, a1
core   0: 3 0x80006b6c (0x8d4d) x10 0x00000002
core   0: 0x80006b6e (0x0010a8b3) slt     a7, ra, ra
core   0: 3 0x80006b6e (0x0010a8b3) x17 0x00000000
core   0: 0x80006b72 (0xf2836913) ori     s2, t1, -216
core   0: 3 0x80006b72 (0xf2836913) x18 0xffffff28
core   0: 0x80006b76 (0x0000927a) c.add   tp, t5
core   0: 3 0x80006b76 (0x927a) x4  0xffff9f92
core   0: 0x80006b78 (0x0000982e) c.add   a6, a1
core   0: 3 0x80006b78 (0x982e) x16 0x0000000a
core   0: 0x80006b7a (0x42fce693) ori     a3, s9, 1071
core   0: 3 0x80006b7a (0x42fce693) x13 0x5f27057f
core   0: 0x80006b7e (0x00000fba) c.slli  t6, 14
core   0: 3 0x80006b7e (0x0fba) x31 0xb0938000
core   0: 0x80006b80 (0x00000001) c.nop
core   0: 3 0x80006b80 (0x0001)
core   0: 0x80006b82 (0x00009e36) c.add   t3, a3
core   0: 3 0x80006b82 (0x9e36) x28 0x5f270d7f
core   0: 0x80006b84 (0x00000797) auipc   a5, 0x0
core   0: 3 0x80006b84 (0x00000797) x15 0x80006b84
core   0: 0x80006b88 (0x00c78793) addi    a5, a5, 12
core   0: 3 0x80006b88 (0x00c78793) x15 0x80006b90
core   0: 0x80006b8c (0x00078067) jr      a5
core   0: 3 0x80006b8c (0x00078067)
core   0: 0x80006b90 (0x00004185) c.li    gp, 1
core   0: 3 0x80006b90 (0x4185) x3  0x00000001
core   0: 0x80006b92 (0x00000073) ecall
core   0: exception trap_machine_ecall, epc 0x80006b92
core   0: >>>>  mtvec_handler
core   0: 0x8000a730 (0x00001171) c.addi  sp, -4
core   0: 3 0x8000a730 (0x1171) x2  0x80029d20
core   0: 0x8000a732 (0x0000c01e) c.swsp  t2, 0(sp)
core   0: 3 0x8000a732 (0xc01e) mem 0x80029d20 0x80025ea4
core   0: 0x8000a734 (0x000103b3) add     t2, sp, zero
core   0: 3 0x8000a734 (0x000103b3) x7  0x80029d20
core   0: 0x8000a738 (0xf8038393) addi    t2, t2, -128
core   0: 3 0x8000a738 (0xf8038393) x7  0x80029ca0
core   0: 0x8000a73c (0x0013a223) sw      ra, 4(t2)
core   0: 3 0x8000a73c (0x0013a223) mem 0x80029ca4 0x5f27055e
core   0: 0x8000a740 (0x0023a423) sw      sp, 8(t2)
core   0: 3 0x8000a740 (0x0023a423) mem 0x80029ca8 0x80029d20
core   0: 0x8000a744 (0x0033a623) sw      gp, 12(t2)
core   0: 3 0x8000a744 (0x0033a623) mem 0x80029cac 0x00000001
core   0: 0x8000a748 (0x0043a823) sw      tp, 16(t2)
core   0: 3 0x8000a748 (0x0043a823) mem 0x80029cb0 0xffff9f92
core   0: 0x8000a74c (0x0053aa23) sw      t0, 20(t2)
core   0: 3 0x8000a74c (0x0053aa23) mem 0x80029cb4 0x80000000
core   0: 0x8000a750 (0x0063ac23) sw      t1, 24(t2)
core   0: 3 0x8000a750 (0x0063ac23) mem 0x80029cb8 0x80000000
core   0: 0x8000a754 (0x0073ae23) sw      t2, 28(t2)
core   0: 3 0x8000a754 (0x0073ae23) mem 0x80029cbc 0x80029ca0
core   0: 0x8000a758 (0x0283a023) sw      s0, 32(t2)
core   0: 3 0x8000a758 (0x0283a023) mem 0x80029cc0 0x00000000
core   0: 0x8000a75c (0x0293a223) sw      s1, 36(t2)
core   0: 3 0x8000a75c (0x0293a223) mem 0x80029cc4 0x0005f270
core   0: 0x8000a760 (0x02a3a423) sw      a0, 40(t2)
core   0: 3 0x8000a760 (0x02a3a423) mem 0x80029cc8 0x00000002
core   0: 0x8000a764 (0x02b3a623) sw      a1, 44(t2)
core   0: 3 0x8000a764 (0x02b3a623) mem 0x80029ccc 0x00000002
core   0: 0x8000a768 (0x02c3a823) sw      a2, 48(t2)
core   0: 3 0x8000a768 (0x02c3a823) mem 0x80029cd0 0x00000002
core   0: 0x8000a76c (0x02d3aa23) sw      a3, 52(t2)
core   0: 3 0x8000a76c (0x02d3aa23) mem 0x80029cd4 0x5f27057f
core   0: 0x8000a770 (0x02e3ac23) sw      a4, 56(t2)
core   0: 3 0x8000a770 (0x02e3ac23) mem 0x80029cd8 0x00000000
core   0: 0x8000a774 (0x02f3ae23) sw      a5, 60(t2)
core   0: 3 0x8000a774 (0x02f3ae23) mem 0x80029cdc 0x80006b90
core   0: 0x8000a778 (0x0503a023) sw      a6, 64(t2)
core   0: 3 0x8000a778 (0x0503a023) mem 0x80029ce0 0x0000000a
core   0: 0x8000a77c (0x0513a223) sw      a7, 68(t2)
core   0: 3 0x8000a77c (0x0513a223) mem 0x80029ce4 0x00000000
core   0: 0x8000a780 (0x0523a423) sw      s2, 72(t2)
core   0: 3 0x8000a780 (0x0523a423) mem 0x80029ce8 0xffffff28
core   0: 0x8000a784 (0x0533a623) sw      s3, 76(t2)
core   0: 3 0x8000a784 (0x0533a623) mem 0x80029cec 0x00000000
core   0: 0x8000a788 (0x0543a823) sw      s4, 80(t2)
core   0: 3 0x8000a788 (0x0543a823) mem 0x80029cf0 0x00000000
core   0: 0x8000a78c (0x0553aa23) sw      s5, 84(t2)
core   0: 3 0x8000a78c (0x0553aa23) mem 0x80029cf4 0x27e00000
core   0: 0x8000a790 (0x0563ac23) sw      s6, 88(t2)
core   0: 3 0x8000a790 (0x0563ac23) mem 0x80029cf8 0x00000000
core   0: 0x8000a794 (0x0573ae23) sw      s7, 92(t2)
core   0: 3 0x8000a794 (0x0573ae23) mem 0x80029cfc 0x1093f000
core   0: 0x8000a798 (0x0783a023) sw      s8, 96(t2)
core   0: 3 0x8000a798 (0x0783a023) mem 0x80029d00 0x00000000
core   0: 0x8000a79c (0x0793a223) sw      s9, 100(t2)
core   0: 3 0x8000a79c (0x0793a223) mem 0x80029d04 0x5f27055e
core   0: 0x8000a7a0 (0x07a3a423) sw      s10, 104(t2)
core   0: 3 0x8000a7a0 (0x07a3a423) mem 0x80029d08 0x0000b000
core   0: 0x8000a7a4 (0x07b3a623) sw      s11, 108(t2)
core   0: 3 0x8000a7a4 (0x07b3a623) mem 0x80029d0c 0x18956000
core   0: 0x8000a7a8 (0x07c3a823) sw      t3, 112(t2)
core   0: 3 0x8000a7a8 (0x07c3a823) mem 0x80029d10 0x5f270d7f
core   0: 0x8000a7ac (0x07d3aa23) sw      t4, 116(t2)
core   0: 3 0x8000a7ac (0x07d3aa23) mem 0x80029d14 0x9f92c000
core   0: 0x8000a7b0 (0x07e3ac23) sw      t5, 120(t2)
core   0: 3 0x8000a7b0 (0x07e3ac23) mem 0x80029d18 0x00000000
core   0: 0x8000a7b4 (0x07f3ae23) sw      t6, 124(t2)
core   0: 3 0x8000a7b4 (0x07f3ae23) mem 0x80029d1c 0xb0938000
core   0: 0x8000a7b8 (0x00038133) add     sp, t2, zero
core   0: 3 0x8000a7b8 (0x00038133) x2  0x80029ca0
core   0: 0x8000a7bc (0x30002673) csrr    a2, mstatus
core   0: 3 0x8000a7bc (0x30002673) x12 0x00001800
core   0: 0x8000a7c0 (0x34202673) csrr    a2, mcause
core   0: 3 0x8000a7c0 (0x34202673) x12 0x0000000b
core   0: 0x8000a7c4 (0x0000827d) c.srli  a2, 31
core   0: 3 0x8000a7c4 (0x827d) x12 0x00000000
core   0: 0x8000a7c6 (0x3c061563) bnez    a2, pc + 970
core   0: 3 0x8000a7c6 (0x3c061563)
core   0: 0x8000a7ca (0x34102673) csrr    a2, mepc
core   0: 3 0x8000a7ca (0x34102673) x12 0x80006b92
core   0: 0x8000a7ce (0x34202673) csrr    a2, mcause
core   0: 3 0x8000a7ce (0x34202673) x12 0x0000000b
core   0: 0x8000a7d2 (0x00004e0d) c.li    t3, 3
core   0: 3 0x8000a7d2 (0x4e0d) x28 0x00000003
core   0: 0x8000a7d4 (0x29c60263) beq     a2, t3, pc + 644
core   0: 3 0x8000a7d4 (0x29c60263)
core   0: 0x8000a7d8 (0x00004e21) c.li    t3, 8
core   0: 3 0x8000a7d8 (0x4e21) x28 0x00000008
core   0: 0x8000a7da (0x05c60563) beq     a2, t3, pc + 74
core   0: 3 0x8000a7da (0x05c60563)
core   0: 0x8000a7de (0x00004e25) c.li    t3, 9
core   0: 3 0x8000a7de (0x4e25) x28 0x00000009
core   0: 0x8000a7e0 (0x05c60263) beq     a2, t3, pc + 68
core   0: 3 0x8000a7e0 (0x05c60263)
core   0: 0x8000a7e4 (0x00004e2d) c.li    t3, 11
core   0: 3 0x8000a7e4 (0x4e2d) x28 0x0000000b
core   0: 0x8000a7e6 (0x03c60f63) beq     a2, t3, pc + 62
core   0: 3 0x8000a7e6 (0x03c60f63)
core   0: 0x8000a824 (0xffff5617) auipc   a2, 0xffff5
core   0: 3 0x8000a824 (0xffff5617) x12 0x7ffff824
core   0: 0x8000a828 (0x7dc60613) addi    a2, a2, 2012
core   0: 3 0x8000a828 (0x7dc60613) x12 0x80000000
core   0: 0x8000a82c (0x00062023) sw      zero, 0(a2)
core   0: 3 0x8000a82c (0x00062023) mem 0x80000000 0x00000000
core   0: 0x8000a830 (0x00162223) sw      ra, 4(a2)
core   0: 3 0x8000a830 (0x00162223) mem 0x80000004 0x5f27055e
core   0: 0x8000a834 (0x00262423) sw      sp, 8(a2)
core   0: 3 0x8000a834 (0x00262423) mem 0x80000008 0x80029ca0
core   0: 0x8000a838 (0x00362623) sw      gp, 12(a2)
core   0: 3 0x8000a838 (0x00362623) mem 0x8000000c 0x00000001
core   0: 0x8000a83c (0x00462823) sw      tp, 16(a2)
core   0: 3 0x8000a83c (0x00462823) mem 0x80000010 0xffff9f92
core   0: 0x8000a840 (0x00562a23) sw      t0, 20(a2)
core   0: 3 0x8000a840 (0x00562a23) mem 0x80000014 0x80000000
core   0: 0x8000a844 (0x00662c23) sw      t1, 24(a2)
core   0: 3 0x8000a844 (0x00662c23) mem 0x80000018 0x80000000
core   0: 0x8000a848 (0x00762e23) sw      t2, 28(a2)
core   0: 3 0x8000a848 (0x00762e23) mem 0x8000001c 0x80029ca0
core   0: 0x8000a84c (0x0000d200) c.sw    s0, 32(a2)
core   0: 3 0x8000a84c (0xd200) mem 0x80000020 0x00000000
core   0: 0x8000a84e (0x0000d244) c.sw    s1, 36(a2)
core   0: 3 0x8000a84e (0xd244) mem 0x80000024 0x0005f270
core   0: 0x8000a850 (0x0000d608) c.sw    a0, 40(a2)
core   0: 3 0x8000a850 (0xd608) mem 0x80000028 0x00000002
core   0: 0x8000a852 (0x0000d64c) c.sw    a1, 44(a2)
core   0: 3 0x8000a852 (0xd64c) mem 0x8000002c 0x00000002
core   0: 0x8000a854 (0x0000da10) c.sw    a2, 48(a2)
core   0: 3 0x8000a854 (0xda10) mem 0x80000030 0x80000000
core   0: 0x8000a856 (0x0000da54) c.sw    a3, 52(a2)
core   0: 3 0x8000a856 (0xda54) mem 0x80000034 0x5f27057f
core   0: 0x8000a858 (0x0000de18) c.sw    a4, 56(a2)
core   0: 3 0x8000a858 (0xde18) mem 0x80000038 0x00000000
core   0: 0x8000a85a (0x0000de5c) c.sw    a5, 60(a2)
core   0: 3 0x8000a85a (0xde5c) mem 0x8000003c 0x80006b90
core   0: 0x8000a85c (0x05062023) sw      a6, 64(a2)
core   0: 3 0x8000a85c (0x05062023) mem 0x80000040 0x0000000a
core   0: 0x8000a860 (0x05162223) sw      a7, 68(a2)
core   0: 3 0x8000a860 (0x05162223) mem 0x80000044 0x00000000
core   0: 0x8000a864 (0x05262423) sw      s2, 72(a2)
core   0: 3 0x8000a864 (0x05262423) mem 0x80000048 0xffffff28
core   0: 0x8000a868 (0x05362623) sw      s3, 76(a2)
core   0: 3 0x8000a868 (0x05362623) mem 0x8000004c 0x00000000
core   0: 0x8000a86c (0x05462823) sw      s4, 80(a2)
core   0: 3 0x8000a86c (0x05462823) mem 0x80000050 0x00000000
core   0: 0x8000a870 (0x05562a23) sw      s5, 84(a2)
core   0: 3 0x8000a870 (0x05562a23) mem 0x80000054 0x27e00000
core   0: 0x8000a874 (0x05662c23) sw      s6, 88(a2)
core   0: 3 0x8000a874 (0x05662c23) mem 0x80000058 0x00000000
core   0: 0x8000a878 (0x05762e23) sw      s7, 92(a2)
core   0: 3 0x8000a878 (0x05762e23) mem 0x8000005c 0x1093f000
core   0: 0x8000a87c (0x07862023) sw      s8, 96(a2)
core   0: 3 0x8000a87c (0x07862023) mem 0x80000060 0x00000000
core   0: 0x8000a880 (0x07962223) sw      s9, 100(a2)
core   0: 3 0x8000a880 (0x07962223) mem 0x80000064 0x5f27055e
core   0: 0x8000a884 (0x07a62423) sw      s10, 104(a2)
core   0: 3 0x8000a884 (0x07a62423) mem 0x80000068 0x0000b000
core   0: 0x8000a888 (0x07b62623) sw      s11, 108(a2)
core   0: 3 0x8000a888 (0x07b62623) mem 0x8000006c 0x18956000
core   0: 0x8000a88c (0x07c62823) sw      t3, 112(a2)
core   0: 3 0x8000a88c (0x07c62823) mem 0x80000070 0x0000000b
core   0: 0x8000a890 (0x07d62a23) sw      t4, 116(a2)
core   0: 3 0x8000a890 (0x07d62a23) mem 0x80000074 0x9f92c000
core   0: 0x8000a894 (0x07e62c23) sw      t5, 120(a2)
core   0: 3 0x8000a894 (0x07e62c23) mem 0x80000078 0x00000000
core   0: 0x8000a898 (0x07f62e23) sw      t6, 124(a2)
core   0: 3 0x8000a898 (0x07f62e23) mem 0x8000007c 0xb0938000
core   0: 0x8000a89c (0x00000797) auipc   a5, 0x0
core   0: 3 0x8000a89c (0x00000797) x15 0x8000a89c
core   0: 0x8000a8a0 (0xe8678793) addi    a5, a5, -378
core   0: 3 0x8000a8a0 (0xe8678793) x15 0x8000a722
core   0: 0x8000a8a4 (0x00078067) jr      a5
core   0: 3 0x8000a8a4 (0x00078067)
core   0: 0x8000a722 (0x00006f17) auipc   t5, 0x6
core   0: 3 0x8000a722 (0x00006f17) x30 0x80010722
core   0: 0x8000a726 (0x8c3f2f23) sw      gp, -1826(t5)
core   0: 3 0x8000a726 (0x8c3f2f23) mem 0x80010000 0x00000001
core   0: 0x8000a72a (0x0000bfe5) c.j     pc - 8
core   0: 3 0x8000a72a (0xbfe5)
core   0: 0x8000a722 (0x00006f17) auipc   t5, 0x6
core   0: 3 0x8000a722 (0x00006f17) x30 0x80010722
core   0: 0x8000a726 (0x8c3f2f23) sw      gp, -1826(t5)
core   0: 3 0x8000a726 (0x8c3f2f23) mem 0x80010000 0x00000001
core   0: 0x8000a72a (0x0000bfe5) c.j     pc - 8
core   0: 3 0x8000a72a (0xbfe5)
core   0: 0x8000a722 (0x00006f17) auipc   t5, 0x6
core   0: 3 0x8000a722 (0x00006f17) x30 0x80010722
core   0: 0x8000a726 (0x8c3f2f23) sw      gp, -1826(t5)
core   0: 3 0x8000a726 (0x8c3f2f23) mem 0x80010000 0x00000001
core   0: 0x8000a72a (0x0000bfe5) c.j     pc - 8
core   0: 3 0x8000a72a (0xbfe5)
core   0: 0x8000a722 (0x00006f17) auipc   t5, 0x6
core   0: 3 0x8000a722 (0x00006f17) x30 0x80010722
core   0: 0x8000a726 (0x8c3f2f23) sw      gp, -1826(t5)
core   0: 3 0x8000a726 (0x8c3f2f23) mem 0x80010000 0x00000001
core   0: 0x8000a72a (0x0000bfe5) c.j     pc - 8
core   0: 3 0x8000a72a (0xbfe5)
core   0: 0x8000a722 (0x00006f17) auipc   t5, 0x6
core   0: 3 0x8000a722 (0x00006f17) x30 0x80010722
core   0: 0x8000a726 (0x8c3f2f23) sw      gp, -1826(t5)
core   0: 3 0x8000a726 (0x8c3f2f23) mem 0x80010000 0x00000001
core   0: 0x8000a72a (0x0000bfe5) c.j     pc - 8
core   0: 3 0x8000a72a (0xbfe5)
core   0: 0x8000a722 (0x00006f17) auipc   t5, 0x6
core   0: 3 0x8000a722 (0x00006f17) x30 0x80010722
core   0: 0x8000a726 (0x8c3f2f23) sw      gp, -1826(t5)
core   0: 3 0x8000a726 (0x8c3f2f23) mem 0x80010000 0x00000001
core   0: 0x8000a72a (0x0000bfe5) c.j     pc - 8
core   0: 3 0x8000a72a (0xbfe5)
core   0: 0x8000a722 (0x00006f17) auipc   t5, 0x6
core   0: 3 0x8000a722 (0x00006f17) x30 0x80010722
core   0: 0x8000a726 (0x8c3f2f23) sw      gp, -1826(t5)
core   0: 3 0x8000a726 (0x8c3f2f23) mem 0x80010000 0x00000001
core   0: 0x8000a72a (0x0000bfe5) c.j     pc - 8
core   0: 3 0x8000a72a (0xbfe5)
core   0: 0x8000a722 (0x00006f17) auipc   t5, 0x6
core   0: 3 0x8000a722 (0x00006f17) x30 0x80010722
core   0: 0x8000a726 (0x8c3f2f23) sw      gp, -1826(t5)
core   0: 3 0x8000a726 (0x8c3f2f23) mem 0x80010000 0x00000001
core   0: 0x8000a72a (0x0000bfe5) c.j     pc - 8
core   0: 3 0x8000a72a (0xbfe5)
core   0: 0x8000a722 (0x00006f17) auipc   t5, 0x6
core   0: 3 0x8000a722 (0x00006f17) x30 0x80010722
core   0: 0x8000a726 (0x8c3f2f23) sw      gp, -1826(t5)
core   0: 3 0x8000a726 (0x8c3f2f23) mem 0x80010000 0x00000001
core   0: 0x8000a72a (0x0000bfe5) c.j     pc - 8
core   0: 3 0x8000a72a (0xbfe5)
core   0: 0x8000a722 (0x00006f17) auipc   t5, 0x6
core   0: 3 0x8000a722 (0x00006f17) x30 0x80010722
core   0: 0x8000a726 (0x8c3f2f23) sw      gp, -1826(t5)
core   0: 3 0x8000a726 (0x8c3f2f23) mem 0x80010000 0x00000001
core   0: 0x8000a72a (0x0000bfe5) c.j     pc - 8
core   0: 3 0x8000a72a (0xbfe5)
core   0: 0x8000a722 (0x00006f17) auipc   t5, 0x6
core   0: 3 0x8000a722 (0x00006f17) x30 0x80010722
core   0: 0x8000a726 (0x8c3f2f23) sw      gp, -1826(t5)
core   0: 3 0x8000a726 (0x8c3f2f23) mem 0x80010000 0x00000001
core   0: 0x8000a72a (0x0000bfe5) c.j     pc - 8
core   0: 3 0x8000a72a (0xbfe5)
core   0: 0x8000a722 (0x00006f17) auipc   t5, 0x6
core   0: 3 0x8000a722 (0x00006f17) x30 0x80010722
core   0: 0x8000a726 (0x8c3f2f23) sw      gp, -1826(t5)
core   0: 3 0x8000a726 (0x8c3f2f23) mem 0x80010000 0x00000001
core   0: 0x8000a72a (0x0000bfe5) c.j     pc - 8
core   0: 3 0x8000a72a (0xbfe5)
core   0: 0x8000a722 (0x00006f17) auipc   t5, 0x6
core   0: 3 0x8000a722 (0x00006f17) x30 0x80010722
core   0: 0x8000a726 (0x8c3f2f23) sw      gp, -1826(t5)
core   0: 3 0x8000a726 (0x8c3f2f23) mem 0x80010000 0x00000001
core   0: 0x8000a72a (0x0000bfe5) c.j     pc - 8
core   0: 3 0x8000a72a (0xbfe5)
core   0: 0x8000a722 (0x00006f17) auipc   t5, 0x6
core   0: 3 0x8000a722 (0x00006f17) x30 0x80010722
core   0: 0x8000a726 (0x8c3f2f23) sw      gp, -1826(t5)
core   0: 3 0x8000a726 (0x8c3f2f23) mem 0x80010000 0x00000001
core   0: 0x8000a72a (0x0000bfe5) c.j     pc - 8
core   0: 3 0x8000a72a (0xbfe5)
core   0: 0x8000a722 (0x00006f17) auipc   t5, 0x6
core   0: 3 0x8000a722 (0x00006f17) x30 0x80010722
core   0: 0x8000a726 (0x8c3f2f23) sw      gp, -1826(t5)
core   0: 3 0x8000a726 (0x8c3f2f23) mem 0x80010000 0x00000001
core   0: 0x8000a72a (0x0000bfe5) c.j     pc - 8
core   0: 3 0x8000a72a (0xbfe5)
core   0: 0x8000a722 (0x00006f17) auipc   t5, 0x6
core   0: 3 0x8000a722 (0x00006f17) x30 0x80010722
core   0: 0x8000a726 (0x8c3f2f23) sw      gp, -1826(t5)
core   0: 3 0x8000a726 (0x8c3f2f23) mem 0x80010000 0x00000001
core   0: 0x8000a72a (0x0000bfe5) c.j     pc - 8
core   0: 3 0x8000a72a (0xbfe5)
core   0: 0x8000a722 (0x00006f17) auipc   t5, 0x6
core   0: 3 0x8000a722 (0x00006f17) x30 0x80010722
core   0: 0x8000a726 (0x8c3f2f23) sw      gp, -1826(t5)
core   0: 3 0x8000a726 (0x8c3f2f23) mem 0x80010000 0x00000001
core   0: 0x8000a72a (0x0000bfe5) c.j     pc - 8
core   0: 3 0x8000a72a (0xbfe5)
core   0: 0x8000a722 (0x00006f17) auipc   t5, 0x6
core   0: 3 0x8000a722 (0x00006f17) x30 0x80010722
core   0: 0x8000a726 (0x8c3f2f23) sw      gp, -1826(t5)
core   0: 3 0x8000a726 (0x8c3f2f23) mem 0x80010000 0x00000001
core   0: 0x8000a72a (0x0000bfe5) c.j     pc - 8
core   0: 3 0x8000a72a (0xbfe5)
core   0: 0x8000a722 (0x00006f17) auipc   t5, 0x6
core   0: 3 0x8000a722 (0x00006f17) x30 0x80010722
core   0: 0x8000a726 (0x8c3f2f23) sw      gp, -1826(t5)
core   0: 3 0x8000a726 (0x8c3f2f23) mem 0x80010000 0x00000001
core   0: 0x8000a72a (0x0000bfe5) c.j     pc - 8
core   0: 3 0x8000a72a (0xbfe5)
core   0: 0x8000a722 (0x00006f17) auipc   t5, 0x6
core   0: 3 0x8000a722 (0x00006f17) x30 0x80010722
core   0: 0x8000a726 (0x8c3f2f23) sw      gp, -1826(t5)
core   0: 3 0x8000a726 (0x8c3f2f23) mem 0x80010000 0x00000001
core   0: 0x8000a72a (0x0000bfe5) c.j     pc - 8
core   0: 3 0x8000a72a (0xbfe5)
core   0: 0x8000a722 (0x00006f17) auipc   t5, 0x6
core   0: 3 0x8000a722 (0x00006f17) x30 0x80010722
core   0: 0x8000a726 (0x8c3f2f23) sw      gp, -1826(t5)
core   0: 3 0x8000a726 (0x8c3f2f23) mem 0x80010000 0x00000001
core   0: 0x8000a72a (0x0000bfe5) c.j     pc - 8
core   0: 3 0x8000a72a (0xbfe5)
core   0: 0x8000a722 (0x00006f17) auipc   t5, 0x6
core   0: 3 0x8000a722 (0x00006f17) x30 0x80010722
core   0: 0x8000a726 (0x8c3f2f23) sw      gp, -1826(t5)
core   0: 3 0x8000a726 (0x8c3f2f23) mem 0x80010000 0x00000001
core   0: 0x8000a72a (0x0000bfe5) c.j     pc - 8
core   0: 3 0x8000a72a (0xbfe5)
core   0: 0x8000a722 (0x00006f17) auipc   t5, 0x6
core   0: 3 0x8000a722 (0x00006f17) x30 0x80010722
core   0: 0x8000a726 (0x8c3f2f23) sw      gp, -1826(t5)
core   0: 3 0x8000a726 (0x8c3f2f23) mem 0x80010000 0x00000001
core   0: 0x8000a72a (0x0000bfe5) c.j     pc - 8
core   0: 3 0x8000a72a (0xbfe5)
core   0: 0x8000a722 (0x00006f17) auipc   t5, 0x6
core   0: 3 0x8000a722 (0x00006f17) x30 0x80010722
core   0: 0x8000a726 (0x8c3f2f23) sw      gp, -1826(t5)
core   0: 3 0x8000a726 (0x8c3f2f23) mem 0x80010000 0x00000001
core   0: 0x8000a72a (0x0000bfe5) c.j     pc - 8
core   0: 3 0x8000a72a (0xbfe5)
core   0: 0x8000a722 (0x00006f17) auipc   t5, 0x6
core   0: 3 0x8000a722 (0x00006f17) x30 0x80010722
core   0: 0x8000a726 (0x8c3f2f23) sw      gp, -1826(t5)
core   0: 3 0x8000a726 (0x8c3f2f23) mem 0x80010000 0x00000001
core   0: 0x8000a72a (0x0000bfe5) c.j     pc - 8
core   0: 3 0x8000a72a (0xbfe5)
core   0: 0x8000a722 (0x00006f17) auipc   t5, 0x6
core   0: 3 0x8000a722 (0x00006f17) x30 0x80010722
core   0: 0x8000a726 (0x8c3f2f23) sw      gp, -1826(t5)
core   0: 3 0x8000a726 (0x8c3f2f23) mem 0x80010000 0x00000001
core   0: 0x8000a72a (0x0000bfe5) c.j     pc - 8
core   0: 3 0x8000a72a (0xbfe5)
core   0: 0x8000a722 (0x00006f17) auipc   t5, 0x6
core   0: 3 0x8000a722 (0x00006f17) x30 0x80010722
core   0: 0x8000a726 (0x8c3f2f23) sw      gp, -1826(t5)
core   0: 3 0x8000a726 (0x8c3f2f23) mem 0x80010000 0x00000001
core   0: 0x8000a72a (0x0000bfe5) c.j     pc - 8
core   0: 3 0x8000a72a (0xbfe5)
core   0: 0x8000a722 (0x00006f17) auipc   t5, 0x6
core   0: 3 0x8000a722 (0x00006f17) x30 0x80010722
core   0: 0x8000a726 (0x8c3f2f23) sw      gp, -1826(t5)
core   0: 3 0x8000a726 (0x8c3f2f23) mem 0x80010000 0x00000001
core   0: 0x8000a72a (0x0000bfe5) c.j     pc - 8
core   0: 3 0x8000a72a (0xbfe5)
core   0: 0x8000a722 (0x00006f17) auipc   t5, 0x6
core   0: 3 0x8000a722 (0x00006f17) x30 0x80010722
core   0: 0x8000a726 (0x8c3f2f23) sw      gp, -1826(t5)
core   0: 3 0x8000a726 (0x8c3f2f23) mem 0x80010000 0x00000001
core   0: 0x8000a72a (0x0000bfe5) c.j     pc - 8
core   0: 3 0x8000a72a (0xbfe5)
core   0: 0x8000a722 (0x00006f17) auipc   t5, 0x6
core   0: 3 0x8000a722 (0x00006f17) x30 0x80010722
core   0: 0x8000a726 (0x8c3f2f23) sw      gp, -1826(t5)
core   0: 3 0x8000a726 (0x8c3f2f23) mem 0x80010000 0x00000001
core   0: 0x8000a72a (0x0000bfe5) c.j     pc - 8
core   0: 3 0x8000a72a (0xbfe5)
core   0: 0x8000a722 (0x00006f17) auipc   t5, 0x6
core   0: 3 0x8000a722 (0x00006f17) x30 0x80010722
core   0: 0x8000a726 (0x8c3f2f23) sw      gp, -1826(t5)
core   0: 3 0x8000a726 (0x8c3f2f23) mem 0x80010000 0x00000001
core   0: 0x8000a72a (0x0000bfe5) c.j     pc - 8
core   0: 3 0x8000a72a (0xbfe5)
core   0: 0x8000a722 (0x00006f17) auipc   t5, 0x6
core   0: 3 0x8000a722 (0x00006f17) x30 0x80010722
core   0: 0x8000a726 (0x8c3f2f23) sw      gp, -1826(t5)
core   0: 3 0x8000a726 (0x8c3f2f23) mem 0x80010000 0x00000001
core   0: 0x8000a72a (0x0000bfe5) c.j     pc - 8
core   0: 3 0x8000a72a (0xbfe5)
core   0: 0x8000a722 (0x00006f17) auipc   t5, 0x6
core   0: 3 0x8000a722 (0x00006f17) x30 0x80010722
core   0: 0x8000a726 (0x8c3f2f23) sw      gp, -1826(t5)
core   0: 3 0x8000a726 (0x8c3f2f23) mem 0x80010000 0x00000001
core   0: 0x8000a72a (0x0000bfe5) c.j     pc - 8
core   0: 3 0x8000a72a (0xbfe5)
core   0: 0x8000a722 (0x00006f17) auipc   t5, 0x6
core   0: 3 0x8000a722 (0x00006f17) x30 0x80010722
core   0: 0x8000a726 (0x8c3f2f23) sw      gp, -1826(t5)
core   0: 3 0x8000a726 (0x8c3f2f23) mem 0x80010000 0x00000001
core   0: 0x8000a72a (0x0000bfe5) c.j     pc - 8
core   0: 3 0x8000a72a (0xbfe5)
core   0: 0x8000a722 (0x00006f17) auipc   t5, 0x6
core   0: 3 0x8000a722 (0x00006f17) x30 0x80010722
core   0: 0x8000a726 (0x8c3f2f23) sw      gp, -1826(t5)
core   0: 3 0x8000a726 (0x8c3f2f23) mem 0x80010000 0x00000001
core   0: 0x8000a72a (0x0000bfe5) c.j     pc - 8
core   0: 3 0x8000a72a (0xbfe5)
core   0: 0x8000a722 (0x00006f17) auipc   t5, 0x6
core   0: 3 0x8000a722 (0x00006f17) x30 0x80010722
core   0: 0x8000a726 (0x8c3f2f23) sw      gp, -1826(t5)
core   0: 3 0x8000a726 (0x8c3f2f23) mem 0x80010000 0x00000001
core   0: 0x8000a72a (0x0000bfe5) c.j     pc - 8
core   0: 3 0x8000a72a (0xbfe5)
core   0: 0x8000a722 (0x00006f17) auipc   t5, 0x6
core   0: 3 0x8000a722 (0x00006f17) x30 0x80010722
core   0: 0x8000a726 (0x8c3f2f23) sw      gp, -1826(t5)
core   0: 3 0x8000a726 (0x8c3f2f23) mem 0x80010000 0x00000001
core   0: 0x8000a72a (0x0000bfe5) c.j     pc - 8
core   0: 3 0x8000a72a (0xbfe5)
core   0: 0x8000a722 (0x00006f17) auipc   t5, 0x6
core   0: 3 0x8000a722 (0x00006f17) x30 0x80010722
core   0: 0x8000a726 (0x8c3f2f23) sw      gp, -1826(t5)
core   0: 3 0x8000a726 (0x8c3f2f23) mem 0x80010000 0x00000001
core   0: 0x8000a72a (0x0000bfe5) c.j     pc - 8
core   0: 3 0x8000a72a (0xbfe5)
core   0: 0x8000a722 (0x00006f17) auipc   t5, 0x6
core   0: 3 0x8000a722 (0x00006f17) x30 0x80010722
core   0: 0x8000a726 (0x8c3f2f23) sw      gp, -1826(t5)
core   0: 3 0x8000a726 (0x8c3f2f23) mem 0x80010000 0x00000001
core   0: 0x8000a72a (0x0000bfe5) c.j     pc - 8
core   0: 3 0x8000a72a (0xbfe5)
core   0: 0x8000a722 (0x00006f17) auipc   t5, 0x6
core   0: 3 0x8000a722 (0x00006f17) x30 0x80010722
core   0: 0x8000a726 (0x8c3f2f23) sw      gp, -1826(t5)
core   0: 3 0x8000a726 (0x8c3f2f23) mem 0x80010000 0x00000001
core   0: 0x8000a72a (0x0000bfe5) c.j     pc - 8
core   0: 3 0x8000a72a (0xbfe5)
core   0: 0x8000a722 (0x00006f17) auipc   t5, 0x6
core   0: 3 0x8000a722 (0x00006f17) x30 0x80010722
core   0: 0x8000a726 (0x8c3f2f23) sw      gp, -1826(t5)
core   0: 3 0x8000a726 (0x8c3f2f23) mem 0x80010000 0x00000001
core   0: 0x8000a72a (0x0000bfe5) c.j     pc - 8
core   0: 3 0x8000a72a (0xbfe5)
core   0: 0x8000a722 (0x00006f17) auipc   t5, 0x6
core   0: 3 0x8000a722 (0x00006f17) x30 0x80010722
core   0: 0x8000a726 (0x8c3f2f23) sw      gp, -1826(t5)
core   0: 3 0x8000a726 (0x8c3f2f23) mem 0x80010000 0x00000001
core   0: 0x8000a72a (0x0000bfe5) c.j     pc - 8
core   0: 3 0x8000a72a (0xbfe5)
core   0: 0x8000a722 (0x00006f17) auipc   t5, 0x6
core   0: 3 0x8000a722 (0x00006f17) x30 0x80010722
core   0: 0x8000a726 (0x8c3f2f23) sw      gp, -1826(t5)
core   0: 3 0x8000a726 (0x8c3f2f23) mem 0x80010000 0x00000001
core   0: 0x8000a72a (0x0000bfe5) c.j     pc - 8
core   0: 3 0x8000a72a (0xbfe5)
core   0: 0x8000a722 (0x00006f17) auipc   t5, 0x6
core   0: 3 0x8000a722 (0x00006f17) x30 0x80010722
core   0: 0x8000a726 (0x8c3f2f23) sw      gp, -1826(t5)
core   0: 3 0x8000a726 (0x8c3f2f23) mem 0x80010000 0x00000001
core   0: 0x8000a72a (0x0000bfe5) c.j     pc - 8
core   0: 3 0x8000a72a (0xbfe5)
core   0: 0x8000a722 (0x00006f17) auipc   t5, 0x6
core   0: 3 0x8000a722 (0x00006f17) x30 0x80010722
core   0: 0x8000a726 (0x8c3f2f23) sw      gp, -1826(t5)
core   0: 3 0x8000a726 (0x8c3f2f23) mem 0x80010000 0x00000001
core   0: 0x8000a72a (0x0000bfe5) c.j     pc - 8
core   0: 3 0x8000a72a (0xbfe5)
core   0: 0x8000a722 (0x00006f17) auipc   t5, 0x6
core   0: 3 0x8000a722 (0x00006f17) x30 0x80010722
core   0: 0x8000a726 (0x8c3f2f23) sw      gp, -1826(t5)
core   0: 3 0x8000a726 (0x8c3f2f23) mem 0x80010000 0x00000001
core   0: 0x8000a72a (0x0000bfe5) c.j     pc - 8
core   0: 3 0x8000a72a (0xbfe5)
core   0: 0x8000a722 (0x00006f17) auipc   t5, 0x6
core   0: 3 0x8000a722 (0x00006f17) x30 0x80010722
core   0: 0x8000a726 (0x8c3f2f23) sw      gp, -1826(t5)
core   0: 3 0x8000a726 (0x8c3f2f23) mem 0x80010000 0x00000001
core   0: 0x8000a72a (0x0000bfe5) c.j     pc - 8
core   0: 3 0x8000a72a (0xbfe5)
core   0: 0x8000a722 (0x00006f17) auipc   t5, 0x6
core   0: 3 0x8000a722 (0x00006f17) x30 0x80010722
core   0: 0x8000a726 (0x8c3f2f23) sw      gp, -1826(t5)
core   0: 3 0x8000a726 (0x8c3f2f23) mem 0x80010000 0x00000001
core   0: 0x8000a72a (0x0000bfe5) c.j     pc - 8
core   0: 3 0x8000a72a (0xbfe5)
core   0: 0x8000a722 (0x00006f17) auipc   t5, 0x6
core   0: 3 0x8000a722 (0x00006f17) x30 0x80010722
core   0: 0x8000a726 (0x8c3f2f23) sw      gp, -1826(t5)
core   0: 3 0x8000a726 (0x8c3f2f23) mem 0x80010000 0x00000001
core   0: 0x8000a72a (0x0000bfe5) c.j     pc - 8
core   0: 3 0x8000a72a (0xbfe5)
core   0: 0x8000a722 (0x00006f17) auipc   t5, 0x6
core   0: 3 0x8000a722 (0x00006f17) x30 0x80010722
core   0: 0x8000a726 (0x8c3f2f23) sw      gp, -1826(t5)
core   0: 3 0x8000a726 (0x8c3f2f23) mem 0x80010000 0x00000001
core   0: 0x8000a72a (0x0000bfe5) c.j     pc - 8
core   0: 3 0x8000a72a (0xbfe5)
core   0: 0x8000a722 (0x00006f17) auipc   t5, 0x6
core   0: 3 0x8000a722 (0x00006f17) x30 0x80010722
core   0: 0x8000a726 (0x8c3f2f23) sw      gp, -1826(t5)
core   0: 3 0x8000a726 (0x8c3f2f23) mem 0x80010000 0x00000001
core   0: 0x8000a72a (0x0000bfe5) c.j     pc - 8
core   0: 3 0x8000a72a (0xbfe5)
core   0: 0x8000a722 (0x00006f17) auipc   t5, 0x6
core   0: 3 0x8000a722 (0x00006f17) x30 0x80010722
core   0: 0x8000a726 (0x8c3f2f23) sw      gp, -1826(t5)
core   0: 3 0x8000a726 (0x8c3f2f23) mem 0x80010000 0x00000001
core   0: 0x8000a72a (0x0000bfe5) c.j     pc - 8
core   0: 3 0x8000a72a (0xbfe5)
core   0: 0x8000a722 (0x00006f17) auipc   t5, 0x6
core   0: 3 0x8000a722 (0x00006f17) x30 0x80010722
core   0: 0x8000a726 (0x8c3f2f23) sw      gp, -1826(t5)
core   0: 3 0x8000a726 (0x8c3f2f23) mem 0x80010000 0x00000001
core   0: 0x8000a72a (0x0000bfe5) c.j     pc - 8
core   0: 3 0x8000a72a (0xbfe5)
core   0: 0x8000a722 (0x00006f17) auipc   t5, 0x6
core   0: 3 0x8000a722 (0x00006f17) x30 0x80010722
core   0: 0x8000a726 (0x8c3f2f23) sw      gp, -1826(t5)
core   0: 3 0x8000a726 (0x8c3f2f23) mem 0x80010000 0x00000001
core   0: 0x8000a72a (0x0000bfe5) c.j     pc - 8
core   0: 3 0x8000a72a (0xbfe5)
core   0: 0x8000a722 (0x00006f17) auipc   t5, 0x6
core   0: 3 0x8000a722 (0x00006f17) x30 0x80010722
core   0: 0x8000a726 (0x8c3f2f23) sw      gp, -1826(t5)
core   0: 3 0x8000a726 (0x8c3f2f23) mem 0x80010000 0x00000001
core   0: 0x8000a72a (0x0000bfe5) c.j     pc - 8
core   0: 3 0x8000a72a (0xbfe5)
core   0: 0x8000a722 (0x00006f17) auipc   t5, 0x6
core   0: 3 0x8000a722 (0x00006f17) x30 0x80010722
core   0: 0x8000a726 (0x8c3f2f23) sw      gp, -1826(t5)
core   0: 3 0x8000a726 (0x8c3f2f23) mem 0x80010000 0x00000001
core   0: 0x8000a72a (0x0000bfe5) c.j     pc - 8
core   0: 3 0x8000a72a (0xbfe5)
core   0: 0x8000a722 (0x00006f17) auipc   t5, 0x6
core   0: 3 0x8000a722 (0x00006f17) x30 0x80010722
core   0: 0x8000a726 (0x8c3f2f23) sw      gp, -1826(t5)
core   0: 3 0x8000a726 (0x8c3f2f23) mem 0x80010000 0x00000001
core   0: 0x8000a72a (0x0000bfe5) c.j     pc - 8
core   0: 3 0x8000a72a (0xbfe5)
core   0: 0x8000a722 (0x00006f17) auipc   t5, 0x6
core   0: 3 0x8000a722 (0x00006f17) x30 0x80010722
core   0: 0x8000a726 (0x8c3f2f23) sw      gp, -1826(t5)
core   0: 3 0x8000a726 (0x8c3f2f23) mem 0x80010000 0x00000001
core   0: 0x8000a72a (0x0000bfe5) c.j     pc - 8
core   0: 3 0x8000a72a (0xbfe5)
core   0: 0x8000a722 (0x00006f17) auipc   t5, 0x6
core   0: 3 0x8000a722 (0x00006f17) x30 0x80010722
core   0: 0x8000a726 (0x8c3f2f23) sw      gp, -1826(t5)
core   0: 3 0x8000a726 (0x8c3f2f23) mem 0x80010000 0x00000001
core   0: 0x8000a72a (0x0000bfe5) c.j     pc - 8
core   0: 3 0x8000a72a (0xbfe5)
core   0: 0x8000a722 (0x00006f17) auipc   t5, 0x6
core   0: 3 0x8000a722 (0x00006f17) x30 0x80010722
core   0: 0x8000a726 (0x8c3f2f23) sw      gp, -1826(t5)
core   0: 3 0x8000a726 (0x8c3f2f23) mem 0x80010000 0x00000001
core   0: 0x8000a72a (0x0000bfe5) c.j     pc - 8
core   0: 3 0x8000a72a (0xbfe5)
core   0: 0x8000a722 (0x00006f17) auipc   t5, 0x6
core   0: 3 0x8000a722 (0x00006f17) x30 0x80010722
core   0: 0x8000a726 (0x8c3f2f23) sw      gp, -1826(t5)
core   0: 3 0x8000a726 (0x8c3f2f23) mem 0x80010000 0x00000001
core   0: 0x8000a72a (0x0000bfe5) c.j     pc - 8
core   0: 3 0x8000a72a (0xbfe5)
core   0: 0x8000a722 (0x00006f17) auipc   t5, 0x6
core   0: 3 0x8000a722 (0x00006f17) x30 0x80010722
core   0: 0x8000a726 (0x8c3f2f23) sw      gp, -1826(t5)
core   0: 3 0x8000a726 (0x8c3f2f23) mem 0x80010000 0x00000001
core   0: 0x8000a72a (0x0000bfe5) c.j     pc - 8
core   0: 3 0x8000a72a (0xbfe5)
core   0: 0x8000a722 (0x00006f17) auipc   t5, 0x6
core   0: 3 0x8000a722 (0x00006f17) x30 0x80010722
core   0: 0x8000a726 (0x8c3f2f23) sw      gp, -1826(t5)
core   0: 3 0x8000a726 (0x8c3f2f23) mem 0x80010000 0x00000001
core   0: 0x8000a72a (0x0000bfe5) c.j     pc - 8
core   0: 3 0x8000a72a (0xbfe5)
core   0: 0x8000a722 (0x00006f17) auipc   t5, 0x6
core   0: 3 0x8000a722 (0x00006f17) x30 0x80010722
core   0: 0x8000a726 (0x8c3f2f23) sw      gp, -1826(t5)
core   0: 3 0x8000a726 (0x8c3f2f23) mem 0x80010000 0x00000001
core   0: 0x8000a72a (0x0000bfe5) c.j     pc - 8
core   0: 3 0x8000a72a (0xbfe5)
core   0: 0x8000a722 (0x00006f17) auipc   t5, 0x6
core   0: 3 0x8000a722 (0x00006f17) x30 0x80010722
core   0: 0x8000a726 (0x8c3f2f23) sw      gp, -1826(t5)
core   0: 3 0x8000a726 (0x8c3f2f23) mem 0x80010000 0x00000001
core   0: 0x8000a72a (0x0000bfe5) c.j     pc - 8
core   0: 3 0x8000a72a (0xbfe5)
core   0: 0x8000a722 (0x00006f17) auipc   t5, 0x6
core   0: 3 0x8000a722 (0x00006f17) x30 0x80010722
core   0: 0x8000a726 (0x8c3f2f23) sw      gp, -1826(t5)
core   0: 3 0x8000a726 (0x8c3f2f23) mem 0x80010000 0x00000001
core   0: 0x8000a72a (0x0000bfe5) c.j     pc - 8
core   0: 3 0x8000a72a (0xbfe5)
core   0: 0x8000a722 (0x00006f17) auipc   t5, 0x6
core   0: 3 0x8000a722 (0x00006f17) x30 0x80010722
core   0: 0x8000a726 (0x8c3f2f23) sw      gp, -1826(t5)
core   0: 3 0x8000a726 (0x8c3f2f23) mem 0x80010000 0x00000001
core   0: 0x8000a72a (0x0000bfe5) c.j     pc - 8
core   0: 3 0x8000a72a (0xbfe5)
core   0: 0x8000a722 (0x00006f17) auipc   t5, 0x6
core   0: 3 0x8000a722 (0x00006f17) x30 0x80010722
core   0: 0x8000a726 (0x8c3f2f23) sw      gp, -1826(t5)
core   0: 3 0x8000a726 (0x8c3f2f23) mem 0x80010000 0x00000001
core   0: 0x8000a72a (0x0000bfe5) c.j     pc - 8
core   0: 3 0x8000a72a (0xbfe5)
core   0: 0x8000a722 (0x00006f17) auipc   t5, 0x6
core   0: 3 0x8000a722 (0x00006f17) x30 0x80010722
core   0: 0x8000a726 (0x8c3f2f23) sw      gp, -1826(t5)
core   0: 3 0x8000a726 (0x8c3f2f23) mem 0x80010000 0x00000001
core   0: 0x8000a72a (0x0000bfe5) c.j     pc - 8
core   0: 3 0x8000a72a (0xbfe5)
core   0: 0x8000a722 (0x00006f17) auipc   t5, 0x6
core   0: 3 0x8000a722 (0x00006f17) x30 0x80010722
core   0: 0x8000a726 (0x8c3f2f23) sw      gp, -1826(t5)
core   0: 3 0x8000a726 (0x8c3f2f23) mem 0x80010000 0x00000001
core   0: 0x8000a72a (0x0000bfe5) c.j     pc - 8
core   0: 3 0x8000a72a (0xbfe5)
core   0: 0x8000a722 (0x00006f17) auipc   t5, 0x6
core   0: 3 0x8000a722 (0x00006f17) x30 0x80010722
core   0: 0x8000a726 (0x8c3f2f23) sw      gp, -1826(t5)
core   0: 3 0x8000a726 (0x8c3f2f23) mem 0x80010000 0x00000001
core   0: 0x8000a72a (0x0000bfe5) c.j     pc - 8
core   0: 3 0x8000a72a (0xbfe5)
core   0: 0x8000a722 (0x00006f17) auipc   t5, 0x6
core   0: 3 0x8000a722 (0x00006f17) x30 0x80010722
core   0: 0x8000a726 (0x8c3f2f23) sw      gp, -1826(t5)
core   0: 3 0x8000a726 (0x8c3f2f23) mem 0x80010000 0x00000001
core   0: 0x8000a72a (0x0000bfe5) c.j     pc - 8
core   0: 3 0x8000a72a (0xbfe5)
core   0: 0x8000a722 (0x00006f17) auipc   t5, 0x6
core   0: 3 0x8000a722 (0x00006f17) x30 0x80010722
core   0: 0x8000a726 (0x8c3f2f23) sw      gp, -1826(t5)
core   0: 3 0x8000a726 (0x8c3f2f23) mem 0x80010000 0x00000001
core   0: 0x8000a72a (0x0000bfe5) c.j     pc - 8
core   0: 3 0x8000a72a (0xbfe5)
core   0: 0x8000a722 (0x00006f17) auipc   t5, 0x6
core   0: 3 0x8000a722 (0x00006f17) x30 0x80010722
core   0: 0x8000a726 (0x8c3f2f23) sw      gp, -1826(t5)
core   0: 3 0x8000a726 (0x8c3f2f23) mem 0x80010000 0x00000001
core   0: 0x8000a72a (0x0000bfe5) c.j     pc - 8
core   0: 3 0x8000a72a (0xbfe5)
core   0: 0x8000a722 (0x00006f17) auipc   t5, 0x6
core   0: 3 0x8000a722 (0x00006f17) x30 0x80010722
core   0: 0x8000a726 (0x8c3f2f23) sw      gp, -1826(t5)
core   0: 3 0x8000a726 (0x8c3f2f23) mem 0x80010000 0x00000001
core   0: 0x8000a72a (0x0000bfe5) c.j     pc - 8
core   0: 3 0x8000a72a (0xbfe5)
core   0: 0x8000a722 (0x00006f17) auipc   t5, 0x6
core   0: 3 0x8000a722 (0x00006f17) x30 0x80010722
core   0: 0x8000a726 (0x8c3f2f23) sw      gp, -1826(t5)
core   0: 3 0x8000a726 (0x8c3f2f23) mem 0x80010000 0x00000001
core   0: 0x8000a72a (0x0000bfe5) c.j     pc - 8
core   0: 3 0x8000a72a (0xbfe5)
core   0: 0x8000a722 (0x00006f17) auipc   t5, 0x6
core   0: 3 0x8000a722 (0x00006f17) x30 0x80010722
core   0: 0x8000a726 (0x8c3f2f23) sw      gp, -1826(t5)
core   0: 3 0x8000a726 (0x8c3f2f23) mem 0x80010000 0x00000001
core   0: 0x8000a72a (0x0000bfe5) c.j     pc - 8
core   0: 3 0x8000a72a (0xbfe5)
core   0: 0x8000a722 (0x00006f17) auipc   t5, 0x6
core   0: 3 0x8000a722 (0x00006f17) x30 0x80010722
core   0: 0x8000a726 (0x8c3f2f23) sw      gp, -1826(t5)
core   0: 3 0x8000a726 (0x8c3f2f23) mem 0x80010000 0x00000001
core   0: 0x8000a72a (0x0000bfe5) c.j     pc - 8
core   0: 3 0x8000a72a (0xbfe5)
core   0: 0x8000a722 (0x00006f17) auipc   t5, 0x6
core   0: 3 0x8000a722 (0x00006f17) x30 0x80010722
core   0: 0x8000a726 (0x8c3f2f23) sw      gp, -1826(t5)
core   0: 3 0x8000a726 (0x8c3f2f23) mem 0x80010000 0x00000001
core   0: 0x8000a72a (0x0000bfe5) c.j     pc - 8
core   0: 3 0x8000a72a (0xbfe5)
core   0: 0x8000a722 (0x00006f17) auipc   t5, 0x6
core   0: 3 0x8000a722 (0x00006f17) x30 0x80010722
core   0: 0x8000a726 (0x8c3f2f23) sw      gp, -1826(t5)
core   0: 3 0x8000a726 (0x8c3f2f23) mem 0x80010000 0x00000001
core   0: 0x8000a72a (0x0000bfe5) c.j     pc - 8
core   0: 3 0x8000a72a (0xbfe5)
core   0: 0x8000a722 (0x00006f17) auipc   t5, 0x6
core   0: 3 0x8000a722 (0x00006f17) x30 0x80010722
core   0: 0x8000a726 (0x8c3f2f23) sw      gp, -1826(t5)
core   0: 3 0x8000a726 (0x8c3f2f23) mem 0x80010000 0x00000001
core   0: 0x8000a72a (0x0000bfe5) c.j     pc - 8
core   0: 3 0x8000a72a (0xbfe5)
core   0: 0x8000a722 (0x00006f17) auipc   t5, 0x6
core   0: 3 0x8000a722 (0x00006f17) x30 0x80010722
core   0: 0x8000a726 (0x8c3f2f23) sw      gp, -1826(t5)
core   0: 3 0x8000a726 (0x8c3f2f23) mem 0x80010000 0x00000001
core   0: 0x8000a72a (0x0000bfe5) c.j     pc - 8
core   0: 3 0x8000a72a (0xbfe5)
core   0: 0x8000a722 (0x00006f17) auipc   t5, 0x6
core   0: 3 0x8000a722 (0x00006f17) x30 0x80010722
core   0: 0x8000a726 (0x8c3f2f23) sw      gp, -1826(t5)
core   0: 3 0x8000a726 (0x8c3f2f23) mem 0x80010000 0x00000001
core   0: 0x8000a72a (0x0000bfe5) c.j     pc - 8
core   0: 3 0x8000a72a (0xbfe5)
core   0: 0x8000a722 (0x00006f17) auipc   t5, 0x6
core   0: 3 0x8000a722 (0x00006f17) x30 0x80010722
core   0: 0x8000a726 (0x8c3f2f23) sw      gp, -1826(t5)
core   0: 3 0x8000a726 (0x8c3f2f23) mem 0x80010000 0x00000001
core   0: 0x8000a72a (0x0000bfe5) c.j     pc - 8
core   0: 3 0x8000a72a (0xbfe5)
core   0: 0x8000a722 (0x00006f17) auipc   t5, 0x6
core   0: 3 0x8000a722 (0x00006f17) x30 0x80010722
core   0: 0x8000a726 (0x8c3f2f23) sw      gp, -1826(t5)
core   0: 3 0x8000a726 (0x8c3f2f23) mem 0x80010000 0x00000001
core   0: 0x8000a72a (0x0000bfe5) c.j     pc - 8
core   0: 3 0x8000a72a (0xbfe5)
core   0: 0x8000a722 (0x00006f17) auipc   t5, 0x6
core   0: 3 0x8000a722 (0x00006f17) x30 0x80010722
core   0: 0x8000a726 (0x8c3f2f23) sw      gp, -1826(t5)
core   0: 3 0x8000a726 (0x8c3f2f23) mem 0x80010000 0x00000001
core   0: 0x8000a72a (0x0000bfe5) c.j     pc - 8
core   0: 3 0x8000a72a (0xbfe5)
core   0: 0x8000a722 (0x00006f17) auipc   t5, 0x6
core   0: 3 0x8000a722 (0x00006f17) x30 0x80010722
core   0: 0x8000a726 (0x8c3f2f23) sw      gp, -1826(t5)
core   0: 3 0x8000a726 (0x8c3f2f23) mem 0x80010000 0x00000001
core   0: 0x8000a72a (0x0000bfe5) c.j     pc - 8
core   0: 3 0x8000a72a (0xbfe5)
core   0: 0x8000a722 (0x00006f17) auipc   t5, 0x6
core   0: 3 0x8000a722 (0x00006f17) x30 0x80010722
core   0: 0x8000a726 (0x8c3f2f23) sw      gp, -1826(t5)
core   0: 3 0x8000a726 (0x8c3f2f23) mem 0x80010000 0x00000001
core   0: 0x8000a72a (0x0000bfe5) c.j     pc - 8
core   0: 3 0x8000a72a (0xbfe5)
core   0: 0x8000a722 (0x00006f17) auipc   t5, 0x6
core   0: 3 0x8000a722 (0x00006f17) x30 0x80010722
core   0: 0x8000a726 (0x8c3f2f23) sw      gp, -1826(t5)
core   0: 3 0x8000a726 (0x8c3f2f23) mem 0x80010000 0x00000001
core   0: 0x8000a72a (0x0000bfe5) c.j     pc - 8
core   0: 3 0x8000a72a (0xbfe5)
core   0: 0x8000a722 (0x00006f17) auipc   t5, 0x6
core   0: 3 0x8000a722 (0x00006f17) x30 0x80010722
core   0: 0x8000a726 (0x8c3f2f23) sw      gp, -1826(t5)
core   0: 3 0x8000a726 (0x8c3f2f23) mem 0x80010000 0x00000001
core   0: 0x8000a72a (0x0000bfe5) c.j     pc - 8
core   0: 3 0x8000a72a (0xbfe5)
core   0: 0x8000a722 (0x00006f17) auipc   t5, 0x6
core   0: 3 0x8000a722 (0x00006f17) x30 0x80010722
core   0: 0x8000a726 (0x8c3f2f23) sw      gp, -1826(t5)
core   0: 3 0x8000a726 (0x8c3f2f23) mem 0x80010000 0x00000001
core   0: 0x8000a72a (0x0000bfe5) c.j     pc - 8
core   0: 3 0x8000a72a (0xbfe5)
core   0: 0x8000a722 (0x00006f17) auipc   t5, 0x6
core   0: 3 0x8000a722 (0x00006f17) x30 0x80010722
core   0: 0x8000a726 (0x8c3f2f23) sw      gp, -1826(t5)
core   0: 3 0x8000a726 (0x8c3f2f23) mem 0x80010000 0x00000001
core   0: 0x8000a72a (0x0000bfe5) c.j     pc - 8
core   0: 3 0x8000a72a (0xbfe5)
core   0: 0x8000a722 (0x00006f17) auipc   t5, 0x6
core   0: 3 0x8000a722 (0x00006f17) x30 0x80010722
core   0: 0x8000a726 (0x8c3f2f23) sw      gp, -1826(t5)
core   0: 3 0x8000a726 (0x8c3f2f23) mem 0x80010000 0x00000001
core   0: 0x8000a72a (0x0000bfe5) c.j     pc - 8
core   0: 3 0x8000a72a (0xbfe5)
core   0: 0x8000a722 (0x00006f17) auipc   t5, 0x6
core   0: 3 0x8000a722 (0x00006f17) x30 0x80010722
core   0: 0x8000a726 (0x8c3f2f23) sw      gp, -1826(t5)
core   0: 3 0x8000a726 (0x8c3f2f23) mem 0x80010000 0x00000001
core   0: 0x8000a72a (0x0000bfe5) c.j     pc - 8
core   0: 3 0x8000a72a (0xbfe5)
core   0: 0x8000a722 (0x00006f17) auipc   t5, 0x6
core   0: 3 0x8000a722 (0x00006f17) x30 0x80010722
core   0: 0x8000a726 (0x8c3f2f23) sw      gp, -1826(t5)
core   0: 3 0x8000a726 (0x8c3f2f23) mem 0x80010000 0x00000001
core   0: 0x8000a72a (0x0000bfe5) c.j     pc - 8
core   0: 3 0x8000a72a (0xbfe5)
core   0: 0x8000a722 (0x00006f17) auipc   t5, 0x6
core   0: 3 0x8000a722 (0x00006f17) x30 0x80010722
core   0: 0x8000a726 (0x8c3f2f23) sw      gp, -1826(t5)
core   0: 3 0x8000a726 (0x8c3f2f23) mem 0x80010000 0x00000001
core   0: 0x8000a72a (0x0000bfe5) c.j     pc - 8
core   0: 3 0x8000a72a (0xbfe5)
core   0: 0x8000a722 (0x00006f17) auipc   t5, 0x6
core   0: 3 0x8000a722 (0x00006f17) x30 0x80010722
core   0: 0x8000a726 (0x8c3f2f23) sw      gp, -1826(t5)
core   0: 3 0x8000a726 (0x8c3f2f23) mem 0x80010000 0x00000001
core   0: 0x8000a72a (0x0000bfe5) c.j     pc - 8
core   0: 3 0x8000a72a (0xbfe5)
core   0: 0x8000a722 (0x00006f17) auipc   t5, 0x6
core   0: 3 0x8000a722 (0x00006f17) x30 0x80010722
core   0: 0x8000a726 (0x8c3f2f23) sw      gp, -1826(t5)
core   0: 3 0x8000a726 (0x8c3f2f23) mem 0x80010000 0x00000001
core   0: 0x8000a72a (0x0000bfe5) c.j     pc - 8
core   0: 3 0x8000a72a (0xbfe5)
core   0: 0x8000a722 (0x00006f17) auipc   t5, 0x6
core   0: 3 0x8000a722 (0x00006f17) x30 0x80010722
core   0: 0x8000a726 (0x8c3f2f23) sw      gp, -1826(t5)
core   0: 3 0x8000a726 (0x8c3f2f23) mem 0x80010000 0x00000001
core   0: 0x8000a72a (0x0000bfe5) c.j     pc - 8
core   0: 3 0x8000a72a (0xbfe5)
core   0: 0x8000a722 (0x00006f17) auipc   t5, 0x6
core   0: 3 0x8000a722 (0x00006f17) x30 0x80010722
core   0: 0x8000a726 (0x8c3f2f23) sw      gp, -1826(t5)
core   0: 3 0x8000a726 (0x8c3f2f23) mem 0x80010000 0x00000001
core   0: 0x8000a72a (0x0000bfe5) c.j     pc - 8
core   0: 3 0x8000a72a (0xbfe5)
core   0: 0x8000a722 (0x00006f17) auipc   t5, 0x6
core   0: 3 0x8000a722 (0x00006f17) x30 0x80010722
core   0: 0x8000a726 (0x8c3f2f23) sw      gp, -1826(t5)
core   0: 3 0x8000a726 (0x8c3f2f23) mem 0x80010000 0x00000001
core   0: 0x8000a72a (0x0000bfe5) c.j     pc - 8
core   0: 3 0x8000a72a (0xbfe5)
core   0: 0x8000a722 (0x00006f17) auipc   t5, 0x6
core   0: 3 0x8000a722 (0x00006f17) x30 0x80010722
core   0: 0x8000a726 (0x8c3f2f23) sw      gp, -1826(t5)
core   0: 3 0x8000a726 (0x8c3f2f23) mem 0x80010000 0x00000001
core   0: 0x8000a72a (0x0000bfe5) c.j     pc - 8
core   0: 3 0x8000a72a (0xbfe5)
core   0: 0x8000a722 (0x00006f17) auipc   t5, 0x6
core   0: 3 0x8000a722 (0x00006f17) x30 0x80010722
core   0: 0x8000a726 (0x8c3f2f23) sw      gp, -1826(t5)
core   0: 3 0x8000a726 (0x8c3f2f23) mem 0x80010000 0x00000001
core   0: 0x8000a72a (0x0000bfe5) c.j     pc - 8
core   0: 3 0x8000a72a (0xbfe5)
core   0: 0x8000a722 (0x00006f17) auipc   t5, 0x6
core   0: 3 0x8000a722 (0x00006f17) x30 0x80010722
core   0: 0x8000a726 (0x8c3f2f23) sw      gp, -1826(t5)
core   0: 3 0x8000a726 (0x8c3f2f23) mem 0x80010000 0x00000001
core   0: 0x8000a72a (0x0000bfe5) c.j     pc - 8
core   0: 3 0x8000a72a (0xbfe5)
core   0: 0x8000a722 (0x00006f17) auipc   t5, 0x6
core   0: 3 0x8000a722 (0x00006f17) x30 0x80010722
core   0: 0x8000a726 (0x8c3f2f23) sw      gp, -1826(t5)
core   0: 3 0x8000a726 (0x8c3f2f23) mem 0x80010000 0x00000001
core   0: 0x8000a72a (0x0000bfe5) c.j     pc - 8
core   0: 3 0x8000a72a (0xbfe5)
core   0: 0x8000a722 (0x00006f17) auipc   t5, 0x6
core   0: 3 0x8000a722 (0x00006f17) x30 0x80010722
core   0: 0x8000a726 (0x8c3f2f23) sw      gp, -1826(t5)
core   0: 3 0x8000a726 (0x8c3f2f23) mem 0x80010000 0x00000001
core   0: 0x8000a72a (0x0000bfe5) c.j     pc - 8
core   0: 3 0x8000a72a (0xbfe5)
core   0: 0x8000a722 (0x00006f17) auipc   t5, 0x6
core   0: 3 0x8000a722 (0x00006f17) x30 0x80010722
core   0: 0x8000a726 (0x8c3f2f23) sw      gp, -1826(t5)
core   0: 3 0x8000a726 (0x8c3f2f23) mem 0x80010000 0x00000001
core   0: 0x8000a72a (0x0000bfe5) c.j     pc - 8
core   0: 3 0x8000a72a (0xbfe5)
core   0: 0x8000a722 (0x00006f17) auipc   t5, 0x6
core   0: 3 0x8000a722 (0x00006f17) x30 0x80010722
core   0: 0x8000a726 (0x8c3f2f23) sw      gp, -1826(t5)
core   0: 3 0x8000a726 (0x8c3f2f23) mem 0x80010000 0x00000001
core   0: 0x8000a72a (0x0000bfe5) c.j     pc - 8
core   0: 3 0x8000a72a (0xbfe5)
core   0: 0x8000a722 (0x00006f17) auipc   t5, 0x6
core   0: 3 0x8000a722 (0x00006f17) x30 0x80010722
core   0: 0x8000a726 (0x8c3f2f23) sw      gp, -1826(t5)
core   0: 3 0x8000a726 (0x8c3f2f23) mem 0x80010000 0x00000001
core   0: 0x8000a72a (0x0000bfe5) c.j     pc - 8
core   0: 3 0x8000a72a (0xbfe5)
core   0: 0x8000a722 (0x00006f17) auipc   t5, 0x6
core   0: 3 0x8000a722 (0x00006f17) x30 0x80010722
core   0: 0x8000a726 (0x8c3f2f23) sw      gp, -1826(t5)
core   0: 3 0x8000a726 (0x8c3f2f23) mem 0x80010000 0x00000001
core   0: 0x8000a72a (0x0000bfe5) c.j     pc - 8
core   0: 3 0x8000a72a (0xbfe5)
core   0: 0x8000a722 (0x00006f17) auipc   t5, 0x6
core   0: 3 0x8000a722 (0x00006f17) x30 0x80010722
core   0: 0x8000a726 (0x8c3f2f23) sw      gp, -1826(t5)
core   0: 3 0x8000a726 (0x8c3f2f23) mem 0x80010000 0x00000001
core   0: 0x8000a72a (0x0000bfe5) c.j     pc - 8
core   0: 3 0x8000a72a (0xbfe5)
core   0: 0x8000a722 (0x00006f17) auipc   t5, 0x6
core   0: 3 0x8000a722 (0x00006f17) x30 0x80010722
core   0: 0x8000a726 (0x8c3f2f23) sw      gp, -1826(t5)
core   0: 3 0x8000a726 (0x8c3f2f23) mem 0x80010000 0x00000001
core   0: 0x8000a72a (0x0000bfe5) c.j     pc - 8
core   0: 3 0x8000a72a (0xbfe5)
core   0: 0x8000a722 (0x00006f17) auipc   t5, 0x6
core   0: 3 0x8000a722 (0x00006f17) x30 0x80010722
core   0: 0x8000a726 (0x8c3f2f23) sw      gp, -1826(t5)
core   0: 3 0x8000a726 (0x8c3f2f23) mem 0x80010000 0x00000001
core   0: 0x8000a72a (0x0000bfe5) c.j     pc - 8
core   0: 3 0x8000a72a (0xbfe5)
core   0: 0x8000a722 (0x00006f17) auipc   t5, 0x6
core   0: 3 0x8000a722 (0x00006f17) x30 0x80010722
core   0: 0x8000a726 (0x8c3f2f23) sw      gp, -1826(t5)
core   0: 3 0x8000a726 (0x8c3f2f23) mem 0x80010000 0x00000001
core   0: 0x8000a72a (0x0000bfe5) c.j     pc - 8
core   0: 3 0x8000a72a (0xbfe5)
core   0: 0x8000a722 (0x00006f17) auipc   t5, 0x6
core   0: 3 0x8000a722 (0x00006f17) x30 0x80010722
core   0: 0x8000a726 (0x8c3f2f23) sw      gp, -1826(t5)
core   0: 3 0x8000a726 (0x8c3f2f23) mem 0x80010000 0x00000001
core   0: 0x8000a72a (0x0000bfe5) c.j     pc - 8
core   0: 3 0x8000a72a (0xbfe5)
core   0: 0x8000a722 (0x00006f17) auipc   t5, 0x6
core   0: 3 0x8000a722 (0x00006f17) x30 0x80010722
core   0: 0x8000a726 (0x8c3f2f23) sw      gp, -1826(t5)
core   0: 3 0x8000a726 (0x8c3f2f23) mem 0x80010000 0x00000001
core   0: 0x8000a72a (0x0000bfe5) c.j     pc - 8
core   0: 3 0x8000a72a (0xbfe5)
core   0: 0x8000a722 (0x00006f17) auipc   t5, 0x6
core   0: 3 0x8000a722 (0x00006f17) x30 0x80010722
core   0: 0x8000a726 (0x8c3f2f23) sw      gp, -1826(t5)
core   0: 3 0x8000a726 (0x8c3f2f23) mem 0x80010000 0x00000001
core   0: 0x8000a72a (0x0000bfe5) c.j     pc - 8
core   0: 3 0x8000a72a (0xbfe5)
core   0: 0x8000a722 (0x00006f17) auipc   t5, 0x6
core   0: 3 0x8000a722 (0x00006f17) x30 0x80010722
core   0: 0x8000a726 (0x8c3f2f23) sw      gp, -1826(t5)
core   0: 3 0x8000a726 (0x8c3f2f23) mem 0x80010000 0x00000001
core   0: 0x8000a72a (0x0000bfe5) c.j     pc - 8
core   0: 3 0x8000a72a (0xbfe5)
core   0: 0x8000a722 (0x00006f17) auipc   t5, 0x6
core   0: 3 0x8000a722 (0x00006f17) x30 0x80010722
core   0: 0x8000a726 (0x8c3f2f23) sw      gp, -1826(t5)
core   0: 3 0x8000a726 (0x8c3f2f23) mem 0x80010000 0x00000001
core   0: 0x8000a72a (0x0000bfe5) c.j     pc - 8
core   0: 3 0x8000a72a (0xbfe5)
core   0: 0x8000a722 (0x00006f17) auipc   t5, 0x6
core   0: 3 0x8000a722 (0x00006f17) x30 0x80010722
core   0: 0x8000a726 (0x8c3f2f23) sw      gp, -1826(t5)
core   0: 3 0x8000a726 (0x8c3f2f23) mem 0x80010000 0x00000001
core   0: 0x8000a72a (0x0000bfe5) c.j     pc - 8
core   0: 3 0x8000a72a (0xbfe5)
core   0: 0x8000a722 (0x00006f17) auipc   t5, 0x6
core   0: 3 0x8000a722 (0x00006f17) x30 0x80010722
core   0: 0x8000a726 (0x8c3f2f23) sw      gp, -1826(t5)
core   0: 3 0x8000a726 (0x8c3f2f23) mem 0x80010000 0x00000001
core   0: 0x8000a72a (0x0000bfe5) c.j     pc - 8
core   0: 3 0x8000a72a (0xbfe5)
core   0: 0x8000a722 (0x00006f17) auipc   t5, 0x6
core   0: 3 0x8000a722 (0x00006f17) x30 0x80010722
core   0: 0x8000a726 (0x8c3f2f23) sw      gp, -1826(t5)
core   0: 3 0x8000a726 (0x8c3f2f23) mem 0x80010000 0x00000001
core   0: 0x8000a72a (0x0000bfe5) c.j     pc - 8
core   0: 3 0x8000a72a (0xbfe5)
core   0: 0x8000a722 (0x00006f17) auipc   t5, 0x6
core   0: 3 0x8000a722 (0x00006f17) x30 0x80010722
core   0: 0x8000a726 (0x8c3f2f23) sw      gp, -1826(t5)
core   0: 3 0x8000a726 (0x8c3f2f23) mem 0x80010000 0x00000001
core   0: 0x8000a72a (0x0000bfe5) c.j     pc - 8
core   0: 3 0x8000a72a (0xbfe5)
core   0: 0x8000a722 (0x00006f17) auipc   t5, 0x6
core   0: 3 0x8000a722 (0x00006f17) x30 0x80010722
core   0: 0x8000a726 (0x8c3f2f23) sw      gp, -1826(t5)
core   0: 3 0x8000a726 (0x8c3f2f23) mem 0x80010000 0x00000001
core   0: 0x8000a72a (0x0000bfe5) c.j     pc - 8
core   0: 3 0x8000a72a (0xbfe5)
core   0: 0x8000a722 (0x00006f17) auipc   t5, 0x6
core   0: 3 0x8000a722 (0x00006f17) x30 0x80010722
core   0: 0x8000a726 (0x8c3f2f23) sw      gp, -1826(t5)
core   0: 3 0x8000a726 (0x8c3f2f23) mem 0x80010000 0x00000001
core   0: 0x8000a72a (0x0000bfe5) c.j     pc - 8
core   0: 3 0x8000a72a (0xbfe5)
core   0: 0x8000a722 (0x00006f17) auipc   t5, 0x6
core   0: 3 0x8000a722 (0x00006f17) x30 0x80010722
core   0: 0x8000a726 (0x8c3f2f23) sw      gp, -1826(t5)
core   0: 3 0x8000a726 (0x8c3f2f23) mem 0x80010000 0x00000001
core   0: 0x8000a72a (0x0000bfe5) c.j     pc - 8
core   0: 3 0x8000a72a (0xbfe5)
core   0: 0x8000a722 (0x00006f17) auipc   t5, 0x6
core   0: 3 0x8000a722 (0x00006f17) x30 0x80010722
core   0: 0x8000a726 (0x8c3f2f23) sw      gp, -1826(t5)
core   0: 3 0x8000a726 (0x8c3f2f23) mem 0x80010000 0x00000001
core   0: 0x8000a72a (0x0000bfe5) c.j     pc - 8
core   0: 3 0x8000a72a (0xbfe5)
core   0: 0x8000a722 (0x00006f17) auipc   t5, 0x6
core   0: 3 0x8000a722 (0x00006f17) x30 0x80010722
core   0: 0x8000a726 (0x8c3f2f23) sw      gp, -1826(t5)
core   0: 3 0x8000a726 (0x8c3f2f23) mem 0x80010000 0x00000001
core   0: 0x8000a72a (0x0000bfe5) c.j     pc - 8
core   0: 3 0x8000a72a (0xbfe5)
core   0: 0x8000a722 (0x00006f17) auipc   t5, 0x6
core   0: 3 0x8000a722 (0x00006f17) x30 0x80010722
core   0: 0x8000a726 (0x8c3f2f23) sw      gp, -1826(t5)
core   0: 3 0x8000a726 (0x8c3f2f23) mem 0x80010000 0x00000001
core   0: 0x8000a72a (0x0000bfe5) c.j     pc - 8
core   0: 3 0x8000a72a (0xbfe5)
core   0: 0x8000a722 (0x00006f17) auipc   t5, 0x6
core   0: 3 0x8000a722 (0x00006f17) x30 0x80010722
core   0: 0x8000a726 (0x8c3f2f23) sw      gp, -1826(t5)
core   0: 3 0x8000a726 (0x8c3f2f23) mem 0x80010000 0x00000001
core   0: 0x8000a72a (0x0000bfe5) c.j     pc - 8
core   0: 3 0x8000a72a (0xbfe5)
core   0: 0x8000a722 (0x00006f17) auipc   t5, 0x6
core   0: 3 0x8000a722 (0x00006f17) x30 0x80010722
core   0: 0x8000a726 (0x8c3f2f23) sw      gp, -1826(t5)
core   0: 3 0x8000a726 (0x8c3f2f23) mem 0x80010000 0x00000001
core   0: 0x8000a72a (0x0000bfe5) c.j     pc - 8
core   0: 3 0x8000a72a (0xbfe5)
core   0: 0x8000a722 (0x00006f17) auipc   t5, 0x6
core   0: 3 0x8000a722 (0x00006f17) x30 0x80010722
core   0: 0x8000a726 (0x8c3f2f23) sw      gp, -1826(t5)
core   0: 3 0x8000a726 (0x8c3f2f23) mem 0x80010000 0x00000001
core   0: 0x8000a72a (0x0000bfe5) c.j     pc - 8
core   0: 3 0x8000a72a (0xbfe5)
core   0: 0x8000a722 (0x00006f17) auipc   t5, 0x6
core   0: 3 0x8000a722 (0x00006f17) x30 0x80010722
core   0: 0x8000a726 (0x8c3f2f23) sw      gp, -1826(t5)
core   0: 3 0x8000a726 (0x8c3f2f23) mem 0x80010000 0x00000001
core   0: 0x8000a72a (0x0000bfe5) c.j     pc - 8
core   0: 3 0x8000a72a (0xbfe5)
core   0: 0x8000a722 (0x00006f17) auipc   t5, 0x6
core   0: 3 0x8000a722 (0x00006f17) x30 0x80010722
core   0: 0x8000a726 (0x8c3f2f23) sw      gp, -1826(t5)
core   0: 3 0x8000a726 (0x8c3f2f23) mem 0x80010000 0x00000001
core   0: 0x8000a72a (0x0000bfe5) c.j     pc - 8
core   0: 3 0x8000a72a (0xbfe5)
core   0: 0x8000a722 (0x00006f17) auipc   t5, 0x6
core   0: 3 0x8000a722 (0x00006f17) x30 0x80010722
core   0: 0x8000a726 (0x8c3f2f23) sw      gp, -1826(t5)
core   0: 3 0x8000a726 (0x8c3f2f23) mem 0x80010000 0x00000001
core   0: 0x8000a72a (0x0000bfe5) c.j     pc - 8
core   0: 3 0x8000a72a (0xbfe5)
core   0: 0x8000a722 (0x00006f17) auipc   t5, 0x6
core   0: 3 0x8000a722 (0x00006f17) x30 0x80010722
core   0: 0x8000a726 (0x8c3f2f23) sw      gp, -1826(t5)
core   0: 3 0x8000a726 (0x8c3f2f23) mem 0x80010000 0x00000001
core   0: 0x8000a72a (0x0000bfe5) c.j     pc - 8
core   0: 3 0x8000a72a (0xbfe5)
core   0: 0x8000a722 (0x00006f17) auipc   t5, 0x6
core   0: 3 0x8000a722 (0x00006f17) x30 0x80010722
core   0: 0x8000a726 (0x8c3f2f23) sw      gp, -1826(t5)
core   0: 3 0x8000a726 (0x8c3f2f23) mem 0x80010000 0x00000001
core   0: 0x8000a72a (0x0000bfe5) c.j     pc - 8
core   0: 3 0x8000a72a (0xbfe5)
core   0: 0x8000a722 (0x00006f17) auipc   t5, 0x6
core   0: 3 0x8000a722 (0x00006f17) x30 0x80010722
core   0: 0x8000a726 (0x8c3f2f23) sw      gp, -1826(t5)
core   0: 3 0x8000a726 (0x8c3f2f23) mem 0x80010000 0x00000001
core   0: 0x8000a72a (0x0000bfe5) c.j     pc - 8
core   0: 3 0x8000a72a (0xbfe5)
core   0: 0x8000a722 (0x00006f17) auipc   t5, 0x6
core   0: 3 0x8000a722 (0x00006f17) x30 0x80010722
core   0: 0x8000a726 (0x8c3f2f23) sw      gp, -1826(t5)
core   0: 3 0x8000a726 (0x8c3f2f23) mem 0x80010000 0x00000001
core   0: 0x8000a72a (0x0000bfe5) c.j     pc - 8
core   0: 3 0x8000a72a (0xbfe5)
core   0: 0x8000a722 (0x00006f17) auipc   t5, 0x6
core   0: 3 0x8000a722 (0x00006f17) x30 0x80010722
core   0: 0x8000a726 (0x8c3f2f23) sw      gp, -1826(t5)
core   0: 3 0x8000a726 (0x8c3f2f23) mem 0x80010000 0x00000001
core   0: 0x8000a72a (0x0000bfe5) c.j     pc - 8
core   0: 3 0x8000a72a (0xbfe5)
core   0: 0x8000a722 (0x00006f17) auipc   t5, 0x6
core   0: 3 0x8000a722 (0x00006f17) x30 0x80010722
core   0: 0x8000a726 (0x8c3f2f23) sw      gp, -1826(t5)
core   0: 3 0x8000a726 (0x8c3f2f23) mem 0x80010000 0x00000001
core   0: 0x8000a72a (0x0000bfe5) c.j     pc - 8
core   0: 3 0x8000a72a (0xbfe5)
core   0: 0x8000a722 (0x00006f17) auipc   t5, 0x6
core   0: 3 0x8000a722 (0x00006f17) x30 0x80010722
core   0: 0x8000a726 (0x8c3f2f23) sw      gp, -1826(t5)
core   0: 3 0x8000a726 (0x8c3f2f23) mem 0x80010000 0x00000001
core   0: 0x8000a72a (0x0000bfe5) c.j     pc - 8
core   0: 3 0x8000a72a (0xbfe5)
core   0: 0x8000a722 (0x00006f17) auipc   t5, 0x6
core   0: 3 0x8000a722 (0x00006f17) x30 0x80010722
core   0: 0x8000a726 (0x8c3f2f23) sw      gp, -1826(t5)
core   0: 3 0x8000a726 (0x8c3f2f23) mem 0x80010000 0x00000001
core   0: 0x8000a72a (0x0000bfe5) c.j     pc - 8
core   0: 3 0x8000a72a (0xbfe5)
core   0: 0x8000a722 (0x00006f17) auipc   t5, 0x6
core   0: 3 0x8000a722 (0x00006f17) x30 0x80010722
core   0: 0x8000a726 (0x8c3f2f23) sw      gp, -1826(t5)
core   0: 3 0x8000a726 (0x8c3f2f23) mem 0x80010000 0x00000001
core   0: 0x8000a72a (0x0000bfe5) c.j     pc - 8
core   0: 3 0x8000a72a (0xbfe5)
core   0: 0x8000a722 (0x00006f17) auipc   t5, 0x6
core   0: 3 0x8000a722 (0x00006f17) x30 0x80010722
core   0: 0x8000a726 (0x8c3f2f23) sw      gp, -1826(t5)
core   0: 3 0x8000a726 (0x8c3f2f23) mem 0x80010000 0x00000001
core   0: 0x8000a72a (0x0000bfe5) c.j     pc - 8
core   0: 3 0x8000a72a (0xbfe5)
core   0: 0x8000a722 (0x00006f17) auipc   t5, 0x6
core   0: 3 0x8000a722 (0x00006f17) x30 0x80010722
core   0: 0x8000a726 (0x8c3f2f23) sw      gp, -1826(t5)
core   0: 3 0x8000a726 (0x8c3f2f23) mem 0x80010000 0x00000001
core   0: 0x8000a72a (0x0000bfe5) c.j     pc - 8
core   0: 3 0x8000a72a (0xbfe5)
core   0: 0x8000a722 (0x00006f17) auipc   t5, 0x6
core   0: 3 0x8000a722 (0x00006f17) x30 0x80010722
core   0: 0x8000a726 (0x8c3f2f23) sw      gp, -1826(t5)
core   0: 3 0x8000a726 (0x8c3f2f23) mem 0x80010000 0x00000001
core   0: 0x8000a72a (0x0000bfe5) c.j     pc - 8
core   0: 3 0x8000a72a (0xbfe5)
core   0: 0x8000a722 (0x00006f17) auipc   t5, 0x6
core   0: 3 0x8000a722 (0x00006f17) x30 0x80010722
core   0: 0x8000a726 (0x8c3f2f23) sw      gp, -1826(t5)
core   0: 3 0x8000a726 (0x8c3f2f23) mem 0x80010000 0x00000001
core   0: 0x8000a72a (0x0000bfe5) c.j     pc - 8
core   0: 3 0x8000a72a (0xbfe5)
core   0: 0x8000a722 (0x00006f17) auipc   t5, 0x6
core   0: 3 0x8000a722 (0x00006f17) x30 0x80010722
core   0: 0x8000a726 (0x8c3f2f23) sw      gp, -1826(t5)
core   0: 3 0x8000a726 (0x8c3f2f23) mem 0x80010000 0x00000001
core   0: 0x8000a72a (0x0000bfe5) c.j     pc - 8
core   0: 3 0x8000a72a (0xbfe5)
core   0: 0x8000a722 (0x00006f17) auipc   t5, 0x6
core   0: 3 0x8000a722 (0x00006f17) x30 0x80010722
core   0: 0x8000a726 (0x8c3f2f23) sw      gp, -1826(t5)
core   0: 3 0x8000a726 (0x8c3f2f23) mem 0x80010000 0x00000001
core   0: 0x8000a72a (0x0000bfe5) c.j     pc - 8
core   0: 3 0x8000a72a (0xbfe5)
core   0: 0x8000a722 (0x00006f17) auipc   t5, 0x6
core   0: 3 0x8000a722 (0x00006f17) x30 0x80010722
core   0: 0x8000a726 (0x8c3f2f23) sw      gp, -1826(t5)
core   0: 3 0x8000a726 (0x8c3f2f23) mem 0x80010000 0x00000001
core   0: 0x8000a72a (0x0000bfe5) c.j     pc - 8
core   0: 3 0x8000a72a (0xbfe5)
core   0: 0x8000a722 (0x00006f17) auipc   t5, 0x6
core   0: 3 0x8000a722 (0x00006f17) x30 0x80010722
core   0: 0x8000a726 (0x8c3f2f23) sw      gp, -1826(t5)
core   0: 3 0x8000a726 (0x8c3f2f23) mem 0x80010000 0x00000001
core   0: 0x8000a72a (0x0000bfe5) c.j     pc - 8
core   0: 3 0x8000a72a (0xbfe5)
core   0: 0x8000a722 (0x00006f17) auipc   t5, 0x6
core   0: 3 0x8000a722 (0x00006f17) x30 0x80010722
core   0: 0x8000a726 (0x8c3f2f23) sw      gp, -1826(t5)
core   0: 3 0x8000a726 (0x8c3f2f23) mem 0x80010000 0x00000001
core   0: 0x8000a72a (0x0000bfe5) c.j     pc - 8
core   0: 3 0x8000a72a (0xbfe5)
core   0: 0x8000a722 (0x00006f17) auipc   t5, 0x6
core   0: 3 0x8000a722 (0x00006f17) x30 0x80010722
core   0: 0x8000a726 (0x8c3f2f23) sw      gp, -1826(t5)
core   0: 3 0x8000a726 (0x8c3f2f23) mem 0x80010000 0x00000001
core   0: 0x8000a72a (0x0000bfe5) c.j     pc - 8
core   0: 3 0x8000a72a (0xbfe5)
core   0: 0x8000a722 (0x00006f17) auipc   t5, 0x6
core   0: 3 0x8000a722 (0x00006f17) x30 0x80010722
core   0: 0x8000a726 (0x8c3f2f23) sw      gp, -1826(t5)
core   0: 3 0x8000a726 (0x8c3f2f23) mem 0x80010000 0x00000001
core   0: 0x8000a72a (0x0000bfe5) c.j     pc - 8
core   0: 3 0x8000a72a (0xbfe5)
core   0: 0x8000a722 (0x00006f17) auipc   t5, 0x6
core   0: 3 0x8000a722 (0x00006f17) x30 0x80010722
core   0: 0x8000a726 (0x8c3f2f23) sw      gp, -1826(t5)
core   0: 3 0x8000a726 (0x8c3f2f23) mem 0x80010000 0x00000001
core   0: 0x8000a72a (0x0000bfe5) c.j     pc - 8
core   0: 3 0x8000a72a (0xbfe5)
core   0: 0x8000a722 (0x00006f17) auipc   t5, 0x6
core   0: 3 0x8000a722 (0x00006f17) x30 0x80010722
core   0: 0x8000a726 (0x8c3f2f23) sw      gp, -1826(t5)
core   0: 3 0x8000a726 (0x8c3f2f23) mem 0x80010000 0x00000001
core   0: 0x8000a72a (0x0000bfe5) c.j     pc - 8
core   0: 3 0x8000a72a (0xbfe5)
core   0: 0x8000a722 (0x00006f17) auipc   t5, 0x6
core   0: 3 0x8000a722 (0x00006f17) x30 0x80010722
core   0: 0x8000a726 (0x8c3f2f23) sw      gp, -1826(t5)
core   0: 3 0x8000a726 (0x8c3f2f23) mem 0x80010000 0x00000001
core   0: 0x8000a72a (0x0000bfe5) c.j     pc - 8
core   0: 3 0x8000a72a (0xbfe5)
core   0: 0x8000a722 (0x00006f17) auipc   t5, 0x6
core   0: 3 0x8000a722 (0x00006f17) x30 0x80010722
core   0: 0x8000a726 (0x8c3f2f23) sw      gp, -1826(t5)
core   0: 3 0x8000a726 (0x8c3f2f23) mem 0x80010000 0x00000001
core   0: 0x8000a72a (0x0000bfe5) c.j     pc - 8
core   0: 3 0x8000a72a (0xbfe5)
core   0: 0x8000a722 (0x00006f17) auipc   t5, 0x6
core   0: 3 0x8000a722 (0x00006f17) x30 0x80010722
core   0: 0x8000a726 (0x8c3f2f23) sw      gp, -1826(t5)
core   0: 3 0x8000a726 (0x8c3f2f23) mem 0x80010000 0x00000001
core   0: 0x8000a72a (0x0000bfe5) c.j     pc - 8
core   0: 3 0x8000a72a (0xbfe5)
core   0: 0x8000a722 (0x00006f17) auipc   t5, 0x6
core   0: 3 0x8000a722 (0x00006f17) x30 0x80010722
core   0: 0x8000a726 (0x8c3f2f23) sw      gp, -1826(t5)
core   0: 3 0x8000a726 (0x8c3f2f23) mem 0x80010000 0x00000001
core   0: 0x8000a72a (0x0000bfe5) c.j     pc - 8
core   0: 3 0x8000a72a (0xbfe5)
core   0: 0x8000a722 (0x00006f17) auipc   t5, 0x6
core   0: 3 0x8000a722 (0x00006f17) x30 0x80010722
core   0: 0x8000a726 (0x8c3f2f23) sw      gp, -1826(t5)
core   0: 3 0x8000a726 (0x8c3f2f23) mem 0x80010000 0x00000001
core   0: 0x8000a72a (0x0000bfe5) c.j     pc - 8
core   0: 3 0x8000a72a (0xbfe5)
core   0: 0x8000a722 (0x00006f17) auipc   t5, 0x6
core   0: 3 0x8000a722 (0x00006f17) x30 0x80010722
core   0: 0x8000a726 (0x8c3f2f23) sw      gp, -1826(t5)
core   0: 3 0x8000a726 (0x8c3f2f23) mem 0x80010000 0x00000001
core   0: 0x8000a72a (0x0000bfe5) c.j     pc - 8
core   0: 3 0x8000a72a (0xbfe5)
core   0: 0x8000a722 (0x00006f17) auipc   t5, 0x6
core   0: 3 0x8000a722 (0x00006f17) x30 0x80010722
core   0: 0x8000a726 (0x8c3f2f23) sw      gp, -1826(t5)
core   0: 3 0x8000a726 (0x8c3f2f23) mem 0x80010000 0x00000001
core   0: 0x8000a72a (0x0000bfe5) c.j     pc - 8
core   0: 3 0x8000a72a (0xbfe5)
core   0: 0x8000a722 (0x00006f17) auipc   t5, 0x6
core   0: 3 0x8000a722 (0x00006f17) x30 0x80010722
core   0: 0x8000a726 (0x8c3f2f23) sw      gp, -1826(t5)
core   0: 3 0x8000a726 (0x8c3f2f23) mem 0x80010000 0x00000001
core   0: 0x8000a72a (0x0000bfe5) c.j     pc - 8
core   0: 3 0x8000a72a (0xbfe5)
core   0: 0x8000a722 (0x00006f17) auipc   t5, 0x6
core   0: 3 0x8000a722 (0x00006f17) x30 0x80010722
core   0: 0x8000a726 (0x8c3f2f23) sw      gp, -1826(t5)
core   0: 3 0x8000a726 (0x8c3f2f23) mem 0x80010000 0x00000001
core   0: 0x8000a72a (0x0000bfe5) c.j     pc - 8
core   0: 3 0x8000a72a (0xbfe5)
core   0: 0x8000a722 (0x00006f17) auipc   t5, 0x6
core   0: 3 0x8000a722 (0x00006f17) x30 0x80010722
core   0: 0x8000a726 (0x8c3f2f23) sw      gp, -1826(t5)
core   0: 3 0x8000a726 (0x8c3f2f23) mem 0x80010000 0x00000001
core   0: 0x8000a72a (0x0000bfe5) c.j     pc - 8
core   0: 3 0x8000a72a (0xbfe5)
core   0: 0x8000a722 (0x00006f17) auipc   t5, 0x6
core   0: 3 0x8000a722 (0x00006f17) x30 0x80010722
core   0: 0x8000a726 (0x8c3f2f23) sw      gp, -1826(t5)
core   0: 3 0x8000a726 (0x8c3f2f23) mem 0x80010000 0x00000001
core   0: 0x8000a72a (0x0000bfe5) c.j     pc - 8
core   0: 3 0x8000a72a (0xbfe5)
core   0: 0x8000a722 (0x00006f17) auipc   t5, 0x6
core   0: 3 0x8000a722 (0x00006f17) x30 0x80010722
core   0: 0x8000a726 (0x8c3f2f23) sw      gp, -1826(t5)
core   0: 3 0x8000a726 (0x8c3f2f23) mem 0x80010000 0x00000001
core   0: 0x8000a72a (0x0000bfe5) c.j     pc - 8
core   0: 3 0x8000a72a (0xbfe5)
core   0: 0x8000a722 (0x00006f17) auipc   t5, 0x6
core   0: 3 0x8000a722 (0x00006f17) x30 0x80010722
core   0: 0x8000a726 (0x8c3f2f23) sw      gp, -1826(t5)
core   0: 3 0x8000a726 (0x8c3f2f23) mem 0x80010000 0x00000001
core   0: 0x8000a72a (0x0000bfe5) c.j     pc - 8
core   0: 3 0x8000a72a (0xbfe5)
core   0: 0x8000a722 (0x00006f17) auipc   t5, 0x6
core   0: 3 0x8000a722 (0x00006f17) x30 0x80010722
core   0: 0x8000a726 (0x8c3f2f23) sw      gp, -1826(t5)
core   0: 3 0x8000a726 (0x8c3f2f23) mem 0x80010000 0x00000001
core   0: 0x8000a72a (0x0000bfe5) c.j     pc - 8
core   0: 3 0x8000a72a (0xbfe5)
core   0: 0x8000a722 (0x00006f17) auipc   t5, 0x6
core   0: 3 0x8000a722 (0x00006f17) x30 0x80010722
core   0: 0x8000a726 (0x8c3f2f23) sw      gp, -1826(t5)
core   0: 3 0x8000a726 (0x8c3f2f23) mem 0x80010000 0x00000001
core   0: 0x8000a72a (0x0000bfe5) c.j     pc - 8
core   0: 3 0x8000a72a (0xbfe5)
core   0: 0x8000a722 (0x00006f17) auipc   t5, 0x6
core   0: 3 0x8000a722 (0x00006f17) x30 0x80010722
core   0: 0x8000a726 (0x8c3f2f23) sw      gp, -1826(t5)
core   0: 3 0x8000a726 (0x8c3f2f23) mem 0x80010000 0x00000001
core   0: 0x8000a72a (0x0000bfe5) c.j     pc - 8
core   0: 3 0x8000a72a (0xbfe5)
core   0: 0x8000a722 (0x00006f17) auipc   t5, 0x6
core   0: 3 0x8000a722 (0x00006f17) x30 0x80010722
core   0: 0x8000a726 (0x8c3f2f23) sw      gp, -1826(t5)
core   0: 3 0x8000a726 (0x8c3f2f23) mem 0x80010000 0x00000001
core   0: 0x8000a72a (0x0000bfe5) c.j     pc - 8
core   0: 3 0x8000a72a (0xbfe5)
core   0: 0x8000a722 (0x00006f17) auipc   t5, 0x6
core   0: 3 0x8000a722 (0x00006f17) x30 0x80010722
core   0: 0x8000a726 (0x8c3f2f23) sw      gp, -1826(t5)
core   0: 3 0x8000a726 (0x8c3f2f23) mem 0x80010000 0x00000001
core   0: 0x8000a72a (0x0000bfe5) c.j     pc - 8
core   0: 3 0x8000a72a (0xbfe5)
core   0: 0x8000a722 (0x00006f17) auipc   t5, 0x6
core   0: 3 0x8000a722 (0x00006f17) x30 0x80010722
core   0: 0x8000a726 (0x8c3f2f23) sw      gp, -1826(t5)
core   0: 3 0x8000a726 (0x8c3f2f23) mem 0x80010000 0x00000001
core   0: 0x8000a72a (0x0000bfe5) c.j     pc - 8
core   0: 3 0x8000a72a (0xbfe5)
core   0: 0x8000a722 (0x00006f17) auipc   t5, 0x6
core   0: 3 0x8000a722 (0x00006f17) x30 0x80010722
core   0: 0x8000a726 (0x8c3f2f23) sw      gp, -1826(t5)
core   0: 3 0x8000a726 (0x8c3f2f23) mem 0x80010000 0x00000001
core   0: 0x8000a72a (0x0000bfe5) c.j     pc - 8
core   0: 3 0x8000a72a (0xbfe5)
core   0: 0x8000a722 (0x00006f17) auipc   t5, 0x6
core   0: 3 0x8000a722 (0x00006f17) x30 0x80010722
core   0: 0x8000a726 (0x8c3f2f23) sw      gp, -1826(t5)
core   0: 3 0x8000a726 (0x8c3f2f23) mem 0x80010000 0x00000001
core   0: 0x8000a72a (0x0000bfe5) c.j     pc - 8
core   0: 3 0x8000a72a (0xbfe5)
core   0: 0x8000a722 (0x00006f17) auipc   t5, 0x6
core   0: 3 0x8000a722 (0x00006f17) x30 0x80010722
core   0: 0x8000a726 (0x8c3f2f23) sw      gp, -1826(t5)
core   0: 3 0x8000a726 (0x8c3f2f23) mem 0x80010000 0x00000001
core   0: 0x8000a72a (0x0000bfe5) c.j     pc - 8
core   0: 3 0x8000a72a (0xbfe5)
core   0: 0x8000a722 (0x00006f17) auipc   t5, 0x6
core   0: 3 0x8000a722 (0x00006f17) x30 0x80010722
core   0: 0x8000a726 (0x8c3f2f23) sw      gp, -1826(t5)
core   0: 3 0x8000a726 (0x8c3f2f23) mem 0x80010000 0x00000001
core   0: 0x8000a72a (0x0000bfe5) c.j     pc - 8
core   0: 3 0x8000a72a (0xbfe5)
core   0: 0x8000a722 (0x00006f17) auipc   t5, 0x6
core   0: 3 0x8000a722 (0x00006f17) x30 0x80010722
core   0: 0x8000a726 (0x8c3f2f23) sw      gp, -1826(t5)
core   0: 3 0x8000a726 (0x8c3f2f23) mem 0x80010000 0x00000001
core   0: 0x8000a72a (0x0000bfe5) c.j     pc - 8
core   0: 3 0x8000a72a (0xbfe5)
core   0: 0x8000a722 (0x00006f17) auipc   t5, 0x6
core   0: 3 0x8000a722 (0x00006f17) x30 0x80010722
core   0: 0x8000a726 (0x8c3f2f23) sw      gp, -1826(t5)
core   0: 3 0x8000a726 (0x8c3f2f23) mem 0x80010000 0x00000001
core   0: 0x8000a72a (0x0000bfe5) c.j     pc - 8
core   0: 3 0x8000a72a (0xbfe5)
core   0: 0x8000a722 (0x00006f17) auipc   t5, 0x6
core   0: 3 0x8000a722 (0x00006f17) x30 0x80010722
core   0: 0x8000a726 (0x8c3f2f23) sw      gp, -1826(t5)
core   0: 3 0x8000a726 (0x8c3f2f23) mem 0x80010000 0x00000001
core   0: 0x8000a72a (0x0000bfe5) c.j     pc - 8
core   0: 3 0x8000a72a (0xbfe5)
core   0: 0x8000a722 (0x00006f17) auipc   t5, 0x6
core   0: 3 0x8000a722 (0x00006f17) x30 0x80010722
core   0: 0x8000a726 (0x8c3f2f23) sw      gp, -1826(t5)
core   0: 3 0x8000a726 (0x8c3f2f23) mem 0x80010000 0x00000001
core   0: 0x8000a72a (0x0000bfe5) c.j     pc - 8
core   0: 3 0x8000a72a (0xbfe5)
core   0: 0x8000a722 (0x00006f17) auipc   t5, 0x6
core   0: 3 0x8000a722 (0x00006f17) x30 0x80010722
core   0: 0x8000a726 (0x8c3f2f23) sw      gp, -1826(t5)
core   0: 3 0x8000a726 (0x8c3f2f23) mem 0x80010000 0x00000001
core   0: 0x8000a72a (0x0000bfe5) c.j     pc - 8
core   0: 3 0x8000a72a (0xbfe5)
core   0: 0x8000a722 (0x00006f17) auipc   t5, 0x6
core   0: 3 0x8000a722 (0x00006f17) x30 0x80010722
core   0: 0x8000a726 (0x8c3f2f23) sw      gp, -1826(t5)
core   0: 3 0x8000a726 (0x8c3f2f23) mem 0x80010000 0x00000001
core   0: 0x8000a72a (0x0000bfe5) c.j     pc - 8
core   0: 3 0x8000a72a (0xbfe5)
core   0: 0x8000a722 (0x00006f17) auipc   t5, 0x6
core   0: 3 0x8000a722 (0x00006f17) x30 0x80010722
core   0: 0x8000a726 (0x8c3f2f23) sw      gp, -1826(t5)
core   0: 3 0x8000a726 (0x8c3f2f23) mem 0x80010000 0x00000001
core   0: 0x8000a72a (0x0000bfe5) c.j     pc - 8
core   0: 3 0x8000a72a (0xbfe5)
core   0: 0x8000a722 (0x00006f17) auipc   t5, 0x6
core   0: 3 0x8000a722 (0x00006f17) x30 0x80010722
core   0: 0x8000a726 (0x8c3f2f23) sw      gp, -1826(t5)
core   0: 3 0x8000a726 (0x8c3f2f23) mem 0x80010000 0x00000001
core   0: 0x8000a72a (0x0000bfe5) c.j     pc - 8
core   0: 3 0x8000a72a (0xbfe5)
core   0: 0x8000a722 (0x00006f17) auipc   t5, 0x6
core   0: 3 0x8000a722 (0x00006f17) x30 0x80010722
core   0: 0x8000a726 (0x8c3f2f23) sw      gp, -1826(t5)
core   0: 3 0x8000a726 (0x8c3f2f23) mem 0x80010000 0x00000001
core   0: 0x8000a72a (0x0000bfe5) c.j     pc - 8
core   0: 3 0x8000a72a (0xbfe5)
core   0: 0x8000a722 (0x00006f17) auipc   t5, 0x6
core   0: 3 0x8000a722 (0x00006f17) x30 0x80010722
core   0: 0x8000a726 (0x8c3f2f23) sw      gp, -1826(t5)
core   0: 3 0x8000a726 (0x8c3f2f23) mem 0x80010000 0x00000001
core   0: 0x8000a72a (0x0000bfe5) c.j     pc - 8
core   0: 3 0x8000a72a (0xbfe5)
core   0: 0x8000a722 (0x00006f17) auipc   t5, 0x6
core   0: 3 0x8000a722 (0x00006f17) x30 0x80010722
core   0: 0x8000a726 (0x8c3f2f23) sw      gp, -1826(t5)
core   0: 3 0x8000a726 (0x8c3f2f23) mem 0x80010000 0x00000001
core   0: 0x8000a72a (0x0000bfe5) c.j     pc - 8
core   0: 3 0x8000a72a (0xbfe5)
core   0: 0x8000a722 (0x00006f17) auipc   t5, 0x6
core   0: 3 0x8000a722 (0x00006f17) x30 0x80010722
core   0: 0x8000a726 (0x8c3f2f23) sw      gp, -1826(t5)
core   0: 3 0x8000a726 (0x8c3f2f23) mem 0x80010000 0x00000001
core   0: 0x8000a72a (0x0000bfe5) c.j     pc - 8
core   0: 3 0x8000a72a (0xbfe5)
core   0: 0x8000a722 (0x00006f17) auipc   t5, 0x6
core   0: 3 0x8000a722 (0x00006f17) x30 0x80010722
core   0: 0x8000a726 (0x8c3f2f23) sw      gp, -1826(t5)
core   0: 3 0x8000a726 (0x8c3f2f23) mem 0x80010000 0x00000001
core   0: 0x8000a72a (0x0000bfe5) c.j     pc - 8
core   0: 3 0x8000a72a (0xbfe5)
core   0: 0x8000a722 (0x00006f17) auipc   t5, 0x6
core   0: 3 0x8000a722 (0x00006f17) x30 0x80010722
core   0: 0x8000a726 (0x8c3f2f23) sw      gp, -1826(t5)
core   0: 3 0x8000a726 (0x8c3f2f23) mem 0x80010000 0x00000001
core   0: 0x8000a72a (0x0000bfe5) c.j     pc - 8
core   0: 3 0x8000a72a (0xbfe5)
core   0: 0x8000a722 (0x00006f17) auipc   t5, 0x6
core   0: 3 0x8000a722 (0x00006f17) x30 0x80010722
core   0: 0x8000a726 (0x8c3f2f23) sw      gp, -1826(t5)
core   0: 3 0x8000a726 (0x8c3f2f23) mem 0x80010000 0x00000001
core   0: 0x8000a72a (0x0000bfe5) c.j     pc - 8
core   0: 3 0x8000a72a (0xbfe5)
core   0: 0x8000a722 (0x00006f17) auipc   t5, 0x6
core   0: 3 0x8000a722 (0x00006f17) x30 0x80010722
core   0: 0x8000a726 (0x8c3f2f23) sw      gp, -1826(t5)
core   0: 3 0x8000a726 (0x8c3f2f23) mem 0x80010000 0x00000001
core   0: 0x8000a72a (0x0000bfe5) c.j     pc - 8
core   0: 3 0x8000a72a (0xbfe5)
core   0: 0x8000a722 (0x00006f17) auipc   t5, 0x6
core   0: 3 0x8000a722 (0x00006f17) x30 0x80010722
core   0: 0x8000a726 (0x8c3f2f23) sw      gp, -1826(t5)
core   0: 3 0x8000a726 (0x8c3f2f23) mem 0x80010000 0x00000001
core   0: 0x8000a72a (0x0000bfe5) c.j     pc - 8
core   0: 3 0x8000a72a (0xbfe5)
core   0: 0x8000a722 (0x00006f17) auipc   t5, 0x6
core   0: 3 0x8000a722 (0x00006f17) x30 0x80010722
core   0: 0x8000a726 (0x8c3f2f23) sw      gp, -1826(t5)
core   0: 3 0x8000a726 (0x8c3f2f23) mem 0x80010000 0x00000001
core   0: 0x8000a72a (0x0000bfe5) c.j     pc - 8
core   0: 3 0x8000a72a (0xbfe5)
core   0: 0x8000a722 (0x00006f17) auipc   t5, 0x6
core   0: 3 0x8000a722 (0x00006f17) x30 0x80010722
core   0: 0x8000a726 (0x8c3f2f23) sw      gp, -1826(t5)
core   0: 3 0x8000a726 (0x8c3f2f23) mem 0x80010000 0x00000001
core   0: 0x8000a72a (0x0000bfe5) c.j     pc - 8
core   0: 3 0x8000a72a (0xbfe5)
core   0: 0x8000a722 (0x00006f17) auipc   t5, 0x6
core   0: 3 0x8000a722 (0x00006f17) x30 0x80010722
core   0: 0x8000a726 (0x8c3f2f23) sw      gp, -1826(t5)
core   0: 3 0x8000a726 (0x8c3f2f23) mem 0x80010000 0x00000001
core   0: 0x8000a72a (0x0000bfe5) c.j     pc - 8
core   0: 3 0x8000a72a (0xbfe5)
core   0: 0x8000a722 (0x00006f17) auipc   t5, 0x6
core   0: 3 0x8000a722 (0x00006f17) x30 0x80010722
core   0: 0x8000a726 (0x8c3f2f23) sw      gp, -1826(t5)
core   0: 3 0x8000a726 (0x8c3f2f23) mem 0x80010000 0x00000001
core   0: 0x8000a72a (0x0000bfe5) c.j     pc - 8
core   0: 3 0x8000a72a (0xbfe5)
core   0: 0x8000a722 (0x00006f17) auipc   t5, 0x6
core   0: 3 0x8000a722 (0x00006f17) x30 0x80010722
core   0: 0x8000a726 (0x8c3f2f23) sw      gp, -1826(t5)
core   0: 3 0x8000a726 (0x8c3f2f23) mem 0x80010000 0x00000001
core   0: 0x8000a72a (0x0000bfe5) c.j     pc - 8
core   0: 3 0x8000a72a (0xbfe5)
core   0: 0x8000a722 (0x00006f17) auipc   t5, 0x6
core   0: 3 0x8000a722 (0x00006f17) x30 0x80010722
core   0: 0x8000a726 (0x8c3f2f23) sw      gp, -1826(t5)
core   0: 3 0x8000a726 (0x8c3f2f23) mem 0x80010000 0x00000001
core   0: 0x8000a72a (0x0000bfe5) c.j     pc - 8
core   0: 3 0x8000a72a (0xbfe5)
core   0: 0x8000a722 (0x00006f17) auipc   t5, 0x6
core   0: 3 0x8000a722 (0x00006f17) x30 0x80010722
core   0: 0x8000a726 (0x8c3f2f23) sw      gp, -1826(t5)
core   0: 3 0x8000a726 (0x8c3f2f23) mem 0x80010000 0x00000001
core   0: 0x8000a72a (0x0000bfe5) c.j     pc - 8
core   0: 3 0x8000a72a (0xbfe5)
core   0: 0x8000a722 (0x00006f17) auipc   t5, 0x6
core   0: 3 0x8000a722 (0x00006f17) x30 0x80010722
core   0: 0x8000a726 (0x8c3f2f23) sw      gp, -1826(t5)
core   0: 3 0x8000a726 (0x8c3f2f23) mem 0x80010000 0x00000001
core   0: 0x8000a72a (0x0000bfe5) c.j     pc - 8
core   0: 3 0x8000a72a (0xbfe5)
core   0: 0x8000a722 (0x00006f17) auipc   t5, 0x6
core   0: 3 0x8000a722 (0x00006f17) x30 0x80010722
core   0: 0x8000a726 (0x8c3f2f23) sw      gp, -1826(t5)
core   0: 3 0x8000a726 (0x8c3f2f23) mem 0x80010000 0x00000001
core   0: 0x8000a72a (0x0000bfe5) c.j     pc - 8
core   0: 3 0x8000a72a (0xbfe5)
core   0: 0x8000a722 (0x00006f17) auipc   t5, 0x6
core   0: 3 0x8000a722 (0x00006f17) x30 0x80010722
core   0: 0x8000a726 (0x8c3f2f23) sw      gp, -1826(t5)
core   0: 3 0x8000a726 (0x8c3f2f23) mem 0x80010000 0x00000001
core   0: 0x8000a72a (0x0000bfe5) c.j     pc - 8
core   0: 3 0x8000a72a (0xbfe5)
core   0: 0x8000a722 (0x00006f17) auipc   t5, 0x6
core   0: 3 0x8000a722 (0x00006f17) x30 0x80010722
core   0: 0x8000a726 (0x8c3f2f23) sw      gp, -1826(t5)
core   0: 3 0x8000a726 (0x8c3f2f23) mem 0x80010000 0x00000001
core   0: 0x8000a72a (0x0000bfe5) c.j     pc - 8
core   0: 3 0x8000a72a (0xbfe5)
core   0: 0x8000a722 (0x00006f17) auipc   t5, 0x6
core   0: 3 0x8000a722 (0x00006f17) x30 0x80010722
core   0: 0x8000a726 (0x8c3f2f23) sw      gp, -1826(t5)
core   0: 3 0x8000a726 (0x8c3f2f23) mem 0x80010000 0x00000001
core   0: 0x8000a72a (0x0000bfe5) c.j     pc - 8
core   0: 3 0x8000a72a (0xbfe5)
core   0: 0x8000a722 (0x00006f17) auipc   t5, 0x6
core   0: 3 0x8000a722 (0x00006f17) x30 0x80010722
core   0: 0x8000a726 (0x8c3f2f23) sw      gp, -1826(t5)
core   0: 3 0x8000a726 (0x8c3f2f23) mem 0x80010000 0x00000001
core   0: 0x8000a72a (0x0000bfe5) c.j     pc - 8
core   0: 3 0x8000a72a (0xbfe5)
core   0: 0x8000a722 (0x00006f17) auipc   t5, 0x6
core   0: 3 0x8000a722 (0x00006f17) x30 0x80010722
core   0: 0x8000a726 (0x8c3f2f23) sw      gp, -1826(t5)
core   0: 3 0x8000a726 (0x8c3f2f23) mem 0x80010000 0x00000001
core   0: 0x8000a72a (0x0000bfe5) c.j     pc - 8
core   0: 3 0x8000a72a (0xbfe5)
core   0: 0x8000a722 (0x00006f17) auipc   t5, 0x6
core   0: 3 0x8000a722 (0x00006f17) x30 0x80010722
core   0: 0x8000a726 (0x8c3f2f23) sw      gp, -1826(t5)
core   0: 3 0x8000a726 (0x8c3f2f23) mem 0x80010000 0x00000001
core   0: 0x8000a72a (0x0000bfe5) c.j     pc - 8
core   0: 3 0x8000a72a (0xbfe5)
core   0: 0x8000a722 (0x00006f17) auipc   t5, 0x6
core   0: 3 0x8000a722 (0x00006f17) x30 0x80010722
core   0: 0x8000a726 (0x8c3f2f23) sw      gp, -1826(t5)
core   0: 3 0x8000a726 (0x8c3f2f23) mem 0x80010000 0x00000001
core   0: 0x8000a72a (0x0000bfe5) c.j     pc - 8
core   0: 3 0x8000a72a (0xbfe5)
core   0: 0x8000a722 (0x00006f17) auipc   t5, 0x6
core   0: 3 0x8000a722 (0x00006f17) x30 0x80010722
core   0: 0x8000a726 (0x8c3f2f23) sw      gp, -1826(t5)
core   0: 3 0x8000a726 (0x8c3f2f23) mem 0x80010000 0x00000001
core   0: 0x8000a72a (0x0000bfe5) c.j     pc - 8
core   0: 3 0x8000a72a (0xbfe5)
core   0: 0x8000a722 (0x00006f17) auipc   t5, 0x6
core   0: 3 0x8000a722 (0x00006f17) x30 0x80010722
core   0: 0x8000a726 (0x8c3f2f23) sw      gp, -1826(t5)
core   0: 3 0x8000a726 (0x8c3f2f23) mem 0x80010000 0x00000001
core   0: 0x8000a72a (0x0000bfe5) c.j     pc - 8
core   0: 3 0x8000a72a (0xbfe5)
core   0: 0x8000a722 (0x00006f17) auipc   t5, 0x6
core   0: 3 0x8000a722 (0x00006f17) x30 0x80010722
core   0: 0x8000a726 (0x8c3f2f23) sw      gp, -1826(t5)
core   0: 3 0x8000a726 (0x8c3f2f23) mem 0x80010000 0x00000001
core   0: 0x8000a72a (0x0000bfe5) c.j     pc - 8
core   0: 3 0x8000a72a (0xbfe5)
core   0: 0x8000a722 (0x00006f17) auipc   t5, 0x6
core   0: 3 0x8000a722 (0x00006f17) x30 0x80010722
core   0: 0x8000a726 (0x8c3f2f23) sw      gp, -1826(t5)
core   0: 3 0x8000a726 (0x8c3f2f23) mem 0x80010000 0x00000001
core   0: 0x8000a72a (0x0000bfe5) c.j     pc - 8
core   0: 3 0x8000a72a (0xbfe5)
core   0: 0x8000a722 (0x00006f17) auipc   t5, 0x6
core   0: 3 0x8000a722 (0x00006f17) x30 0x80010722
core   0: 0x8000a726 (0x8c3f2f23) sw      gp, -1826(t5)
core   0: 3 0x8000a726 (0x8c3f2f23) mem 0x80010000 0x00000001
core   0: 0x8000a72a (0x0000bfe5) c.j     pc - 8
core   0: 3 0x8000a72a (0xbfe5)
core   0: 0x8000a722 (0x00006f17) auipc   t5, 0x6
core   0: 3 0x8000a722 (0x00006f17) x30 0x80010722
core   0: 0x8000a726 (0x8c3f2f23) sw      gp, -1826(t5)
core   0: 3 0x8000a726 (0x8c3f2f23) mem 0x80010000 0x00000001
core   0: 0x8000a72a (0x0000bfe5) c.j     pc - 8
core   0: 3 0x8000a72a (0xbfe5)
core   0: 0x8000a722 (0x00006f17) auipc   t5, 0x6
core   0: 3 0x8000a722 (0x00006f17) x30 0x80010722
core   0: 0x8000a726 (0x8c3f2f23) sw      gp, -1826(t5)
core   0: 3 0x8000a726 (0x8c3f2f23) mem 0x80010000 0x00000001
core   0: 0x8000a72a (0x0000bfe5) c.j     pc - 8
core   0: 3 0x8000a72a (0xbfe5)
core   0: 0x8000a722 (0x00006f17) auipc   t5, 0x6
core   0: 3 0x8000a722 (0x00006f17) x30 0x80010722
core   0: 0x8000a726 (0x8c3f2f23) sw      gp, -1826(t5)
core   0: 3 0x8000a726 (0x8c3f2f23) mem 0x80010000 0x00000001
core   0: 0x8000a72a (0x0000bfe5) c.j     pc - 8
core   0: 3 0x8000a72a (0xbfe5)
core   0: 0x8000a722 (0x00006f17) auipc   t5, 0x6
core   0: 3 0x8000a722 (0x00006f17) x30 0x80010722
core   0: 0x8000a726 (0x8c3f2f23) sw      gp, -1826(t5)
core   0: 3 0x8000a726 (0x8c3f2f23) mem 0x80010000 0x00000001
core   0: 0x8000a72a (0x0000bfe5) c.j     pc - 8
core   0: 3 0x8000a72a (0xbfe5)
core   0: 0x8000a722 (0x00006f17) auipc   t5, 0x6
core   0: 3 0x8000a722 (0x00006f17) x30 0x80010722
core   0: 0x8000a726 (0x8c3f2f23) sw      gp, -1826(t5)
core   0: 3 0x8000a726 (0x8c3f2f23) mem 0x80010000 0x00000001
core   0: 0x8000a72a (0x0000bfe5) c.j     pc - 8
core   0: 3 0x8000a72a (0xbfe5)
core   0: 0x8000a722 (0x00006f17) auipc   t5, 0x6
core   0: 3 0x8000a722 (0x00006f17) x30 0x80010722
core   0: 0x8000a726 (0x8c3f2f23) sw      gp, -1826(t5)
core   0: 3 0x8000a726 (0x8c3f2f23) mem 0x80010000 0x00000001
core   0: 0x8000a72a (0x0000bfe5) c.j     pc - 8
core   0: 3 0x8000a72a (0xbfe5)
core   0: 0x8000a722 (0x00006f17) auipc   t5, 0x6
core   0: 3 0x8000a722 (0x00006f17) x30 0x80010722
core   0: 0x8000a726 (0x8c3f2f23) sw      gp, -1826(t5)
core   0: 3 0x8000a726 (0x8c3f2f23) mem 0x80010000 0x00000001
core   0: 0x8000a72a (0x0000bfe5) c.j     pc - 8
core   0: 3 0x8000a72a (0xbfe5)
core   0: 0x8000a722 (0x00006f17) auipc   t5, 0x6
core   0: 3 0x8000a722 (0x00006f17) x30 0x80010722
core   0: 0x8000a726 (0x8c3f2f23) sw      gp, -1826(t5)
core   0: 3 0x8000a726 (0x8c3f2f23) mem 0x80010000 0x00000001
core   0: 0x8000a72a (0x0000bfe5) c.j     pc - 8
core   0: 3 0x8000a72a (0xbfe5)
core   0: 0x8000a722 (0x00006f17) auipc   t5, 0x6
core   0: 3 0x8000a722 (0x00006f17) x30 0x80010722
core   0: 0x8000a726 (0x8c3f2f23) sw      gp, -1826(t5)
core   0: 3 0x8000a726 (0x8c3f2f23) mem 0x80010000 0x00000001
core   0: 0x8000a72a (0x0000bfe5) c.j     pc - 8
core   0: 3 0x8000a72a (0xbfe5)
core   0: 0x8000a722 (0x00006f17) auipc   t5, 0x6
core   0: 3 0x8000a722 (0x00006f17) x30 0x80010722
core   0: 0x8000a726 (0x8c3f2f23) sw      gp, -1826(t5)
core   0: 3 0x8000a726 (0x8c3f2f23) mem 0x80010000 0x00000001
core   0: 0x8000a72a (0x0000bfe5) c.j     pc - 8
core   0: 3 0x8000a72a (0xbfe5)
core   0: 0x8000a722 (0x00006f17) auipc   t5, 0x6
core   0: 3 0x8000a722 (0x00006f17) x30 0x80010722
core   0: 0x8000a726 (0x8c3f2f23) sw      gp, -1826(t5)
core   0: 3 0x8000a726 (0x8c3f2f23) mem 0x80010000 0x00000001
core   0: 0x8000a72a (0x0000bfe5) c.j     pc - 8
core   0: 3 0x8000a72a (0xbfe5)
core   0: 0x8000a722 (0x00006f17) auipc   t5, 0x6
core   0: 3 0x8000a722 (0x00006f17) x30 0x80010722
core   0: 0x8000a726 (0x8c3f2f23) sw      gp, -1826(t5)
core   0: 3 0x8000a726 (0x8c3f2f23) mem 0x80010000 0x00000001
core   0: 0x8000a72a (0x0000bfe5) c.j     pc - 8
core   0: 3 0x8000a72a (0xbfe5)
core   0: 0x8000a722 (0x00006f17) auipc   t5, 0x6
core   0: 3 0x8000a722 (0x00006f17) x30 0x80010722
core   0: 0x8000a726 (0x8c3f2f23) sw      gp, -1826(t5)
core   0: 3 0x8000a726 (0x8c3f2f23) mem 0x80010000 0x00000001
core   0: 0x8000a72a (0x0000bfe5) c.j     pc - 8
core   0: 3 0x8000a72a (0xbfe5)
core   0: 0x8000a722 (0x00006f17) auipc   t5, 0x6
core   0: 3 0x8000a722 (0x00006f17) x30 0x80010722
core   0: 0x8000a726 (0x8c3f2f23) sw      gp, -1826(t5)
core   0: 3 0x8000a726 (0x8c3f2f23) mem 0x80010000 0x00000001
core   0: 0x8000a72a (0x0000bfe5) c.j     pc - 8
core   0: 3 0x8000a72a (0xbfe5)
core   0: 0x8000a722 (0x00006f17) auipc   t5, 0x6
core   0: 3 0x8000a722 (0x00006f17) x30 0x80010722
core   0: 0x8000a726 (0x8c3f2f23) sw      gp, -1826(t5)
core   0: 3 0x8000a726 (0x8c3f2f23) mem 0x80010000 0x00000001
core   0: 0x8000a72a (0x0000bfe5) c.j     pc - 8
core   0: 3 0x8000a72a (0xbfe5)
core   0: 0x8000a722 (0x00006f17) auipc   t5, 0x6
core   0: 3 0x8000a722 (0x00006f17) x30 0x80010722
core   0: 0x8000a726 (0x8c3f2f23) sw      gp, -1826(t5)
core   0: 3 0x8000a726 (0x8c3f2f23) mem 0x80010000 0x00000001
core   0: 0x8000a72a (0x0000bfe5) c.j     pc - 8
core   0: 3 0x8000a72a (0xbfe5)
core   0: 0x8000a722 (0x00006f17) auipc   t5, 0x6
core   0: 3 0x8000a722 (0x00006f17) x30 0x80010722
core   0: 0x8000a726 (0x8c3f2f23) sw      gp, -1826(t5)
core   0: 3 0x8000a726 (0x8c3f2f23) mem 0x80010000 0x00000001
core   0: 0x8000a72a (0x0000bfe5) c.j     pc - 8
core   0: 3 0x8000a72a (0xbfe5)
core   0: 0x8000a722 (0x00006f17) auipc   t5, 0x6
core   0: 3 0x8000a722 (0x00006f17) x30 0x80010722
core   0: 0x8000a726 (0x8c3f2f23) sw      gp, -1826(t5)
core   0: 3 0x8000a726 (0x8c3f2f23) mem 0x80010000 0x00000001
core   0: 0x8000a72a (0x0000bfe5) c.j     pc - 8
core   0: 3 0x8000a72a (0xbfe5)
core   0: 0x8000a722 (0x00006f17) auipc   t5, 0x6
core   0: 3 0x8000a722 (0x00006f17) x30 0x80010722
core   0: 0x8000a726 (0x8c3f2f23) sw      gp, -1826(t5)
core   0: 3 0x8000a726 (0x8c3f2f23) mem 0x80010000 0x00000001
core   0: 0x8000a72a (0x0000bfe5) c.j     pc - 8
core   0: 3 0x8000a72a (0xbfe5)
core   0: 0x8000a722 (0x00006f17) auipc   t5, 0x6
core   0: 3 0x8000a722 (0x00006f17) x30 0x80010722
core   0: 0x8000a726 (0x8c3f2f23) sw      gp, -1826(t5)
core   0: 3 0x8000a726 (0x8c3f2f23) mem 0x80010000 0x00000001
core   0: 0x8000a72a (0x0000bfe5) c.j     pc - 8
core   0: 3 0x8000a72a (0xbfe5)
core   0: 0x8000a722 (0x00006f17) auipc   t5, 0x6
core   0: 3 0x8000a722 (0x00006f17) x30 0x80010722
core   0: 0x8000a726 (0x8c3f2f23) sw      gp, -1826(t5)
core   0: 3 0x8000a726 (0x8c3f2f23) mem 0x80010000 0x00000001
core   0: 0x8000a72a (0x0000bfe5) c.j     pc - 8
core   0: 3 0x8000a72a (0xbfe5)
core   0: 0x8000a722 (0x00006f17) auipc   t5, 0x6
core   0: 3 0x8000a722 (0x00006f17) x30 0x80010722
core   0: 0x8000a726 (0x8c3f2f23) sw      gp, -1826(t5)
core   0: 3 0x8000a726 (0x8c3f2f23) mem 0x80010000 0x00000001
core   0: 0x8000a72a (0x0000bfe5) c.j     pc - 8
core   0: 3 0x8000a72a (0xbfe5)
core   0: 0x8000a722 (0x00006f17) auipc   t5, 0x6
core   0: 3 0x8000a722 (0x00006f17) x30 0x80010722
core   0: 0x8000a726 (0x8c3f2f23) sw      gp, -1826(t5)
core   0: 3 0x8000a726 (0x8c3f2f23) mem 0x80010000 0x00000001
core   0: 0x8000a72a (0x0000bfe5) c.j     pc - 8
core   0: 3 0x8000a72a (0xbfe5)
core   0: 0x8000a722 (0x00006f17) auipc   t5, 0x6
core   0: 3 0x8000a722 (0x00006f17) x30 0x80010722
core   0: 0x8000a726 (0x8c3f2f23) sw      gp, -1826(t5)
core   0: 3 0x8000a726 (0x8c3f2f23) mem 0x80010000 0x00000001
core   0: 0x8000a72a (0x0000bfe5) c.j     pc - 8
core   0: 3 0x8000a72a (0xbfe5)
core   0: 0x8000a722 (0x00006f17) auipc   t5, 0x6
core   0: 3 0x8000a722 (0x00006f17) x30 0x80010722
core   0: 0x8000a726 (0x8c3f2f23) sw      gp, -1826(t5)
core   0: 3 0x8000a726 (0x8c3f2f23) mem 0x80010000 0x00000001
core   0: 0x8000a72a (0x0000bfe5) c.j     pc - 8
core   0: 3 0x8000a72a (0xbfe5)
core   0: 0x8000a722 (0x00006f17) auipc   t5, 0x6
core   0: 3 0x8000a722 (0x00006f17) x30 0x80010722
core   0: 0x8000a726 (0x8c3f2f23) sw      gp, -1826(t5)
core   0: 3 0x8000a726 (0x8c3f2f23) mem 0x80010000 0x00000001
core   0: 0x8000a72a (0x0000bfe5) c.j     pc - 8
core   0: 3 0x8000a72a (0xbfe5)
core   0: 0x8000a722 (0x00006f17) auipc   t5, 0x6
core   0: 3 0x8000a722 (0x00006f17) x30 0x80010722
core   0: 0x8000a726 (0x8c3f2f23) sw      gp, -1826(t5)
core   0: 3 0x8000a726 (0x8c3f2f23) mem 0x80010000 0x00000001
core   0: 0x8000a72a (0x0000bfe5) c.j     pc - 8
core   0: 3 0x8000a72a (0xbfe5)
core   0: 0x8000a722 (0x00006f17) auipc   t5, 0x6
core   0: 3 0x8000a722 (0x00006f17) x30 0x80010722
core   0: 0x8000a726 (0x8c3f2f23) sw      gp, -1826(t5)
core   0: 3 0x8000a726 (0x8c3f2f23) mem 0x80010000 0x00000001
core   0: 0x8000a72a (0x0000bfe5) c.j     pc - 8
core   0: 3 0x8000a72a (0xbfe5)
core   0: 0x8000a722 (0x00006f17) auipc   t5, 0x6
core   0: 3 0x8000a722 (0x00006f17) x30 0x80010722
core   0: 0x8000a726 (0x8c3f2f23) sw      gp, -1826(t5)
core   0: 3 0x8000a726 (0x8c3f2f23) mem 0x80010000 0x00000001
core   0: 0x8000a72a (0x0000bfe5) c.j     pc - 8
core   0: 3 0x8000a72a (0xbfe5)
core   0: 0x8000a722 (0x00006f17) auipc   t5, 0x6
core   0: 3 0x8000a722 (0x00006f17) x30 0x80010722
core   0: 0x8000a726 (0x8c3f2f23) sw      gp, -1826(t5)
core   0: 3 0x8000a726 (0x8c3f2f23) mem 0x80010000 0x00000001
core   0: 0x8000a72a (0x0000bfe5) c.j     pc - 8
core   0: 3 0x8000a72a (0xbfe5)
core   0: 0x8000a722 (0x00006f17) auipc   t5, 0x6
core   0: 3 0x8000a722 (0x00006f17) x30 0x80010722
core   0: 0x8000a726 (0x8c3f2f23) sw      gp, -1826(t5)
core   0: 3 0x8000a726 (0x8c3f2f23) mem 0x80010000 0x00000001
core   0: 0x8000a72a (0x0000bfe5) c.j     pc - 8
core   0: 3 0x8000a72a (0xbfe5)
core   0: 0x8000a722 (0x00006f17) auipc   t5, 0x6
core   0: 3 0x8000a722 (0x00006f17) x30 0x80010722
core   0: 0x8000a726 (0x8c3f2f23) sw      gp, -1826(t5)
core   0: 3 0x8000a726 (0x8c3f2f23) mem 0x80010000 0x00000001
core   0: 0x8000a72a (0x0000bfe5) c.j     pc - 8
core   0: 3 0x8000a72a (0xbfe5)
core   0: 0x8000a722 (0x00006f17) auipc   t5, 0x6
core   0: 3 0x8000a722 (0x00006f17) x30 0x80010722
core   0: 0x8000a726 (0x8c3f2f23) sw      gp, -1826(t5)
core   0: 3 0x8000a726 (0x8c3f2f23) mem 0x80010000 0x00000001
core   0: 0x8000a72a (0x0000bfe5) c.j     pc - 8
core   0: 3 0x8000a72a (0xbfe5)
core   0: 0x8000a722 (0x00006f17) auipc   t5, 0x6
core   0: 3 0x8000a722 (0x00006f17) x30 0x80010722
core   0: 0x8000a726 (0x8c3f2f23) sw      gp, -1826(t5)
core   0: 3 0x8000a726 (0x8c3f2f23) mem 0x80010000 0x00000001
core   0: 0x8000a72a (0x0000bfe5) c.j     pc - 8
core   0: 3 0x8000a72a (0xbfe5)
core   0: 0x8000a722 (0x00006f17) auipc   t5, 0x6
core   0: 3 0x8000a722 (0x00006f17) x30 0x80010722
core   0: 0x8000a726 (0x8c3f2f23) sw      gp, -1826(t5)
core   0: 3 0x8000a726 (0x8c3f2f23) mem 0x80010000 0x00000001
core   0: 0x8000a72a (0x0000bfe5) c.j     pc - 8
core   0: 3 0x8000a72a (0xbfe5)
core   0: 0x8000a722 (0x00006f17) auipc   t5, 0x6
core   0: 3 0x8000a722 (0x00006f17) x30 0x80010722
core   0: 0x8000a726 (0x8c3f2f23) sw      gp, -1826(t5)
core   0: 3 0x8000a726 (0x8c3f2f23) mem 0x80010000 0x00000001
core   0: 0x8000a72a (0x0000bfe5) c.j     pc - 8
core   0: 3 0x8000a72a (0xbfe5)
core   0: 0x8000a722 (0x00006f17) auipc   t5, 0x6
core   0: 3 0x8000a722 (0x00006f17) x30 0x80010722
core   0: 0x8000a726 (0x8c3f2f23) sw      gp, -1826(t5)
core   0: 3 0x8000a726 (0x8c3f2f23) mem 0x80010000 0x00000001
core   0: 0x8000a72a (0x0000bfe5) c.j     pc - 8
core   0: 3 0x8000a72a (0xbfe5)
core   0: 0x8000a722 (0x00006f17) auipc   t5, 0x6
core   0: 3 0x8000a722 (0x00006f17) x30 0x80010722
core   0: 0x8000a726 (0x8c3f2f23) sw      gp, -1826(t5)
core   0: 3 0x8000a726 (0x8c3f2f23) mem 0x80010000 0x00000001
core   0: 0x8000a72a (0x0000bfe5) c.j     pc - 8
core   0: 3 0x8000a72a (0xbfe5)
core   0: 0x8000a722 (0x00006f17) auipc   t5, 0x6
core   0: 3 0x8000a722 (0x00006f17) x30 0x80010722
core   0: 0x8000a726 (0x8c3f2f23) sw      gp, -1826(t5)
core   0: 3 0x8000a726 (0x8c3f2f23) mem 0x80010000 0x00000001
core   0: 0x8000a72a (0x0000bfe5) c.j     pc - 8
core   0: 3 0x8000a72a (0xbfe5)
core   0: 0x8000a722 (0x00006f17) auipc   t5, 0x6
core   0: 3 0x8000a722 (0x00006f17) x30 0x80010722
core   0: 0x8000a726 (0x8c3f2f23) sw      gp, -1826(t5)
core   0: 3 0x8000a726 (0x8c3f2f23) mem 0x80010000 0x00000001
core   0: 0x8000a72a (0x0000bfe5) c.j     pc - 8
core   0: 3 0x8000a72a (0xbfe5)
core   0: 0x8000a722 (0x00006f17) auipc   t5, 0x6
core   0: 3 0x8000a722 (0x00006f17) x30 0x80010722
core   0: 0x8000a726 (0x8c3f2f23) sw      gp, -1826(t5)
core   0: 3 0x8000a726 (0x8c3f2f23) mem 0x80010000 0x00000001
core   0: 0x8000a72a (0x0000bfe5) c.j     pc - 8
core   0: 3 0x8000a72a (0xbfe5)
core   0: 0x8000a722 (0x00006f17) auipc   t5, 0x6
core   0: 3 0x8000a722 (0x00006f17) x30 0x80010722
core   0: 0x8000a726 (0x8c3f2f23) sw      gp, -1826(t5)
core   0: 3 0x8000a726 (0x8c3f2f23) mem 0x80010000 0x00000001
core   0: 0x8000a72a (0x0000bfe5) c.j     pc - 8
core   0: 3 0x8000a72a (0xbfe5)
core   0: 0x8000a722 (0x00006f17) auipc   t5, 0x6
core   0: 3 0x8000a722 (0x00006f17) x30 0x80010722
core   0: 0x8000a726 (0x8c3f2f23) sw      gp, -1826(t5)
core   0: 3 0x8000a726 (0x8c3f2f23) mem 0x80010000 0x00000001
core   0: 0x8000a72a (0x0000bfe5) c.j     pc - 8
core   0: 3 0x8000a72a (0xbfe5)
core   0: 0x8000a722 (0x00006f17) auipc   t5, 0x6
core   0: 3 0x8000a722 (0x00006f17) x30 0x80010722
core   0: 0x8000a726 (0x8c3f2f23) sw      gp, -1826(t5)
core   0: 3 0x8000a726 (0x8c3f2f23) mem 0x80010000 0x00000001
core   0: 0x8000a72a (0x0000bfe5) c.j     pc - 8
core   0: 3 0x8000a72a (0xbfe5)
core   0: 0x8000a722 (0x00006f17) auipc   t5, 0x6
core   0: 3 0x8000a722 (0x00006f17) x30 0x80010722
core   0: 0x8000a726 (0x8c3f2f23) sw      gp, -1826(t5)
core   0: 3 0x8000a726 (0x8c3f2f23) mem 0x80010000 0x00000001
core   0: 0x8000a72a (0x0000bfe5) c.j     pc - 8
core   0: 3 0x8000a72a (0xbfe5)
core   0: 0x8000a722 (0x00006f17) auipc   t5, 0x6
core   0: 3 0x8000a722 (0x00006f17) x30 0x80010722
core   0: 0x8000a726 (0x8c3f2f23) sw      gp, -1826(t5)
core   0: 3 0x8000a726 (0x8c3f2f23) mem 0x80010000 0x00000001
core   0: 0x8000a72a (0x0000bfe5) c.j     pc - 8
core   0: 3 0x8000a72a (0xbfe5)
core   0: 0x8000a722 (0x00006f17) auipc   t5, 0x6
core   0: 3 0x8000a722 (0x00006f17) x30 0x80010722
core   0: 0x8000a726 (0x8c3f2f23) sw      gp, -1826(t5)
core   0: 3 0x8000a726 (0x8c3f2f23) mem 0x80010000 0x00000001
core   0: 0x8000a72a (0x0000bfe5) c.j     pc - 8
core   0: 3 0x8000a72a (0xbfe5)
core   0: 0x8000a722 (0x00006f17) auipc   t5, 0x6
core   0: 3 0x8000a722 (0x00006f17) x30 0x80010722
core   0: 0x8000a726 (0x8c3f2f23) sw      gp, -1826(t5)
core   0: 3 0x8000a726 (0x8c3f2f23) mem 0x80010000 0x00000001
core   0: 0x8000a72a (0x0000bfe5) c.j     pc - 8
core   0: 3 0x8000a72a (0xbfe5)
core   0: 0x8000a722 (0x00006f17) auipc   t5, 0x6
core   0: 3 0x8000a722 (0x00006f17) x30 0x80010722
core   0: 0x8000a726 (0x8c3f2f23) sw      gp, -1826(t5)
core   0: 3 0x8000a726 (0x8c3f2f23) mem 0x80010000 0x00000001
core   0: 0x8000a72a (0x0000bfe5) c.j     pc - 8
core   0: 3 0x8000a72a (0xbfe5)
core   0: 0x8000a722 (0x00006f17) auipc   t5, 0x6
core   0: 3 0x8000a722 (0x00006f17) x30 0x80010722
core   0: 0x8000a726 (0x8c3f2f23) sw      gp, -1826(t5)
core   0: 3 0x8000a726 (0x8c3f2f23) mem 0x80010000 0x00000001
core   0: 0x8000a72a (0x0000bfe5) c.j     pc - 8
core   0: 3 0x8000a72a (0xbfe5)
core   0: 0x8000a722 (0x00006f17) auipc   t5, 0x6
core   0: 3 0x8000a722 (0x00006f17) x30 0x80010722
core   0: 0x8000a726 (0x8c3f2f23) sw      gp, -1826(t5)
core   0: 3 0x8000a726 (0x8c3f2f23) mem 0x80010000 0x00000001
core   0: 0x8000a72a (0x0000bfe5) c.j     pc - 8
core   0: 3 0x8000a72a (0xbfe5)
core   0: 0x8000a722 (0x00006f17) auipc   t5, 0x6
core   0: 3 0x8000a722 (0x00006f17) x30 0x80010722
core   0: 0x8000a726 (0x8c3f2f23) sw      gp, -1826(t5)
core   0: 3 0x8000a726 (0x8c3f2f23) mem 0x80010000 0x00000001
core   0: 0x8000a72a (0x0000bfe5) c.j     pc - 8
core   0: 3 0x8000a72a (0xbfe5)
core   0: 0x8000a722 (0x00006f17) auipc   t5, 0x6
core   0: 3 0x8000a722 (0x00006f17) x30 0x80010722
core   0: 0x8000a726 (0x8c3f2f23) sw      gp, -1826(t5)
core   0: 3 0x8000a726 (0x8c3f2f23) mem 0x80010000 0x00000001
core   0: 0x8000a72a (0x0000bfe5) c.j     pc - 8
core   0: 3 0x8000a72a (0xbfe5)
core   0: 0x8000a722 (0x00006f17) auipc   t5, 0x6
core   0: 3 0x8000a722 (0x00006f17) x30 0x80010722
core   0: 0x8000a726 (0x8c3f2f23) sw      gp, -1826(t5)
core   0: 3 0x8000a726 (0x8c3f2f23) mem 0x80010000 0x00000001
core   0: 0x8000a72a (0x0000bfe5) c.j     pc - 8
core   0: 3 0x8000a72a (0xbfe5)
core   0: 0x8000a722 (0x00006f17) auipc   t5, 0x6
core   0: 3 0x8000a722 (0x00006f17) x30 0x80010722
core   0: 0x8000a726 (0x8c3f2f23) sw      gp, -1826(t5)
core   0: 3 0x8000a726 (0x8c3f2f23) mem 0x80010000 0x00000001
core   0: 0x8000a72a (0x0000bfe5) c.j     pc - 8
core   0: 3 0x8000a72a (0xbfe5)
core   0: 0x8000a722 (0x00006f17) auipc   t5, 0x6
core   0: 3 0x8000a722 (0x00006f17) x30 0x80010722
core   0: 0x8000a726 (0x8c3f2f23) sw      gp, -1826(t5)
core   0: 3 0x8000a726 (0x8c3f2f23) mem 0x80010000 0x00000001
core   0: 0x8000a72a (0x0000bfe5) c.j     pc - 8
core   0: 3 0x8000a72a (0xbfe5)
core   0: 0x8000a722 (0x00006f17) auipc   t5, 0x6
core   0: 3 0x8000a722 (0x00006f17) x30 0x80010722
core   0: 0x8000a726 (0x8c3f2f23) sw      gp, -1826(t5)
core   0: 3 0x8000a726 (0x8c3f2f23) mem 0x80010000 0x00000001
core   0: 0x8000a72a (0x0000bfe5) c.j     pc - 8
core   0: 3 0x8000a72a (0xbfe5)
core   0: 0x8000a722 (0x00006f17) auipc   t5, 0x6
core   0: 3 0x8000a722 (0x00006f17) x30 0x80010722
core   0: 0x8000a726 (0x8c3f2f23) sw      gp, -1826(t5)
core   0: 3 0x8000a726 (0x8c3f2f23) mem 0x80010000 0x00000001
core   0: 0x8000a72a (0x0000bfe5) c.j     pc - 8
core   0: 3 0x8000a72a (0xbfe5)
core   0: 0x8000a722 (0x00006f17) auipc   t5, 0x6
core   0: 3 0x8000a722 (0x00006f17) x30 0x80010722
core   0: 0x8000a726 (0x8c3f2f23) sw      gp, -1826(t5)
core   0: 3 0x8000a726 (0x8c3f2f23) mem 0x80010000 0x00000001
core   0: 0x8000a72a (0x0000bfe5) c.j     pc - 8
core   0: 3 0x8000a72a (0xbfe5)
core   0: 0x8000a722 (0x00006f17) auipc   t5, 0x6
core   0: 3 0x8000a722 (0x00006f17) x30 0x80010722
core   0: 0x8000a726 (0x8c3f2f23) sw      gp, -1826(t5)
core   0: 3 0x8000a726 (0x8c3f2f23) mem 0x80010000 0x00000001
core   0: 0x8000a72a (0x0000bfe5) c.j     pc - 8
core   0: 3 0x8000a72a (0xbfe5)
core   0: 0x8000a722 (0x00006f17) auipc   t5, 0x6
core   0: 3 0x8000a722 (0x00006f17) x30 0x80010722
core   0: 0x8000a726 (0x8c3f2f23) sw      gp, -1826(t5)
core   0: 3 0x8000a726 (0x8c3f2f23) mem 0x80010000 0x00000001
core   0: 0x8000a72a (0x0000bfe5) c.j     pc - 8
core   0: 3 0x8000a72a (0xbfe5)
core   0: 0x8000a722 (0x00006f17) auipc   t5, 0x6
core   0: 3 0x8000a722 (0x00006f17) x30 0x80010722
core   0: 0x8000a726 (0x8c3f2f23) sw      gp, -1826(t5)
core   0: 3 0x8000a726 (0x8c3f2f23) mem 0x80010000 0x00000001
core   0: 0x8000a72a (0x0000bfe5) c.j     pc - 8
core   0: 3 0x8000a72a (0xbfe5)
core   0: 0x8000a722 (0x00006f17) auipc   t5, 0x6
core   0: 3 0x8000a722 (0x00006f17) x30 0x80010722
core   0: 0x8000a726 (0x8c3f2f23) sw      gp, -1826(t5)
core   0: 3 0x8000a726 (0x8c3f2f23) mem 0x80010000 0x00000001
core   0: 0x8000a72a (0x0000bfe5) c.j     pc - 8
core   0: 3 0x8000a72a (0xbfe5)
core   0: 0x8000a722 (0x00006f17) auipc   t5, 0x6
core   0: 3 0x8000a722 (0x00006f17) x30 0x80010722
core   0: 0x8000a726 (0x8c3f2f23) sw      gp, -1826(t5)
core   0: 3 0x8000a726 (0x8c3f2f23) mem 0x80010000 0x00000001
core   0: 0x8000a72a (0x0000bfe5) c.j     pc - 8
core   0: 3 0x8000a72a (0xbfe5)
core   0: 0x8000a722 (0x00006f17) auipc   t5, 0x6
core   0: 3 0x8000a722 (0x00006f17) x30 0x80010722
core   0: 0x8000a726 (0x8c3f2f23) sw      gp, -1826(t5)
core   0: 3 0x8000a726 (0x8c3f2f23) mem 0x80010000 0x00000001
core   0: 0x8000a72a (0x0000bfe5) c.j     pc - 8
core   0: 3 0x8000a72a (0xbfe5)
core   0: 0x8000a722 (0x00006f17) auipc   t5, 0x6
core   0: 3 0x8000a722 (0x00006f17) x30 0x80010722
core   0: 0x8000a726 (0x8c3f2f23) sw      gp, -1826(t5)
core   0: 3 0x8000a726 (0x8c3f2f23) mem 0x80010000 0x00000001
core   0: 0x8000a72a (0x0000bfe5) c.j     pc - 8
core   0: 3 0x8000a72a (0xbfe5)
core   0: 0x8000a722 (0x00006f17) auipc   t5, 0x6
core   0: 3 0x8000a722 (0x00006f17) x30 0x80010722
core   0: 0x8000a726 (0x8c3f2f23) sw      gp, -1826(t5)
core   0: 3 0x8000a726 (0x8c3f2f23) mem 0x80010000 0x00000001
core   0: 0x8000a72a (0x0000bfe5) c.j     pc - 8
core   0: 3 0x8000a72a (0xbfe5)
core   0: 0x8000a722 (0x00006f17) auipc   t5, 0x6
core   0: 3 0x8000a722 (0x00006f17) x30 0x80010722
core   0: 0x8000a726 (0x8c3f2f23) sw      gp, -1826(t5)
core   0: 3 0x8000a726 (0x8c3f2f23) mem 0x80010000 0x00000001
core   0: 0x8000a72a (0x0000bfe5) c.j     pc - 8
core   0: 3 0x8000a72a (0xbfe5)
core   0: 0x8000a722 (0x00006f17) auipc   t5, 0x6
core   0: 3 0x8000a722 (0x00006f17) x30 0x80010722
core   0: 0x8000a726 (0x8c3f2f23) sw      gp, -1826(t5)
core   0: 3 0x8000a726 (0x8c3f2f23) mem 0x80010000 0x00000001
core   0: 0x8000a72a (0x0000bfe5) c.j     pc - 8
core   0: 3 0x8000a72a (0xbfe5)
core   0: 0x8000a722 (0x00006f17) auipc   t5, 0x6
core   0: 3 0x8000a722 (0x00006f17) x30 0x80010722
core   0: 0x8000a726 (0x8c3f2f23) sw      gp, -1826(t5)
core   0: 3 0x8000a726 (0x8c3f2f23) mem 0x80010000 0x00000001
core   0: 0x8000a72a (0x0000bfe5) c.j     pc - 8
core   0: 3 0x8000a72a (0xbfe5)
core   0: 0x8000a722 (0x00006f17) auipc   t5, 0x6
core   0: 3 0x8000a722 (0x00006f17) x30 0x80010722
core   0: 0x8000a726 (0x8c3f2f23) sw      gp, -1826(t5)
core   0: 3 0x8000a726 (0x8c3f2f23) mem 0x80010000 0x00000001
core   0: 0x8000a72a (0x0000bfe5) c.j     pc - 8
core   0: 3 0x8000a72a (0xbfe5)
core   0: 0x8000a722 (0x00006f17) auipc   t5, 0x6
core   0: 3 0x8000a722 (0x00006f17) x30 0x80010722
core   0: 0x8000a726 (0x8c3f2f23) sw      gp, -1826(t5)
core   0: 3 0x8000a726 (0x8c3f2f23) mem 0x80010000 0x00000001
core   0: 0x8000a72a (0x0000bfe5) c.j     pc - 8
core   0: 3 0x8000a72a (0xbfe5)
core   0: 0x8000a722 (0x00006f17) auipc   t5, 0x6
core   0: 3 0x8000a722 (0x00006f17) x30 0x80010722
core   0: 0x8000a726 (0x8c3f2f23) sw      gp, -1826(t5)
core   0: 3 0x8000a726 (0x8c3f2f23) mem 0x80010000 0x00000001
core   0: 0x8000a72a (0x0000bfe5) c.j     pc - 8
core   0: 3 0x8000a72a (0xbfe5)
core   0: 0x8000a722 (0x00006f17) auipc   t5, 0x6
core   0: 3 0x8000a722 (0x00006f17) x30 0x80010722
core   0: 0x8000a726 (0x8c3f2f23) sw      gp, -1826(t5)
core   0: 3 0x8000a726 (0x8c3f2f23) mem 0x80010000 0x00000001
core   0: 0x8000a72a (0x0000bfe5) c.j     pc - 8
core   0: 3 0x8000a72a (0xbfe5)
core   0: 0x8000a722 (0x00006f17) auipc   t5, 0x6
core   0: 3 0x8000a722 (0x00006f17) x30 0x80010722
core   0: 0x8000a726 (0x8c3f2f23) sw      gp, -1826(t5)
core   0: 3 0x8000a726 (0x8c3f2f23) mem 0x80010000 0x00000001
core   0: 0x8000a72a (0x0000bfe5) c.j     pc - 8
core   0: 3 0x8000a72a (0xbfe5)
core   0: 0x8000a722 (0x00006f17) auipc   t5, 0x6
core   0: 3 0x8000a722 (0x00006f17) x30 0x80010722
core   0: 0x8000a726 (0x8c3f2f23) sw      gp, -1826(t5)
core   0: 3 0x8000a726 (0x8c3f2f23) mem 0x80010000 0x00000001
core   0: 0x8000a72a (0x0000bfe5) c.j     pc - 8
core   0: 3 0x8000a72a (0xbfe5)
core   0: 0x8000a722 (0x00006f17) auipc   t5, 0x6
core   0: 3 0x8000a722 (0x00006f17) x30 0x80010722
core   0: 0x8000a726 (0x8c3f2f23) sw      gp, -1826(t5)
core   0: 3 0x8000a726 (0x8c3f2f23) mem 0x80010000 0x00000001
core   0: 0x8000a72a (0x0000bfe5) c.j     pc - 8
core   0: 3 0x8000a72a (0xbfe5)
core   0: 0x8000a722 (0x00006f17) auipc   t5, 0x6
core   0: 3 0x8000a722 (0x00006f17) x30 0x80010722
core   0: 0x8000a726 (0x8c3f2f23) sw      gp, -1826(t5)
core   0: 3 0x8000a726 (0x8c3f2f23) mem 0x80010000 0x00000001
core   0: 0x8000a72a (0x0000bfe5) c.j     pc - 8
core   0: 3 0x8000a72a (0xbfe5)
core   0: 0x8000a722 (0x00006f17) auipc   t5, 0x6
core   0: 3 0x8000a722 (0x00006f17) x30 0x80010722
core   0: 0x8000a726 (0x8c3f2f23) sw      gp, -1826(t5)
core   0: 3 0x8000a726 (0x8c3f2f23) mem 0x80010000 0x00000001
core   0: 0x8000a72a (0x0000bfe5) c.j     pc - 8
core   0: 3 0x8000a72a (0xbfe5)
core   0: 0x8000a722 (0x00006f17) auipc   t5, 0x6
core   0: 3 0x8000a722 (0x00006f17) x30 0x80010722
core   0: 0x8000a726 (0x8c3f2f23) sw      gp, -1826(t5)
core   0: 3 0x8000a726 (0x8c3f2f23) mem 0x80010000 0x00000001
core   0: 0x8000a72a (0x0000bfe5) c.j     pc - 8
core   0: 3 0x8000a72a (0xbfe5)
core   0: 0x8000a722 (0x00006f17) auipc   t5, 0x6
core   0: 3 0x8000a722 (0x00006f17) x30 0x80010722
core   0: 0x8000a726 (0x8c3f2f23) sw      gp, -1826(t5)
core   0: 3 0x8000a726 (0x8c3f2f23) mem 0x80010000 0x00000001
core   0: 0x8000a72a (0x0000bfe5) c.j     pc - 8
core   0: 3 0x8000a72a (0xbfe5)
core   0: 0x8000a722 (0x00006f17) auipc   t5, 0x6
core   0: 3 0x8000a722 (0x00006f17) x30 0x80010722
core   0: 0x8000a726 (0x8c3f2f23) sw      gp, -1826(t5)
core   0: 3 0x8000a726 (0x8c3f2f23) mem 0x80010000 0x00000001
core   0: 0x8000a72a (0x0000bfe5) c.j     pc - 8
core   0: 3 0x8000a72a (0xbfe5)
core   0: 0x8000a722 (0x00006f17) auipc   t5, 0x6
core   0: 3 0x8000a722 (0x00006f17) x30 0x80010722
core   0: 0x8000a726 (0x8c3f2f23) sw      gp, -1826(t5)
core   0: 3 0x8000a726 (0x8c3f2f23) mem 0x80010000 0x00000001
core   0: 0x8000a72a (0x0000bfe5) c.j     pc - 8
core   0: 3 0x8000a72a (0xbfe5)
core   0: 0x8000a722 (0x00006f17) auipc   t5, 0x6
core   0: 3 0x8000a722 (0x00006f17) x30 0x80010722
core   0: 0x8000a726 (0x8c3f2f23) sw      gp, -1826(t5)
core   0: 3 0x8000a726 (0x8c3f2f23) mem 0x80010000 0x00000001
core   0: 0x8000a72a (0x0000bfe5) c.j     pc - 8
core   0: 3 0x8000a72a (0xbfe5)
core   0: 0x8000a722 (0x00006f17) auipc   t5, 0x6
core   0: 3 0x8000a722 (0x00006f17) x30 0x80010722
core   0: 0x8000a726 (0x8c3f2f23) sw      gp, -1826(t5)
core   0: 3 0x8000a726 (0x8c3f2f23) mem 0x80010000 0x00000001
core   0: 0x8000a72a (0x0000bfe5) c.j     pc - 8
core   0: 3 0x8000a72a (0xbfe5)
core   0: 0x8000a722 (0x00006f17) auipc   t5, 0x6
core   0: 3 0x8000a722 (0x00006f17) x30 0x80010722
core   0: 0x8000a726 (0x8c3f2f23) sw      gp, -1826(t5)
core   0: 3 0x8000a726 (0x8c3f2f23) mem 0x80010000 0x00000001
core   0: 0x8000a72a (0x0000bfe5) c.j     pc - 8
core   0: 3 0x8000a72a (0xbfe5)
core   0: 0x8000a722 (0x00006f17) auipc   t5, 0x6
core   0: 3 0x8000a722 (0x00006f17) x30 0x80010722
core   0: 0x8000a726 (0x8c3f2f23) sw      gp, -1826(t5)
core   0: 3 0x8000a726 (0x8c3f2f23) mem 0x80010000 0x00000001
core   0: 0x8000a72a (0x0000bfe5) c.j     pc - 8
core   0: 3 0x8000a72a (0xbfe5)
core   0: 0x8000a722 (0x00006f17) auipc   t5, 0x6
core   0: 3 0x8000a722 (0x00006f17) x30 0x80010722
core   0: 0x8000a726 (0x8c3f2f23) sw      gp, -1826(t5)
core   0: 3 0x8000a726 (0x8c3f2f23) mem 0x80010000 0x00000001
core   0: 0x8000a72a (0x0000bfe5) c.j     pc - 8
core   0: 3 0x8000a72a (0xbfe5)
core   0: 0x8000a722 (0x00006f17) auipc   t5, 0x6
core   0: 3 0x8000a722 (0x00006f17) x30 0x80010722
core   0: 0x8000a726 (0x8c3f2f23) sw      gp, -1826(t5)
core   0: 3 0x8000a726 (0x8c3f2f23) mem 0x80010000 0x00000001
core   0: 0x8000a72a (0x0000bfe5) c.j     pc - 8
core   0: 3 0x8000a72a (0xbfe5)
core   0: 0x8000a722 (0x00006f17) auipc   t5, 0x6
core   0: 3 0x8000a722 (0x00006f17) x30 0x80010722
core   0: 0x8000a726 (0x8c3f2f23) sw      gp, -1826(t5)
core   0: 3 0x8000a726 (0x8c3f2f23) mem 0x80010000 0x00000001
core   0: 0x8000a72a (0x0000bfe5) c.j     pc - 8
core   0: 3 0x8000a72a (0xbfe5)
core   0: 0x8000a722 (0x00006f17) auipc   t5, 0x6
core   0: 3 0x8000a722 (0x00006f17) x30 0x80010722
core   0: 0x8000a726 (0x8c3f2f23) sw      gp, -1826(t5)
core   0: 3 0x8000a726 (0x8c3f2f23) mem 0x80010000 0x00000001
core   0: 0x8000a72a (0x0000bfe5) c.j     pc - 8
core   0: 3 0x8000a72a (0xbfe5)
core   0: 0x8000a722 (0x00006f17) auipc   t5, 0x6
core   0: 3 0x8000a722 (0x00006f17) x30 0x80010722
core   0: 0x8000a726 (0x8c3f2f23) sw      gp, -1826(t5)
core   0: 3 0x8000a726 (0x8c3f2f23) mem 0x80010000 0x00000001
core   0: 0x8000a72a (0x0000bfe5) c.j     pc - 8
core   0: 3 0x8000a72a (0xbfe5)
core   0: 0x8000a722 (0x00006f17) auipc   t5, 0x6
core   0: 3 0x8000a722 (0x00006f17) x30 0x80010722
core   0: 0x8000a726 (0x8c3f2f23) sw      gp, -1826(t5)
core   0: 3 0x8000a726 (0x8c3f2f23) mem 0x80010000 0x00000001
core   0: 0x8000a72a (0x0000bfe5) c.j     pc - 8
core   0: 3 0x8000a72a (0xbfe5)
core   0: 0x8000a722 (0x00006f17) auipc   t5, 0x6
core   0: 3 0x8000a722 (0x00006f17) x30 0x80010722
core   0: 0x8000a726 (0x8c3f2f23) sw      gp, -1826(t5)
core   0: 3 0x8000a726 (0x8c3f2f23) mem 0x80010000 0x00000001
core   0: 0x8000a72a (0x0000bfe5) c.j     pc - 8
core   0: 3 0x8000a72a (0xbfe5)
core   0: 0x8000a722 (0x00006f17) auipc   t5, 0x6
core   0: 3 0x8000a722 (0x00006f17) x30 0x80010722
core   0: 0x8000a726 (0x8c3f2f23) sw      gp, -1826(t5)
core   0: 3 0x8000a726 (0x8c3f2f23) mem 0x80010000 0x00000001
core   0: 0x8000a72a (0x0000bfe5) c.j     pc - 8
core   0: 3 0x8000a72a (0xbfe5)
core   0: 0x8000a722 (0x00006f17) auipc   t5, 0x6
core   0: 3 0x8000a722 (0x00006f17) x30 0x80010722
core   0: 0x8000a726 (0x8c3f2f23) sw      gp, -1826(t5)
core   0: 3 0x8000a726 (0x8c3f2f23) mem 0x80010000 0x00000001
core   0: 0x8000a72a (0x0000bfe5) c.j     pc - 8
core   0: 3 0x8000a72a (0xbfe5)
core   0: 0x8000a722 (0x00006f17) auipc   t5, 0x6
core   0: 3 0x8000a722 (0x00006f17) x30 0x80010722
core   0: 0x8000a726 (0x8c3f2f23) sw      gp, -1826(t5)
core   0: 3 0x8000a726 (0x8c3f2f23) mem 0x80010000 0x00000001
core   0: 0x8000a72a (0x0000bfe5) c.j     pc - 8
core   0: 3 0x8000a72a (0xbfe5)
core   0: 0x8000a722 (0x00006f17) auipc   t5, 0x6
core   0: 3 0x8000a722 (0x00006f17) x30 0x80010722
core   0: 0x8000a726 (0x8c3f2f23) sw      gp, -1826(t5)
core   0: 3 0x8000a726 (0x8c3f2f23) mem 0x80010000 0x00000001
core   0: 0x8000a72a (0x0000bfe5) c.j     pc - 8
core   0: 3 0x8000a72a (0xbfe5)
core   0: 0x8000a722 (0x00006f17) auipc   t5, 0x6
core   0: 3 0x8000a722 (0x00006f17) x30 0x80010722
core   0: 0x8000a726 (0x8c3f2f23) sw      gp, -1826(t5)
core   0: 3 0x8000a726 (0x8c3f2f23) mem 0x80010000 0x00000001
core   0: 0x8000a72a (0x0000bfe5) c.j     pc - 8
core   0: 3 0x8000a72a (0xbfe5)
core   0: 0x8000a722 (0x00006f17) auipc   t5, 0x6
core   0: 3 0x8000a722 (0x00006f17) x30 0x80010722
core   0: 0x8000a726 (0x8c3f2f23) sw      gp, -1826(t5)
core   0: 3 0x8000a726 (0x8c3f2f23) mem 0x80010000 0x00000001
core   0: 0x8000a72a (0x0000bfe5) c.j     pc - 8
core   0: 3 0x8000a72a (0xbfe5)
core   0: 0x8000a722 (0x00006f17) auipc   t5, 0x6
core   0: 3 0x8000a722 (0x00006f17) x30 0x80010722
core   0: 0x8000a726 (0x8c3f2f23) sw      gp, -1826(t5)
core   0: 3 0x8000a726 (0x8c3f2f23) mem 0x80010000 0x00000001
core   0: 0x8000a72a (0x0000bfe5) c.j     pc - 8
core   0: 3 0x8000a72a (0xbfe5)
core   0: 0x8000a722 (0x00006f17) auipc   t5, 0x6
core   0: 3 0x8000a722 (0x00006f17) x30 0x80010722
core   0: 0x8000a726 (0x8c3f2f23) sw      gp, -1826(t5)
core   0: 3 0x8000a726 (0x8c3f2f23) mem 0x80010000 0x00000001
core   0: 0x8000a72a (0x0000bfe5) c.j     pc - 8
core   0: 3 0x8000a72a (0xbfe5)
core   0: 0x8000a722 (0x00006f17) auipc   t5, 0x6
core   0: 3 0x8000a722 (0x00006f17) x30 0x80010722
core   0: 0x8000a726 (0x8c3f2f23) sw      gp, -1826(t5)
core   0: 3 0x8000a726 (0x8c3f2f23) mem 0x80010000 0x00000001
core   0: 0x8000a72a (0x0000bfe5) c.j     pc - 8
core   0: 3 0x8000a72a (0xbfe5)
core   0: 0x8000a722 (0x00006f17) auipc   t5, 0x6
core   0: 3 0x8000a722 (0x00006f17) x30 0x80010722
core   0: 0x8000a726 (0x8c3f2f23) sw      gp, -1826(t5)
core   0: 3 0x8000a726 (0x8c3f2f23) mem 0x80010000 0x00000001
core   0: 0x8000a72a (0x0000bfe5) c.j     pc - 8
core   0: 3 0x8000a72a (0xbfe5)
core   0: 0x8000a722 (0x00006f17) auipc   t5, 0x6
core   0: 3 0x8000a722 (0x00006f17) x30 0x80010722
core   0: 0x8000a726 (0x8c3f2f23) sw      gp, -1826(t5)
core   0: 3 0x8000a726 (0x8c3f2f23) mem 0x80010000 0x00000001
core   0: 0x8000a72a (0x0000bfe5) c.j     pc - 8
core   0: 3 0x8000a72a (0xbfe5)
core   0: 0x8000a722 (0x00006f17) auipc   t5, 0x6
core   0: 3 0x8000a722 (0x00006f17) x30 0x80010722
core   0: 0x8000a726 (0x8c3f2f23) sw      gp, -1826(t5)
core   0: 3 0x8000a726 (0x8c3f2f23) mem 0x80010000 0x00000001
core   0: 0x8000a72a (0x0000bfe5) c.j     pc - 8
core   0: 3 0x8000a72a (0xbfe5)
core   0: 0x8000a722 (0x00006f17) auipc   t5, 0x6
core   0: 3 0x8000a722 (0x00006f17) x30 0x80010722
core   0: 0x8000a726 (0x8c3f2f23) sw      gp, -1826(t5)
core   0: 3 0x8000a726 (0x8c3f2f23) mem 0x80010000 0x00000001
core   0: 0x8000a72a (0x0000bfe5) c.j     pc - 8
core   0: 3 0x8000a72a (0xbfe5)
core   0: 0x8000a722 (0x00006f17) auipc   t5, 0x6
core   0: 3 0x8000a722 (0x00006f17) x30 0x80010722
core   0: 0x8000a726 (0x8c3f2f23) sw      gp, -1826(t5)
core   0: 3 0x8000a726 (0x8c3f2f23) mem 0x80010000 0x00000001
core   0: 0x8000a72a (0x0000bfe5) c.j     pc - 8
core   0: 3 0x8000a72a (0xbfe5)
core   0: 0x8000a722 (0x00006f17) auipc   t5, 0x6
core   0: 3 0x8000a722 (0x00006f17) x30 0x80010722
core   0: 0x8000a726 (0x8c3f2f23) sw      gp, -1826(t5)
core   0: 3 0x8000a726 (0x8c3f2f23) mem 0x80010000 0x00000001
core   0: 0x8000a72a (0x0000bfe5) c.j     pc - 8
core   0: 3 0x8000a72a (0xbfe5)
core   0: 0x8000a722 (0x00006f17) auipc   t5, 0x6
core   0: 3 0x8000a722 (0x00006f17) x30 0x80010722
core   0: 0x8000a726 (0x8c3f2f23) sw      gp, -1826(t5)
core   0: 3 0x8000a726 (0x8c3f2f23) mem 0x80010000 0x00000001
core   0: 0x8000a72a (0x0000bfe5) c.j     pc - 8
core   0: 3 0x8000a72a (0xbfe5)
core   0: 0x8000a722 (0x00006f17) auipc   t5, 0x6
core   0: 3 0x8000a722 (0x00006f17) x30 0x80010722
core   0: 0x8000a726 (0x8c3f2f23) sw      gp, -1826(t5)
core   0: 3 0x8000a726 (0x8c3f2f23) mem 0x80010000 0x00000001
core   0: 0x8000a72a (0x0000bfe5) c.j     pc - 8
core   0: 3 0x8000a72a (0xbfe5)
core   0: 0x8000a722 (0x00006f17) auipc   t5, 0x6
core   0: 3 0x8000a722 (0x00006f17) x30 0x80010722
core   0: 0x8000a726 (0x8c3f2f23) sw      gp, -1826(t5)
core   0: 3 0x8000a726 (0x8c3f2f23) mem 0x80010000 0x00000001
core   0: 0x8000a72a (0x0000bfe5) c.j     pc - 8
core   0: 3 0x8000a72a (0xbfe5)
core   0: 0x8000a722 (0x00006f17) auipc   t5, 0x6
core   0: 3 0x8000a722 (0x00006f17) x30 0x80010722
core   0: 0x8000a726 (0x8c3f2f23) sw      gp, -1826(t5)
core   0: 3 0x8000a726 (0x8c3f2f23) mem 0x80010000 0x00000001
core   0: 0x8000a72a (0x0000bfe5) c.j     pc - 8
core   0: 3 0x8000a72a (0xbfe5)
core   0: 0x8000a722 (0x00006f17) auipc   t5, 0x6
core   0: 3 0x8000a722 (0x00006f17) x30 0x80010722
core   0: 0x8000a726 (0x8c3f2f23) sw      gp, -1826(t5)
core   0: 3 0x8000a726 (0x8c3f2f23) mem 0x80010000 0x00000001
core   0: 0x8000a72a (0x0000bfe5) c.j     pc - 8
core   0: 3 0x8000a72a (0xbfe5)
core   0: 0x8000a722 (0x00006f17) auipc   t5, 0x6
core   0: 3 0x8000a722 (0x00006f17) x30 0x80010722
core   0: 0x8000a726 (0x8c3f2f23) sw      gp, -1826(t5)
core   0: 3 0x8000a726 (0x8c3f2f23) mem 0x80010000 0x00000001
core   0: 0x8000a72a (0x0000bfe5) c.j     pc - 8
core   0: 3 0x8000a72a (0xbfe5)
core   0: 0x8000a722 (0x00006f17) auipc   t5, 0x6
core   0: 3 0x8000a722 (0x00006f17) x30 0x80010722
core   0: 0x8000a726 (0x8c3f2f23) sw      gp, -1826(t5)
core   0: 3 0x8000a726 (0x8c3f2f23) mem 0x80010000 0x00000001
core   0: 0x8000a72a (0x0000bfe5) c.j     pc - 8
core   0: 3 0x8000a72a (0xbfe5)
core   0: 0x8000a722 (0x00006f17) auipc   t5, 0x6
core   0: 3 0x8000a722 (0x00006f17) x30 0x80010722
core   0: 0x8000a726 (0x8c3f2f23) sw      gp, -1826(t5)
core   0: 3 0x8000a726 (0x8c3f2f23) mem 0x80010000 0x00000001
core   0: 0x8000a72a (0x0000bfe5) c.j     pc - 8
core   0: 3 0x8000a72a (0xbfe5)
core   0: 0x8000a722 (0x00006f17) auipc   t5, 0x6
core   0: 3 0x8000a722 (0x00006f17) x30 0x80010722
core   0: 0x8000a726 (0x8c3f2f23) sw      gp, -1826(t5)
core   0: 3 0x8000a726 (0x8c3f2f23) mem 0x80010000 0x00000001
core   0: 0x8000a72a (0x0000bfe5) c.j     pc - 8
core   0: 3 0x8000a72a (0xbfe5)
core   0: 0x8000a722 (0x00006f17) auipc   t5, 0x6
core   0: 3 0x8000a722 (0x00006f17) x30 0x80010722
core   0: 0x8000a726 (0x8c3f2f23) sw      gp, -1826(t5)
core   0: 3 0x8000a726 (0x8c3f2f23) mem 0x80010000 0x00000001
core   0: 0x8000a72a (0x0000bfe5) c.j     pc - 8
core   0: 3 0x8000a72a (0xbfe5)
core   0: 0x8000a722 (0x00006f17) auipc   t5, 0x6
core   0: 3 0x8000a722 (0x00006f17) x30 0x80010722
core   0: 0x8000a726 (0x8c3f2f23) sw      gp, -1826(t5)
core   0: 3 0x8000a726 (0x8c3f2f23) mem 0x80010000 0x00000001
core   0: 0x8000a72a (0x0000bfe5) c.j     pc - 8
core   0: 3 0x8000a72a (0xbfe5)
core   0: 0x8000a722 (0x00006f17) auipc   t5, 0x6
core   0: 3 0x8000a722 (0x00006f17) x30 0x80010722
core   0: 0x8000a726 (0x8c3f2f23) sw      gp, -1826(t5)
core   0: 3 0x8000a726 (0x8c3f2f23) mem 0x80010000 0x00000001
core   0: 0x8000a72a (0x0000bfe5) c.j     pc - 8
core   0: 3 0x8000a72a (0xbfe5)
core   0: 0x8000a722 (0x00006f17) auipc   t5, 0x6
core   0: 3 0x8000a722 (0x00006f17) x30 0x80010722
core   0: 0x8000a726 (0x8c3f2f23) sw      gp, -1826(t5)
core   0: 3 0x8000a726 (0x8c3f2f23) mem 0x80010000 0x00000001
core   0: 0x8000a72a (0x0000bfe5) c.j     pc - 8
core   0: 3 0x8000a72a (0xbfe5)
core   0: 0x8000a722 (0x00006f17) auipc   t5, 0x6
core   0: 3 0x8000a722 (0x00006f17) x30 0x80010722
core   0: 0x8000a726 (0x8c3f2f23) sw      gp, -1826(t5)
core   0: 3 0x8000a726 (0x8c3f2f23) mem 0x80010000 0x00000001
core   0: 0x8000a72a (0x0000bfe5) c.j     pc - 8
core   0: 3 0x8000a72a (0xbfe5)
core   0: 0x8000a722 (0x00006f17) auipc   t5, 0x6
core   0: 3 0x8000a722 (0x00006f17) x30 0x80010722
core   0: 0x8000a726 (0x8c3f2f23) sw      gp, -1826(t5)
core   0: 3 0x8000a726 (0x8c3f2f23) mem 0x80010000 0x00000001
core   0: 0x8000a72a (0x0000bfe5) c.j     pc - 8
core   0: 3 0x8000a72a (0xbfe5)
core   0: 0x8000a722 (0x00006f17) auipc   t5, 0x6
core   0: 3 0x8000a722 (0x00006f17) x30 0x80010722
core   0: 0x8000a726 (0x8c3f2f23) sw      gp, -1826(t5)
core   0: 3 0x8000a726 (0x8c3f2f23) mem 0x80010000 0x00000001
core   0: 0x8000a72a (0x0000bfe5) c.j     pc - 8
core   0: 3 0x8000a72a (0xbfe5)
core   0: 0x8000a722 (0x00006f17) auipc   t5, 0x6
core   0: 3 0x8000a722 (0x00006f17) x30 0x80010722
core   0: 0x8000a726 (0x8c3f2f23) sw      gp, -1826(t5)
core   0: 3 0x8000a726 (0x8c3f2f23) mem 0x80010000 0x00000001
core   0: 0x8000a72a (0x0000bfe5) c.j     pc - 8
core   0: 3 0x8000a72a (0xbfe5)
core   0: 0x8000a722 (0x00006f17) auipc   t5, 0x6
core   0: 3 0x8000a722 (0x00006f17) x30 0x80010722
core   0: 0x8000a726 (0x8c3f2f23) sw      gp, -1826(t5)
core   0: 3 0x8000a726 (0x8c3f2f23) mem 0x80010000 0x00000001
core   0: 0x8000a72a (0x0000bfe5) c.j     pc - 8
core   0: 3 0x8000a72a (0xbfe5)
core   0: 0x8000a722 (0x00006f17) auipc   t5, 0x6
core   0: 3 0x8000a722 (0x00006f17) x30 0x80010722
core   0: 0x8000a726 (0x8c3f2f23) sw      gp, -1826(t5)
core   0: 3 0x8000a726 (0x8c3f2f23) mem 0x80010000 0x00000001
core   0: 0x8000a72a (0x0000bfe5) c.j     pc - 8
core   0: 3 0x8000a72a (0xbfe5)
core   0: 0x8000a722 (0x00006f17) auipc   t5, 0x6
core   0: 3 0x8000a722 (0x00006f17) x30 0x80010722
core   0: 0x8000a726 (0x8c3f2f23) sw      gp, -1826(t5)
core   0: 3 0x8000a726 (0x8c3f2f23) mem 0x80010000 0x00000001
core   0: 0x8000a72a (0x0000bfe5) c.j     pc - 8
core   0: 3 0x8000a72a (0xbfe5)
core   0: 0x8000a722 (0x00006f17) auipc   t5, 0x6
core   0: 3 0x8000a722 (0x00006f17) x30 0x80010722
core   0: 0x8000a726 (0x8c3f2f23) sw      gp, -1826(t5)
core   0: 3 0x8000a726 (0x8c3f2f23) mem 0x80010000 0x00000001
core   0: 0x8000a72a (0x0000bfe5) c.j     pc - 8
core   0: 3 0x8000a72a (0xbfe5)
core   0: 0x8000a722 (0x00006f17) auipc   t5, 0x6
core   0: 3 0x8000a722 (0x00006f17) x30 0x80010722
core   0: 0x8000a726 (0x8c3f2f23) sw      gp, -1826(t5)
core   0: 3 0x8000a726 (0x8c3f2f23) mem 0x80010000 0x00000001
core   0: 0x8000a72a (0x0000bfe5) c.j     pc - 8
core   0: 3 0x8000a72a (0xbfe5)
core   0: 0x8000a722 (0x00006f17) auipc   t5, 0x6
core   0: 3 0x8000a722 (0x00006f17) x30 0x80010722
core   0: 0x8000a726 (0x8c3f2f23) sw      gp, -1826(t5)
core   0: 3 0x8000a726 (0x8c3f2f23) mem 0x80010000 0x00000001
core   0: 0x8000a72a (0x0000bfe5) c.j     pc - 8
core   0: 3 0x8000a72a (0xbfe5)
core   0: 0x8000a722 (0x00006f17) auipc   t5, 0x6
core   0: 3 0x8000a722 (0x00006f17) x30 0x80010722
core   0: 0x8000a726 (0x8c3f2f23) sw      gp, -1826(t5)
core   0: 3 0x8000a726 (0x8c3f2f23) mem 0x80010000 0x00000001
core   0: 0x8000a72a (0x0000bfe5) c.j     pc - 8
core   0: 3 0x8000a72a (0xbfe5)
core   0: 0x8000a722 (0x00006f17) auipc   t5, 0x6
core   0: 3 0x8000a722 (0x00006f17) x30 0x80010722
core   0: 0x8000a726 (0x8c3f2f23) sw      gp, -1826(t5)
core   0: 3 0x8000a726 (0x8c3f2f23) mem 0x80010000 0x00000001
core   0: 0x8000a72a (0x0000bfe5) c.j     pc - 8
core   0: 3 0x8000a72a (0xbfe5)
core   0: 0x8000a722 (0x00006f17) auipc   t5, 0x6
core   0: 3 0x8000a722 (0x00006f17) x30 0x80010722
core   0: 0x8000a726 (0x8c3f2f23) sw      gp, -1826(t5)
core   0: 3 0x8000a726 (0x8c3f2f23) mem 0x80010000 0x00000001
core   0: 0x8000a72a (0x0000bfe5) c.j     pc - 8
core   0: 3 0x8000a72a (0xbfe5)
core   0: 0x8000a722 (0x00006f17) auipc   t5, 0x6
core   0: 3 0x8000a722 (0x00006f17) x30 0x80010722
core   0: 0x8000a726 (0x8c3f2f23) sw      gp, -1826(t5)
core   0: 3 0x8000a726 (0x8c3f2f23) mem 0x80010000 0x00000001
core   0: 0x8000a72a (0x0000bfe5) c.j     pc - 8
core   0: 3 0x8000a72a (0xbfe5)
core   0: 0x8000a722 (0x00006f17) auipc   t5, 0x6
core   0: 3 0x8000a722 (0x00006f17) x30 0x80010722
core   0: 0x8000a726 (0x8c3f2f23) sw      gp, -1826(t5)
core   0: 3 0x8000a726 (0x8c3f2f23) mem 0x80010000 0x00000001
core   0: 0x8000a72a (0x0000bfe5) c.j     pc - 8
core   0: 3 0x8000a72a (0xbfe5)
core   0: 0x8000a722 (0x00006f17) auipc   t5, 0x6
core   0: 3 0x8000a722 (0x00006f17) x30 0x80010722
core   0: 0x8000a726 (0x8c3f2f23) sw      gp, -1826(t5)
core   0: 3 0x8000a726 (0x8c3f2f23) mem 0x80010000 0x00000001
core   0: 0x8000a72a (0x0000bfe5) c.j     pc - 8
core   0: 3 0x8000a72a (0xbfe5)
core   0: 0x8000a722 (0x00006f17) auipc   t5, 0x6
core   0: 3 0x8000a722 (0x00006f17) x30 0x80010722
core   0: 0x8000a726 (0x8c3f2f23) sw      gp, -1826(t5)
core   0: 3 0x8000a726 (0x8c3f2f23) mem 0x80010000 0x00000001
core   0: 0x8000a72a (0x0000bfe5) c.j     pc - 8
core   0: 3 0x8000a72a (0xbfe5)
core   0: 0x8000a722 (0x00006f17) auipc   t5, 0x6
core   0: 3 0x8000a722 (0x00006f17) x30 0x80010722
core   0: 0x8000a726 (0x8c3f2f23) sw      gp, -1826(t5)
core   0: 3 0x8000a726 (0x8c3f2f23) mem 0x80010000 0x00000001
core   0: 0x8000a72a (0x0000bfe5) c.j     pc - 8
core   0: 3 0x8000a72a (0xbfe5)
core   0: 0x8000a722 (0x00006f17) auipc   t5, 0x6
core   0: 3 0x8000a722 (0x00006f17) x30 0x80010722
core   0: 0x8000a726 (0x8c3f2f23) sw      gp, -1826(t5)
core   0: 3 0x8000a726 (0x8c3f2f23) mem 0x80010000 0x00000001
core   0: 0x8000a72a (0x0000bfe5) c.j     pc - 8
core   0: 3 0x8000a72a (0xbfe5)
core   0: 0x8000a722 (0x00006f17) auipc   t5, 0x6
core   0: 3 0x8000a722 (0x00006f17) x30 0x80010722
core   0: 0x8000a726 (0x8c3f2f23) sw      gp, -1826(t5)
core   0: 3 0x8000a726 (0x8c3f2f23) mem 0x80010000 0x00000001
core   0: 0x8000a72a (0x0000bfe5) c.j     pc - 8
core   0: 3 0x8000a72a (0xbfe5)
core   0: 0x8000a722 (0x00006f17) auipc   t5, 0x6
core   0: 3 0x8000a722 (0x00006f17) x30 0x80010722
core   0: 0x8000a726 (0x8c3f2f23) sw      gp, -1826(t5)
core   0: 3 0x8000a726 (0x8c3f2f23) mem 0x80010000 0x00000001
core   0: 0x8000a72a (0x0000bfe5) c.j     pc - 8
core   0: 3 0x8000a72a (0xbfe5)
core   0: 0x8000a722 (0x00006f17) auipc   t5, 0x6
core   0: 3 0x8000a722 (0x00006f17) x30 0x80010722
core   0: 0x8000a726 (0x8c3f2f23) sw      gp, -1826(t5)
core   0: 3 0x8000a726 (0x8c3f2f23) mem 0x80010000 0x00000001
core   0: 0x8000a72a (0x0000bfe5) c.j     pc - 8
core   0: 3 0x8000a72a (0xbfe5)
core   0: 0x8000a722 (0x00006f17) auipc   t5, 0x6
core   0: 3 0x8000a722 (0x00006f17) x30 0x80010722
core   0: 0x8000a726 (0x8c3f2f23) sw      gp, -1826(t5)
core   0: 3 0x8000a726 (0x8c3f2f23) mem 0x80010000 0x00000001
core   0: 0x8000a72a (0x0000bfe5) c.j     pc - 8
core   0: 3 0x8000a72a (0xbfe5)
core   0: 0x8000a722 (0x00006f17) auipc   t5, 0x6
core   0: 3 0x8000a722 (0x00006f17) x30 0x80010722
core   0: 0x8000a726 (0x8c3f2f23) sw      gp, -1826(t5)
core   0: 3 0x8000a726 (0x8c3f2f23) mem 0x80010000 0x00000001
core   0: 0x8000a72a (0x0000bfe5) c.j     pc - 8
core   0: 3 0x8000a72a (0xbfe5)
core   0: 0x8000a722 (0x00006f17) auipc   t5, 0x6
core   0: 3 0x8000a722 (0x00006f17) x30 0x80010722
core   0: 0x8000a726 (0x8c3f2f23) sw      gp, -1826(t5)
core   0: 3 0x8000a726 (0x8c3f2f23) mem 0x80010000 0x00000001
core   0: 0x8000a72a (0x0000bfe5) c.j     pc - 8
core   0: 3 0x8000a72a (0xbfe5)
core   0: 0x8000a722 (0x00006f17) auipc   t5, 0x6
core   0: 3 0x8000a722 (0x00006f17) x30 0x80010722
core   0: 0x8000a726 (0x8c3f2f23) sw      gp, -1826(t5)
core   0: 3 0x8000a726 (0x8c3f2f23) mem 0x80010000 0x00000001
core   0: 0x8000a72a (0x0000bfe5) c.j     pc - 8
core   0: 3 0x8000a72a (0xbfe5)
core   0: 0x8000a722 (0x00006f17) auipc   t5, 0x6
core   0: 3 0x8000a722 (0x00006f17) x30 0x80010722
core   0: 0x8000a726 (0x8c3f2f23) sw      gp, -1826(t5)
core   0: 3 0x8000a726 (0x8c3f2f23) mem 0x80010000 0x00000001
core   0: 0x8000a72a (0x0000bfe5) c.j     pc - 8
core   0: 3 0x8000a72a (0xbfe5)
core   0: 0x8000a722 (0x00006f17) auipc   t5, 0x6
core   0: 3 0x8000a722 (0x00006f17) x30 0x80010722
core   0: 0x8000a726 (0x8c3f2f23) sw      gp, -1826(t5)
core   0: 3 0x8000a726 (0x8c3f2f23) mem 0x80010000 0x00000001
core   0: 0x8000a72a (0x0000bfe5) c.j     pc - 8
core   0: 3 0x8000a72a (0xbfe5)
core   0: 0x8000a722 (0x00006f17) auipc   t5, 0x6
core   0: 3 0x8000a722 (0x00006f17) x30 0x80010722
core   0: 0x8000a726 (0x8c3f2f23) sw      gp, -1826(t5)
core   0: 3 0x8000a726 (0x8c3f2f23) mem 0x80010000 0x00000001
core   0: 0x8000a72a (0x0000bfe5) c.j     pc - 8
core   0: 3 0x8000a72a (0xbfe5)
core   0: 0x8000a722 (0x00006f17) auipc   t5, 0x6
core   0: 3 0x8000a722 (0x00006f17) x30 0x80010722
core   0: 0x8000a726 (0x8c3f2f23) sw      gp, -1826(t5)
core   0: 3 0x8000a726 (0x8c3f2f23) mem 0x80010000 0x00000001
core   0: 0x8000a72a (0x0000bfe5) c.j     pc - 8
core   0: 3 0x8000a72a (0xbfe5)
core   0: 0x8000a722 (0x00006f17) auipc   t5, 0x6
core   0: 3 0x8000a722 (0x00006f17) x30 0x80010722
core   0: 0x8000a726 (0x8c3f2f23) sw      gp, -1826(t5)
core   0: 3 0x8000a726 (0x8c3f2f23) mem 0x80010000 0x00000001
core   0: 0x8000a72a (0x0000bfe5) c.j     pc - 8
core   0: 3 0x8000a72a (0xbfe5)
core   0: 0x8000a722 (0x00006f17) auipc   t5, 0x6
core   0: 3 0x8000a722 (0x00006f17) x30 0x80010722
core   0: 0x8000a726 (0x8c3f2f23) sw      gp, -1826(t5)
core   0: 3 0x8000a726 (0x8c3f2f23) mem 0x80010000 0x00000001
core   0: 0x8000a72a (0x0000bfe5) c.j     pc - 8
core   0: 3 0x8000a72a (0xbfe5)
core   0: 0x8000a722 (0x00006f17) auipc   t5, 0x6
core   0: 3 0x8000a722 (0x00006f17) x30 0x80010722
core   0: 0x8000a726 (0x8c3f2f23) sw      gp, -1826(t5)
core   0: 3 0x8000a726 (0x8c3f2f23) mem 0x80010000 0x00000001
core   0: 0x8000a72a (0x0000bfe5) c.j     pc - 8
core   0: 3 0x8000a72a (0xbfe5)
core   0: 0x8000a722 (0x00006f17) auipc   t5, 0x6
core   0: 3 0x8000a722 (0x00006f17) x30 0x80010722
core   0: 0x8000a726 (0x8c3f2f23) sw      gp, -1826(t5)
core   0: 3 0x8000a726 (0x8c3f2f23) mem 0x80010000 0x00000001
core   0: 0x8000a72a (0x0000bfe5) c.j     pc - 8
core   0: 3 0x8000a72a (0xbfe5)
core   0: 0x8000a722 (0x00006f17) auipc   t5, 0x6
core   0: 3 0x8000a722 (0x00006f17) x30 0x80010722
core   0: 0x8000a726 (0x8c3f2f23) sw      gp, -1826(t5)
core   0: 3 0x8000a726 (0x8c3f2f23) mem 0x80010000 0x00000001
core   0: 0x8000a72a (0x0000bfe5) c.j     pc - 8
core   0: 3 0x8000a72a (0xbfe5)
core   0: 0x8000a722 (0x00006f17) auipc   t5, 0x6
core   0: 3 0x8000a722 (0x00006f17) x30 0x80010722
core   0: 0x8000a726 (0x8c3f2f23) sw      gp, -1826(t5)
core   0: 3 0x8000a726 (0x8c3f2f23) mem 0x80010000 0x00000001
core   0: 0x8000a72a (0x0000bfe5) c.j     pc - 8
core   0: 3 0x8000a72a (0xbfe5)
core   0: 0x8000a722 (0x00006f17) auipc   t5, 0x6
core   0: 3 0x8000a722 (0x00006f17) x30 0x80010722
core   0: 0x8000a726 (0x8c3f2f23) sw      gp, -1826(t5)
core   0: 3 0x8000a726 (0x8c3f2f23) mem 0x80010000 0x00000001
core   0: 0x8000a72a (0x0000bfe5) c.j     pc - 8
core   0: 3 0x8000a72a (0xbfe5)
core   0: 0x8000a722 (0x00006f17) auipc   t5, 0x6
core   0: 3 0x8000a722 (0x00006f17) x30 0x80010722
core   0: 0x8000a726 (0x8c3f2f23) sw      gp, -1826(t5)
core   0: 3 0x8000a726 (0x8c3f2f23) mem 0x80010000 0x00000001
core   0: 0x8000a72a (0x0000bfe5) c.j     pc - 8
core   0: 3 0x8000a72a (0xbfe5)
core   0: 0x8000a722 (0x00006f17) auipc   t5, 0x6
core   0: 3 0x8000a722 (0x00006f17) x30 0x80010722
core   0: 0x8000a726 (0x8c3f2f23) sw      gp, -1826(t5)
core   0: 3 0x8000a726 (0x8c3f2f23) mem 0x80010000 0x00000001
core   0: 0x8000a72a (0x0000bfe5) c.j     pc - 8
core   0: 3 0x8000a72a (0xbfe5)
core   0: 0x8000a722 (0x00006f17) auipc   t5, 0x6
core   0: 3 0x8000a722 (0x00006f17) x30 0x80010722
core   0: 0x8000a726 (0x8c3f2f23) sw      gp, -1826(t5)
core   0: 3 0x8000a726 (0x8c3f2f23) mem 0x80010000 0x00000001
core   0: 0x8000a72a (0x0000bfe5) c.j     pc - 8
core   0: 3 0x8000a72a (0xbfe5)
core   0: 0x8000a722 (0x00006f17) auipc   t5, 0x6
core   0: 3 0x8000a722 (0x00006f17) x30 0x80010722
core   0: 0x8000a726 (0x8c3f2f23) sw      gp, -1826(t5)
core   0: 3 0x8000a726 (0x8c3f2f23) mem 0x80010000 0x00000001
core   0: 0x8000a72a (0x0000bfe5) c.j     pc - 8
core   0: 3 0x8000a72a (0xbfe5)
core   0: 0x8000a722 (0x00006f17) auipc   t5, 0x6
core   0: 3 0x8000a722 (0x00006f17) x30 0x80010722
core   0: 0x8000a726 (0x8c3f2f23) sw      gp, -1826(t5)
core   0: 3 0x8000a726 (0x8c3f2f23) mem 0x80010000 0x00000001
core   0: 0x8000a72a (0x0000bfe5) c.j     pc - 8
core   0: 3 0x8000a72a (0xbfe5)
core   0: 0x8000a722 (0x00006f17) auipc   t5, 0x6
core   0: 3 0x8000a722 (0x00006f17) x30 0x80010722
core   0: 0x8000a726 (0x8c3f2f23) sw      gp, -1826(t5)
core   0: 3 0x8000a726 (0x8c3f2f23) mem 0x80010000 0x00000001
core   0: 0x8000a72a (0x0000bfe5) c.j     pc - 8
core   0: 3 0x8000a72a (0xbfe5)
core   0: 0x8000a722 (0x00006f17) auipc   t5, 0x6
core   0: 3 0x8000a722 (0x00006f17) x30 0x80010722
core   0: 0x8000a726 (0x8c3f2f23) sw      gp, -1826(t5)
core   0: 3 0x8000a726 (0x8c3f2f23) mem 0x80010000 0x00000001
core   0: 0x8000a72a (0x0000bfe5) c.j     pc - 8
core   0: 3 0x8000a72a (0xbfe5)
core   0: 0x8000a722 (0x00006f17) auipc   t5, 0x6
core   0: 3 0x8000a722 (0x00006f17) x30 0x80010722
core   0: 0x8000a726 (0x8c3f2f23) sw      gp, -1826(t5)
core   0: 3 0x8000a726 (0x8c3f2f23) mem 0x80010000 0x00000001
core   0: 0x8000a72a (0x0000bfe5) c.j     pc - 8
core   0: 3 0x8000a72a (0xbfe5)
core   0: 0x8000a722 (0x00006f17) auipc   t5, 0x6
core   0: 3 0x8000a722 (0x00006f17) x30 0x80010722
core   0: 0x8000a726 (0x8c3f2f23) sw      gp, -1826(t5)
core   0: 3 0x8000a726 (0x8c3f2f23) mem 0x80010000 0x00000001
core   0: 0x8000a72a (0x0000bfe5) c.j     pc - 8
core   0: 3 0x8000a72a (0xbfe5)
core   0: 0x8000a722 (0x00006f17) auipc   t5, 0x6
core   0: 3 0x8000a722 (0x00006f17) x30 0x80010722
core   0: 0x8000a726 (0x8c3f2f23) sw      gp, -1826(t5)
core   0: 3 0x8000a726 (0x8c3f2f23) mem 0x80010000 0x00000001
core   0: 0x8000a72a (0x0000bfe5) c.j     pc - 8
core   0: 3 0x8000a72a (0xbfe5)
core   0: 0x8000a722 (0x00006f17) auipc   t5, 0x6
core   0: 3 0x8000a722 (0x00006f17) x30 0x80010722
core   0: 0x8000a726 (0x8c3f2f23) sw      gp, -1826(t5)
core   0: 3 0x8000a726 (0x8c3f2f23) mem 0x80010000 0x00000001
core   0: 0x8000a72a (0x0000bfe5) c.j     pc - 8
core   0: 3 0x8000a72a (0xbfe5)
core   0: 0x8000a722 (0x00006f17) auipc   t5, 0x6
core   0: 3 0x8000a722 (0x00006f17) x30 0x80010722
core   0: 0x8000a726 (0x8c3f2f23) sw      gp, -1826(t5)
core   0: 3 0x8000a726 (0x8c3f2f23) mem 0x80010000 0x00000001
core   0: 0x8000a72a (0x0000bfe5) c.j     pc - 8
core   0: 3 0x8000a72a (0xbfe5)
core   0: 0x8000a722 (0x00006f17) auipc   t5, 0x6
core   0: 3 0x8000a722 (0x00006f17) x30 0x80010722
core   0: 0x8000a726 (0x8c3f2f23) sw      gp, -1826(t5)
core   0: 3 0x8000a726 (0x8c3f2f23) mem 0x80010000 0x00000001
core   0: 0x8000a72a (0x0000bfe5) c.j     pc - 8
core   0: 3 0x8000a72a (0xbfe5)
core   0: 0x8000a722 (0x00006f17) auipc   t5, 0x6
core   0: 3 0x8000a722 (0x00006f17) x30 0x80010722
core   0: 0x8000a726 (0x8c3f2f23) sw      gp, -1826(t5)
core   0: 3 0x8000a726 (0x8c3f2f23) mem 0x80010000 0x00000001
core   0: 0x8000a72a (0x0000bfe5) c.j     pc - 8
core   0: 3 0x8000a72a (0xbfe5)
core   0: 0x8000a722 (0x00006f17) auipc   t5, 0x6
core   0: 3 0x8000a722 (0x00006f17) x30 0x80010722
core   0: 0x8000a726 (0x8c3f2f23) sw      gp, -1826(t5)
core   0: 3 0x8000a726 (0x8c3f2f23) mem 0x80010000 0x00000001
core   0: 0x8000a72a (0x0000bfe5) c.j     pc - 8
core   0: 3 0x8000a72a (0xbfe5)
core   0: 0x8000a722 (0x00006f17) auipc   t5, 0x6
core   0: 3 0x8000a722 (0x00006f17) x30 0x80010722
core   0: 0x8000a726 (0x8c3f2f23) sw      gp, -1826(t5)
core   0: 3 0x8000a726 (0x8c3f2f23) mem 0x80010000 0x00000001
core   0: 0x8000a72a (0x0000bfe5) c.j     pc - 8
core   0: 3 0x8000a72a (0xbfe5)
core   0: 0x8000a722 (0x00006f17) auipc   t5, 0x6
core   0: 3 0x8000a722 (0x00006f17) x30 0x80010722
core   0: 0x8000a726 (0x8c3f2f23) sw      gp, -1826(t5)
core   0: 3 0x8000a726 (0x8c3f2f23) mem 0x80010000 0x00000001
core   0: 0x8000a72a (0x0000bfe5) c.j     pc - 8
core   0: 3 0x8000a72a (0xbfe5)
core   0: 0x8000a722 (0x00006f17) auipc   t5, 0x6
core   0: 3 0x8000a722 (0x00006f17) x30 0x80010722
core   0: 0x8000a726 (0x8c3f2f23) sw      gp, -1826(t5)
core   0: 3 0x8000a726 (0x8c3f2f23) mem 0x80010000 0x00000001
core   0: 0x8000a72a (0x0000bfe5) c.j     pc - 8
core   0: 3 0x8000a72a (0xbfe5)
core   0: 0x8000a722 (0x00006f17) auipc   t5, 0x6
core   0: 3 0x8000a722 (0x00006f17) x30 0x80010722
core   0: 0x8000a726 (0x8c3f2f23) sw      gp, -1826(t5)
core   0: 3 0x8000a726 (0x8c3f2f23) mem 0x80010000 0x00000001
core   0: 0x8000a72a (0x0000bfe5) c.j     pc - 8
core   0: 3 0x8000a72a (0xbfe5)
core   0: 0x8000a722 (0x00006f17) auipc   t5, 0x6
core   0: 3 0x8000a722 (0x00006f17) x30 0x80010722
core   0: 0x8000a726 (0x8c3f2f23) sw      gp, -1826(t5)
core   0: 3 0x8000a726 (0x8c3f2f23) mem 0x80010000 0x00000001
core   0: 0x8000a72a (0x0000bfe5) c.j     pc - 8
core   0: 3 0x8000a72a (0xbfe5)
core   0: 0x8000a722 (0x00006f17) auipc   t5, 0x6
core   0: 3 0x8000a722 (0x00006f17) x30 0x80010722
core   0: 0x8000a726 (0x8c3f2f23) sw      gp, -1826(t5)
core   0: 3 0x8000a726 (0x8c3f2f23) mem 0x80010000 0x00000001
core   0: 0x8000a72a (0x0000bfe5) c.j     pc - 8
core   0: 3 0x8000a72a (0xbfe5)
core   0: 0x8000a722 (0x00006f17) auipc   t5, 0x6
core   0: 3 0x8000a722 (0x00006f17) x30 0x80010722
core   0: 0x8000a726 (0x8c3f2f23) sw      gp, -1826(t5)
core   0: 3 0x8000a726 (0x8c3f2f23) mem 0x80010000 0x00000001
core   0: 0x8000a72a (0x0000bfe5) c.j     pc - 8
core   0: 3 0x8000a72a (0xbfe5)
core   0: 0x8000a722 (0x00006f17) auipc   t5, 0x6
core   0: 3 0x8000a722 (0x00006f17) x30 0x80010722
core   0: 0x8000a726 (0x8c3f2f23) sw      gp, -1826(t5)
core   0: 3 0x8000a726 (0x8c3f2f23) mem 0x80010000 0x00000001
core   0: 0x8000a72a (0x0000bfe5) c.j     pc - 8
core   0: 3 0x8000a72a (0xbfe5)
core   0: 0x8000a722 (0x00006f17) auipc   t5, 0x6
core   0: 3 0x8000a722 (0x00006f17) x30 0x80010722
core   0: 0x8000a726 (0x8c3f2f23) sw      gp, -1826(t5)
core   0: 3 0x8000a726 (0x8c3f2f23) mem 0x80010000 0x00000001
core   0: 0x8000a72a (0x0000bfe5) c.j     pc - 8
core   0: 3 0x8000a72a (0xbfe5)
core   0: 0x8000a722 (0x00006f17) auipc   t5, 0x6
core   0: 3 0x8000a722 (0x00006f17) x30 0x80010722
core   0: 0x8000a726 (0x8c3f2f23) sw      gp, -1826(t5)
core   0: 3 0x8000a726 (0x8c3f2f23) mem 0x80010000 0x00000001
core   0: 0x8000a72a (0x0000bfe5) c.j     pc - 8
core   0: 3 0x8000a72a (0xbfe5)
core   0: 0x8000a722 (0x00006f17) auipc   t5, 0x6
core   0: 3 0x8000a722 (0x00006f17) x30 0x80010722
core   0: 0x8000a726 (0x8c3f2f23) sw      gp, -1826(t5)
core   0: 3 0x8000a726 (0x8c3f2f23) mem 0x80010000 0x00000001
core   0: 0x8000a72a (0x0000bfe5) c.j     pc - 8
core   0: 3 0x8000a72a (0xbfe5)
core   0: 0x8000a722 (0x00006f17) auipc   t5, 0x6
core   0: 3 0x8000a722 (0x00006f17) x30 0x80010722
core   0: 0x8000a726 (0x8c3f2f23) sw      gp, -1826(t5)
core   0: 3 0x8000a726 (0x8c3f2f23) mem 0x80010000 0x00000001
core   0: 0x8000a72a (0x0000bfe5) c.j     pc - 8
core   0: 3 0x8000a72a (0xbfe5)
core   0: 0x8000a722 (0x00006f17) auipc   t5, 0x6
core   0: 3 0x8000a722 (0x00006f17) x30 0x80010722
core   0: 0x8000a726 (0x8c3f2f23) sw      gp, -1826(t5)
core   0: 3 0x8000a726 (0x8c3f2f23) mem 0x80010000 0x00000001
core   0: 0x8000a72a (0x0000bfe5) c.j     pc - 8
core   0: 3 0x8000a72a (0xbfe5)
core   0: 0x8000a722 (0x00006f17) auipc   t5, 0x6
core   0: 3 0x8000a722 (0x00006f17) x30 0x80010722
core   0: 0x8000a726 (0x8c3f2f23) sw      gp, -1826(t5)
core   0: 3 0x8000a726 (0x8c3f2f23) mem 0x80010000 0x00000001
core   0: 0x8000a72a (0x0000bfe5) c.j     pc - 8
core   0: 3 0x8000a72a (0xbfe5)
core   0: 0x8000a722 (0x00006f17) auipc   t5, 0x6
core   0: 3 0x8000a722 (0x00006f17) x30 0x80010722
core   0: 0x8000a726 (0x8c3f2f23) sw      gp, -1826(t5)
core   0: 3 0x8000a726 (0x8c3f2f23) mem 0x80010000 0x00000001
core   0: 0x8000a72a (0x0000bfe5) c.j     pc - 8
core   0: 3 0x8000a72a (0xbfe5)
core   0: 0x8000a722 (0x00006f17) auipc   t5, 0x6
core   0: 3 0x8000a722 (0x00006f17) x30 0x80010722
core   0: 0x8000a726 (0x8c3f2f23) sw      gp, -1826(t5)
core   0: 3 0x8000a726 (0x8c3f2f23) mem 0x80010000 0x00000001
core   0: 0x8000a72a (0x0000bfe5) c.j     pc - 8
core   0: 3 0x8000a72a (0xbfe5)
core   0: 0x8000a722 (0x00006f17) auipc   t5, 0x6
core   0: 3 0x8000a722 (0x00006f17) x30 0x80010722
core   0: 0x8000a726 (0x8c3f2f23) sw      gp, -1826(t5)
core   0: 3 0x8000a726 (0x8c3f2f23) mem 0x80010000 0x00000001
core   0: 0x8000a72a (0x0000bfe5) c.j     pc - 8
core   0: 3 0x8000a72a (0xbfe5)
core   0: 0x8000a722 (0x00006f17) auipc   t5, 0x6
core   0: 3 0x8000a722 (0x00006f17) x30 0x80010722
core   0: 0x8000a726 (0x8c3f2f23) sw      gp, -1826(t5)
core   0: 3 0x8000a726 (0x8c3f2f23) mem 0x80010000 0x00000001
core   0: 0x8000a72a (0x0000bfe5) c.j     pc - 8
core   0: 3 0x8000a72a (0xbfe5)
core   0: 0x8000a722 (0x00006f17) auipc   t5, 0x6
core   0: 3 0x8000a722 (0x00006f17) x30 0x80010722
core   0: 0x8000a726 (0x8c3f2f23) sw      gp, -1826(t5)
core   0: 3 0x8000a726 (0x8c3f2f23) mem 0x80010000 0x00000001
core   0: 0x8000a72a (0x0000bfe5) c.j     pc - 8
core   0: 3 0x8000a72a (0xbfe5)
core   0: 0x8000a722 (0x00006f17) auipc   t5, 0x6
core   0: 3 0x8000a722 (0x00006f17) x30 0x80010722
core   0: 0x8000a726 (0x8c3f2f23) sw      gp, -1826(t5)
core   0: 3 0x8000a726 (0x8c3f2f23) mem 0x80010000 0x00000001
core   0: 0x8000a72a (0x0000bfe5) c.j     pc - 8
core   0: 3 0x8000a72a (0xbfe5)
core   0: 0x8000a722 (0x00006f17) auipc   t5, 0x6
core   0: 3 0x8000a722 (0x00006f17) x30 0x80010722
core   0: 0x8000a726 (0x8c3f2f23) sw      gp, -1826(t5)
core   0: 3 0x8000a726 (0x8c3f2f23) mem 0x80010000 0x00000001
core   0: 0x8000a72a (0x0000bfe5) c.j     pc - 8
core   0: 3 0x8000a72a (0xbfe5)
core   0: 0x8000a722 (0x00006f17) auipc   t5, 0x6
core   0: 3 0x8000a722 (0x00006f17) x30 0x80010722
core   0: 0x8000a726 (0x8c3f2f23) sw      gp, -1826(t5)
core   0: 3 0x8000a726 (0x8c3f2f23) mem 0x80010000 0x00000001
core   0: 0x8000a72a (0x0000bfe5) c.j     pc - 8
core   0: 3 0x8000a72a (0xbfe5)
core   0: 0x8000a722 (0x00006f17) auipc   t5, 0x6
core   0: 3 0x8000a722 (0x00006f17) x30 0x80010722
core   0: 0x8000a726 (0x8c3f2f23) sw      gp, -1826(t5)
core   0: 3 0x8000a726 (0x8c3f2f23) mem 0x80010000 0x00000001
core   0: 0x8000a72a (0x0000bfe5) c.j     pc - 8
core   0: 3 0x8000a72a (0xbfe5)
core   0: 0x8000a722 (0x00006f17) auipc   t5, 0x6
core   0: 3 0x8000a722 (0x00006f17) x30 0x80010722
core   0: 0x8000a726 (0x8c3f2f23) sw      gp, -1826(t5)
core   0: 3 0x8000a726 (0x8c3f2f23) mem 0x80010000 0x00000001
core   0: 0x8000a72a (0x0000bfe5) c.j     pc - 8
core   0: 3 0x8000a72a (0xbfe5)
core   0: 0x8000a722 (0x00006f17) auipc   t5, 0x6
core   0: 3 0x8000a722 (0x00006f17) x30 0x80010722
core   0: 0x8000a726 (0x8c3f2f23) sw      gp, -1826(t5)
core   0: 3 0x8000a726 (0x8c3f2f23) mem 0x80010000 0x00000001
core   0: 0x8000a72a (0x0000bfe5) c.j     pc - 8
core   0: 3 0x8000a72a (0xbfe5)
core   0: 0x8000a722 (0x00006f17) auipc   t5, 0x6
core   0: 3 0x8000a722 (0x00006f17) x30 0x80010722
core   0: 0x8000a726 (0x8c3f2f23) sw      gp, -1826(t5)
core   0: 3 0x8000a726 (0x8c3f2f23) mem 0x80010000 0x00000001
core   0: 0x8000a72a (0x0000bfe5) c.j     pc - 8
core   0: 3 0x8000a72a (0xbfe5)
core   0: 0x8000a722 (0x00006f17) auipc   t5, 0x6
core   0: 3 0x8000a722 (0x00006f17) x30 0x80010722
core   0: 0x8000a726 (0x8c3f2f23) sw      gp, -1826(t5)
core   0: 3 0x8000a726 (0x8c3f2f23) mem 0x80010000 0x00000001
core   0: 0x8000a72a (0x0000bfe5) c.j     pc - 8
core   0: 3 0x8000a72a (0xbfe5)
core   0: 0x8000a722 (0x00006f17) auipc   t5, 0x6
core   0: 3 0x8000a722 (0x00006f17) x30 0x80010722
core   0: 0x8000a726 (0x8c3f2f23) sw      gp, -1826(t5)
core   0: 3 0x8000a726 (0x8c3f2f23) mem 0x80010000 0x00000001
core   0: 0x8000a72a (0x0000bfe5) c.j     pc - 8
core   0: 3 0x8000a72a (0xbfe5)
core   0: 0x8000a722 (0x00006f17) auipc   t5, 0x6
core   0: 3 0x8000a722 (0x00006f17) x30 0x80010722
core   0: 0x8000a726 (0x8c3f2f23) sw      gp, -1826(t5)
core   0: 3 0x8000a726 (0x8c3f2f23) mem 0x80010000 0x00000001
core   0: 0x8000a72a (0x0000bfe5) c.j     pc - 8
core   0: 3 0x8000a72a (0xbfe5)
core   0: 0x8000a722 (0x00006f17) auipc   t5, 0x6
core   0: 3 0x8000a722 (0x00006f17) x30 0x80010722
core   0: 0x8000a726 (0x8c3f2f23) sw      gp, -1826(t5)
core   0: 3 0x8000a726 (0x8c3f2f23) mem 0x80010000 0x00000001
core   0: 0x8000a72a (0x0000bfe5) c.j     pc - 8
core   0: 3 0x8000a72a (0xbfe5)
core   0: 0x8000a722 (0x00006f17) auipc   t5, 0x6
core   0: 3 0x8000a722 (0x00006f17) x30 0x80010722
core   0: 0x8000a726 (0x8c3f2f23) sw      gp, -1826(t5)
core   0: 3 0x8000a726 (0x8c3f2f23) mem 0x80010000 0x00000001
core   0: 0x8000a72a (0x0000bfe5) c.j     pc - 8
core   0: 3 0x8000a72a (0xbfe5)
core   0: 0x8000a722 (0x00006f17) auipc   t5, 0x6
core   0: 3 0x8000a722 (0x00006f17) x30 0x80010722
core   0: 0x8000a726 (0x8c3f2f23) sw      gp, -1826(t5)
core   0: 3 0x8000a726 (0x8c3f2f23) mem 0x80010000 0x00000001
core   0: 0x8000a72a (0x0000bfe5) c.j     pc - 8
core   0: 3 0x8000a72a (0xbfe5)
core   0: 0x8000a722 (0x00006f17) auipc   t5, 0x6
core   0: 3 0x8000a722 (0x00006f17) x30 0x80010722
core   0: 0x8000a726 (0x8c3f2f23) sw      gp, -1826(t5)
core   0: 3 0x8000a726 (0x8c3f2f23) mem 0x80010000 0x00000001
core   0: 0x8000a72a (0x0000bfe5) c.j     pc - 8
core   0: 3 0x8000a72a (0xbfe5)
core   0: 0x8000a722 (0x00006f17) auipc   t5, 0x6
core   0: 3 0x8000a722 (0x00006f17) x30 0x80010722
core   0: 0x8000a726 (0x8c3f2f23) sw      gp, -1826(t5)
core   0: 3 0x8000a726 (0x8c3f2f23) mem 0x80010000 0x00000001
core   0: 0x8000a72a (0x0000bfe5) c.j     pc - 8
core   0: 3 0x8000a72a (0xbfe5)
core   0: 0x8000a722 (0x00006f17) auipc   t5, 0x6
core   0: 3 0x8000a722 (0x00006f17) x30 0x80010722
core   0: 0x8000a726 (0x8c3f2f23) sw      gp, -1826(t5)
core   0: 3 0x8000a726 (0x8c3f2f23) mem 0x80010000 0x00000001
core   0: 0x8000a72a (0x0000bfe5) c.j     pc - 8
core   0: 3 0x8000a72a (0xbfe5)
core   0: 0x8000a722 (0x00006f17) auipc   t5, 0x6
core   0: 3 0x8000a722 (0x00006f17) x30 0x80010722
core   0: 0x8000a726 (0x8c3f2f23) sw      gp, -1826(t5)
core   0: 3 0x8000a726 (0x8c3f2f23) mem 0x80010000 0x00000001
core   0: 0x8000a72a (0x0000bfe5) c.j     pc - 8
core   0: 3 0x8000a72a (0xbfe5)
core   0: 0x8000a722 (0x00006f17) auipc   t5, 0x6
core   0: 3 0x8000a722 (0x00006f17) x30 0x80010722
core   0: 0x8000a726 (0x8c3f2f23) sw      gp, -1826(t5)
core   0: 3 0x8000a726 (0x8c3f2f23) mem 0x80010000 0x00000001
core   0: 0x8000a72a (0x0000bfe5) c.j     pc - 8
core   0: 3 0x8000a72a (0xbfe5)
core   0: 0x8000a722 (0x00006f17) auipc   t5, 0x6
core   0: 3 0x8000a722 (0x00006f17) x30 0x80010722
core   0: 0x8000a726 (0x8c3f2f23) sw      gp, -1826(t5)
core   0: 3 0x8000a726 (0x8c3f2f23) mem 0x80010000 0x00000001
core   0: 0x8000a72a (0x0000bfe5) c.j     pc - 8
core   0: 3 0x8000a72a (0xbfe5)
core   0: 0x8000a722 (0x00006f17) auipc   t5, 0x6
core   0: 3 0x8000a722 (0x00006f17) x30 0x80010722
core   0: 0x8000a726 (0x8c3f2f23) sw      gp, -1826(t5)
core   0: 3 0x8000a726 (0x8c3f2f23) mem 0x80010000 0x00000001
core   0: 0x8000a72a (0x0000bfe5) c.j     pc - 8
core   0: 3 0x8000a72a (0xbfe5)
core   0: 0x8000a722 (0x00006f17) auipc   t5, 0x6
core   0: 3 0x8000a722 (0x00006f17) x30 0x80010722
core   0: 0x8000a726 (0x8c3f2f23) sw      gp, -1826(t5)
core   0: 3 0x8000a726 (0x8c3f2f23) mem 0x80010000 0x00000001
core   0: 0x8000a72a (0x0000bfe5) c.j     pc - 8
core   0: 3 0x8000a72a (0xbfe5)
core   0: 0x8000a722 (0x00006f17) auipc   t5, 0x6
core   0: 3 0x8000a722 (0x00006f17) x30 0x80010722
core   0: 0x8000a726 (0x8c3f2f23) sw      gp, -1826(t5)
core   0: 3 0x8000a726 (0x8c3f2f23) mem 0x80010000 0x00000001
core   0: 0x8000a72a (0x0000bfe5) c.j     pc - 8
core   0: 3 0x8000a72a (0xbfe5)
core   0: 0x8000a722 (0x00006f17) auipc   t5, 0x6
core   0: 3 0x8000a722 (0x00006f17) x30 0x80010722
core   0: 0x8000a726 (0x8c3f2f23) sw      gp, -1826(t5)
core   0: 3 0x8000a726 (0x8c3f2f23) mem 0x80010000 0x00000001
core   0: 0x8000a72a (0x0000bfe5) c.j     pc - 8
core   0: 3 0x8000a72a (0xbfe5)
core   0: 0x8000a722 (0x00006f17) auipc   t5, 0x6
core   0: 3 0x8000a722 (0x00006f17) x30 0x80010722
core   0: 0x8000a726 (0x8c3f2f23) sw      gp, -1826(t5)
core   0: 3 0x8000a726 (0x8c3f2f23) mem 0x80010000 0x00000001
core   0: 0x8000a72a (0x0000bfe5) c.j     pc - 8
core   0: 3 0x8000a72a (0xbfe5)
core   0: 0x8000a722 (0x00006f17) auipc   t5, 0x6
core   0: 3 0x8000a722 (0x00006f17) x30 0x80010722
core   0: 0x8000a726 (0x8c3f2f23) sw      gp, -1826(t5)
core   0: 3 0x8000a726 (0x8c3f2f23) mem 0x80010000 0x00000001
core   0: 0x8000a72a (0x0000bfe5) c.j     pc - 8
core   0: 3 0x8000a72a (0xbfe5)
core   0: 0x8000a722 (0x00006f17) auipc   t5, 0x6
core   0: 3 0x8000a722 (0x00006f17) x30 0x80010722
core   0: 0x8000a726 (0x8c3f2f23) sw      gp, -1826(t5)
core   0: 3 0x8000a726 (0x8c3f2f23) mem 0x80010000 0x00000001
core   0: 0x8000a72a (0x0000bfe5) c.j     pc - 8
core   0: 3 0x8000a72a (0xbfe5)
core   0: 0x8000a722 (0x00006f17) auipc   t5, 0x6
core   0: 3 0x8000a722 (0x00006f17) x30 0x80010722
core   0: 0x8000a726 (0x8c3f2f23) sw      gp, -1826(t5)
core   0: 3 0x8000a726 (0x8c3f2f23) mem 0x80010000 0x00000001
core   0: 0x8000a72a (0x0000bfe5) c.j     pc - 8
core   0: 3 0x8000a72a (0xbfe5)
core   0: 0x8000a722 (0x00006f17) auipc   t5, 0x6
core   0: 3 0x8000a722 (0x00006f17) x30 0x80010722
core   0: 0x8000a726 (0x8c3f2f23) sw      gp, -1826(t5)
core   0: 3 0x8000a726 (0x8c3f2f23) mem 0x80010000 0x00000001
core   0: 0x8000a72a (0x0000bfe5) c.j     pc - 8
core   0: 3 0x8000a72a (0xbfe5)
core   0: 0x8000a722 (0x00006f17) auipc   t5, 0x6
core   0: 3 0x8000a722 (0x00006f17) x30 0x80010722
core   0: 0x8000a726 (0x8c3f2f23) sw      gp, -1826(t5)
core   0: 3 0x8000a726 (0x8c3f2f23) mem 0x80010000 0x00000001
core   0: 0x8000a72a (0x0000bfe5) c.j     pc - 8
core   0: 3 0x8000a72a (0xbfe5)
core   0: 0x8000a722 (0x00006f17) auipc   t5, 0x6
core   0: 3 0x8000a722 (0x00006f17) x30 0x80010722
core   0: 0x8000a726 (0x8c3f2f23) sw      gp, -1826(t5)
core   0: 3 0x8000a726 (0x8c3f2f23) mem 0x80010000 0x00000001
core   0: 0x8000a72a (0x0000bfe5) c.j     pc - 8
core   0: 3 0x8000a72a (0xbfe5)
core   0: 0x8000a722 (0x00006f17) auipc   t5, 0x6
core   0: 3 0x8000a722 (0x00006f17) x30 0x80010722
core   0: 0x8000a726 (0x8c3f2f23) sw      gp, -1826(t5)
core   0: 3 0x8000a726 (0x8c3f2f23) mem 0x80010000 0x00000001
core   0: 0x8000a72a (0x0000bfe5) c.j     pc - 8
core   0: 3 0x8000a72a (0xbfe5)
core   0: 0x8000a722 (0x00006f17) auipc   t5, 0x6
core   0: 3 0x8000a722 (0x00006f17) x30 0x80010722
core   0: 0x8000a726 (0x8c3f2f23) sw      gp, -1826(t5)
core   0: 3 0x8000a726 (0x8c3f2f23) mem 0x80010000 0x00000001
core   0: 0x8000a72a (0x0000bfe5) c.j     pc - 8
core   0: 3 0x8000a72a (0xbfe5)
core   0: 0x8000a722 (0x00006f17) auipc   t5, 0x6
core   0: 3 0x8000a722 (0x00006f17) x30 0x80010722
core   0: 0x8000a726 (0x8c3f2f23) sw      gp, -1826(t5)
core   0: 3 0x8000a726 (0x8c3f2f23) mem 0x80010000 0x00000001
core   0: 0x8000a72a (0x0000bfe5) c.j     pc - 8
core   0: 3 0x8000a72a (0xbfe5)
core   0: 0x8000a722 (0x00006f17) auipc   t5, 0x6
core   0: 3 0x8000a722 (0x00006f17) x30 0x80010722
core   0: 0x8000a726 (0x8c3f2f23) sw      gp, -1826(t5)
core   0: 3 0x8000a726 (0x8c3f2f23) mem 0x80010000 0x00000001
core   0: 0x8000a72a (0x0000bfe5) c.j     pc - 8
core   0: 3 0x8000a72a (0xbfe5)
core   0: 0x8000a722 (0x00006f17) auipc   t5, 0x6
core   0: 3 0x8000a722 (0x00006f17) x30 0x80010722
core   0: 0x8000a726 (0x8c3f2f23) sw      gp, -1826(t5)
core   0: 3 0x8000a726 (0x8c3f2f23) mem 0x80010000 0x00000001
core   0: 0x8000a72a (0x0000bfe5) c.j     pc - 8
core   0: 3 0x8000a72a (0xbfe5)
core   0: 0x8000a722 (0x00006f17) auipc   t5, 0x6
core   0: 3 0x8000a722 (0x00006f17) x30 0x80010722
core   0: 0x8000a726 (0x8c3f2f23) sw      gp, -1826(t5)
core   0: 3 0x8000a726 (0x8c3f2f23) mem 0x80010000 0x00000001
core   0: 0x8000a72a (0x0000bfe5) c.j     pc - 8
core   0: 3 0x8000a72a (0xbfe5)
core   0: 0x8000a722 (0x00006f17) auipc   t5, 0x6
core   0: 3 0x8000a722 (0x00006f17) x30 0x80010722
core   0: 0x8000a726 (0x8c3f2f23) sw      gp, -1826(t5)
core   0: 3 0x8000a726 (0x8c3f2f23) mem 0x80010000 0x00000001
core   0: 0x8000a72a (0x0000bfe5) c.j     pc - 8
core   0: 3 0x8000a72a (0xbfe5)
core   0: 0x8000a722 (0x00006f17) auipc   t5, 0x6
core   0: 3 0x8000a722 (0x00006f17) x30 0x80010722
core   0: 0x8000a726 (0x8c3f2f23) sw      gp, -1826(t5)
core   0: 3 0x8000a726 (0x8c3f2f23) mem 0x80010000 0x00000001
core   0: 0x8000a72a (0x0000bfe5) c.j     pc - 8
core   0: 3 0x8000a72a (0xbfe5)
core   0: 0x8000a722 (0x00006f17) auipc   t5, 0x6
core   0: 3 0x8000a722 (0x00006f17) x30 0x80010722
core   0: 0x8000a726 (0x8c3f2f23) sw      gp, -1826(t5)
core   0: 3 0x8000a726 (0x8c3f2f23) mem 0x80010000 0x00000001
core   0: 0x8000a72a (0x0000bfe5) c.j     pc - 8
core   0: 3 0x8000a72a (0xbfe5)
core   0: 0x8000a722 (0x00006f17) auipc   t5, 0x6
core   0: 3 0x8000a722 (0x00006f17) x30 0x80010722
core   0: 0x8000a726 (0x8c3f2f23) sw      gp, -1826(t5)
core   0: 3 0x8000a726 (0x8c3f2f23) mem 0x80010000 0x00000001
core   0: 0x8000a72a (0x0000bfe5) c.j     pc - 8
core   0: 3 0x8000a72a (0xbfe5)
core   0: 0x8000a722 (0x00006f17) auipc   t5, 0x6
core   0: 3 0x8000a722 (0x00006f17) x30 0x80010722
core   0: 0x8000a726 (0x8c3f2f23) sw      gp, -1826(t5)
core   0: 3 0x8000a726 (0x8c3f2f23) mem 0x80010000 0x00000001
core   0: 0x8000a72a (0x0000bfe5) c.j     pc - 8
core   0: 3 0x8000a72a (0xbfe5)
core   0: 0x8000a722 (0x00006f17) auipc   t5, 0x6
core   0: 3 0x8000a722 (0x00006f17) x30 0x80010722
core   0: 0x8000a726 (0x8c3f2f23) sw      gp, -1826(t5)
core   0: 3 0x8000a726 (0x8c3f2f23) mem 0x80010000 0x00000001
core   0: 0x8000a72a (0x0000bfe5) c.j     pc - 8
core   0: 3 0x8000a72a (0xbfe5)
core   0: 0x8000a722 (0x00006f17) auipc   t5, 0x6
core   0: 3 0x8000a722 (0x00006f17) x30 0x80010722
core   0: 0x8000a726 (0x8c3f2f23) sw      gp, -1826(t5)
core   0: 3 0x8000a726 (0x8c3f2f23) mem 0x80010000 0x00000001
core   0: 0x8000a72a (0x0000bfe5) c.j     pc - 8
core   0: 3 0x8000a72a (0xbfe5)
core   0: 0x8000a722 (0x00006f17) auipc   t5, 0x6
core   0: 3 0x8000a722 (0x00006f17) x30 0x80010722
core   0: 0x8000a726 (0x8c3f2f23) sw      gp, -1826(t5)
core   0: 3 0x8000a726 (0x8c3f2f23) mem 0x80010000 0x00000001
core   0: 0x8000a72a (0x0000bfe5) c.j     pc - 8
core   0: 3 0x8000a72a (0xbfe5)
core   0: 0x8000a722 (0x00006f17) auipc   t5, 0x6
core   0: 3 0x8000a722 (0x00006f17) x30 0x80010722
core   0: 0x8000a726 (0x8c3f2f23) sw      gp, -1826(t5)
core   0: 3 0x8000a726 (0x8c3f2f23) mem 0x80010000 0x00000001
core   0: 0x8000a72a (0x0000bfe5) c.j     pc - 8
core   0: 3 0x8000a72a (0xbfe5)
core   0: 0x8000a722 (0x00006f17) auipc   t5, 0x6
core   0: 3 0x8000a722 (0x00006f17) x30 0x80010722
core   0: 0x8000a726 (0x8c3f2f23) sw      gp, -1826(t5)
core   0: 3 0x8000a726 (0x8c3f2f23) mem 0x80010000 0x00000001
core   0: 0x8000a72a (0x0000bfe5) c.j     pc - 8
core   0: 3 0x8000a72a (0xbfe5)
core   0: 0x8000a722 (0x00006f17) auipc   t5, 0x6
core   0: 3 0x8000a722 (0x00006f17) x30 0x80010722
core   0: 0x8000a726 (0x8c3f2f23) sw      gp, -1826(t5)
core   0: 3 0x8000a726 (0x8c3f2f23) mem 0x80010000 0x00000001
core   0: 0x8000a72a (0x0000bfe5) c.j     pc - 8
core   0: 3 0x8000a72a (0xbfe5)
core   0: 0x8000a722 (0x00006f17) auipc   t5, 0x6
core   0: 3 0x8000a722 (0x00006f17) x30 0x80010722
core   0: 0x8000a726 (0x8c3f2f23) sw      gp, -1826(t5)
core   0: 3 0x8000a726 (0x8c3f2f23) mem 0x80010000 0x00000001
core   0: 0x8000a72a (0x0000bfe5) c.j     pc - 8
core   0: 3 0x8000a72a (0xbfe5)
core   0: 0x8000a722 (0x00006f17) auipc   t5, 0x6
core   0: 3 0x8000a722 (0x00006f17) x30 0x80010722
core   0: 0x8000a726 (0x8c3f2f23) sw      gp, -1826(t5)
core   0: 3 0x8000a726 (0x8c3f2f23) mem 0x80010000 0x00000001
core   0: 0x8000a72a (0x0000bfe5) c.j     pc - 8
core   0: 3 0x8000a72a (0xbfe5)
core   0: 0x8000a722 (0x00006f17) auipc   t5, 0x6
core   0: 3 0x8000a722 (0x00006f17) x30 0x80010722
core   0: 0x8000a726 (0x8c3f2f23) sw      gp, -1826(t5)
core   0: 3 0x8000a726 (0x8c3f2f23) mem 0x80010000 0x00000001
core   0: 0x8000a72a (0x0000bfe5) c.j     pc - 8
core   0: 3 0x8000a72a (0xbfe5)
core   0: 0x8000a722 (0x00006f17) auipc   t5, 0x6
core   0: 3 0x8000a722 (0x00006f17) x30 0x80010722
core   0: 0x8000a726 (0x8c3f2f23) sw      gp, -1826(t5)
core   0: 3 0x8000a726 (0x8c3f2f23) mem 0x80010000 0x00000001
core   0: 0x8000a72a (0x0000bfe5) c.j     pc - 8
core   0: 3 0x8000a72a (0xbfe5)
core   0: 0x8000a722 (0x00006f17) auipc   t5, 0x6
core   0: 3 0x8000a722 (0x00006f17) x30 0x80010722
core   0: 0x8000a726 (0x8c3f2f23) sw      gp, -1826(t5)
core   0: 3 0x8000a726 (0x8c3f2f23) mem 0x80010000 0x00000001
core   0: 0x8000a72a (0x0000bfe5) c.j     pc - 8
core   0: 3 0x8000a72a (0xbfe5)
core   0: 0x8000a722 (0x00006f17) auipc   t5, 0x6
core   0: 3 0x8000a722 (0x00006f17) x30 0x80010722
core   0: 0x8000a726 (0x8c3f2f23) sw      gp, -1826(t5)
core   0: 3 0x8000a726 (0x8c3f2f23) mem 0x80010000 0x00000001
core   0: 0x8000a72a (0x0000bfe5) c.j     pc - 8
core   0: 3 0x8000a72a (0xbfe5)
core   0: 0x8000a722 (0x00006f17) auipc   t5, 0x6
core   0: 3 0x8000a722 (0x00006f17) x30 0x80010722
core   0: 0x8000a726 (0x8c3f2f23) sw      gp, -1826(t5)
core   0: 3 0x8000a726 (0x8c3f2f23) mem 0x80010000 0x00000001
core   0: 0x8000a72a (0x0000bfe5) c.j     pc - 8
core   0: 3 0x8000a72a (0xbfe5)
core   0: 0x8000a722 (0x00006f17) auipc   t5, 0x6
core   0: 3 0x8000a722 (0x00006f17) x30 0x80010722
core   0: 0x8000a726 (0x8c3f2f23) sw      gp, -1826(t5)
core   0: 3 0x8000a726 (0x8c3f2f23) mem 0x80010000 0x00000001
core   0: 0x8000a72a (0x0000bfe5) c.j     pc - 8
core   0: 3 0x8000a72a (0xbfe5)
core   0: 0x8000a722 (0x00006f17) auipc   t5, 0x6
core   0: 3 0x8000a722 (0x00006f17) x30 0x80010722
core   0: 0x8000a726 (0x8c3f2f23) sw      gp, -1826(t5)
core   0: 3 0x8000a726 (0x8c3f2f23) mem 0x80010000 0x00000001
core   0: 0x8000a72a (0x0000bfe5) c.j     pc - 8
core   0: 3 0x8000a72a (0xbfe5)
core   0: 0x8000a722 (0x00006f17) auipc   t5, 0x6
core   0: 3 0x8000a722 (0x00006f17) x30 0x80010722
core   0: 0x8000a726 (0x8c3f2f23) sw      gp, -1826(t5)
core   0: 3 0x8000a726 (0x8c3f2f23) mem 0x80010000 0x00000001
core   0: 0x8000a72a (0x0000bfe5) c.j     pc - 8
core   0: 3 0x8000a72a (0xbfe5)
core   0: 0x8000a722 (0x00006f17) auipc   t5, 0x6
core   0: 3 0x8000a722 (0x00006f17) x30 0x80010722
core   0: 0x8000a726 (0x8c3f2f23) sw      gp, -1826(t5)
core   0: 3 0x8000a726 (0x8c3f2f23) mem 0x80010000 0x00000001
core   0: 0x8000a72a (0x0000bfe5) c.j     pc - 8
core   0: 3 0x8000a72a (0xbfe5)
core   0: 0x8000a722 (0x00006f17) auipc   t5, 0x6
core   0: 3 0x8000a722 (0x00006f17) x30 0x80010722
core   0: 0x8000a726 (0x8c3f2f23) sw      gp, -1826(t5)
core   0: 3 0x8000a726 (0x8c3f2f23) mem 0x80010000 0x00000001
core   0: 0x8000a72a (0x0000bfe5) c.j     pc - 8
core   0: 3 0x8000a72a (0xbfe5)
core   0: 0x8000a722 (0x00006f17) auipc   t5, 0x6
core   0: 3 0x8000a722 (0x00006f17) x30 0x80010722
core   0: 0x8000a726 (0x8c3f2f23) sw      gp, -1826(t5)
core   0: 3 0x8000a726 (0x8c3f2f23) mem 0x80010000 0x00000001
core   0: 0x8000a72a (0x0000bfe5) c.j     pc - 8
core   0: 3 0x8000a72a (0xbfe5)
core   0: 0x8000a722 (0x00006f17) auipc   t5, 0x6
core   0: 3 0x8000a722 (0x00006f17) x30 0x80010722
core   0: 0x8000a726 (0x8c3f2f23) sw      gp, -1826(t5)
core   0: 3 0x8000a726 (0x8c3f2f23) mem 0x80010000 0x00000001
core   0: 0x8000a72a (0x0000bfe5) c.j     pc - 8
core   0: 3 0x8000a72a (0xbfe5)
core   0: 0x8000a722 (0x00006f17) auipc   t5, 0x6
core   0: 3 0x8000a722 (0x00006f17) x30 0x80010722
core   0: 0x8000a726 (0x8c3f2f23) sw      gp, -1826(t5)
core   0: 3 0x8000a726 (0x8c3f2f23) mem 0x80010000 0x00000001
core   0: 0x8000a72a (0x0000bfe5) c.j     pc - 8
core   0: 3 0x8000a72a (0xbfe5)
core   0: 0x8000a722 (0x00006f17) auipc   t5, 0x6
core   0: 3 0x8000a722 (0x00006f17) x30 0x80010722
core   0: 0x8000a726 (0x8c3f2f23) sw      gp, -1826(t5)
core   0: 3 0x8000a726 (0x8c3f2f23) mem 0x80010000 0x00000001
core   0: 0x8000a72a (0x0000bfe5) c.j     pc - 8
core   0: 3 0x8000a72a (0xbfe5)
core   0: 0x8000a722 (0x00006f17) auipc   t5, 0x6
core   0: 3 0x8000a722 (0x00006f17) x30 0x80010722
core   0: 0x8000a726 (0x8c3f2f23) sw      gp, -1826(t5)
core   0: 3 0x8000a726 (0x8c3f2f23) mem 0x80010000 0x00000001
core   0: 0x8000a72a (0x0000bfe5) c.j     pc - 8
core   0: 3 0x8000a72a (0xbfe5)
core   0: 0x8000a722 (0x00006f17) auipc   t5, 0x6
core   0: 3 0x8000a722 (0x00006f17) x30 0x80010722
core   0: 0x8000a726 (0x8c3f2f23) sw      gp, -1826(t5)
core   0: 3 0x8000a726 (0x8c3f2f23) mem 0x80010000 0x00000001
core   0: 0x8000a72a (0x0000bfe5) c.j     pc - 8
core   0: 3 0x8000a72a (0xbfe5)
core   0: 0x8000a722 (0x00006f17) auipc   t5, 0x6
core   0: 3 0x8000a722 (0x00006f17) x30 0x80010722
core   0: 0x8000a726 (0x8c3f2f23) sw      gp, -1826(t5)
core   0: 3 0x8000a726 (0x8c3f2f23) mem 0x80010000 0x00000001
core   0: 0x8000a72a (0x0000bfe5) c.j     pc - 8
core   0: 3 0x8000a72a (0xbfe5)
core   0: 0x8000a722 (0x00006f17) auipc   t5, 0x6
core   0: 3 0x8000a722 (0x00006f17) x30 0x80010722
core   0: 0x8000a726 (0x8c3f2f23) sw      gp, -1826(t5)
core   0: 3 0x8000a726 (0x8c3f2f23) mem 0x80010000 0x00000001
core   0: 0x8000a72a (0x0000bfe5) c.j     pc - 8
core   0: 3 0x8000a72a (0xbfe5)
core   0: 0x8000a722 (0x00006f17) auipc   t5, 0x6
core   0: 3 0x8000a722 (0x00006f17) x30 0x80010722
core   0: 0x8000a726 (0x8c3f2f23) sw      gp, -1826(t5)
core   0: 3 0x8000a726 (0x8c3f2f23) mem 0x80010000 0x00000001
core   0: 0x8000a72a (0x0000bfe5) c.j     pc - 8
core   0: 3 0x8000a72a (0xbfe5)
core   0: 0x8000a722 (0x00006f17) auipc   t5, 0x6
core   0: 3 0x8000a722 (0x00006f17) x30 0x80010722
core   0: 0x8000a726 (0x8c3f2f23) sw      gp, -1826(t5)
core   0: 3 0x8000a726 (0x8c3f2f23) mem 0x80010000 0x00000001
core   0: 0x8000a72a (0x0000bfe5) c.j     pc - 8
core   0: 3 0x8000a72a (0xbfe5)
core   0: 0x8000a722 (0x00006f17) auipc   t5, 0x6
core   0: 3 0x8000a722 (0x00006f17) x30 0x80010722
core   0: 0x8000a726 (0x8c3f2f23) sw      gp, -1826(t5)
core   0: 3 0x8000a726 (0x8c3f2f23) mem 0x80010000 0x00000001
core   0: 0x8000a72a (0x0000bfe5) c.j     pc - 8
core   0: 3 0x8000a72a (0xbfe5)
core   0: 0x8000a722 (0x00006f17) auipc   t5, 0x6
core   0: 3 0x8000a722 (0x00006f17) x30 0x80010722
core   0: 0x8000a726 (0x8c3f2f23) sw      gp, -1826(t5)
core   0: 3 0x8000a726 (0x8c3f2f23) mem 0x80010000 0x00000001
core   0: 0x8000a72a (0x0000bfe5) c.j     pc - 8
core   0: 3 0x8000a72a (0xbfe5)
core   0: 0x8000a722 (0x00006f17) auipc   t5, 0x6
core   0: 3 0x8000a722 (0x00006f17) x30 0x80010722
core   0: 0x8000a726 (0x8c3f2f23) sw      gp, -1826(t5)
core   0: 3 0x8000a726 (0x8c3f2f23) mem 0x80010000 0x00000001
core   0: 0x8000a72a (0x0000bfe5) c.j     pc - 8
core   0: 3 0x8000a72a (0xbfe5)
core   0: 0x8000a722 (0x00006f17) auipc   t5, 0x6
core   0: 3 0x8000a722 (0x00006f17) x30 0x80010722
core   0: 0x8000a726 (0x8c3f2f23) sw      gp, -1826(t5)
core   0: 3 0x8000a726 (0x8c3f2f23) mem 0x80010000 0x00000001
core   0: 0x8000a72a (0x0000bfe5) c.j     pc - 8
core   0: 3 0x8000a72a (0xbfe5)
core   0: 0x8000a722 (0x00006f17) auipc   t5, 0x6
core   0: 3 0x8000a722 (0x00006f17) x30 0x80010722
core   0: 0x8000a726 (0x8c3f2f23) sw      gp, -1826(t5)
core   0: 3 0x8000a726 (0x8c3f2f23) mem 0x80010000 0x00000001
core   0: 0x8000a72a (0x0000bfe5) c.j     pc - 8
core   0: 3 0x8000a72a (0xbfe5)
core   0: 0x8000a722 (0x00006f17) auipc   t5, 0x6
core   0: 3 0x8000a722 (0x00006f17) x30 0x80010722
core   0: 0x8000a726 (0x8c3f2f23) sw      gp, -1826(t5)
core   0: 3 0x8000a726 (0x8c3f2f23) mem 0x80010000 0x00000001
core   0: 0x8000a72a (0x0000bfe5) c.j     pc - 8
core   0: 3 0x8000a72a (0xbfe5)
core   0: 0x8000a722 (0x00006f17) auipc   t5, 0x6
core   0: 3 0x8000a722 (0x00006f17) x30 0x80010722
core   0: 0x8000a726 (0x8c3f2f23) sw      gp, -1826(t5)
core   0: 3 0x8000a726 (0x8c3f2f23) mem 0x80010000 0x00000001
core   0: 0x8000a72a (0x0000bfe5) c.j     pc - 8
core   0: 3 0x8000a72a (0xbfe5)
core   0: 0x8000a722 (0x00006f17) auipc   t5, 0x6
core   0: 3 0x8000a722 (0x00006f17) x30 0x80010722
core   0: 0x8000a726 (0x8c3f2f23) sw      gp, -1826(t5)
core   0: 3 0x8000a726 (0x8c3f2f23) mem 0x80010000 0x00000001
core   0: 0x8000a72a (0x0000bfe5) c.j     pc - 8
core   0: 3 0x8000a72a (0xbfe5)
core   0: 0x8000a722 (0x00006f17) auipc   t5, 0x6
core   0: 3 0x8000a722 (0x00006f17) x30 0x80010722
core   0: 0x8000a726 (0x8c3f2f23) sw      gp, -1826(t5)
core   0: 3 0x8000a726 (0x8c3f2f23) mem 0x80010000 0x00000001
core   0: 0x8000a72a (0x0000bfe5) c.j     pc - 8
core   0: 3 0x8000a72a (0xbfe5)
core   0: 0x8000a722 (0x00006f17) auipc   t5, 0x6
core   0: 3 0x8000a722 (0x00006f17) x30 0x80010722
core   0: 0x8000a726 (0x8c3f2f23) sw      gp, -1826(t5)
core   0: 3 0x8000a726 (0x8c3f2f23) mem 0x80010000 0x00000001
core   0: 0x8000a72a (0x0000bfe5) c.j     pc - 8
core   0: 3 0x8000a72a (0xbfe5)
core   0: 0x8000a722 (0x00006f17) auipc   t5, 0x6
core   0: 3 0x8000a722 (0x00006f17) x30 0x80010722
core   0: 0x8000a726 (0x8c3f2f23) sw      gp, -1826(t5)
core   0: 3 0x8000a726 (0x8c3f2f23) mem 0x80010000 0x00000001
core   0: 0x8000a72a (0x0000bfe5) c.j     pc - 8
core   0: 3 0x8000a72a (0xbfe5)
core   0: 0x8000a722 (0x00006f17) auipc   t5, 0x6
core   0: 3 0x8000a722 (0x00006f17) x30 0x80010722
core   0: 0x8000a726 (0x8c3f2f23) sw      gp, -1826(t5)
core   0: 3 0x8000a726 (0x8c3f2f23) mem 0x80010000 0x00000001
core   0: 0x8000a72a (0x0000bfe5) c.j     pc - 8
core   0: 3 0x8000a72a (0xbfe5)
core   0: 0x8000a722 (0x00006f17) auipc   t5, 0x6
core   0: 3 0x8000a722 (0x00006f17) x30 0x80010722
core   0: 0x8000a726 (0x8c3f2f23) sw      gp, -1826(t5)
core   0: 3 0x8000a726 (0x8c3f2f23) mem 0x80010000 0x00000001
core   0: 0x8000a72a (0x0000bfe5) c.j     pc - 8
core   0: 3 0x8000a72a (0xbfe5)
core   0: 0x8000a722 (0x00006f17) auipc   t5, 0x6
core   0: 3 0x8000a722 (0x00006f17) x30 0x80010722
core   0: 0x8000a726 (0x8c3f2f23) sw      gp, -1826(t5)
core   0: 3 0x8000a726 (0x8c3f2f23) mem 0x80010000 0x00000001
core   0: 0x8000a72a (0x0000bfe5) c.j     pc - 8
core   0: 3 0x8000a72a (0xbfe5)
core   0: 0x8000a722 (0x00006f17) auipc   t5, 0x6
core   0: 3 0x8000a722 (0x00006f17) x30 0x80010722
core   0: 0x8000a726 (0x8c3f2f23) sw      gp, -1826(t5)
core   0: 3 0x8000a726 (0x8c3f2f23) mem 0x80010000 0x00000001
core   0: 0x8000a72a (0x0000bfe5) c.j     pc - 8
core   0: 3 0x8000a72a (0xbfe5)
core   0: 0x8000a722 (0x00006f17) auipc   t5, 0x6
core   0: 3 0x8000a722 (0x00006f17) x30 0x80010722
core   0: 0x8000a726 (0x8c3f2f23) sw      gp, -1826(t5)
core   0: 3 0x8000a726 (0x8c3f2f23) mem 0x80010000 0x00000001
core   0: 0x8000a72a (0x0000bfe5) c.j     pc - 8
core   0: 3 0x8000a72a (0xbfe5)
core   0: 0x8000a722 (0x00006f17) auipc   t5, 0x6
core   0: 3 0x8000a722 (0x00006f17) x30 0x80010722
core   0: 0x8000a726 (0x8c3f2f23) sw      gp, -1826(t5)
core   0: 3 0x8000a726 (0x8c3f2f23) mem 0x80010000 0x00000001
core   0: 0x8000a72a (0x0000bfe5) c.j     pc - 8
core   0: 3 0x8000a72a (0xbfe5)
core   0: 0x8000a722 (0x00006f17) auipc   t5, 0x6
core   0: 3 0x8000a722 (0x00006f17) x30 0x80010722
core   0: 0x8000a726 (0x8c3f2f23) sw      gp, -1826(t5)
core   0: 3 0x8000a726 (0x8c3f2f23) mem 0x80010000 0x00000001
core   0: 0x8000a72a (0x0000bfe5) c.j     pc - 8
core   0: 3 0x8000a72a (0xbfe5)
core   0: 0x8000a722 (0x00006f17) auipc   t5, 0x6
core   0: 3 0x8000a722 (0x00006f17) x30 0x80010722
core   0: 0x8000a726 (0x8c3f2f23) sw      gp, -1826(t5)
core   0: 3 0x8000a726 (0x8c3f2f23) mem 0x80010000 0x00000001
core   0: 0x8000a72a (0x0000bfe5) c.j     pc - 8
core   0: 3 0x8000a72a (0xbfe5)
core   0: 0x8000a722 (0x00006f17) auipc   t5, 0x6
core   0: 3 0x8000a722 (0x00006f17) x30 0x80010722
core   0: 0x8000a726 (0x8c3f2f23) sw      gp, -1826(t5)
core   0: 3 0x8000a726 (0x8c3f2f23) mem 0x80010000 0x00000001
core   0: 0x8000a72a (0x0000bfe5) c.j     pc - 8
core   0: 3 0x8000a72a (0xbfe5)
core   0: 0x8000a722 (0x00006f17) auipc   t5, 0x6
core   0: 3 0x8000a722 (0x00006f17) x30 0x80010722
core   0: 0x8000a726 (0x8c3f2f23) sw      gp, -1826(t5)
core   0: 3 0x8000a726 (0x8c3f2f23) mem 0x80010000 0x00000001
core   0: 0x8000a72a (0x0000bfe5) c.j     pc - 8
core   0: 3 0x8000a72a (0xbfe5)
core   0: 0x8000a722 (0x00006f17) auipc   t5, 0x6
core   0: 3 0x8000a722 (0x00006f17) x30 0x80010722
core   0: 0x8000a726 (0x8c3f2f23) sw      gp, -1826(t5)
core   0: 3 0x8000a726 (0x8c3f2f23) mem 0x80010000 0x00000001
core   0: 0x8000a72a (0x0000bfe5) c.j     pc - 8
core   0: 3 0x8000a72a (0xbfe5)
core   0: 0x8000a722 (0x00006f17) auipc   t5, 0x6
core   0: 3 0x8000a722 (0x00006f17) x30 0x80010722
core   0: 0x8000a726 (0x8c3f2f23) sw      gp, -1826(t5)
core   0: 3 0x8000a726 (0x8c3f2f23) mem 0x80010000 0x00000001
core   0: 0x8000a72a (0x0000bfe5) c.j     pc - 8
core   0: 3 0x8000a72a (0xbfe5)
core   0: 0x8000a722 (0x00006f17) auipc   t5, 0x6
core   0: 3 0x8000a722 (0x00006f17) x30 0x80010722
core   0: 0x8000a726 (0x8c3f2f23) sw      gp, -1826(t5)
core   0: 3 0x8000a726 (0x8c3f2f23) mem 0x80010000 0x00000001
core   0: 0x8000a72a (0x0000bfe5) c.j     pc - 8
core   0: 3 0x8000a72a (0xbfe5)
core   0: 0x8000a722 (0x00006f17) auipc   t5, 0x6
core   0: 3 0x8000a722 (0x00006f17) x30 0x80010722
core   0: 0x8000a726 (0x8c3f2f23) sw      gp, -1826(t5)
core   0: 3 0x8000a726 (0x8c3f2f23) mem 0x80010000 0x00000001
core   0: 0x8000a72a (0x0000bfe5) c.j     pc - 8
core   0: 3 0x8000a72a (0xbfe5)
core   0: 0x8000a722 (0x00006f17) auipc   t5, 0x6
core   0: 3 0x8000a722 (0x00006f17) x30 0x80010722
core   0: 0x8000a726 (0x8c3f2f23) sw      gp, -1826(t5)
core   0: 3 0x8000a726 (0x8c3f2f23) mem 0x80010000 0x00000001
core   0: 0x8000a72a (0x0000bfe5) c.j     pc - 8
core   0: 3 0x8000a72a (0xbfe5)
core   0: 0x8000a722 (0x00006f17) auipc   t5, 0x6
core   0: 3 0x8000a722 (0x00006f17) x30 0x80010722
core   0: 0x8000a726 (0x8c3f2f23) sw      gp, -1826(t5)
core   0: 3 0x8000a726 (0x8c3f2f23) mem 0x80010000 0x00000001
core   0: 0x8000a72a (0x0000bfe5) c.j     pc - 8
core   0: 3 0x8000a72a (0xbfe5)
core   0: 0x8000a722 (0x00006f17) auipc   t5, 0x6
core   0: 3 0x8000a722 (0x00006f17) x30 0x80010722
core   0: 0x8000a726 (0x8c3f2f23) sw      gp, -1826(t5)
core   0: 3 0x8000a726 (0x8c3f2f23) mem 0x80010000 0x00000001
core   0: 0x8000a72a (0x0000bfe5) c.j     pc - 8
core   0: 3 0x8000a72a (0xbfe5)
core   0: 0x8000a722 (0x00006f17) auipc   t5, 0x6
core   0: 3 0x8000a722 (0x00006f17) x30 0x80010722
core   0: 0x8000a726 (0x8c3f2f23) sw      gp, -1826(t5)
core   0: 3 0x8000a726 (0x8c3f2f23) mem 0x80010000 0x00000001
core   0: 0x8000a72a (0x0000bfe5) c.j     pc - 8
core   0: 3 0x8000a72a (0xbfe5)
core   0: 0x8000a722 (0x00006f17) auipc   t5, 0x6
core   0: 3 0x8000a722 (0x00006f17) x30 0x80010722
core   0: 0x8000a726 (0x8c3f2f23) sw      gp, -1826(t5)
core   0: 3 0x8000a726 (0x8c3f2f23) mem 0x80010000 0x00000001
core   0: 0x8000a72a (0x0000bfe5) c.j     pc - 8
core   0: 3 0x8000a72a (0xbfe5)
core   0: 0x8000a722 (0x00006f17) auipc   t5, 0x6
core   0: 3 0x8000a722 (0x00006f17) x30 0x80010722
core   0: 0x8000a726 (0x8c3f2f23) sw      gp, -1826(t5)
core   0: 3 0x8000a726 (0x8c3f2f23) mem 0x80010000 0x00000001
core   0: 0x8000a72a (0x0000bfe5) c.j     pc - 8
core   0: 3 0x8000a72a (0xbfe5)
core   0: 0x8000a722 (0x00006f17) auipc   t5, 0x6
core   0: 3 0x8000a722 (0x00006f17) x30 0x80010722
core   0: 0x8000a726 (0x8c3f2f23) sw      gp, -1826(t5)
core   0: 3 0x8000a726 (0x8c3f2f23) mem 0x80010000 0x00000001
core   0: 0x8000a72a (0x0000bfe5) c.j     pc - 8
core   0: 3 0x8000a72a (0xbfe5)
core   0: 0x8000a722 (0x00006f17) auipc   t5, 0x6
core   0: 3 0x8000a722 (0x00006f17) x30 0x80010722
core   0: 0x8000a726 (0x8c3f2f23) sw      gp, -1826(t5)
core   0: 3 0x8000a726 (0x8c3f2f23) mem 0x80010000 0x00000001
core   0: 0x8000a72a (0x0000bfe5) c.j     pc - 8
core   0: 3 0x8000a72a (0xbfe5)
core   0: 0x8000a722 (0x00006f17) auipc   t5, 0x6
core   0: 3 0x8000a722 (0x00006f17) x30 0x80010722
core   0: 0x8000a726 (0x8c3f2f23) sw      gp, -1826(t5)
core   0: 3 0x8000a726 (0x8c3f2f23) mem 0x80010000 0x00000001
core   0: 0x8000a72a (0x0000bfe5) c.j     pc - 8
core   0: 3 0x8000a72a (0xbfe5)
core   0: 0x8000a722 (0x00006f17) auipc   t5, 0x6
core   0: 3 0x8000a722 (0x00006f17) x30 0x80010722
core   0: 0x8000a726 (0x8c3f2f23) sw      gp, -1826(t5)
core   0: 3 0x8000a726 (0x8c3f2f23) mem 0x80010000 0x00000001
core   0: 0x8000a72a (0x0000bfe5) c.j     pc - 8
core   0: 3 0x8000a72a (0xbfe5)
core   0: 0x8000a722 (0x00006f17) auipc   t5, 0x6
core   0: 3 0x8000a722 (0x00006f17) x30 0x80010722
core   0: 0x8000a726 (0x8c3f2f23) sw      gp, -1826(t5)
core   0: 3 0x8000a726 (0x8c3f2f23) mem 0x80010000 0x00000001
core   0: 0x8000a72a (0x0000bfe5) c.j     pc - 8
core   0: 3 0x8000a72a (0xbfe5)
core   0: 0x8000a722 (0x00006f17) auipc   t5, 0x6
core   0: 3 0x8000a722 (0x00006f17) x30 0x80010722
core   0: 0x8000a726 (0x8c3f2f23) sw      gp, -1826(t5)
core   0: 3 0x8000a726 (0x8c3f2f23) mem 0x80010000 0x00000001
core   0: 0x8000a72a (0x0000bfe5) c.j     pc - 8
core   0: 3 0x8000a72a (0xbfe5)
core   0: 0x8000a722 (0x00006f17) auipc   t5, 0x6
core   0: 3 0x8000a722 (0x00006f17) x30 0x80010722
core   0: 0x8000a726 (0x8c3f2f23) sw      gp, -1826(t5)
core   0: 3 0x8000a726 (0x8c3f2f23) mem 0x80010000 0x00000001
core   0: 0x8000a72a (0x0000bfe5) c.j     pc - 8
core   0: 3 0x8000a72a (0xbfe5)
core   0: 0x8000a722 (0x00006f17) auipc   t5, 0x6
core   0: 3 0x8000a722 (0x00006f17) x30 0x80010722
core   0: 0x8000a726 (0x8c3f2f23) sw      gp, -1826(t5)
core   0: 3 0x8000a726 (0x8c3f2f23) mem 0x80010000 0x00000001
core   0: 0x8000a72a (0x0000bfe5) c.j     pc - 8
core   0: 3 0x8000a72a (0xbfe5)
core   0: 0x8000a722 (0x00006f17) auipc   t5, 0x6
core   0: 3 0x8000a722 (0x00006f17) x30 0x80010722
core   0: 0x8000a726 (0x8c3f2f23) sw      gp, -1826(t5)
core   0: 3 0x8000a726 (0x8c3f2f23) mem 0x80010000 0x00000001
core   0: 0x8000a72a (0x0000bfe5) c.j     pc - 8
core   0: 3 0x8000a72a (0xbfe5)
core   0: 0x8000a722 (0x00006f17) auipc   t5, 0x6
core   0: 3 0x8000a722 (0x00006f17) x30 0x80010722
core   0: 0x8000a726 (0x8c3f2f23) sw      gp, -1826(t5)
core   0: 3 0x8000a726 (0x8c3f2f23) mem 0x80010000 0x00000001
core   0: 0x8000a72a (0x0000bfe5) c.j     pc - 8
core   0: 3 0x8000a72a (0xbfe5)
core   0: 0x8000a722 (0x00006f17) auipc   t5, 0x6
core   0: 3 0x8000a722 (0x00006f17) x30 0x80010722
core   0: 0x8000a726 (0x8c3f2f23) sw      gp, -1826(t5)
core   0: 3 0x8000a726 (0x8c3f2f23) mem 0x80010000 0x00000001
core   0: 0x8000a72a (0x0000bfe5) c.j     pc - 8
core   0: 3 0x8000a72a (0xbfe5)
core   0: 0x8000a722 (0x00006f17) auipc   t5, 0x6
core   0: 3 0x8000a722 (0x00006f17) x30 0x80010722
core   0: 0x8000a726 (0x8c3f2f23) sw      gp, -1826(t5)
core   0: 3 0x8000a726 (0x8c3f2f23) mem 0x80010000 0x00000001
core   0: 0x8000a72a (0x0000bfe5) c.j     pc - 8
core   0: 3 0x8000a72a (0xbfe5)
core   0: 0x8000a722 (0x00006f17) auipc   t5, 0x6
core   0: 3 0x8000a722 (0x00006f17) x30 0x80010722
core   0: 0x8000a726 (0x8c3f2f23) sw      gp, -1826(t5)
core   0: 3 0x8000a726 (0x8c3f2f23) mem 0x80010000 0x00000001
core   0: 0x8000a72a (0x0000bfe5) c.j     pc - 8
core   0: 3 0x8000a72a (0xbfe5)
core   0: 0x8000a722 (0x00006f17) auipc   t5, 0x6
core   0: 3 0x8000a722 (0x00006f17) x30 0x80010722
core   0: 0x8000a726 (0x8c3f2f23) sw      gp, -1826(t5)
core   0: 3 0x8000a726 (0x8c3f2f23) mem 0x80010000 0x00000001
core   0: 0x8000a72a (0x0000bfe5) c.j     pc - 8
core   0: 3 0x8000a72a (0xbfe5)
core   0: 0x8000a722 (0x00006f17) auipc   t5, 0x6
core   0: 3 0x8000a722 (0x00006f17) x30 0x80010722
core   0: 0x8000a726 (0x8c3f2f23) sw      gp, -1826(t5)
core   0: 3 0x8000a726 (0x8c3f2f23) mem 0x80010000 0x00000001
core   0: 0x8000a72a (0x0000bfe5) c.j     pc - 8
core   0: 3 0x8000a72a (0xbfe5)
core   0: 0x8000a722 (0x00006f17) auipc   t5, 0x6
core   0: 3 0x8000a722 (0x00006f17) x30 0x80010722
core   0: 0x8000a726 (0x8c3f2f23) sw      gp, -1826(t5)
core   0: 3 0x8000a726 (0x8c3f2f23) mem 0x80010000 0x00000001
core   0: 0x8000a72a (0x0000bfe5) c.j     pc - 8
core   0: 3 0x8000a72a (0xbfe5)
core   0: 0x8000a722 (0x00006f17) auipc   t5, 0x6
core   0: 3 0x8000a722 (0x00006f17) x30 0x80010722
core   0: 0x8000a726 (0x8c3f2f23) sw      gp, -1826(t5)
core   0: 3 0x8000a726 (0x8c3f2f23) mem 0x80010000 0x00000001
core   0: 0x8000a72a (0x0000bfe5) c.j     pc - 8
core   0: 3 0x8000a72a (0xbfe5)
core   0: 0x8000a722 (0x00006f17) auipc   t5, 0x6
core   0: 3 0x8000a722 (0x00006f17) x30 0x80010722
core   0: 0x8000a726 (0x8c3f2f23) sw      gp, -1826(t5)
core   0: 3 0x8000a726 (0x8c3f2f23) mem 0x80010000 0x00000001
core   0: 0x8000a72a (0x0000bfe5) c.j     pc - 8
core   0: 3 0x8000a72a (0xbfe5)
core   0: 0x8000a722 (0x00006f17) auipc   t5, 0x6
core   0: 3 0x8000a722 (0x00006f17) x30 0x80010722
core   0: 0x8000a726 (0x8c3f2f23) sw      gp, -1826(t5)
core   0: 3 0x8000a726 (0x8c3f2f23) mem 0x80010000 0x00000001
core   0: 0x8000a72a (0x0000bfe5) c.j     pc - 8
core   0: 3 0x8000a72a (0xbfe5)
core   0: 0x8000a722 (0x00006f17) auipc   t5, 0x6
core   0: 3 0x8000a722 (0x00006f17) x30 0x80010722
core   0: 0x8000a726 (0x8c3f2f23) sw      gp, -1826(t5)
core   0: 3 0x8000a726 (0x8c3f2f23) mem 0x80010000 0x00000001
core   0: 0x8000a72a (0x0000bfe5) c.j     pc - 8
core   0: 3 0x8000a72a (0xbfe5)
core   0: 0x8000a722 (0x00006f17) auipc   t5, 0x6
core   0: 3 0x8000a722 (0x00006f17) x30 0x80010722
core   0: 0x8000a726 (0x8c3f2f23) sw      gp, -1826(t5)
core   0: 3 0x8000a726 (0x8c3f2f23) mem 0x80010000 0x00000001
core   0: 0x8000a72a (0x0000bfe5) c.j     pc - 8
core   0: 3 0x8000a72a (0xbfe5)
core   0: 0x8000a722 (0x00006f17) auipc   t5, 0x6
core   0: 3 0x8000a722 (0x00006f17) x30 0x80010722
core   0: 0x8000a726 (0x8c3f2f23) sw      gp, -1826(t5)
core   0: 3 0x8000a726 (0x8c3f2f23) mem 0x80010000 0x00000001
core   0: 0x8000a72a (0x0000bfe5) c.j     pc - 8
core   0: 3 0x8000a72a (0xbfe5)
core   0: 0x8000a722 (0x00006f17) auipc   t5, 0x6
core   0: 3 0x8000a722 (0x00006f17) x30 0x80010722
core   0: 0x8000a726 (0x8c3f2f23) sw      gp, -1826(t5)
core   0: 3 0x8000a726 (0x8c3f2f23) mem 0x80010000 0x00000001
core   0: 0x8000a72a (0x0000bfe5) c.j     pc - 8
core   0: 3 0x8000a72a (0xbfe5)
core   0: 0x8000a722 (0x00006f17) auipc   t5, 0x6
core   0: 3 0x8000a722 (0x00006f17) x30 0x80010722
core   0: 0x8000a726 (0x8c3f2f23) sw      gp, -1826(t5)
core   0: 3 0x8000a726 (0x8c3f2f23) mem 0x80010000 0x00000001
core   0: 0x8000a72a (0x0000bfe5) c.j     pc - 8
core   0: 3 0x8000a72a (0xbfe5)
core   0: 0x8000a722 (0x00006f17) auipc   t5, 0x6
core   0: 3 0x8000a722 (0x00006f17) x30 0x80010722
core   0: 0x8000a726 (0x8c3f2f23) sw      gp, -1826(t5)
core   0: 3 0x8000a726 (0x8c3f2f23) mem 0x80010000 0x00000001
core   0: 0x8000a72a (0x0000bfe5) c.j     pc - 8
core   0: 3 0x8000a72a (0xbfe5)
core   0: 0x8000a722 (0x00006f17) auipc   t5, 0x6
core   0: 3 0x8000a722 (0x00006f17) x30 0x80010722
core   0: 0x8000a726 (0x8c3f2f23) sw      gp, -1826(t5)
core   0: 3 0x8000a726 (0x8c3f2f23) mem 0x80010000 0x00000001
core   0: 0x8000a72a (0x0000bfe5) c.j     pc - 8
core   0: 3 0x8000a72a (0xbfe5)
core   0: 0x8000a722 (0x00006f17) auipc   t5, 0x6
core   0: 3 0x8000a722 (0x00006f17) x30 0x80010722
core   0: 0x8000a726 (0x8c3f2f23) sw      gp, -1826(t5)
core   0: 3 0x8000a726 (0x8c3f2f23) mem 0x80010000 0x00000001
core   0: 0x8000a72a (0x0000bfe5) c.j     pc - 8
core   0: 3 0x8000a72a (0xbfe5)
core   0: 0x8000a722 (0x00006f17) auipc   t5, 0x6
core   0: 3 0x8000a722 (0x00006f17) x30 0x80010722
core   0: 0x8000a726 (0x8c3f2f23) sw      gp, -1826(t5)
core   0: 3 0x8000a726 (0x8c3f2f23) mem 0x80010000 0x00000001
core   0: 0x8000a72a (0x0000bfe5) c.j     pc - 8
core   0: 3 0x8000a72a (0xbfe5)
core   0: 0x8000a722 (0x00006f17) auipc   t5, 0x6
core   0: 3 0x8000a722 (0x00006f17) x30 0x80010722
core   0: 0x8000a726 (0x8c3f2f23) sw      gp, -1826(t5)
core   0: 3 0x8000a726 (0x8c3f2f23) mem 0x80010000 0x00000001
core   0: 0x8000a72a (0x0000bfe5) c.j     pc - 8
core   0: 3 0x8000a72a (0xbfe5)
core   0: 0x8000a722 (0x00006f17) auipc   t5, 0x6
core   0: 3 0x8000a722 (0x00006f17) x30 0x80010722
core   0: 0x8000a726 (0x8c3f2f23) sw      gp, -1826(t5)
core   0: 3 0x8000a726 (0x8c3f2f23) mem 0x80010000 0x00000001
core   0: 0x8000a72a (0x0000bfe5) c.j     pc - 8
core   0: 3 0x8000a72a (0xbfe5)
core   0: 0x8000a722 (0x00006f17) auipc   t5, 0x6
core   0: 3 0x8000a722 (0x00006f17) x30 0x80010722
core   0: 0x8000a726 (0x8c3f2f23) sw      gp, -1826(t5)
core   0: 3 0x8000a726 (0x8c3f2f23) mem 0x80010000 0x00000001
core   0: 0x8000a72a (0x0000bfe5) c.j     pc - 8
core   0: 3 0x8000a72a (0xbfe5)
core   0: 0x8000a722 (0x00006f17) auipc   t5, 0x6
core   0: 3 0x8000a722 (0x00006f17) x30 0x80010722
core   0: 0x8000a726 (0x8c3f2f23) sw      gp, -1826(t5)
core   0: 3 0x8000a726 (0x8c3f2f23) mem 0x80010000 0x00000001
core   0: 0x8000a72a (0x0000bfe5) c.j     pc - 8
core   0: 3 0x8000a72a (0xbfe5)
core   0: 0x8000a722 (0x00006f17) auipc   t5, 0x6
core   0: 3 0x8000a722 (0x00006f17) x30 0x80010722
core   0: 0x8000a726 (0x8c3f2f23) sw      gp, -1826(t5)
core   0: 3 0x8000a726 (0x8c3f2f23) mem 0x80010000 0x00000001
core   0: 0x8000a72a (0x0000bfe5) c.j     pc - 8
core   0: 3 0x8000a72a (0xbfe5)
core   0: 0x8000a722 (0x00006f17) auipc   t5, 0x6
core   0: 3 0x8000a722 (0x00006f17) x30 0x80010722
core   0: 0x8000a726 (0x8c3f2f23) sw      gp, -1826(t5)
core   0: 3 0x8000a726 (0x8c3f2f23) mem 0x80010000 0x00000001
core   0: 0x8000a72a (0x0000bfe5) c.j     pc - 8
core   0: 3 0x8000a72a (0xbfe5)
core   0: 0x8000a722 (0x00006f17) auipc   t5, 0x6
core   0: 3 0x8000a722 (0x00006f17) x30 0x80010722
core   0: 0x8000a726 (0x8c3f2f23) sw      gp, -1826(t5)
core   0: 3 0x8000a726 (0x8c3f2f23) mem 0x80010000 0x00000001
core   0: 0x8000a72a (0x0000bfe5) c.j     pc - 8
core   0: 3 0x8000a72a (0xbfe5)
core   0: 0x8000a722 (0x00006f17) auipc   t5, 0x6
core   0: 3 0x8000a722 (0x00006f17) x30 0x80010722
core   0: 0x8000a726 (0x8c3f2f23) sw      gp, -1826(t5)
core   0: 3 0x8000a726 (0x8c3f2f23) mem 0x80010000 0x00000001
core   0: 0x8000a72a (0x0000bfe5) c.j     pc - 8
core   0: 3 0x8000a72a (0xbfe5)
core   0: 0x8000a722 (0x00006f17) auipc   t5, 0x6
core   0: 3 0x8000a722 (0x00006f17) x30 0x80010722
core   0: 0x8000a726 (0x8c3f2f23) sw      gp, -1826(t5)
core   0: 3 0x8000a726 (0x8c3f2f23) mem 0x80010000 0x00000001
core   0: 0x8000a72a (0x0000bfe5) c.j     pc - 8
core   0: 3 0x8000a72a (0xbfe5)
core   0: 0x8000a722 (0x00006f17) auipc   t5, 0x6
core   0: 3 0x8000a722 (0x00006f17) x30 0x80010722
core   0: 0x8000a726 (0x8c3f2f23) sw      gp, -1826(t5)
core   0: 3 0x8000a726 (0x8c3f2f23) mem 0x80010000 0x00000001
core   0: 0x8000a72a (0x0000bfe5) c.j     pc - 8
core   0: 3 0x8000a72a (0xbfe5)
core   0: 0x8000a722 (0x00006f17) auipc   t5, 0x6
core   0: 3 0x8000a722 (0x00006f17) x30 0x80010722
core   0: 0x8000a726 (0x8c3f2f23) sw      gp, -1826(t5)
core   0: 3 0x8000a726 (0x8c3f2f23) mem 0x80010000 0x00000001
core   0: 0x8000a72a (0x0000bfe5) c.j     pc - 8
core   0: 3 0x8000a72a (0xbfe5)
core   0: 0x8000a722 (0x00006f17) auipc   t5, 0x6
core   0: 3 0x8000a722 (0x00006f17) x30 0x80010722
core   0: 0x8000a726 (0x8c3f2f23) sw      gp, -1826(t5)
core   0: 3 0x8000a726 (0x8c3f2f23) mem 0x80010000 0x00000001
core   0: 0x8000a72a (0x0000bfe5) c.j     pc - 8
core   0: 3 0x8000a72a (0xbfe5)
core   0: 0x8000a722 (0x00006f17) auipc   t5, 0x6
core   0: 3 0x8000a722 (0x00006f17) x30 0x80010722
core   0: 0x8000a726 (0x8c3f2f23) sw      gp, -1826(t5)
core   0: 3 0x8000a726 (0x8c3f2f23) mem 0x80010000 0x00000001
core   0: 0x8000a72a (0x0000bfe5) c.j     pc - 8
core   0: 3 0x8000a72a (0xbfe5)
core   0: 0x8000a722 (0x00006f17) auipc   t5, 0x6
core   0: 3 0x8000a722 (0x00006f17) x30 0x80010722
core   0: 0x8000a726 (0x8c3f2f23) sw      gp, -1826(t5)
core   0: 3 0x8000a726 (0x8c3f2f23) mem 0x80010000 0x00000001
core   0: 0x8000a72a (0x0000bfe5) c.j     pc - 8
core   0: 3 0x8000a72a (0xbfe5)
core   0: 0x8000a722 (0x00006f17) auipc   t5, 0x6
core   0: 3 0x8000a722 (0x00006f17) x30 0x80010722
core   0: 0x8000a726 (0x8c3f2f23) sw      gp, -1826(t5)
core   0: 3 0x8000a726 (0x8c3f2f23) mem 0x80010000 0x00000001
core   0: 0x8000a72a (0x0000bfe5) c.j     pc - 8
core   0: 3 0x8000a72a (0xbfe5)
core   0: 0x8000a722 (0x00006f17) auipc   t5, 0x6
core   0: 3 0x8000a722 (0x00006f17) x30 0x80010722
core   0: 0x8000a726 (0x8c3f2f23) sw      gp, -1826(t5)
core   0: 3 0x8000a726 (0x8c3f2f23) mem 0x80010000 0x00000001
core   0: 0x8000a72a (0x0000bfe5) c.j     pc - 8
core   0: 3 0x8000a72a (0xbfe5)
core   0: 0x8000a722 (0x00006f17) auipc   t5, 0x6
core   0: 3 0x8000a722 (0x00006f17) x30 0x80010722
core   0: 0x8000a726 (0x8c3f2f23) sw      gp, -1826(t5)
core   0: 3 0x8000a726 (0x8c3f2f23) mem 0x80010000 0x00000001
core   0: 0x8000a72a (0x0000bfe5) c.j     pc - 8
core   0: 3 0x8000a72a (0xbfe5)
core   0: 0x8000a722 (0x00006f17) auipc   t5, 0x6
core   0: 3 0x8000a722 (0x00006f17) x30 0x80010722
core   0: 0x8000a726 (0x8c3f2f23) sw      gp, -1826(t5)
core   0: 3 0x8000a726 (0x8c3f2f23) mem 0x80010000 0x00000001
core   0: 0x8000a72a (0x0000bfe5) c.j     pc - 8
core   0: 3 0x8000a72a (0xbfe5)
core   0: 0x8000a722 (0x00006f17) auipc   t5, 0x6
core   0: 3 0x8000a722 (0x00006f17) x30 0x80010722
core   0: 0x8000a726 (0x8c3f2f23) sw      gp, -1826(t5)
core   0: 3 0x8000a726 (0x8c3f2f23) mem 0x80010000 0x00000001
core   0: 0x8000a72a (0x0000bfe5) c.j     pc - 8
core   0: 3 0x8000a72a (0xbfe5)
core   0: 0x8000a722 (0x00006f17) auipc   t5, 0x6
core   0: 3 0x8000a722 (0x00006f17) x30 0x80010722
core   0: 0x8000a726 (0x8c3f2f23) sw      gp, -1826(t5)
core   0: 3 0x8000a726 (0x8c3f2f23) mem 0x80010000 0x00000001
core   0: 0x8000a72a (0x0000bfe5) c.j     pc - 8
core   0: 3 0x8000a72a (0xbfe5)
core   0: 0x8000a722 (0x00006f17) auipc   t5, 0x6
core   0: 3 0x8000a722 (0x00006f17) x30 0x80010722
core   0: 0x8000a726 (0x8c3f2f23) sw      gp, -1826(t5)
core   0: 3 0x8000a726 (0x8c3f2f23) mem 0x80010000 0x00000001
core   0: 0x8000a72a (0x0000bfe5) c.j     pc - 8
core   0: 3 0x8000a72a (0xbfe5)
core   0: 0x8000a722 (0x00006f17) auipc   t5, 0x6
core   0: 3 0x8000a722 (0x00006f17) x30 0x80010722
core   0: 0x8000a726 (0x8c3f2f23) sw      gp, -1826(t5)
core   0: 3 0x8000a726 (0x8c3f2f23) mem 0x80010000 0x00000001
core   0: 0x8000a72a (0x0000bfe5) c.j     pc - 8
core   0: 3 0x8000a72a (0xbfe5)
core   0: 0x8000a722 (0x00006f17) auipc   t5, 0x6
core   0: 3 0x8000a722 (0x00006f17) x30 0x80010722
core   0: 0x8000a726 (0x8c3f2f23) sw      gp, -1826(t5)
core   0: 3 0x8000a726 (0x8c3f2f23) mem 0x80010000 0x00000001
core   0: 0x8000a72a (0x0000bfe5) c.j     pc - 8
core   0: 3 0x8000a72a (0xbfe5)
core   0: 0x8000a722 (0x00006f17) auipc   t5, 0x6
core   0: 3 0x8000a722 (0x00006f17) x30 0x80010722
core   0: 0x8000a726 (0x8c3f2f23) sw      gp, -1826(t5)
core   0: 3 0x8000a726 (0x8c3f2f23) mem 0x80010000 0x00000001
core   0: 0x8000a72a (0x0000bfe5) c.j     pc - 8
core   0: 3 0x8000a72a (0xbfe5)
core   0: 0x8000a722 (0x00006f17) auipc   t5, 0x6
core   0: 3 0x8000a722 (0x00006f17) x30 0x80010722
core   0: 0x8000a726 (0x8c3f2f23) sw      gp, -1826(t5)
core   0: 3 0x8000a726 (0x8c3f2f23) mem 0x80010000 0x00000001
core   0: 0x8000a72a (0x0000bfe5) c.j     pc - 8
core   0: 3 0x8000a72a (0xbfe5)
core   0: 0x8000a722 (0x00006f17) auipc   t5, 0x6
core   0: 3 0x8000a722 (0x00006f17) x30 0x80010722
core   0: 0x8000a726 (0x8c3f2f23) sw      gp, -1826(t5)
core   0: 3 0x8000a726 (0x8c3f2f23) mem 0x80010000 0x00000001
core   0: 0x8000a72a (0x0000bfe5) c.j     pc - 8
core   0: 3 0x8000a72a (0xbfe5)
core   0: 0x8000a722 (0x00006f17) auipc   t5, 0x6
core   0: 3 0x8000a722 (0x00006f17) x30 0x80010722
core   0: 0x8000a726 (0x8c3f2f23) sw      gp, -1826(t5)
core   0: 3 0x8000a726 (0x8c3f2f23) mem 0x80010000 0x00000001
core   0: 0x8000a72a (0x0000bfe5) c.j     pc - 8
core   0: 3 0x8000a72a (0xbfe5)
core   0: 0x8000a722 (0x00006f17) auipc   t5, 0x6
core   0: 3 0x8000a722 (0x00006f17) x30 0x80010722
core   0: 0x8000a726 (0x8c3f2f23) sw      gp, -1826(t5)
core   0: 3 0x8000a726 (0x8c3f2f23) mem 0x80010000 0x00000001
core   0: 0x8000a72a (0x0000bfe5) c.j     pc - 8
core   0: 3 0x8000a72a (0xbfe5)
core   0: 0x8000a722 (0x00006f17) auipc   t5, 0x6
core   0: 3 0x8000a722 (0x00006f17) x30 0x80010722
core   0: 0x8000a726 (0x8c3f2f23) sw      gp, -1826(t5)
core   0: 3 0x8000a726 (0x8c3f2f23) mem 0x80010000 0x00000001
core   0: 0x8000a72a (0x0000bfe5) c.j     pc - 8
core   0: 3 0x8000a72a (0xbfe5)
core   0: 0x8000a722 (0x00006f17) auipc   t5, 0x6
core   0: 3 0x8000a722 (0x00006f17) x30 0x80010722
core   0: 0x8000a726 (0x8c3f2f23) sw      gp, -1826(t5)
core   0: 3 0x8000a726 (0x8c3f2f23) mem 0x80010000 0x00000001
core   0: 0x8000a72a (0x0000bfe5) c.j     pc - 8
core   0: 3 0x8000a72a (0xbfe5)
core   0: 0x8000a722 (0x00006f17) auipc   t5, 0x6
core   0: 3 0x8000a722 (0x00006f17) x30 0x80010722
core   0: 0x8000a726 (0x8c3f2f23) sw      gp, -1826(t5)
core   0: 3 0x8000a726 (0x8c3f2f23) mem 0x80010000 0x00000001
core   0: 0x8000a72a (0x0000bfe5) c.j     pc - 8
core   0: 3 0x8000a72a (0xbfe5)
core   0: 0x8000a722 (0x00006f17) auipc   t5, 0x6
core   0: 3 0x8000a722 (0x00006f17) x30 0x80010722
core   0: 0x8000a726 (0x8c3f2f23) sw      gp, -1826(t5)
core   0: 3 0x8000a726 (0x8c3f2f23) mem 0x80010000 0x00000001
core   0: 0x8000a72a (0x0000bfe5) c.j     pc - 8
core   0: 3 0x8000a72a (0xbfe5)
core   0: 0x8000a722 (0x00006f17) auipc   t5, 0x6
core   0: 3 0x8000a722 (0x00006f17) x30 0x80010722
core   0: 0x8000a726 (0x8c3f2f23) sw      gp, -1826(t5)
core   0: 3 0x8000a726 (0x8c3f2f23) mem 0x80010000 0x00000001
core   0: 0x8000a72a (0x0000bfe5) c.j     pc - 8
core   0: 3 0x8000a72a (0xbfe5)
core   0: 0x8000a722 (0x00006f17) auipc   t5, 0x6
core   0: 3 0x8000a722 (0x00006f17) x30 0x80010722
core   0: 0x8000a726 (0x8c3f2f23) sw      gp, -1826(t5)
core   0: 3 0x8000a726 (0x8c3f2f23) mem 0x80010000 0x00000001
core   0: 0x8000a72a (0x0000bfe5) c.j     pc - 8
core   0: 3 0x8000a72a (0xbfe5)
core   0: 0x8000a722 (0x00006f17) auipc   t5, 0x6
core   0: 3 0x8000a722 (0x00006f17) x30 0x80010722
core   0: 0x8000a726 (0x8c3f2f23) sw      gp, -1826(t5)
core   0: 3 0x8000a726 (0x8c3f2f23) mem 0x80010000 0x00000001
core   0: 0x8000a72a (0x0000bfe5) c.j     pc - 8
core   0: 3 0x8000a72a (0xbfe5)
core   0: 0x8000a722 (0x00006f17) auipc   t5, 0x6
core   0: 3 0x8000a722 (0x00006f17) x30 0x80010722
core   0: 0x8000a726 (0x8c3f2f23) sw      gp, -1826(t5)
core   0: 3 0x8000a726 (0x8c3f2f23) mem 0x80010000 0x00000001
core   0: 0x8000a72a (0x0000bfe5) c.j     pc - 8
core   0: 3 0x8000a72a (0xbfe5)
core   0: 0x8000a722 (0x00006f17) auipc   t5, 0x6
core   0: 3 0x8000a722 (0x00006f17) x30 0x80010722
core   0: 0x8000a726 (0x8c3f2f23) sw      gp, -1826(t5)
core   0: 3 0x8000a726 (0x8c3f2f23) mem 0x80010000 0x00000001
core   0: 0x8000a72a (0x0000bfe5) c.j     pc - 8
core   0: 3 0x8000a72a (0xbfe5)
core   0: 0x8000a722 (0x00006f17) auipc   t5, 0x6
core   0: 3 0x8000a722 (0x00006f17) x30 0x80010722
core   0: 0x8000a726 (0x8c3f2f23) sw      gp, -1826(t5)
core   0: 3 0x8000a726 (0x8c3f2f23) mem 0x80010000 0x00000001
core   0: 0x8000a72a (0x0000bfe5) c.j     pc - 8
core   0: 3 0x8000a72a (0xbfe5)
core   0: 0x8000a722 (0x00006f17) auipc   t5, 0x6
core   0: 3 0x8000a722 (0x00006f17) x30 0x80010722
core   0: 0x8000a726 (0x8c3f2f23) sw      gp, -1826(t5)
core   0: 3 0x8000a726 (0x8c3f2f23) mem 0x80010000 0x00000001
core   0: 0x8000a72a (0x0000bfe5) c.j     pc - 8
core   0: 3 0x8000a72a (0xbfe5)
core   0: 0x8000a722 (0x00006f17) auipc   t5, 0x6
core   0: 3 0x8000a722 (0x00006f17) x30 0x80010722
core   0: 0x8000a726 (0x8c3f2f23) sw      gp, -1826(t5)
core   0: 3 0x8000a726 (0x8c3f2f23) mem 0x80010000 0x00000001
core   0: 0x8000a72a (0x0000bfe5) c.j     pc - 8
core   0: 3 0x8000a72a (0xbfe5)
core   0: 0x8000a722 (0x00006f17) auipc   t5, 0x6
core   0: 3 0x8000a722 (0x00006f17) x30 0x80010722
core   0: 0x8000a726 (0x8c3f2f23) sw      gp, -1826(t5)
core   0: 3 0x8000a726 (0x8c3f2f23) mem 0x80010000 0x00000001
core   0: 0x8000a72a (0x0000bfe5) c.j     pc - 8
core   0: 3 0x8000a72a (0xbfe5)
core   0: 0x8000a722 (0x00006f17) auipc   t5, 0x6
core   0: 3 0x8000a722 (0x00006f17) x30 0x80010722
core   0: 0x8000a726 (0x8c3f2f23) sw      gp, -1826(t5)
core   0: 3 0x8000a726 (0x8c3f2f23) mem 0x80010000 0x00000001
core   0: 0x8000a72a (0x0000bfe5) c.j     pc - 8
core   0: 3 0x8000a72a (0xbfe5)
core   0: 0x8000a722 (0x00006f17) auipc   t5, 0x6
core   0: 3 0x8000a722 (0x00006f17) x30 0x80010722
core   0: 0x8000a726 (0x8c3f2f23) sw      gp, -1826(t5)
core   0: 3 0x8000a726 (0x8c3f2f23) mem 0x80010000 0x00000001
core   0: 0x8000a72a (0x0000bfe5) c.j     pc - 8
core   0: 3 0x8000a72a (0xbfe5)
core   0: 0x8000a722 (0x00006f17) auipc   t5, 0x6
core   0: 3 0x8000a722 (0x00006f17) x30 0x80010722
core   0: 0x8000a726 (0x8c3f2f23) sw      gp, -1826(t5)
core   0: 3 0x8000a726 (0x8c3f2f23) mem 0x80010000 0x00000001
core   0: 0x8000a72a (0x0000bfe5) c.j     pc - 8
core   0: 3 0x8000a72a (0xbfe5)
core   0: 0x8000a722 (0x00006f17) auipc   t5, 0x6
core   0: 3 0x8000a722 (0x00006f17) x30 0x80010722
core   0: 0x8000a726 (0x8c3f2f23) sw      gp, -1826(t5)
core   0: 3 0x8000a726 (0x8c3f2f23) mem 0x80010000 0x00000001
core   0: 0x8000a72a (0x0000bfe5) c.j     pc - 8
core   0: 3 0x8000a72a (0xbfe5)
core   0: 0x8000a722 (0x00006f17) auipc   t5, 0x6
core   0: 3 0x8000a722 (0x00006f17) x30 0x80010722
core   0: 0x8000a726 (0x8c3f2f23) sw      gp, -1826(t5)
core   0: 3 0x8000a726 (0x8c3f2f23) mem 0x80010000 0x00000001
core   0: 0x8000a72a (0x0000bfe5) c.j     pc - 8
core   0: 3 0x8000a72a (0xbfe5)
core   0: 0x8000a722 (0x00006f17) auipc   t5, 0x6
core   0: 3 0x8000a722 (0x00006f17) x30 0x80010722
core   0: 0x8000a726 (0x8c3f2f23) sw      gp, -1826(t5)
core   0: 3 0x8000a726 (0x8c3f2f23) mem 0x80010000 0x00000001
core   0: 0x8000a72a (0x0000bfe5) c.j     pc - 8
core   0: 3 0x8000a72a (0xbfe5)
core   0: 0x8000a722 (0x00006f17) auipc   t5, 0x6
core   0: 3 0x8000a722 (0x00006f17) x30 0x80010722
core   0: 0x8000a726 (0x8c3f2f23) sw      gp, -1826(t5)
core   0: 3 0x8000a726 (0x8c3f2f23) mem 0x80010000 0x00000001
core   0: 0x8000a72a (0x0000bfe5) c.j     pc - 8
core   0: 3 0x8000a72a (0xbfe5)
core   0: 0x8000a722 (0x00006f17) auipc   t5, 0x6
core   0: 3 0x8000a722 (0x00006f17) x30 0x80010722
core   0: 0x8000a726 (0x8c3f2f23) sw      gp, -1826(t5)
core   0: 3 0x8000a726 (0x8c3f2f23) mem 0x80010000 0x00000001
core   0: 0x8000a72a (0x0000bfe5) c.j     pc - 8
core   0: 3 0x8000a72a (0xbfe5)
core   0: 0x8000a722 (0x00006f17) auipc   t5, 0x6
core   0: 3 0x8000a722 (0x00006f17) x30 0x80010722
core   0: 0x8000a726 (0x8c3f2f23) sw      gp, -1826(t5)
core   0: 3 0x8000a726 (0x8c3f2f23) mem 0x80010000 0x00000001
core   0: 0x8000a72a (0x0000bfe5) c.j     pc - 8
core   0: 3 0x8000a72a (0xbfe5)
core   0: 0x8000a722 (0x00006f17) auipc   t5, 0x6
core   0: 3 0x8000a722 (0x00006f17) x30 0x80010722
core   0: 0x8000a726 (0x8c3f2f23) sw      gp, -1826(t5)
core   0: 3 0x8000a726 (0x8c3f2f23) mem 0x80010000 0x00000001
core   0: 0x8000a72a (0x0000bfe5) c.j     pc - 8
core   0: 3 0x8000a72a (0xbfe5)
core   0: 0x8000a722 (0x00006f17) auipc   t5, 0x6
core   0: 3 0x8000a722 (0x00006f17) x30 0x80010722
core   0: 0x8000a726 (0x8c3f2f23) sw      gp, -1826(t5)
core   0: 3 0x8000a726 (0x8c3f2f23) mem 0x80010000 0x00000001
core   0: 0x8000a72a (0x0000bfe5) c.j     pc - 8
core   0: 3 0x8000a72a (0xbfe5)
core   0: 0x8000a722 (0x00006f17) auipc   t5, 0x6
core   0: 3 0x8000a722 (0x00006f17) x30 0x80010722
core   0: 0x8000a726 (0x8c3f2f23) sw      gp, -1826(t5)
core   0: 3 0x8000a726 (0x8c3f2f23) mem 0x80010000 0x00000001
core   0: 0x8000a72a (0x0000bfe5) c.j     pc - 8
core   0: 3 0x8000a72a (0xbfe5)
core   0: 0x8000a722 (0x00006f17) auipc   t5, 0x6
core   0: 3 0x8000a722 (0x00006f17) x30 0x80010722
core   0: 0x8000a726 (0x8c3f2f23) sw      gp, -1826(t5)
core   0: 3 0x8000a726 (0x8c3f2f23) mem 0x80010000 0x00000001
core   0: 0x8000a72a (0x0000bfe5) c.j     pc - 8
core   0: 3 0x8000a72a (0xbfe5)
core   0: 0x8000a722 (0x00006f17) auipc   t5, 0x6
core   0: 3 0x8000a722 (0x00006f17) x30 0x80010722
core   0: 0x8000a726 (0x8c3f2f23) sw      gp, -1826(t5)
core   0: 3 0x8000a726 (0x8c3f2f23) mem 0x80010000 0x00000001
core   0: 0x8000a72a (0x0000bfe5) c.j     pc - 8
core   0: 3 0x8000a72a (0xbfe5)
core   0: 0x8000a722 (0x00006f17) auipc   t5, 0x6
core   0: 3 0x8000a722 (0x00006f17) x30 0x80010722
core   0: 0x8000a726 (0x8c3f2f23) sw      gp, -1826(t5)
core   0: 3 0x8000a726 (0x8c3f2f23) mem 0x80010000 0x00000001
core   0: 0x8000a72a (0x0000bfe5) c.j     pc - 8
core   0: 3 0x8000a72a (0xbfe5)
core   0: 0x8000a722 (0x00006f17) auipc   t5, 0x6
core   0: 3 0x8000a722 (0x00006f17) x30 0x80010722
core   0: 0x8000a726 (0x8c3f2f23) sw      gp, -1826(t5)
core   0: 3 0x8000a726 (0x8c3f2f23) mem 0x80010000 0x00000001
core   0: 0x8000a72a (0x0000bfe5) c.j     pc - 8
core   0: 3 0x8000a72a (0xbfe5)
core   0: 0x8000a722 (0x00006f17) auipc   t5, 0x6
core   0: 3 0x8000a722 (0x00006f17) x30 0x80010722
core   0: 0x8000a726 (0x8c3f2f23) sw      gp, -1826(t5)
core   0: 3 0x8000a726 (0x8c3f2f23) mem 0x80010000 0x00000001
core   0: 0x8000a72a (0x0000bfe5) c.j     pc - 8
core   0: 3 0x8000a72a (0xbfe5)
core   0: 0x8000a722 (0x00006f17) auipc   t5, 0x6
core   0: 3 0x8000a722 (0x00006f17) x30 0x80010722
core   0: 0x8000a726 (0x8c3f2f23) sw      gp, -1826(t5)
core   0: 3 0x8000a726 (0x8c3f2f23) mem 0x80010000 0x00000001
core   0: 0x8000a72a (0x0000bfe5) c.j     pc - 8
core   0: 3 0x8000a72a (0xbfe5)
core   0: 0x8000a722 (0x00006f17) auipc   t5, 0x6
core   0: 3 0x8000a722 (0x00006f17) x30 0x80010722
core   0: 0x8000a726 (0x8c3f2f23) sw      gp, -1826(t5)
core   0: 3 0x8000a726 (0x8c3f2f23) mem 0x80010000 0x00000001
core   0: 0x8000a72a (0x0000bfe5) c.j     pc - 8
core   0: 3 0x8000a72a (0xbfe5)
core   0: 0x8000a722 (0x00006f17) auipc   t5, 0x6
core   0: 3 0x8000a722 (0x00006f17) x30 0x80010722
core   0: 0x8000a726 (0x8c3f2f23) sw      gp, -1826(t5)
core   0: 3 0x8000a726 (0x8c3f2f23) mem 0x80010000 0x00000001
core   0: 0x8000a72a (0x0000bfe5) c.j     pc - 8
core   0: 3 0x8000a72a (0xbfe5)
core   0: 0x8000a722 (0x00006f17) auipc   t5, 0x6
core   0: 3 0x8000a722 (0x00006f17) x30 0x80010722
core   0: 0x8000a726 (0x8c3f2f23) sw      gp, -1826(t5)
core   0: 3 0x8000a726 (0x8c3f2f23) mem 0x80010000 0x00000001
core   0: 0x8000a72a (0x0000bfe5) c.j     pc - 8
core   0: 3 0x8000a72a (0xbfe5)
core   0: 0x8000a722 (0x00006f17) auipc   t5, 0x6
core   0: 3 0x8000a722 (0x00006f17) x30 0x80010722
core   0: 0x8000a726 (0x8c3f2f23) sw      gp, -1826(t5)
core   0: 3 0x8000a726 (0x8c3f2f23) mem 0x80010000 0x00000001
core   0: 0x8000a72a (0x0000bfe5) c.j     pc - 8
core   0: 3 0x8000a72a (0xbfe5)
core   0: 0x8000a722 (0x00006f17) auipc   t5, 0x6
core   0: 3 0x8000a722 (0x00006f17) x30 0x80010722
core   0: 0x8000a726 (0x8c3f2f23) sw      gp, -1826(t5)
core   0: 3 0x8000a726 (0x8c3f2f23) mem 0x80010000 0x00000001
core   0: 0x8000a72a (0x0000bfe5) c.j     pc - 8
core   0: 3 0x8000a72a (0xbfe5)
core   0: 0x8000a722 (0x00006f17) auipc   t5, 0x6
core   0: 3 0x8000a722 (0x00006f17) x30 0x80010722
core   0: 0x8000a726 (0x8c3f2f23) sw      gp, -1826(t5)
core   0: 3 0x8000a726 (0x8c3f2f23) mem 0x80010000 0x00000001
core   0: 0x8000a72a (0x0000bfe5) c.j     pc - 8
core   0: 3 0x8000a72a (0xbfe5)
core   0: 0x8000a722 (0x00006f17) auipc   t5, 0x6
core   0: 3 0x8000a722 (0x00006f17) x30 0x80010722
core   0: 0x8000a726 (0x8c3f2f23) sw      gp, -1826(t5)
core   0: 3 0x8000a726 (0x8c3f2f23) mem 0x80010000 0x00000001
core   0: 0x8000a72a (0x0000bfe5) c.j     pc - 8
core   0: 3 0x8000a72a (0xbfe5)
core   0: 0x8000a722 (0x00006f17) auipc   t5, 0x6
core   0: 3 0x8000a722 (0x00006f17) x30 0x80010722
core   0: 0x8000a726 (0x8c3f2f23) sw      gp, -1826(t5)
core   0: 3 0x8000a726 (0x8c3f2f23) mem 0x80010000 0x00000001
core   0: 0x8000a72a (0x0000bfe5) c.j     pc - 8
core   0: 3 0x8000a72a (0xbfe5)
core   0: 0x8000a722 (0x00006f17) auipc   t5, 0x6
core   0: 3 0x8000a722 (0x00006f17) x30 0x80010722
core   0: 0x8000a726 (0x8c3f2f23) sw      gp, -1826(t5)
core   0: 3 0x8000a726 (0x8c3f2f23) mem 0x80010000 0x00000001
core   0: 0x8000a72a (0x0000bfe5) c.j     pc - 8
core   0: 3 0x8000a72a (0xbfe5)
core   0: 0x8000a722 (0x00006f17) auipc   t5, 0x6
core   0: 3 0x8000a722 (0x00006f17) x30 0x80010722
core   0: 0x8000a726 (0x8c3f2f23) sw      gp, -1826(t5)
core   0: 3 0x8000a726 (0x8c3f2f23) mem 0x80010000 0x00000001
core   0: 0x8000a72a (0x0000bfe5) c.j     pc - 8
core   0: 3 0x8000a72a (0xbfe5)
core   0: 0x8000a722 (0x00006f17) auipc   t5, 0x6
core   0: 3 0x8000a722 (0x00006f17) x30 0x80010722
core   0: 0x8000a726 (0x8c3f2f23) sw      gp, -1826(t5)
core   0: 3 0x8000a726 (0x8c3f2f23) mem 0x80010000 0x00000001
core   0: 0x8000a72a (0x0000bfe5) c.j     pc - 8
core   0: 3 0x8000a72a (0xbfe5)
core   0: 0x8000a722 (0x00006f17) auipc   t5, 0x6
core   0: 3 0x8000a722 (0x00006f17) x30 0x80010722
core   0: 0x8000a726 (0x8c3f2f23) sw      gp, -1826(t5)
core   0: 3 0x8000a726 (0x8c3f2f23) mem 0x80010000 0x00000001
core   0: 0x8000a72a (0x0000bfe5) c.j     pc - 8
core   0: 3 0x8000a72a (0xbfe5)
core   0: 0x8000a722 (0x00006f17) auipc   t5, 0x6
core   0: 3 0x8000a722 (0x00006f17) x30 0x80010722
core   0: 0x8000a726 (0x8c3f2f23) sw      gp, -1826(t5)
core   0: 3 0x8000a726 (0x8c3f2f23) mem 0x80010000 0x00000001
core   0: 0x8000a72a (0x0000bfe5) c.j     pc - 8
core   0: 3 0x8000a72a (0xbfe5)
core   0: 0x8000a722 (0x00006f17) auipc   t5, 0x6
core   0: 3 0x8000a722 (0x00006f17) x30 0x80010722
core   0: 0x8000a726 (0x8c3f2f23) sw      gp, -1826(t5)
core   0: 3 0x8000a726 (0x8c3f2f23) mem 0x80010000 0x00000001
core   0: 0x8000a72a (0x0000bfe5) c.j     pc - 8
core   0: 3 0x8000a72a (0xbfe5)
core   0: 0x8000a722 (0x00006f17) auipc   t5, 0x6
core   0: 3 0x8000a722 (0x00006f17) x30 0x80010722
core   0: 0x8000a726 (0x8c3f2f23) sw      gp, -1826(t5)
core   0: 3 0x8000a726 (0x8c3f2f23) mem 0x80010000 0x00000001
core   0: 0x8000a72a (0x0000bfe5) c.j     pc - 8
core   0: 3 0x8000a72a (0xbfe5)
core   0: 0x8000a722 (0x00006f17) auipc   t5, 0x6
core   0: 3 0x8000a722 (0x00006f17) x30 0x80010722
core   0: 0x8000a726 (0x8c3f2f23) sw      gp, -1826(t5)
core   0: 3 0x8000a726 (0x8c3f2f23) mem 0x80010000 0x00000001
core   0: 0x8000a72a (0x0000bfe5) c.j     pc - 8
core   0: 3 0x8000a72a (0xbfe5)
core   0: 0x8000a722 (0x00006f17) auipc   t5, 0x6
core   0: 3 0x8000a722 (0x00006f17) x30 0x80010722
core   0: 0x8000a726 (0x8c3f2f23) sw      gp, -1826(t5)
core   0: 3 0x8000a726 (0x8c3f2f23) mem 0x80010000 0x00000001
core   0: 0x8000a72a (0x0000bfe5) c.j     pc - 8
core   0: 3 0x8000a72a (0xbfe5)
core   0: 0x8000a722 (0x00006f17) auipc   t5, 0x6
core   0: 3 0x8000a722 (0x00006f17) x30 0x80010722
core   0: 0x8000a726 (0x8c3f2f23) sw      gp, -1826(t5)
core   0: 3 0x8000a726 (0x8c3f2f23) mem 0x80010000 0x00000001
core   0: 0x8000a72a (0x0000bfe5) c.j     pc - 8
core   0: 3 0x8000a72a (0xbfe5)
core   0: 0x8000a722 (0x00006f17) auipc   t5, 0x6
core   0: 3 0x8000a722 (0x00006f17) x30 0x80010722
core   0: 0x8000a726 (0x8c3f2f23) sw      gp, -1826(t5)
core   0: 3 0x8000a726 (0x8c3f2f23) mem 0x80010000 0x00000001
core   0: 0x8000a72a (0x0000bfe5) c.j     pc - 8
core   0: 3 0x8000a72a (0xbfe5)
core   0: 0x8000a722 (0x00006f17) auipc   t5, 0x6
core   0: 3 0x8000a722 (0x00006f17) x30 0x80010722
core   0: 0x8000a726 (0x8c3f2f23) sw      gp, -1826(t5)
core   0: 3 0x8000a726 (0x8c3f2f23) mem 0x80010000 0x00000001
core   0: 0x8000a72a (0x0000bfe5) c.j     pc - 8
core   0: 3 0x8000a72a (0xbfe5)
core   0: 0x8000a722 (0x00006f17) auipc   t5, 0x6
core   0: 3 0x8000a722 (0x00006f17) x30 0x80010722
core   0: 0x8000a726 (0x8c3f2f23) sw      gp, -1826(t5)
core   0: 3 0x8000a726 (0x8c3f2f23) mem 0x80010000 0x00000001
core   0: 0x8000a72a (0x0000bfe5) c.j     pc - 8
core   0: 3 0x8000a72a (0xbfe5)
core   0: 0x8000a722 (0x00006f17) auipc   t5, 0x6
core   0: 3 0x8000a722 (0x00006f17) x30 0x80010722
core   0: 0x8000a726 (0x8c3f2f23) sw      gp, -1826(t5)
core   0: 3 0x8000a726 (0x8c3f2f23) mem 0x80010000 0x00000001
core   0: 0x8000a72a (0x0000bfe5) c.j     pc - 8
core   0: 3 0x8000a72a (0xbfe5)
core   0: 0x8000a722 (0x00006f17) auipc   t5, 0x6
core   0: 3 0x8000a722 (0x00006f17) x30 0x80010722
core   0: 0x8000a726 (0x8c3f2f23) sw      gp, -1826(t5)
core   0: 3 0x8000a726 (0x8c3f2f23) mem 0x80010000 0x00000001
core   0: 0x8000a72a (0x0000bfe5) c.j     pc - 8
core   0: 3 0x8000a72a (0xbfe5)
core   0: 0x8000a722 (0x00006f17) auipc   t5, 0x6
core   0: 3 0x8000a722 (0x00006f17) x30 0x80010722
core   0: 0x8000a726 (0x8c3f2f23) sw      gp, -1826(t5)
core   0: 3 0x8000a726 (0x8c3f2f23) mem 0x80010000 0x00000001
core   0: 0x8000a72a (0x0000bfe5) c.j     pc - 8
core   0: 3 0x8000a72a (0xbfe5)
core   0: 0x8000a722 (0x00006f17) auipc   t5, 0x6
core   0: 3 0x8000a722 (0x00006f17) x30 0x80010722
core   0: 0x8000a726 (0x8c3f2f23) sw      gp, -1826(t5)
core   0: 3 0x8000a726 (0x8c3f2f23) mem 0x80010000 0x00000001
core   0: 0x8000a72a (0x0000bfe5) c.j     pc - 8
core   0: 3 0x8000a72a (0xbfe5)
core   0: 0x8000a722 (0x00006f17) auipc   t5, 0x6
core   0: 3 0x8000a722 (0x00006f17) x30 0x80010722
core   0: 0x8000a726 (0x8c3f2f23) sw      gp, -1826(t5)
core   0: 3 0x8000a726 (0x8c3f2f23) mem 0x80010000 0x00000001
core   0: 0x8000a72a (0x0000bfe5) c.j     pc - 8
core   0: 3 0x8000a72a (0xbfe5)
core   0: 0x8000a722 (0x00006f17) auipc   t5, 0x6
core   0: 3 0x8000a722 (0x00006f17) x30 0x80010722
core   0: 0x8000a726 (0x8c3f2f23) sw      gp, -1826(t5)
core   0: 3 0x8000a726 (0x8c3f2f23) mem 0x80010000 0x00000001
core   0: 0x8000a72a (0x0000bfe5) c.j     pc - 8
core   0: 3 0x8000a72a (0xbfe5)
core   0: 0x8000a722 (0x00006f17) auipc   t5, 0x6
core   0: 3 0x8000a722 (0x00006f17) x30 0x80010722
core   0: 0x8000a726 (0x8c3f2f23) sw      gp, -1826(t5)
core   0: 3 0x8000a726 (0x8c3f2f23) mem 0x80010000 0x00000001
core   0: 0x8000a72a (0x0000bfe5) c.j     pc - 8
core   0: 3 0x8000a72a (0xbfe5)
core   0: 0x8000a722 (0x00006f17) auipc   t5, 0x6
core   0: 3 0x8000a722 (0x00006f17) x30 0x80010722
core   0: 0x8000a726 (0x8c3f2f23) sw      gp, -1826(t5)
core   0: 3 0x8000a726 (0x8c3f2f23) mem 0x80010000 0x00000001
core   0: 0x8000a72a (0x0000bfe5) c.j     pc - 8
core   0: 3 0x8000a72a (0xbfe5)
core   0: 0x8000a722 (0x00006f17) auipc   t5, 0x6
core   0: 3 0x8000a722 (0x00006f17) x30 0x80010722
core   0: 0x8000a726 (0x8c3f2f23) sw      gp, -1826(t5)
core   0: 3 0x8000a726 (0x8c3f2f23) mem 0x80010000 0x00000001
core   0: 0x8000a72a (0x0000bfe5) c.j     pc - 8
core   0: 3 0x8000a72a (0xbfe5)
core   0: 0x8000a722 (0x00006f17) auipc   t5, 0x6
core   0: 3 0x8000a722 (0x00006f17) x30 0x80010722
core   0: 0x8000a726 (0x8c3f2f23) sw      gp, -1826(t5)
core   0: 3 0x8000a726 (0x8c3f2f23) mem 0x80010000 0x00000001
core   0: 0x8000a72a (0x0000bfe5) c.j     pc - 8
core   0: 3 0x8000a72a (0xbfe5)
core   0: 0x8000a722 (0x00006f17) auipc   t5, 0x6
core   0: 3 0x8000a722 (0x00006f17) x30 0x80010722
core   0: 0x8000a726 (0x8c3f2f23) sw      gp, -1826(t5)
core   0: 3 0x8000a726 (0x8c3f2f23) mem 0x80010000 0x00000001
core   0: 0x8000a72a (0x0000bfe5) c.j     pc - 8
core   0: 3 0x8000a72a (0xbfe5)
core   0: 0x8000a722 (0x00006f17) auipc   t5, 0x6
core   0: 3 0x8000a722 (0x00006f17) x30 0x80010722
core   0: 0x8000a726 (0x8c3f2f23) sw      gp, -1826(t5)
core   0: 3 0x8000a726 (0x8c3f2f23) mem 0x80010000 0x00000001
core   0: 0x8000a72a (0x0000bfe5) c.j     pc - 8
core   0: 3 0x8000a72a (0xbfe5)
core   0: 0x8000a722 (0x00006f17) auipc   t5, 0x6
core   0: 3 0x8000a722 (0x00006f17) x30 0x80010722
core   0: 0x8000a726 (0x8c3f2f23) sw      gp, -1826(t5)
core   0: 3 0x8000a726 (0x8c3f2f23) mem 0x80010000 0x00000001
core   0: 0x8000a72a (0x0000bfe5) c.j     pc - 8
core   0: 3 0x8000a72a (0xbfe5)
core   0: 0x8000a722 (0x00006f17) auipc   t5, 0x6
core   0: 3 0x8000a722 (0x00006f17) x30 0x80010722
core   0: 0x8000a726 (0x8c3f2f23) sw      gp, -1826(t5)
core   0: 3 0x8000a726 (0x8c3f2f23) mem 0x80010000 0x00000001
core   0: 0x8000a72a (0x0000bfe5) c.j     pc - 8
core   0: 3 0x8000a72a (0xbfe5)
core   0: 0x8000a722 (0x00006f17) auipc   t5, 0x6
core   0: 3 0x8000a722 (0x00006f17) x30 0x80010722
core   0: 0x8000a726 (0x8c3f2f23) sw      gp, -1826(t5)
core   0: 3 0x8000a726 (0x8c3f2f23) mem 0x80010000 0x00000001
core   0: 0x8000a72a (0x0000bfe5) c.j     pc - 8
core   0: 3 0x8000a72a (0xbfe5)
core   0: 0x8000a722 (0x00006f17) auipc   t5, 0x6
core   0: 3 0x8000a722 (0x00006f17) x30 0x80010722
core   0: 0x8000a726 (0x8c3f2f23) sw      gp, -1826(t5)
core   0: 3 0x8000a726 (0x8c3f2f23) mem 0x80010000 0x00000001
core   0: 0x8000a72a (0x0000bfe5) c.j     pc - 8
core   0: 3 0x8000a72a (0xbfe5)
core   0: 0x8000a722 (0x00006f17) auipc   t5, 0x6
core   0: 3 0x8000a722 (0x00006f17) x30 0x80010722
core   0: 0x8000a726 (0x8c3f2f23) sw      gp, -1826(t5)
core   0: 3 0x8000a726 (0x8c3f2f23) mem 0x80010000 0x00000001
core   0: 0x8000a72a (0x0000bfe5) c.j     pc - 8
core   0: 3 0x8000a72a (0xbfe5)
core   0: 0x8000a722 (0x00006f17) auipc   t5, 0x6
core   0: 3 0x8000a722 (0x00006f17) x30 0x80010722
core   0: 0x8000a726 (0x8c3f2f23) sw      gp, -1826(t5)
core   0: 3 0x8000a726 (0x8c3f2f23) mem 0x80010000 0x00000001
core   0: 0x8000a72a (0x0000bfe5) c.j     pc - 8
core   0: 3 0x8000a72a (0xbfe5)
core   0: 0x8000a722 (0x00006f17) auipc   t5, 0x6
core   0: 3 0x8000a722 (0x00006f17) x30 0x80010722
core   0: 0x8000a726 (0x8c3f2f23) sw      gp, -1826(t5)
core   0: 3 0x8000a726 (0x8c3f2f23) mem 0x80010000 0x00000001
core   0: 0x8000a72a (0x0000bfe5) c.j     pc - 8
core   0: 3 0x8000a72a (0xbfe5)
core   0: 0x8000a722 (0x00006f17) auipc   t5, 0x6
core   0: 3 0x8000a722 (0x00006f17) x30 0x80010722
core   0: 0x8000a726 (0x8c3f2f23) sw      gp, -1826(t5)
core   0: 3 0x8000a726 (0x8c3f2f23) mem 0x80010000 0x00000001
core   0: 0x8000a72a (0x0000bfe5) c.j     pc - 8
core   0: 3 0x8000a72a (0xbfe5)
core   0: 0x8000a722 (0x00006f17) auipc   t5, 0x6
core   0: 3 0x8000a722 (0x00006f17) x30 0x80010722
core   0: 0x8000a726 (0x8c3f2f23) sw      gp, -1826(t5)
core   0: 3 0x8000a726 (0x8c3f2f23) mem 0x80010000 0x00000001
core   0: 0x8000a72a (0x0000bfe5) c.j     pc - 8
core   0: 3 0x8000a72a (0xbfe5)
core   0: 0x8000a722 (0x00006f17) auipc   t5, 0x6
core   0: 3 0x8000a722 (0x00006f17) x30 0x80010722
core   0: 0x8000a726 (0x8c3f2f23) sw      gp, -1826(t5)
core   0: 3 0x8000a726 (0x8c3f2f23) mem 0x80010000 0x00000001
core   0: 0x8000a72a (0x0000bfe5) c.j     pc - 8
core   0: 3 0x8000a72a (0xbfe5)
core   0: 0x8000a722 (0x00006f17) auipc   t5, 0x6
core   0: 3 0x8000a722 (0x00006f17) x30 0x80010722
core   0: 0x8000a726 (0x8c3f2f23) sw      gp, -1826(t5)
core   0: 3 0x8000a726 (0x8c3f2f23) mem 0x80010000 0x00000001
core   0: 0x8000a72a (0x0000bfe5) c.j     pc - 8
core   0: 3 0x8000a72a (0xbfe5)
core   0: 0x8000a722 (0x00006f17) auipc   t5, 0x6
core   0: 3 0x8000a722 (0x00006f17) x30 0x80010722
core   0: 0x8000a726 (0x8c3f2f23) sw      gp, -1826(t5)
core   0: 3 0x8000a726 (0x8c3f2f23) mem 0x80010000 0x00000001
core   0: 0x8000a72a (0x0000bfe5) c.j     pc - 8
core   0: 3 0x8000a72a (0xbfe5)
core   0: 0x8000a722 (0x00006f17) auipc   t5, 0x6
core   0: 3 0x8000a722 (0x00006f17) x30 0x80010722
core   0: 0x8000a726 (0x8c3f2f23) sw      gp, -1826(t5)
core   0: 3 0x8000a726 (0x8c3f2f23) mem 0x80010000 0x00000001
core   0: 0x8000a72a (0x0000bfe5) c.j     pc - 8
core   0: 3 0x8000a72a (0xbfe5)
core   0: 0x8000a722 (0x00006f17) auipc   t5, 0x6
core   0: 3 0x8000a722 (0x00006f17) x30 0x80010722
core   0: 0x8000a726 (0x8c3f2f23) sw      gp, -1826(t5)
core   0: 3 0x8000a726 (0x8c3f2f23) mem 0x80010000 0x00000001
core   0: 0x8000a72a (0x0000bfe5) c.j     pc - 8
core   0: 3 0x8000a72a (0xbfe5)
core   0: 0x8000a722 (0x00006f17) auipc   t5, 0x6
core   0: 3 0x8000a722 (0x00006f17) x30 0x80010722
core   0: 0x8000a726 (0x8c3f2f23) sw      gp, -1826(t5)
core   0: 3 0x8000a726 (0x8c3f2f23) mem 0x80010000 0x00000001
core   0: 0x8000a72a (0x0000bfe5) c.j     pc - 8
core   0: 3 0x8000a72a (0xbfe5)
core   0: 0x8000a722 (0x00006f17) auipc   t5, 0x6
core   0: 3 0x8000a722 (0x00006f17) x30 0x80010722
core   0: 0x8000a726 (0x8c3f2f23) sw      gp, -1826(t5)
core   0: 3 0x8000a726 (0x8c3f2f23) mem 0x80010000 0x00000001
core   0: 0x8000a72a (0x0000bfe5) c.j     pc - 8
core   0: 3 0x8000a72a (0xbfe5)
core   0: 0x8000a722 (0x00006f17) auipc   t5, 0x6
core   0: 3 0x8000a722 (0x00006f17) x30 0x80010722
core   0: 0x8000a726 (0x8c3f2f23) sw      gp, -1826(t5)
core   0: 3 0x8000a726 (0x8c3f2f23) mem 0x80010000 0x00000001
core   0: 0x8000a72a (0x0000bfe5) c.j     pc - 8
core   0: 3 0x8000a72a (0xbfe5)
core   0: 0x8000a722 (0x00006f17) auipc   t5, 0x6
core   0: 3 0x8000a722 (0x00006f17) x30 0x80010722
core   0: 0x8000a726 (0x8c3f2f23) sw      gp, -1826(t5)
core   0: 3 0x8000a726 (0x8c3f2f23) mem 0x80010000 0x00000001
core   0: 0x8000a72a (0x0000bfe5) c.j     pc - 8
core   0: 3 0x8000a72a (0xbfe5)
core   0: 0x8000a722 (0x00006f17) auipc   t5, 0x6
core   0: 3 0x8000a722 (0x00006f17) x30 0x80010722
core   0: 0x8000a726 (0x8c3f2f23) sw      gp, -1826(t5)
core   0: 3 0x8000a726 (0x8c3f2f23) mem 0x80010000 0x00000001
core   0: 0x8000a72a (0x0000bfe5) c.j     pc - 8
core   0: 3 0x8000a72a (0xbfe5)
core   0: 0x8000a722 (0x00006f17) auipc   t5, 0x6
core   0: 3 0x8000a722 (0x00006f17) x30 0x80010722
core   0: 0x8000a726 (0x8c3f2f23) sw      gp, -1826(t5)
core   0: 3 0x8000a726 (0x8c3f2f23) mem 0x80010000 0x00000001
core   0: 0x8000a72a (0x0000bfe5) c.j     pc - 8
core   0: 3 0x8000a72a (0xbfe5)
core   0: 0x8000a722 (0x00006f17) auipc   t5, 0x6
core   0: 3 0x8000a722 (0x00006f17) x30 0x80010722
core   0: 0x8000a726 (0x8c3f2f23) sw      gp, -1826(t5)
core   0: 3 0x8000a726 (0x8c3f2f23) mem 0x80010000 0x00000001
core   0: 0x8000a72a (0x0000bfe5) c.j     pc - 8
core   0: 3 0x8000a72a (0xbfe5)
core   0: 0x8000a722 (0x00006f17) auipc   t5, 0x6
core   0: 3 0x8000a722 (0x00006f17) x30 0x80010722
core   0: 0x8000a726 (0x8c3f2f23) sw      gp, -1826(t5)
core   0: 3 0x8000a726 (0x8c3f2f23) mem 0x80010000 0x00000001
core   0: 0x8000a72a (0x0000bfe5) c.j     pc - 8
core   0: 3 0x8000a72a (0xbfe5)
core   0: 0x8000a722 (0x00006f17) auipc   t5, 0x6
core   0: 3 0x8000a722 (0x00006f17) x30 0x80010722
core   0: 0x8000a726 (0x8c3f2f23) sw      gp, -1826(t5)
core   0: 3 0x8000a726 (0x8c3f2f23) mem 0x80010000 0x00000001
core   0: 0x8000a72a (0x0000bfe5) c.j     pc - 8
core   0: 3 0x8000a72a (0xbfe5)
core   0: 0x8000a722 (0x00006f17) auipc   t5, 0x6
core   0: 3 0x8000a722 (0x00006f17) x30 0x80010722
core   0: 0x8000a726 (0x8c3f2f23) sw      gp, -1826(t5)
core   0: 3 0x8000a726 (0x8c3f2f23) mem 0x80010000 0x00000001
core   0: 0x8000a72a (0x0000bfe5) c.j     pc - 8
core   0: 3 0x8000a72a (0xbfe5)
core   0: 0x8000a722 (0x00006f17) auipc   t5, 0x6
core   0: 3 0x8000a722 (0x00006f17) x30 0x80010722
core   0: 0x8000a726 (0x8c3f2f23) sw      gp, -1826(t5)
core   0: 3 0x8000a726 (0x8c3f2f23) mem 0x80010000 0x00000001
core   0: 0x8000a72a (0x0000bfe5) c.j     pc - 8
core   0: 3 0x8000a72a (0xbfe5)
core   0: 0x8000a722 (0x00006f17) auipc   t5, 0x6
core   0: 3 0x8000a722 (0x00006f17) x30 0x80010722
core   0: 0x8000a726 (0x8c3f2f23) sw      gp, -1826(t5)
core   0: 3 0x8000a726 (0x8c3f2f23) mem 0x80010000 0x00000001
core   0: 0x8000a72a (0x0000bfe5) c.j     pc - 8
core   0: 3 0x8000a72a (0xbfe5)
core   0: 0x8000a722 (0x00006f17) auipc   t5, 0x6
core   0: 3 0x8000a722 (0x00006f17) x30 0x80010722
core   0: 0x8000a726 (0x8c3f2f23) sw      gp, -1826(t5)
core   0: 3 0x8000a726 (0x8c3f2f23) mem 0x80010000 0x00000001
core   0: 0x8000a72a (0x0000bfe5) c.j     pc - 8
core   0: 3 0x8000a72a (0xbfe5)
core   0: 0x8000a722 (0x00006f17) auipc   t5, 0x6
core   0: 3 0x8000a722 (0x00006f17) x30 0x80010722
core   0: 0x8000a726 (0x8c3f2f23) sw      gp, -1826(t5)
core   0: 3 0x8000a726 (0x8c3f2f23) mem 0x80010000 0x00000001
core   0: 0x8000a72a (0x0000bfe5) c.j     pc - 8
core   0: 3 0x8000a72a (0xbfe5)
core   0: 0x8000a722 (0x00006f17) auipc   t5, 0x6
core   0: 3 0x8000a722 (0x00006f17) x30 0x80010722
core   0: 0x8000a726 (0x8c3f2f23) sw      gp, -1826(t5)
core   0: 3 0x8000a726 (0x8c3f2f23) mem 0x80010000 0x00000001
core   0: 0x8000a72a (0x0000bfe5) c.j     pc - 8
core   0: 3 0x8000a72a (0xbfe5)
core   0: 0x8000a722 (0x00006f17) auipc   t5, 0x6
core   0: 3 0x8000a722 (0x00006f17) x30 0x80010722
core   0: 0x8000a726 (0x8c3f2f23) sw      gp, -1826(t5)
core   0: 3 0x8000a726 (0x8c3f2f23) mem 0x80010000 0x00000001
core   0: 0x8000a72a (0x0000bfe5) c.j     pc - 8
core   0: 3 0x8000a72a (0xbfe5)
core   0: 0x8000a722 (0x00006f17) auipc   t5, 0x6
core   0: 3 0x8000a722 (0x00006f17) x30 0x80010722
core   0: 0x8000a726 (0x8c3f2f23) sw      gp, -1826(t5)
core   0: 3 0x8000a726 (0x8c3f2f23) mem 0x80010000 0x00000001
core   0: 0x8000a72a (0x0000bfe5) c.j     pc - 8
core   0: 3 0x8000a72a (0xbfe5)
core   0: 0x8000a722 (0x00006f17) auipc   t5, 0x6
core   0: 3 0x8000a722 (0x00006f17) x30 0x80010722
core   0: 0x8000a726 (0x8c3f2f23) sw      gp, -1826(t5)
core   0: 3 0x8000a726 (0x8c3f2f23) mem 0x80010000 0x00000001
core   0: 0x8000a72a (0x0000bfe5) c.j     pc - 8
core   0: 3 0x8000a72a (0xbfe5)
core   0: 0x8000a722 (0x00006f17) auipc   t5, 0x6
core   0: 3 0x8000a722 (0x00006f17) x30 0x80010722
core   0: 0x8000a726 (0x8c3f2f23) sw      gp, -1826(t5)
core   0: 3 0x8000a726 (0x8c3f2f23) mem 0x80010000 0x00000001
core   0: 0x8000a72a (0x0000bfe5) c.j     pc - 8
core   0: 3 0x8000a72a (0xbfe5)
core   0: 0x8000a722 (0x00006f17) auipc   t5, 0x6
core   0: 3 0x8000a722 (0x00006f17) x30 0x80010722
core   0: 0x8000a726 (0x8c3f2f23) sw      gp, -1826(t5)
core   0: 3 0x8000a726 (0x8c3f2f23) mem 0x80010000 0x00000001
core   0: 0x8000a72a (0x0000bfe5) c.j     pc - 8
core   0: 3 0x8000a72a (0xbfe5)
core   0: 0x8000a722 (0x00006f17) auipc   t5, 0x6
core   0: 3 0x8000a722 (0x00006f17) x30 0x80010722
core   0: 0x8000a726 (0x8c3f2f23) sw      gp, -1826(t5)
core   0: 3 0x8000a726 (0x8c3f2f23) mem 0x80010000 0x00000001
core   0: 0x8000a72a (0x0000bfe5) c.j     pc - 8
core   0: 3 0x8000a72a (0xbfe5)
core   0: 0x8000a722 (0x00006f17) auipc   t5, 0x6
core   0: 3 0x8000a722 (0x00006f17) x30 0x80010722
core   0: 0x8000a726 (0x8c3f2f23) sw      gp, -1826(t5)
core   0: 3 0x8000a726 (0x8c3f2f23) mem 0x80010000 0x00000001
core   0: 0x8000a72a (0x0000bfe5) c.j     pc - 8
core   0: 3 0x8000a72a (0xbfe5)
core   0: 0x8000a722 (0x00006f17) auipc   t5, 0x6
core   0: 3 0x8000a722 (0x00006f17) x30 0x80010722
core   0: 0x8000a726 (0x8c3f2f23) sw      gp, -1826(t5)
core   0: 3 0x8000a726 (0x8c3f2f23) mem 0x80010000 0x00000001
core   0: 0x8000a72a (0x0000bfe5) c.j     pc - 8
core   0: 3 0x8000a72a (0xbfe5)
core   0: 0x8000a722 (0x00006f17) auipc   t5, 0x6
core   0: 3 0x8000a722 (0x00006f17) x30 0x80010722
core   0: 0x8000a726 (0x8c3f2f23) sw      gp, -1826(t5)
core   0: 3 0x8000a726 (0x8c3f2f23) mem 0x80010000 0x00000001
core   0: 0x8000a72a (0x0000bfe5) c.j     pc - 8
core   0: 3 0x8000a72a (0xbfe5)
core   0: 0x8000a722 (0x00006f17) auipc   t5, 0x6
core   0: 3 0x8000a722 (0x00006f17) x30 0x80010722
core   0: 0x8000a726 (0x8c3f2f23) sw      gp, -1826(t5)
core   0: 3 0x8000a726 (0x8c3f2f23) mem 0x80010000 0x00000001
core   0: 0x8000a72a (0x0000bfe5) c.j     pc - 8
core   0: 3 0x8000a72a (0xbfe5)
core   0: 0x8000a722 (0x00006f17) auipc   t5, 0x6
core   0: 3 0x8000a722 (0x00006f17) x30 0x80010722
core   0: 0x8000a726 (0x8c3f2f23) sw      gp, -1826(t5)
core   0: 3 0x8000a726 (0x8c3f2f23) mem 0x80010000 0x00000001
core   0: 0x8000a72a (0x0000bfe5) c.j     pc - 8
core   0: 3 0x8000a72a (0xbfe5)
core   0: 0x8000a722 (0x00006f17) auipc   t5, 0x6
core   0: 3 0x8000a722 (0x00006f17) x30 0x80010722
core   0: 0x8000a726 (0x8c3f2f23) sw      gp, -1826(t5)
core   0: 3 0x8000a726 (0x8c3f2f23) mem 0x80010000 0x00000001
core   0: 0x8000a72a (0x0000bfe5) c.j     pc - 8
core   0: 3 0x8000a72a (0xbfe5)
core   0: 0x8000a722 (0x00006f17) auipc   t5, 0x6
core   0: 3 0x8000a722 (0x00006f17) x30 0x80010722
core   0: 0x8000a726 (0x8c3f2f23) sw      gp, -1826(t5)
core   0: 3 0x8000a726 (0x8c3f2f23) mem 0x80010000 0x00000001
core   0: 0x8000a72a (0x0000bfe5) c.j     pc - 8
core   0: 3 0x8000a72a (0xbfe5)
core   0: 0x8000a722 (0x00006f17) auipc   t5, 0x6
core   0: 3 0x8000a722 (0x00006f17) x30 0x80010722
core   0: 0x8000a726 (0x8c3f2f23) sw      gp, -1826(t5)
core   0: 3 0x8000a726 (0x8c3f2f23) mem 0x80010000 0x00000001
core   0: 0x8000a72a (0x0000bfe5) c.j     pc - 8
core   0: 3 0x8000a72a (0xbfe5)
core   0: 0x8000a722 (0x00006f17) auipc   t5, 0x6
core   0: 3 0x8000a722 (0x00006f17) x30 0x80010722
core   0: 0x8000a726 (0x8c3f2f23) sw      gp, -1826(t5)
core   0: 3 0x8000a726 (0x8c3f2f23) mem 0x80010000 0x00000001
core   0: 0x8000a72a (0x0000bfe5) c.j     pc - 8
core   0: 3 0x8000a72a (0xbfe5)
core   0: 0x8000a722 (0x00006f17) auipc   t5, 0x6
core   0: 3 0x8000a722 (0x00006f17) x30 0x80010722
core   0: 0x8000a726 (0x8c3f2f23) sw      gp, -1826(t5)
core   0: 3 0x8000a726 (0x8c3f2f23) mem 0x80010000 0x00000001
core   0: 0x8000a72a (0x0000bfe5) c.j     pc - 8
core   0: 3 0x8000a72a (0xbfe5)
core   0: 0x8000a722 (0x00006f17) auipc   t5, 0x6
core   0: 3 0x8000a722 (0x00006f17) x30 0x80010722
core   0: 0x8000a726 (0x8c3f2f23) sw      gp, -1826(t5)
core   0: 3 0x8000a726 (0x8c3f2f23) mem 0x80010000 0x00000001
core   0: 0x8000a72a (0x0000bfe5) c.j     pc - 8
core   0: 3 0x8000a72a (0xbfe5)
core   0: 0x8000a722 (0x00006f17) auipc   t5, 0x6
core   0: 3 0x8000a722 (0x00006f17) x30 0x80010722
core   0: 0x8000a726 (0x8c3f2f23) sw      gp, -1826(t5)
core   0: 3 0x8000a726 (0x8c3f2f23) mem 0x80010000 0x00000001
core   0: 0x8000a72a (0x0000bfe5) c.j     pc - 8
core   0: 3 0x8000a72a (0xbfe5)
core   0: 0x8000a722 (0x00006f17) auipc   t5, 0x6
core   0: 3 0x8000a722 (0x00006f17) x30 0x80010722
core   0: 0x8000a726 (0x8c3f2f23) sw      gp, -1826(t5)
core   0: 3 0x8000a726 (0x8c3f2f23) mem 0x80010000 0x00000001
core   0: 0x8000a72a (0x0000bfe5) c.j     pc - 8
core   0: 3 0x8000a72a (0xbfe5)
core   0: 0x8000a722 (0x00006f17) auipc   t5, 0x6
core   0: 3 0x8000a722 (0x00006f17) x30 0x80010722
core   0: 0x8000a726 (0x8c3f2f23) sw      gp, -1826(t5)
core   0: 3 0x8000a726 (0x8c3f2f23) mem 0x80010000 0x00000001
core   0: 0x8000a72a (0x0000bfe5) c.j     pc - 8
core   0: 3 0x8000a72a (0xbfe5)
core   0: 0x8000a722 (0x00006f17) auipc   t5, 0x6
core   0: 3 0x8000a722 (0x00006f17) x30 0x80010722
core   0: 0x8000a726 (0x8c3f2f23) sw      gp, -1826(t5)
core   0: 3 0x8000a726 (0x8c3f2f23) mem 0x80010000 0x00000001
core   0: 0x8000a72a (0x0000bfe5) c.j     pc - 8
core   0: 3 0x8000a72a (0xbfe5)
core   0: 0x8000a722 (0x00006f17) auipc   t5, 0x6
core   0: 3 0x8000a722 (0x00006f17) x30 0x80010722
core   0: 0x8000a726 (0x8c3f2f23) sw      gp, -1826(t5)
core   0: 3 0x8000a726 (0x8c3f2f23) mem 0x80010000 0x00000001
core   0: 0x8000a72a (0x0000bfe5) c.j     pc - 8
core   0: 3 0x8000a72a (0xbfe5)
core   0: 0x8000a722 (0x00006f17) auipc   t5, 0x6
core   0: 3 0x8000a722 (0x00006f17) x30 0x80010722
core   0: 0x8000a726 (0x8c3f2f23) sw      gp, -1826(t5)
core   0: 3 0x8000a726 (0x8c3f2f23) mem 0x80010000 0x00000001
core   0: 0x8000a72a (0x0000bfe5) c.j     pc - 8
core   0: 3 0x8000a72a (0xbfe5)
core   0: 0x8000a722 (0x00006f17) auipc   t5, 0x6
core   0: 3 0x8000a722 (0x00006f17) x30 0x80010722
core   0: 0x8000a726 (0x8c3f2f23) sw      gp, -1826(t5)
core   0: 3 0x8000a726 (0x8c3f2f23) mem 0x80010000 0x00000001
core   0: 0x8000a72a (0x0000bfe5) c.j     pc - 8
core   0: 3 0x8000a72a (0xbfe5)
core   0: 0x8000a722 (0x00006f17) auipc   t5, 0x6
core   0: 3 0x8000a722 (0x00006f17) x30 0x80010722
core   0: 0x8000a726 (0x8c3f2f23) sw      gp, -1826(t5)
core   0: 3 0x8000a726 (0x8c3f2f23) mem 0x80010000 0x00000001
core   0: 0x8000a72a (0x0000bfe5) c.j     pc - 8
core   0: 3 0x8000a72a (0xbfe5)
core   0: 0x8000a722 (0x00006f17) auipc   t5, 0x6
core   0: 3 0x8000a722 (0x00006f17) x30 0x80010722
core   0: 0x8000a726 (0x8c3f2f23) sw      gp, -1826(t5)
core   0: 3 0x8000a726 (0x8c3f2f23) mem 0x80010000 0x00000001
core   0: 0x8000a72a (0x0000bfe5) c.j     pc - 8
core   0: 3 0x8000a72a (0xbfe5)
core   0: 0x8000a722 (0x00006f17) auipc   t5, 0x6
core   0: 3 0x8000a722 (0x00006f17) x30 0x80010722
core   0: 0x8000a726 (0x8c3f2f23) sw      gp, -1826(t5)
core   0: 3 0x8000a726 (0x8c3f2f23) mem 0x80010000 0x00000001
core   0: 0x8000a72a (0x0000bfe5) c.j     pc - 8
core   0: 3 0x8000a72a (0xbfe5)
core   0: 0x8000a722 (0x00006f17) auipc   t5, 0x6
core   0: 3 0x8000a722 (0x00006f17) x30 0x80010722
core   0: 0x8000a726 (0x8c3f2f23) sw      gp, -1826(t5)
core   0: 3 0x8000a726 (0x8c3f2f23) mem 0x80010000 0x00000001
core   0: 0x8000a72a (0x0000bfe5) c.j     pc - 8
core   0: 3 0x8000a72a (0xbfe5)
core   0: 0x8000a722 (0x00006f17) auipc   t5, 0x6
core   0: 3 0x8000a722 (0x00006f17) x30 0x80010722
core   0: 0x8000a726 (0x8c3f2f23) sw      gp, -1826(t5)
core   0: 3 0x8000a726 (0x8c3f2f23) mem 0x80010000 0x00000001
core   0: 0x8000a72a (0x0000bfe5) c.j     pc - 8
core   0: 3 0x8000a72a (0xbfe5)
core   0: 0x8000a722 (0x00006f17) auipc   t5, 0x6
core   0: 3 0x8000a722 (0x00006f17) x30 0x80010722
core   0: 0x8000a726 (0x8c3f2f23) sw      gp, -1826(t5)
core   0: 3 0x8000a726 (0x8c3f2f23) mem 0x80010000 0x00000001
core   0: 0x8000a72a (0x0000bfe5) c.j     pc - 8
core   0: 3 0x8000a72a (0xbfe5)
core   0: 0x8000a722 (0x00006f17) auipc   t5, 0x6
core   0: 3 0x8000a722 (0x00006f17) x30 0x80010722
core   0: 0x8000a726 (0x8c3f2f23) sw      gp, -1826(t5)
core   0: 3 0x8000a726 (0x8c3f2f23) mem 0x80010000 0x00000001
core   0: 0x8000a72a (0x0000bfe5) c.j     pc - 8
core   0: 3 0x8000a72a (0xbfe5)
core   0: 0x8000a722 (0x00006f17) auipc   t5, 0x6
core   0: 3 0x8000a722 (0x00006f17) x30 0x80010722
core   0: 0x8000a726 (0x8c3f2f23) sw      gp, -1826(t5)
core   0: 3 0x8000a726 (0x8c3f2f23) mem 0x80010000 0x00000001
core   0: 0x8000a72a (0x0000bfe5) c.j     pc - 8
core   0: 3 0x8000a72a (0xbfe5)
core   0: 0x8000a722 (0x00006f17) auipc   t5, 0x6
core   0: 3 0x8000a722 (0x00006f17) x30 0x80010722
core   0: 0x8000a726 (0x8c3f2f23) sw      gp, -1826(t5)
core   0: 3 0x8000a726 (0x8c3f2f23) mem 0x80010000 0x00000001
core   0: 0x8000a72a (0x0000bfe5) c.j     pc - 8
core   0: 3 0x8000a72a (0xbfe5)
core   0: 0x8000a722 (0x00006f17) auipc   t5, 0x6
core   0: 3 0x8000a722 (0x00006f17) x30 0x80010722
core   0: 0x8000a726 (0x8c3f2f23) sw      gp, -1826(t5)
core   0: 3 0x8000a726 (0x8c3f2f23) mem 0x80010000 0x00000001
core   0: 0x8000a72a (0x0000bfe5) c.j     pc - 8
core   0: 3 0x8000a72a (0xbfe5)
core   0: 0x8000a722 (0x00006f17) auipc   t5, 0x6
core   0: 3 0x8000a722 (0x00006f17) x30 0x80010722
core   0: 0x8000a726 (0x8c3f2f23) sw      gp, -1826(t5)
core   0: 3 0x8000a726 (0x8c3f2f23) mem 0x80010000 0x00000001
core   0: 0x8000a72a (0x0000bfe5) c.j     pc - 8
core   0: 3 0x8000a72a (0xbfe5)
core   0: 0x8000a722 (0x00006f17) auipc   t5, 0x6
core   0: 3 0x8000a722 (0x00006f17) x30 0x80010722
core   0: 0x8000a726 (0x8c3f2f23) sw      gp, -1826(t5)
core   0: 3 0x8000a726 (0x8c3f2f23) mem 0x80010000 0x00000001
core   0: 0x8000a72a (0x0000bfe5) c.j     pc - 8
core   0: 3 0x8000a72a (0xbfe5)
core   0: 0x8000a722 (0x00006f17) auipc   t5, 0x6
core   0: 3 0x8000a722 (0x00006f17) x30 0x80010722
core   0: 0x8000a726 (0x8c3f2f23) sw      gp, -1826(t5)
core   0: 3 0x8000a726 (0x8c3f2f23) mem 0x80010000 0x00000001
core   0: 0x8000a72a (0x0000bfe5) c.j     pc - 8
core   0: 3 0x8000a72a (0xbfe5)
core   0: 0x8000a722 (0x00006f17) auipc   t5, 0x6
core   0: 3 0x8000a722 (0x00006f17) x30 0x80010722
core   0: 0x8000a726 (0x8c3f2f23) sw      gp, -1826(t5)
core   0: 3 0x8000a726 (0x8c3f2f23) mem 0x80010000 0x00000001
core   0: 0x8000a72a (0x0000bfe5) c.j     pc - 8
core   0: 3 0x8000a72a (0xbfe5)
core   0: 0x8000a722 (0x00006f17) auipc   t5, 0x6
core   0: 3 0x8000a722 (0x00006f17) x30 0x80010722
core   0: 0x8000a726 (0x8c3f2f23) sw      gp, -1826(t5)
core   0: 3 0x8000a726 (0x8c3f2f23) mem 0x80010000 0x00000001
core   0: 0x8000a72a (0x0000bfe5) c.j     pc - 8
core   0: 3 0x8000a72a (0xbfe5)
core   0: 0x8000a722 (0x00006f17) auipc   t5, 0x6
core   0: 3 0x8000a722 (0x00006f17) x30 0x80010722
core   0: 0x8000a726 (0x8c3f2f23) sw      gp, -1826(t5)
core   0: 3 0x8000a726 (0x8c3f2f23) mem 0x80010000 0x00000001
core   0: 0x8000a72a (0x0000bfe5) c.j     pc - 8
core   0: 3 0x8000a72a (0xbfe5)
core   0: 0x8000a722 (0x00006f17) auipc   t5, 0x6
core   0: 3 0x8000a722 (0x00006f17) x30 0x80010722
core   0: 0x8000a726 (0x8c3f2f23) sw      gp, -1826(t5)
core   0: 3 0x8000a726 (0x8c3f2f23) mem 0x80010000 0x00000001
core   0: 0x8000a72a (0x0000bfe5) c.j     pc - 8
core   0: 3 0x8000a72a (0xbfe5)
core   0: 0x8000a722 (0x00006f17) auipc   t5, 0x6
core   0: 3 0x8000a722 (0x00006f17) x30 0x80010722
core   0: 0x8000a726 (0x8c3f2f23) sw      gp, -1826(t5)
core   0: 3 0x8000a726 (0x8c3f2f23) mem 0x80010000 0x00000001
core   0: 0x8000a72a (0x0000bfe5) c.j     pc - 8
core   0: 3 0x8000a72a (0xbfe5)
core   0: 0x8000a722 (0x00006f17) auipc   t5, 0x6
core   0: 3 0x8000a722 (0x00006f17) x30 0x80010722
core   0: 0x8000a726 (0x8c3f2f23) sw      gp, -1826(t5)
core   0: 3 0x8000a726 (0x8c3f2f23) mem 0x80010000 0x00000001
core   0: 0x8000a72a (0x0000bfe5) c.j     pc - 8
core   0: 3 0x8000a72a (0xbfe5)
core   0: 0x8000a722 (0x00006f17) auipc   t5, 0x6
core   0: 3 0x8000a722 (0x00006f17) x30 0x80010722
core   0: 0x8000a726 (0x8c3f2f23) sw      gp, -1826(t5)
core   0: 3 0x8000a726 (0x8c3f2f23) mem 0x80010000 0x00000001
core   0: 0x8000a72a (0x0000bfe5) c.j     pc - 8
core   0: 3 0x8000a72a (0xbfe5)
core   0: 0x8000a722 (0x00006f17) auipc   t5, 0x6
core   0: 3 0x8000a722 (0x00006f17) x30 0x80010722
core   0: 0x8000a726 (0x8c3f2f23) sw      gp, -1826(t5)
core   0: 3 0x8000a726 (0x8c3f2f23) mem 0x80010000 0x00000001
core   0: 0x8000a72a (0x0000bfe5) c.j     pc - 8
core   0: 3 0x8000a72a (0xbfe5)
core   0: 0x8000a722 (0x00006f17) auipc   t5, 0x6
core   0: 3 0x8000a722 (0x00006f17) x30 0x80010722
core   0: 0x8000a726 (0x8c3f2f23) sw      gp, -1826(t5)
core   0: 3 0x8000a726 (0x8c3f2f23) mem 0x80010000 0x00000001
core   0: 0x8000a72a (0x0000bfe5) c.j     pc - 8
core   0: 3 0x8000a72a (0xbfe5)
core   0: 0x8000a722 (0x00006f17) auipc   t5, 0x6
core   0: 3 0x8000a722 (0x00006f17) x30 0x80010722
core   0: 0x8000a726 (0x8c3f2f23) sw      gp, -1826(t5)
core   0: 3 0x8000a726 (0x8c3f2f23) mem 0x80010000 0x00000001
core   0: 0x8000a72a (0x0000bfe5) c.j     pc - 8
core   0: 3 0x8000a72a (0xbfe5)
core   0: 0x8000a722 (0x00006f17) auipc   t5, 0x6
core   0: 3 0x8000a722 (0x00006f17) x30 0x80010722
core   0: 0x8000a726 (0x8c3f2f23) sw      gp, -1826(t5)
core   0: 3 0x8000a726 (0x8c3f2f23) mem 0x80010000 0x00000001
core   0: 0x8000a72a (0x0000bfe5) c.j     pc - 8
core   0: 3 0x8000a72a (0xbfe5)
core   0: 0x8000a722 (0x00006f17) auipc   t5, 0x6
core   0: 3 0x8000a722 (0x00006f17) x30 0x80010722
core   0: 0x8000a726 (0x8c3f2f23) sw      gp, -1826(t5)
core   0: 3 0x8000a726 (0x8c3f2f23) mem 0x80010000 0x00000001
core   0: 0x8000a72a (0x0000bfe5) c.j     pc - 8
core   0: 3 0x8000a72a (0xbfe5)
core   0: 0x8000a722 (0x00006f17) auipc   t5, 0x6
core   0: 3 0x8000a722 (0x00006f17) x30 0x80010722
core   0: 0x8000a726 (0x8c3f2f23) sw      gp, -1826(t5)
core   0: 3 0x8000a726 (0x8c3f2f23) mem 0x80010000 0x00000001
core   0: 0x8000a72a (0x0000bfe5) c.j     pc - 8
core   0: 3 0x8000a72a (0xbfe5)
core   0: 0x8000a722 (0x00006f17) auipc   t5, 0x6
core   0: 3 0x8000a722 (0x00006f17) x30 0x80010722
core   0: 0x8000a726 (0x8c3f2f23) sw      gp, -1826(t5)
core   0: 3 0x8000a726 (0x8c3f2f23) mem 0x80010000 0x00000001
core   0: 0x8000a72a (0x0000bfe5) c.j     pc - 8
core   0: 3 0x8000a72a (0xbfe5)
core   0: 0x8000a722 (0x00006f17) auipc   t5, 0x6
core   0: 3 0x8000a722 (0x00006f17) x30 0x80010722
core   0: 0x8000a726 (0x8c3f2f23) sw      gp, -1826(t5)
core   0: 3 0x8000a726 (0x8c3f2f23) mem 0x80010000 0x00000001
core   0: 0x8000a72a (0x0000bfe5) c.j     pc - 8
core   0: 3 0x8000a72a (0xbfe5)
core   0: 0x8000a722 (0x00006f17) auipc   t5, 0x6
core   0: 3 0x8000a722 (0x00006f17) x30 0x80010722
core   0: 0x8000a726 (0x8c3f2f23) sw      gp, -1826(t5)
core   0: 3 0x8000a726 (0x8c3f2f23) mem 0x80010000 0x00000001
core   0: 0x8000a72a (0x0000bfe5) c.j     pc - 8
core   0: 3 0x8000a72a (0xbfe5)
core   0: 0x8000a722 (0x00006f17) auipc   t5, 0x6
core   0: 3 0x8000a722 (0x00006f17) x30 0x80010722
core   0: 0x8000a726 (0x8c3f2f23) sw      gp, -1826(t5)
core   0: 3 0x8000a726 (0x8c3f2f23) mem 0x80010000 0x00000001
core   0: 0x8000a72a (0x0000bfe5) c.j     pc - 8
core   0: 3 0x8000a72a (0xbfe5)
core   0: 0x8000a722 (0x00006f17) auipc   t5, 0x6
core   0: 3 0x8000a722 (0x00006f17) x30 0x80010722
core   0: 0x8000a726 (0x8c3f2f23) sw      gp, -1826(t5)
core   0: 3 0x8000a726 (0x8c3f2f23) mem 0x80010000 0x00000001
core   0: 0x8000a72a (0x0000bfe5) c.j     pc - 8
core   0: 3 0x8000a72a (0xbfe5)
core   0: 0x8000a722 (0x00006f17) auipc   t5, 0x6
core   0: 3 0x8000a722 (0x00006f17) x30 0x80010722
core   0: 0x8000a726 (0x8c3f2f23) sw      gp, -1826(t5)
core   0: 3 0x8000a726 (0x8c3f2f23) mem 0x80010000 0x00000001
core   0: 0x8000a72a (0x0000bfe5) c.j     pc - 8
core   0: 3 0x8000a72a (0xbfe5)
core   0: 0x8000a722 (0x00006f17) auipc   t5, 0x6
core   0: 3 0x8000a722 (0x00006f17) x30 0x80010722
core   0: 0x8000a726 (0x8c3f2f23) sw      gp, -1826(t5)
core   0: 3 0x8000a726 (0x8c3f2f23) mem 0x80010000 0x00000001
core   0: 0x8000a72a (0x0000bfe5) c.j     pc - 8
core   0: 3 0x8000a72a (0xbfe5)
core   0: 0x8000a722 (0x00006f17) auipc   t5, 0x6
core   0: 3 0x8000a722 (0x00006f17) x30 0x80010722
core   0: 0x8000a726 (0x8c3f2f23) sw      gp, -1826(t5)
core   0: 3 0x8000a726 (0x8c3f2f23) mem 0x80010000 0x00000001
core   0: 0x8000a72a (0x0000bfe5) c.j     pc - 8
core   0: 3 0x8000a72a (0xbfe5)
core   0: 0x8000a722 (0x00006f17) auipc   t5, 0x6
core   0: 3 0x8000a722 (0x00006f17) x30 0x80010722
core   0: 0x8000a726 (0x8c3f2f23) sw      gp, -1826(t5)
core   0: 3 0x8000a726 (0x8c3f2f23) mem 0x80010000 0x00000001
core   0: 0x8000a72a (0x0000bfe5) c.j     pc - 8
core   0: 3 0x8000a72a (0xbfe5)
core   0: 0x8000a722 (0x00006f17) auipc   t5, 0x6
core   0: 3 0x8000a722 (0x00006f17) x30 0x80010722
core   0: 0x8000a726 (0x8c3f2f23) sw      gp, -1826(t5)
core   0: 3 0x8000a726 (0x8c3f2f23) mem 0x80010000 0x00000001
core   0: 0x8000a72a (0x0000bfe5) c.j     pc - 8
core   0: 3 0x8000a72a (0xbfe5)
core   0: 0x8000a722 (0x00006f17) auipc   t5, 0x6
core   0: 3 0x8000a722 (0x00006f17) x30 0x80010722
core   0: 0x8000a726 (0x8c3f2f23) sw      gp, -1826(t5)
core   0: 3 0x8000a726 (0x8c3f2f23) mem 0x80010000 0x00000001
core   0: 0x8000a72a (0x0000bfe5) c.j     pc - 8
core   0: 3 0x8000a72a (0xbfe5)
core   0: 0x8000a722 (0x00006f17) auipc   t5, 0x6
core   0: 3 0x8000a722 (0x00006f17) x30 0x80010722
core   0: 0x8000a726 (0x8c3f2f23) sw      gp, -1826(t5)
core   0: 3 0x8000a726 (0x8c3f2f23) mem 0x80010000 0x00000001
core   0: 0x8000a72a (0x0000bfe5) c.j     pc - 8
core   0: 3 0x8000a72a (0xbfe5)
core   0: 0x8000a722 (0x00006f17) auipc   t5, 0x6
core   0: 3 0x8000a722 (0x00006f17) x30 0x80010722
core   0: 0x8000a726 (0x8c3f2f23) sw      gp, -1826(t5)
core   0: 3 0x8000a726 (0x8c3f2f23) mem 0x80010000 0x00000001
core   0: 0x8000a72a (0x0000bfe5) c.j     pc - 8
core   0: 3 0x8000a72a (0xbfe5)
core   0: 0x8000a722 (0x00006f17) auipc   t5, 0x6
core   0: 3 0x8000a722 (0x00006f17) x30 0x80010722
core   0: 0x8000a726 (0x8c3f2f23) sw      gp, -1826(t5)
core   0: 3 0x8000a726 (0x8c3f2f23) mem 0x80010000 0x00000001
core   0: 0x8000a72a (0x0000bfe5) c.j     pc - 8
core   0: 3 0x8000a72a (0xbfe5)
core   0: 0x8000a722 (0x00006f17) auipc   t5, 0x6
core   0: 3 0x8000a722 (0x00006f17) x30 0x80010722
core   0: 0x8000a726 (0x8c3f2f23) sw      gp, -1826(t5)
core   0: 3 0x8000a726 (0x8c3f2f23) mem 0x80010000 0x00000001
core   0: 0x8000a72a (0x0000bfe5) c.j     pc - 8
core   0: 3 0x8000a72a (0xbfe5)
core   0: 0x8000a722 (0x00006f17) auipc   t5, 0x6
core   0: 3 0x8000a722 (0x00006f17) x30 0x80010722
core   0: 0x8000a726 (0x8c3f2f23) sw      gp, -1826(t5)
core   0: 3 0x8000a726 (0x8c3f2f23) mem 0x80010000 0x00000001
core   0: 0x8000a72a (0x0000bfe5) c.j     pc - 8
core   0: 3 0x8000a72a (0xbfe5)
core   0: 0x8000a722 (0x00006f17) auipc   t5, 0x6
core   0: 3 0x8000a722 (0x00006f17) x30 0x80010722
core   0: 0x8000a726 (0x8c3f2f23) sw      gp, -1826(t5)
core   0: 3 0x8000a726 (0x8c3f2f23) mem 0x80010000 0x00000001
core   0: 0x8000a72a (0x0000bfe5) c.j     pc - 8
core   0: 3 0x8000a72a (0xbfe5)
core   0: 0x8000a722 (0x00006f17) auipc   t5, 0x6
core   0: 3 0x8000a722 (0x00006f17) x30 0x80010722
core   0: 0x8000a726 (0x8c3f2f23) sw      gp, -1826(t5)
core   0: 3 0x8000a726 (0x8c3f2f23) mem 0x80010000 0x00000001
core   0: 0x8000a72a (0x0000bfe5) c.j     pc - 8
core   0: 3 0x8000a72a (0xbfe5)
core   0: 0x8000a722 (0x00006f17) auipc   t5, 0x6
core   0: 3 0x8000a722 (0x00006f17) x30 0x80010722
core   0: 0x8000a726 (0x8c3f2f23) sw      gp, -1826(t5)
core   0: 3 0x8000a726 (0x8c3f2f23) mem 0x80010000 0x00000001
core   0: 0x8000a72a (0x0000bfe5) c.j     pc - 8
core   0: 3 0x8000a72a (0xbfe5)
core   0: 0x8000a722 (0x00006f17) auipc   t5, 0x6
core   0: 3 0x8000a722 (0x00006f17) x30 0x80010722
core   0: 0x8000a726 (0x8c3f2f23) sw      gp, -1826(t5)
core   0: 3 0x8000a726 (0x8c3f2f23) mem 0x80010000 0x00000001
core   0: 0x8000a72a (0x0000bfe5) c.j     pc - 8
core   0: 3 0x8000a72a (0xbfe5)
core   0: 0x8000a722 (0x00006f17) auipc   t5, 0x6
core   0: 3 0x8000a722 (0x00006f17) x30 0x80010722
core   0: 0x8000a726 (0x8c3f2f23) sw      gp, -1826(t5)
core   0: 3 0x8000a726 (0x8c3f2f23) mem 0x80010000 0x00000001
core   0: 0x8000a72a (0x0000bfe5) c.j     pc - 8
core   0: 3 0x8000a72a (0xbfe5)
core   0: 0x8000a722 (0x00006f17) auipc   t5, 0x6
core   0: 3 0x8000a722 (0x00006f17) x30 0x80010722
core   0: 0x8000a726 (0x8c3f2f23) sw      gp, -1826(t5)
core   0: 3 0x8000a726 (0x8c3f2f23) mem 0x80010000 0x00000001
core   0: 0x8000a72a (0x0000bfe5) c.j     pc - 8
core   0: 3 0x8000a72a (0xbfe5)
core   0: 0x8000a722 (0x00006f17) auipc   t5, 0x6
core   0: 3 0x8000a722 (0x00006f17) x30 0x80010722
core   0: 0x8000a726 (0x8c3f2f23) sw      gp, -1826(t5)
core   0: 3 0x8000a726 (0x8c3f2f23) mem 0x80010000 0x00000001
core   0: 0x8000a72a (0x0000bfe5) c.j     pc - 8
core   0: 3 0x8000a72a (0xbfe5)
core   0: 0x8000a722 (0x00006f17) auipc   t5, 0x6
core   0: 3 0x8000a722 (0x00006f17) x30 0x80010722
core   0: 0x8000a726 (0x8c3f2f23) sw      gp, -1826(t5)
core   0: 3 0x8000a726 (0x8c3f2f23) mem 0x80010000 0x00000001
core   0: 0x8000a72a (0x0000bfe5) c.j     pc - 8
core   0: 3 0x8000a72a (0xbfe5)
core   0: 0x8000a722 (0x00006f17) auipc   t5, 0x6
core   0: 3 0x8000a722 (0x00006f17) x30 0x80010722
core   0: 0x8000a726 (0x8c3f2f23) sw      gp, -1826(t5)
core   0: 3 0x8000a726 (0x8c3f2f23) mem 0x80010000 0x00000001
core   0: 0x8000a72a (0x0000bfe5) c.j     pc - 8
core   0: 3 0x8000a72a (0xbfe5)
core   0: 0x8000a722 (0x00006f17) auipc   t5, 0x6
core   0: 3 0x8000a722 (0x00006f17) x30 0x80010722
core   0: 0x8000a726 (0x8c3f2f23) sw      gp, -1826(t5)
core   0: 3 0x8000a726 (0x8c3f2f23) mem 0x80010000 0x00000001
core   0: 0x8000a72a (0x0000bfe5) c.j     pc - 8
core   0: 3 0x8000a72a (0xbfe5)
core   0: 0x8000a722 (0x00006f17) auipc   t5, 0x6
core   0: 3 0x8000a722 (0x00006f17) x30 0x80010722
core   0: 0x8000a726 (0x8c3f2f23) sw      gp, -1826(t5)
core   0: 3 0x8000a726 (0x8c3f2f23) mem 0x80010000 0x00000001
core   0: 0x8000a72a (0x0000bfe5) c.j     pc - 8
core   0: 3 0x8000a72a (0xbfe5)
core   0: 0x8000a722 (0x00006f17) auipc   t5, 0x6
core   0: 3 0x8000a722 (0x00006f17) x30 0x80010722
core   0: 0x8000a726 (0x8c3f2f23) sw      gp, -1826(t5)
core   0: 3 0x8000a726 (0x8c3f2f23) mem 0x80010000 0x00000001
core   0: 0x8000a72a (0x0000bfe5) c.j     pc - 8
core   0: 3 0x8000a72a (0xbfe5)
core   0: 0x8000a722 (0x00006f17) auipc   t5, 0x6
core   0: 3 0x8000a722 (0x00006f17) x30 0x80010722
core   0: 0x8000a726 (0x8c3f2f23) sw      gp, -1826(t5)
core   0: 3 0x8000a726 (0x8c3f2f23) mem 0x80010000 0x00000001
core   0: 0x8000a72a (0x0000bfe5) c.j     pc - 8
core   0: 3 0x8000a72a (0xbfe5)
core   0: 0x8000a722 (0x00006f17) auipc   t5, 0x6
core   0: 3 0x8000a722 (0x00006f17) x30 0x80010722
core   0: 0x8000a726 (0x8c3f2f23) sw      gp, -1826(t5)
core   0: 3 0x8000a726 (0x8c3f2f23) mem 0x80010000 0x00000001
core   0: 0x8000a72a (0x0000bfe5) c.j     pc - 8
core   0: 3 0x8000a72a (0xbfe5)
core   0: 0x8000a722 (0x00006f17) auipc   t5, 0x6
core   0: 3 0x8000a722 (0x00006f17) x30 0x80010722
core   0: 0x8000a726 (0x8c3f2f23) sw      gp, -1826(t5)
core   0: 3 0x8000a726 (0x8c3f2f23) mem 0x80010000 0x00000001
core   0: 0x8000a72a (0x0000bfe5) c.j     pc - 8
core   0: 3 0x8000a72a (0xbfe5)
core   0: 0x8000a722 (0x00006f17) auipc   t5, 0x6
core   0: 3 0x8000a722 (0x00006f17) x30 0x80010722
core   0: 0x8000a726 (0x8c3f2f23) sw      gp, -1826(t5)
core   0: 3 0x8000a726 (0x8c3f2f23) mem 0x80010000 0x00000001
core   0: 0x8000a72a (0x0000bfe5) c.j     pc - 8
core   0: 3 0x8000a72a (0xbfe5)
core   0: 0x8000a722 (0x00006f17) auipc   t5, 0x6
core   0: 3 0x8000a722 (0x00006f17) x30 0x80010722
core   0: 0x8000a726 (0x8c3f2f23) sw      gp, -1826(t5)
core   0: 3 0x8000a726 (0x8c3f2f23) mem 0x80010000 0x00000001
core   0: 0x8000a72a (0x0000bfe5) c.j     pc - 8
core   0: 3 0x8000a72a (0xbfe5)
core   0: 0x8000a722 (0x00006f17) auipc   t5, 0x6
core   0: 3 0x8000a722 (0x00006f17) x30 0x80010722
core   0: 0x8000a726 (0x8c3f2f23) sw      gp, -1826(t5)
core   0: 3 0x8000a726 (0x8c3f2f23) mem 0x80010000 0x00000001
core   0: 0x8000a72a (0x0000bfe5) c.j     pc - 8
core   0: 3 0x8000a72a (0xbfe5)
core   0: 0x8000a722 (0x00006f17) auipc   t5, 0x6
core   0: 3 0x8000a722 (0x00006f17) x30 0x80010722
core   0: 0x8000a726 (0x8c3f2f23) sw      gp, -1826(t5)
core   0: 3 0x8000a726 (0x8c3f2f23) mem 0x80010000 0x00000001
core   0: 0x8000a72a (0x0000bfe5) c.j     pc - 8
core   0: 3 0x8000a72a (0xbfe5)
core   0: 0x8000a722 (0x00006f17) auipc   t5, 0x6
core   0: 3 0x8000a722 (0x00006f17) x30 0x80010722
core   0: 0x8000a726 (0x8c3f2f23) sw      gp, -1826(t5)
core   0: 3 0x8000a726 (0x8c3f2f23) mem 0x80010000 0x00000001
core   0: 0x8000a72a (0x0000bfe5) c.j     pc - 8
core   0: 3 0x8000a72a (0xbfe5)
core   0: 0x8000a722 (0x00006f17) auipc   t5, 0x6
core   0: 3 0x8000a722 (0x00006f17) x30 0x80010722
core   0: 0x8000a726 (0x8c3f2f23) sw      gp, -1826(t5)
core   0: 3 0x8000a726 (0x8c3f2f23) mem 0x80010000 0x00000001
core   0: 0x8000a72a (0x0000bfe5) c.j     pc - 8
core   0: 3 0x8000a72a (0xbfe5)
core   0: 0x8000a722 (0x00006f17) auipc   t5, 0x6
core   0: 3 0x8000a722 (0x00006f17) x30 0x80010722
core   0: 0x8000a726 (0x8c3f2f23) sw      gp, -1826(t5)
core   0: 3 0x8000a726 (0x8c3f2f23) mem 0x80010000 0x00000001
core   0: 0x8000a72a (0x0000bfe5) c.j     pc - 8
core   0: 3 0x8000a72a (0xbfe5)
core   0: 0x8000a722 (0x00006f17) auipc   t5, 0x6
core   0: 3 0x8000a722 (0x00006f17) x30 0x80010722
core   0: 0x8000a726 (0x8c3f2f23) sw      gp, -1826(t5)
core   0: 3 0x8000a726 (0x8c3f2f23) mem 0x80010000 0x00000001
core   0: 0x8000a72a (0x0000bfe5) c.j     pc - 8
core   0: 3 0x8000a72a (0xbfe5)
core   0: 0x8000a722 (0x00006f17) auipc   t5, 0x6
core   0: 3 0x8000a722 (0x00006f17) x30 0x80010722
core   0: 0x8000a726 (0x8c3f2f23) sw      gp, -1826(t5)
core   0: 3 0x8000a726 (0x8c3f2f23) mem 0x80010000 0x00000001
core   0: 0x8000a72a (0x0000bfe5) c.j     pc - 8
core   0: 3 0x8000a72a (0xbfe5)
core   0: 0x8000a722 (0x00006f17) auipc   t5, 0x6
core   0: 3 0x8000a722 (0x00006f17) x30 0x80010722
core   0: 0x8000a726 (0x8c3f2f23) sw      gp, -1826(t5)
core   0: 3 0x8000a726 (0x8c3f2f23) mem 0x80010000 0x00000001
core   0: 0x8000a72a (0x0000bfe5) c.j     pc - 8
core   0: 3 0x8000a72a (0xbfe5)
core   0: 0x8000a722 (0x00006f17) auipc   t5, 0x6
core   0: 3 0x8000a722 (0x00006f17) x30 0x80010722
core   0: 0x8000a726 (0x8c3f2f23) sw      gp, -1826(t5)
core   0: 3 0x8000a726 (0x8c3f2f23) mem 0x80010000 0x00000001
core   0: 0x8000a72a (0x0000bfe5) c.j     pc - 8
core   0: 3 0x8000a72a (0xbfe5)
core   0: 0x8000a722 (0x00006f17) auipc   t5, 0x6
core   0: 3 0x8000a722 (0x00006f17) x30 0x80010722
core   0: 0x8000a726 (0x8c3f2f23) sw      gp, -1826(t5)
core   0: 3 0x8000a726 (0x8c3f2f23) mem 0x80010000 0x00000001
core   0: 0x8000a72a (0x0000bfe5) c.j     pc - 8
core   0: 3 0x8000a72a (0xbfe5)
core   0: 0x8000a722 (0x00006f17) auipc   t5, 0x6
core   0: 3 0x8000a722 (0x00006f17) x30 0x80010722
core   0: 0x8000a726 (0x8c3f2f23) sw      gp, -1826(t5)
core   0: 3 0x8000a726 (0x8c3f2f23) mem 0x80010000 0x00000001
core   0: 0x8000a72a (0x0000bfe5) c.j     pc - 8
core   0: 3 0x8000a72a (0xbfe5)
core   0: 0x8000a722 (0x00006f17) auipc   t5, 0x6
core   0: 3 0x8000a722 (0x00006f17) x30 0x80010722
core   0: 0x8000a726 (0x8c3f2f23) sw      gp, -1826(t5)
core   0: 3 0x8000a726 (0x8c3f2f23) mem 0x80010000 0x00000001
core   0: 0x8000a72a (0x0000bfe5) c.j     pc - 8
core   0: 3 0x8000a72a (0xbfe5)
core   0: 0x8000a722 (0x00006f17) auipc   t5, 0x6
core   0: 3 0x8000a722 (0x00006f17) x30 0x80010722
core   0: 0x8000a726 (0x8c3f2f23) sw      gp, -1826(t5)
core   0: 3 0x8000a726 (0x8c3f2f23) mem 0x80010000 0x00000001
core   0: 0x8000a72a (0x0000bfe5) c.j     pc - 8
core   0: 3 0x8000a72a (0xbfe5)
core   0: 0x8000a722 (0x00006f17) auipc   t5, 0x6
core   0: 3 0x8000a722 (0x00006f17) x30 0x80010722
core   0: 0x8000a726 (0x8c3f2f23) sw      gp, -1826(t5)
core   0: 3 0x8000a726 (0x8c3f2f23) mem 0x80010000 0x00000001
core   0: 0x8000a72a (0x0000bfe5) c.j     pc - 8
core   0: 3 0x8000a72a (0xbfe5)
core   0: 0x8000a722 (0x00006f17) auipc   t5, 0x6
core   0: 3 0x8000a722 (0x00006f17) x30 0x80010722
core   0: 0x8000a726 (0x8c3f2f23) sw      gp, -1826(t5)
core   0: 3 0x8000a726 (0x8c3f2f23) mem 0x80010000 0x00000001
core   0: 0x8000a72a (0x0000bfe5) c.j     pc - 8
core   0: 3 0x8000a72a (0xbfe5)
core   0: 0x8000a722 (0x00006f17) auipc   t5, 0x6
core   0: 3 0x8000a722 (0x00006f17) x30 0x80010722
core   0: 0x8000a726 (0x8c3f2f23) sw      gp, -1826(t5)
core   0: 3 0x8000a726 (0x8c3f2f23) mem 0x80010000 0x00000001
core   0: 0x8000a72a (0x0000bfe5) c.j     pc - 8
core   0: 3 0x8000a72a (0xbfe5)
core   0: 0x8000a722 (0x00006f17) auipc   t5, 0x6
core   0: 3 0x8000a722 (0x00006f17) x30 0x80010722
core   0: 0x8000a726 (0x8c3f2f23) sw      gp, -1826(t5)
core   0: 3 0x8000a726 (0x8c3f2f23) mem 0x80010000 0x00000001
core   0: 0x8000a72a (0x0000bfe5) c.j     pc - 8
core   0: 3 0x8000a72a (0xbfe5)
core   0: 0x8000a722 (0x00006f17) auipc   t5, 0x6
core   0: 3 0x8000a722 (0x00006f17) x30 0x80010722
core   0: 0x8000a726 (0x8c3f2f23) sw      gp, -1826(t5)
core   0: 3 0x8000a726 (0x8c3f2f23) mem 0x80010000 0x00000001
core   0: 0x8000a72a (0x0000bfe5) c.j     pc - 8
core   0: 3 0x8000a72a (0xbfe5)
core   0: 0x8000a722 (0x00006f17) auipc   t5, 0x6
core   0: 3 0x8000a722 (0x00006f17) x30 0x80010722
core   0: 0x8000a726 (0x8c3f2f23) sw      gp, -1826(t5)
core   0: 3 0x8000a726 (0x8c3f2f23) mem 0x80010000 0x00000001
core   0: 0x8000a72a (0x0000bfe5) c.j     pc - 8
core   0: 3 0x8000a72a (0xbfe5)
core   0: 0x8000a722 (0x00006f17) auipc   t5, 0x6
core   0: 3 0x8000a722 (0x00006f17) x30 0x80010722
core   0: 0x8000a726 (0x8c3f2f23) sw      gp, -1826(t5)
core   0: 3 0x8000a726 (0x8c3f2f23) mem 0x80010000 0x00000001
core   0: 0x8000a72a (0x0000bfe5) c.j     pc - 8
core   0: 3 0x8000a72a (0xbfe5)
core   0: 0x8000a722 (0x00006f17) auipc   t5, 0x6
core   0: 3 0x8000a722 (0x00006f17) x30 0x80010722
core   0: 0x8000a726 (0x8c3f2f23) sw      gp, -1826(t5)
core   0: 3 0x8000a726 (0x8c3f2f23) mem 0x80010000 0x00000001
core   0: 0x8000a72a (0x0000bfe5) c.j     pc - 8
core   0: 3 0x8000a72a (0xbfe5)
core   0: 0x8000a722 (0x00006f17) auipc   t5, 0x6
core   0: 3 0x8000a722 (0x00006f17) x30 0x80010722
core   0: 0x8000a726 (0x8c3f2f23) sw      gp, -1826(t5)
core   0: 3 0x8000a726 (0x8c3f2f23) mem 0x80010000 0x00000001
core   0: 0x8000a72a (0x0000bfe5) c.j     pc - 8
core   0: 3 0x8000a72a (0xbfe5)
core   0: 0x8000a722 (0x00006f17) auipc   t5, 0x6
core   0: 3 0x8000a722 (0x00006f17) x30 0x80010722
core   0: 0x8000a726 (0x8c3f2f23) sw      gp, -1826(t5)
core   0: 3 0x8000a726 (0x8c3f2f23) mem 0x80010000 0x00000001
core   0: 0x8000a72a (0x0000bfe5) c.j     pc - 8
core   0: 3 0x8000a72a (0xbfe5)
core   0: 0x8000a722 (0x00006f17) auipc   t5, 0x6
core   0: 3 0x8000a722 (0x00006f17) x30 0x80010722
core   0: 0x8000a726 (0x8c3f2f23) sw      gp, -1826(t5)
core   0: 3 0x8000a726 (0x8c3f2f23) mem 0x80010000 0x00000001
core   0: 0x8000a72a (0x0000bfe5) c.j     pc - 8
core   0: 3 0x8000a72a (0xbfe5)
core   0: 0x8000a722 (0x00006f17) auipc   t5, 0x6
core   0: 3 0x8000a722 (0x00006f17) x30 0x80010722
core   0: 0x8000a726 (0x8c3f2f23) sw      gp, -1826(t5)
core   0: 3 0x8000a726 (0x8c3f2f23) mem 0x80010000 0x00000001
core   0: 0x8000a72a (0x0000bfe5) c.j     pc - 8
core   0: 3 0x8000a72a (0xbfe5)
core   0: 0x8000a722 (0x00006f17) auipc   t5, 0x6
core   0: 3 0x8000a722 (0x00006f17) x30 0x80010722
core   0: 0x8000a726 (0x8c3f2f23) sw      gp, -1826(t5)
core   0: 3 0x8000a726 (0x8c3f2f23) mem 0x80010000 0x00000001
core   0: 0x8000a72a (0x0000bfe5) c.j     pc - 8
core   0: 3 0x8000a72a (0xbfe5)
core   0: 0x8000a722 (0x00006f17) auipc   t5, 0x6
core   0: 3 0x8000a722 (0x00006f17) x30 0x80010722
core   0: 0x8000a726 (0x8c3f2f23) sw      gp, -1826(t5)
core   0: 3 0x8000a726 (0x8c3f2f23) mem 0x80010000 0x00000001
core   0: 0x8000a72a (0x0000bfe5) c.j     pc - 8
core   0: 3 0x8000a72a (0xbfe5)
core   0: 0x8000a722 (0x00006f17) auipc   t5, 0x6
core   0: 3 0x8000a722 (0x00006f17) x30 0x80010722
core   0: 0x8000a726 (0x8c3f2f23) sw      gp, -1826(t5)
core   0: 3 0x8000a726 (0x8c3f2f23) mem 0x80010000 0x00000001
core   0: 0x8000a72a (0x0000bfe5) c.j     pc - 8
core   0: 3 0x8000a72a (0xbfe5)
core   0: 0x8000a722 (0x00006f17) auipc   t5, 0x6
core   0: 3 0x8000a722 (0x00006f17) x30 0x80010722
core   0: 0x8000a726 (0x8c3f2f23) sw      gp, -1826(t5)
core   0: 3 0x8000a726 (0x8c3f2f23) mem 0x80010000 0x00000001
core   0: 0x8000a72a (0x0000bfe5) c.j     pc - 8
core   0: 3 0x8000a72a (0xbfe5)
core   0: 0x8000a722 (0x00006f17) auipc   t5, 0x6
core   0: 3 0x8000a722 (0x00006f17) x30 0x80010722
core   0: 0x8000a726 (0x8c3f2f23) sw      gp, -1826(t5)
core   0: 3 0x8000a726 (0x8c3f2f23) mem 0x80010000 0x00000001
core   0: 0x8000a72a (0x0000bfe5) c.j     pc - 8
core   0: 3 0x8000a72a (0xbfe5)
core   0: 0x8000a722 (0x00006f17) auipc   t5, 0x6
core   0: 3 0x8000a722 (0x00006f17) x30 0x80010722
core   0: 0x8000a726 (0x8c3f2f23) sw      gp, -1826(t5)
core   0: 3 0x8000a726 (0x8c3f2f23) mem 0x80010000 0x00000001
core   0: 0x8000a72a (0x0000bfe5) c.j     pc - 8
core   0: 3 0x8000a72a (0xbfe5)
core   0: 0x8000a722 (0x00006f17) auipc   t5, 0x6
core   0: 3 0x8000a722 (0x00006f17) x30 0x80010722
core   0: 0x8000a726 (0x8c3f2f23) sw      gp, -1826(t5)
core   0: 3 0x8000a726 (0x8c3f2f23) mem 0x80010000 0x00000001
core   0: 0x8000a72a (0x0000bfe5) c.j     pc - 8
core   0: 3 0x8000a72a (0xbfe5)
core   0: 0x8000a722 (0x00006f17) auipc   t5, 0x6
core   0: 3 0x8000a722 (0x00006f17) x30 0x80010722
core   0: 0x8000a726 (0x8c3f2f23) sw      gp, -1826(t5)
core   0: 3 0x8000a726 (0x8c3f2f23) mem 0x80010000 0x00000001
core   0: 0x8000a72a (0x0000bfe5) c.j     pc - 8
core   0: 3 0x8000a72a (0xbfe5)
core   0: 0x8000a722 (0x00006f17) auipc   t5, 0x6
core   0: 3 0x8000a722 (0x00006f17) x30 0x80010722
core   0: 0x8000a726 (0x8c3f2f23) sw      gp, -1826(t5)
core   0: 3 0x8000a726 (0x8c3f2f23) mem 0x80010000 0x00000001
core   0: 0x8000a72a (0x0000bfe5) c.j     pc - 8
core   0: 3 0x8000a72a (0xbfe5)
core   0: 0x8000a722 (0x00006f17) auipc   t5, 0x6
core   0: 3 0x8000a722 (0x00006f17) x30 0x80010722
core   0: 0x8000a726 (0x8c3f2f23) sw      gp, -1826(t5)
core   0: 3 0x8000a726 (0x8c3f2f23) mem 0x80010000 0x00000001
core   0: 0x8000a72a (0x0000bfe5) c.j     pc - 8
core   0: 3 0x8000a72a (0xbfe5)
core   0: 0x8000a722 (0x00006f17) auipc   t5, 0x6
core   0: 3 0x8000a722 (0x00006f17) x30 0x80010722
core   0: 0x8000a726 (0x8c3f2f23) sw      gp, -1826(t5)
core   0: 3 0x8000a726 (0x8c3f2f23) mem 0x80010000 0x00000001
core   0: 0x8000a72a (0x0000bfe5) c.j     pc - 8
core   0: 3 0x8000a72a (0xbfe5)
core   0: 0x8000a722 (0x00006f17) auipc   t5, 0x6
core   0: 3 0x8000a722 (0x00006f17) x30 0x80010722
core   0: 0x8000a726 (0x8c3f2f23) sw      gp, -1826(t5)
core   0: 3 0x8000a726 (0x8c3f2f23) mem 0x80010000 0x00000001
core   0: 0x8000a72a (0x0000bfe5) c.j     pc - 8
core   0: 3 0x8000a72a (0xbfe5)
core   0: 0x8000a722 (0x00006f17) auipc   t5, 0x6
core   0: 3 0x8000a722 (0x00006f17) x30 0x80010722
core   0: 0x8000a726 (0x8c3f2f23) sw      gp, -1826(t5)
core   0: 3 0x8000a726 (0x8c3f2f23) mem 0x80010000 0x00000001
core   0: 0x8000a72a (0x0000bfe5) c.j     pc - 8
core   0: 3 0x8000a72a (0xbfe5)
core   0: 0x8000a722 (0x00006f17) auipc   t5, 0x6
core   0: 3 0x8000a722 (0x00006f17) x30 0x80010722
core   0: 0x8000a726 (0x8c3f2f23) sw      gp, -1826(t5)
core   0: 3 0x8000a726 (0x8c3f2f23) mem 0x80010000 0x00000001
core   0: 0x8000a72a (0x0000bfe5) c.j     pc - 8
core   0: 3 0x8000a72a (0xbfe5)
core   0: 0x8000a722 (0x00006f17) auipc   t5, 0x6
core   0: 3 0x8000a722 (0x00006f17) x30 0x80010722
core   0: 0x8000a726 (0x8c3f2f23) sw      gp, -1826(t5)
core   0: 3 0x8000a726 (0x8c3f2f23) mem 0x80010000 0x00000001
core   0: 0x8000a72a (0x0000bfe5) c.j     pc - 8
core   0: 3 0x8000a72a (0xbfe5)
core   0: 0x8000a722 (0x00006f17) auipc   t5, 0x6
core   0: 3 0x8000a722 (0x00006f17) x30 0x80010722
core   0: 0x8000a726 (0x8c3f2f23) sw      gp, -1826(t5)
core   0: 3 0x8000a726 (0x8c3f2f23) mem 0x80010000 0x00000001
core   0: 0x8000a72a (0x0000bfe5) c.j     pc - 8
core   0: 3 0x8000a72a (0xbfe5)
core   0: 0x8000a722 (0x00006f17) auipc   t5, 0x6
core   0: 3 0x8000a722 (0x00006f17) x30 0x80010722
core   0: 0x8000a726 (0x8c3f2f23) sw      gp, -1826(t5)
core   0: 3 0x8000a726 (0x8c3f2f23) mem 0x80010000 0x00000001
core   0: 0x8000a72a (0x0000bfe5) c.j     pc - 8
core   0: 3 0x8000a72a (0xbfe5)
core   0: 0x8000a722 (0x00006f17) auipc   t5, 0x6
core   0: 3 0x8000a722 (0x00006f17) x30 0x80010722
core   0: 0x8000a726 (0x8c3f2f23) sw      gp, -1826(t5)
core   0: 3 0x8000a726 (0x8c3f2f23) mem 0x80010000 0x00000001
core   0: 0x8000a72a (0x0000bfe5) c.j     pc - 8
core   0: 3 0x8000a72a (0xbfe5)
core   0: 0x8000a722 (0x00006f17) auipc   t5, 0x6
core   0: 3 0x8000a722 (0x00006f17) x30 0x80010722
core   0: 0x8000a726 (0x8c3f2f23) sw      gp, -1826(t5)
core   0: 3 0x8000a726 (0x8c3f2f23) mem 0x80010000 0x00000001
core   0: 0x8000a72a (0x0000bfe5) c.j     pc - 8
core   0: 3 0x8000a72a (0xbfe5)
core   0: 0x8000a722 (0x00006f17) auipc   t5, 0x6
core   0: 3 0x8000a722 (0x00006f17) x30 0x80010722
core   0: 0x8000a726 (0x8c3f2f23) sw      gp, -1826(t5)
core   0: 3 0x8000a726 (0x8c3f2f23) mem 0x80010000 0x00000001
core   0: 0x8000a72a (0x0000bfe5) c.j     pc - 8
core   0: 3 0x8000a72a (0xbfe5)
core   0: 0x8000a722 (0x00006f17) auipc   t5, 0x6
core   0: 3 0x8000a722 (0x00006f17) x30 0x80010722
core   0: 0x8000a726 (0x8c3f2f23) sw      gp, -1826(t5)
core   0: 3 0x8000a726 (0x8c3f2f23) mem 0x80010000 0x00000001
core   0: 0x8000a72a (0x0000bfe5) c.j     pc - 8
core   0: 3 0x8000a72a (0xbfe5)
core   0: 0x8000a722 (0x00006f17) auipc   t5, 0x6
core   0: 3 0x8000a722 (0x00006f17) x30 0x80010722
core   0: 0x8000a726 (0x8c3f2f23) sw      gp, -1826(t5)
core   0: 3 0x8000a726 (0x8c3f2f23) mem 0x80010000 0x00000001
core   0: 0x8000a72a (0x0000bfe5) c.j     pc - 8
core   0: 3 0x8000a72a (0xbfe5)
core   0: 0x8000a722 (0x00006f17) auipc   t5, 0x6
core   0: 3 0x8000a722 (0x00006f17) x30 0x80010722
core   0: 0x8000a726 (0x8c3f2f23) sw      gp, -1826(t5)
core   0: 3 0x8000a726 (0x8c3f2f23) mem 0x80010000 0x00000001
core   0: 0x8000a72a (0x0000bfe5) c.j     pc - 8
core   0: 3 0x8000a72a (0xbfe5)
core   0: 0x8000a722 (0x00006f17) auipc   t5, 0x6
core   0: 3 0x8000a722 (0x00006f17) x30 0x80010722
core   0: 0x8000a726 (0x8c3f2f23) sw      gp, -1826(t5)
core   0: 3 0x8000a726 (0x8c3f2f23) mem 0x80010000 0x00000001
core   0: 0x8000a72a (0x0000bfe5) c.j     pc - 8
core   0: 3 0x8000a72a (0xbfe5)
core   0: 0x8000a722 (0x00006f17) auipc   t5, 0x6
core   0: 3 0x8000a722 (0x00006f17) x30 0x80010722
core   0: 0x8000a726 (0x8c3f2f23) sw      gp, -1826(t5)
core   0: 3 0x8000a726 (0x8c3f2f23) mem 0x80010000 0x00000001
core   0: 0x8000a72a (0x0000bfe5) c.j     pc - 8
core   0: 3 0x8000a72a (0xbfe5)
core   0: 0x8000a722 (0x00006f17) auipc   t5, 0x6
core   0: 3 0x8000a722 (0x00006f17) x30 0x80010722
core   0: 0x8000a726 (0x8c3f2f23) sw      gp, -1826(t5)
core   0: 3 0x8000a726 (0x8c3f2f23) mem 0x80010000 0x00000001
core   0: 0x8000a72a (0x0000bfe5) c.j     pc - 8
core   0: 3 0x8000a72a (0xbfe5)
core   0: 0x8000a722 (0x00006f17) auipc   t5, 0x6
core   0: 3 0x8000a722 (0x00006f17) x30 0x80010722
core   0: 0x8000a726 (0x8c3f2f23) sw      gp, -1826(t5)
core   0: 3 0x8000a726 (0x8c3f2f23) mem 0x80010000 0x00000001
core   0: 0x8000a72a (0x0000bfe5) c.j     pc - 8
core   0: 3 0x8000a72a (0xbfe5)
core   0: 0x8000a722 (0x00006f17) auipc   t5, 0x6
core   0: 3 0x8000a722 (0x00006f17) x30 0x80010722
core   0: 0x8000a726 (0x8c3f2f23) sw      gp, -1826(t5)
core   0: 3 0x8000a726 (0x8c3f2f23) mem 0x80010000 0x00000001
core   0: 0x8000a72a (0x0000bfe5) c.j     pc - 8
core   0: 3 0x8000a72a (0xbfe5)
core   0: 0x8000a722 (0x00006f17) auipc   t5, 0x6
core   0: 3 0x8000a722 (0x00006f17) x30 0x80010722
core   0: 0x8000a726 (0x8c3f2f23) sw      gp, -1826(t5)
core   0: 3 0x8000a726 (0x8c3f2f23) mem 0x80010000 0x00000001
core   0: 0x8000a72a (0x0000bfe5) c.j     pc - 8
core   0: 3 0x8000a72a (0xbfe5)
core   0: 0x8000a722 (0x00006f17) auipc   t5, 0x6
core   0: 3 0x8000a722 (0x00006f17) x30 0x80010722
core   0: 0x8000a726 (0x8c3f2f23) sw      gp, -1826(t5)
core   0: 3 0x8000a726 (0x8c3f2f23) mem 0x80010000 0x00000001
core   0: 0x8000a72a (0x0000bfe5) c.j     pc - 8
core   0: 3 0x8000a72a (0xbfe5)
core   0: 0x8000a722 (0x00006f17) auipc   t5, 0x6
core   0: 3 0x8000a722 (0x00006f17) x30 0x80010722
core   0: 0x8000a726 (0x8c3f2f23) sw      gp, -1826(t5)
core   0: 3 0x8000a726 (0x8c3f2f23) mem 0x80010000 0x00000001
core   0: 0x8000a72a (0x0000bfe5) c.j     pc - 8
core   0: 3 0x8000a72a (0xbfe5)
core   0: 0x8000a722 (0x00006f17) auipc   t5, 0x6
core   0: 3 0x8000a722 (0x00006f17) x30 0x80010722
core   0: 0x8000a726 (0x8c3f2f23) sw      gp, -1826(t5)
core   0: 3 0x8000a726 (0x8c3f2f23) mem 0x80010000 0x00000001
core   0: 0x8000a72a (0x0000bfe5) c.j     pc - 8
core   0: 3 0x8000a72a (0xbfe5)
core   0: 0x8000a722 (0x00006f17) auipc   t5, 0x6
core   0: 3 0x8000a722 (0x00006f17) x30 0x80010722
core   0: 0x8000a726 (0x8c3f2f23) sw      gp, -1826(t5)
core   0: 3 0x8000a726 (0x8c3f2f23) mem 0x80010000 0x00000001
core   0: 0x8000a72a (0x0000bfe5) c.j     pc - 8
core   0: 3 0x8000a72a (0xbfe5)
core   0: 0x8000a722 (0x00006f17) auipc   t5, 0x6
core   0: 3 0x8000a722 (0x00006f17) x30 0x80010722
core   0: 0x8000a726 (0x8c3f2f23) sw      gp, -1826(t5)
core   0: 3 0x8000a726 (0x8c3f2f23) mem 0x80010000 0x00000001
core   0: 0x8000a72a (0x0000bfe5) c.j     pc - 8
core   0: 3 0x8000a72a (0xbfe5)
core   0: 0x8000a722 (0x00006f17) auipc   t5, 0x6
core   0: 3 0x8000a722 (0x00006f17) x30 0x80010722
core   0: 0x8000a726 (0x8c3f2f23) sw      gp, -1826(t5)
core   0: 3 0x8000a726 (0x8c3f2f23) mem 0x80010000 0x00000001
core   0: 0x8000a72a (0x0000bfe5) c.j     pc - 8
core   0: 3 0x8000a72a (0xbfe5)
core   0: 0x8000a722 (0x00006f17) auipc   t5, 0x6
core   0: 3 0x8000a722 (0x00006f17) x30 0x80010722
core   0: 0x8000a726 (0x8c3f2f23) sw      gp, -1826(t5)
core   0: 3 0x8000a726 (0x8c3f2f23) mem 0x80010000 0x00000001
core   0: 0x8000a72a (0x0000bfe5) c.j     pc - 8
core   0: 3 0x8000a72a (0xbfe5)
core   0: 0x8000a722 (0x00006f17) auipc   t5, 0x6
core   0: 3 0x8000a722 (0x00006f17) x30 0x80010722
core   0: 0x8000a726 (0x8c3f2f23) sw      gp, -1826(t5)
core   0: 3 0x8000a726 (0x8c3f2f23) mem 0x80010000 0x00000001
core   0: 0x8000a72a (0x0000bfe5) c.j     pc - 8
core   0: 3 0x8000a72a (0xbfe5)
core   0: 0x8000a722 (0x00006f17) auipc   t5, 0x6
core   0: 3 0x8000a722 (0x00006f17) x30 0x80010722
core   0: 0x8000a726 (0x8c3f2f23) sw      gp, -1826(t5)
core   0: 3 0x8000a726 (0x8c3f2f23) mem 0x80010000 0x00000001
core   0: 0x8000a72a (0x0000bfe5) c.j     pc - 8
core   0: 3 0x8000a72a (0xbfe5)
core   0: 0x8000a722 (0x00006f17) auipc   t5, 0x6
core   0: 3 0x8000a722 (0x00006f17) x30 0x80010722
core   0: 0x8000a726 (0x8c3f2f23) sw      gp, -1826(t5)
core   0: 3 0x8000a726 (0x8c3f2f23) mem 0x80010000 0x00000001
core   0: 0x8000a72a (0x0000bfe5) c.j     pc - 8
core   0: 3 0x8000a72a (0xbfe5)
core   0: 0x8000a722 (0x00006f17) auipc   t5, 0x6
core   0: 3 0x8000a722 (0x00006f17) x30 0x80010722
core   0: 0x8000a726 (0x8c3f2f23) sw      gp, -1826(t5)
core   0: 3 0x8000a726 (0x8c3f2f23) mem 0x80010000 0x00000001
core   0: 0x8000a72a (0x0000bfe5) c.j     pc - 8
core   0: 3 0x8000a72a (0xbfe5)
core   0: 0x8000a722 (0x00006f17) auipc   t5, 0x6
core   0: 3 0x8000a722 (0x00006f17) x30 0x80010722
core   0: 0x8000a726 (0x8c3f2f23) sw      gp, -1826(t5)
core   0: 3 0x8000a726 (0x8c3f2f23) mem 0x80010000 0x00000001
core   0: 0x8000a72a (0x0000bfe5) c.j     pc - 8
core   0: 3 0x8000a72a (0xbfe5)
core   0: 0x8000a722 (0x00006f17) auipc   t5, 0x6
core   0: 3 0x8000a722 (0x00006f17) x30 0x80010722
core   0: 0x8000a726 (0x8c3f2f23) sw      gp, -1826(t5)
core   0: 3 0x8000a726 (0x8c3f2f23) mem 0x80010000 0x00000001
core   0: 0x8000a72a (0x0000bfe5) c.j     pc - 8
core   0: 3 0x8000a72a (0xbfe5)
core   0: 0x8000a722 (0x00006f17) auipc   t5, 0x6
core   0: 3 0x8000a722 (0x00006f17) x30 0x80010722
core   0: 0x8000a726 (0x8c3f2f23) sw      gp, -1826(t5)
core   0: 3 0x8000a726 (0x8c3f2f23) mem 0x80010000 0x00000001
core   0: 0x8000a72a (0x0000bfe5) c.j     pc - 8
core   0: 3 0x8000a72a (0xbfe5)
core   0: 0x8000a722 (0x00006f17) auipc   t5, 0x6
core   0: 3 0x8000a722 (0x00006f17) x30 0x80010722
core   0: 0x8000a726 (0x8c3f2f23) sw      gp, -1826(t5)
core   0: 3 0x8000a726 (0x8c3f2f23) mem 0x80010000 0x00000001
core   0: 0x8000a72a (0x0000bfe5) c.j     pc - 8
core   0: 3 0x8000a72a (0xbfe5)
core   0: 0x8000a722 (0x00006f17) auipc   t5, 0x6
core   0: 3 0x8000a722 (0x00006f17) x30 0x80010722
core   0: 0x8000a726 (0x8c3f2f23) sw      gp, -1826(t5)
core   0: 3 0x8000a726 (0x8c3f2f23) mem 0x80010000 0x00000001
core   0: 0x8000a72a (0x0000bfe5) c.j     pc - 8
core   0: 3 0x8000a72a (0xbfe5)
core   0: 0x8000a722 (0x00006f17) auipc   t5, 0x6
core   0: 3 0x8000a722 (0x00006f17) x30 0x80010722
core   0: 0x8000a726 (0x8c3f2f23) sw      gp, -1826(t5)
core   0: 3 0x8000a726 (0x8c3f2f23) mem 0x80010000 0x00000001
core   0: 0x8000a72a (0x0000bfe5) c.j     pc - 8
core   0: 3 0x8000a72a (0xbfe5)
core   0: 0x8000a722 (0x00006f17) auipc   t5, 0x6
core   0: 3 0x8000a722 (0x00006f17) x30 0x80010722
core   0: 0x8000a726 (0x8c3f2f23) sw      gp, -1826(t5)
core   0: 3 0x8000a726 (0x8c3f2f23) mem 0x80010000 0x00000001
core   0: 0x8000a72a (0x0000bfe5) c.j     pc - 8
core   0: 3 0x8000a72a (0xbfe5)
core   0: 0x8000a722 (0x00006f17) auipc   t5, 0x6
core   0: 3 0x8000a722 (0x00006f17) x30 0x80010722
core   0: 0x8000a726 (0x8c3f2f23) sw      gp, -1826(t5)
core   0: 3 0x8000a726 (0x8c3f2f23) mem 0x80010000 0x00000001
core   0: 0x8000a72a (0x0000bfe5) c.j     pc - 8
core   0: 3 0x8000a72a (0xbfe5)
core   0: 0x8000a722 (0x00006f17) auipc   t5, 0x6
core   0: 3 0x8000a722 (0x00006f17) x30 0x80010722
core   0: 0x8000a726 (0x8c3f2f23) sw      gp, -1826(t5)
core   0: 3 0x8000a726 (0x8c3f2f23) mem 0x80010000 0x00000001
core   0: 0x8000a72a (0x0000bfe5) c.j     pc - 8
core   0: 3 0x8000a72a (0xbfe5)
core   0: 0x8000a722 (0x00006f17) auipc   t5, 0x6
core   0: 3 0x8000a722 (0x00006f17) x30 0x80010722
core   0: 0x8000a726 (0x8c3f2f23) sw      gp, -1826(t5)
core   0: 3 0x8000a726 (0x8c3f2f23) mem 0x80010000 0x00000001
core   0: 0x8000a72a (0x0000bfe5) c.j     pc - 8
core   0: 3 0x8000a72a (0xbfe5)
core   0: 0x8000a722 (0x00006f17) auipc   t5, 0x6
core   0: 3 0x8000a722 (0x00006f17) x30 0x80010722
core   0: 0x8000a726 (0x8c3f2f23) sw      gp, -1826(t5)
core   0: 3 0x8000a726 (0x8c3f2f23) mem 0x80010000 0x00000001
core   0: 0x8000a72a (0x0000bfe5) c.j     pc - 8
core   0: 3 0x8000a72a (0xbfe5)
core   0: 0x8000a722 (0x00006f17) auipc   t5, 0x6
core   0: 3 0x8000a722 (0x00006f17) x30 0x80010722
core   0: 0x8000a726 (0x8c3f2f23) sw      gp, -1826(t5)
core   0: 3 0x8000a726 (0x8c3f2f23) mem 0x80010000 0x00000001
core   0: 0x8000a72a (0x0000bfe5) c.j     pc - 8
core   0: 3 0x8000a72a (0xbfe5)
core   0: 0x8000a722 (0x00006f17) auipc   t5, 0x6
core   0: 3 0x8000a722 (0x00006f17) x30 0x80010722
core   0: 0x8000a726 (0x8c3f2f23) sw      gp, -1826(t5)
core   0: 3 0x8000a726 (0x8c3f2f23) mem 0x80010000 0x00000001
core   0: 0x8000a72a (0x0000bfe5) c.j     pc - 8
core   0: 3 0x8000a72a (0xbfe5)
core   0: 0x8000a722 (0x00006f17) auipc   t5, 0x6
core   0: 3 0x8000a722 (0x00006f17) x30 0x80010722
core   0: 0x8000a726 (0x8c3f2f23) sw      gp, -1826(t5)
core   0: 3 0x8000a726 (0x8c3f2f23) mem 0x80010000 0x00000001
core   0: 0x8000a72a (0x0000bfe5) c.j     pc - 8
core   0: 3 0x8000a72a (0xbfe5)
core   0: 0x8000a722 (0x00006f17) auipc   t5, 0x6
core   0: 3 0x8000a722 (0x00006f17) x30 0x80010722
core   0: 0x8000a726 (0x8c3f2f23) sw      gp, -1826(t5)
core   0: 3 0x8000a726 (0x8c3f2f23) mem 0x80010000 0x00000001
core   0: 0x8000a72a (0x0000bfe5) c.j     pc - 8
core   0: 3 0x8000a72a (0xbfe5)
core   0: 0x8000a722 (0x00006f17) auipc   t5, 0x6
core   0: 3 0x8000a722 (0x00006f17) x30 0x80010722
core   0: 0x8000a726 (0x8c3f2f23) sw      gp, -1826(t5)
core   0: 3 0x8000a726 (0x8c3f2f23) mem 0x80010000 0x00000001
core   0: 0x8000a72a (0x0000bfe5) c.j     pc - 8
core   0: 3 0x8000a72a (0xbfe5)
core   0: 0x8000a722 (0x00006f17) auipc   t5, 0x6
core   0: 3 0x8000a722 (0x00006f17) x30 0x80010722
core   0: 0x8000a726 (0x8c3f2f23) sw      gp, -1826(t5)
core   0: 3 0x8000a726 (0x8c3f2f23) mem 0x80010000 0x00000001
core   0: 0x8000a72a (0x0000bfe5) c.j     pc - 8
core   0: 3 0x8000a72a (0xbfe5)
core   0: 0x8000a722 (0x00006f17) auipc   t5, 0x6
core   0: 3 0x8000a722 (0x00006f17) x30 0x80010722
core   0: 0x8000a726 (0x8c3f2f23) sw      gp, -1826(t5)
core   0: 3 0x8000a726 (0x8c3f2f23) mem 0x80010000 0x00000001
core   0: 0x8000a72a (0x0000bfe5) c.j     pc - 8
core   0: 3 0x8000a72a (0xbfe5)
core   0: 0x8000a722 (0x00006f17) auipc   t5, 0x6
core   0: 3 0x8000a722 (0x00006f17) x30 0x80010722
core   0: 0x8000a726 (0x8c3f2f23) sw      gp, -1826(t5)
core   0: 3 0x8000a726 (0x8c3f2f23) mem 0x80010000 0x00000001
core   0: 0x8000a72a (0x0000bfe5) c.j     pc - 8
core   0: 3 0x8000a72a (0xbfe5)
core   0: 0x8000a722 (0x00006f17) auipc   t5, 0x6
core   0: 3 0x8000a722 (0x00006f17) x30 0x80010722
core   0: 0x8000a726 (0x8c3f2f23) sw      gp, -1826(t5)
core   0: 3 0x8000a726 (0x8c3f2f23) mem 0x80010000 0x00000001
core   0: 0x8000a72a (0x0000bfe5) c.j     pc - 8
core   0: 3 0x8000a72a (0xbfe5)
core   0: 0x8000a722 (0x00006f17) auipc   t5, 0x6
core   0: 3 0x8000a722 (0x00006f17) x30 0x80010722
core   0: 0x8000a726 (0x8c3f2f23) sw      gp, -1826(t5)
core   0: 3 0x8000a726 (0x8c3f2f23) mem 0x80010000 0x00000001
core   0: 0x8000a72a (0x0000bfe5) c.j     pc - 8
core   0: 3 0x8000a72a (0xbfe5)
core   0: 0x8000a722 (0x00006f17) auipc   t5, 0x6
core   0: 3 0x8000a722 (0x00006f17) x30 0x80010722
core   0: 0x8000a726 (0x8c3f2f23) sw      gp, -1826(t5)
core   0: 3 0x8000a726 (0x8c3f2f23) mem 0x80010000 0x00000001
core   0: 0x8000a72a (0x0000bfe5) c.j     pc - 8
core   0: 3 0x8000a72a (0xbfe5)
core   0: 0x8000a722 (0x00006f17) auipc   t5, 0x6
core   0: 3 0x8000a722 (0x00006f17) x30 0x80010722
core   0: 0x8000a726 (0x8c3f2f23) sw      gp, -1826(t5)
core   0: 3 0x8000a726 (0x8c3f2f23) mem 0x80010000 0x00000001
core   0: 0x8000a72a (0x0000bfe5) c.j     pc - 8
core   0: 3 0x8000a72a (0xbfe5)
core   0: 0x8000a722 (0x00006f17) auipc   t5, 0x6
core   0: 3 0x8000a722 (0x00006f17) x30 0x80010722
core   0: 0x8000a726 (0x8c3f2f23) sw      gp, -1826(t5)
core   0: 3 0x8000a726 (0x8c3f2f23) mem 0x80010000 0x00000001
core   0: 0x8000a72a (0x0000bfe5) c.j     pc - 8
core   0: 3 0x8000a72a (0xbfe5)
core   0: 0x8000a722 (0x00006f17) auipc   t5, 0x6
core   0: 3 0x8000a722 (0x00006f17) x30 0x80010722
core   0: 0x8000a726 (0x8c3f2f23) sw      gp, -1826(t5)
core   0: 3 0x8000a726 (0x8c3f2f23) mem 0x80010000 0x00000001
core   0: 0x8000a72a (0x0000bfe5) c.j     pc - 8
core   0: 3 0x8000a72a (0xbfe5)
core   0: 0x8000a722 (0x00006f17) auipc   t5, 0x6
core   0: 3 0x8000a722 (0x00006f17) x30 0x80010722
core   0: 0x8000a726 (0x8c3f2f23) sw      gp, -1826(t5)
core   0: 3 0x8000a726 (0x8c3f2f23) mem 0x80010000 0x00000001
core   0: 0x8000a72a (0x0000bfe5) c.j     pc - 8
core   0: 3 0x8000a72a (0xbfe5)
core   0: 0x8000a722 (0x00006f17) auipc   t5, 0x6
core   0: 3 0x8000a722 (0x00006f17) x30 0x80010722
core   0: 0x8000a726 (0x8c3f2f23) sw      gp, -1826(t5)
core   0: 3 0x8000a726 (0x8c3f2f23) mem 0x80010000 0x00000001
core   0: 0x8000a72a (0x0000bfe5) c.j     pc - 8
core   0: 3 0x8000a72a (0xbfe5)
core   0: 0x8000a722 (0x00006f17) auipc   t5, 0x6
core   0: 3 0x8000a722 (0x00006f17) x30 0x80010722
core   0: 0x8000a726 (0x8c3f2f23) sw      gp, -1826(t5)
core   0: 3 0x8000a726 (0x8c3f2f23) mem 0x80010000 0x00000001
core   0: 0x8000a72a (0x0000bfe5) c.j     pc - 8
core   0: 3 0x8000a72a (0xbfe5)
core   0: 0x8000a722 (0x00006f17) auipc   t5, 0x6
core   0: 3 0x8000a722 (0x00006f17) x30 0x80010722
core   0: 0x8000a726 (0x8c3f2f23) sw      gp, -1826(t5)
core   0: 3 0x8000a726 (0x8c3f2f23) mem 0x80010000 0x00000001
core   0: 0x8000a72a (0x0000bfe5) c.j     pc - 8
core   0: 3 0x8000a72a (0xbfe5)
core   0: 0x8000a722 (0x00006f17) auipc   t5, 0x6
core   0: 3 0x8000a722 (0x00006f17) x30 0x80010722
core   0: 0x8000a726 (0x8c3f2f23) sw      gp, -1826(t5)
core   0: 3 0x8000a726 (0x8c3f2f23) mem 0x80010000 0x00000001
core   0: 0x8000a72a (0x0000bfe5) c.j     pc - 8
core   0: 3 0x8000a72a (0xbfe5)
core   0: 0x8000a722 (0x00006f17) auipc   t5, 0x6
core   0: 3 0x8000a722 (0x00006f17) x30 0x80010722
core   0: 0x8000a726 (0x8c3f2f23) sw      gp, -1826(t5)
core   0: 3 0x8000a726 (0x8c3f2f23) mem 0x80010000 0x00000001
core   0: 0x8000a72a (0x0000bfe5) c.j     pc - 8
core   0: 3 0x8000a72a (0xbfe5)
core   0: 0x8000a722 (0x00006f17) auipc   t5, 0x6
core   0: 3 0x8000a722 (0x00006f17) x30 0x80010722
core   0: 0x8000a726 (0x8c3f2f23) sw      gp, -1826(t5)
core   0: 3 0x8000a726 (0x8c3f2f23) mem 0x80010000 0x00000001
core   0: 0x8000a72a (0x0000bfe5) c.j     pc - 8
core   0: 3 0x8000a72a (0xbfe5)
core   0: 0x8000a722 (0x00006f17) auipc   t5, 0x6
core   0: 3 0x8000a722 (0x00006f17) x30 0x80010722
core   0: 0x8000a726 (0x8c3f2f23) sw      gp, -1826(t5)
core   0: 3 0x8000a726 (0x8c3f2f23) mem 0x80010000 0x00000001
core   0: 0x8000a72a (0x0000bfe5) c.j     pc - 8
core   0: 3 0x8000a72a (0xbfe5)
core   0: 0x8000a722 (0x00006f17) auipc   t5, 0x6
core   0: 3 0x8000a722 (0x00006f17) x30 0x80010722
core   0: 0x8000a726 (0x8c3f2f23) sw      gp, -1826(t5)
core   0: 3 0x8000a726 (0x8c3f2f23) mem 0x80010000 0x00000001
core   0: 0x8000a72a (0x0000bfe5) c.j     pc - 8
core   0: 3 0x8000a72a (0xbfe5)
core   0: 0x8000a722 (0x00006f17) auipc   t5, 0x6
core   0: 3 0x8000a722 (0x00006f17) x30 0x80010722
core   0: 0x8000a726 (0x8c3f2f23) sw      gp, -1826(t5)
core   0: 3 0x8000a726 (0x8c3f2f23) mem 0x80010000 0x00000001
core   0: 0x8000a72a (0x0000bfe5) c.j     pc - 8
core   0: 3 0x8000a72a (0xbfe5)
core   0: 0x8000a722 (0x00006f17) auipc   t5, 0x6
core   0: 3 0x8000a722 (0x00006f17) x30 0x80010722
core   0: 0x8000a726 (0x8c3f2f23) sw      gp, -1826(t5)
core   0: 3 0x8000a726 (0x8c3f2f23) mem 0x80010000 0x00000001
core   0: 0x8000a72a (0x0000bfe5) c.j     pc - 8
core   0: 3 0x8000a72a (0xbfe5)
core   0: 0x8000a722 (0x00006f17) auipc   t5, 0x6
core   0: 3 0x8000a722 (0x00006f17) x30 0x80010722
core   0: 0x8000a726 (0x8c3f2f23) sw      gp, -1826(t5)
core   0: 3 0x8000a726 (0x8c3f2f23) mem 0x80010000 0x00000001
core   0: 0x8000a72a (0x0000bfe5) c.j     pc - 8
core   0: 3 0x8000a72a (0xbfe5)
core   0: 0x8000a722 (0x00006f17) auipc   t5, 0x6
core   0: 3 0x8000a722 (0x00006f17) x30 0x80010722
core   0: 0x8000a726 (0x8c3f2f23) sw      gp, -1826(t5)
core   0: 3 0x8000a726 (0x8c3f2f23) mem 0x80010000 0x00000001
core   0: 0x8000a72a (0x0000bfe5) c.j     pc - 8
core   0: 3 0x8000a72a (0xbfe5)
core   0: 0x8000a722 (0x00006f17) auipc   t5, 0x6
core   0: 3 0x8000a722 (0x00006f17) x30 0x80010722
core   0: 0x8000a726 (0x8c3f2f23) sw      gp, -1826(t5)
core   0: 3 0x8000a726 (0x8c3f2f23) mem 0x80010000 0x00000001
core   0: 0x8000a72a (0x0000bfe5) c.j     pc - 8
core   0: 3 0x8000a72a (0xbfe5)
core   0: 0x8000a722 (0x00006f17) auipc   t5, 0x6
core   0: 3 0x8000a722 (0x00006f17) x30 0x80010722
core   0: 0x8000a726 (0x8c3f2f23) sw      gp, -1826(t5)
core   0: 3 0x8000a726 (0x8c3f2f23) mem 0x80010000 0x00000001
core   0: 0x8000a72a (0x0000bfe5) c.j     pc - 8
core   0: 3 0x8000a72a (0xbfe5)
core   0: 0x8000a722 (0x00006f17) auipc   t5, 0x6
core   0: 3 0x8000a722 (0x00006f17) x30 0x80010722
core   0: 0x8000a726 (0x8c3f2f23) sw      gp, -1826(t5)
core   0: 3 0x8000a726 (0x8c3f2f23) mem 0x80010000 0x00000001
core   0: 0x8000a72a (0x0000bfe5) c.j     pc - 8
core   0: 3 0x8000a72a (0xbfe5)
core   0: 0x8000a722 (0x00006f17) auipc   t5, 0x6
core   0: 3 0x8000a722 (0x00006f17) x30 0x80010722
core   0: 0x8000a726 (0x8c3f2f23) sw      gp, -1826(t5)
core   0: 3 0x8000a726 (0x8c3f2f23) mem 0x80010000 0x00000001
core   0: 0x8000a72a (0x0000bfe5) c.j     pc - 8
core   0: 3 0x8000a72a (0xbfe5)
core   0: 0x8000a722 (0x00006f17) auipc   t5, 0x6
core   0: 3 0x8000a722 (0x00006f17) x30 0x80010722
core   0: 0x8000a726 (0x8c3f2f23) sw      gp, -1826(t5)
core   0: 3 0x8000a726 (0x8c3f2f23) mem 0x80010000 0x00000001
core   0: 0x8000a72a (0x0000bfe5) c.j     pc - 8
core   0: 3 0x8000a72a (0xbfe5)
core   0: 0x8000a722 (0x00006f17) auipc   t5, 0x6
core   0: 3 0x8000a722 (0x00006f17) x30 0x80010722
core   0: 0x8000a726 (0x8c3f2f23) sw      gp, -1826(t5)
core   0: 3 0x8000a726 (0x8c3f2f23) mem 0x80010000 0x00000001
core   0: 0x8000a72a (0x0000bfe5) c.j     pc - 8
core   0: 3 0x8000a72a (0xbfe5)
core   0: 0x8000a722 (0x00006f17) auipc   t5, 0x6
core   0: 3 0x8000a722 (0x00006f17) x30 0x80010722
core   0: 0x8000a726 (0x8c3f2f23) sw      gp, -1826(t5)
core   0: 3 0x8000a726 (0x8c3f2f23) mem 0x80010000 0x00000001
core   0: 0x8000a72a (0x0000bfe5) c.j     pc - 8
core   0: 3 0x8000a72a (0xbfe5)
core   0: 0x8000a722 (0x00006f17) auipc   t5, 0x6
core   0: 3 0x8000a722 (0x00006f17) x30 0x80010722
core   0: 0x8000a726 (0x8c3f2f23) sw      gp, -1826(t5)
core   0: 3 0x8000a726 (0x8c3f2f23) mem 0x80010000 0x00000001
core   0: 0x8000a72a (0x0000bfe5) c.j     pc - 8
core   0: 3 0x8000a72a (0xbfe5)
core   0: 0x8000a722 (0x00006f17) auipc   t5, 0x6
core   0: 3 0x8000a722 (0x00006f17) x30 0x80010722
core   0: 0x8000a726 (0x8c3f2f23) sw      gp, -1826(t5)
core   0: 3 0x8000a726 (0x8c3f2f23) mem 0x80010000 0x00000001
core   0: 0x8000a72a (0x0000bfe5) c.j     pc - 8
core   0: 3 0x8000a72a (0xbfe5)
core   0: 0x8000a722 (0x00006f17) auipc   t5, 0x6
core   0: 3 0x8000a722 (0x00006f17) x30 0x80010722
core   0: 0x8000a726 (0x8c3f2f23) sw      gp, -1826(t5)
core   0: 3 0x8000a726 (0x8c3f2f23) mem 0x80010000 0x00000001
core   0: 0x8000a72a (0x0000bfe5) c.j     pc - 8
core   0: 3 0x8000a72a (0xbfe5)
core   0: 0x8000a722 (0x00006f17) auipc   t5, 0x6
core   0: 3 0x8000a722 (0x00006f17) x30 0x80010722
core   0: 0x8000a726 (0x8c3f2f23) sw      gp, -1826(t5)
core   0: 3 0x8000a726 (0x8c3f2f23) mem 0x80010000 0x00000001
core   0: 0x8000a72a (0x0000bfe5) c.j     pc - 8
core   0: 3 0x8000a72a (0xbfe5)
core   0: 0x8000a722 (0x00006f17) auipc   t5, 0x6
core   0: 3 0x8000a722 (0x00006f17) x30 0x80010722
core   0: 0x8000a726 (0x8c3f2f23) sw      gp, -1826(t5)
core   0: 3 0x8000a726 (0x8c3f2f23) mem 0x80010000 0x00000001
core   0: 0x8000a72a (0x0000bfe5) c.j     pc - 8
core   0: 3 0x8000a72a (0xbfe5)
core   0: 0x8000a722 (0x00006f17) auipc   t5, 0x6
core   0: 3 0x8000a722 (0x00006f17) x30 0x80010722
core   0: 0x8000a726 (0x8c3f2f23) sw      gp, -1826(t5)
core   0: 3 0x8000a726 (0x8c3f2f23) mem 0x80010000 0x00000001
core   0: 0x8000a72a (0x0000bfe5) c.j     pc - 8
core   0: 3 0x8000a72a (0xbfe5)
core   0: 0x8000a722 (0x00006f17) auipc   t5, 0x6
core   0: 3 0x8000a722 (0x00006f17) x30 0x80010722
core   0: 0x8000a726 (0x8c3f2f23) sw      gp, -1826(t5)
core   0: 3 0x8000a726 (0x8c3f2f23) mem 0x80010000 0x00000001
core   0: 0x8000a72a (0x0000bfe5) c.j     pc - 8
core   0: 3 0x8000a72a (0xbfe5)
core   0: 0x8000a722 (0x00006f17) auipc   t5, 0x6
core   0: 3 0x8000a722 (0x00006f17) x30 0x80010722
core   0: 0x8000a726 (0x8c3f2f23) sw      gp, -1826(t5)
core   0: 3 0x8000a726 (0x8c3f2f23) mem 0x80010000 0x00000001
core   0: 0x8000a72a (0x0000bfe5) c.j     pc - 8
core   0: 3 0x8000a72a (0xbfe5)
core   0: 0x8000a722 (0x00006f17) auipc   t5, 0x6
core   0: 3 0x8000a722 (0x00006f17) x30 0x80010722
core   0: 0x8000a726 (0x8c3f2f23) sw      gp, -1826(t5)
core   0: 3 0x8000a726 (0x8c3f2f23) mem 0x80010000 0x00000001
core   0: 0x8000a72a (0x0000bfe5) c.j     pc - 8
core   0: 3 0x8000a72a (0xbfe5)
core   0: 0x8000a722 (0x00006f17) auipc   t5, 0x6
core   0: 3 0x8000a722 (0x00006f17) x30 0x80010722
core   0: 0x8000a726 (0x8c3f2f23) sw      gp, -1826(t5)
core   0: 3 0x8000a726 (0x8c3f2f23) mem 0x80010000 0x00000001
core   0: 0x8000a72a (0x0000bfe5) c.j     pc - 8
core   0: 3 0x8000a72a (0xbfe5)
core   0: 0x8000a722 (0x00006f17) auipc   t5, 0x6
core   0: 3 0x8000a722 (0x00006f17) x30 0x80010722
core   0: 0x8000a726 (0x8c3f2f23) sw      gp, -1826(t5)
core   0: 3 0x8000a726 (0x8c3f2f23) mem 0x80010000 0x00000001
core   0: 0x8000a72a (0x0000bfe5) c.j     pc - 8
core   0: 3 0x8000a72a (0xbfe5)
core   0: 0x8000a722 (0x00006f17) auipc   t5, 0x6
core   0: 3 0x8000a722 (0x00006f17) x30 0x80010722
core   0: 0x8000a726 (0x8c3f2f23) sw      gp, -1826(t5)
core   0: 3 0x8000a726 (0x8c3f2f23) mem 0x80010000 0x00000001
core   0: 0x8000a72a (0x0000bfe5) c.j     pc - 8
core   0: 3 0x8000a72a (0xbfe5)
core   0: 0x8000a722 (0x00006f17) auipc   t5, 0x6
core   0: 3 0x8000a722 (0x00006f17) x30 0x80010722
core   0: 0x8000a726 (0x8c3f2f23) sw      gp, -1826(t5)
core   0: 3 0x8000a726 (0x8c3f2f23) mem 0x80010000 0x00000001
core   0: 0x8000a72a (0x0000bfe5) c.j     pc - 8
core   0: 3 0x8000a72a (0xbfe5)
core   0: 0x8000a722 (0x00006f17) auipc   t5, 0x6
core   0: 3 0x8000a722 (0x00006f17) x30 0x80010722
core   0: 0x8000a726 (0x8c3f2f23) sw      gp, -1826(t5)
core   0: 3 0x8000a726 (0x8c3f2f23) mem 0x80010000 0x00000001
core   0: 0x8000a72a (0x0000bfe5) c.j     pc - 8
core   0: 3 0x8000a72a (0xbfe5)
core   0: 0x8000a722 (0x00006f17) auipc   t5, 0x6
core   0: 3 0x8000a722 (0x00006f17) x30 0x80010722
core   0: 0x8000a726 (0x8c3f2f23) sw      gp, -1826(t5)
core   0: 3 0x8000a726 (0x8c3f2f23) mem 0x80010000 0x00000001
core   0: 0x8000a72a (0x0000bfe5) c.j     pc - 8
core   0: 3 0x8000a72a (0xbfe5)
core   0: 0x8000a722 (0x00006f17) auipc   t5, 0x6
core   0: 3 0x8000a722 (0x00006f17) x30 0x80010722
core   0: 0x8000a726 (0x8c3f2f23) sw      gp, -1826(t5)
core   0: 3 0x8000a726 (0x8c3f2f23) mem 0x80010000 0x00000001
core   0: 0x8000a72a (0x0000bfe5) c.j     pc - 8
core   0: 3 0x8000a72a (0xbfe5)
core   0: 0x8000a722 (0x00006f17) auipc   t5, 0x6
core   0: 3 0x8000a722 (0x00006f17) x30 0x80010722
core   0: 0x8000a726 (0x8c3f2f23) sw      gp, -1826(t5)
core   0: 3 0x8000a726 (0x8c3f2f23) mem 0x80010000 0x00000001
core   0: 0x8000a72a (0x0000bfe5) c.j     pc - 8
core   0: 3 0x8000a72a (0xbfe5)
core   0: 0x8000a722 (0x00006f17) auipc   t5, 0x6
core   0: 3 0x8000a722 (0x00006f17) x30 0x80010722
core   0: 0x8000a726 (0x8c3f2f23) sw      gp, -1826(t5)
core   0: 3 0x8000a726 (0x8c3f2f23) mem 0x80010000 0x00000001
core   0: 0x8000a72a (0x0000bfe5) c.j     pc - 8
core   0: 3 0x8000a72a (0xbfe5)
core   0: 0x8000a722 (0x00006f17) auipc   t5, 0x6
core   0: 3 0x8000a722 (0x00006f17) x30 0x80010722
core   0: 0x8000a726 (0x8c3f2f23) sw      gp, -1826(t5)
core   0: 3 0x8000a726 (0x8c3f2f23) mem 0x80010000 0x00000001
core   0: 0x8000a72a (0x0000bfe5) c.j     pc - 8
core   0: 3 0x8000a72a (0xbfe5)
core   0: 0x8000a722 (0x00006f17) auipc   t5, 0x6
core   0: 3 0x8000a722 (0x00006f17) x30 0x80010722
core   0: 0x8000a726 (0x8c3f2f23) sw      gp, -1826(t5)
core   0: 3 0x8000a726 (0x8c3f2f23) mem 0x80010000 0x00000001
core   0: 0x8000a72a (0x0000bfe5) c.j     pc - 8
core   0: 3 0x8000a72a (0xbfe5)
core   0: 0x8000a722 (0x00006f17) auipc   t5, 0x6
core   0: 3 0x8000a722 (0x00006f17) x30 0x80010722
core   0: 0x8000a726 (0x8c3f2f23) sw      gp, -1826(t5)
core   0: 3 0x8000a726 (0x8c3f2f23) mem 0x80010000 0x00000001
core   0: 0x8000a72a (0x0000bfe5) c.j     pc - 8
core   0: 3 0x8000a72a (0xbfe5)
core   0: 0x8000a722 (0x00006f17) auipc   t5, 0x6
core   0: 3 0x8000a722 (0x00006f17) x30 0x80010722
core   0: 0x8000a726 (0x8c3f2f23) sw      gp, -1826(t5)
core   0: 3 0x8000a726 (0x8c3f2f23) mem 0x80010000 0x00000001
core   0: 0x8000a72a (0x0000bfe5) c.j     pc - 8
core   0: 3 0x8000a72a (0xbfe5)
core   0: 0x8000a722 (0x00006f17) auipc   t5, 0x6
core   0: 3 0x8000a722 (0x00006f17) x30 0x80010722
core   0: 0x8000a726 (0x8c3f2f23) sw      gp, -1826(t5)
core   0: 3 0x8000a726 (0x8c3f2f23) mem 0x80010000 0x00000001
core   0: 0x8000a72a (0x0000bfe5) c.j     pc - 8
core   0: 3 0x8000a72a (0xbfe5)
core   0: 0x8000a722 (0x00006f17) auipc   t5, 0x6
core   0: 3 0x8000a722 (0x00006f17) x30 0x80010722
core   0: 0x8000a726 (0x8c3f2f23) sw      gp, -1826(t5)
core   0: 3 0x8000a726 (0x8c3f2f23) mem 0x80010000 0x00000001
core   0: 0x8000a72a (0x0000bfe5) c.j     pc - 8
core   0: 3 0x8000a72a (0xbfe5)
core   0: 0x8000a722 (0x00006f17) auipc   t5, 0x6
core   0: 3 0x8000a722 (0x00006f17) x30 0x80010722
core   0: 0x8000a726 (0x8c3f2f23) sw      gp, -1826(t5)
core   0: 3 0x8000a726 (0x8c3f2f23) mem 0x80010000 0x00000001
core   0: 0x8000a72a (0x0000bfe5) c.j     pc - 8
core   0: 3 0x8000a72a (0xbfe5)
core   0: 0x8000a722 (0x00006f17) auipc   t5, 0x6
core   0: 3 0x8000a722 (0x00006f17) x30 0x80010722
core   0: 0x8000a726 (0x8c3f2f23) sw      gp, -1826(t5)
core   0: 3 0x8000a726 (0x8c3f2f23) mem 0x80010000 0x00000001
core   0: 0x8000a72a (0x0000bfe5) c.j     pc - 8
core   0: 3 0x8000a72a (0xbfe5)
core   0: 0x8000a722 (0x00006f17) auipc   t5, 0x6
core   0: 3 0x8000a722 (0x00006f17) x30 0x80010722
core   0: 0x8000a726 (0x8c3f2f23) sw      gp, -1826(t5)
core   0: 3 0x8000a726 (0x8c3f2f23) mem 0x80010000 0x00000001
core   0: 0x8000a72a (0x0000bfe5) c.j     pc - 8
core   0: 3 0x8000a72a (0xbfe5)
core   0: 0x8000a722 (0x00006f17) auipc   t5, 0x6
core   0: 3 0x8000a722 (0x00006f17) x30 0x80010722
core   0: 0x8000a726 (0x8c3f2f23) sw      gp, -1826(t5)
core   0: 3 0x8000a726 (0x8c3f2f23) mem 0x80010000 0x00000001
core   0: 0x8000a72a (0x0000bfe5) c.j     pc - 8
core   0: 3 0x8000a72a (0xbfe5)
core   0: 0x8000a722 (0x00006f17) auipc   t5, 0x6
core   0: 3 0x8000a722 (0x00006f17) x30 0x80010722
core   0: 0x8000a726 (0x8c3f2f23) sw      gp, -1826(t5)
core   0: 3 0x8000a726 (0x8c3f2f23) mem 0x80010000 0x00000001
core   0: 0x8000a72a (0x0000bfe5) c.j     pc - 8
core   0: 3 0x8000a72a (0xbfe5)
core   0: 0x8000a722 (0x00006f17) auipc   t5, 0x6
core   0: 3 0x8000a722 (0x00006f17) x30 0x80010722
core   0: 0x8000a726 (0x8c3f2f23) sw      gp, -1826(t5)
core   0: 3 0x8000a726 (0x8c3f2f23) mem 0x80010000 0x00000001
core   0: 0x8000a72a (0x0000bfe5) c.j     pc - 8
core   0: 3 0x8000a72a (0xbfe5)
core   0: 0x8000a722 (0x00006f17) auipc   t5, 0x6
core   0: 3 0x8000a722 (0x00006f17) x30 0x80010722
core   0: 0x8000a726 (0x8c3f2f23) sw      gp, -1826(t5)
core   0: 3 0x8000a726 (0x8c3f2f23) mem 0x80010000 0x00000001
core   0: 0x8000a72a (0x0000bfe5) c.j     pc - 8
core   0: 3 0x8000a72a (0xbfe5)
core   0: 0x8000a722 (0x00006f17) auipc   t5, 0x6
core   0: 3 0x8000a722 (0x00006f17) x30 0x80010722
core   0: 0x8000a726 (0x8c3f2f23) sw      gp, -1826(t5)
core   0: 3 0x8000a726 (0x8c3f2f23) mem 0x80010000 0x00000001
core   0: 0x8000a72a (0x0000bfe5) c.j     pc - 8
core   0: 3 0x8000a72a (0xbfe5)
core   0: 0x8000a722 (0x00006f17) auipc   t5, 0x6
core   0: 3 0x8000a722 (0x00006f17) x30 0x80010722
core   0: 0x8000a726 (0x8c3f2f23) sw      gp, -1826(t5)
core   0: 3 0x8000a726 (0x8c3f2f23) mem 0x80010000 0x00000001
core   0: 0x8000a72a (0x0000bfe5) c.j     pc - 8
core   0: 3 0x8000a72a (0xbfe5)
core   0: 0x8000a722 (0x00006f17) auipc   t5, 0x6
core   0: 3 0x8000a722 (0x00006f17) x30 0x80010722
core   0: 0x8000a726 (0x8c3f2f23) sw      gp, -1826(t5)
core   0: 3 0x8000a726 (0x8c3f2f23) mem 0x80010000 0x00000001
core   0: 0x8000a72a (0x0000bfe5) c.j     pc - 8
core   0: 3 0x8000a72a (0xbfe5)
core   0: 0x8000a722 (0x00006f17) auipc   t5, 0x6
core   0: 3 0x8000a722 (0x00006f17) x30 0x80010722
core   0: 0x8000a726 (0x8c3f2f23) sw      gp, -1826(t5)
core   0: 3 0x8000a726 (0x8c3f2f23) mem 0x80010000 0x00000001
core   0: 0x8000a72a (0x0000bfe5) c.j     pc - 8
core   0: 3 0x8000a72a (0xbfe5)
core   0: 0x8000a722 (0x00006f17) auipc   t5, 0x6
core   0: 3 0x8000a722 (0x00006f17) x30 0x80010722
core   0: 0x8000a726 (0x8c3f2f23) sw      gp, -1826(t5)
core   0: 3 0x8000a726 (0x8c3f2f23) mem 0x80010000 0x00000001
core   0: 0x8000a72a (0x0000bfe5) c.j     pc - 8
core   0: 3 0x8000a72a (0xbfe5)
core   0: 0x8000a722 (0x00006f17) auipc   t5, 0x6
core   0: 3 0x8000a722 (0x00006f17) x30 0x80010722
core   0: 0x8000a726 (0x8c3f2f23) sw      gp, -1826(t5)
core   0: 3 0x8000a726 (0x8c3f2f23) mem 0x80010000 0x00000001
core   0: 0x8000a72a (0x0000bfe5) c.j     pc - 8
core   0: 3 0x8000a72a (0xbfe5)
core   0: 0x8000a722 (0x00006f17) auipc   t5, 0x6
core   0: 3 0x8000a722 (0x00006f17) x30 0x80010722
core   0: 0x8000a726 (0x8c3f2f23) sw      gp, -1826(t5)
core   0: 3 0x8000a726 (0x8c3f2f23) mem 0x80010000 0x00000001
core   0: 0x8000a72a (0x0000bfe5) c.j     pc - 8
core   0: 3 0x8000a72a (0xbfe5)
core   0: 0x8000a722 (0x00006f17) auipc   t5, 0x6
core   0: 3 0x8000a722 (0x00006f17) x30 0x80010722
core   0: 0x8000a726 (0x8c3f2f23) sw      gp, -1826(t5)
core   0: 3 0x8000a726 (0x8c3f2f23) mem 0x80010000 0x00000001
core   0: 0x8000a72a (0x0000bfe5) c.j     pc - 8
core   0: 3 0x8000a72a (0xbfe5)
core   0: 0x8000a722 (0x00006f17) auipc   t5, 0x6
core   0: 3 0x8000a722 (0x00006f17) x30 0x80010722
core   0: 0x8000a726 (0x8c3f2f23) sw      gp, -1826(t5)
core   0: 3 0x8000a726 (0x8c3f2f23) mem 0x80010000 0x00000001
core   0: 0x8000a72a (0x0000bfe5) c.j     pc - 8
core   0: 3 0x8000a72a (0xbfe5)
core   0: 0x8000a722 (0x00006f17) auipc   t5, 0x6
core   0: 3 0x8000a722 (0x00006f17) x30 0x80010722
core   0: 0x8000a726 (0x8c3f2f23) sw      gp, -1826(t5)
core   0: 3 0x8000a726 (0x8c3f2f23) mem 0x80010000 0x00000001
core   0: 0x8000a72a (0x0000bfe5) c.j     pc - 8
core   0: 3 0x8000a72a (0xbfe5)
core   0: 0x8000a722 (0x00006f17) auipc   t5, 0x6
core   0: 3 0x8000a722 (0x00006f17) x30 0x80010722
core   0: 0x8000a726 (0x8c3f2f23) sw      gp, -1826(t5)
core   0: 3 0x8000a726 (0x8c3f2f23) mem 0x80010000 0x00000001
core   0: 0x8000a72a (0x0000bfe5) c.j     pc - 8
core   0: 3 0x8000a72a (0xbfe5)
core   0: 0x8000a722 (0x00006f17) auipc   t5, 0x6
core   0: 3 0x8000a722 (0x00006f17) x30 0x80010722
core   0: 0x8000a726 (0x8c3f2f23) sw      gp, -1826(t5)
core   0: 3 0x8000a726 (0x8c3f2f23) mem 0x80010000 0x00000001
core   0: 0x8000a72a (0x0000bfe5) c.j     pc - 8
core   0: 3 0x8000a72a (0xbfe5)
core   0: 0x8000a722 (0x00006f17) auipc   t5, 0x6
core   0: 3 0x8000a722 (0x00006f17) x30 0x80010722
core   0: 0x8000a726 (0x8c3f2f23) sw      gp, -1826(t5)
core   0: 3 0x8000a726 (0x8c3f2f23) mem 0x80010000 0x00000001
core   0: 0x8000a72a (0x0000bfe5) c.j     pc - 8
core   0: 3 0x8000a72a (0xbfe5)
core   0: 0x8000a722 (0x00006f17) auipc   t5, 0x6
core   0: 3 0x8000a722 (0x00006f17) x30 0x80010722
core   0: 0x8000a726 (0x8c3f2f23) sw      gp, -1826(t5)
core   0: 3 0x8000a726 (0x8c3f2f23) mem 0x80010000 0x00000001
core   0: 0x8000a72a (0x0000bfe5) c.j     pc - 8
core   0: 3 0x8000a72a (0xbfe5)
core   0: 0x8000a722 (0x00006f17) auipc   t5, 0x6
core   0: 3 0x8000a722 (0x00006f17) x30 0x80010722
core   0: 0x8000a726 (0x8c3f2f23) sw      gp, -1826(t5)
core   0: 3 0x8000a726 (0x8c3f2f23) mem 0x80010000 0x00000001
core   0: 0x8000a72a (0x0000bfe5) c.j     pc - 8
core   0: 3 0x8000a72a (0xbfe5)
core   0: 0x8000a722 (0x00006f17) auipc   t5, 0x6
core   0: 3 0x8000a722 (0x00006f17) x30 0x80010722
core   0: 0x8000a726 (0x8c3f2f23) sw      gp, -1826(t5)
core   0: 3 0x8000a726 (0x8c3f2f23) mem 0x80010000 0x00000001
core   0: 0x8000a72a (0x0000bfe5) c.j     pc - 8
core   0: 3 0x8000a72a (0xbfe5)
core   0: 0x8000a722 (0x00006f17) auipc   t5, 0x6
core   0: 3 0x8000a722 (0x00006f17) x30 0x80010722
core   0: 0x8000a726 (0x8c3f2f23) sw      gp, -1826(t5)
core   0: 3 0x8000a726 (0x8c3f2f23) mem 0x80010000 0x00000001
core   0: 0x8000a72a (0x0000bfe5) c.j     pc - 8
core   0: 3 0x8000a72a (0xbfe5)
core   0: 0x8000a722 (0x00006f17) auipc   t5, 0x6
core   0: 3 0x8000a722 (0x00006f17) x30 0x80010722
core   0: 0x8000a726 (0x8c3f2f23) sw      gp, -1826(t5)
core   0: 3 0x8000a726 (0x8c3f2f23) mem 0x80010000 0x00000001
core   0: 0x8000a72a (0x0000bfe5) c.j     pc - 8
core   0: 3 0x8000a72a (0xbfe5)
core   0: 0x8000a722 (0x00006f17) auipc   t5, 0x6
core   0: 3 0x8000a722 (0x00006f17) x30 0x80010722
core   0: 0x8000a726 (0x8c3f2f23) sw      gp, -1826(t5)
core   0: 3 0x8000a726 (0x8c3f2f23) mem 0x80010000 0x00000001
core   0: 0x8000a72a (0x0000bfe5) c.j     pc - 8
core   0: 3 0x8000a72a (0xbfe5)
core   0: 0x8000a722 (0x00006f17) auipc   t5, 0x6
core   0: 3 0x8000a722 (0x00006f17) x30 0x80010722
core   0: 0x8000a726 (0x8c3f2f23) sw      gp, -1826(t5)
core   0: 3 0x8000a726 (0x8c3f2f23) mem 0x80010000 0x00000001
core   0: 0x8000a72a (0x0000bfe5) c.j     pc - 8
core   0: 3 0x8000a72a (0xbfe5)
core   0: 0x8000a722 (0x00006f17) auipc   t5, 0x6
core   0: 3 0x8000a722 (0x00006f17) x30 0x80010722
core   0: 0x8000a726 (0x8c3f2f23) sw      gp, -1826(t5)
core   0: 3 0x8000a726 (0x8c3f2f23) mem 0x80010000 0x00000001
core   0: 0x8000a72a (0x0000bfe5) c.j     pc - 8
core   0: 3 0x8000a72a (0xbfe5)
core   0: 0x8000a722 (0x00006f17) auipc   t5, 0x6
core   0: 3 0x8000a722 (0x00006f17) x30 0x80010722
core   0: 0x8000a726 (0x8c3f2f23) sw      gp, -1826(t5)
core   0: 3 0x8000a726 (0x8c3f2f23) mem 0x80010000 0x00000001
core   0: 0x8000a72a (0x0000bfe5) c.j     pc - 8
core   0: 3 0x8000a72a (0xbfe5)
core   0: 0x8000a722 (0x00006f17) auipc   t5, 0x6
core   0: 3 0x8000a722 (0x00006f17) x30 0x80010722
core   0: 0x8000a726 (0x8c3f2f23) sw      gp, -1826(t5)
core   0: 3 0x8000a726 (0x8c3f2f23) mem 0x80010000 0x00000001
core   0: 0x8000a72a (0x0000bfe5) c.j     pc - 8
core   0: 3 0x8000a72a (0xbfe5)
core   0: 0x8000a722 (0x00006f17) auipc   t5, 0x6
core   0: 3 0x8000a722 (0x00006f17) x30 0x80010722
core   0: 0x8000a726 (0x8c3f2f23) sw      gp, -1826(t5)
core   0: 3 0x8000a726 (0x8c3f2f23) mem 0x80010000 0x00000001
core   0: 0x8000a72a (0x0000bfe5) c.j     pc - 8
core   0: 3 0x8000a72a (0xbfe5)
core   0: 0x8000a722 (0x00006f17) auipc   t5, 0x6
core   0: 3 0x8000a722 (0x00006f17) x30 0x80010722
core   0: 0x8000a726 (0x8c3f2f23) sw      gp, -1826(t5)
core   0: 3 0x8000a726 (0x8c3f2f23) mem 0x80010000 0x00000001
core   0: 0x8000a72a (0x0000bfe5) c.j     pc - 8
core   0: 3 0x8000a72a (0xbfe5)
core   0: 0x8000a722 (0x00006f17) auipc   t5, 0x6
core   0: 3 0x8000a722 (0x00006f17) x30 0x80010722
core   0: 0x8000a726 (0x8c3f2f23) sw      gp, -1826(t5)
core   0: 3 0x8000a726 (0x8c3f2f23) mem 0x80010000 0x00000001
core   0: 0x8000a72a (0x0000bfe5) c.j     pc - 8
core   0: 3 0x8000a72a (0xbfe5)
core   0: 0x8000a722 (0x00006f17) auipc   t5, 0x6
core   0: 3 0x8000a722 (0x00006f17) x30 0x80010722
core   0: 0x8000a726 (0x8c3f2f23) sw      gp, -1826(t5)
core   0: 3 0x8000a726 (0x8c3f2f23) mem 0x80010000 0x00000001
core   0: 0x8000a72a (0x0000bfe5) c.j     pc - 8
core   0: 3 0x8000a72a (0xbfe5)
core   0: 0x8000a722 (0x00006f17) auipc   t5, 0x6
core   0: 3 0x8000a722 (0x00006f17) x30 0x80010722
core   0: 0x8000a726 (0x8c3f2f23) sw      gp, -1826(t5)
core   0: 3 0x8000a726 (0x8c3f2f23) mem 0x80010000 0x00000001
core   0: 0x8000a72a (0x0000bfe5) c.j     pc - 8
core   0: 3 0x8000a72a (0xbfe5)
core   0: 0x8000a722 (0x00006f17) auipc   t5, 0x6
core   0: 3 0x8000a722 (0x00006f17) x30 0x80010722
core   0: 0x8000a726 (0x8c3f2f23) sw      gp, -1826(t5)
core   0: 3 0x8000a726 (0x8c3f2f23) mem 0x80010000 0x00000001
core   0: 0x8000a72a (0x0000bfe5) c.j     pc - 8
core   0: 3 0x8000a72a (0xbfe5)
core   0: 0x8000a722 (0x00006f17) auipc   t5, 0x6
core   0: 3 0x8000a722 (0x00006f17) x30 0x80010722
core   0: 0x8000a726 (0x8c3f2f23) sw      gp, -1826(t5)
core   0: 3 0x8000a726 (0x8c3f2f23) mem 0x80010000 0x00000001
core   0: 0x8000a72a (0x0000bfe5) c.j     pc - 8
core   0: 3 0x8000a72a (0xbfe5)
core   0: 0x8000a722 (0x00006f17) auipc   t5, 0x6
core   0: 3 0x8000a722 (0x00006f17) x30 0x80010722
core   0: 0x8000a726 (0x8c3f2f23) sw      gp, -1826(t5)
core   0: 3 0x8000a726 (0x8c3f2f23) mem 0x80010000 0x00000001
core   0: 0x8000a72a (0x0000bfe5) c.j     pc - 8
core   0: 3 0x8000a72a (0xbfe5)
core   0: 0x8000a722 (0x00006f17) auipc   t5, 0x6
core   0: 3 0x8000a722 (0x00006f17) x30 0x80010722
core   0: 0x8000a726 (0x8c3f2f23) sw      gp, -1826(t5)
core   0: 3 0x8000a726 (0x8c3f2f23) mem 0x80010000 0x00000001
core   0: 0x8000a72a (0x0000bfe5) c.j     pc - 8
core   0: 3 0x8000a72a (0xbfe5)
core   0: 0x8000a722 (0x00006f17) auipc   t5, 0x6
core   0: 3 0x8000a722 (0x00006f17) x30 0x80010722
core   0: 0x8000a726 (0x8c3f2f23) sw      gp, -1826(t5)
core   0: 3 0x8000a726 (0x8c3f2f23) mem 0x80010000 0x00000001
core   0: 0x8000a72a (0x0000bfe5) c.j     pc - 8
core   0: 3 0x8000a72a (0xbfe5)
core   0: 0x8000a722 (0x00006f17) auipc   t5, 0x6
core   0: 3 0x8000a722 (0x00006f17) x30 0x80010722
core   0: 0x8000a726 (0x8c3f2f23) sw      gp, -1826(t5)
core   0: 3 0x8000a726 (0x8c3f2f23) mem 0x80010000 0x00000001
core   0: 0x8000a72a (0x0000bfe5) c.j     pc - 8
core   0: 3 0x8000a72a (0xbfe5)
core   0: 0x8000a722 (0x00006f17) auipc   t5, 0x6
core   0: 3 0x8000a722 (0x00006f17) x30 0x80010722
core   0: 0x8000a726 (0x8c3f2f23) sw      gp, -1826(t5)
core   0: 3 0x8000a726 (0x8c3f2f23) mem 0x80010000 0x00000001
core   0: 0x8000a72a (0x0000bfe5) c.j     pc - 8
core   0: 3 0x8000a72a (0xbfe5)
core   0: 0x8000a722 (0x00006f17) auipc   t5, 0x6
core   0: 3 0x8000a722 (0x00006f17) x30 0x80010722
core   0: 0x8000a726 (0x8c3f2f23) sw      gp, -1826(t5)
core   0: 3 0x8000a726 (0x8c3f2f23) mem 0x80010000 0x00000001
core   0: 0x8000a72a (0x0000bfe5) c.j     pc - 8
core   0: 3 0x8000a72a (0xbfe5)
core   0: 0x8000a722 (0x00006f17) auipc   t5, 0x6
core   0: 3 0x8000a722 (0x00006f17) x30 0x80010722
core   0: 0x8000a726 (0x8c3f2f23) sw      gp, -1826(t5)
core   0: 3 0x8000a726 (0x8c3f2f23) mem 0x80010000 0x00000001
core   0: 0x8000a72a (0x0000bfe5) c.j     pc - 8
core   0: 3 0x8000a72a (0xbfe5)
core   0: 0x8000a722 (0x00006f17) auipc   t5, 0x6
core   0: 3 0x8000a722 (0x00006f17) x30 0x80010722
core   0: 0x8000a726 (0x8c3f2f23) sw      gp, -1826(t5)
core   0: 3 0x8000a726 (0x8c3f2f23) mem 0x80010000 0x00000001
core   0: 0x8000a72a (0x0000bfe5) c.j     pc - 8
core   0: 3 0x8000a72a (0xbfe5)
core   0: 0x8000a722 (0x00006f17) auipc   t5, 0x6
core   0: 3 0x8000a722 (0x00006f17) x30 0x80010722
core   0: 0x8000a726 (0x8c3f2f23) sw      gp, -1826(t5)
core   0: 3 0x8000a726 (0x8c3f2f23) mem 0x80010000 0x00000001
core   0: 0x8000a72a (0x0000bfe5) c.j     pc - 8
core   0: 3 0x8000a72a (0xbfe5)
core   0: 0x8000a722 (0x00006f17) auipc   t5, 0x6
core   0: 3 0x8000a722 (0x00006f17) x30 0x80010722
core   0: 0x8000a726 (0x8c3f2f23) sw      gp, -1826(t5)
core   0: 3 0x8000a726 (0x8c3f2f23) mem 0x80010000 0x00000001
core   0: 0x8000a72a (0x0000bfe5) c.j     pc - 8
core   0: 3 0x8000a72a (0xbfe5)
core   0: 0x8000a722 (0x00006f17) auipc   t5, 0x6
core   0: 3 0x8000a722 (0x00006f17) x30 0x80010722
core   0: 0x8000a726 (0x8c3f2f23) sw      gp, -1826(t5)
core   0: 3 0x8000a726 (0x8c3f2f23) mem 0x80010000 0x00000001
core   0: 0x8000a72a (0x0000bfe5) c.j     pc - 8
core   0: 3 0x8000a72a (0xbfe5)
core   0: 0x8000a722 (0x00006f17) auipc   t5, 0x6
core   0: 3 0x8000a722 (0x00006f17) x30 0x80010722
core   0: 0x8000a726 (0x8c3f2f23) sw      gp, -1826(t5)
core   0: 3 0x8000a726 (0x8c3f2f23) mem 0x80010000 0x00000001
core   0: 0x8000a72a (0x0000bfe5) c.j     pc - 8
core   0: 3 0x8000a72a (0xbfe5)
core   0: 0x8000a722 (0x00006f17) auipc   t5, 0x6
core   0: 3 0x8000a722 (0x00006f17) x30 0x80010722
core   0: 0x8000a726 (0x8c3f2f23) sw      gp, -1826(t5)
core   0: 3 0x8000a726 (0x8c3f2f23) mem 0x80010000 0x00000001
core   0: 0x8000a72a (0x0000bfe5) c.j     pc - 8
core   0: 3 0x8000a72a (0xbfe5)
core   0: 0x8000a722 (0x00006f17) auipc   t5, 0x6
core   0: 3 0x8000a722 (0x00006f17) x30 0x80010722
core   0: 0x8000a726 (0x8c3f2f23) sw      gp, -1826(t5)
core   0: 3 0x8000a726 (0x8c3f2f23) mem 0x80010000 0x00000001
core   0: 0x8000a72a (0x0000bfe5) c.j     pc - 8
core   0: 3 0x8000a72a (0xbfe5)
core   0: 0x8000a722 (0x00006f17) auipc   t5, 0x6
core   0: 3 0x8000a722 (0x00006f17) x30 0x80010722
core   0: 0x8000a726 (0x8c3f2f23) sw      gp, -1826(t5)
core   0: 3 0x8000a726 (0x8c3f2f23) mem 0x80010000 0x00000001
core   0: 0x8000a72a (0x0000bfe5) c.j     pc - 8
core   0: 3 0x8000a72a (0xbfe5)
core   0: 0x8000a722 (0x00006f17) auipc   t5, 0x6
core   0: 3 0x8000a722 (0x00006f17) x30 0x80010722
core   0: 0x8000a726 (0x8c3f2f23) sw      gp, -1826(t5)
core   0: 3 0x8000a726 (0x8c3f2f23) mem 0x80010000 0x00000001
core   0: 0x8000a72a (0x0000bfe5) c.j     pc - 8
core   0: 3 0x8000a72a (0xbfe5)
core   0: 0x8000a722 (0x00006f17) auipc   t5, 0x6
core   0: 3 0x8000a722 (0x00006f17) x30 0x80010722
core   0: 0x8000a726 (0x8c3f2f23) sw      gp, -1826(t5)
core   0: 3 0x8000a726 (0x8c3f2f23) mem 0x80010000 0x00000001
core   0: 0x8000a72a (0x0000bfe5) c.j     pc - 8
core   0: 3 0x8000a72a (0xbfe5)
core   0: 0x8000a722 (0x00006f17) auipc   t5, 0x6
core   0: 3 0x8000a722 (0x00006f17) x30 0x80010722
core   0: 0x8000a726 (0x8c3f2f23) sw      gp, -1826(t5)
core   0: 3 0x8000a726 (0x8c3f2f23) mem 0x80010000 0x00000001
core   0: 0x8000a72a (0x0000bfe5) c.j     pc - 8
core   0: 3 0x8000a72a (0xbfe5)
core   0: 0x8000a722 (0x00006f17) auipc   t5, 0x6
core   0: 3 0x8000a722 (0x00006f17) x30 0x80010722
core   0: 0x8000a726 (0x8c3f2f23) sw      gp, -1826(t5)
core   0: 3 0x8000a726 (0x8c3f2f23) mem 0x80010000 0x00000001
core   0: 0x8000a72a (0x0000bfe5) c.j     pc - 8
core   0: 3 0x8000a72a (0xbfe5)
core   0: 0x8000a722 (0x00006f17) auipc   t5, 0x6
core   0: 3 0x8000a722 (0x00006f17) x30 0x80010722
core   0: 0x8000a726 (0x8c3f2f23) sw      gp, -1826(t5)
core   0: 3 0x8000a726 (0x8c3f2f23) mem 0x80010000 0x00000001
core   0: 0x8000a72a (0x0000bfe5) c.j     pc - 8
core   0: 3 0x8000a72a (0xbfe5)
core   0: 0x8000a722 (0x00006f17) auipc   t5, 0x6
core   0: 3 0x8000a722 (0x00006f17) x30 0x80010722
core   0: 0x8000a726 (0x8c3f2f23) sw      gp, -1826(t5)
core   0: 3 0x8000a726 (0x8c3f2f23) mem 0x80010000 0x00000001
core   0: 0x8000a72a (0x0000bfe5) c.j     pc - 8
core   0: 3 0x8000a72a (0xbfe5)
core   0: 0x8000a722 (0x00006f17) auipc   t5, 0x6
core   0: 3 0x8000a722 (0x00006f17) x30 0x80010722
core   0: 0x8000a726 (0x8c3f2f23) sw      gp, -1826(t5)
core   0: 3 0x8000a726 (0x8c3f2f23) mem 0x80010000 0x00000001
core   0: 0x8000a72a (0x0000bfe5) c.j     pc - 8
core   0: 3 0x8000a72a (0xbfe5)
core   0: 0x8000a722 (0x00006f17) auipc   t5, 0x6
core   0: 3 0x8000a722 (0x00006f17) x30 0x80010722
core   0: 0x8000a726 (0x8c3f2f23) sw      gp, -1826(t5)
core   0: 3 0x8000a726 (0x8c3f2f23) mem 0x80010000 0x00000001
core   0: 0x8000a72a (0x0000bfe5) c.j     pc - 8
core   0: 3 0x8000a72a (0xbfe5)
core   0: 0x8000a722 (0x00006f17) auipc   t5, 0x6
core   0: 3 0x8000a722 (0x00006f17) x30 0x80010722
core   0: 0x8000a726 (0x8c3f2f23) sw      gp, -1826(t5)
core   0: 3 0x8000a726 (0x8c3f2f23) mem 0x80010000 0x00000001
core   0: 0x8000a72a (0x0000bfe5) c.j     pc - 8
core   0: 3 0x8000a72a (0xbfe5)
core   0: 0x8000a722 (0x00006f17) auipc   t5, 0x6
core   0: 3 0x8000a722 (0x00006f17) x30 0x80010722
core   0: 0x8000a726 (0x8c3f2f23) sw      gp, -1826(t5)
core   0: 3 0x8000a726 (0x8c3f2f23) mem 0x80010000 0x00000001
core   0: 0x8000a72a (0x0000bfe5) c.j     pc - 8
core   0: 3 0x8000a72a (0xbfe5)
core   0: 0x8000a722 (0x00006f17) auipc   t5, 0x6
core   0: 3 0x8000a722 (0x00006f17) x30 0x80010722
core   0: 0x8000a726 (0x8c3f2f23) sw      gp, -1826(t5)
core   0: 3 0x8000a726 (0x8c3f2f23) mem 0x80010000 0x00000001
core   0: 0x8000a72a (0x0000bfe5) c.j     pc - 8
core   0: 3 0x8000a72a (0xbfe5)
core   0: 0x8000a722 (0x00006f17) auipc   t5, 0x6
core   0: 3 0x8000a722 (0x00006f17) x30 0x80010722
core   0: 0x8000a726 (0x8c3f2f23) sw      gp, -1826(t5)
core   0: 3 0x8000a726 (0x8c3f2f23) mem 0x80010000 0x00000001
core   0: 0x8000a72a (0x0000bfe5) c.j     pc - 8
core   0: 3 0x8000a72a (0xbfe5)
core   0: 0x8000a722 (0x00006f17) auipc   t5, 0x6
core   0: 3 0x8000a722 (0x00006f17) x30 0x80010722
core   0: 0x8000a726 (0x8c3f2f23) sw      gp, -1826(t5)
core   0: 3 0x8000a726 (0x8c3f2f23) mem 0x80010000 0x00000001
core   0: 0x8000a72a (0x0000bfe5) c.j     pc - 8
core   0: 3 0x8000a72a (0xbfe5)
core   0: 0x8000a722 (0x00006f17) auipc   t5, 0x6
core   0: 3 0x8000a722 (0x00006f17) x30 0x80010722
core   0: 0x8000a726 (0x8c3f2f23) sw      gp, -1826(t5)
core   0: 3 0x8000a726 (0x8c3f2f23) mem 0x80010000 0x00000001
core   0: 0x8000a72a (0x0000bfe5) c.j     pc - 8
core   0: 3 0x8000a72a (0xbfe5)
core   0: 0x8000a722 (0x00006f17) auipc   t5, 0x6
core   0: 3 0x8000a722 (0x00006f17) x30 0x80010722
core   0: 0x8000a726 (0x8c3f2f23) sw      gp, -1826(t5)
core   0: 3 0x8000a726 (0x8c3f2f23) mem 0x80010000 0x00000001
core   0: 0x8000a72a (0x0000bfe5) c.j     pc - 8
core   0: 3 0x8000a72a (0xbfe5)
core   0: 0x8000a722 (0x00006f17) auipc   t5, 0x6
core   0: 3 0x8000a722 (0x00006f17) x30 0x80010722
core   0: 0x8000a726 (0x8c3f2f23) sw      gp, -1826(t5)
core   0: 3 0x8000a726 (0x8c3f2f23) mem 0x80010000 0x00000001
core   0: 0x8000a72a (0x0000bfe5) c.j     pc - 8
core   0: 3 0x8000a72a (0xbfe5)
core   0: 0x8000a722 (0x00006f17) auipc   t5, 0x6
core   0: 3 0x8000a722 (0x00006f17) x30 0x80010722
core   0: 0x8000a726 (0x8c3f2f23) sw      gp, -1826(t5)
core   0: 3 0x8000a726 (0x8c3f2f23) mem 0x80010000 0x00000001
core   0: 0x8000a72a (0x0000bfe5) c.j     pc - 8
core   0: 3 0x8000a72a (0xbfe5)
core   0: 0x8000a722 (0x00006f17) auipc   t5, 0x6
core   0: 3 0x8000a722 (0x00006f17) x30 0x80010722
core   0: 0x8000a726 (0x8c3f2f23) sw      gp, -1826(t5)
core   0: 3 0x8000a726 (0x8c3f2f23) mem 0x80010000 0x00000001
core   0: 0x8000a72a (0x0000bfe5) c.j     pc - 8
core   0: 3 0x8000a72a (0xbfe5)
core   0: 0x8000a722 (0x00006f17) auipc   t5, 0x6
core   0: 3 0x8000a722 (0x00006f17) x30 0x80010722
core   0: 0x8000a726 (0x8c3f2f23) sw      gp, -1826(t5)
core   0: 3 0x8000a726 (0x8c3f2f23) mem 0x80010000 0x00000001
core   0: 0x8000a72a (0x0000bfe5) c.j     pc - 8
core   0: 3 0x8000a72a (0xbfe5)
core   0: 0x8000a722 (0x00006f17) auipc   t5, 0x6
core   0: 3 0x8000a722 (0x00006f17) x30 0x80010722
core   0: 0x8000a726 (0x8c3f2f23) sw      gp, -1826(t5)
core   0: 3 0x8000a726 (0x8c3f2f23) mem 0x80010000 0x00000001
core   0: 0x8000a72a (0x0000bfe5) c.j     pc - 8
core   0: 3 0x8000a72a (0xbfe5)
core   0: 0x8000a722 (0x00006f17) auipc   t5, 0x6
core   0: 3 0x8000a722 (0x00006f17) x30 0x80010722
core   0: 0x8000a726 (0x8c3f2f23) sw      gp, -1826(t5)
core   0: 3 0x8000a726 (0x8c3f2f23) mem 0x80010000 0x00000001
core   0: 0x8000a72a (0x0000bfe5) c.j     pc - 8
core   0: 3 0x8000a72a (0xbfe5)
core   0: 0x8000a722 (0x00006f17) auipc   t5, 0x6
core   0: 3 0x8000a722 (0x00006f17) x30 0x80010722
core   0: 0x8000a726 (0x8c3f2f23) sw      gp, -1826(t5)
core   0: 3 0x8000a726 (0x8c3f2f23) mem 0x80010000 0x00000001
core   0: 0x8000a72a (0x0000bfe5) c.j     pc - 8
core   0: 3 0x8000a72a (0xbfe5)
core   0: 0x8000a722 (0x00006f17) auipc   t5, 0x6
core   0: 3 0x8000a722 (0x00006f17) x30 0x80010722
core   0: 0x8000a726 (0x8c3f2f23) sw      gp, -1826(t5)
core   0: 3 0x8000a726 (0x8c3f2f23) mem 0x80010000 0x00000001
core   0: 0x8000a72a (0x0000bfe5) c.j     pc - 8
core   0: 3 0x8000a72a (0xbfe5)
core   0: 0x8000a722 (0x00006f17) auipc   t5, 0x6
core   0: 3 0x8000a722 (0x00006f17) x30 0x80010722
core   0: 0x8000a726 (0x8c3f2f23) sw      gp, -1826(t5)
core   0: 3 0x8000a726 (0x8c3f2f23) mem 0x80010000 0x00000001
core   0: 0x8000a72a (0x0000bfe5) c.j     pc - 8
core   0: 3 0x8000a72a (0xbfe5)
core   0: 0x8000a722 (0x00006f17) auipc   t5, 0x6
core   0: 3 0x8000a722 (0x00006f17) x30 0x80010722
core   0: 0x8000a726 (0x8c3f2f23) sw      gp, -1826(t5)
core   0: 3 0x8000a726 (0x8c3f2f23) mem 0x80010000 0x00000001
core   0: 0x8000a72a (0x0000bfe5) c.j     pc - 8
core   0: 3 0x8000a72a (0xbfe5)
core   0: 0x8000a722 (0x00006f17) auipc   t5, 0x6
core   0: 3 0x8000a722 (0x00006f17) x30 0x80010722
core   0: 0x8000a726 (0x8c3f2f23) sw      gp, -1826(t5)
core   0: 3 0x8000a726 (0x8c3f2f23) mem 0x80010000 0x00000001
core   0: 0x8000a72a (0x0000bfe5) c.j     pc - 8
core   0: 3 0x8000a72a (0xbfe5)
core   0: 0x8000a722 (0x00006f17) auipc   t5, 0x6
core   0: 3 0x8000a722 (0x00006f17) x30 0x80010722
core   0: 0x8000a726 (0x8c3f2f23) sw      gp, -1826(t5)
core   0: 3 0x8000a726 (0x8c3f2f23) mem 0x80010000 0x00000001
core   0: 0x8000a72a (0x0000bfe5) c.j     pc - 8
core   0: 3 0x8000a72a (0xbfe5)
core   0: 0x8000a722 (0x00006f17) auipc   t5, 0x6
core   0: 3 0x8000a722 (0x00006f17) x30 0x80010722
core   0: 0x8000a726 (0x8c3f2f23) sw      gp, -1826(t5)
core   0: 3 0x8000a726 (0x8c3f2f23) mem 0x80010000 0x00000001
core   0: 0x8000a72a (0x0000bfe5) c.j     pc - 8
core   0: 3 0x8000a72a (0xbfe5)
core   0: 0x8000a722 (0x00006f17) auipc   t5, 0x6
core   0: 3 0x8000a722 (0x00006f17) x30 0x80010722
core   0: 0x8000a726 (0x8c3f2f23) sw      gp, -1826(t5)
core   0: 3 0x8000a726 (0x8c3f2f23) mem 0x80010000 0x00000001
core   0: 0x8000a72a (0x0000bfe5) c.j     pc - 8
core   0: 3 0x8000a72a (0xbfe5)
core   0: 0x8000a722 (0x00006f17) auipc   t5, 0x6
core   0: 3 0x8000a722 (0x00006f17) x30 0x80010722
core   0: 0x8000a726 (0x8c3f2f23) sw      gp, -1826(t5)
core   0: 3 0x8000a726 (0x8c3f2f23) mem 0x80010000 0x00000001
core   0: 0x8000a72a (0x0000bfe5) c.j     pc - 8
core   0: 3 0x8000a72a (0xbfe5)
core   0: 0x8000a722 (0x00006f17) auipc   t5, 0x6
core   0: 3 0x8000a722 (0x00006f17) x30 0x80010722
core   0: 0x8000a726 (0x8c3f2f23) sw      gp, -1826(t5)
core   0: 3 0x8000a726 (0x8c3f2f23) mem 0x80010000 0x00000001
core   0: 0x8000a72a (0x0000bfe5) c.j     pc - 8
core   0: 3 0x8000a72a (0xbfe5)
core   0: 0x8000a722 (0x00006f17) auipc   t5, 0x6
core   0: 3 0x8000a722 (0x00006f17) x30 0x80010722
core   0: 0x8000a726 (0x8c3f2f23) sw      gp, -1826(t5)
core   0: 3 0x8000a726 (0x8c3f2f23) mem 0x80010000 0x00000001
core   0: 0x8000a72a (0x0000bfe5) c.j     pc - 8
core   0: 3 0x8000a72a (0xbfe5)
core   0: 0x8000a722 (0x00006f17) auipc   t5, 0x6
core   0: 3 0x8000a722 (0x00006f17) x30 0x80010722
core   0: 0x8000a726 (0x8c3f2f23) sw      gp, -1826(t5)
core   0: 3 0x8000a726 (0x8c3f2f23) mem 0x80010000 0x00000001
core   0: 0x8000a72a (0x0000bfe5) c.j     pc - 8
core   0: 3 0x8000a72a (0xbfe5)
core   0: 0x8000a722 (0x00006f17) auipc   t5, 0x6
core   0: 3 0x8000a722 (0x00006f17) x30 0x80010722
core   0: 0x8000a726 (0x8c3f2f23) sw      gp, -1826(t5)
core   0: 3 0x8000a726 (0x8c3f2f23) mem 0x80010000 0x00000001
core   0: 0x8000a72a (0x0000bfe5) c.j     pc - 8
core   0: 3 0x8000a72a (0xbfe5)
core   0: 0x8000a722 (0x00006f17) auipc   t5, 0x6
core   0: 3 0x8000a722 (0x00006f17) x30 0x80010722
core   0: 0x8000a726 (0x8c3f2f23) sw      gp, -1826(t5)
core   0: 3 0x8000a726 (0x8c3f2f23) mem 0x80010000 0x00000001
core   0: 0x8000a72a (0x0000bfe5) c.j     pc - 8
core   0: 3 0x8000a72a (0xbfe5)
core   0: 0x8000a722 (0x00006f17) auipc   t5, 0x6
core   0: 3 0x8000a722 (0x00006f17) x30 0x80010722
core   0: 0x8000a726 (0x8c3f2f23) sw      gp, -1826(t5)
core   0: 3 0x8000a726 (0x8c3f2f23) mem 0x80010000 0x00000001
core   0: 0x8000a72a (0x0000bfe5) c.j     pc - 8
core   0: 3 0x8000a72a (0xbfe5)
core   0: 0x8000a722 (0x00006f17) auipc   t5, 0x6
core   0: 3 0x8000a722 (0x00006f17) x30 0x80010722
core   0: 0x8000a726 (0x8c3f2f23) sw      gp, -1826(t5)
core   0: 3 0x8000a726 (0x8c3f2f23) mem 0x80010000 0x00000001
core   0: 0x8000a72a (0x0000bfe5) c.j     pc - 8
core   0: 3 0x8000a72a (0xbfe5)
core   0: 0x8000a722 (0x00006f17) auipc   t5, 0x6
core   0: 3 0x8000a722 (0x00006f17) x30 0x80010722
core   0: 0x8000a726 (0x8c3f2f23) sw      gp, -1826(t5)
core   0: 3 0x8000a726 (0x8c3f2f23) mem 0x80010000 0x00000001
core   0: 0x8000a72a (0x0000bfe5) c.j     pc - 8
core   0: 3 0x8000a72a (0xbfe5)
core   0: 0x8000a722 (0x00006f17) auipc   t5, 0x6
core   0: 3 0x8000a722 (0x00006f17) x30 0x80010722
core   0: 0x8000a726 (0x8c3f2f23) sw      gp, -1826(t5)
core   0: 3 0x8000a726 (0x8c3f2f23) mem 0x80010000 0x00000001
core   0: 0x8000a72a (0x0000bfe5) c.j     pc - 8
core   0: 3 0x8000a72a (0xbfe5)
core   0: 0x8000a722 (0x00006f17) auipc   t5, 0x6
core   0: 3 0x8000a722 (0x00006f17) x30 0x80010722
core   0: 0x8000a726 (0x8c3f2f23) sw      gp, -1826(t5)
core   0: 3 0x8000a726 (0x8c3f2f23) mem 0x80010000 0x00000001
core   0: 0x8000a72a (0x0000bfe5) c.j     pc - 8
core   0: 3 0x8000a72a (0xbfe5)
core   0: 0x8000a722 (0x00006f17) auipc   t5, 0x6
core   0: 3 0x8000a722 (0x00006f17) x30 0x80010722
core   0: 0x8000a726 (0x8c3f2f23) sw      gp, -1826(t5)
core   0: 3 0x8000a726 (0x8c3f2f23) mem 0x80010000 0x00000001
core   0: 0x8000a72a (0x0000bfe5) c.j     pc - 8
core   0: 3 0x8000a72a (0xbfe5)
core   0: 0x8000a722 (0x00006f17) auipc   t5, 0x6
core   0: 3 0x8000a722 (0x00006f17) x30 0x80010722
core   0: 0x8000a726 (0x8c3f2f23) sw      gp, -1826(t5)
core   0: 3 0x8000a726 (0x8c3f2f23) mem 0x80010000 0x00000001
core   0: 0x8000a72a (0x0000bfe5) c.j     pc - 8
core   0: 3 0x8000a72a (0xbfe5)
core   0: 0x8000a722 (0x00006f17) auipc   t5, 0x6
core   0: 3 0x8000a722 (0x00006f17) x30 0x80010722
core   0: 0x8000a726 (0x8c3f2f23) sw      gp, -1826(t5)
core   0: 3 0x8000a726 (0x8c3f2f23) mem 0x80010000 0x00000001
core   0: 0x8000a72a (0x0000bfe5) c.j     pc - 8
core   0: 3 0x8000a72a (0xbfe5)
core   0: 0x8000a722 (0x00006f17) auipc   t5, 0x6
core   0: 3 0x8000a722 (0x00006f17) x30 0x80010722
core   0: 0x8000a726 (0x8c3f2f23) sw      gp, -1826(t5)
core   0: 3 0x8000a726 (0x8c3f2f23) mem 0x80010000 0x00000001
core   0: 0x8000a72a (0x0000bfe5) c.j     pc - 8
core   0: 3 0x8000a72a (0xbfe5)
core   0: 0x8000a722 (0x00006f17) auipc   t5, 0x6
core   0: 3 0x8000a722 (0x00006f17) x30 0x80010722
core   0: 0x8000a726 (0x8c3f2f23) sw      gp, -1826(t5)
core   0: 3 0x8000a726 (0x8c3f2f23) mem 0x80010000 0x00000001
core   0: 0x8000a72a (0x0000bfe5) c.j     pc - 8
core   0: 3 0x8000a72a (0xbfe5)
core   0: 0x8000a722 (0x00006f17) auipc   t5, 0x6
core   0: 3 0x8000a722 (0x00006f17) x30 0x80010722
core   0: 0x8000a726 (0x8c3f2f23) sw      gp, -1826(t5)
core   0: 3 0x8000a726 (0x8c3f2f23) mem 0x80010000 0x00000001
core   0: 0x8000a72a (0x0000bfe5) c.j     pc - 8
core   0: 3 0x8000a72a (0xbfe5)
core   0: 0x8000a722 (0x00006f17) auipc   t5, 0x6
core   0: 3 0x8000a722 (0x00006f17) x30 0x80010722
core   0: 0x8000a726 (0x8c3f2f23) sw      gp, -1826(t5)
core   0: 3 0x8000a726 (0x8c3f2f23) mem 0x80010000 0x00000001
core   0: 0x8000a72a (0x0000bfe5) c.j     pc - 8
core   0: 3 0x8000a72a (0xbfe5)
core   0: 0x8000a722 (0x00006f17) auipc   t5, 0x6
core   0: 3 0x8000a722 (0x00006f17) x30 0x80010722
core   0: 0x8000a726 (0x8c3f2f23) sw      gp, -1826(t5)
core   0: 3 0x8000a726 (0x8c3f2f23) mem 0x80010000 0x00000001
core   0: 0x8000a72a (0x0000bfe5) c.j     pc - 8
core   0: 3 0x8000a72a (0xbfe5)
core   0: 0x8000a722 (0x00006f17) auipc   t5, 0x6
core   0: 3 0x8000a722 (0x00006f17) x30 0x80010722
core   0: 0x8000a726 (0x8c3f2f23) sw      gp, -1826(t5)
core   0: 3 0x8000a726 (0x8c3f2f23) mem 0x80010000 0x00000001
core   0: 0x8000a72a (0x0000bfe5) c.j     pc - 8
core   0: 3 0x8000a72a (0xbfe5)
core   0: 0x8000a722 (0x00006f17) auipc   t5, 0x6
core   0: 3 0x8000a722 (0x00006f17) x30 0x80010722
core   0: 0x8000a726 (0x8c3f2f23) sw      gp, -1826(t5)
core   0: 3 0x8000a726 (0x8c3f2f23) mem 0x80010000 0x00000001
core   0: 0x8000a72a (0x0000bfe5) c.j     pc - 8
core   0: 3 0x8000a72a (0xbfe5)
core   0: 0x8000a722 (0x00006f17) auipc   t5, 0x6
core   0: 3 0x8000a722 (0x00006f17) x30 0x80010722
core   0: 0x8000a726 (0x8c3f2f23) sw      gp, -1826(t5)
core   0: 3 0x8000a726 (0x8c3f2f23) mem 0x80010000 0x00000001
core   0: 0x8000a72a (0x0000bfe5) c.j     pc - 8
core   0: 3 0x8000a72a (0xbfe5)
core   0: 0x8000a722 (0x00006f17) auipc   t5, 0x6
core   0: 3 0x8000a722 (0x00006f17) x30 0x80010722
core   0: 0x8000a726 (0x8c3f2f23) sw      gp, -1826(t5)
core   0: 3 0x8000a726 (0x8c3f2f23) mem 0x80010000 0x00000001
core   0: 0x8000a72a (0x0000bfe5) c.j     pc - 8
core   0: 3 0x8000a72a (0xbfe5)
core   0: 0x8000a722 (0x00006f17) auipc   t5, 0x6
core   0: 3 0x8000a722 (0x00006f17) x30 0x80010722
core   0: 0x8000a726 (0x8c3f2f23) sw      gp, -1826(t5)
core   0: 3 0x8000a726 (0x8c3f2f23) mem 0x80010000 0x00000001
core   0: 0x8000a72a (0x0000bfe5) c.j     pc - 8
core   0: 3 0x8000a72a (0xbfe5)
core   0: 0x8000a722 (0x00006f17) auipc   t5, 0x6
core   0: 3 0x8000a722 (0x00006f17) x30 0x80010722
core   0: 0x8000a726 (0x8c3f2f23) sw      gp, -1826(t5)
core   0: 3 0x8000a726 (0x8c3f2f23) mem 0x80010000 0x00000001
core   0: 0x8000a72a (0x0000bfe5) c.j     pc - 8
core   0: 3 0x8000a72a (0xbfe5)
core   0: 0x8000a722 (0x00006f17) auipc   t5, 0x6
core   0: 3 0x8000a722 (0x00006f17) x30 0x80010722
core   0: 0x8000a726 (0x8c3f2f23) sw      gp, -1826(t5)
core   0: 3 0x8000a726 (0x8c3f2f23) mem 0x80010000 0x00000001
core   0: 0x8000a72a (0x0000bfe5) c.j     pc - 8
core   0: 3 0x8000a72a (0xbfe5)
core   0: 0x8000a722 (0x00006f17) auipc   t5, 0x6
core   0: 3 0x8000a722 (0x00006f17) x30 0x80010722
core   0: 0x8000a726 (0x8c3f2f23) sw      gp, -1826(t5)
core   0: 3 0x8000a726 (0x8c3f2f23) mem 0x80010000 0x00000001
core   0: 0x8000a72a (0x0000bfe5) c.j     pc - 8
core   0: 3 0x8000a72a (0xbfe5)
core   0: 0x8000a722 (0x00006f17) auipc   t5, 0x6
core   0: 3 0x8000a722 (0x00006f17) x30 0x80010722
core   0: 0x8000a726 (0x8c3f2f23) sw      gp, -1826(t5)
core   0: 3 0x8000a726 (0x8c3f2f23) mem 0x80010000 0x00000001
core   0: 0x8000a72a (0x0000bfe5) c.j     pc - 8
core   0: 3 0x8000a72a (0xbfe5)
core   0: 0x8000a722 (0x00006f17) auipc   t5, 0x6
core   0: 3 0x8000a722 (0x00006f17) x30 0x80010722
core   0: 0x8000a726 (0x8c3f2f23) sw      gp, -1826(t5)
core   0: 3 0x8000a726 (0x8c3f2f23) mem 0x80010000 0x00000001
core   0: 0x8000a72a (0x0000bfe5) c.j     pc - 8
core   0: 3 0x8000a72a (0xbfe5)
core   0: 0x8000a722 (0x00006f17) auipc   t5, 0x6
core   0: 3 0x8000a722 (0x00006f17) x30 0x80010722
core   0: 0x8000a726 (0x8c3f2f23) sw      gp, -1826(t5)
core   0: 3 0x8000a726 (0x8c3f2f23) mem 0x80010000 0x00000001
core   0: 0x8000a72a (0x0000bfe5) c.j     pc - 8
core   0: 3 0x8000a72a (0xbfe5)
core   0: 0x8000a722 (0x00006f17) auipc   t5, 0x6
core   0: 3 0x8000a722 (0x00006f17) x30 0x80010722
core   0: 0x8000a726 (0x8c3f2f23) sw      gp, -1826(t5)
core   0: 3 0x8000a726 (0x8c3f2f23) mem 0x80010000 0x00000001
core   0: 0x8000a72a (0x0000bfe5) c.j     pc - 8
core   0: 3 0x8000a72a (0xbfe5)
core   0: 0x8000a722 (0x00006f17) auipc   t5, 0x6
core   0: 3 0x8000a722 (0x00006f17) x30 0x80010722
core   0: 0x8000a726 (0x8c3f2f23) sw      gp, -1826(t5)
core   0: 3 0x8000a726 (0x8c3f2f23) mem 0x80010000 0x00000001
core   0: 0x8000a72a (0x0000bfe5) c.j     pc - 8
core   0: 3 0x8000a72a (0xbfe5)
core   0: 0x8000a722 (0x00006f17) auipc   t5, 0x6
core   0: 3 0x8000a722 (0x00006f17) x30 0x80010722
core   0: 0x8000a726 (0x8c3f2f23) sw      gp, -1826(t5)
core   0: 3 0x8000a726 (0x8c3f2f23) mem 0x80010000 0x00000001
core   0: 0x8000a72a (0x0000bfe5) c.j     pc - 8
core   0: 3 0x8000a72a (0xbfe5)
core   0: 0x8000a722 (0x00006f17) auipc   t5, 0x6
core   0: 3 0x8000a722 (0x00006f17) x30 0x80010722
core   0: 0x8000a726 (0x8c3f2f23) sw      gp, -1826(t5)
core   0: 3 0x8000a726 (0x8c3f2f23) mem 0x80010000 0x00000001
core   0: 0x8000a72a (0x0000bfe5) c.j     pc - 8
core   0: 3 0x8000a72a (0xbfe5)
core   0: 0x8000a722 (0x00006f17) auipc   t5, 0x6
core   0: 3 0x8000a722 (0x00006f17) x30 0x80010722
core   0: 0x8000a726 (0x8c3f2f23) sw      gp, -1826(t5)
core   0: 3 0x8000a726 (0x8c3f2f23) mem 0x80010000 0x00000001
core   0: 0x8000a72a (0x0000bfe5) c.j     pc - 8
core   0: 3 0x8000a72a (0xbfe5)
core   0: 0x8000a722 (0x00006f17) auipc   t5, 0x6
core   0: 3 0x8000a722 (0x00006f17) x30 0x80010722
core   0: 0x8000a726 (0x8c3f2f23) sw      gp, -1826(t5)
core   0: 3 0x8000a726 (0x8c3f2f23) mem 0x80010000 0x00000001
core   0: 0x8000a72a (0x0000bfe5) c.j     pc - 8
core   0: 3 0x8000a72a (0xbfe5)
core   0: 0x8000a722 (0x00006f17) auipc   t5, 0x6
core   0: 3 0x8000a722 (0x00006f17) x30 0x80010722
core   0: 0x8000a726 (0x8c3f2f23) sw      gp, -1826(t5)
core   0: 3 0x8000a726 (0x8c3f2f23) mem 0x80010000 0x00000001
core   0: 0x8000a72a (0x0000bfe5) c.j     pc - 8
core   0: 3 0x8000a72a (0xbfe5)
core   0: 0x8000a722 (0x00006f17) auipc   t5, 0x6
core   0: 3 0x8000a722 (0x00006f17) x30 0x80010722
core   0: 0x8000a726 (0x8c3f2f23) sw      gp, -1826(t5)
core   0: 3 0x8000a726 (0x8c3f2f23) mem 0x80010000 0x00000001
core   0: 0x8000a72a (0x0000bfe5) c.j     pc - 8
core   0: 3 0x8000a72a (0xbfe5)
core   0: 0x8000a722 (0x00006f17) auipc   t5, 0x6
core   0: 3 0x8000a722 (0x00006f17) x30 0x80010722
core   0: 0x8000a726 (0x8c3f2f23) sw      gp, -1826(t5)
core   0: 3 0x8000a726 (0x8c3f2f23) mem 0x80010000 0x00000001
core   0: 0x8000a72a (0x0000bfe5) c.j     pc - 8
core   0: 3 0x8000a72a (0xbfe5)
core   0: 0x8000a722 (0x00006f17) auipc   t5, 0x6
core   0: 3 0x8000a722 (0x00006f17) x30 0x80010722
core   0: 0x8000a726 (0x8c3f2f23) sw      gp, -1826(t5)
core   0: 3 0x8000a726 (0x8c3f2f23) mem 0x80010000 0x00000001
core   0: 0x8000a72a (0x0000bfe5) c.j     pc - 8
core   0: 3 0x8000a72a (0xbfe5)
core   0: 0x8000a722 (0x00006f17) auipc   t5, 0x6
core   0: 3 0x8000a722 (0x00006f17) x30 0x80010722
core   0: 0x8000a726 (0x8c3f2f23) sw      gp, -1826(t5)
core   0: 3 0x8000a726 (0x8c3f2f23) mem 0x80010000 0x00000001
core   0: 0x8000a72a (0x0000bfe5) c.j     pc - 8
core   0: 3 0x8000a72a (0xbfe5)
core   0: 0x8000a722 (0x00006f17) auipc   t5, 0x6
core   0: 3 0x8000a722 (0x00006f17) x30 0x80010722
core   0: 0x8000a726 (0x8c3f2f23) sw      gp, -1826(t5)
core   0: 3 0x8000a726 (0x8c3f2f23) mem 0x80010000 0x00000001
core   0: 0x8000a72a (0x0000bfe5) c.j     pc - 8
core   0: 3 0x8000a72a (0xbfe5)
core   0: 0x8000a722 (0x00006f17) auipc   t5, 0x6
core   0: 3 0x8000a722 (0x00006f17) x30 0x80010722
core   0: 0x8000a726 (0x8c3f2f23) sw      gp, -1826(t5)
core   0: 3 0x8000a726 (0x8c3f2f23) mem 0x80010000 0x00000001
core   0: 0x8000a72a (0x0000bfe5) c.j     pc - 8
core   0: 3 0x8000a72a (0xbfe5)
core   0: 0x8000a722 (0x00006f17) auipc   t5, 0x6
core   0: 3 0x8000a722 (0x00006f17) x30 0x80010722
core   0: 0x8000a726 (0x8c3f2f23) sw      gp, -1826(t5)
core   0: 3 0x8000a726 (0x8c3f2f23) mem 0x80010000 0x00000001
core   0: 0x8000a72a (0x0000bfe5) c.j     pc - 8
core   0: 3 0x8000a72a (0xbfe5)
core   0: 0x8000a722 (0x00006f17) auipc   t5, 0x6
core   0: 3 0x8000a722 (0x00006f17) x30 0x80010722
core   0: 0x8000a726 (0x8c3f2f23) sw      gp, -1826(t5)
core   0: 3 0x8000a726 (0x8c3f2f23) mem 0x80010000 0x00000001
core   0: 0x8000a72a (0x0000bfe5) c.j     pc - 8
core   0: 3 0x8000a72a (0xbfe5)
core   0: 0x8000a722 (0x00006f17) auipc   t5, 0x6
core   0: 3 0x8000a722 (0x00006f17) x30 0x80010722
core   0: 0x8000a726 (0x8c3f2f23) sw      gp, -1826(t5)
core   0: 3 0x8000a726 (0x8c3f2f23) mem 0x80010000 0x00000001
core   0: 0x8000a72a (0x0000bfe5) c.j     pc - 8
core   0: 3 0x8000a72a (0xbfe5)
core   0: 0x8000a722 (0x00006f17) auipc   t5, 0x6
core   0: 3 0x8000a722 (0x00006f17) x30 0x80010722
core   0: 0x8000a726 (0x8c3f2f23) sw      gp, -1826(t5)
core   0: 3 0x8000a726 (0x8c3f2f23) mem 0x80010000 0x00000001
core   0: 0x8000a72a (0x0000bfe5) c.j     pc - 8
core   0: 3 0x8000a72a (0xbfe5)
core   0: 0x8000a722 (0x00006f17) auipc   t5, 0x6
core   0: 3 0x8000a722 (0x00006f17) x30 0x80010722
core   0: 0x8000a726 (0x8c3f2f23) sw      gp, -1826(t5)
core   0: 3 0x8000a726 (0x8c3f2f23) mem 0x80010000 0x00000001
core   0: 0x8000a72a (0x0000bfe5) c.j     pc - 8
core   0: 3 0x8000a72a (0xbfe5)
core   0: 0x8000a722 (0x00006f17) auipc   t5, 0x6
core   0: 3 0x8000a722 (0x00006f17) x30 0x80010722
core   0: 0x8000a726 (0x8c3f2f23) sw      gp, -1826(t5)
core   0: 3 0x8000a726 (0x8c3f2f23) mem 0x80010000 0x00000001
core   0: 0x8000a72a (0x0000bfe5) c.j     pc - 8
core   0: 3 0x8000a72a (0xbfe5)
core   0: 0x8000a722 (0x00006f17) auipc   t5, 0x6
core   0: 3 0x8000a722 (0x00006f17) x30 0x80010722
core   0: 0x8000a726 (0x8c3f2f23) sw      gp, -1826(t5)
core   0: 3 0x8000a726 (0x8c3f2f23) mem 0x80010000 0x00000001
core   0: 0x8000a72a (0x0000bfe5) c.j     pc - 8
core   0: 3 0x8000a72a (0xbfe5)
core   0: 0x8000a722 (0x00006f17) auipc   t5, 0x6
core   0: 3 0x8000a722 (0x00006f17) x30 0x80010722
core   0: 0x8000a726 (0x8c3f2f23) sw      gp, -1826(t5)
core   0: 3 0x8000a726 (0x8c3f2f23) mem 0x80010000 0x00000001
core   0: 0x8000a72a (0x0000bfe5) c.j     pc - 8
core   0: 3 0x8000a72a (0xbfe5)
core   0: 0x8000a722 (0x00006f17) auipc   t5, 0x6
core   0: 3 0x8000a722 (0x00006f17) x30 0x80010722
core   0: 0x8000a726 (0x8c3f2f23) sw      gp, -1826(t5)
core   0: 3 0x8000a726 (0x8c3f2f23) mem 0x80010000 0x00000001
core   0: 0x8000a72a (0x0000bfe5) c.j     pc - 8
core   0: 3 0x8000a72a (0xbfe5)
core   0: 0x8000a722 (0x00006f17) auipc   t5, 0x6
core   0: 3 0x8000a722 (0x00006f17) x30 0x80010722
core   0: 0x8000a726 (0x8c3f2f23) sw      gp, -1826(t5)
core   0: 3 0x8000a726 (0x8c3f2f23) mem 0x80010000 0x00000001
core   0: 0x8000a72a (0x0000bfe5) c.j     pc - 8
core   0: 3 0x8000a72a (0xbfe5)
core   0: 0x8000a722 (0x00006f17) auipc   t5, 0x6
core   0: 3 0x8000a722 (0x00006f17) x30 0x80010722
core   0: 0x8000a726 (0x8c3f2f23) sw      gp, -1826(t5)
core   0: 3 0x8000a726 (0x8c3f2f23) mem 0x80010000 0x00000001
core   0: 0x8000a72a (0x0000bfe5) c.j     pc - 8
core   0: 3 0x8000a72a (0xbfe5)
core   0: 0x8000a722 (0x00006f17) auipc   t5, 0x6
core   0: 3 0x8000a722 (0x00006f17) x30 0x80010722
core   0: 0x8000a726 (0x8c3f2f23) sw      gp, -1826(t5)
core   0: 3 0x8000a726 (0x8c3f2f23) mem 0x80010000 0x00000001
core   0: 0x8000a72a (0x0000bfe5) c.j     pc - 8
core   0: 3 0x8000a72a (0xbfe5)
core   0: 0x8000a722 (0x00006f17) auipc   t5, 0x6
core   0: 3 0x8000a722 (0x00006f17) x30 0x80010722
core   0: 0x8000a726 (0x8c3f2f23) sw      gp, -1826(t5)
core   0: 3 0x8000a726 (0x8c3f2f23) mem 0x80010000 0x00000001
core   0: 0x8000a72a (0x0000bfe5) c.j     pc - 8
core   0: 3 0x8000a72a (0xbfe5)
core   0: 0x8000a722 (0x00006f17) auipc   t5, 0x6
core   0: 3 0x8000a722 (0x00006f17) x30 0x80010722
core   0: 0x8000a726 (0x8c3f2f23) sw      gp, -1826(t5)
core   0: 3 0x8000a726 (0x8c3f2f23) mem 0x80010000 0x00000001
core   0: 0x8000a72a (0x0000bfe5) c.j     pc - 8
core   0: 3 0x8000a72a (0xbfe5)
core   0: 0x8000a722 (0x00006f17) auipc   t5, 0x6
core   0: 3 0x8000a722 (0x00006f17) x30 0x80010722
core   0: 0x8000a726 (0x8c3f2f23) sw      gp, -1826(t5)
core   0: 3 0x8000a726 (0x8c3f2f23) mem 0x80010000 0x00000001
core   0: 0x8000a72a (0x0000bfe5) c.j     pc - 8
core   0: 3 0x8000a72a (0xbfe5)
core   0: 0x8000a722 (0x00006f17) auipc   t5, 0x6
core   0: 3 0x8000a722 (0x00006f17) x30 0x80010722
core   0: 0x8000a726 (0x8c3f2f23) sw      gp, -1826(t5)
core   0: 3 0x8000a726 (0x8c3f2f23) mem 0x80010000 0x00000001
core   0: 0x8000a72a (0x0000bfe5) c.j     pc - 8
core   0: 3 0x8000a72a (0xbfe5)
core   0: 0x8000a722 (0x00006f17) auipc   t5, 0x6
core   0: 3 0x8000a722 (0x00006f17) x30 0x80010722
core   0: 0x8000a726 (0x8c3f2f23) sw      gp, -1826(t5)
core   0: 3 0x8000a726 (0x8c3f2f23) mem 0x80010000 0x00000001
core   0: 0x8000a72a (0x0000bfe5) c.j     pc - 8
core   0: 3 0x8000a72a (0xbfe5)
core   0: 0x8000a722 (0x00006f17) auipc   t5, 0x6
core   0: 3 0x8000a722 (0x00006f17) x30 0x80010722
core   0: 0x8000a726 (0x8c3f2f23) sw      gp, -1826(t5)
core   0: 3 0x8000a726 (0x8c3f2f23) mem 0x80010000 0x00000001
core   0: 0x8000a72a (0x0000bfe5) c.j     pc - 8
core   0: 3 0x8000a72a (0xbfe5)
core   0: 0x8000a722 (0x00006f17) auipc   t5, 0x6
core   0: 3 0x8000a722 (0x00006f17) x30 0x80010722
core   0: 0x8000a726 (0x8c3f2f23) sw      gp, -1826(t5)
core   0: 3 0x8000a726 (0x8c3f2f23) mem 0x80010000 0x00000001
core   0: 0x8000a72a (0x0000bfe5) c.j     pc - 8
core   0: 3 0x8000a72a (0xbfe5)
core   0: 0x8000a722 (0x00006f17) auipc   t5, 0x6
core   0: 3 0x8000a722 (0x00006f17) x30 0x80010722
core   0: 0x8000a726 (0x8c3f2f23) sw      gp, -1826(t5)
core   0: 3 0x8000a726 (0x8c3f2f23) mem 0x80010000 0x00000001
core   0: 0x8000a72a (0x0000bfe5) c.j     pc - 8
core   0: 3 0x8000a72a (0xbfe5)
core   0: 0x8000a722 (0x00006f17) auipc   t5, 0x6
core   0: 3 0x8000a722 (0x00006f17) x30 0x80010722
core   0: 0x8000a726 (0x8c3f2f23) sw      gp, -1826(t5)
core   0: 3 0x8000a726 (0x8c3f2f23) mem 0x80010000 0x00000001
core   0: 0x8000a72a (0x0000bfe5) c.j     pc - 8
core   0: 3 0x8000a72a (0xbfe5)
core   0: 0x8000a722 (0x00006f17) auipc   t5, 0x6
core   0: 3 0x8000a722 (0x00006f17) x30 0x80010722
core   0: 0x8000a726 (0x8c3f2f23) sw      gp, -1826(t5)
core   0: 3 0x8000a726 (0x8c3f2f23) mem 0x80010000 0x00000001
core   0: 0x8000a72a (0x0000bfe5) c.j     pc - 8
core   0: 3 0x8000a72a (0xbfe5)
core   0: 0x8000a722 (0x00006f17) auipc   t5, 0x6
core   0: 3 0x8000a722 (0x00006f17) x30 0x80010722
core   0: 0x8000a726 (0x8c3f2f23) sw      gp, -1826(t5)
core   0: 3 0x8000a726 (0x8c3f2f23) mem 0x80010000 0x00000001
core   0: 0x8000a72a (0x0000bfe5) c.j     pc - 8
core   0: 3 0x8000a72a (0xbfe5)
core   0: 0x8000a722 (0x00006f17) auipc   t5, 0x6
core   0: 3 0x8000a722 (0x00006f17) x30 0x80010722
core   0: 0x8000a726 (0x8c3f2f23) sw      gp, -1826(t5)
core   0: 3 0x8000a726 (0x8c3f2f23) mem 0x80010000 0x00000001
core   0: 0x8000a72a (0x0000bfe5) c.j     pc - 8
core   0: 3 0x8000a72a (0xbfe5)
core   0: 0x8000a722 (0x00006f17) auipc   t5, 0x6
core   0: 3 0x8000a722 (0x00006f17) x30 0x80010722
core   0: 0x8000a726 (0x8c3f2f23) sw      gp, -1826(t5)
core   0: 3 0x8000a726 (0x8c3f2f23) mem 0x80010000 0x00000001
core   0: 0x8000a72a (0x0000bfe5) c.j     pc - 8
core   0: 3 0x8000a72a (0xbfe5)
core   0: 0x8000a722 (0x00006f17) auipc   t5, 0x6
core   0: 3 0x8000a722 (0x00006f17) x30 0x80010722
core   0: 0x8000a726 (0x8c3f2f23) sw      gp, -1826(t5)
core   0: 3 0x8000a726 (0x8c3f2f23) mem 0x80010000 0x00000001
core   0: 0x8000a72a (0x0000bfe5) c.j     pc - 8
core   0: 3 0x8000a72a (0xbfe5)
core   0: 0x8000a722 (0x00006f17) auipc   t5, 0x6
core   0: 3 0x8000a722 (0x00006f17) x30 0x80010722
core   0: 0x8000a726 (0x8c3f2f23) sw      gp, -1826(t5)
core   0: 3 0x8000a726 (0x8c3f2f23) mem 0x80010000 0x00000001
core   0: 0x8000a72a (0x0000bfe5) c.j     pc - 8
core   0: 3 0x8000a72a (0xbfe5)
core   0: 0x8000a722 (0x00006f17) auipc   t5, 0x6
core   0: 3 0x8000a722 (0x00006f17) x30 0x80010722
core   0: 0x8000a726 (0x8c3f2f23) sw      gp, -1826(t5)
core   0: 3 0x8000a726 (0x8c3f2f23) mem 0x80010000 0x00000001
core   0: 0x8000a72a (0x0000bfe5) c.j     pc - 8
core   0: 3 0x8000a72a (0xbfe5)
core   0: 0x8000a722 (0x00006f17) auipc   t5, 0x6
core   0: 3 0x8000a722 (0x00006f17) x30 0x80010722
core   0: 0x8000a726 (0x8c3f2f23) sw      gp, -1826(t5)
core   0: 3 0x8000a726 (0x8c3f2f23) mem 0x80010000 0x00000001
core   0: 0x8000a72a (0x0000bfe5) c.j     pc - 8
core   0: 3 0x8000a72a (0xbfe5)
core   0: 0x8000a722 (0x00006f17) auipc   t5, 0x6
core   0: 3 0x8000a722 (0x00006f17) x30 0x80010722
core   0: 0x8000a726 (0x8c3f2f23) sw      gp, -1826(t5)
core   0: 3 0x8000a726 (0x8c3f2f23) mem 0x80010000 0x00000001
core   0: 0x8000a72a (0x0000bfe5) c.j     pc - 8
core   0: 3 0x8000a72a (0xbfe5)
core   0: 0x8000a722 (0x00006f17) auipc   t5, 0x6
core   0: 3 0x8000a722 (0x00006f17) x30 0x80010722
core   0: 0x8000a726 (0x8c3f2f23) sw      gp, -1826(t5)
core   0: 3 0x8000a726 (0x8c3f2f23) mem 0x80010000 0x00000001
core   0: 0x8000a72a (0x0000bfe5) c.j     pc - 8
core   0: 3 0x8000a72a (0xbfe5)
core   0: 0x8000a722 (0x00006f17) auipc   t5, 0x6
core   0: 3 0x8000a722 (0x00006f17) x30 0x80010722
core   0: 0x8000a726 (0x8c3f2f23) sw      gp, -1826(t5)
core   0: 3 0x8000a726 (0x8c3f2f23) mem 0x80010000 0x00000001
core   0: 0x8000a72a (0x0000bfe5) c.j     pc - 8
core   0: 3 0x8000a72a (0xbfe5)
core   0: 0x8000a722 (0x00006f17) auipc   t5, 0x6
core   0: 3 0x8000a722 (0x00006f17) x30 0x80010722
core   0: 0x8000a726 (0x8c3f2f23) sw      gp, -1826(t5)
core   0: 3 0x8000a726 (0x8c3f2f23) mem 0x80010000 0x00000001
core   0: 0x8000a72a (0x0000bfe5) c.j     pc - 8
core   0: 3 0x8000a72a (0xbfe5)
core   0: 0x8000a722 (0x00006f17) auipc   t5, 0x6
core   0: 3 0x8000a722 (0x00006f17) x30 0x80010722
core   0: 0x8000a726 (0x8c3f2f23) sw      gp, -1826(t5)
core   0: 3 0x8000a726 (0x8c3f2f23) mem 0x80010000 0x00000001
core   0: 0x8000a72a (0x0000bfe5) c.j     pc - 8
core   0: 3 0x8000a72a (0xbfe5)
core   0: 0x8000a722 (0x00006f17) auipc   t5, 0x6
core   0: 3 0x8000a722 (0x00006f17) x30 0x80010722
core   0: 0x8000a726 (0x8c3f2f23) sw      gp, -1826(t5)
core   0: 3 0x8000a726 (0x8c3f2f23) mem 0x80010000 0x00000001
core   0: 0x8000a72a (0x0000bfe5) c.j     pc - 8
core   0: 3 0x8000a72a (0xbfe5)
core   0: 0x8000a722 (0x00006f17) auipc   t5, 0x6
core   0: 3 0x8000a722 (0x00006f17) x30 0x80010722
core   0: 0x8000a726 (0x8c3f2f23) sw      gp, -1826(t5)
core   0: 3 0x8000a726 (0x8c3f2f23) mem 0x80010000 0x00000001
core   0: 0x8000a72a (0x0000bfe5) c.j     pc - 8
core   0: 3 0x8000a72a (0xbfe5)
core   0: 0x8000a722 (0x00006f17) auipc   t5, 0x6
core   0: 3 0x8000a722 (0x00006f17) x30 0x80010722
core   0: 0x8000a726 (0x8c3f2f23) sw      gp, -1826(t5)
core   0: 3 0x8000a726 (0x8c3f2f23) mem 0x80010000 0x00000001
core   0: 0x8000a72a (0x0000bfe5) c.j     pc - 8
core   0: 3 0x8000a72a (0xbfe5)
core   0: 0x8000a722 (0x00006f17) auipc   t5, 0x6
core   0: 3 0x8000a722 (0x00006f17) x30 0x80010722
core   0: 0x8000a726 (0x8c3f2f23) sw      gp, -1826(t5)
core   0: 3 0x8000a726 (0x8c3f2f23) mem 0x80010000 0x00000001
core   0: 0x8000a72a (0x0000bfe5) c.j     pc - 8
core   0: 3 0x8000a72a (0xbfe5)
core   0: 0x8000a722 (0x00006f17) auipc   t5, 0x6
core   0: 3 0x8000a722 (0x00006f17) x30 0x80010722
core   0: 0x8000a726 (0x8c3f2f23) sw      gp, -1826(t5)
core   0: 3 0x8000a726 (0x8c3f2f23) mem 0x80010000 0x00000001
core   0: 0x8000a72a (0x0000bfe5) c.j     pc - 8
core   0: 3 0x8000a72a (0xbfe5)
core   0: 0x8000a722 (0x00006f17) auipc   t5, 0x6
core   0: 3 0x8000a722 (0x00006f17) x30 0x80010722
core   0: 0x8000a726 (0x8c3f2f23) sw      gp, -1826(t5)
core   0: 3 0x8000a726 (0x8c3f2f23) mem 0x80010000 0x00000001
core   0: 0x8000a72a (0x0000bfe5) c.j     pc - 8
core   0: 3 0x8000a72a (0xbfe5)
core   0: 0x8000a722 (0x00006f17) auipc   t5, 0x6
core   0: 3 0x8000a722 (0x00006f17) x30 0x80010722
core   0: 0x8000a726 (0x8c3f2f23) sw      gp, -1826(t5)
core   0: 3 0x8000a726 (0x8c3f2f23) mem 0x80010000 0x00000001
core   0: 0x8000a72a (0x0000bfe5) c.j     pc - 8
core   0: 3 0x8000a72a (0xbfe5)
core   0: 0x8000a722 (0x00006f17) auipc   t5, 0x6
core   0: 3 0x8000a722 (0x00006f17) x30 0x80010722
core   0: 0x8000a726 (0x8c3f2f23) sw      gp, -1826(t5)
core   0: 3 0x8000a726 (0x8c3f2f23) mem 0x80010000 0x00000001
core   0: 0x8000a72a (0x0000bfe5) c.j     pc - 8
core   0: 3 0x8000a72a (0xbfe5)
core   0: 0x8000a722 (0x00006f17) auipc   t5, 0x6
core   0: 3 0x8000a722 (0x00006f17) x30 0x80010722
core   0: 0x8000a726 (0x8c3f2f23) sw      gp, -1826(t5)
core   0: 3 0x8000a726 (0x8c3f2f23) mem 0x80010000 0x00000001
core   0: 0x8000a72a (0x0000bfe5) c.j     pc - 8
core   0: 3 0x8000a72a (0xbfe5)
core   0: 0x8000a722 (0x00006f17) auipc   t5, 0x6
core   0: 3 0x8000a722 (0x00006f17) x30 0x80010722
core   0: 0x8000a726 (0x8c3f2f23) sw      gp, -1826(t5)
core   0: 3 0x8000a726 (0x8c3f2f23) mem 0x80010000 0x00000001
core   0: 0x8000a72a (0x0000bfe5) c.j     pc - 8
core   0: 3 0x8000a72a (0xbfe5)
core   0: 0x8000a722 (0x00006f17) auipc   t5, 0x6
core   0: 3 0x8000a722 (0x00006f17) x30 0x80010722
core   0: 0x8000a726 (0x8c3f2f23) sw      gp, -1826(t5)
core   0: 3 0x8000a726 (0x8c3f2f23) mem 0x80010000 0x00000001
core   0: 0x8000a72a (0x0000bfe5) c.j     pc - 8
core   0: 3 0x8000a72a (0xbfe5)
core   0: 0x8000a722 (0x00006f17) auipc   t5, 0x6
core   0: 3 0x8000a722 (0x00006f17) x30 0x80010722
core   0: 0x8000a726 (0x8c3f2f23) sw      gp, -1826(t5)
core   0: 3 0x8000a726 (0x8c3f2f23) mem 0x80010000 0x00000001
core   0: 0x8000a72a (0x0000bfe5) c.j     pc - 8
core   0: 3 0x8000a72a (0xbfe5)
core   0: 0x8000a722 (0x00006f17) auipc   t5, 0x6
core   0: 3 0x8000a722 (0x00006f17) x30 0x80010722
core   0: 0x8000a726 (0x8c3f2f23) sw      gp, -1826(t5)
core   0: 3 0x8000a726 (0x8c3f2f23) mem 0x80010000 0x00000001
core   0: 0x8000a72a (0x0000bfe5) c.j     pc - 8
core   0: 3 0x8000a72a (0xbfe5)
core   0: 0x8000a722 (0x00006f17) auipc   t5, 0x6
core   0: 3 0x8000a722 (0x00006f17) x30 0x80010722
core   0: 0x8000a726 (0x8c3f2f23) sw      gp, -1826(t5)
core   0: 3 0x8000a726 (0x8c3f2f23) mem 0x80010000 0x00000001
core   0: 0x8000a72a (0x0000bfe5) c.j     pc - 8
core   0: 3 0x8000a72a (0xbfe5)
core   0: 0x8000a722 (0x00006f17) auipc   t5, 0x6
core   0: 3 0x8000a722 (0x00006f17) x30 0x80010722
core   0: 0x8000a726 (0x8c3f2f23) sw      gp, -1826(t5)
core   0: 3 0x8000a726 (0x8c3f2f23) mem 0x80010000 0x00000001
core   0: 0x8000a72a (0x0000bfe5) c.j     pc - 8
core   0: 3 0x8000a72a (0xbfe5)
core   0: 0x8000a722 (0x00006f17) auipc   t5, 0x6
core   0: 3 0x8000a722 (0x00006f17) x30 0x80010722
core   0: 0x8000a726 (0x8c3f2f23) sw      gp, -1826(t5)
core   0: 3 0x8000a726 (0x8c3f2f23) mem 0x80010000 0x00000001
core   0: 0x8000a72a (0x0000bfe5) c.j     pc - 8
core   0: 3 0x8000a72a (0xbfe5)
core   0: 0x8000a722 (0x00006f17) auipc   t5, 0x6
core   0: 3 0x8000a722 (0x00006f17) x30 0x80010722
core   0: 0x8000a726 (0x8c3f2f23) sw      gp, -1826(t5)
core   0: 3 0x8000a726 (0x8c3f2f23) mem 0x80010000 0x00000001
core   0: 0x8000a72a (0x0000bfe5) c.j     pc - 8
core   0: 3 0x8000a72a (0xbfe5)
core   0: 0x8000a722 (0x00006f17) auipc   t5, 0x6
core   0: 3 0x8000a722 (0x00006f17) x30 0x80010722
core   0: 0x8000a726 (0x8c3f2f23) sw      gp, -1826(t5)
core   0: 3 0x8000a726 (0x8c3f2f23) mem 0x80010000 0x00000001
core   0: 0x8000a72a (0x0000bfe5) c.j     pc - 8
core   0: 3 0x8000a72a (0xbfe5)
core   0: 0x8000a722 (0x00006f17) auipc   t5, 0x6
core   0: 3 0x8000a722 (0x00006f17) x30 0x80010722
core   0: 0x8000a726 (0x8c3f2f23) sw      gp, -1826(t5)
core   0: 3 0x8000a726 (0x8c3f2f23) mem 0x80010000 0x00000001
core   0: 0x8000a72a (0x0000bfe5) c.j     pc - 8
core   0: 3 0x8000a72a (0xbfe5)
core   0: 0x8000a722 (0x00006f17) auipc   t5, 0x6
core   0: 3 0x8000a722 (0x00006f17) x30 0x80010722
core   0: 0x8000a726 (0x8c3f2f23) sw      gp, -1826(t5)
core   0: 3 0x8000a726 (0x8c3f2f23) mem 0x80010000 0x00000001
core   0: 0x8000a72a (0x0000bfe5) c.j     pc - 8
core   0: 3 0x8000a72a (0xbfe5)
core   0: 0x8000a722 (0x00006f17) auipc   t5, 0x6
core   0: 3 0x8000a722 (0x00006f17) x30 0x80010722
core   0: 0x8000a726 (0x8c3f2f23) sw      gp, -1826(t5)
core   0: 3 0x8000a726 (0x8c3f2f23) mem 0x80010000 0x00000001
core   0: 0x8000a72a (0x0000bfe5) c.j     pc - 8
core   0: 3 0x8000a72a (0xbfe5)
core   0: 0x8000a722 (0x00006f17) auipc   t5, 0x6
core   0: 3 0x8000a722 (0x00006f17) x30 0x80010722
core   0: 0x8000a726 (0x8c3f2f23) sw      gp, -1826(t5)
core   0: 3 0x8000a726 (0x8c3f2f23) mem 0x80010000 0x00000001
core   0: 0x8000a72a (0x0000bfe5) c.j     pc - 8
core   0: 3 0x8000a72a (0xbfe5)
core   0: 0x8000a722 (0x00006f17) auipc   t5, 0x6
core   0: 3 0x8000a722 (0x00006f17) x30 0x80010722
core   0: 0x8000a726 (0x8c3f2f23) sw      gp, -1826(t5)
core   0: 3 0x8000a726 (0x8c3f2f23) mem 0x80010000 0x00000001
core   0: 0x8000a72a (0x0000bfe5) c.j     pc - 8
core   0: 3 0x8000a72a (0xbfe5)
core   0: 0x8000a722 (0x00006f17) auipc   t5, 0x6
core   0: 3 0x8000a722 (0x00006f17) x30 0x80010722
core   0: 0x8000a726 (0x8c3f2f23) sw      gp, -1826(t5)
core   0: 3 0x8000a726 (0x8c3f2f23) mem 0x80010000 0x00000001
core   0: 0x8000a72a (0x0000bfe5) c.j     pc - 8
core   0: 3 0x8000a72a (0xbfe5)
core   0: 0x8000a722 (0x00006f17) auipc   t5, 0x6
core   0: 3 0x8000a722 (0x00006f17) x30 0x80010722
core   0: 0x8000a726 (0x8c3f2f23) sw      gp, -1826(t5)
core   0: 3 0x8000a726 (0x8c3f2f23) mem 0x80010000 0x00000001
core   0: 0x8000a72a (0x0000bfe5) c.j     pc - 8
core   0: 3 0x8000a72a (0xbfe5)
core   0: 0x8000a722 (0x00006f17) auipc   t5, 0x6
core   0: 3 0x8000a722 (0x00006f17) x30 0x80010722
core   0: 0x8000a726 (0x8c3f2f23) sw      gp, -1826(t5)
core   0: 3 0x8000a726 (0x8c3f2f23) mem 0x80010000 0x00000001
core   0: 0x8000a72a (0x0000bfe5) c.j     pc - 8
core   0: 3 0x8000a72a (0xbfe5)
core   0: 0x8000a722 (0x00006f17) auipc   t5, 0x6
core   0: 3 0x8000a722 (0x00006f17) x30 0x80010722
core   0: 0x8000a726 (0x8c3f2f23) sw      gp, -1826(t5)
core   0: 3 0x8000a726 (0x8c3f2f23) mem 0x80010000 0x00000001
core   0: 0x8000a72a (0x0000bfe5) c.j     pc - 8
core   0: 3 0x8000a72a (0xbfe5)
core   0: 0x8000a722 (0x00006f17) auipc   t5, 0x6
core   0: 3 0x8000a722 (0x00006f17) x30 0x80010722
core   0: 0x8000a726 (0x8c3f2f23) sw      gp, -1826(t5)
core   0: 3 0x8000a726 (0x8c3f2f23) mem 0x80010000 0x00000001
core   0: 0x8000a72a (0x0000bfe5) c.j     pc - 8
core   0: 3 0x8000a72a (0xbfe5)
core   0: 0x8000a722 (0x00006f17) auipc   t5, 0x6
core   0: 3 0x8000a722 (0x00006f17) x30 0x80010722
core   0: 0x8000a726 (0x8c3f2f23) sw      gp, -1826(t5)
core   0: 3 0x8000a726 (0x8c3f2f23) mem 0x80010000 0x00000001
core   0: 0x8000a72a (0x0000bfe5) c.j     pc - 8
core   0: 3 0x8000a72a (0xbfe5)
core   0: 0x8000a722 (0x00006f17) auipc   t5, 0x6
core   0: 3 0x8000a722 (0x00006f17) x30 0x80010722
core   0: 0x8000a726 (0x8c3f2f23) sw      gp, -1826(t5)
core   0: 3 0x8000a726 (0x8c3f2f23) mem 0x80010000 0x00000001
core   0: 0x8000a72a (0x0000bfe5) c.j     pc - 8
core   0: 3 0x8000a72a (0xbfe5)
core   0: 0x8000a722 (0x00006f17) auipc   t5, 0x6
core   0: 3 0x8000a722 (0x00006f17) x30 0x80010722
core   0: 0x8000a726 (0x8c3f2f23) sw      gp, -1826(t5)
core   0: 3 0x8000a726 (0x8c3f2f23) mem 0x80010000 0x00000001
core   0: 0x8000a72a (0x0000bfe5) c.j     pc - 8
core   0: 3 0x8000a72a (0xbfe5)
core   0: 0x8000a722 (0x00006f17) auipc   t5, 0x6
core   0: 3 0x8000a722 (0x00006f17) x30 0x80010722
core   0: 0x8000a726 (0x8c3f2f23) sw      gp, -1826(t5)
core   0: 3 0x8000a726 (0x8c3f2f23) mem 0x80010000 0x00000001
core   0: 0x8000a72a (0x0000bfe5) c.j     pc - 8
core   0: 3 0x8000a72a (0xbfe5)
core   0: 0x8000a722 (0x00006f17) auipc   t5, 0x6
core   0: 3 0x8000a722 (0x00006f17) x30 0x80010722
core   0: 0x8000a726 (0x8c3f2f23) sw      gp, -1826(t5)
core   0: 3 0x8000a726 (0x8c3f2f23) mem 0x80010000 0x00000001
core   0: 0x8000a72a (0x0000bfe5) c.j     pc - 8
core   0: 3 0x8000a72a (0xbfe5)
core   0: 0x8000a722 (0x00006f17) auipc   t5, 0x6
core   0: 3 0x8000a722 (0x00006f17) x30 0x80010722
core   0: 0x8000a726 (0x8c3f2f23) sw      gp, -1826(t5)
core   0: 3 0x8000a726 (0x8c3f2f23) mem 0x80010000 0x00000001
core   0: 0x8000a72a (0x0000bfe5) c.j     pc - 8
core   0: 3 0x8000a72a (0xbfe5)
core   0: 0x8000a722 (0x00006f17) auipc   t5, 0x6
core   0: 3 0x8000a722 (0x00006f17) x30 0x80010722
core   0: 0x8000a726 (0x8c3f2f23) sw      gp, -1826(t5)
core   0: 3 0x8000a726 (0x8c3f2f23) mem 0x80010000 0x00000001
core   0: 0x8000a72a (0x0000bfe5) c.j     pc - 8
core   0: 3 0x8000a72a (0xbfe5)
core   0: 0x8000a722 (0x00006f17) auipc   t5, 0x6
core   0: 3 0x8000a722 (0x00006f17) x30 0x80010722
core   0: 0x8000a726 (0x8c3f2f23) sw      gp, -1826(t5)
core   0: 3 0x8000a726 (0x8c3f2f23) mem 0x80010000 0x00000001
core   0: 0x8000a72a (0x0000bfe5) c.j     pc - 8
core   0: 3 0x8000a72a (0xbfe5)
core   0: 0x8000a722 (0x00006f17) auipc   t5, 0x6
core   0: 3 0x8000a722 (0x00006f17) x30 0x80010722
core   0: 0x8000a726 (0x8c3f2f23) sw      gp, -1826(t5)
core   0: 3 0x8000a726 (0x8c3f2f23) mem 0x80010000 0x00000001
core   0: 0x8000a72a (0x0000bfe5) c.j     pc - 8
core   0: 3 0x8000a72a (0xbfe5)
core   0: 0x8000a722 (0x00006f17) auipc   t5, 0x6
core   0: 3 0x8000a722 (0x00006f17) x30 0x80010722
core   0: 0x8000a726 (0x8c3f2f23) sw      gp, -1826(t5)
core   0: 3 0x8000a726 (0x8c3f2f23) mem 0x80010000 0x00000001
core   0: 0x8000a72a (0x0000bfe5) c.j     pc - 8
core   0: 3 0x8000a72a (0xbfe5)
core   0: 0x8000a722 (0x00006f17) auipc   t5, 0x6
core   0: 3 0x8000a722 (0x00006f17) x30 0x80010722
core   0: 0x8000a726 (0x8c3f2f23) sw      gp, -1826(t5)
core   0: 3 0x8000a726 (0x8c3f2f23) mem 0x80010000 0x00000001
core   0: 0x8000a72a (0x0000bfe5) c.j     pc - 8
core   0: 3 0x8000a72a (0xbfe5)
core   0: 0x8000a722 (0x00006f17) auipc   t5, 0x6
core   0: 3 0x8000a722 (0x00006f17) x30 0x80010722
core   0: 0x8000a726 (0x8c3f2f23) sw      gp, -1826(t5)
core   0: 3 0x8000a726 (0x8c3f2f23) mem 0x80010000 0x00000001
core   0: 0x8000a72a (0x0000bfe5) c.j     pc - 8
core   0: 3 0x8000a72a (0xbfe5)
core   0: 0x8000a722 (0x00006f17) auipc   t5, 0x6
core   0: 3 0x8000a722 (0x00006f17) x30 0x80010722
core   0: 0x8000a726 (0x8c3f2f23) sw      gp, -1826(t5)
core   0: 3 0x8000a726 (0x8c3f2f23) mem 0x80010000 0x00000001
core   0: 0x8000a72a (0x0000bfe5) c.j     pc - 8
core   0: 3 0x8000a72a (0xbfe5)
core   0: 0x8000a722 (0x00006f17) auipc   t5, 0x6
core   0: 3 0x8000a722 (0x00006f17) x30 0x80010722
core   0: 0x8000a726 (0x8c3f2f23) sw      gp, -1826(t5)
core   0: 3 0x8000a726 (0x8c3f2f23) mem 0x80010000 0x00000001
core   0: 0x8000a72a (0x0000bfe5) c.j     pc - 8
core   0: 3 0x8000a72a (0xbfe5)
core   0: 0x8000a722 (0x00006f17) auipc   t5, 0x6
core   0: 3 0x8000a722 (0x00006f17) x30 0x80010722
core   0: 0x8000a726 (0x8c3f2f23) sw      gp, -1826(t5)
core   0: 3 0x8000a726 (0x8c3f2f23) mem 0x80010000 0x00000001
core   0: 0x8000a72a (0x0000bfe5) c.j     pc - 8
core   0: 3 0x8000a72a (0xbfe5)
core   0: 0x8000a722 (0x00006f17) auipc   t5, 0x6
core   0: 3 0x8000a722 (0x00006f17) x30 0x80010722
core   0: 0x8000a726 (0x8c3f2f23) sw      gp, -1826(t5)
core   0: 3 0x8000a726 (0x8c3f2f23) mem 0x80010000 0x00000001
core   0: 0x8000a72a (0x0000bfe5) c.j     pc - 8
core   0: 3 0x8000a72a (0xbfe5)
core   0: 0x8000a722 (0x00006f17) auipc   t5, 0x6
core   0: 3 0x8000a722 (0x00006f17) x30 0x80010722
core   0: 0x8000a726 (0x8c3f2f23) sw      gp, -1826(t5)
core   0: 3 0x8000a726 (0x8c3f2f23) mem 0x80010000 0x00000001
core   0: 0x8000a72a (0x0000bfe5) c.j     pc - 8
core   0: 3 0x8000a72a (0xbfe5)
core   0: 0x8000a722 (0x00006f17) auipc   t5, 0x6
core   0: 3 0x8000a722 (0x00006f17) x30 0x80010722
core   0: 0x8000a726 (0x8c3f2f23) sw      gp, -1826(t5)
core   0: 3 0x8000a726 (0x8c3f2f23) mem 0x80010000 0x00000001
core   0: 0x8000a72a (0x0000bfe5) c.j     pc - 8
core   0: 3 0x8000a72a (0xbfe5)
core   0: 0x8000a722 (0x00006f17) auipc   t5, 0x6
core   0: 3 0x8000a722 (0x00006f17) x30 0x80010722
core   0: 0x8000a726 (0x8c3f2f23) sw      gp, -1826(t5)
core   0: 3 0x8000a726 (0x8c3f2f23) mem 0x80010000 0x00000001
core   0: 0x8000a72a (0x0000bfe5) c.j     pc - 8
core   0: 3 0x8000a72a (0xbfe5)
core   0: 0x8000a722 (0x00006f17) auipc   t5, 0x6
core   0: 3 0x8000a722 (0x00006f17) x30 0x80010722
core   0: 0x8000a726 (0x8c3f2f23) sw      gp, -1826(t5)
core   0: 3 0x8000a726 (0x8c3f2f23) mem 0x80010000 0x00000001
core   0: 0x8000a72a (0x0000bfe5) c.j     pc - 8
core   0: 3 0x8000a72a (0xbfe5)
core   0: 0x8000a722 (0x00006f17) auipc   t5, 0x6
core   0: 3 0x8000a722 (0x00006f17) x30 0x80010722
core   0: 0x8000a726 (0x8c3f2f23) sw      gp, -1826(t5)
core   0: 3 0x8000a726 (0x8c3f2f23) mem 0x80010000 0x00000001
core   0: 0x8000a72a (0x0000bfe5) c.j     pc - 8
core   0: 3 0x8000a72a (0xbfe5)
core   0: 0x8000a722 (0x00006f17) auipc   t5, 0x6
core   0: 3 0x8000a722 (0x00006f17) x30 0x80010722
core   0: 0x8000a726 (0x8c3f2f23) sw      gp, -1826(t5)
core   0: 3 0x8000a726 (0x8c3f2f23) mem 0x80010000 0x00000001
core   0: 0x8000a72a (0x0000bfe5) c.j     pc - 8
core   0: 3 0x8000a72a (0xbfe5)
core   0: 0x8000a722 (0x00006f17) auipc   t5, 0x6
core   0: 3 0x8000a722 (0x00006f17) x30 0x80010722
core   0: 0x8000a726 (0x8c3f2f23) sw      gp, -1826(t5)
core   0: 3 0x8000a726 (0x8c3f2f23) mem 0x80010000 0x00000001
core   0: 0x8000a72a (0x0000bfe5) c.j     pc - 8
core   0: 3 0x8000a72a (0xbfe5)
core   0: 0x8000a722 (0x00006f17) auipc   t5, 0x6
core   0: 3 0x8000a722 (0x00006f17) x30 0x80010722
core   0: 0x8000a726 (0x8c3f2f23) sw      gp, -1826(t5)
core   0: 3 0x8000a726 (0x8c3f2f23) mem 0x80010000 0x00000001
core   0: 0x8000a72a (0x0000bfe5) c.j     pc - 8
core   0: 3 0x8000a72a (0xbfe5)
core   0: 0x8000a722 (0x00006f17) auipc   t5, 0x6
core   0: 3 0x8000a722 (0x00006f17) x30 0x80010722
core   0: 0x8000a726 (0x8c3f2f23) sw      gp, -1826(t5)
core   0: 3 0x8000a726 (0x8c3f2f23) mem 0x80010000 0x00000001
core   0: 0x8000a72a (0x0000bfe5) c.j     pc - 8
core   0: 3 0x8000a72a (0xbfe5)
core   0: 0x8000a722 (0x00006f17) auipc   t5, 0x6
core   0: 3 0x8000a722 (0x00006f17) x30 0x80010722
core   0: 0x8000a726 (0x8c3f2f23) sw      gp, -1826(t5)
core   0: 3 0x8000a726 (0x8c3f2f23) mem 0x80010000 0x00000001
core   0: 0x8000a72a (0x0000bfe5) c.j     pc - 8
core   0: 3 0x8000a72a (0xbfe5)
core   0: 0x8000a722 (0x00006f17) auipc   t5, 0x6
core   0: 3 0x8000a722 (0x00006f17) x30 0x80010722
core   0: 0x8000a726 (0x8c3f2f23) sw      gp, -1826(t5)
core   0: 3 0x8000a726 (0x8c3f2f23) mem 0x80010000 0x00000001
core   0: 0x8000a72a (0x0000bfe5) c.j     pc - 8
core   0: 3 0x8000a72a (0xbfe5)
core   0: 0x8000a722 (0x00006f17) auipc   t5, 0x6
core   0: 3 0x8000a722 (0x00006f17) x30 0x80010722
core   0: 0x8000a726 (0x8c3f2f23) sw      gp, -1826(t5)
core   0: 3 0x8000a726 (0x8c3f2f23) mem 0x80010000 0x00000001
core   0: 0x8000a72a (0x0000bfe5) c.j     pc - 8
core   0: 3 0x8000a72a (0xbfe5)
core   0: 0x8000a722 (0x00006f17) auipc   t5, 0x6
core   0: 3 0x8000a722 (0x00006f17) x30 0x80010722
core   0: 0x8000a726 (0x8c3f2f23) sw      gp, -1826(t5)
core   0: 3 0x8000a726 (0x8c3f2f23) mem 0x80010000 0x00000001
core   0: 0x8000a72a (0x0000bfe5) c.j     pc - 8
core   0: 3 0x8000a72a (0xbfe5)
core   0: 0x8000a722 (0x00006f17) auipc   t5, 0x6
core   0: 3 0x8000a722 (0x00006f17) x30 0x80010722
core   0: 0x8000a726 (0x8c3f2f23) sw      gp, -1826(t5)
core   0: 3 0x8000a726 (0x8c3f2f23) mem 0x80010000 0x00000001
core   0: 0x8000a72a (0x0000bfe5) c.j     pc - 8
core   0: 3 0x8000a72a (0xbfe5)
core   0: 0x8000a722 (0x00006f17) auipc   t5, 0x6
core   0: 3 0x8000a722 (0x00006f17) x30 0x80010722
core   0: 0x8000a726 (0x8c3f2f23) sw      gp, -1826(t5)
core   0: 3 0x8000a726 (0x8c3f2f23) mem 0x80010000 0x00000001
core   0: 0x8000a72a (0x0000bfe5) c.j     pc - 8
core   0: 3 0x8000a72a (0xbfe5)
core   0: 0x8000a722 (0x00006f17) auipc   t5, 0x6
core   0: 3 0x8000a722 (0x00006f17) x30 0x80010722
core   0: 0x8000a726 (0x8c3f2f23) sw      gp, -1826(t5)
core   0: 3 0x8000a726 (0x8c3f2f23) mem 0x80010000 0x00000001
core   0: 0x8000a72a (0x0000bfe5) c.j     pc - 8
core   0: 3 0x8000a72a (0xbfe5)
core   0: 0x8000a722 (0x00006f17) auipc   t5, 0x6
core   0: 3 0x8000a722 (0x00006f17) x30 0x80010722
core   0: 0x8000a726 (0x8c3f2f23) sw      gp, -1826(t5)
core   0: 3 0x8000a726 (0x8c3f2f23) mem 0x80010000 0x00000001
core   0: 0x8000a72a (0x0000bfe5) c.j     pc - 8
core   0: 3 0x8000a72a (0xbfe5)
core   0: 0x8000a722 (0x00006f17) auipc   t5, 0x6
core   0: 3 0x8000a722 (0x00006f17) x30 0x80010722
core   0: 0x8000a726 (0x8c3f2f23) sw      gp, -1826(t5)
core   0: 3 0x8000a726 (0x8c3f2f23) mem 0x80010000 0x00000001
core   0: 0x8000a72a (0x0000bfe5) c.j     pc - 8
core   0: 3 0x8000a72a (0xbfe5)
core   0: 0x8000a722 (0x00006f17) auipc   t5, 0x6
core   0: 3 0x8000a722 (0x00006f17) x30 0x80010722
core   0: 0x8000a726 (0x8c3f2f23) sw      gp, -1826(t5)
core   0: 3 0x8000a726 (0x8c3f2f23) mem 0x80010000 0x00000001
core   0: 0x8000a72a (0x0000bfe5) c.j     pc - 8
core   0: 3 0x8000a72a (0xbfe5)
core   0: 0x8000a722 (0x00006f17) auipc   t5, 0x6
core   0: 3 0x8000a722 (0x00006f17) x30 0x80010722
core   0: 0x8000a726 (0x8c3f2f23) sw      gp, -1826(t5)
core   0: 3 0x8000a726 (0x8c3f2f23) mem 0x80010000 0x00000001
core   0: 0x8000a72a (0x0000bfe5) c.j     pc - 8
core   0: 3 0x8000a72a (0xbfe5)
core   0: 0x8000a722 (0x00006f17) auipc   t5, 0x6
core   0: 3 0x8000a722 (0x00006f17) x30 0x80010722
core   0: 0x8000a726 (0x8c3f2f23) sw      gp, -1826(t5)
core   0: 3 0x8000a726 (0x8c3f2f23) mem 0x80010000 0x00000001
core   0: 0x8000a72a (0x0000bfe5) c.j     pc - 8
core   0: 3 0x8000a72a (0xbfe5)
core   0: 0x8000a722 (0x00006f17) auipc   t5, 0x6
core   0: 3 0x8000a722 (0x00006f17) x30 0x80010722
core   0: 0x8000a726 (0x8c3f2f23) sw      gp, -1826(t5)
core   0: 3 0x8000a726 (0x8c3f2f23) mem 0x80010000 0x00000001
core   0: 0x8000a72a (0x0000bfe5) c.j     pc - 8
core   0: 3 0x8000a72a (0xbfe5)
core   0: 0x8000a722 (0x00006f17) auipc   t5, 0x6
core   0: 3 0x8000a722 (0x00006f17) x30 0x80010722
core   0: 0x8000a726 (0x8c3f2f23) sw      gp, -1826(t5)
core   0: 3 0x8000a726 (0x8c3f2f23) mem 0x80010000 0x00000001
core   0: 0x8000a72a (0x0000bfe5) c.j     pc - 8
core   0: 3 0x8000a72a (0xbfe5)
core   0: 0x8000a722 (0x00006f17) auipc   t5, 0x6
core   0: 3 0x8000a722 (0x00006f17) x30 0x80010722
core   0: 0x8000a726 (0x8c3f2f23) sw      gp, -1826(t5)
core   0: 3 0x8000a726 (0x8c3f2f23) mem 0x80010000 0x00000001
core   0: 0x8000a72a (0x0000bfe5) c.j     pc - 8
core   0: 3 0x8000a72a (0xbfe5)
core   0: 0x8000a722 (0x00006f17) auipc   t5, 0x6
core   0: 3 0x8000a722 (0x00006f17) x30 0x80010722
core   0: 0x8000a726 (0x8c3f2f23) sw      gp, -1826(t5)
core   0: 3 0x8000a726 (0x8c3f2f23) mem 0x80010000 0x00000001
core   0: 0x8000a72a (0x0000bfe5) c.j     pc - 8
core   0: 3 0x8000a72a (0xbfe5)
core   0: 0x8000a722 (0x00006f17) auipc   t5, 0x6
core   0: 3 0x8000a722 (0x00006f17) x30 0x80010722
core   0: 0x8000a726 (0x8c3f2f23) sw      gp, -1826(t5)
core   0: 3 0x8000a726 (0x8c3f2f23) mem 0x80010000 0x00000001
core   0: 0x8000a72a (0x0000bfe5) c.j     pc - 8
core   0: 3 0x8000a72a (0xbfe5)
core   0: 0x8000a722 (0x00006f17) auipc   t5, 0x6
core   0: 3 0x8000a722 (0x00006f17) x30 0x80010722
core   0: 0x8000a726 (0x8c3f2f23) sw      gp, -1826(t5)
core   0: 3 0x8000a726 (0x8c3f2f23) mem 0x80010000 0x00000001
core   0: 0x8000a72a (0x0000bfe5) c.j     pc - 8
core   0: 3 0x8000a72a (0xbfe5)
core   0: 0x8000a722 (0x00006f17) auipc   t5, 0x6
core   0: 3 0x8000a722 (0x00006f17) x30 0x80010722
core   0: 0x8000a726 (0x8c3f2f23) sw      gp, -1826(t5)
core   0: 3 0x8000a726 (0x8c3f2f23) mem 0x80010000 0x00000001
core   0: 0x8000a72a (0x0000bfe5) c.j     pc - 8
core   0: 3 0x8000a72a (0xbfe5)
core   0: 0x8000a722 (0x00006f17) auipc   t5, 0x6
core   0: 3 0x8000a722 (0x00006f17) x30 0x80010722
core   0: 0x8000a726 (0x8c3f2f23) sw      gp, -1826(t5)
core   0: 3 0x8000a726 (0x8c3f2f23) mem 0x80010000 0x00000001
core   0: 0x8000a72a (0x0000bfe5) c.j     pc - 8
core   0: 3 0x8000a72a (0xbfe5)
core   0: 0x8000a722 (0x00006f17) auipc   t5, 0x6
core   0: 3 0x8000a722 (0x00006f17) x30 0x80010722
core   0: 0x8000a726 (0x8c3f2f23) sw      gp, -1826(t5)
core   0: 3 0x8000a726 (0x8c3f2f23) mem 0x80010000 0x00000001
core   0: 0x8000a72a (0x0000bfe5) c.j     pc - 8
core   0: 3 0x8000a72a (0xbfe5)
core   0: 0x8000a722 (0x00006f17) auipc   t5, 0x6
core   0: 3 0x8000a722 (0x00006f17) x30 0x80010722
core   0: 0x8000a726 (0x8c3f2f23) sw      gp, -1826(t5)
core   0: 3 0x8000a726 (0x8c3f2f23) mem 0x80010000 0x00000001
core   0: 0x8000a72a (0x0000bfe5) c.j     pc - 8
core   0: 3 0x8000a72a (0xbfe5)
core   0: 0x8000a722 (0x00006f17) auipc   t5, 0x6
core   0: 3 0x8000a722 (0x00006f17) x30 0x80010722
core   0: 0x8000a726 (0x8c3f2f23) sw      gp, -1826(t5)
core   0: 3 0x8000a726 (0x8c3f2f23) mem 0x80010000 0x00000001
core   0: 0x8000a72a (0x0000bfe5) c.j     pc - 8
core   0: 3 0x8000a72a (0xbfe5)
core   0: 0x8000a722 (0x00006f17) auipc   t5, 0x6
core   0: 3 0x8000a722 (0x00006f17) x30 0x80010722
core   0: 0x8000a726 (0x8c3f2f23) sw      gp, -1826(t5)
core   0: 3 0x8000a726 (0x8c3f2f23) mem 0x80010000 0x00000001
core   0: 0x8000a72a (0x0000bfe5) c.j     pc - 8
core   0: 3 0x8000a72a (0xbfe5)
core   0: 0x8000a722 (0x00006f17) auipc   t5, 0x6
core   0: 3 0x8000a722 (0x00006f17) x30 0x80010722
core   0: 0x8000a726 (0x8c3f2f23) sw      gp, -1826(t5)
core   0: 3 0x8000a726 (0x8c3f2f23) mem 0x80010000 0x00000001
core   0: 0x8000a72a (0x0000bfe5) c.j     pc - 8
core   0: 3 0x8000a72a (0xbfe5)
core   0: 0x8000a722 (0x00006f17) auipc   t5, 0x6
core   0: 3 0x8000a722 (0x00006f17) x30 0x80010722
core   0: 0x8000a726 (0x8c3f2f23) sw      gp, -1826(t5)
core   0: 3 0x8000a726 (0x8c3f2f23) mem 0x80010000 0x00000001
core   0: 0x8000a72a (0x0000bfe5) c.j     pc - 8
core   0: 3 0x8000a72a (0xbfe5)
core   0: 0x8000a722 (0x00006f17) auipc   t5, 0x6
core   0: 3 0x8000a722 (0x00006f17) x30 0x80010722
core   0: 0x8000a726 (0x8c3f2f23) sw      gp, -1826(t5)
core   0: 3 0x8000a726 (0x8c3f2f23) mem 0x80010000 0x00000001
core   0: 0x8000a72a (0x0000bfe5) c.j     pc - 8
core   0: 3 0x8000a72a (0xbfe5)
core   0: 0x8000a722 (0x00006f17) auipc   t5, 0x6
core   0: 3 0x8000a722 (0x00006f17) x30 0x80010722
core   0: 0x8000a726 (0x8c3f2f23) sw      gp, -1826(t5)
core   0: 3 0x8000a726 (0x8c3f2f23) mem 0x80010000 0x00000001
core   0: 0x8000a72a (0x0000bfe5) c.j     pc - 8
core   0: 3 0x8000a72a (0xbfe5)
core   0: 0x8000a722 (0x00006f17) auipc   t5, 0x6
core   0: 3 0x8000a722 (0x00006f17) x30 0x80010722
core   0: 0x8000a726 (0x8c3f2f23) sw      gp, -1826(t5)
core   0: 3 0x8000a726 (0x8c3f2f23) mem 0x80010000 0x00000001
core   0: 0x8000a72a (0x0000bfe5) c.j     pc - 8
core   0: 3 0x8000a72a (0xbfe5)
core   0: 0x8000a722 (0x00006f17) auipc   t5, 0x6
core   0: 3 0x8000a722 (0x00006f17) x30 0x80010722
core   0: 0x8000a726 (0x8c3f2f23) sw      gp, -1826(t5)
core   0: 3 0x8000a726 (0x8c3f2f23) mem 0x80010000 0x00000001
core   0: 0x8000a72a (0x0000bfe5) c.j     pc - 8
core   0: 3 0x8000a72a (0xbfe5)
core   0: 0x8000a722 (0x00006f17) auipc   t5, 0x6
core   0: 3 0x8000a722 (0x00006f17) x30 0x80010722
core   0: 0x8000a726 (0x8c3f2f23) sw      gp, -1826(t5)
core   0: 3 0x8000a726 (0x8c3f2f23) mem 0x80010000 0x00000001
core   0: 0x8000a72a (0x0000bfe5) c.j     pc - 8
core   0: 3 0x8000a72a (0xbfe5)
core   0: 0x8000a722 (0x00006f17) auipc   t5, 0x6
core   0: 3 0x8000a722 (0x00006f17) x30 0x80010722
core   0: 0x8000a726 (0x8c3f2f23) sw      gp, -1826(t5)
core   0: 3 0x8000a726 (0x8c3f2f23) mem 0x80010000 0x00000001
core   0: 0x8000a72a (0x0000bfe5) c.j     pc - 8
core   0: 3 0x8000a72a (0xbfe5)
core   0: 0x8000a722 (0x00006f17) auipc   t5, 0x6
core   0: 3 0x8000a722 (0x00006f17) x30 0x80010722
core   0: 0x8000a726 (0x8c3f2f23) sw      gp, -1826(t5)
core   0: 3 0x8000a726 (0x8c3f2f23) mem 0x80010000 0x00000001
core   0: 0x8000a72a (0x0000bfe5) c.j     pc - 8
core   0: 3 0x8000a72a (0xbfe5)
core   0: 0x8000a722 (0x00006f17) auipc   t5, 0x6
core   0: 3 0x8000a722 (0x00006f17) x30 0x80010722
core   0: 0x8000a726 (0x8c3f2f23) sw      gp, -1826(t5)
core   0: 3 0x8000a726 (0x8c3f2f23) mem 0x80010000 0x00000001
core   0: 0x8000a72a (0x0000bfe5) c.j     pc - 8
core   0: 3 0x8000a72a (0xbfe5)
core   0: 0x8000a722 (0x00006f17) auipc   t5, 0x6
core   0: 3 0x8000a722 (0x00006f17) x30 0x80010722
core   0: 0x8000a726 (0x8c3f2f23) sw      gp, -1826(t5)
core   0: 3 0x8000a726 (0x8c3f2f23) mem 0x80010000 0x00000001
core   0: 0x8000a72a (0x0000bfe5) c.j     pc - 8
core   0: 3 0x8000a72a (0xbfe5)
core   0: 0x8000a722 (0x00006f17) auipc   t5, 0x6
core   0: 3 0x8000a722 (0x00006f17) x30 0x80010722
core   0: 0x8000a726 (0x8c3f2f23) sw      gp, -1826(t5)
core   0: 3 0x8000a726 (0x8c3f2f23) mem 0x80010000 0x00000001
core   0: 0x8000a72a (0x0000bfe5) c.j     pc - 8
core   0: 3 0x8000a72a (0xbfe5)
core   0: 0x8000a722 (0x00006f17) auipc   t5, 0x6
core   0: 3 0x8000a722 (0x00006f17) x30 0x80010722
core   0: 0x8000a726 (0x8c3f2f23) sw      gp, -1826(t5)
core   0: 3 0x8000a726 (0x8c3f2f23) mem 0x80010000 0x00000001
core   0: 0x8000a72a (0x0000bfe5) c.j     pc - 8
core   0: 3 0x8000a72a (0xbfe5)
core   0: 0x8000a722 (0x00006f17) auipc   t5, 0x6
core   0: 3 0x8000a722 (0x00006f17) x30 0x80010722
core   0: 0x8000a726 (0x8c3f2f23) sw      gp, -1826(t5)
core   0: 3 0x8000a726 (0x8c3f2f23) mem 0x80010000 0x00000001
core   0: 0x8000a72a (0x0000bfe5) c.j     pc - 8
core   0: 3 0x8000a72a (0xbfe5)
core   0: 0x8000a722 (0x00006f17) auipc   t5, 0x6
core   0: 3 0x8000a722 (0x00006f17) x30 0x80010722
core   0: 0x8000a726 (0x8c3f2f23) sw      gp, -1826(t5)
core   0: 3 0x8000a726 (0x8c3f2f23) mem 0x80010000 0x00000001
core   0: 0x8000a72a (0x0000bfe5) c.j     pc - 8
core   0: 3 0x8000a72a (0xbfe5)
core   0: 0x8000a722 (0x00006f17) auipc   t5, 0x6
core   0: 3 0x8000a722 (0x00006f17) x30 0x80010722
core   0: 0x8000a726 (0x8c3f2f23) sw      gp, -1826(t5)
core   0: 3 0x8000a726 (0x8c3f2f23) mem 0x80010000 0x00000001
core   0: 0x8000a72a (0x0000bfe5) c.j     pc - 8
core   0: 3 0x8000a72a (0xbfe5)
core   0: 0x8000a722 (0x00006f17) auipc   t5, 0x6
core   0: 3 0x8000a722 (0x00006f17) x30 0x80010722
core   0: 0x8000a726 (0x8c3f2f23) sw      gp, -1826(t5)
core   0: 3 0x8000a726 (0x8c3f2f23) mem 0x80010000 0x00000001
core   0: 0x8000a72a (0x0000bfe5) c.j     pc - 8
core   0: 3 0x8000a72a (0xbfe5)
core   0: 0x8000a722 (0x00006f17) auipc   t5, 0x6
core   0: 3 0x8000a722 (0x00006f17) x30 0x80010722
core   0: 0x8000a726 (0x8c3f2f23) sw      gp, -1826(t5)
core   0: 3 0x8000a726 (0x8c3f2f23) mem 0x80010000 0x00000001
core   0: 0x8000a72a (0x0000bfe5) c.j     pc - 8
core   0: 3 0x8000a72a (0xbfe5)
core   0: 0x8000a722 (0x00006f17) auipc   t5, 0x6
core   0: 3 0x8000a722 (0x00006f17) x30 0x80010722
core   0: 0x8000a726 (0x8c3f2f23) sw      gp, -1826(t5)
core   0: 3 0x8000a726 (0x8c3f2f23) mem 0x80010000 0x00000001
core   0: 0x8000a72a (0x0000bfe5) c.j     pc - 8
core   0: 3 0x8000a72a (0xbfe5)
core   0: 0x8000a722 (0x00006f17) auipc   t5, 0x6
core   0: 3 0x8000a722 (0x00006f17) x30 0x80010722
core   0: 0x8000a726 (0x8c3f2f23) sw      gp, -1826(t5)
core   0: 3 0x8000a726 (0x8c3f2f23) mem 0x80010000 0x00000001
core   0: 0x8000a72a (0x0000bfe5) c.j     pc - 8
core   0: 3 0x8000a72a (0xbfe5)
core   0: 0x8000a722 (0x00006f17) auipc   t5, 0x6
core   0: 3 0x8000a722 (0x00006f17) x30 0x80010722
core   0: 0x8000a726 (0x8c3f2f23) sw      gp, -1826(t5)
core   0: 3 0x8000a726 (0x8c3f2f23) mem 0x80010000 0x00000001
core   0: 0x8000a72a (0x0000bfe5) c.j     pc - 8
core   0: 3 0x8000a72a (0xbfe5)
core   0: 0x8000a722 (0x00006f17) auipc   t5, 0x6
core   0: 3 0x8000a722 (0x00006f17) x30 0x80010722
core   0: 0x8000a726 (0x8c3f2f23) sw      gp, -1826(t5)
core   0: 3 0x8000a726 (0x8c3f2f23) mem 0x80010000 0x00000001
core   0: 0x8000a72a (0x0000bfe5) c.j     pc - 8
core   0: 3 0x8000a72a (0xbfe5)
core   0: 0x8000a722 (0x00006f17) auipc   t5, 0x6
core   0: 3 0x8000a722 (0x00006f17) x30 0x80010722
core   0: 0x8000a726 (0x8c3f2f23) sw      gp, -1826(t5)
core   0: 3 0x8000a726 (0x8c3f2f23) mem 0x80010000 0x00000001
core   0: 0x8000a72a (0x0000bfe5) c.j     pc - 8
core   0: 3 0x8000a72a (0xbfe5)
core   0: 0x8000a722 (0x00006f17) auipc   t5, 0x6
core   0: 3 0x8000a722 (0x00006f17) x30 0x80010722
core   0: 0x8000a726 (0x8c3f2f23) sw      gp, -1826(t5)
core   0: 3 0x8000a726 (0x8c3f2f23) mem 0x80010000 0x00000001
core   0: 0x8000a72a (0x0000bfe5) c.j     pc - 8
core   0: 3 0x8000a72a (0xbfe5)
core   0: 0x8000a722 (0x00006f17) auipc   t5, 0x6
core   0: 3 0x8000a722 (0x00006f17) x30 0x80010722
core   0: 0x8000a726 (0x8c3f2f23) sw      gp, -1826(t5)
core   0: 3 0x8000a726 (0x8c3f2f23) mem 0x80010000 0x00000001
core   0: 0x8000a72a (0x0000bfe5) c.j     pc - 8
core   0: 3 0x8000a72a (0xbfe5)
core   0: 0x8000a722 (0x00006f17) auipc   t5, 0x6
core   0: 3 0x8000a722 (0x00006f17) x30 0x80010722
core   0: 0x8000a726 (0x8c3f2f23) sw      gp, -1826(t5)
core   0: 3 0x8000a726 (0x8c3f2f23) mem 0x80010000 0x00000001
core   0: 0x8000a72a (0x0000bfe5) c.j     pc - 8
core   0: 3 0x8000a72a (0xbfe5)
core   0: 0x8000a722 (0x00006f17) auipc   t5, 0x6
core   0: 3 0x8000a722 (0x00006f17) x30 0x80010722
core   0: 0x8000a726 (0x8c3f2f23) sw      gp, -1826(t5)
core   0: 3 0x8000a726 (0x8c3f2f23) mem 0x80010000 0x00000001
core   0: 0x8000a72a (0x0000bfe5) c.j     pc - 8
core   0: 3 0x8000a72a (0xbfe5)
core   0: 0x8000a722 (0x00006f17) auipc   t5, 0x6
core   0: 3 0x8000a722 (0x00006f17) x30 0x80010722
core   0: 0x8000a726 (0x8c3f2f23) sw      gp, -1826(t5)
core   0: 3 0x8000a726 (0x8c3f2f23) mem 0x80010000 0x00000001
core   0: 0x8000a72a (0x0000bfe5) c.j     pc - 8
core   0: 3 0x8000a72a (0xbfe5)
core   0: 0x8000a722 (0x00006f17) auipc   t5, 0x6
core   0: 3 0x8000a722 (0x00006f17) x30 0x80010722
core   0: 0x8000a726 (0x8c3f2f23) sw      gp, -1826(t5)
core   0: 3 0x8000a726 (0x8c3f2f23) mem 0x80010000 0x00000001
core   0: 0x8000a72a (0x0000bfe5) c.j     pc - 8
core   0: 3 0x8000a72a (0xbfe5)
core   0: 0x8000a722 (0x00006f17) auipc   t5, 0x6
core   0: 3 0x8000a722 (0x00006f17) x30 0x80010722
core   0: 0x8000a726 (0x8c3f2f23) sw      gp, -1826(t5)
core   0: 3 0x8000a726 (0x8c3f2f23) mem 0x80010000 0x00000001
core   0: 0x8000a72a (0x0000bfe5) c.j     pc - 8
core   0: 3 0x8000a72a (0xbfe5)
core   0: 0x8000a722 (0x00006f17) auipc   t5, 0x6
core   0: 3 0x8000a722 (0x00006f17) x30 0x80010722
core   0: 0x8000a726 (0x8c3f2f23) sw      gp, -1826(t5)
core   0: 3 0x8000a726 (0x8c3f2f23) mem 0x80010000 0x00000001
core   0: 0x8000a72a (0x0000bfe5) c.j     pc - 8
core   0: 3 0x8000a72a (0xbfe5)
core   0: 0x8000a722 (0x00006f17) auipc   t5, 0x6
core   0: 3 0x8000a722 (0x00006f17) x30 0x80010722
core   0: 0x8000a726 (0x8c3f2f23) sw      gp, -1826(t5)
core   0: 3 0x8000a726 (0x8c3f2f23) mem 0x80010000 0x00000001
core   0: 0x8000a72a (0x0000bfe5) c.j     pc - 8
core   0: 3 0x8000a72a (0xbfe5)
core   0: 0x8000a722 (0x00006f17) auipc   t5, 0x6
core   0: 3 0x8000a722 (0x00006f17) x30 0x80010722
core   0: 0x8000a726 (0x8c3f2f23) sw      gp, -1826(t5)
core   0: 3 0x8000a726 (0x8c3f2f23) mem 0x80010000 0x00000001
core   0: 0x8000a72a (0x0000bfe5) c.j     pc - 8
core   0: 3 0x8000a72a (0xbfe5)
core   0: 0x8000a722 (0x00006f17) auipc   t5, 0x6
core   0: 3 0x8000a722 (0x00006f17) x30 0x80010722
core   0: 0x8000a726 (0x8c3f2f23) sw      gp, -1826(t5)
core   0: 3 0x8000a726 (0x8c3f2f23) mem 0x80010000 0x00000001
core   0: 0x8000a72a (0x0000bfe5) c.j     pc - 8
core   0: 3 0x8000a72a (0xbfe5)
core   0: 0x8000a722 (0x00006f17) auipc   t5, 0x6
core   0: 3 0x8000a722 (0x00006f17) x30 0x80010722
core   0: 0x8000a726 (0x8c3f2f23) sw      gp, -1826(t5)
core   0: 3 0x8000a726 (0x8c3f2f23) mem 0x80010000 0x00000001
core   0: 0x8000a72a (0x0000bfe5) c.j     pc - 8
core   0: 3 0x8000a72a (0xbfe5)
core   0: 0x8000a722 (0x00006f17) auipc   t5, 0x6
core   0: 3 0x8000a722 (0x00006f17) x30 0x80010722
core   0: 0x8000a726 (0x8c3f2f23) sw      gp, -1826(t5)
core   0: 3 0x8000a726 (0x8c3f2f23) mem 0x80010000 0x00000001
core   0: 0x8000a72a (0x0000bfe5) c.j     pc - 8
core   0: 3 0x8000a72a (0xbfe5)
core   0: 0x8000a722 (0x00006f17) auipc   t5, 0x6
core   0: 3 0x8000a722 (0x00006f17) x30 0x80010722
core   0: 0x8000a726 (0x8c3f2f23) sw      gp, -1826(t5)
core   0: 3 0x8000a726 (0x8c3f2f23) mem 0x80010000 0x00000001
core   0: 0x8000a72a (0x0000bfe5) c.j     pc - 8
core   0: 3 0x8000a72a (0xbfe5)
core   0: 0x8000a722 (0x00006f17) auipc   t5, 0x6
core   0: 3 0x8000a722 (0x00006f17) x30 0x80010722
core   0: 0x8000a726 (0x8c3f2f23) sw      gp, -1826(t5)
core   0: 3 0x8000a726 (0x8c3f2f23) mem 0x80010000 0x00000001
core   0: 0x8000a72a (0x0000bfe5) c.j     pc - 8
core   0: 3 0x8000a72a (0xbfe5)
core   0: 0x8000a722 (0x00006f17) auipc   t5, 0x6
core   0: 3 0x8000a722 (0x00006f17) x30 0x80010722
core   0: 0x8000a726 (0x8c3f2f23) sw      gp, -1826(t5)
core   0: 3 0x8000a726 (0x8c3f2f23) mem 0x80010000 0x00000001
core   0: 0x8000a72a (0x0000bfe5) c.j     pc - 8
core   0: 3 0x8000a72a (0xbfe5)
core   0: 0x8000a722 (0x00006f17) auipc   t5, 0x6
core   0: 3 0x8000a722 (0x00006f17) x30 0x80010722
core   0: 0x8000a726 (0x8c3f2f23) sw      gp, -1826(t5)
core   0: 3 0x8000a726 (0x8c3f2f23) mem 0x80010000 0x00000001
core   0: 0x8000a72a (0x0000bfe5) c.j     pc - 8
core   0: 3 0x8000a72a (0xbfe5)
core   0: 0x8000a722 (0x00006f17) auipc   t5, 0x6
core   0: 3 0x8000a722 (0x00006f17) x30 0x80010722
core   0: 0x8000a726 (0x8c3f2f23) sw      gp, -1826(t5)
core   0: 3 0x8000a726 (0x8c3f2f23) mem 0x80010000 0x00000001
core   0: 0x8000a72a (0x0000bfe5) c.j     pc - 8
core   0: 3 0x8000a72a (0xbfe5)
core   0: 0x8000a722 (0x00006f17) auipc   t5, 0x6
core   0: 3 0x8000a722 (0x00006f17) x30 0x80010722
core   0: 0x8000a726 (0x8c3f2f23) sw      gp, -1826(t5)
core   0: 3 0x8000a726 (0x8c3f2f23) mem 0x80010000 0x00000001
core   0: 0x8000a72a (0x0000bfe5) c.j     pc - 8
core   0: 3 0x8000a72a (0xbfe5)
core   0: 0x8000a722 (0x00006f17) auipc   t5, 0x6
core   0: 3 0x8000a722 (0x00006f17) x30 0x80010722
core   0: 0x8000a726 (0x8c3f2f23) sw      gp, -1826(t5)
core   0: 3 0x8000a726 (0x8c3f2f23) mem 0x80010000 0x00000001
core   0: 0x8000a72a (0x0000bfe5) c.j     pc - 8
core   0: 3 0x8000a72a (0xbfe5)
core   0: 0x8000a722 (0x00006f17) auipc   t5, 0x6
core   0: 3 0x8000a722 (0x00006f17) x30 0x80010722
core   0: 0x8000a726 (0x8c3f2f23) sw      gp, -1826(t5)
core   0: 3 0x8000a726 (0x8c3f2f23) mem 0x80010000 0x00000001
core   0: 0x8000a72a (0x0000bfe5) c.j     pc - 8
core   0: 3 0x8000a72a (0xbfe5)
core   0: 0x8000a722 (0x00006f17) auipc   t5, 0x6
core   0: 3 0x8000a722 (0x00006f17) x30 0x80010722
core   0: 0x8000a726 (0x8c3f2f23) sw      gp, -1826(t5)
core   0: 3 0x8000a726 (0x8c3f2f23) mem 0x80010000 0x00000001
core   0: 0x8000a72a (0x0000bfe5) c.j     pc - 8
core   0: 3 0x8000a72a (0xbfe5)
core   0: 0x8000a722 (0x00006f17) auipc   t5, 0x6
core   0: 3 0x8000a722 (0x00006f17) x30 0x80010722
core   0: 0x8000a726 (0x8c3f2f23) sw      gp, -1826(t5)
core   0: 3 0x8000a726 (0x8c3f2f23) mem 0x80010000 0x00000001
core   0: 0x8000a72a (0x0000bfe5) c.j     pc - 8
core   0: 3 0x8000a72a (0xbfe5)
core   0: 0x8000a722 (0x00006f17) auipc   t5, 0x6
core   0: 3 0x8000a722 (0x00006f17) x30 0x80010722
core   0: 0x8000a726 (0x8c3f2f23) sw      gp, -1826(t5)
core   0: 3 0x8000a726 (0x8c3f2f23) mem 0x80010000 0x00000001
core   0: 0x8000a72a (0x0000bfe5) c.j     pc - 8
core   0: 3 0x8000a72a (0xbfe5)
core   0: 0x8000a722 (0x00006f17) auipc   t5, 0x6
core   0: 3 0x8000a722 (0x00006f17) x30 0x80010722
core   0: 0x8000a726 (0x8c3f2f23) sw      gp, -1826(t5)
core   0: 3 0x8000a726 (0x8c3f2f23) mem 0x80010000 0x00000001
core   0: 0x8000a72a (0x0000bfe5) c.j     pc - 8
core   0: 3 0x8000a72a (0xbfe5)
core   0: 0x8000a722 (0x00006f17) auipc   t5, 0x6
core   0: 3 0x8000a722 (0x00006f17) x30 0x80010722
core   0: 0x8000a726 (0x8c3f2f23) sw      gp, -1826(t5)
core   0: 3 0x8000a726 (0x8c3f2f23) mem 0x80010000 0x00000001
core   0: 0x8000a72a (0x0000bfe5) c.j     pc - 8
core   0: 3 0x8000a72a (0xbfe5)
core   0: 0x8000a722 (0x00006f17) auipc   t5, 0x6
core   0: 3 0x8000a722 (0x00006f17) x30 0x80010722
core   0: 0x8000a726 (0x8c3f2f23) sw      gp, -1826(t5)
core   0: 3 0x8000a726 (0x8c3f2f23) mem 0x80010000 0x00000001
core   0: 0x8000a72a (0x0000bfe5) c.j     pc - 8
core   0: 3 0x8000a72a (0xbfe5)
core   0: 0x8000a722 (0x00006f17) auipc   t5, 0x6
core   0: 3 0x8000a722 (0x00006f17) x30 0x80010722
core   0: 0x8000a726 (0x8c3f2f23) sw      gp, -1826(t5)
core   0: 3 0x8000a726 (0x8c3f2f23) mem 0x80010000 0x00000001
core   0: 0x8000a72a (0x0000bfe5) c.j     pc - 8
core   0: 3 0x8000a72a (0xbfe5)
core   0: 0x8000a722 (0x00006f17) auipc   t5, 0x6
core   0: 3 0x8000a722 (0x00006f17) x30 0x80010722
core   0: 0x8000a726 (0x8c3f2f23) sw      gp, -1826(t5)
core   0: 3 0x8000a726 (0x8c3f2f23) mem 0x80010000 0x00000001
core   0: 0x8000a72a (0x0000bfe5) c.j     pc - 8
core   0: 3 0x8000a72a (0xbfe5)
core   0: 0x8000a722 (0x00006f17) auipc   t5, 0x6
core   0: 3 0x8000a722 (0x00006f17) x30 0x80010722
core   0: 0x8000a726 (0x8c3f2f23) sw      gp, -1826(t5)
core   0: 3 0x8000a726 (0x8c3f2f23) mem 0x80010000 0x00000001
core   0: 0x8000a72a (0x0000bfe5) c.j     pc - 8
core   0: 3 0x8000a72a (0xbfe5)
core   0: 0x8000a722 (0x00006f17) auipc   t5, 0x6
core   0: 3 0x8000a722 (0x00006f17) x30 0x80010722
core   0: 0x8000a726 (0x8c3f2f23) sw      gp, -1826(t5)
core   0: 3 0x8000a726 (0x8c3f2f23) mem 0x80010000 0x00000001
core   0: 0x8000a72a (0x0000bfe5) c.j     pc - 8
core   0: 3 0x8000a72a (0xbfe5)
core   0: 0x8000a722 (0x00006f17) auipc   t5, 0x6
core   0: 3 0x8000a722 (0x00006f17) x30 0x80010722
core   0: 0x8000a726 (0x8c3f2f23) sw      gp, -1826(t5)
core   0: 3 0x8000a726 (0x8c3f2f23) mem 0x80010000 0x00000001
core   0: 0x8000a72a (0x0000bfe5) c.j     pc - 8
core   0: 3 0x8000a72a (0xbfe5)
core   0: 0x8000a722 (0x00006f17) auipc   t5, 0x6
core   0: 3 0x8000a722 (0x00006f17) x30 0x80010722
core   0: 0x8000a726 (0x8c3f2f23) sw      gp, -1826(t5)
core   0: 3 0x8000a726 (0x8c3f2f23) mem 0x80010000 0x00000001
core   0: 0x8000a72a (0x0000bfe5) c.j     pc - 8
core   0: 3 0x8000a72a (0xbfe5)
core   0: 0x8000a722 (0x00006f17) auipc   t5, 0x6
core   0: 3 0x8000a722 (0x00006f17) x30 0x80010722
core   0: 0x8000a726 (0x8c3f2f23) sw      gp, -1826(t5)
core   0: 3 0x8000a726 (0x8c3f2f23) mem 0x80010000 0x00000001
core   0: 0x8000a72a (0x0000bfe5) c.j     pc - 8
core   0: 3 0x8000a72a (0xbfe5)
core   0: 0x8000a722 (0x00006f17) auipc   t5, 0x6
core   0: 3 0x8000a722 (0x00006f17) x30 0x80010722
core   0: 0x8000a726 (0x8c3f2f23) sw      gp, -1826(t5)
core   0: 3 0x8000a726 (0x8c3f2f23) mem 0x80010000 0x00000001
core   0: 0x8000a72a (0x0000bfe5) c.j     pc - 8
core   0: 3 0x8000a72a (0xbfe5)
core   0: 0x8000a722 (0x00006f17) auipc   t5, 0x6
core   0: 3 0x8000a722 (0x00006f17) x30 0x80010722
core   0: 0x8000a726 (0x8c3f2f23) sw      gp, -1826(t5)
core   0: 3 0x8000a726 (0x8c3f2f23) mem 0x80010000 0x00000001
core   0: 0x8000a72a (0x0000bfe5) c.j     pc - 8
core   0: 3 0x8000a72a (0xbfe5)
core   0: 0x8000a722 (0x00006f17) auipc   t5, 0x6
core   0: 3 0x8000a722 (0x00006f17) x30 0x80010722
core   0: 0x8000a726 (0x8c3f2f23) sw      gp, -1826(t5)
core   0: 3 0x8000a726 (0x8c3f2f23) mem 0x80010000 0x00000001
core   0: 0x8000a72a (0x0000bfe5) c.j     pc - 8
core   0: 3 0x8000a72a (0xbfe5)
core   0: 0x8000a722 (0x00006f17) auipc   t5, 0x6
core   0: 3 0x8000a722 (0x00006f17) x30 0x80010722
core   0: 0x8000a726 (0x8c3f2f23) sw      gp, -1826(t5)
core   0: 3 0x8000a726 (0x8c3f2f23) mem 0x80010000 0x00000001
core   0: 0x8000a72a (0x0000bfe5) c.j     pc - 8
core   0: 3 0x8000a72a (0xbfe5)
core   0: 0x8000a722 (0x00006f17) auipc   t5, 0x6
core   0: 3 0x8000a722 (0x00006f17) x30 0x80010722
core   0: 0x8000a726 (0x8c3f2f23) sw      gp, -1826(t5)
core   0: 3 0x8000a726 (0x8c3f2f23) mem 0x80010000 0x00000001
core   0: 0x8000a72a (0x0000bfe5) c.j     pc - 8
core   0: 3 0x8000a72a (0xbfe5)
core   0: 0x8000a722 (0x00006f17) auipc   t5, 0x6
core   0: 3 0x8000a722 (0x00006f17) x30 0x80010722
core   0: 0x8000a726 (0x8c3f2f23) sw      gp, -1826(t5)
core   0: 3 0x8000a726 (0x8c3f2f23) mem 0x80010000 0x00000001
core   0: 0x8000a72a (0x0000bfe5) c.j     pc - 8
core   0: 3 0x8000a72a (0xbfe5)
core   0: 0x8000a722 (0x00006f17) auipc   t5, 0x6
core   0: 3 0x8000a722 (0x00006f17) x30 0x80010722
core   0: 0x8000a726 (0x8c3f2f23) sw      gp, -1826(t5)
core   0: 3 0x8000a726 (0x8c3f2f23) mem 0x80010000 0x00000001
core   0: 0x8000a72a (0x0000bfe5) c.j     pc - 8
core   0: 3 0x8000a72a (0xbfe5)
core   0: 0x8000a722 (0x00006f17) auipc   t5, 0x6
core   0: 3 0x8000a722 (0x00006f17) x30 0x80010722
core   0: 0x8000a726 (0x8c3f2f23) sw      gp, -1826(t5)
core   0: 3 0x8000a726 (0x8c3f2f23) mem 0x80010000 0x00000001
core   0: 0x8000a72a (0x0000bfe5) c.j     pc - 8
core   0: 3 0x8000a72a (0xbfe5)
core   0: 0x8000a722 (0x00006f17) auipc   t5, 0x6
core   0: 3 0x8000a722 (0x00006f17) x30 0x80010722
core   0: 0x8000a726 (0x8c3f2f23) sw      gp, -1826(t5)
core   0: 3 0x8000a726 (0x8c3f2f23) mem 0x80010000 0x00000001
core   0: 0x8000a72a (0x0000bfe5) c.j     pc - 8
core   0: 3 0x8000a72a (0xbfe5)
core   0: 0x8000a722 (0x00006f17) auipc   t5, 0x6
core   0: 3 0x8000a722 (0x00006f17) x30 0x80010722
core   0: 0x8000a726 (0x8c3f2f23) sw      gp, -1826(t5)
core   0: 3 0x8000a726 (0x8c3f2f23) mem 0x80010000 0x00000001
core   0: 0x8000a72a (0x0000bfe5) c.j     pc - 8
core   0: 3 0x8000a72a (0xbfe5)
core   0: 0x8000a722 (0x00006f17) auipc   t5, 0x6
core   0: 3 0x8000a722 (0x00006f17) x30 0x80010722
core   0: 0x8000a726 (0x8c3f2f23) sw      gp, -1826(t5)
core   0: 3 0x8000a726 (0x8c3f2f23) mem 0x80010000 0x00000001
core   0: 0x8000a72a (0x0000bfe5) c.j     pc - 8
core   0: 3 0x8000a72a (0xbfe5)
core   0: 0x8000a722 (0x00006f17) auipc   t5, 0x6
core   0: 3 0x8000a722 (0x00006f17) x30 0x80010722
core   0: 0x8000a726 (0x8c3f2f23) sw      gp, -1826(t5)
core   0: 3 0x8000a726 (0x8c3f2f23) mem 0x80010000 0x00000001
core   0: 0x8000a72a (0x0000bfe5) c.j     pc - 8
core   0: 3 0x8000a72a (0xbfe5)
core   0: 0x8000a722 (0x00006f17) auipc   t5, 0x6
core   0: 3 0x8000a722 (0x00006f17) x30 0x80010722
core   0: 0x8000a726 (0x8c3f2f23) sw      gp, -1826(t5)
core   0: 3 0x8000a726 (0x8c3f2f23) mem 0x80010000 0x00000001
core   0: 0x8000a72a (0x0000bfe5) c.j     pc - 8
core   0: 3 0x8000a72a (0xbfe5)
core   0: 0x8000a722 (0x00006f17) auipc   t5, 0x6
core   0: 3 0x8000a722 (0x00006f17) x30 0x80010722
core   0: 0x8000a726 (0x8c3f2f23) sw      gp, -1826(t5)
core   0: 3 0x8000a726 (0x8c3f2f23) mem 0x80010000 0x00000001
core   0: 0x8000a72a (0x0000bfe5) c.j     pc - 8
core   0: 3 0x8000a72a (0xbfe5)
core   0: 0x8000a722 (0x00006f17) auipc   t5, 0x6
core   0: 3 0x8000a722 (0x00006f17) x30 0x80010722
core   0: 0x8000a726 (0x8c3f2f23) sw      gp, -1826(t5)
core   0: 3 0x8000a726 (0x8c3f2f23) mem 0x80010000 0x00000001
core   0: 0x8000a72a (0x0000bfe5) c.j     pc - 8
core   0: 3 0x8000a72a (0xbfe5)
core   0: 0x8000a722 (0x00006f17) auipc   t5, 0x6
core   0: 3 0x8000a722 (0x00006f17) x30 0x80010722
core   0: 0x8000a726 (0x8c3f2f23) sw      gp, -1826(t5)
core   0: 3 0x8000a726 (0x8c3f2f23) mem 0x80010000 0x00000001
core   0: 0x8000a72a (0x0000bfe5) c.j     pc - 8
core   0: 3 0x8000a72a (0xbfe5)
core   0: 0x8000a722 (0x00006f17) auipc   t5, 0x6
core   0: 3 0x8000a722 (0x00006f17) x30 0x80010722
core   0: 0x8000a726 (0x8c3f2f23) sw      gp, -1826(t5)
core   0: 3 0x8000a726 (0x8c3f2f23) mem 0x80010000 0x00000001
core   0: 0x8000a72a (0x0000bfe5) c.j     pc - 8
core   0: 3 0x8000a72a (0xbfe5)
core   0: 0x8000a722 (0x00006f17) auipc   t5, 0x6
core   0: 3 0x8000a722 (0x00006f17) x30 0x80010722
core   0: 0x8000a726 (0x8c3f2f23) sw      gp, -1826(t5)
core   0: 3 0x8000a726 (0x8c3f2f23) mem 0x80010000 0x00000001
core   0: 0x8000a72a (0x0000bfe5) c.j     pc - 8
core   0: 3 0x8000a72a (0xbfe5)
core   0: 0x8000a722 (0x00006f17) auipc   t5, 0x6
core   0: 3 0x8000a722 (0x00006f17) x30 0x80010722
core   0: 0x8000a726 (0x8c3f2f23) sw      gp, -1826(t5)
core   0: 3 0x8000a726 (0x8c3f2f23) mem 0x80010000 0x00000001
core   0: 0x8000a72a (0x0000bfe5) c.j     pc - 8
core   0: 3 0x8000a72a (0xbfe5)
core   0: 0x8000a722 (0x00006f17) auipc   t5, 0x6
core   0: 3 0x8000a722 (0x00006f17) x30 0x80010722
core   0: 0x8000a726 (0x8c3f2f23) sw      gp, -1826(t5)
core   0: 3 0x8000a726 (0x8c3f2f23) mem 0x80010000 0x00000001
core   0: 0x8000a72a (0x0000bfe5) c.j     pc - 8
core   0: 3 0x8000a72a (0xbfe5)
core   0: 0x8000a722 (0x00006f17) auipc   t5, 0x6
core   0: 3 0x8000a722 (0x00006f17) x30 0x80010722
core   0: 0x8000a726 (0x8c3f2f23) sw      gp, -1826(t5)
core   0: 3 0x8000a726 (0x8c3f2f23) mem 0x80010000 0x00000001
core   0: 0x8000a72a (0x0000bfe5) c.j     pc - 8
core   0: 3 0x8000a72a (0xbfe5)
core   0: 0x8000a722 (0x00006f17) auipc   t5, 0x6
core   0: 3 0x8000a722 (0x00006f17) x30 0x80010722
core   0: 0x8000a726 (0x8c3f2f23) sw      gp, -1826(t5)
core   0: 3 0x8000a726 (0x8c3f2f23) mem 0x80010000 0x00000001
core   0: 0x8000a72a (0x0000bfe5) c.j     pc - 8
core   0: 3 0x8000a72a (0xbfe5)
core   0: 0x8000a722 (0x00006f17) auipc   t5, 0x6
core   0: 3 0x8000a722 (0x00006f17) x30 0x80010722
core   0: 0x8000a726 (0x8c3f2f23) sw      gp, -1826(t5)
core   0: 3 0x8000a726 (0x8c3f2f23) mem 0x80010000 0x00000001
core   0: 0x8000a72a (0x0000bfe5) c.j     pc - 8
core   0: 3 0x8000a72a (0xbfe5)
core   0: 0x8000a722 (0x00006f17) auipc   t5, 0x6
core   0: 3 0x8000a722 (0x00006f17) x30 0x80010722
core   0: 0x8000a726 (0x8c3f2f23) sw      gp, -1826(t5)
core   0: 3 0x8000a726 (0x8c3f2f23) mem 0x80010000 0x00000001
core   0: 0x8000a72a (0x0000bfe5) c.j     pc - 8
core   0: 3 0x8000a72a (0xbfe5)
core   0: 0x8000a722 (0x00006f17) auipc   t5, 0x6
core   0: 3 0x8000a722 (0x00006f17) x30 0x80010722
core   0: 0x8000a726 (0x8c3f2f23) sw      gp, -1826(t5)
core   0: 3 0x8000a726 (0x8c3f2f23) mem 0x80010000 0x00000001
core   0: 0x8000a72a (0x0000bfe5) c.j     pc - 8
core   0: 3 0x8000a72a (0xbfe5)
core   0: 0x8000a722 (0x00006f17) auipc   t5, 0x6
core   0: 3 0x8000a722 (0x00006f17) x30 0x80010722
core   0: 0x8000a726 (0x8c3f2f23) sw      gp, -1826(t5)
core   0: 3 0x8000a726 (0x8c3f2f23) mem 0x80010000 0x00000001
core   0: 0x8000a72a (0x0000bfe5) c.j     pc - 8
core   0: 3 0x8000a72a (0xbfe5)
core   0: 0x8000a722 (0x00006f17) auipc   t5, 0x6
core   0: 3 0x8000a722 (0x00006f17) x30 0x80010722
core   0: 0x8000a726 (0x8c3f2f23) sw      gp, -1826(t5)
core   0: 3 0x8000a726 (0x8c3f2f23) mem 0x80010000 0x00000001
core   0: 0x8000a72a (0x0000bfe5) c.j     pc - 8
core   0: 3 0x8000a72a (0xbfe5)
core   0: 0x8000a722 (0x00006f17) auipc   t5, 0x6
core   0: 3 0x8000a722 (0x00006f17) x30 0x80010722
core   0: 0x8000a726 (0x8c3f2f23) sw      gp, -1826(t5)
core   0: 3 0x8000a726 (0x8c3f2f23) mem 0x80010000 0x00000001
core   0: 0x8000a72a (0x0000bfe5) c.j     pc - 8
core   0: 3 0x8000a72a (0xbfe5)
core   0: 0x8000a722 (0x00006f17) auipc   t5, 0x6
core   0: 3 0x8000a722 (0x00006f17) x30 0x80010722
core   0: 0x8000a726 (0x8c3f2f23) sw      gp, -1826(t5)
core   0: 3 0x8000a726 (0x8c3f2f23) mem 0x80010000 0x00000001
core   0: 0x8000a72a (0x0000bfe5) c.j     pc - 8
core   0: 3 0x8000a72a (0xbfe5)
core   0: 0x8000a722 (0x00006f17) auipc   t5, 0x6
core   0: 3 0x8000a722 (0x00006f17) x30 0x80010722
core   0: 0x8000a726 (0x8c3f2f23) sw      gp, -1826(t5)
core   0: 3 0x8000a726 (0x8c3f2f23) mem 0x80010000 0x00000001
core   0: 0x8000a72a (0x0000bfe5) c.j     pc - 8
core   0: 3 0x8000a72a (0xbfe5)
core   0: 0x8000a722 (0x00006f17) auipc   t5, 0x6
core   0: 3 0x8000a722 (0x00006f17) x30 0x80010722
core   0: 0x8000a726 (0x8c3f2f23) sw      gp, -1826(t5)
core   0: 3 0x8000a726 (0x8c3f2f23) mem 0x80010000 0x00000001
core   0: 0x8000a72a (0x0000bfe5) c.j     pc - 8
core   0: 3 0x8000a72a (0xbfe5)
core   0: 0x8000a722 (0x00006f17) auipc   t5, 0x6
core   0: 3 0x8000a722 (0x00006f17) x30 0x80010722
core   0: 0x8000a726 (0x8c3f2f23) sw      gp, -1826(t5)
core   0: 3 0x8000a726 (0x8c3f2f23) mem 0x80010000 0x00000001
core   0: 0x8000a72a (0x0000bfe5) c.j     pc - 8
core   0: 3 0x8000a72a (0xbfe5)
core   0: 0x8000a722 (0x00006f17) auipc   t5, 0x6
core   0: 3 0x8000a722 (0x00006f17) x30 0x80010722
core   0: 0x8000a726 (0x8c3f2f23) sw      gp, -1826(t5)
core   0: 3 0x8000a726 (0x8c3f2f23) mem 0x80010000 0x00000001
core   0: 0x8000a72a (0x0000bfe5) c.j     pc - 8
core   0: 3 0x8000a72a (0xbfe5)
core   0: 0x8000a722 (0x00006f17) auipc   t5, 0x6
core   0: 3 0x8000a722 (0x00006f17) x30 0x80010722
core   0: 0x8000a726 (0x8c3f2f23) sw      gp, -1826(t5)
core   0: 3 0x8000a726 (0x8c3f2f23) mem 0x80010000 0x00000001
core   0: 0x8000a72a (0x0000bfe5) c.j     pc - 8
core   0: 3 0x8000a72a (0xbfe5)
core   0: 0x8000a722 (0x00006f17) auipc   t5, 0x6
core   0: 3 0x8000a722 (0x00006f17) x30 0x80010722
core   0: 0x8000a726 (0x8c3f2f23) sw      gp, -1826(t5)
core   0: 3 0x8000a726 (0x8c3f2f23) mem 0x80010000 0x00000001
core   0: 0x8000a72a (0x0000bfe5) c.j     pc - 8
core   0: 3 0x8000a72a (0xbfe5)
core   0: 0x8000a722 (0x00006f17) auipc   t5, 0x6
core   0: 3 0x8000a722 (0x00006f17) x30 0x80010722
core   0: 0x8000a726 (0x8c3f2f23) sw      gp, -1826(t5)
core   0: 3 0x8000a726 (0x8c3f2f23) mem 0x80010000 0x00000001
core   0: 0x8000a72a (0x0000bfe5) c.j     pc - 8
core   0: 3 0x8000a72a (0xbfe5)
core   0: 0x8000a722 (0x00006f17) auipc   t5, 0x6
core   0: 3 0x8000a722 (0x00006f17) x30 0x80010722
core   0: 0x8000a726 (0x8c3f2f23) sw      gp, -1826(t5)
core   0: 3 0x8000a726 (0x8c3f2f23) mem 0x80010000 0x00000001
core   0: 0x8000a72a (0x0000bfe5) c.j     pc - 8
core   0: 3 0x8000a72a (0xbfe5)
core   0: 0x8000a722 (0x00006f17) auipc   t5, 0x6
core   0: 3 0x8000a722 (0x00006f17) x30 0x80010722
core   0: 0x8000a726 (0x8c3f2f23) sw      gp, -1826(t5)
core   0: 3 0x8000a726 (0x8c3f2f23) mem 0x80010000 0x00000001
core   0: 0x8000a72a (0x0000bfe5) c.j     pc - 8
core   0: 3 0x8000a72a (0xbfe5)
core   0: 0x8000a722 (0x00006f17) auipc   t5, 0x6
core   0: 3 0x8000a722 (0x00006f17) x30 0x80010722
core   0: 0x8000a726 (0x8c3f2f23) sw      gp, -1826(t5)
core   0: 3 0x8000a726 (0x8c3f2f23) mem 0x80010000 0x00000001
core   0: 0x8000a72a (0x0000bfe5) c.j     pc - 8
core   0: 3 0x8000a72a (0xbfe5)
core   0: 0x8000a722 (0x00006f17) auipc   t5, 0x6
core   0: 3 0x8000a722 (0x00006f17) x30 0x80010722
core   0: 0x8000a726 (0x8c3f2f23) sw      gp, -1826(t5)
core   0: 3 0x8000a726 (0x8c3f2f23) mem 0x80010000 0x00000001
core   0: 0x8000a72a (0x0000bfe5) c.j     pc - 8
core   0: 3 0x8000a72a (0xbfe5)
core   0: 0x8000a722 (0x00006f17) auipc   t5, 0x6
core   0: 3 0x8000a722 (0x00006f17) x30 0x80010722
core   0: 0x8000a726 (0x8c3f2f23) sw      gp, -1826(t5)
core   0: 3 0x8000a726 (0x8c3f2f23) mem 0x80010000 0x00000001
core   0: 0x8000a72a (0x0000bfe5) c.j     pc - 8
core   0: 3 0x8000a72a (0xbfe5)
core   0: 0x8000a722 (0x00006f17) auipc   t5, 0x6
core   0: 3 0x8000a722 (0x00006f17) x30 0x80010722
core   0: 0x8000a726 (0x8c3f2f23) sw      gp, -1826(t5)
core   0: 3 0x8000a726 (0x8c3f2f23) mem 0x80010000 0x00000001
core   0: 0x8000a72a (0x0000bfe5) c.j     pc - 8
core   0: 3 0x8000a72a (0xbfe5)
core   0: 0x8000a722 (0x00006f17) auipc   t5, 0x6
core   0: 3 0x8000a722 (0x00006f17) x30 0x80010722
core   0: 0x8000a726 (0x8c3f2f23) sw      gp, -1826(t5)
core   0: 3 0x8000a726 (0x8c3f2f23) mem 0x80010000 0x00000001
core   0: 0x8000a72a (0x0000bfe5) c.j     pc - 8
core   0: 3 0x8000a72a (0xbfe5)
core   0: 0x8000a722 (0x00006f17) auipc   t5, 0x6
core   0: 3 0x8000a722 (0x00006f17) x30 0x80010722
core   0: 0x8000a726 (0x8c3f2f23) sw      gp, -1826(t5)
core   0: 3 0x8000a726 (0x8c3f2f23) mem 0x80010000 0x00000001
core   0: 0x8000a72a (0x0000bfe5) c.j     pc - 8
core   0: 3 0x8000a72a (0xbfe5)
core   0: 0x8000a722 (0x00006f17) auipc   t5, 0x6
core   0: 3 0x8000a722 (0x00006f17) x30 0x80010722
core   0: 0x8000a726 (0x8c3f2f23) sw      gp, -1826(t5)
core   0: 3 0x8000a726 (0x8c3f2f23) mem 0x80010000 0x00000001
core   0: 0x8000a72a (0x0000bfe5) c.j     pc - 8
core   0: 3 0x8000a72a (0xbfe5)
core   0: 0x8000a722 (0x00006f17) auipc   t5, 0x6
core   0: 3 0x8000a722 (0x00006f17) x30 0x80010722
core   0: 0x8000a726 (0x8c3f2f23) sw      gp, -1826(t5)
core   0: 3 0x8000a726 (0x8c3f2f23) mem 0x80010000 0x00000001
core   0: 0x8000a72a (0x0000bfe5) c.j     pc - 8
core   0: 3 0x8000a72a (0xbfe5)
core   0: 0x8000a722 (0x00006f17) auipc   t5, 0x6
core   0: 3 0x8000a722 (0x00006f17) x30 0x80010722
core   0: 0x8000a726 (0x8c3f2f23) sw      gp, -1826(t5)
core   0: 3 0x8000a726 (0x8c3f2f23) mem 0x80010000 0x00000001
core   0: 0x8000a72a (0x0000bfe5) c.j     pc - 8
core   0: 3 0x8000a72a (0xbfe5)
core   0: 0x8000a722 (0x00006f17) auipc   t5, 0x6
core   0: 3 0x8000a722 (0x00006f17) x30 0x80010722
core   0: 0x8000a726 (0x8c3f2f23) sw      gp, -1826(t5)
core   0: 3 0x8000a726 (0x8c3f2f23) mem 0x80010000 0x00000001
core   0: 0x8000a72a (0x0000bfe5) c.j     pc - 8
core   0: 3 0x8000a72a (0xbfe5)
core   0: 0x8000a722 (0x00006f17) auipc   t5, 0x6
core   0: 3 0x8000a722 (0x00006f17) x30 0x80010722
core   0: 0x8000a726 (0x8c3f2f23) sw      gp, -1826(t5)
core   0: 3 0x8000a726 (0x8c3f2f23) mem 0x80010000 0x00000001
core   0: 0x8000a72a (0x0000bfe5) c.j     pc - 8
core   0: 3 0x8000a72a (0xbfe5)
core   0: 0x8000a722 (0x00006f17) auipc   t5, 0x6
core   0: 3 0x8000a722 (0x00006f17) x30 0x80010722
core   0: 0x8000a726 (0x8c3f2f23) sw      gp, -1826(t5)
core   0: 3 0x8000a726 (0x8c3f2f23) mem 0x80010000 0x00000001
core   0: 0x8000a72a (0x0000bfe5) c.j     pc - 8
core   0: 3 0x8000a72a (0xbfe5)
core   0: 0x8000a722 (0x00006f17) auipc   t5, 0x6
core   0: 3 0x8000a722 (0x00006f17) x30 0x80010722
core   0: 0x8000a726 (0x8c3f2f23) sw      gp, -1826(t5)
core   0: 3 0x8000a726 (0x8c3f2f23) mem 0x80010000 0x00000001
core   0: 0x8000a72a (0x0000bfe5) c.j     pc - 8
core   0: 3 0x8000a72a (0xbfe5)
core   0: 0x8000a722 (0x00006f17) auipc   t5, 0x6
core   0: 3 0x8000a722 (0x00006f17) x30 0x80010722
core   0: 0x8000a726 (0x8c3f2f23) sw      gp, -1826(t5)
core   0: 3 0x8000a726 (0x8c3f2f23) mem 0x80010000 0x00000001
core   0: 0x8000a72a (0x0000bfe5) c.j     pc - 8
core   0: 3 0x8000a72a (0xbfe5)
core   0: 0x8000a722 (0x00006f17) auipc   t5, 0x6
core   0: 3 0x8000a722 (0x00006f17) x30 0x80010722
core   0: 0x8000a726 (0x8c3f2f23) sw      gp, -1826(t5)
core   0: 3 0x8000a726 (0x8c3f2f23) mem 0x80010000 0x00000001
core   0: 0x8000a72a (0x0000bfe5) c.j     pc - 8
core   0: 3 0x8000a72a (0xbfe5)
core   0: 0x8000a722 (0x00006f17) auipc   t5, 0x6
core   0: 3 0x8000a722 (0x00006f17) x30 0x80010722
core   0: 0x8000a726 (0x8c3f2f23) sw      gp, -1826(t5)
core   0: 3 0x8000a726 (0x8c3f2f23) mem 0x80010000 0x00000001
core   0: 0x8000a72a (0x0000bfe5) c.j     pc - 8
core   0: 3 0x8000a72a (0xbfe5)
core   0: 0x8000a722 (0x00006f17) auipc   t5, 0x6
core   0: 3 0x8000a722 (0x00006f17) x30 0x80010722
core   0: 0x8000a726 (0x8c3f2f23) sw      gp, -1826(t5)
core   0: 3 0x8000a726 (0x8c3f2f23) mem 0x80010000 0x00000001
core   0: 0x8000a72a (0x0000bfe5) c.j     pc - 8
core   0: 3 0x8000a72a (0xbfe5)
core   0: 0x8000a722 (0x00006f17) auipc   t5, 0x6
core   0: 3 0x8000a722 (0x00006f17) x30 0x80010722
core   0: 0x8000a726 (0x8c3f2f23) sw      gp, -1826(t5)
core   0: 3 0x8000a726 (0x8c3f2f23) mem 0x80010000 0x00000001
core   0: 0x8000a72a (0x0000bfe5) c.j     pc - 8
core   0: 3 0x8000a72a (0xbfe5)
core   0: 0x8000a722 (0x00006f17) auipc   t5, 0x6
core   0: 3 0x8000a722 (0x00006f17) x30 0x80010722
core   0: 0x8000a726 (0x8c3f2f23) sw      gp, -1826(t5)
core   0: 3 0x8000a726 (0x8c3f2f23) mem 0x80010000 0x00000001
core   0: 0x8000a72a (0x0000bfe5) c.j     pc - 8
core   0: 3 0x8000a72a (0xbfe5)
core   0: 0x8000a722 (0x00006f17) auipc   t5, 0x6
core   0: 3 0x8000a722 (0x00006f17) x30 0x80010722
core   0: 0x8000a726 (0x8c3f2f23) sw      gp, -1826(t5)
core   0: 3 0x8000a726 (0x8c3f2f23) mem 0x80010000 0x00000001
core   0: 0x8000a72a (0x0000bfe5) c.j     pc - 8
core   0: 3 0x8000a72a (0xbfe5)
core   0: 0x8000a722 (0x00006f17) auipc   t5, 0x6
core   0: 3 0x8000a722 (0x00006f17) x30 0x80010722
core   0: 0x8000a726 (0x8c3f2f23) sw      gp, -1826(t5)
core   0: 3 0x8000a726 (0x8c3f2f23) mem 0x80010000 0x00000001
core   0: 0x8000a72a (0x0000bfe5) c.j     pc - 8
core   0: 3 0x8000a72a (0xbfe5)
core   0: 0x8000a722 (0x00006f17) auipc   t5, 0x6
core   0: 3 0x8000a722 (0x00006f17) x30 0x80010722
core   0: 0x8000a726 (0x8c3f2f23) sw      gp, -1826(t5)
core   0: 3 0x8000a726 (0x8c3f2f23) mem 0x80010000 0x00000001
core   0: 0x8000a72a (0x0000bfe5) c.j     pc - 8
core   0: 3 0x8000a72a (0xbfe5)
core   0: 0x8000a722 (0x00006f17) auipc   t5, 0x6
core   0: 3 0x8000a722 (0x00006f17) x30 0x80010722
core   0: 0x8000a726 (0x8c3f2f23) sw      gp, -1826(t5)
core   0: 3 0x8000a726 (0x8c3f2f23) mem 0x80010000 0x00000001
core   0: 0x8000a72a (0x0000bfe5) c.j     pc - 8
core   0: 3 0x8000a72a (0xbfe5)
core   0: 0x8000a722 (0x00006f17) auipc   t5, 0x6
core   0: 3 0x8000a722 (0x00006f17) x30 0x80010722
core   0: 0x8000a726 (0x8c3f2f23) sw      gp, -1826(t5)
core   0: 3 0x8000a726 (0x8c3f2f23) mem 0x80010000 0x00000001
core   0: 0x8000a72a (0x0000bfe5) c.j     pc - 8
core   0: 3 0x8000a72a (0xbfe5)
core   0: 0x8000a722 (0x00006f17) auipc   t5, 0x6
core   0: 3 0x8000a722 (0x00006f17) x30 0x80010722
core   0: 0x8000a726 (0x8c3f2f23) sw      gp, -1826(t5)
core   0: 3 0x8000a726 (0x8c3f2f23) mem 0x80010000 0x00000001
core   0: 0x8000a72a (0x0000bfe5) c.j     pc - 8
core   0: 3 0x8000a72a (0xbfe5)
core   0: 0x8000a722 (0x00006f17) auipc   t5, 0x6
core   0: 3 0x8000a722 (0x00006f17) x30 0x80010722
core   0: 0x8000a726 (0x8c3f2f23) sw      gp, -1826(t5)
core   0: 3 0x8000a726 (0x8c3f2f23) mem 0x80010000 0x00000001
core   0: 0x8000a72a (0x0000bfe5) c.j     pc - 8
core   0: 3 0x8000a72a (0xbfe5)
core   0: 0x8000a722 (0x00006f17) auipc   t5, 0x6
core   0: 3 0x8000a722 (0x00006f17) x30 0x80010722
core   0: 0x8000a726 (0x8c3f2f23) sw      gp, -1826(t5)
core   0: 3 0x8000a726 (0x8c3f2f23) mem 0x80010000 0x00000001
core   0: 0x8000a72a (0x0000bfe5) c.j     pc - 8
core   0: 3 0x8000a72a (0xbfe5)
core   0: 0x8000a722 (0x00006f17) auipc   t5, 0x6
core   0: 3 0x8000a722 (0x00006f17) x30 0x80010722
core   0: 0x8000a726 (0x8c3f2f23) sw      gp, -1826(t5)
core   0: 3 0x8000a726 (0x8c3f2f23) mem 0x80010000 0x00000001
core   0: 0x8000a72a (0x0000bfe5) c.j     pc - 8
core   0: 3 0x8000a72a (0xbfe5)
core   0: 0x8000a722 (0x00006f17) auipc   t5, 0x6
core   0: 3 0x8000a722 (0x00006f17) x30 0x80010722
core   0: 0x8000a726 (0x8c3f2f23) sw      gp, -1826(t5)
core   0: 3 0x8000a726 (0x8c3f2f23) mem 0x80010000 0x00000001
core   0: 0x8000a72a (0x0000bfe5) c.j     pc - 8
core   0: 3 0x8000a72a (0xbfe5)
core   0: 0x8000a722 (0x00006f17) auipc   t5, 0x6
core   0: 3 0x8000a722 (0x00006f17) x30 0x80010722
core   0: 0x8000a726 (0x8c3f2f23) sw      gp, -1826(t5)
core   0: 3 0x8000a726 (0x8c3f2f23) mem 0x80010000 0x00000001
core   0: 0x8000a72a (0x0000bfe5) c.j     pc - 8
core   0: 3 0x8000a72a (0xbfe5)
core   0: 0x8000a722 (0x00006f17) auipc   t5, 0x6
core   0: 3 0x8000a722 (0x00006f17) x30 0x80010722
core   0: 0x8000a726 (0x8c3f2f23) sw      gp, -1826(t5)
core   0: 3 0x8000a726 (0x8c3f2f23) mem 0x80010000 0x00000001
core   0: 0x8000a72a (0x0000bfe5) c.j     pc - 8
core   0: 3 0x8000a72a (0xbfe5)
core   0: 0x8000a722 (0x00006f17) auipc   t5, 0x6
core   0: 3 0x8000a722 (0x00006f17) x30 0x80010722
core   0: 0x8000a726 (0x8c3f2f23) sw      gp, -1826(t5)
core   0: 3 0x8000a726 (0x8c3f2f23) mem 0x80010000 0x00000001
core   0: 0x8000a72a (0x0000bfe5) c.j     pc - 8
core   0: 3 0x8000a72a (0xbfe5)
core   0: 0x8000a722 (0x00006f17) auipc   t5, 0x6
core   0: 3 0x8000a722 (0x00006f17) x30 0x80010722
core   0: 0x8000a726 (0x8c3f2f23) sw      gp, -1826(t5)
core   0: 3 0x8000a726 (0x8c3f2f23) mem 0x80010000 0x00000001
core   0: 0x8000a72a (0x0000bfe5) c.j     pc - 8
core   0: 3 0x8000a72a (0xbfe5)
core   0: 0x8000a722 (0x00006f17) auipc   t5, 0x6
core   0: 3 0x8000a722 (0x00006f17) x30 0x80010722
core   0: 0x8000a726 (0x8c3f2f23) sw      gp, -1826(t5)
core   0: 3 0x8000a726 (0x8c3f2f23) mem 0x80010000 0x00000001
core   0: 0x8000a72a (0x0000bfe5) c.j     pc - 8
core   0: 3 0x8000a72a (0xbfe5)
core   0: 0x8000a722 (0x00006f17) auipc   t5, 0x6
core   0: 3 0x8000a722 (0x00006f17) x30 0x80010722
core   0: 0x8000a726 (0x8c3f2f23) sw      gp, -1826(t5)
core   0: 3 0x8000a726 (0x8c3f2f23) mem 0x80010000 0x00000001
core   0: 0x8000a72a (0x0000bfe5) c.j     pc - 8
core   0: 3 0x8000a72a (0xbfe5)
core   0: 0x8000a722 (0x00006f17) auipc   t5, 0x6
core   0: 3 0x8000a722 (0x00006f17) x30 0x80010722
core   0: 0x8000a726 (0x8c3f2f23) sw      gp, -1826(t5)
core   0: 3 0x8000a726 (0x8c3f2f23) mem 0x80010000 0x00000001
core   0: 0x8000a72a (0x0000bfe5) c.j     pc - 8
core   0: 3 0x8000a72a (0xbfe5)
core   0: 0x8000a722 (0x00006f17) auipc   t5, 0x6
core   0: 3 0x8000a722 (0x00006f17) x30 0x80010722
core   0: 0x8000a726 (0x8c3f2f23) sw      gp, -1826(t5)
core   0: 3 0x8000a726 (0x8c3f2f23) mem 0x80010000 0x00000001
core   0: 0x8000a72a (0x0000bfe5) c.j     pc - 8
core   0: 3 0x8000a72a (0xbfe5)
core   0: 0x8000a722 (0x00006f17) auipc   t5, 0x6
core   0: 3 0x8000a722 (0x00006f17) x30 0x80010722
core   0: 0x8000a726 (0x8c3f2f23) sw      gp, -1826(t5)
core   0: 3 0x8000a726 (0x8c3f2f23) mem 0x80010000 0x00000001
core   0: 0x8000a72a (0x0000bfe5) c.j     pc - 8
core   0: 3 0x8000a72a (0xbfe5)
core   0: 0x8000a722 (0x00006f17) auipc   t5, 0x6
core   0: 3 0x8000a722 (0x00006f17) x30 0x80010722
core   0: 0x8000a726 (0x8c3f2f23) sw      gp, -1826(t5)
core   0: 3 0x8000a726 (0x8c3f2f23) mem 0x80010000 0x00000001
core   0: 0x8000a72a (0x0000bfe5) c.j     pc - 8
core   0: 3 0x8000a72a (0xbfe5)
core   0: 0x8000a722 (0x00006f17) auipc   t5, 0x6
core   0: 3 0x8000a722 (0x00006f17) x30 0x80010722
core   0: 0x8000a726 (0x8c3f2f23) sw      gp, -1826(t5)
core   0: 3 0x8000a726 (0x8c3f2f23) mem 0x80010000 0x00000001
core   0: 0x8000a72a (0x0000bfe5) c.j     pc - 8
core   0: 3 0x8000a72a (0xbfe5)
core   0: 0x8000a722 (0x00006f17) auipc   t5, 0x6
core   0: 3 0x8000a722 (0x00006f17) x30 0x80010722
core   0: 0x8000a726 (0x8c3f2f23) sw      gp, -1826(t5)
core   0: 3 0x8000a726 (0x8c3f2f23) mem 0x80010000 0x00000001
core   0: 0x8000a72a (0x0000bfe5) c.j     pc - 8
core   0: 3 0x8000a72a (0xbfe5)
core   0: 0x8000a722 (0x00006f17) auipc   t5, 0x6
core   0: 3 0x8000a722 (0x00006f17) x30 0x80010722
core   0: 0x8000a726 (0x8c3f2f23) sw      gp, -1826(t5)
core   0: 3 0x8000a726 (0x8c3f2f23) mem 0x80010000 0x00000001
core   0: 0x8000a72a (0x0000bfe5) c.j     pc - 8
core   0: 3 0x8000a72a (0xbfe5)
core   0: 0x8000a722 (0x00006f17) auipc   t5, 0x6
core   0: 3 0x8000a722 (0x00006f17) x30 0x80010722
core   0: 0x8000a726 (0x8c3f2f23) sw      gp, -1826(t5)
core   0: 3 0x8000a726 (0x8c3f2f23) mem 0x80010000 0x00000001
core   0: 0x8000a72a (0x0000bfe5) c.j     pc - 8
core   0: 3 0x8000a72a (0xbfe5)
core   0: 0x8000a722 (0x00006f17) auipc   t5, 0x6
core   0: 3 0x8000a722 (0x00006f17) x30 0x80010722
core   0: 0x8000a726 (0x8c3f2f23) sw      gp, -1826(t5)
core   0: 3 0x8000a726 (0x8c3f2f23) mem 0x80010000 0x00000001
core   0: 0x8000a72a (0x0000bfe5) c.j     pc - 8
core   0: 3 0x8000a72a (0xbfe5)
core   0: 0x8000a722 (0x00006f17) auipc   t5, 0x6
core   0: 3 0x8000a722 (0x00006f17) x30 0x80010722
core   0: 0x8000a726 (0x8c3f2f23) sw      gp, -1826(t5)
core   0: 3 0x8000a726 (0x8c3f2f23) mem 0x80010000 0x00000001
core   0: 0x8000a72a (0x0000bfe5) c.j     pc - 8
core   0: 3 0x8000a72a (0xbfe5)
core   0: 0x8000a722 (0x00006f17) auipc   t5, 0x6
core   0: 3 0x8000a722 (0x00006f17) x30 0x80010722
core   0: 0x8000a726 (0x8c3f2f23) sw      gp, -1826(t5)
core   0: 3 0x8000a726 (0x8c3f2f23) mem 0x80010000 0x00000001
core   0: 0x8000a72a (0x0000bfe5) c.j     pc - 8
core   0: 3 0x8000a72a (0xbfe5)
core   0: 0x8000a722 (0x00006f17) auipc   t5, 0x6
core   0: 3 0x8000a722 (0x00006f17) x30 0x80010722
core   0: 0x8000a726 (0x8c3f2f23) sw      gp, -1826(t5)
core   0: 3 0x8000a726 (0x8c3f2f23) mem 0x80010000 0x00000001
core   0: 0x8000a72a (0x0000bfe5) c.j     pc - 8
core   0: 3 0x8000a72a (0xbfe5)
core   0: 0x8000a722 (0x00006f17) auipc   t5, 0x6
core   0: 3 0x8000a722 (0x00006f17) x30 0x80010722
core   0: 0x8000a726 (0x8c3f2f23) sw      gp, -1826(t5)
core   0: 3 0x8000a726 (0x8c3f2f23) mem 0x80010000 0x00000001
core   0: 0x8000a72a (0x0000bfe5) c.j     pc - 8
core   0: 3 0x8000a72a (0xbfe5)
core   0: 0x8000a722 (0x00006f17) auipc   t5, 0x6
core   0: 3 0x8000a722 (0x00006f17) x30 0x80010722
core   0: 0x8000a726 (0x8c3f2f23) sw      gp, -1826(t5)
core   0: 3 0x8000a726 (0x8c3f2f23) mem 0x80010000 0x00000001
core   0: 0x8000a72a (0x0000bfe5) c.j     pc - 8
core   0: 3 0x8000a72a (0xbfe5)
core   0: 0x8000a722 (0x00006f17) auipc   t5, 0x6
core   0: 3 0x8000a722 (0x00006f17) x30 0x80010722
core   0: 0x8000a726 (0x8c3f2f23) sw      gp, -1826(t5)
core   0: 3 0x8000a726 (0x8c3f2f23) mem 0x80010000 0x00000001
core   0: 0x8000a72a (0x0000bfe5) c.j     pc - 8
core   0: 3 0x8000a72a (0xbfe5)
core   0: 0x8000a722 (0x00006f17) auipc   t5, 0x6
core   0: 3 0x8000a722 (0x00006f17) x30 0x80010722
core   0: 0x8000a726 (0x8c3f2f23) sw      gp, -1826(t5)
core   0: 3 0x8000a726 (0x8c3f2f23) mem 0x80010000 0x00000001
core   0: 0x8000a72a (0x0000bfe5) c.j     pc - 8
core   0: 3 0x8000a72a (0xbfe5)
core   0: 0x8000a722 (0x00006f17) auipc   t5, 0x6
core   0: 3 0x8000a722 (0x00006f17) x30 0x80010722
core   0: 0x8000a726 (0x8c3f2f23) sw      gp, -1826(t5)
core   0: 3 0x8000a726 (0x8c3f2f23) mem 0x80010000 0x00000001
core   0: 0x8000a72a (0x0000bfe5) c.j     pc - 8
core   0: 3 0x8000a72a (0xbfe5)
core   0: 0x8000a722 (0x00006f17) auipc   t5, 0x6
core   0: 3 0x8000a722 (0x00006f17) x30 0x80010722
core   0: 0x8000a726 (0x8c3f2f23) sw      gp, -1826(t5)
core   0: 3 0x8000a726 (0x8c3f2f23) mem 0x80010000 0x00000001
core   0: 0x8000a72a (0x0000bfe5) c.j     pc - 8
core   0: 3 0x8000a72a (0xbfe5)
core   0: 0x8000a722 (0x00006f17) auipc   t5, 0x6
core   0: 3 0x8000a722 (0x00006f17) x30 0x80010722
core   0: 0x8000a726 (0x8c3f2f23) sw      gp, -1826(t5)
core   0: 3 0x8000a726 (0x8c3f2f23) mem 0x80010000 0x00000001
core   0: 0x8000a72a (0x0000bfe5) c.j     pc - 8
core   0: 3 0x8000a72a (0xbfe5)
core   0: 0x8000a722 (0x00006f17) auipc   t5, 0x6
core   0: 3 0x8000a722 (0x00006f17) x30 0x80010722
core   0: 0x8000a726 (0x8c3f2f23) sw      gp, -1826(t5)
core   0: 3 0x8000a726 (0x8c3f2f23) mem 0x80010000 0x00000001
core   0: 0x8000a72a (0x0000bfe5) c.j     pc - 8
core   0: 3 0x8000a72a (0xbfe5)
core   0: 0x8000a722 (0x00006f17) auipc   t5, 0x6
core   0: 3 0x8000a722 (0x00006f17) x30 0x80010722
core   0: 0x8000a726 (0x8c3f2f23) sw      gp, -1826(t5)
core   0: 3 0x8000a726 (0x8c3f2f23) mem 0x80010000 0x00000001
core   0: 0x8000a72a (0x0000bfe5) c.j     pc - 8
core   0: 3 0x8000a72a (0xbfe5)
core   0: 0x8000a722 (0x00006f17) auipc   t5, 0x6
core   0: 3 0x8000a722 (0x00006f17) x30 0x80010722
core   0: 0x8000a726 (0x8c3f2f23) sw      gp, -1826(t5)
core   0: 3 0x8000a726 (0x8c3f2f23) mem 0x80010000 0x00000001
core   0: 0x8000a72a (0x0000bfe5) c.j     pc - 8
core   0: 3 0x8000a72a (0xbfe5)
core   0: 0x8000a722 (0x00006f17) auipc   t5, 0x6
core   0: 3 0x8000a722 (0x00006f17) x30 0x80010722
core   0: 0x8000a726 (0x8c3f2f23) sw      gp, -1826(t5)
core   0: 3 0x8000a726 (0x8c3f2f23) mem 0x80010000 0x00000001
core   0: 0x8000a72a (0x0000bfe5) c.j     pc - 8
core   0: 3 0x8000a72a (0xbfe5)
core   0: 0x8000a722 (0x00006f17) auipc   t5, 0x6
core   0: 3 0x8000a722 (0x00006f17) x30 0x80010722
core   0: 0x8000a726 (0x8c3f2f23) sw      gp, -1826(t5)
core   0: 3 0x8000a726 (0x8c3f2f23) mem 0x80010000 0x00000001
core   0: 0x8000a72a (0x0000bfe5) c.j     pc - 8
core   0: 3 0x8000a72a (0xbfe5)
core   0: 0x8000a722 (0x00006f17) auipc   t5, 0x6
core   0: 3 0x8000a722 (0x00006f17) x30 0x80010722
core   0: 0x8000a726 (0x8c3f2f23) sw      gp, -1826(t5)
core   0: 3 0x8000a726 (0x8c3f2f23) mem 0x80010000 0x00000001
core   0: 0x8000a72a (0x0000bfe5) c.j     pc - 8
core   0: 3 0x8000a72a (0xbfe5)
core   0: 0x8000a722 (0x00006f17) auipc   t5, 0x6
core   0: 3 0x8000a722 (0x00006f17) x30 0x80010722
core   0: 0x8000a726 (0x8c3f2f23) sw      gp, -1826(t5)
core   0: 3 0x8000a726 (0x8c3f2f23) mem 0x80010000 0x00000001
core   0: 0x8000a72a (0x0000bfe5) c.j     pc - 8
core   0: 3 0x8000a72a (0xbfe5)
core   0: 0x8000a722 (0x00006f17) auipc   t5, 0x6
core   0: 3 0x8000a722 (0x00006f17) x30 0x80010722
core   0: 0x8000a726 (0x8c3f2f23) sw      gp, -1826(t5)
core   0: 3 0x8000a726 (0x8c3f2f23) mem 0x80010000 0x00000001
core   0: 0x8000a72a (0x0000bfe5) c.j     pc - 8
core   0: 3 0x8000a72a (0xbfe5)
core   0: 0x8000a722 (0x00006f17) auipc   t5, 0x6
core   0: 3 0x8000a722 (0x00006f17) x30 0x80010722
core   0: 0x8000a726 (0x8c3f2f23) sw      gp, -1826(t5)
core   0: 3 0x8000a726 (0x8c3f2f23) mem 0x80010000 0x00000001
core   0: 0x8000a72a (0x0000bfe5) c.j     pc - 8
core   0: 3 0x8000a72a (0xbfe5)
core   0: 0x8000a722 (0x00006f17) auipc   t5, 0x6
core   0: 3 0x8000a722 (0x00006f17) x30 0x80010722
core   0: 0x8000a726 (0x8c3f2f23) sw      gp, -1826(t5)
core   0: 3 0x8000a726 (0x8c3f2f23) mem 0x80010000 0x00000001
core   0: 0x8000a72a (0x0000bfe5) c.j     pc - 8
core   0: 3 0x8000a72a (0xbfe5)
core   0: 0x8000a722 (0x00006f17) auipc   t5, 0x6
core   0: 3 0x8000a722 (0x00006f17) x30 0x80010722
core   0: 0x8000a726 (0x8c3f2f23) sw      gp, -1826(t5)
core   0: 3 0x8000a726 (0x8c3f2f23) mem 0x80010000 0x00000001
core   0: 0x8000a72a (0x0000bfe5) c.j     pc - 8
core   0: 3 0x8000a72a (0xbfe5)
core   0: 0x8000a722 (0x00006f17) auipc   t5, 0x6
core   0: 3 0x8000a722 (0x00006f17) x30 0x80010722
core   0: 0x8000a726 (0x8c3f2f23) sw      gp, -1826(t5)
core   0: 3 0x8000a726 (0x8c3f2f23) mem 0x80010000 0x00000001
core   0: 0x8000a72a (0x0000bfe5) c.j     pc - 8
core   0: 3 0x8000a72a (0xbfe5)
core   0: 0x8000a722 (0x00006f17) auipc   t5, 0x6
core   0: 3 0x8000a722 (0x00006f17) x30 0x80010722
core   0: 0x8000a726 (0x8c3f2f23) sw      gp, -1826(t5)
core   0: 3 0x8000a726 (0x8c3f2f23) mem 0x80010000 0x00000001
core   0: 0x8000a72a (0x0000bfe5) c.j     pc - 8
core   0: 3 0x8000a72a (0xbfe5)
core   0: 0x8000a722 (0x00006f17) auipc   t5, 0x6
core   0: 3 0x8000a722 (0x00006f17) x30 0x80010722
core   0: 0x8000a726 (0x8c3f2f23) sw      gp, -1826(t5)
core   0: 3 0x8000a726 (0x8c3f2f23) mem 0x80010000 0x00000001
core   0: 0x8000a72a (0x0000bfe5) c.j     pc - 8
core   0: 3 0x8000a72a (0xbfe5)
core   0: 0x8000a722 (0x00006f17) auipc   t5, 0x6
core   0: 3 0x8000a722 (0x00006f17) x30 0x80010722
core   0: 0x8000a726 (0x8c3f2f23) sw      gp, -1826(t5)
core   0: 3 0x8000a726 (0x8c3f2f23) mem 0x80010000 0x00000001
core   0: 0x8000a72a (0x0000bfe5) c.j     pc - 8
core   0: 3 0x8000a72a (0xbfe5)
core   0: 0x8000a722 (0x00006f17) auipc   t5, 0x6
core   0: 3 0x8000a722 (0x00006f17) x30 0x80010722
core   0: 0x8000a726 (0x8c3f2f23) sw      gp, -1826(t5)
core   0: 3 0x8000a726 (0x8c3f2f23) mem 0x80010000 0x00000001
core   0: 0x8000a72a (0x0000bfe5) c.j     pc - 8
core   0: 3 0x8000a72a (0xbfe5)
core   0: 0x8000a722 (0x00006f17) auipc   t5, 0x6
core   0: 3 0x8000a722 (0x00006f17) x30 0x80010722
core   0: 0x8000a726 (0x8c3f2f23) sw      gp, -1826(t5)
core   0: 3 0x8000a726 (0x8c3f2f23) mem 0x80010000 0x00000001
core   0: 0x8000a72a (0x0000bfe5) c.j     pc - 8
core   0: 3 0x8000a72a (0xbfe5)
core   0: 0x8000a722 (0x00006f17) auipc   t5, 0x6
core   0: 3 0x8000a722 (0x00006f17) x30 0x80010722
core   0: 0x8000a726 (0x8c3f2f23) sw      gp, -1826(t5)
core   0: 3 0x8000a726 (0x8c3f2f23) mem 0x80010000 0x00000001
core   0: 0x8000a72a (0x0000bfe5) c.j     pc - 8
core   0: 3 0x8000a72a (0xbfe5)
core   0: 0x8000a722 (0x00006f17) auipc   t5, 0x6
core   0: 3 0x8000a722 (0x00006f17) x30 0x80010722
core   0: 0x8000a726 (0x8c3f2f23) sw      gp, -1826(t5)
core   0: 3 0x8000a726 (0x8c3f2f23) mem 0x80010000 0x00000001
core   0: 0x8000a72a (0x0000bfe5) c.j     pc - 8
core   0: 3 0x8000a72a (0xbfe5)
core   0: 0x8000a722 (0x00006f17) auipc   t5, 0x6
core   0: 3 0x8000a722 (0x00006f17) x30 0x80010722
core   0: 0x8000a726 (0x8c3f2f23) sw      gp, -1826(t5)
core   0: 3 0x8000a726 (0x8c3f2f23) mem 0x80010000 0x00000001
core   0: 0x8000a72a (0x0000bfe5) c.j     pc - 8
core   0: 3 0x8000a72a (0xbfe5)
core   0: 0x8000a722 (0x00006f17) auipc   t5, 0x6
core   0: 3 0x8000a722 (0x00006f17) x30 0x80010722
core   0: 0x8000a726 (0x8c3f2f23) sw      gp, -1826(t5)
core   0: 3 0x8000a726 (0x8c3f2f23) mem 0x80010000 0x00000001
core   0: 0x8000a72a (0x0000bfe5) c.j     pc - 8
core   0: 3 0x8000a72a (0xbfe5)
core   0: 0x8000a722 (0x00006f17) auipc   t5, 0x6
core   0: 3 0x8000a722 (0x00006f17) x30 0x80010722
core   0: 0x8000a726 (0x8c3f2f23) sw      gp, -1826(t5)
core   0: 3 0x8000a726 (0x8c3f2f23) mem 0x80010000 0x00000001
core   0: 0x8000a72a (0x0000bfe5) c.j     pc - 8
core   0: 3 0x8000a72a (0xbfe5)
core   0: 0x8000a722 (0x00006f17) auipc   t5, 0x6
core   0: 3 0x8000a722 (0x00006f17) x30 0x80010722
core   0: 0x8000a726 (0x8c3f2f23) sw      gp, -1826(t5)
core   0: 3 0x8000a726 (0x8c3f2f23) mem 0x80010000 0x00000001
core   0: 0x8000a72a (0x0000bfe5) c.j     pc - 8
core   0: 3 0x8000a72a (0xbfe5)
core   0: 0x8000a722 (0x00006f17) auipc   t5, 0x6
core   0: 3 0x8000a722 (0x00006f17) x30 0x80010722
core   0: 0x8000a726 (0x8c3f2f23) sw      gp, -1826(t5)
core   0: 3 0x8000a726 (0x8c3f2f23) mem 0x80010000 0x00000001
core   0: 0x8000a72a (0x0000bfe5) c.j     pc - 8
core   0: 3 0x8000a72a (0xbfe5)
core   0: 0x8000a722 (0x00006f17) auipc   t5, 0x6
core   0: 3 0x8000a722 (0x00006f17) x30 0x80010722
core   0: 0x8000a726 (0x8c3f2f23) sw      gp, -1826(t5)
core   0: 3 0x8000a726 (0x8c3f2f23) mem 0x80010000 0x00000001
core   0: 0x8000a72a (0x0000bfe5) c.j     pc - 8
core   0: 3 0x8000a72a (0xbfe5)
core   0: 0x8000a722 (0x00006f17) auipc   t5, 0x6
core   0: 3 0x8000a722 (0x00006f17) x30 0x80010722
core   0: 0x8000a726 (0x8c3f2f23) sw      gp, -1826(t5)
core   0: 3 0x8000a726 (0x8c3f2f23) mem 0x80010000 0x00000001
core   0: 0x8000a72a (0x0000bfe5) c.j     pc - 8
core   0: 3 0x8000a72a (0xbfe5)
core   0: 0x8000a722 (0x00006f17) auipc   t5, 0x6
core   0: 3 0x8000a722 (0x00006f17) x30 0x80010722
core   0: 0x8000a726 (0x8c3f2f23) sw      gp, -1826(t5)
core   0: 3 0x8000a726 (0x8c3f2f23) mem 0x80010000 0x00000001
core   0: 0x8000a72a (0x0000bfe5) c.j     pc - 8
core   0: 3 0x8000a72a (0xbfe5)
core   0: 0x8000a722 (0x00006f17) auipc   t5, 0x6
core   0: 3 0x8000a722 (0x00006f17) x30 0x80010722
core   0: 0x8000a726 (0x8c3f2f23) sw      gp, -1826(t5)
core   0: 3 0x8000a726 (0x8c3f2f23) mem 0x80010000 0x00000001
core   0: 0x8000a72a (0x0000bfe5) c.j     pc - 8
core   0: 3 0x8000a72a (0xbfe5)
core   0: 0x8000a722 (0x00006f17) auipc   t5, 0x6
core   0: 3 0x8000a722 (0x00006f17) x30 0x80010722
core   0: 0x8000a726 (0x8c3f2f23) sw      gp, -1826(t5)
core   0: 3 0x8000a726 (0x8c3f2f23) mem 0x80010000 0x00000001
core   0: 0x8000a72a (0x0000bfe5) c.j     pc - 8
core   0: 3 0x8000a72a (0xbfe5)
core   0: 0x8000a722 (0x00006f17) auipc   t5, 0x6
core   0: 3 0x8000a722 (0x00006f17) x30 0x80010722
core   0: 0x8000a726 (0x8c3f2f23) sw      gp, -1826(t5)
core   0: 3 0x8000a726 (0x8c3f2f23) mem 0x80010000 0x00000001
core   0: 0x8000a72a (0x0000bfe5) c.j     pc - 8
core   0: 3 0x8000a72a (0xbfe5)
core   0: 0x8000a722 (0x00006f17) auipc   t5, 0x6
core   0: 3 0x8000a722 (0x00006f17) x30 0x80010722
core   0: 0x8000a726 (0x8c3f2f23) sw      gp, -1826(t5)
core   0: 3 0x8000a726 (0x8c3f2f23) mem 0x80010000 0x00000001
core   0: 0x8000a72a (0x0000bfe5) c.j     pc - 8
core   0: 3 0x8000a72a (0xbfe5)
core   0: 0x8000a722 (0x00006f17) auipc   t5, 0x6
core   0: 3 0x8000a722 (0x00006f17) x30 0x80010722
core   0: 0x8000a726 (0x8c3f2f23) sw      gp, -1826(t5)
core   0: 3 0x8000a726 (0x8c3f2f23) mem 0x80010000 0x00000001
core   0: 0x8000a72a (0x0000bfe5) c.j     pc - 8
core   0: 3 0x8000a72a (0xbfe5)
core   0: 0x8000a722 (0x00006f17) auipc   t5, 0x6
core   0: 3 0x8000a722 (0x00006f17) x30 0x80010722
core   0: 0x8000a726 (0x8c3f2f23) sw      gp, -1826(t5)
core   0: 3 0x8000a726 (0x8c3f2f23) mem 0x80010000 0x00000001
core   0: 0x8000a72a (0x0000bfe5) c.j     pc - 8
core   0: 3 0x8000a72a (0xbfe5)
core   0: 0x8000a722 (0x00006f17) auipc   t5, 0x6
core   0: 3 0x8000a722 (0x00006f17) x30 0x80010722
core   0: 0x8000a726 (0x8c3f2f23) sw      gp, -1826(t5)
core   0: 3 0x8000a726 (0x8c3f2f23) mem 0x80010000 0x00000001
core   0: 0x8000a72a (0x0000bfe5) c.j     pc - 8
core   0: 3 0x8000a72a (0xbfe5)
core   0: 0x8000a722 (0x00006f17) auipc   t5, 0x6
core   0: 3 0x8000a722 (0x00006f17) x30 0x80010722
core   0: 0x8000a726 (0x8c3f2f23) sw      gp, -1826(t5)
core   0: 3 0x8000a726 (0x8c3f2f23) mem 0x80010000 0x00000001
core   0: 0x8000a72a (0x0000bfe5) c.j     pc - 8
core   0: 3 0x8000a72a (0xbfe5)
core   0: 0x8000a722 (0x00006f17) auipc   t5, 0x6
core   0: 3 0x8000a722 (0x00006f17) x30 0x80010722
core   0: 0x8000a726 (0x8c3f2f23) sw      gp, -1826(t5)
core   0: 3 0x8000a726 (0x8c3f2f23) mem 0x80010000 0x00000001
core   0: 0x8000a72a (0x0000bfe5) c.j     pc - 8
core   0: 3 0x8000a72a (0xbfe5)
core   0: 0x8000a722 (0x00006f17) auipc   t5, 0x6
core   0: 3 0x8000a722 (0x00006f17) x30 0x80010722
core   0: 0x8000a726 (0x8c3f2f23) sw      gp, -1826(t5)
core   0: 3 0x8000a726 (0x8c3f2f23) mem 0x80010000 0x00000001
core   0: 0x8000a72a (0x0000bfe5) c.j     pc - 8
core   0: 3 0x8000a72a (0xbfe5)
core   0: 0x8000a722 (0x00006f17) auipc   t5, 0x6
core   0: 3 0x8000a722 (0x00006f17) x30 0x80010722
core   0: 0x8000a726 (0x8c3f2f23) sw      gp, -1826(t5)
core   0: 3 0x8000a726 (0x8c3f2f23) mem 0x80010000 0x00000001
core   0: 0x8000a72a (0x0000bfe5) c.j     pc - 8
core   0: 3 0x8000a72a (0xbfe5)
core   0: 0x8000a722 (0x00006f17) auipc   t5, 0x6
core   0: 3 0x8000a722 (0x00006f17) x30 0x80010722
core   0: 0x8000a726 (0x8c3f2f23) sw      gp, -1826(t5)
core   0: 3 0x8000a726 (0x8c3f2f23) mem 0x80010000 0x00000001
core   0: 0x8000a72a (0x0000bfe5) c.j     pc - 8
core   0: 3 0x8000a72a (0xbfe5)
core   0: 0x8000a722 (0x00006f17) auipc   t5, 0x6
core   0: 3 0x8000a722 (0x00006f17) x30 0x80010722
core   0: 0x8000a726 (0x8c3f2f23) sw      gp, -1826(t5)
core   0: 3 0x8000a726 (0x8c3f2f23) mem 0x80010000 0x00000001
core   0: 0x8000a72a (0x0000bfe5) c.j     pc - 8
core   0: 3 0x8000a72a (0xbfe5)
core   0: 0x8000a722 (0x00006f17) auipc   t5, 0x6
core   0: 3 0x8000a722 (0x00006f17) x30 0x80010722
core   0: 0x8000a726 (0x8c3f2f23) sw      gp, -1826(t5)
core   0: 3 0x8000a726 (0x8c3f2f23) mem 0x80010000 0x00000001
core   0: 0x8000a72a (0x0000bfe5) c.j     pc - 8
core   0: 3 0x8000a72a (0xbfe5)
core   0: 0x8000a722 (0x00006f17) auipc   t5, 0x6
core   0: 3 0x8000a722 (0x00006f17) x30 0x80010722
core   0: 0x8000a726 (0x8c3f2f23) sw      gp, -1826(t5)
core   0: 3 0x8000a726 (0x8c3f2f23) mem 0x80010000 0x00000001
core   0: 0x8000a72a (0x0000bfe5) c.j     pc - 8
core   0: 3 0x8000a72a (0xbfe5)
core   0: 0x8000a722 (0x00006f17) auipc   t5, 0x6
core   0: 3 0x8000a722 (0x00006f17) x30 0x80010722
core   0: 0x8000a726 (0x8c3f2f23) sw      gp, -1826(t5)
core   0: 3 0x8000a726 (0x8c3f2f23) mem 0x80010000 0x00000001
core   0: 0x8000a72a (0x0000bfe5) c.j     pc - 8
core   0: 3 0x8000a72a (0xbfe5)
core   0: 0x8000a722 (0x00006f17) auipc   t5, 0x6
core   0: 3 0x8000a722 (0x00006f17) x30 0x80010722
core   0: 0x8000a726 (0x8c3f2f23) sw      gp, -1826(t5)
core   0: 3 0x8000a726 (0x8c3f2f23) mem 0x80010000 0x00000001
core   0: 0x8000a72a (0x0000bfe5) c.j     pc - 8
core   0: 3 0x8000a72a (0xbfe5)
core   0: 0x8000a722 (0x00006f17) auipc   t5, 0x6
core   0: 3 0x8000a722 (0x00006f17) x30 0x80010722
core   0: 0x8000a726 (0x8c3f2f23) sw      gp, -1826(t5)
core   0: 3 0x8000a726 (0x8c3f2f23) mem 0x80010000 0x00000001
core   0: 0x8000a72a (0x0000bfe5) c.j     pc - 8
core   0: 3 0x8000a72a (0xbfe5)
core   0: 0x8000a722 (0x00006f17) auipc   t5, 0x6
core   0: 3 0x8000a722 (0x00006f17) x30 0x80010722
core   0: 0x8000a726 (0x8c3f2f23) sw      gp, -1826(t5)
core   0: 3 0x8000a726 (0x8c3f2f23) mem 0x80010000 0x00000001
core   0: 0x8000a72a (0x0000bfe5) c.j     pc - 8
core   0: 3 0x8000a72a (0xbfe5)
core   0: 0x8000a722 (0x00006f17) auipc   t5, 0x6
core   0: 3 0x8000a722 (0x00006f17) x30 0x80010722
core   0: 0x8000a726 (0x8c3f2f23) sw      gp, -1826(t5)
core   0: 3 0x8000a726 (0x8c3f2f23) mem 0x80010000 0x00000001
core   0: 0x8000a72a (0x0000bfe5) c.j     pc - 8
core   0: 3 0x8000a72a (0xbfe5)
core   0: 0x8000a722 (0x00006f17) auipc   t5, 0x6
core   0: 3 0x8000a722 (0x00006f17) x30 0x80010722
core   0: 0x8000a726 (0x8c3f2f23) sw      gp, -1826(t5)
core   0: 3 0x8000a726 (0x8c3f2f23) mem 0x80010000 0x00000001
core   0: 0x8000a72a (0x0000bfe5) c.j     pc - 8
core   0: 3 0x8000a72a (0xbfe5)
core   0: 0x8000a722 (0x00006f17) auipc   t5, 0x6
core   0: 3 0x8000a722 (0x00006f17) x30 0x80010722
core   0: 0x8000a726 (0x8c3f2f23) sw      gp, -1826(t5)
core   0: 3 0x8000a726 (0x8c3f2f23) mem 0x80010000 0x00000001
core   0: 0x8000a72a (0x0000bfe5) c.j     pc - 8
core   0: 3 0x8000a72a (0xbfe5)
core   0: 0x8000a722 (0x00006f17) auipc   t5, 0x6
core   0: 3 0x8000a722 (0x00006f17) x30 0x80010722
core   0: 0x8000a726 (0x8c3f2f23) sw      gp, -1826(t5)
core   0: 3 0x8000a726 (0x8c3f2f23) mem 0x80010000 0x00000001
core   0: 0x8000a72a (0x0000bfe5) c.j     pc - 8
core   0: 3 0x8000a72a (0xbfe5)
core   0: 0x8000a722 (0x00006f17) auipc   t5, 0x6
core   0: 3 0x8000a722 (0x00006f17) x30 0x80010722
core   0: 0x8000a726 (0x8c3f2f23) sw      gp, -1826(t5)
core   0: 3 0x8000a726 (0x8c3f2f23) mem 0x80010000 0x00000001
core   0: 0x8000a72a (0x0000bfe5) c.j     pc - 8
core   0: 3 0x8000a72a (0xbfe5)
core   0: 0x8000a722 (0x00006f17) auipc   t5, 0x6
core   0: 3 0x8000a722 (0x00006f17) x30 0x80010722
core   0: 0x8000a726 (0x8c3f2f23) sw      gp, -1826(t5)
core   0: 3 0x8000a726 (0x8c3f2f23) mem 0x80010000 0x00000001
core   0: 0x8000a72a (0x0000bfe5) c.j     pc - 8
core   0: 3 0x8000a72a (0xbfe5)
core   0: 0x8000a722 (0x00006f17) auipc   t5, 0x6
core   0: 3 0x8000a722 (0x00006f17) x30 0x80010722
core   0: 0x8000a726 (0x8c3f2f23) sw      gp, -1826(t5)
core   0: 3 0x8000a726 (0x8c3f2f23) mem 0x80010000 0x00000001
core   0: 0x8000a72a (0x0000bfe5) c.j     pc - 8
core   0: 3 0x8000a72a (0xbfe5)
core   0: 0x8000a722 (0x00006f17) auipc   t5, 0x6
core   0: 3 0x8000a722 (0x00006f17) x30 0x80010722
core   0: 0x8000a726 (0x8c3f2f23) sw      gp, -1826(t5)
core   0: 3 0x8000a726 (0x8c3f2f23) mem 0x80010000 0x00000001
core   0: 0x8000a72a (0x0000bfe5) c.j     pc - 8
core   0: 3 0x8000a72a (0xbfe5)
core   0: 0x8000a722 (0x00006f17) auipc   t5, 0x6
core   0: 3 0x8000a722 (0x00006f17) x30 0x80010722
core   0: 0x8000a726 (0x8c3f2f23) sw      gp, -1826(t5)
core   0: 3 0x8000a726 (0x8c3f2f23) mem 0x80010000 0x00000001
core   0: 0x8000a72a (0x0000bfe5) c.j     pc - 8
core   0: 3 0x8000a72a (0xbfe5)
core   0: 0x8000a722 (0x00006f17) auipc   t5, 0x6
core   0: 3 0x8000a722 (0x00006f17) x30 0x80010722
core   0: 0x8000a726 (0x8c3f2f23) sw      gp, -1826(t5)
core   0: 3 0x8000a726 (0x8c3f2f23) mem 0x80010000 0x00000001
core   0: 0x8000a72a (0x0000bfe5) c.j     pc - 8
core   0: 3 0x8000a72a (0xbfe5)
core   0: 0x8000a722 (0x00006f17) auipc   t5, 0x6
core   0: 3 0x8000a722 (0x00006f17) x30 0x80010722
core   0: 0x8000a726 (0x8c3f2f23) sw      gp, -1826(t5)
core   0: 3 0x8000a726 (0x8c3f2f23) mem 0x80010000 0x00000001
core   0: 0x8000a72a (0x0000bfe5) c.j     pc - 8
core   0: 3 0x8000a72a (0xbfe5)
core   0: 0x8000a722 (0x00006f17) auipc   t5, 0x6
core   0: 3 0x8000a722 (0x00006f17) x30 0x80010722
core   0: 0x8000a726 (0x8c3f2f23) sw      gp, -1826(t5)
core   0: 3 0x8000a726 (0x8c3f2f23) mem 0x80010000 0x00000001
core   0: 0x8000a72a (0x0000bfe5) c.j     pc - 8
core   0: 3 0x8000a72a (0xbfe5)
core   0: 0x8000a722 (0x00006f17) auipc   t5, 0x6
core   0: 3 0x8000a722 (0x00006f17) x30 0x80010722
core   0: 0x8000a726 (0x8c3f2f23) sw      gp, -1826(t5)
core   0: 3 0x8000a726 (0x8c3f2f23) mem 0x80010000 0x00000001
core   0: 0x8000a72a (0x0000bfe5) c.j     pc - 8
core   0: 3 0x8000a72a (0xbfe5)
core   0: 0x8000a722 (0x00006f17) auipc   t5, 0x6
core   0: 3 0x8000a722 (0x00006f17) x30 0x80010722
core   0: 0x8000a726 (0x8c3f2f23) sw      gp, -1826(t5)
core   0: 3 0x8000a726 (0x8c3f2f23) mem 0x80010000 0x00000001
core   0: 0x8000a72a (0x0000bfe5) c.j     pc - 8
core   0: 3 0x8000a72a (0xbfe5)
core   0: 0x8000a722 (0x00006f17) auipc   t5, 0x6
core   0: 3 0x8000a722 (0x00006f17) x30 0x80010722
core   0: 0x8000a726 (0x8c3f2f23) sw      gp, -1826(t5)
core   0: 3 0x8000a726 (0x8c3f2f23) mem 0x80010000 0x00000001
core   0: 0x8000a72a (0x0000bfe5) c.j     pc - 8
core   0: 3 0x8000a72a (0xbfe5)
core   0: 0x8000a722 (0x00006f17) auipc   t5, 0x6
core   0: 3 0x8000a722 (0x00006f17) x30 0x80010722
core   0: 0x8000a726 (0x8c3f2f23) sw      gp, -1826(t5)
core   0: 3 0x8000a726 (0x8c3f2f23) mem 0x80010000 0x00000001
core   0: 0x8000a72a (0x0000bfe5) c.j     pc - 8
core   0: 3 0x8000a72a (0xbfe5)
core   0: 0x8000a722 (0x00006f17) auipc   t5, 0x6
core   0: 3 0x8000a722 (0x00006f17) x30 0x80010722
core   0: 0x8000a726 (0x8c3f2f23) sw      gp, -1826(t5)
core   0: 3 0x8000a726 (0x8c3f2f23) mem 0x80010000 0x00000001
core   0: 0x8000a72a (0x0000bfe5) c.j     pc - 8
core   0: 3 0x8000a72a (0xbfe5)
core   0: 0x8000a722 (0x00006f17) auipc   t5, 0x6
core   0: 3 0x8000a722 (0x00006f17) x30 0x80010722
core   0: 0x8000a726 (0x8c3f2f23) sw      gp, -1826(t5)
core   0: 3 0x8000a726 (0x8c3f2f23) mem 0x80010000 0x00000001
core   0: 0x8000a72a (0x0000bfe5) c.j     pc - 8
core   0: 3 0x8000a72a (0xbfe5)
core   0: 0x8000a722 (0x00006f17) auipc   t5, 0x6
core   0: 3 0x8000a722 (0x00006f17) x30 0x80010722
core   0: 0x8000a726 (0x8c3f2f23) sw      gp, -1826(t5)
core   0: 3 0x8000a726 (0x8c3f2f23) mem 0x80010000 0x00000001
core   0: 0x8000a72a (0x0000bfe5) c.j     pc - 8
core   0: 3 0x8000a72a (0xbfe5)
core   0: 0x8000a722 (0x00006f17) auipc   t5, 0x6
core   0: 3 0x8000a722 (0x00006f17) x30 0x80010722
core   0: 0x8000a726 (0x8c3f2f23) sw      gp, -1826(t5)
core   0: 3 0x8000a726 (0x8c3f2f23) mem 0x80010000 0x00000001
core   0: 0x8000a72a (0x0000bfe5) c.j     pc - 8
core   0: 3 0x8000a72a (0xbfe5)
core   0: 0x8000a722 (0x00006f17) auipc   t5, 0x6
core   0: 3 0x8000a722 (0x00006f17) x30 0x80010722
core   0: 0x8000a726 (0x8c3f2f23) sw      gp, -1826(t5)
core   0: 3 0x8000a726 (0x8c3f2f23) mem 0x80010000 0x00000001
core   0: 0x8000a72a (0x0000bfe5) c.j     pc - 8
core   0: 3 0x8000a72a (0xbfe5)
core   0: 0x8000a722 (0x00006f17) auipc   t5, 0x6
core   0: 3 0x8000a722 (0x00006f17) x30 0x80010722
core   0: 0x8000a726 (0x8c3f2f23) sw      gp, -1826(t5)
core   0: 3 0x8000a726 (0x8c3f2f23) mem 0x80010000 0x00000001
core   0: 0x8000a72a (0x0000bfe5) c.j     pc - 8
core   0: 3 0x8000a72a (0xbfe5)
core   0: 0x8000a722 (0x00006f17) auipc   t5, 0x6
core   0: 3 0x8000a722 (0x00006f17) x30 0x80010722
core   0: 0x8000a726 (0x8c3f2f23) sw      gp, -1826(t5)
core   0: 3 0x8000a726 (0x8c3f2f23) mem 0x80010000 0x00000001
core   0: 0x8000a72a (0x0000bfe5) c.j     pc - 8
core   0: 3 0x8000a72a (0xbfe5)
core   0: 0x8000a722 (0x00006f17) auipc   t5, 0x6
core   0: 3 0x8000a722 (0x00006f17) x30 0x80010722
core   0: 0x8000a726 (0x8c3f2f23) sw      gp, -1826(t5)
core   0: 3 0x8000a726 (0x8c3f2f23) mem 0x80010000 0x00000001
core   0: 0x8000a72a (0x0000bfe5) c.j     pc - 8
core   0: 3 0x8000a72a (0xbfe5)
core   0: 0x8000a722 (0x00006f17) auipc   t5, 0x6
core   0: 3 0x8000a722 (0x00006f17) x30 0x80010722
core   0: 0x8000a726 (0x8c3f2f23) sw      gp, -1826(t5)
core   0: 3 0x8000a726 (0x8c3f2f23) mem 0x80010000 0x00000001
core   0: 0x8000a72a (0x0000bfe5) c.j     pc - 8
core   0: 3 0x8000a72a (0xbfe5)
core   0: 0x8000a722 (0x00006f17) auipc   t5, 0x6
core   0: 3 0x8000a722 (0x00006f17) x30 0x80010722
core   0: 0x8000a726 (0x8c3f2f23) sw      gp, -1826(t5)
core   0: 3 0x8000a726 (0x8c3f2f23) mem 0x80010000 0x00000001
core   0: 0x8000a72a (0x0000bfe5) c.j     pc - 8
core   0: 3 0x8000a72a (0xbfe5)
core   0: 0x8000a722 (0x00006f17) auipc   t5, 0x6
core   0: 3 0x8000a722 (0x00006f17) x30 0x80010722
core   0: 0x8000a726 (0x8c3f2f23) sw      gp, -1826(t5)
core   0: 3 0x8000a726 (0x8c3f2f23) mem 0x80010000 0x00000001
core   0: 0x8000a72a (0x0000bfe5) c.j     pc - 8
core   0: 3 0x8000a72a (0xbfe5)
core   0: 0x8000a722 (0x00006f17) auipc   t5, 0x6
core   0: 3 0x8000a722 (0x00006f17) x30 0x80010722
core   0: 0x8000a726 (0x8c3f2f23) sw      gp, -1826(t5)
core   0: 3 0x8000a726 (0x8c3f2f23) mem 0x80010000 0x00000001
core   0: 0x8000a72a (0x0000bfe5) c.j     pc - 8
core   0: 3 0x8000a72a (0xbfe5)
core   0: 0x8000a722 (0x00006f17) auipc   t5, 0x6
core   0: 3 0x8000a722 (0x00006f17) x30 0x80010722
core   0: 0x8000a726 (0x8c3f2f23) sw      gp, -1826(t5)
core   0: 3 0x8000a726 (0x8c3f2f23) mem 0x80010000 0x00000001
core   0: 0x8000a72a (0x0000bfe5) c.j     pc - 8
core   0: 3 0x8000a72a (0xbfe5)
core   0: 0x8000a722 (0x00006f17) auipc   t5, 0x6
core   0: 3 0x8000a722 (0x00006f17) x30 0x80010722
core   0: 0x8000a726 (0x8c3f2f23) sw      gp, -1826(t5)
core   0: 3 0x8000a726 (0x8c3f2f23) mem 0x80010000 0x00000001
core   0: 0x8000a72a (0x0000bfe5) c.j     pc - 8
core   0: 3 0x8000a72a (0xbfe5)
core   0: 0x8000a722 (0x00006f17) auipc   t5, 0x6
core   0: 3 0x8000a722 (0x00006f17) x30 0x80010722
core   0: 0x8000a726 (0x8c3f2f23) sw      gp, -1826(t5)
core   0: 3 0x8000a726 (0x8c3f2f23) mem 0x80010000 0x00000001
core   0: 0x8000a72a (0x0000bfe5) c.j     pc - 8
core   0: 3 0x8000a72a (0xbfe5)
core   0: 0x8000a722 (0x00006f17) auipc   t5, 0x6
core   0: 3 0x8000a722 (0x00006f17) x30 0x80010722
core   0: 0x8000a726 (0x8c3f2f23) sw      gp, -1826(t5)
core   0: 3 0x8000a726 (0x8c3f2f23) mem 0x80010000 0x00000001
core   0: 0x8000a72a (0x0000bfe5) c.j     pc - 8
core   0: 3 0x8000a72a (0xbfe5)
core   0: 0x8000a722 (0x00006f17) auipc   t5, 0x6
core   0: 3 0x8000a722 (0x00006f17) x30 0x80010722
core   0: 0x8000a726 (0x8c3f2f23) sw      gp, -1826(t5)
core   0: 3 0x8000a726 (0x8c3f2f23) mem 0x80010000 0x00000001
core   0: 0x8000a72a (0x0000bfe5) c.j     pc - 8
core   0: 3 0x8000a72a (0xbfe5)
core   0: 0x8000a722 (0x00006f17) auipc   t5, 0x6
core   0: 3 0x8000a722 (0x00006f17) x30 0x80010722
core   0: 0x8000a726 (0x8c3f2f23) sw      gp, -1826(t5)
core   0: 3 0x8000a726 (0x8c3f2f23) mem 0x80010000 0x00000001
core   0: 0x8000a72a (0x0000bfe5) c.j     pc - 8
core   0: 3 0x8000a72a (0xbfe5)
core   0: 0x8000a722 (0x00006f17) auipc   t5, 0x6
core   0: 3 0x8000a722 (0x00006f17) x30 0x80010722
core   0: 0x8000a726 (0x8c3f2f23) sw      gp, -1826(t5)
core   0: 3 0x8000a726 (0x8c3f2f23) mem 0x80010000 0x00000001
core   0: 0x8000a72a (0x0000bfe5) c.j     pc - 8
core   0: 3 0x8000a72a (0xbfe5)
core   0: 0x8000a722 (0x00006f17) auipc   t5, 0x6
core   0: 3 0x8000a722 (0x00006f17) x30 0x80010722
core   0: 0x8000a726 (0x8c3f2f23) sw      gp, -1826(t5)
core   0: 3 0x8000a726 (0x8c3f2f23) mem 0x80010000 0x00000001
core   0: 0x8000a72a (0x0000bfe5) c.j     pc - 8
core   0: 3 0x8000a72a (0xbfe5)
core   0: 0x8000a722 (0x00006f17) auipc   t5, 0x6
core   0: 3 0x8000a722 (0x00006f17) x30 0x80010722
core   0: 0x8000a726 (0x8c3f2f23) sw      gp, -1826(t5)
core   0: 3 0x8000a726 (0x8c3f2f23) mem 0x80010000 0x00000001
core   0: 0x8000a72a (0x0000bfe5) c.j     pc - 8
core   0: 3 0x8000a72a (0xbfe5)
core   0: 0x8000a722 (0x00006f17) auipc   t5, 0x6
core   0: 3 0x8000a722 (0x00006f17) x30 0x80010722
core   0: 0x8000a726 (0x8c3f2f23) sw      gp, -1826(t5)
core   0: 3 0x8000a726 (0x8c3f2f23) mem 0x80010000 0x00000001
core   0: 0x8000a72a (0x0000bfe5) c.j     pc - 8
core   0: 3 0x8000a72a (0xbfe5)
core   0: 0x8000a722 (0x00006f17) auipc   t5, 0x6
core   0: 3 0x8000a722 (0x00006f17) x30 0x80010722
core   0: 0x8000a726 (0x8c3f2f23) sw      gp, -1826(t5)
core   0: 3 0x8000a726 (0x8c3f2f23) mem 0x80010000 0x00000001
core   0: 0x8000a72a (0x0000bfe5) c.j     pc - 8
core   0: 3 0x8000a72a (0xbfe5)
core   0: 0x8000a722 (0x00006f17) auipc   t5, 0x6
core   0: 3 0x8000a722 (0x00006f17) x30 0x80010722
core   0: 0x8000a726 (0x8c3f2f23) sw      gp, -1826(t5)
core   0: 3 0x8000a726 (0x8c3f2f23) mem 0x80010000 0x00000001
core   0: 0x8000a72a (0x0000bfe5) c.j     pc - 8
core   0: 3 0x8000a72a (0xbfe5)
core   0: 0x8000a722 (0x00006f17) auipc   t5, 0x6
core   0: 3 0x8000a722 (0x00006f17) x30 0x80010722
core   0: 0x8000a726 (0x8c3f2f23) sw      gp, -1826(t5)
core   0: 3 0x8000a726 (0x8c3f2f23) mem 0x80010000 0x00000001
core   0: 0x8000a72a (0x0000bfe5) c.j     pc - 8
core   0: 3 0x8000a72a (0xbfe5)
core   0: 0x8000a722 (0x00006f17) auipc   t5, 0x6
core   0: 3 0x8000a722 (0x00006f17) x30 0x80010722
core   0: 0x8000a726 (0x8c3f2f23) sw      gp, -1826(t5)
core   0: 3 0x8000a726 (0x8c3f2f23) mem 0x80010000 0x00000001
core   0: 0x8000a72a (0x0000bfe5) c.j     pc - 8
core   0: 3 0x8000a72a (0xbfe5)
core   0: 0x8000a722 (0x00006f17) auipc   t5, 0x6
core   0: 3 0x8000a722 (0x00006f17) x30 0x80010722
core   0: 0x8000a726 (0x8c3f2f23) sw      gp, -1826(t5)
core   0: 3 0x8000a726 (0x8c3f2f23) mem 0x80010000 0x00000001
core   0: 0x8000a72a (0x0000bfe5) c.j     pc - 8
core   0: 3 0x8000a72a (0xbfe5)
core   0: 0x8000a722 (0x00006f17) auipc   t5, 0x6
core   0: 3 0x8000a722 (0x00006f17) x30 0x80010722
core   0: 0x8000a726 (0x8c3f2f23) sw      gp, -1826(t5)
core   0: 3 0x8000a726 (0x8c3f2f23) mem 0x80010000 0x00000001
core   0: 0x8000a72a (0x0000bfe5) c.j     pc - 8
core   0: 3 0x8000a72a (0xbfe5)
core   0: 0x8000a722 (0x00006f17) auipc   t5, 0x6
core   0: 3 0x8000a722 (0x00006f17) x30 0x80010722
core   0: 0x8000a726 (0x8c3f2f23) sw      gp, -1826(t5)
core   0: 3 0x8000a726 (0x8c3f2f23) mem 0x80010000 0x00000001
core   0: 0x8000a72a (0x0000bfe5) c.j     pc - 8
core   0: 3 0x8000a72a (0xbfe5)
core   0: 0x8000a722 (0x00006f17) auipc   t5, 0x6
core   0: 3 0x8000a722 (0x00006f17) x30 0x80010722
core   0: 0x8000a726 (0x8c3f2f23) sw      gp, -1826(t5)
core   0: 3 0x8000a726 (0x8c3f2f23) mem 0x80010000 0x00000001
core   0: 0x8000a72a (0x0000bfe5) c.j     pc - 8
core   0: 3 0x8000a72a (0xbfe5)
core   0: 0x8000a722 (0x00006f17) auipc   t5, 0x6
core   0: 3 0x8000a722 (0x00006f17) x30 0x80010722
core   0: 0x8000a726 (0x8c3f2f23) sw      gp, -1826(t5)
core   0: 3 0x8000a726 (0x8c3f2f23) mem 0x80010000 0x00000001
core   0: 0x8000a72a (0x0000bfe5) c.j     pc - 8
core   0: 3 0x8000a72a (0xbfe5)
core   0: 0x8000a722 (0x00006f17) auipc   t5, 0x6
core   0: 3 0x8000a722 (0x00006f17) x30 0x80010722
core   0: 0x8000a726 (0x8c3f2f23) sw      gp, -1826(t5)
core   0: 3 0x8000a726 (0x8c3f2f23) mem 0x80010000 0x00000001
core   0: 0x8000a72a (0x0000bfe5) c.j     pc - 8
core   0: 3 0x8000a72a (0xbfe5)
core   0: 0x8000a722 (0x00006f17) auipc   t5, 0x6
core   0: 3 0x8000a722 (0x00006f17) x30 0x80010722
core   0: 0x8000a726 (0x8c3f2f23) sw      gp, -1826(t5)
core   0: 3 0x8000a726 (0x8c3f2f23) mem 0x80010000 0x00000001
core   0: 0x8000a72a (0x0000bfe5) c.j     pc - 8
core   0: 3 0x8000a72a (0xbfe5)
core   0: 0x8000a722 (0x00006f17) auipc   t5, 0x6
core   0: 3 0x8000a722 (0x00006f17) x30 0x80010722
core   0: 0x8000a726 (0x8c3f2f23) sw      gp, -1826(t5)
core   0: 3 0x8000a726 (0x8c3f2f23) mem 0x80010000 0x00000001
core   0: 0x8000a72a (0x0000bfe5) c.j     pc - 8
core   0: 3 0x8000a72a (0xbfe5)
core   0: 0x8000a722 (0x00006f17) auipc   t5, 0x6
core   0: 3 0x8000a722 (0x00006f17) x30 0x80010722
core   0: 0x8000a726 (0x8c3f2f23) sw      gp, -1826(t5)
core   0: 3 0x8000a726 (0x8c3f2f23) mem 0x80010000 0x00000001
core   0: 0x8000a72a (0x0000bfe5) c.j     pc - 8
core   0: 3 0x8000a72a (0xbfe5)
core   0: 0x8000a722 (0x00006f17) auipc   t5, 0x6
core   0: 3 0x8000a722 (0x00006f17) x30 0x80010722
core   0: 0x8000a726 (0x8c3f2f23) sw      gp, -1826(t5)
core   0: 3 0x8000a726 (0x8c3f2f23) mem 0x80010000 0x00000001
core   0: 0x8000a72a (0x0000bfe5) c.j     pc - 8
core   0: 3 0x8000a72a (0xbfe5)
core   0: 0x8000a722 (0x00006f17) auipc   t5, 0x6
core   0: 3 0x8000a722 (0x00006f17) x30 0x80010722
core   0: 0x8000a726 (0x8c3f2f23) sw      gp, -1826(t5)
core   0: 3 0x8000a726 (0x8c3f2f23) mem 0x80010000 0x00000001
core   0: 0x8000a72a (0x0000bfe5) c.j     pc - 8
core   0: 3 0x8000a72a (0xbfe5)
core   0: 0x8000a722 (0x00006f17) auipc   t5, 0x6
core   0: 3 0x8000a722 (0x00006f17) x30 0x80010722
core   0: 0x8000a726 (0x8c3f2f23) sw      gp, -1826(t5)
core   0: 3 0x8000a726 (0x8c3f2f23) mem 0x80010000 0x00000001
core   0: 0x8000a72a (0x0000bfe5) c.j     pc - 8
core   0: 3 0x8000a72a (0xbfe5)
core   0: 0x8000a722 (0x00006f17) auipc   t5, 0x6
core   0: 3 0x8000a722 (0x00006f17) x30 0x80010722
core   0: 0x8000a726 (0x8c3f2f23) sw      gp, -1826(t5)
core   0: 3 0x8000a726 (0x8c3f2f23) mem 0x80010000 0x00000001
core   0: 0x8000a72a (0x0000bfe5) c.j     pc - 8
core   0: 3 0x8000a72a (0xbfe5)
core   0: 0x8000a722 (0x00006f17) auipc   t5, 0x6
core   0: 3 0x8000a722 (0x00006f17) x30 0x80010722
core   0: 0x8000a726 (0x8c3f2f23) sw      gp, -1826(t5)
core   0: 3 0x8000a726 (0x8c3f2f23) mem 0x80010000 0x00000001
core   0: 0x8000a72a (0x0000bfe5) c.j     pc - 8
core   0: 3 0x8000a72a (0xbfe5)
core   0: 0x8000a722 (0x00006f17) auipc   t5, 0x6
core   0: 3 0x8000a722 (0x00006f17) x30 0x80010722
core   0: 0x8000a726 (0x8c3f2f23) sw      gp, -1826(t5)
core   0: 3 0x8000a726 (0x8c3f2f23) mem 0x80010000 0x00000001
core   0: 0x8000a72a (0x0000bfe5) c.j     pc - 8
core   0: 3 0x8000a72a (0xbfe5)
core   0: 0x8000a722 (0x00006f17) auipc   t5, 0x6
core   0: 3 0x8000a722 (0x00006f17) x30 0x80010722
core   0: 0x8000a726 (0x8c3f2f23) sw      gp, -1826(t5)
core   0: 3 0x8000a726 (0x8c3f2f23) mem 0x80010000 0x00000001
core   0: 0x8000a72a (0x0000bfe5) c.j     pc - 8
core   0: 3 0x8000a72a (0xbfe5)
core   0: 0x8000a722 (0x00006f17) auipc   t5, 0x6
core   0: 3 0x8000a722 (0x00006f17) x30 0x80010722
core   0: 0x8000a726 (0x8c3f2f23) sw      gp, -1826(t5)
core   0: 3 0x8000a726 (0x8c3f2f23) mem 0x80010000 0x00000001
core   0: 0x8000a72a (0x0000bfe5) c.j     pc - 8
core   0: 3 0x8000a72a (0xbfe5)
core   0: 0x8000a722 (0x00006f17) auipc   t5, 0x6
core   0: 3 0x8000a722 (0x00006f17) x30 0x80010722
core   0: 0x8000a726 (0x8c3f2f23) sw      gp, -1826(t5)
core   0: 3 0x8000a726 (0x8c3f2f23) mem 0x80010000 0x00000001
core   0: 0x8000a72a (0x0000bfe5) c.j     pc - 8
core   0: 3 0x8000a72a (0xbfe5)
core   0: 0x8000a722 (0x00006f17) auipc   t5, 0x6
core   0: 3 0x8000a722 (0x00006f17) x30 0x80010722
core   0: 0x8000a726 (0x8c3f2f23) sw      gp, -1826(t5)
core   0: 3 0x8000a726 (0x8c3f2f23) mem 0x80010000 0x00000001
core   0: 0x8000a72a (0x0000bfe5) c.j     pc - 8
core   0: 3 0x8000a72a (0xbfe5)
core   0: 0x8000a722 (0x00006f17) auipc   t5, 0x6
core   0: 3 0x8000a722 (0x00006f17) x30 0x80010722
core   0: 0x8000a726 (0x8c3f2f23) sw      gp, -1826(t5)
core   0: 3 0x8000a726 (0x8c3f2f23) mem 0x80010000 0x00000001
core   0: 0x8000a72a (0x0000bfe5) c.j     pc - 8
core   0: 3 0x8000a72a (0xbfe5)
core   0: 0x8000a722 (0x00006f17) auipc   t5, 0x6
core   0: 3 0x8000a722 (0x00006f17) x30 0x80010722
core   0: 0x8000a726 (0x8c3f2f23) sw      gp, -1826(t5)
core   0: 3 0x8000a726 (0x8c3f2f23) mem 0x80010000 0x00000001
core   0: 0x8000a72a (0x0000bfe5) c.j     pc - 8
core   0: 3 0x8000a72a (0xbfe5)
core   0: 0x8000a722 (0x00006f17) auipc   t5, 0x6
core   0: 3 0x8000a722 (0x00006f17) x30 0x80010722
core   0: 0x8000a726 (0x8c3f2f23) sw      gp, -1826(t5)
core   0: 3 0x8000a726 (0x8c3f2f23) mem 0x80010000 0x00000001
core   0: 0x8000a72a (0x0000bfe5) c.j     pc - 8
core   0: 3 0x8000a72a (0xbfe5)
core   0: 0x8000a722 (0x00006f17) auipc   t5, 0x6
core   0: 3 0x8000a722 (0x00006f17) x30 0x80010722
core   0: 0x8000a726 (0x8c3f2f23) sw      gp, -1826(t5)
core   0: 3 0x8000a726 (0x8c3f2f23) mem 0x80010000 0x00000001
core   0: 0x8000a72a (0x0000bfe5) c.j     pc - 8
core   0: 3 0x8000a72a (0xbfe5)
core   0: 0x8000a722 (0x00006f17) auipc   t5, 0x6
core   0: 3 0x8000a722 (0x00006f17) x30 0x80010722
core   0: 0x8000a726 (0x8c3f2f23) sw      gp, -1826(t5)
core   0: 3 0x8000a726 (0x8c3f2f23) mem 0x80010000 0x00000001
core   0: 0x8000a72a (0x0000bfe5) c.j     pc - 8
core   0: 3 0x8000a72a (0xbfe5)
core   0: 0x8000a722 (0x00006f17) auipc   t5, 0x6
core   0: 3 0x8000a722 (0x00006f17) x30 0x80010722
core   0: 0x8000a726 (0x8c3f2f23) sw      gp, -1826(t5)
core   0: 3 0x8000a726 (0x8c3f2f23) mem 0x80010000 0x00000001
core   0: 0x8000a72a (0x0000bfe5) c.j     pc - 8
core   0: 3 0x8000a72a (0xbfe5)
core   0: 0x8000a722 (0x00006f17) auipc   t5, 0x6
core   0: 3 0x8000a722 (0x00006f17) x30 0x80010722
core   0: 0x8000a726 (0x8c3f2f23) sw      gp, -1826(t5)
core   0: 3 0x8000a726 (0x8c3f2f23) mem 0x80010000 0x00000001
core   0: 0x8000a72a (0x0000bfe5) c.j     pc - 8
core   0: 3 0x8000a72a (0xbfe5)
core   0: 0x8000a722 (0x00006f17) auipc   t5, 0x6
core   0: 3 0x8000a722 (0x00006f17) x30 0x80010722
core   0: 0x8000a726 (0x8c3f2f23) sw      gp, -1826(t5)
core   0: 3 0x8000a726 (0x8c3f2f23) mem 0x80010000 0x00000001
core   0: 0x8000a72a (0x0000bfe5) c.j     pc - 8
core   0: 3 0x8000a72a (0xbfe5)
core   0: 0x8000a722 (0x00006f17) auipc   t5, 0x6
core   0: 3 0x8000a722 (0x00006f17) x30 0x80010722
core   0: 0x8000a726 (0x8c3f2f23) sw      gp, -1826(t5)
core   0: 3 0x8000a726 (0x8c3f2f23) mem 0x80010000 0x00000001
core   0: 0x8000a72a (0x0000bfe5) c.j     pc - 8
core   0: 3 0x8000a72a (0xbfe5)
core   0: 0x8000a722 (0x00006f17) auipc   t5, 0x6
core   0: 3 0x8000a722 (0x00006f17) x30 0x80010722
core   0: 0x8000a726 (0x8c3f2f23) sw      gp, -1826(t5)
core   0: 3 0x8000a726 (0x8c3f2f23) mem 0x80010000 0x00000001
core   0: 0x8000a72a (0x0000bfe5) c.j     pc - 8
core   0: 3 0x8000a72a (0xbfe5)
core   0: 0x8000a722 (0x00006f17) auipc   t5, 0x6
core   0: 3 0x8000a722 (0x00006f17) x30 0x80010722
core   0: 0x8000a726 (0x8c3f2f23) sw      gp, -1826(t5)
core   0: 3 0x8000a726 (0x8c3f2f23) mem 0x80010000 0x00000001
core   0: 0x8000a72a (0x0000bfe5) c.j     pc - 8
core   0: 3 0x8000a72a (0xbfe5)
core   0: 0x8000a722 (0x00006f17) auipc   t5, 0x6
core   0: 3 0x8000a722 (0x00006f17) x30 0x80010722
core   0: 0x8000a726 (0x8c3f2f23) sw      gp, -1826(t5)
core   0: 3 0x8000a726 (0x8c3f2f23) mem 0x80010000 0x00000001
core   0: 0x8000a72a (0x0000bfe5) c.j     pc - 8
core   0: 3 0x8000a72a (0xbfe5)
core   0: 0x8000a722 (0x00006f17) auipc   t5, 0x6
core   0: 3 0x8000a722 (0x00006f17) x30 0x80010722
core   0: 0x8000a726 (0x8c3f2f23) sw      gp, -1826(t5)
core   0: 3 0x8000a726 (0x8c3f2f23) mem 0x80010000 0x00000001
core   0: 0x8000a72a (0x0000bfe5) c.j     pc - 8
core   0: 3 0x8000a72a (0xbfe5)
core   0: 0x8000a722 (0x00006f17) auipc   t5, 0x6
core   0: 3 0x8000a722 (0x00006f17) x30 0x80010722
core   0: 0x8000a726 (0x8c3f2f23) sw      gp, -1826(t5)
core   0: 3 0x8000a726 (0x8c3f2f23) mem 0x80010000 0x00000001
core   0: 0x8000a72a (0x0000bfe5) c.j     pc - 8
core   0: 3 0x8000a72a (0xbfe5)
core   0: 0x8000a722 (0x00006f17) auipc   t5, 0x6
core   0: 3 0x8000a722 (0x00006f17) x30 0x80010722
core   0: 0x8000a726 (0x8c3f2f23) sw      gp, -1826(t5)
core   0: 3 0x8000a726 (0x8c3f2f23) mem 0x80010000 0x00000001
core   0: 0x8000a72a (0x0000bfe5) c.j     pc - 8
core   0: 3 0x8000a72a (0xbfe5)
core   0: 0x8000a722 (0x00006f17) auipc   t5, 0x6
core   0: 3 0x8000a722 (0x00006f17) x30 0x80010722
core   0: 0x8000a726 (0x8c3f2f23) sw      gp, -1826(t5)
core   0: 3 0x8000a726 (0x8c3f2f23) mem 0x80010000 0x00000001
core   0: 0x8000a72a (0x0000bfe5) c.j     pc - 8
core   0: 3 0x8000a72a (0xbfe5)
core   0: 0x8000a722 (0x00006f17) auipc   t5, 0x6
core   0: 3 0x8000a722 (0x00006f17) x30 0x80010722
core   0: 0x8000a726 (0x8c3f2f23) sw      gp, -1826(t5)
core   0: 3 0x8000a726 (0x8c3f2f23) mem 0x80010000 0x00000001
core   0: 0x8000a72a (0x0000bfe5) c.j     pc - 8
core   0: 3 0x8000a72a (0xbfe5)
core   0: 0x8000a722 (0x00006f17) auipc   t5, 0x6
core   0: 3 0x8000a722 (0x00006f17) x30 0x80010722
core   0: 0x8000a726 (0x8c3f2f23) sw      gp, -1826(t5)
core   0: 3 0x8000a726 (0x8c3f2f23) mem 0x80010000 0x00000001
core   0: 0x8000a72a (0x0000bfe5) c.j     pc - 8
core   0: 3 0x8000a72a (0xbfe5)
core   0: 0x8000a722 (0x00006f17) auipc   t5, 0x6
core   0: 3 0x8000a722 (0x00006f17) x30 0x80010722
core   0: 0x8000a726 (0x8c3f2f23) sw      gp, -1826(t5)
core   0: 3 0x8000a726 (0x8c3f2f23) mem 0x80010000 0x00000001
core   0: 0x8000a72a (0x0000bfe5) c.j     pc - 8
core   0: 3 0x8000a72a (0xbfe5)
core   0: 0x8000a722 (0x00006f17) auipc   t5, 0x6
core   0: 3 0x8000a722 (0x00006f17) x30 0x80010722
core   0: 0x8000a726 (0x8c3f2f23) sw      gp, -1826(t5)
core   0: 3 0x8000a726 (0x8c3f2f23) mem 0x80010000 0x00000001
core   0: 0x8000a72a (0x0000bfe5) c.j     pc - 8
core   0: 3 0x8000a72a (0xbfe5)
core   0: 0x8000a722 (0x00006f17) auipc   t5, 0x6
core   0: 3 0x8000a722 (0x00006f17) x30 0x80010722
core   0: 0x8000a726 (0x8c3f2f23) sw      gp, -1826(t5)
core   0: 3 0x8000a726 (0x8c3f2f23) mem 0x80010000 0x00000001
core   0: 0x8000a72a (0x0000bfe5) c.j     pc - 8
core   0: 3 0x8000a72a (0xbfe5)
core   0: 0x8000a722 (0x00006f17) auipc   t5, 0x6
core   0: 3 0x8000a722 (0x00006f17) x30 0x80010722
core   0: 0x8000a726 (0x8c3f2f23) sw      gp, -1826(t5)
core   0: 3 0x8000a726 (0x8c3f2f23) mem 0x80010000 0x00000001
core   0: 0x8000a72a (0x0000bfe5) c.j     pc - 8
core   0: 3 0x8000a72a (0xbfe5)
core   0: 0x8000a722 (0x00006f17) auipc   t5, 0x6
core   0: 3 0x8000a722 (0x00006f17) x30 0x80010722
core   0: 0x8000a726 (0x8c3f2f23) sw      gp, -1826(t5)
core   0: 3 0x8000a726 (0x8c3f2f23) mem 0x80010000 0x00000001
core   0: 0x8000a72a (0x0000bfe5) c.j     pc - 8
core   0: 3 0x8000a72a (0xbfe5)
core   0: 0x8000a722 (0x00006f17) auipc   t5, 0x6
core   0: 3 0x8000a722 (0x00006f17) x30 0x80010722
core   0: 0x8000a726 (0x8c3f2f23) sw      gp, -1826(t5)
core   0: 3 0x8000a726 (0x8c3f2f23) mem 0x80010000 0x00000001
core   0: 0x8000a72a (0x0000bfe5) c.j     pc - 8
core   0: 3 0x8000a72a (0xbfe5)
core   0: 0x8000a722 (0x00006f17) auipc   t5, 0x6
core   0: 3 0x8000a722 (0x00006f17) x30 0x80010722
core   0: 0x8000a726 (0x8c3f2f23) sw      gp, -1826(t5)
core   0: 3 0x8000a726 (0x8c3f2f23) mem 0x80010000 0x00000001
core   0: 0x8000a72a (0x0000bfe5) c.j     pc - 8
core   0: 3 0x8000a72a (0xbfe5)
core   0: 0x8000a722 (0x00006f17) auipc   t5, 0x6
core   0: 3 0x8000a722 (0x00006f17) x30 0x80010722
core   0: 0x8000a726 (0x8c3f2f23) sw      gp, -1826(t5)
core   0: 3 0x8000a726 (0x8c3f2f23) mem 0x80010000 0x00000001
core   0: 0x8000a72a (0x0000bfe5) c.j     pc - 8
core   0: 3 0x8000a72a (0xbfe5)
core   0: 0x8000a722 (0x00006f17) auipc   t5, 0x6
core   0: 3 0x8000a722 (0x00006f17) x30 0x80010722
core   0: 0x8000a726 (0x8c3f2f23) sw      gp, -1826(t5)
core   0: 3 0x8000a726 (0x8c3f2f23) mem 0x80010000 0x00000001
core   0: 0x8000a72a (0x0000bfe5) c.j     pc - 8
core   0: 3 0x8000a72a (0xbfe5)
core   0: 0x8000a722 (0x00006f17) auipc   t5, 0x6
core   0: 3 0x8000a722 (0x00006f17) x30 0x80010722
core   0: 0x8000a726 (0x8c3f2f23) sw      gp, -1826(t5)
core   0: 3 0x8000a726 (0x8c3f2f23) mem 0x80010000 0x00000001
core   0: 0x8000a72a (0x0000bfe5) c.j     pc - 8
core   0: 3 0x8000a72a (0xbfe5)
core   0: 0x8000a722 (0x00006f17) auipc   t5, 0x6
core   0: 3 0x8000a722 (0x00006f17) x30 0x80010722
core   0: 0x8000a726 (0x8c3f2f23) sw      gp, -1826(t5)
core   0: 3 0x8000a726 (0x8c3f2f23) mem 0x80010000 0x00000001
core   0: 0x8000a72a (0x0000bfe5) c.j     pc - 8
core   0: 3 0x8000a72a (0xbfe5)
core   0: 0x8000a722 (0x00006f17) auipc   t5, 0x6
core   0: 3 0x8000a722 (0x00006f17) x30 0x80010722
core   0: 0x8000a726 (0x8c3f2f23) sw      gp, -1826(t5)
core   0: 3 0x8000a726 (0x8c3f2f23) mem 0x80010000 0x00000001
core   0: 0x8000a72a (0x0000bfe5) c.j     pc - 8
core   0: 3 0x8000a72a (0xbfe5)
core   0: 0x8000a722 (0x00006f17) auipc   t5, 0x6
core   0: 3 0x8000a722 (0x00006f17) x30 0x80010722
core   0: 0x8000a726 (0x8c3f2f23) sw      gp, -1826(t5)
core   0: 3 0x8000a726 (0x8c3f2f23) mem 0x80010000 0x00000001
core   0: 0x8000a72a (0x0000bfe5) c.j     pc - 8
core   0: 3 0x8000a72a (0xbfe5)
core   0: 0x8000a722 (0x00006f17) auipc   t5, 0x6
core   0: 3 0x8000a722 (0x00006f17) x30 0x80010722
core   0: 0x8000a726 (0x8c3f2f23) sw      gp, -1826(t5)
core   0: 3 0x8000a726 (0x8c3f2f23) mem 0x80010000 0x00000001
core   0: 0x8000a72a (0x0000bfe5) c.j     pc - 8
core   0: 3 0x8000a72a (0xbfe5)
core   0: 0x8000a722 (0x00006f17) auipc   t5, 0x6
core   0: 3 0x8000a722 (0x00006f17) x30 0x80010722
core   0: 0x8000a726 (0x8c3f2f23) sw      gp, -1826(t5)
core   0: 3 0x8000a726 (0x8c3f2f23) mem 0x80010000 0x00000001
core   0: 0x8000a72a (0x0000bfe5) c.j     pc - 8
core   0: 3 0x8000a72a (0xbfe5)
core   0: 0x8000a722 (0x00006f17) auipc   t5, 0x6
core   0: 3 0x8000a722 (0x00006f17) x30 0x80010722
core   0: 0x8000a726 (0x8c3f2f23) sw      gp, -1826(t5)
core   0: 3 0x8000a726 (0x8c3f2f23) mem 0x80010000 0x00000001
core   0: 0x8000a72a (0x0000bfe5) c.j     pc - 8
core   0: 3 0x8000a72a (0xbfe5)
core   0: 0x8000a722 (0x00006f17) auipc   t5, 0x6
core   0: 3 0x8000a722 (0x00006f17) x30 0x80010722
core   0: 0x8000a726 (0x8c3f2f23) sw      gp, -1826(t5)
core   0: 3 0x8000a726 (0x8c3f2f23) mem 0x80010000 0x00000001
core   0: 0x8000a72a (0x0000bfe5) c.j     pc - 8
core   0: 3 0x8000a72a (0xbfe5)
core   0: 0x8000a722 (0x00006f17) auipc   t5, 0x6
core   0: 3 0x8000a722 (0x00006f17) x30 0x80010722
core   0: 0x8000a726 (0x8c3f2f23) sw      gp, -1826(t5)
core   0: 3 0x8000a726 (0x8c3f2f23) mem 0x80010000 0x00000001
core   0: 0x8000a72a (0x0000bfe5) c.j     pc - 8
core   0: 3 0x8000a72a (0xbfe5)
core   0: 0x8000a722 (0x00006f17) auipc   t5, 0x6
core   0: 3 0x8000a722 (0x00006f17) x30 0x80010722
core   0: 0x8000a726 (0x8c3f2f23) sw      gp, -1826(t5)
core   0: 3 0x8000a726 (0x8c3f2f23) mem 0x80010000 0x00000001
core   0: 0x8000a72a (0x0000bfe5) c.j     pc - 8
core   0: 3 0x8000a72a (0xbfe5)
core   0: 0x8000a722 (0x00006f17) auipc   t5, 0x6
core   0: 3 0x8000a722 (0x00006f17) x30 0x80010722
core   0: 0x8000a726 (0x8c3f2f23) sw      gp, -1826(t5)
core   0: 3 0x8000a726 (0x8c3f2f23) mem 0x80010000 0x00000001
core   0: 0x8000a72a (0x0000bfe5) c.j     pc - 8
core   0: 3 0x8000a72a (0xbfe5)
core   0: 0x8000a722 (0x00006f17) auipc   t5, 0x6
core   0: 3 0x8000a722 (0x00006f17) x30 0x80010722
core   0: 0x8000a726 (0x8c3f2f23) sw      gp, -1826(t5)
core   0: 3 0x8000a726 (0x8c3f2f23) mem 0x80010000 0x00000001
core   0: 0x8000a72a (0x0000bfe5) c.j     pc - 8
core   0: 3 0x8000a72a (0xbfe5)
core   0: 0x8000a722 (0x00006f17) auipc   t5, 0x6
core   0: 3 0x8000a722 (0x00006f17) x30 0x80010722
core   0: 0x8000a726 (0x8c3f2f23) sw      gp, -1826(t5)
core   0: 3 0x8000a726 (0x8c3f2f23) mem 0x80010000 0x00000001
core   0: 0x8000a72a (0x0000bfe5) c.j     pc - 8
core   0: 3 0x8000a72a (0xbfe5)
core   0: 0x8000a722 (0x00006f17) auipc   t5, 0x6
core   0: 3 0x8000a722 (0x00006f17) x30 0x80010722
core   0: 0x8000a726 (0x8c3f2f23) sw      gp, -1826(t5)
core   0: 3 0x8000a726 (0x8c3f2f23) mem 0x80010000 0x00000001
core   0: 0x8000a72a (0x0000bfe5) c.j     pc - 8
core   0: 3 0x8000a72a (0xbfe5)
core   0: 0x8000a722 (0x00006f17) auipc   t5, 0x6
core   0: 3 0x8000a722 (0x00006f17) x30 0x80010722
core   0: 0x8000a726 (0x8c3f2f23) sw      gp, -1826(t5)
core   0: 3 0x8000a726 (0x8c3f2f23) mem 0x80010000 0x00000001
core   0: 0x8000a72a (0x0000bfe5) c.j     pc - 8
core   0: 3 0x8000a72a (0xbfe5)
core   0: 0x8000a722 (0x00006f17) auipc   t5, 0x6
core   0: 3 0x8000a722 (0x00006f17) x30 0x80010722
core   0: 0x8000a726 (0x8c3f2f23) sw      gp, -1826(t5)
core   0: 3 0x8000a726 (0x8c3f2f23) mem 0x80010000 0x00000001
core   0: 0x8000a72a (0x0000bfe5) c.j     pc - 8
core   0: 3 0x8000a72a (0xbfe5)
core   0: 0x8000a722 (0x00006f17) auipc   t5, 0x6
core   0: 3 0x8000a722 (0x00006f17) x30 0x80010722
core   0: 0x8000a726 (0x8c3f2f23) sw      gp, -1826(t5)
core   0: 3 0x8000a726 (0x8c3f2f23) mem 0x80010000 0x00000001
core   0: 0x8000a72a (0x0000bfe5) c.j     pc - 8
core   0: 3 0x8000a72a (0xbfe5)
core   0: 0x8000a722 (0x00006f17) auipc   t5, 0x6
core   0: 3 0x8000a722 (0x00006f17) x30 0x80010722
core   0: 0x8000a726 (0x8c3f2f23) sw      gp, -1826(t5)
core   0: 3 0x8000a726 (0x8c3f2f23) mem 0x80010000 0x00000001
core   0: 0x8000a72a (0x0000bfe5) c.j     pc - 8
core   0: 3 0x8000a72a (0xbfe5)
core   0: 0x8000a722 (0x00006f17) auipc   t5, 0x6
core   0: 3 0x8000a722 (0x00006f17) x30 0x80010722
core   0: 0x8000a726 (0x8c3f2f23) sw      gp, -1826(t5)
core   0: 3 0x8000a726 (0x8c3f2f23) mem 0x80010000 0x00000001
core   0: 0x8000a72a (0x0000bfe5) c.j     pc - 8
core   0: 3 0x8000a72a (0xbfe5)
core   0: 0x8000a722 (0x00006f17) auipc   t5, 0x6
core   0: 3 0x8000a722 (0x00006f17) x30 0x80010722
core   0: 0x8000a726 (0x8c3f2f23) sw      gp, -1826(t5)
core   0: 3 0x8000a726 (0x8c3f2f23) mem 0x80010000 0x00000001
core   0: 0x8000a72a (0x0000bfe5) c.j     pc - 8
core   0: 3 0x8000a72a (0xbfe5)
core   0: 0x8000a722 (0x00006f17) auipc   t5, 0x6
core   0: 3 0x8000a722 (0x00006f17) x30 0x80010722
core   0: 0x8000a726 (0x8c3f2f23) sw      gp, -1826(t5)
core   0: 3 0x8000a726 (0x8c3f2f23) mem 0x80010000 0x00000001
core   0: 0x8000a72a (0x0000bfe5) c.j     pc - 8
core   0: 3 0x8000a72a (0xbfe5)
core   0: 0x8000a722 (0x00006f17) auipc   t5, 0x6
core   0: 3 0x8000a722 (0x00006f17) x30 0x80010722
core   0: 0x8000a726 (0x8c3f2f23) sw      gp, -1826(t5)
core   0: 3 0x8000a726 (0x8c3f2f23) mem 0x80010000 0x00000001
core   0: 0x8000a72a (0x0000bfe5) c.j     pc - 8
core   0: 3 0x8000a72a (0xbfe5)
core   0: 0x8000a722 (0x00006f17) auipc   t5, 0x6
core   0: 3 0x8000a722 (0x00006f17) x30 0x80010722
core   0: 0x8000a726 (0x8c3f2f23) sw      gp, -1826(t5)
core   0: 3 0x8000a726 (0x8c3f2f23) mem 0x80010000 0x00000001
core   0: 0x8000a72a (0x0000bfe5) c.j     pc - 8
core   0: 3 0x8000a72a (0xbfe5)
core   0: 0x8000a722 (0x00006f17) auipc   t5, 0x6
core   0: 3 0x8000a722 (0x00006f17) x30 0x80010722
core   0: 0x8000a726 (0x8c3f2f23) sw      gp, -1826(t5)
core   0: 3 0x8000a726 (0x8c3f2f23) mem 0x80010000 0x00000001
core   0: 0x8000a72a (0x0000bfe5) c.j     pc - 8
core   0: 3 0x8000a72a (0xbfe5)
core   0: 0x8000a722 (0x00006f17) auipc   t5, 0x6
core   0: 3 0x8000a722 (0x00006f17) x30 0x80010722
core   0: 0x8000a726 (0x8c3f2f23) sw      gp, -1826(t5)
core   0: 3 0x8000a726 (0x8c3f2f23) mem 0x80010000 0x00000001
core   0: 0x8000a72a (0x0000bfe5) c.j     pc - 8
core   0: 3 0x8000a72a (0xbfe5)
core   0: 0x8000a722 (0x00006f17) auipc   t5, 0x6
core   0: 3 0x8000a722 (0x00006f17) x30 0x80010722
core   0: 0x8000a726 (0x8c3f2f23) sw      gp, -1826(t5)
core   0: 3 0x8000a726 (0x8c3f2f23) mem 0x80010000 0x00000001
core   0: 0x8000a72a (0x0000bfe5) c.j     pc - 8
core   0: 3 0x8000a72a (0xbfe5)
core   0: 0x8000a722 (0x00006f17) auipc   t5, 0x6
core   0: 3 0x8000a722 (0x00006f17) x30 0x80010722
core   0: 0x8000a726 (0x8c3f2f23) sw      gp, -1826(t5)
core   0: 3 0x8000a726 (0x8c3f2f23) mem 0x80010000 0x00000001
core   0: 0x8000a72a (0x0000bfe5) c.j     pc - 8
core   0: 3 0x8000a72a (0xbfe5)
core   0: 0x8000a722 (0x00006f17) auipc   t5, 0x6
core   0: 3 0x8000a722 (0x00006f17) x30 0x80010722
core   0: 0x8000a726 (0x8c3f2f23) sw      gp, -1826(t5)
core   0: 3 0x8000a726 (0x8c3f2f23) mem 0x80010000 0x00000001
core   0: 0x8000a72a (0x0000bfe5) c.j     pc - 8
core   0: 3 0x8000a72a (0xbfe5)
core   0: 0x8000a722 (0x00006f17) auipc   t5, 0x6
core   0: 3 0x8000a722 (0x00006f17) x30 0x80010722
core   0: 0x8000a726 (0x8c3f2f23) sw      gp, -1826(t5)
core   0: 3 0x8000a726 (0x8c3f2f23) mem 0x80010000 0x00000001
core   0: 0x8000a72a (0x0000bfe5) c.j     pc - 8
core   0: 3 0x8000a72a (0xbfe5)
core   0: 0x8000a722 (0x00006f17) auipc   t5, 0x6
core   0: 3 0x8000a722 (0x00006f17) x30 0x80010722
core   0: 0x8000a726 (0x8c3f2f23) sw      gp, -1826(t5)
core   0: 3 0x8000a726 (0x8c3f2f23) mem 0x80010000 0x00000001
core   0: 0x8000a72a (0x0000bfe5) c.j     pc - 8
core   0: 3 0x8000a72a (0xbfe5)
core   0: 0x8000a722 (0x00006f17) auipc   t5, 0x6
core   0: 3 0x8000a722 (0x00006f17) x30 0x80010722
core   0: 0x8000a726 (0x8c3f2f23) sw      gp, -1826(t5)
core   0: 3 0x8000a726 (0x8c3f2f23) mem 0x80010000 0x00000001
core   0: 0x8000a72a (0x0000bfe5) c.j     pc - 8
core   0: 3 0x8000a72a (0xbfe5)
core   0: 0x8000a722 (0x00006f17) auipc   t5, 0x6
core   0: 3 0x8000a722 (0x00006f17) x30 0x80010722
core   0: 0x8000a726 (0x8c3f2f23) sw      gp, -1826(t5)
core   0: 3 0x8000a726 (0x8c3f2f23) mem 0x80010000 0x00000001
core   0: 0x8000a72a (0x0000bfe5) c.j     pc - 8
core   0: 3 0x8000a72a (0xbfe5)
core   0: 0x8000a722 (0x00006f17) auipc   t5, 0x6
core   0: 3 0x8000a722 (0x00006f17) x30 0x80010722
core   0: 0x8000a726 (0x8c3f2f23) sw      gp, -1826(t5)
core   0: 3 0x8000a726 (0x8c3f2f23) mem 0x80010000 0x00000001
core   0: 0x8000a72a (0x0000bfe5) c.j     pc - 8
core   0: 3 0x8000a72a (0xbfe5)
core   0: 0x8000a722 (0x00006f17) auipc   t5, 0x6
core   0: 3 0x8000a722 (0x00006f17) x30 0x80010722
core   0: 0x8000a726 (0x8c3f2f23) sw      gp, -1826(t5)
core   0: 3 0x8000a726 (0x8c3f2f23) mem 0x80010000 0x00000001
core   0: 0x8000a72a (0x0000bfe5) c.j     pc - 8
core   0: 3 0x8000a72a (0xbfe5)
core   0: 0x8000a722 (0x00006f17) auipc   t5, 0x6
core   0: 3 0x8000a722 (0x00006f17) x30 0x80010722
core   0: 0x8000a726 (0x8c3f2f23) sw      gp, -1826(t5)
core   0: 3 0x8000a726 (0x8c3f2f23) mem 0x80010000 0x00000001
core   0: 0x8000a72a (0x0000bfe5) c.j     pc - 8
core   0: 3 0x8000a72a (0xbfe5)
core   0: 0x8000a722 (0x00006f17) auipc   t5, 0x6
core   0: 3 0x8000a722 (0x00006f17) x30 0x80010722
core   0: 0x8000a726 (0x8c3f2f23) sw      gp, -1826(t5)
core   0: 3 0x8000a726 (0x8c3f2f23) mem 0x80010000 0x00000001
core   0: 0x8000a72a (0x0000bfe5) c.j     pc - 8
core   0: 3 0x8000a72a (0xbfe5)
core   0: 0x8000a722 (0x00006f17) auipc   t5, 0x6
core   0: 3 0x8000a722 (0x00006f17) x30 0x80010722
core   0: 0x8000a726 (0x8c3f2f23) sw      gp, -1826(t5)
core   0: 3 0x8000a726 (0x8c3f2f23) mem 0x80010000 0x00000001
core   0: 0x8000a72a (0x0000bfe5) c.j     pc - 8
core   0: 3 0x8000a72a (0xbfe5)
core   0: 0x8000a722 (0x00006f17) auipc   t5, 0x6
core   0: 3 0x8000a722 (0x00006f17) x30 0x80010722
core   0: 0x8000a726 (0x8c3f2f23) sw      gp, -1826(t5)
core   0: 3 0x8000a726 (0x8c3f2f23) mem 0x80010000 0x00000001
core   0: 0x8000a72a (0x0000bfe5) c.j     pc - 8
core   0: 3 0x8000a72a (0xbfe5)
core   0: 0x8000a722 (0x00006f17) auipc   t5, 0x6
core   0: 3 0x8000a722 (0x00006f17) x30 0x80010722
core   0: 0x8000a726 (0x8c3f2f23) sw      gp, -1826(t5)
core   0: 3 0x8000a726 (0x8c3f2f23) mem 0x80010000 0x00000001
core   0: 0x8000a72a (0x0000bfe5) c.j     pc - 8
core   0: 3 0x8000a72a (0xbfe5)
core   0: 0x8000a722 (0x00006f17) auipc   t5, 0x6
core   0: 3 0x8000a722 (0x00006f17) x30 0x80010722
core   0: 0x8000a726 (0x8c3f2f23) sw      gp, -1826(t5)
core   0: 3 0x8000a726 (0x8c3f2f23) mem 0x80010000 0x00000001
core   0: 0x8000a72a (0x0000bfe5) c.j     pc - 8
core   0: 3 0x8000a72a (0xbfe5)
core   0: 0x8000a722 (0x00006f17) auipc   t5, 0x6
core   0: 3 0x8000a722 (0x00006f17) x30 0x80010722
core   0: 0x8000a726 (0x8c3f2f23) sw      gp, -1826(t5)
core   0: 3 0x8000a726 (0x8c3f2f23) mem 0x80010000 0x00000001
core   0: 0x8000a72a (0x0000bfe5) c.j     pc - 8
core   0: 3 0x8000a72a (0xbfe5)
core   0: 0x8000a722 (0x00006f17) auipc   t5, 0x6
core   0: 3 0x8000a722 (0x00006f17) x30 0x80010722
core   0: 0x8000a726 (0x8c3f2f23) sw      gp, -1826(t5)
core   0: 3 0x8000a726 (0x8c3f2f23) mem 0x80010000 0x00000001
core   0: 0x8000a72a (0x0000bfe5) c.j     pc - 8
core   0: 3 0x8000a72a (0xbfe5)
core   0: 0x8000a722 (0x00006f17) auipc   t5, 0x6
core   0: 3 0x8000a722 (0x00006f17) x30 0x80010722
core   0: 0x8000a726 (0x8c3f2f23) sw      gp, -1826(t5)
core   0: 3 0x8000a726 (0x8c3f2f23) mem 0x80010000 0x00000001
core   0: 0x8000a72a (0x0000bfe5) c.j     pc - 8
core   0: 3 0x8000a72a (0xbfe5)
core   0: 0x8000a722 (0x00006f17) auipc   t5, 0x6
core   0: 3 0x8000a722 (0x00006f17) x30 0x80010722
core   0: 0x8000a726 (0x8c3f2f23) sw      gp, -1826(t5)
core   0: 3 0x8000a726 (0x8c3f2f23) mem 0x80010000 0x00000001
core   0: 0x8000a72a (0x0000bfe5) c.j     pc - 8
core   0: 3 0x8000a72a (0xbfe5)
core   0: 0x8000a722 (0x00006f17) auipc   t5, 0x6
core   0: 3 0x8000a722 (0x00006f17) x30 0x80010722
core   0: 0x8000a726 (0x8c3f2f23) sw      gp, -1826(t5)
core   0: 3 0x8000a726 (0x8c3f2f23) mem 0x80010000 0x00000001
core   0: 0x8000a72a (0x0000bfe5) c.j     pc - 8
core   0: 3 0x8000a72a (0xbfe5)
core   0: 0x8000a722 (0x00006f17) auipc   t5, 0x6
core   0: 3 0x8000a722 (0x00006f17) x30 0x80010722
core   0: 0x8000a726 (0x8c3f2f23) sw      gp, -1826(t5)
core   0: 3 0x8000a726 (0x8c3f2f23) mem 0x80010000 0x00000001
core   0: 0x8000a72a (0x0000bfe5) c.j     pc - 8
core   0: 3 0x8000a72a (0xbfe5)
core   0: 0x8000a722 (0x00006f17) auipc   t5, 0x6
core   0: 3 0x8000a722 (0x00006f17) x30 0x80010722
core   0: 0x8000a726 (0x8c3f2f23) sw      gp, -1826(t5)
core   0: 3 0x8000a726 (0x8c3f2f23) mem 0x80010000 0x00000001
core   0: 0x8000a72a (0x0000bfe5) c.j     pc - 8
core   0: 3 0x8000a72a (0xbfe5)
core   0: 0x8000a722 (0x00006f17) auipc   t5, 0x6
core   0: 3 0x8000a722 (0x00006f17) x30 0x80010722
core   0: 0x8000a726 (0x8c3f2f23) sw      gp, -1826(t5)
core   0: 3 0x8000a726 (0x8c3f2f23) mem 0x80010000 0x00000001
core   0: 0x8000a72a (0x0000bfe5) c.j     pc - 8
core   0: 3 0x8000a72a (0xbfe5)
core   0: 0x8000a722 (0x00006f17) auipc   t5, 0x6
core   0: 3 0x8000a722 (0x00006f17) x30 0x80010722
core   0: 0x8000a726 (0x8c3f2f23) sw      gp, -1826(t5)
core   0: 3 0x8000a726 (0x8c3f2f23) mem 0x80010000 0x00000001
core   0: 0x8000a72a (0x0000bfe5) c.j     pc - 8
core   0: 3 0x8000a72a (0xbfe5)
core   0: 0x8000a722 (0x00006f17) auipc   t5, 0x6
core   0: 3 0x8000a722 (0x00006f17) x30 0x80010722
core   0: 0x8000a726 (0x8c3f2f23) sw      gp, -1826(t5)
core   0: 3 0x8000a726 (0x8c3f2f23) mem 0x80010000 0x00000001
core   0: 0x8000a72a (0x0000bfe5) c.j     pc - 8
core   0: 3 0x8000a72a (0xbfe5)
core   0: 0x8000a722 (0x00006f17) auipc   t5, 0x6
core   0: 3 0x8000a722 (0x00006f17) x30 0x80010722
core   0: 0x8000a726 (0x8c3f2f23) sw      gp, -1826(t5)
core   0: 3 0x8000a726 (0x8c3f2f23) mem 0x80010000 0x00000001
core   0: 0x8000a72a (0x0000bfe5) c.j     pc - 8
core   0: 3 0x8000a72a (0xbfe5)
core   0: 0x8000a722 (0x00006f17) auipc   t5, 0x6
core   0: 3 0x8000a722 (0x00006f17) x30 0x80010722
core   0: 0x8000a726 (0x8c3f2f23) sw      gp, -1826(t5)
core   0: 3 0x8000a726 (0x8c3f2f23) mem 0x80010000 0x00000001
core   0: 0x8000a72a (0x0000bfe5) c.j     pc - 8
core   0: 3 0x8000a72a (0xbfe5)
core   0: 0x8000a722 (0x00006f17) auipc   t5, 0x6
core   0: 3 0x8000a722 (0x00006f17) x30 0x80010722
core   0: 0x8000a726 (0x8c3f2f23) sw      gp, -1826(t5)
core   0: 3 0x8000a726 (0x8c3f2f23) mem 0x80010000 0x00000001
core   0: 0x8000a72a (0x0000bfe5) c.j     pc - 8
core   0: 3 0x8000a72a (0xbfe5)
core   0: 0x8000a722 (0x00006f17) auipc   t5, 0x6
core   0: 3 0x8000a722 (0x00006f17) x30 0x80010722
core   0: 0x8000a726 (0x8c3f2f23) sw      gp, -1826(t5)
core   0: 3 0x8000a726 (0x8c3f2f23) mem 0x80010000 0x00000001
core   0: 0x8000a72a (0x0000bfe5) c.j     pc - 8
core   0: 3 0x8000a72a (0xbfe5)
core   0: 0x8000a722 (0x00006f17) auipc   t5, 0x6
core   0: 3 0x8000a722 (0x00006f17) x30 0x80010722
core   0: 0x8000a726 (0x8c3f2f23) sw      gp, -1826(t5)
core   0: 3 0x8000a726 (0x8c3f2f23) mem 0x80010000 0x00000001
core   0: 0x8000a72a (0x0000bfe5) c.j     pc - 8
core   0: 3 0x8000a72a (0xbfe5)
core   0: 0x8000a722 (0x00006f17) auipc   t5, 0x6
core   0: 3 0x8000a722 (0x00006f17) x30 0x80010722
core   0: 0x8000a726 (0x8c3f2f23) sw      gp, -1826(t5)
core   0: 3 0x8000a726 (0x8c3f2f23) mem 0x80010000 0x00000001
core   0: 0x8000a72a (0x0000bfe5) c.j     pc - 8
core   0: 3 0x8000a72a (0xbfe5)
core   0: 0x8000a722 (0x00006f17) auipc   t5, 0x6
core   0: 3 0x8000a722 (0x00006f17) x30 0x80010722
core   0: 0x8000a726 (0x8c3f2f23) sw      gp, -1826(t5)
core   0: 3 0x8000a726 (0x8c3f2f23) mem 0x80010000 0x00000001
core   0: 0x8000a72a (0x0000bfe5) c.j     pc - 8
core   0: 3 0x8000a72a (0xbfe5)
core   0: 0x8000a722 (0x00006f17) auipc   t5, 0x6
core   0: 3 0x8000a722 (0x00006f17) x30 0x80010722
core   0: 0x8000a726 (0x8c3f2f23) sw      gp, -1826(t5)
core   0: 3 0x8000a726 (0x8c3f2f23) mem 0x80010000 0x00000001
core   0: 0x8000a72a (0x0000bfe5) c.j     pc - 8
core   0: 3 0x8000a72a (0xbfe5)
core   0: 0x8000a722 (0x00006f17) auipc   t5, 0x6
core   0: 3 0x8000a722 (0x00006f17) x30 0x80010722
core   0: 0x8000a726 (0x8c3f2f23) sw      gp, -1826(t5)
core   0: 3 0x8000a726 (0x8c3f2f23) mem 0x80010000 0x00000001
core   0: 0x8000a72a (0x0000bfe5) c.j     pc - 8
core   0: 3 0x8000a72a (0xbfe5)
core   0: 0x8000a722 (0x00006f17) auipc   t5, 0x6
core   0: 3 0x8000a722 (0x00006f17) x30 0x80010722
core   0: 0x8000a726 (0x8c3f2f23) sw      gp, -1826(t5)
core   0: 3 0x8000a726 (0x8c3f2f23) mem 0x80010000 0x00000001
core   0: 0x8000a72a (0x0000bfe5) c.j     pc - 8
core   0: 3 0x8000a72a (0xbfe5)
core   0: 0x8000a722 (0x00006f17) auipc   t5, 0x6
core   0: 3 0x8000a722 (0x00006f17) x30 0x80010722
core   0: 0x8000a726 (0x8c3f2f23) sw      gp, -1826(t5)
core   0: 3 0x8000a726 (0x8c3f2f23) mem 0x80010000 0x00000001
core   0: 0x8000a72a (0x0000bfe5) c.j     pc - 8
core   0: 3 0x8000a72a (0xbfe5)
core   0: 0x8000a722 (0x00006f17) auipc   t5, 0x6
core   0: 3 0x8000a722 (0x00006f17) x30 0x80010722
core   0: 0x8000a726 (0x8c3f2f23) sw      gp, -1826(t5)
core   0: 3 0x8000a726 (0x8c3f2f23) mem 0x80010000 0x00000001
core   0: 0x8000a72a (0x0000bfe5) c.j     pc - 8
core   0: 3 0x8000a72a (0xbfe5)
core   0: 0x8000a722 (0x00006f17) auipc   t5, 0x6
core   0: 3 0x8000a722 (0x00006f17) x30 0x80010722
core   0: 0x8000a726 (0x8c3f2f23) sw      gp, -1826(t5)
core   0: 3 0x8000a726 (0x8c3f2f23) mem 0x80010000 0x00000001
core   0: 0x8000a72a (0x0000bfe5) c.j     pc - 8
core   0: 3 0x8000a72a (0xbfe5)
core   0: 0x8000a722 (0x00006f17) auipc   t5, 0x6
core   0: 3 0x8000a722 (0x00006f17) x30 0x80010722
core   0: 0x8000a726 (0x8c3f2f23) sw      gp, -1826(t5)
core   0: 3 0x8000a726 (0x8c3f2f23) mem 0x80010000 0x00000001
core   0: 0x8000a72a (0x0000bfe5) c.j     pc - 8
core   0: 3 0x8000a72a (0xbfe5)
core   0: 0x8000a722 (0x00006f17) auipc   t5, 0x6
core   0: 3 0x8000a722 (0x00006f17) x30 0x80010722
core   0: 0x8000a726 (0x8c3f2f23) sw      gp, -1826(t5)
core   0: 3 0x8000a726 (0x8c3f2f23) mem 0x80010000 0x00000001
core   0: 0x8000a72a (0x0000bfe5) c.j     pc - 8
core   0: 3 0x8000a72a (0xbfe5)
core   0: 0x8000a722 (0x00006f17) auipc   t5, 0x6
core   0: 3 0x8000a722 (0x00006f17) x30 0x80010722
core   0: 0x8000a726 (0x8c3f2f23) sw      gp, -1826(t5)
core   0: 3 0x8000a726 (0x8c3f2f23) mem 0x80010000 0x00000001
core   0: 0x8000a72a (0x0000bfe5) c.j     pc - 8
core   0: 3 0x8000a72a (0xbfe5)
core   0: 0x8000a722 (0x00006f17) auipc   t5, 0x6
core   0: 3 0x8000a722 (0x00006f17) x30 0x80010722
core   0: 0x8000a726 (0x8c3f2f23) sw      gp, -1826(t5)
core   0: 3 0x8000a726 (0x8c3f2f23) mem 0x80010000 0x00000001
core   0: 0x8000a72a (0x0000bfe5) c.j     pc - 8
core   0: 3 0x8000a72a (0xbfe5)
core   0: 0x8000a722 (0x00006f17) auipc   t5, 0x6
core   0: 3 0x8000a722 (0x00006f17) x30 0x80010722
core   0: 0x8000a726 (0x8c3f2f23) sw      gp, -1826(t5)
core   0: 3 0x8000a726 (0x8c3f2f23) mem 0x80010000 0x00000001
core   0: 0x8000a72a (0x0000bfe5) c.j     pc - 8
core   0: 3 0x8000a72a (0xbfe5)
core   0: 0x8000a722 (0x00006f17) auipc   t5, 0x6
core   0: 3 0x8000a722 (0x00006f17) x30 0x80010722
core   0: 0x8000a726 (0x8c3f2f23) sw      gp, -1826(t5)
core   0: 3 0x8000a726 (0x8c3f2f23) mem 0x80010000 0x00000001
core   0: 0x8000a72a (0x0000bfe5) c.j     pc - 8
core   0: 3 0x8000a72a (0xbfe5)
core   0: 0x8000a722 (0x00006f17) auipc   t5, 0x6
core   0: 3 0x8000a722 (0x00006f17) x30 0x80010722
core   0: 0x8000a726 (0x8c3f2f23) sw      gp, -1826(t5)
core   0: 3 0x8000a726 (0x8c3f2f23) mem 0x80010000 0x00000001
core   0: 0x8000a72a (0x0000bfe5) c.j     pc - 8
core   0: 3 0x8000a72a (0xbfe5)
core   0: 0x8000a722 (0x00006f17) auipc   t5, 0x6
core   0: 3 0x8000a722 (0x00006f17) x30 0x80010722
core   0: 0x8000a726 (0x8c3f2f23) sw      gp, -1826(t5)
core   0: 3 0x8000a726 (0x8c3f2f23) mem 0x80010000 0x00000001
core   0: 0x8000a72a (0x0000bfe5) c.j     pc - 8
core   0: 3 0x8000a72a (0xbfe5)
core   0: 0x8000a722 (0x00006f17) auipc   t5, 0x6
core   0: 3 0x8000a722 (0x00006f17) x30 0x80010722
core   0: 0x8000a726 (0x8c3f2f23) sw      gp, -1826(t5)
core   0: 3 0x8000a726 (0x8c3f2f23) mem 0x80010000 0x00000001
core   0: 0x8000a72a (0x0000bfe5) c.j     pc - 8
core   0: 3 0x8000a72a (0xbfe5)
core   0: 0x8000a722 (0x00006f17) auipc   t5, 0x6
core   0: 3 0x8000a722 (0x00006f17) x30 0x80010722
core   0: 0x8000a726 (0x8c3f2f23) sw      gp, -1826(t5)
core   0: 3 0x8000a726 (0x8c3f2f23) mem 0x80010000 0x00000001
core   0: 0x8000a72a (0x0000bfe5) c.j     pc - 8
core   0: 3 0x8000a72a (0xbfe5)
core   0: 0x8000a722 (0x00006f17) auipc   t5, 0x6
core   0: 3 0x8000a722 (0x00006f17) x30 0x80010722
core   0: 0x8000a726 (0x8c3f2f23) sw      gp, -1826(t5)
core   0: 3 0x8000a726 (0x8c3f2f23) mem 0x80010000 0x00000001
core   0: 0x8000a72a (0x0000bfe5) c.j     pc - 8
core   0: 3 0x8000a72a (0xbfe5)
core   0: 0x8000a722 (0x00006f17) auipc   t5, 0x6
core   0: 3 0x8000a722 (0x00006f17) x30 0x80010722
core   0: 0x8000a726 (0x8c3f2f23) sw      gp, -1826(t5)
core   0: 3 0x8000a726 (0x8c3f2f23) mem 0x80010000 0x00000001
core   0: 0x8000a72a (0x0000bfe5) c.j     pc - 8
core   0: 3 0x8000a72a (0xbfe5)
core   0: 0x8000a722 (0x00006f17) auipc   t5, 0x6
core   0: 3 0x8000a722 (0x00006f17) x30 0x80010722
core   0: 0x8000a726 (0x8c3f2f23) sw      gp, -1826(t5)
core   0: 3 0x8000a726 (0x8c3f2f23) mem 0x80010000 0x00000001
core   0: 0x8000a72a (0x0000bfe5) c.j     pc - 8
core   0: 3 0x8000a72a (0xbfe5)
core   0: 0x8000a722 (0x00006f17) auipc   t5, 0x6
core   0: 3 0x8000a722 (0x00006f17) x30 0x80010722
core   0: 0x8000a726 (0x8c3f2f23) sw      gp, -1826(t5)
core   0: 3 0x8000a726 (0x8c3f2f23) mem 0x80010000 0x00000001
core   0: 0x8000a72a (0x0000bfe5) c.j     pc - 8
core   0: 3 0x8000a72a (0xbfe5)
core   0: 0x8000a722 (0x00006f17) auipc   t5, 0x6
core   0: 3 0x8000a722 (0x00006f17) x30 0x80010722
core   0: 0x8000a726 (0x8c3f2f23) sw      gp, -1826(t5)
core   0: 3 0x8000a726 (0x8c3f2f23) mem 0x80010000 0x00000001
core   0: 0x8000a72a (0x0000bfe5) c.j     pc - 8
core   0: 3 0x8000a72a (0xbfe5)
core   0: 0x8000a722 (0x00006f17) auipc   t5, 0x6
core   0: 3 0x8000a722 (0x00006f17) x30 0x80010722
core   0: 0x8000a726 (0x8c3f2f23) sw      gp, -1826(t5)
core   0: 3 0x8000a726 (0x8c3f2f23) mem 0x80010000 0x00000001
core   0: 0x8000a72a (0x0000bfe5) c.j     pc - 8
core   0: 3 0x8000a72a (0xbfe5)
core   0: 0x8000a722 (0x00006f17) auipc   t5, 0x6
core   0: 3 0x8000a722 (0x00006f17) x30 0x80010722
core   0: 0x8000a726 (0x8c3f2f23) sw      gp, -1826(t5)
core   0: 3 0x8000a726 (0x8c3f2f23) mem 0x80010000 0x00000001
core   0: 0x8000a72a (0x0000bfe5) c.j     pc - 8
core   0: 3 0x8000a72a (0xbfe5)
core   0: 0x8000a722 (0x00006f17) auipc   t5, 0x6
core   0: 3 0x8000a722 (0x00006f17) x30 0x80010722
core   0: 0x8000a726 (0x8c3f2f23) sw      gp, -1826(t5)
core   0: 3 0x8000a726 (0x8c3f2f23) mem 0x80010000 0x00000001
core   0: 0x8000a72a (0x0000bfe5) c.j     pc - 8
core   0: 3 0x8000a72a (0xbfe5)
core   0: 0x8000a722 (0x00006f17) auipc   t5, 0x6
core   0: 3 0x8000a722 (0x00006f17) x30 0x80010722
core   0: 0x8000a726 (0x8c3f2f23) sw      gp, -1826(t5)
core   0: 3 0x8000a726 (0x8c3f2f23) mem 0x80010000 0x00000001
core   0: 0x8000a72a (0x0000bfe5) c.j     pc - 8
core   0: 3 0x8000a72a (0xbfe5)
core   0: 0x8000a722 (0x00006f17) auipc   t5, 0x6
core   0: 3 0x8000a722 (0x00006f17) x30 0x80010722
core   0: 0x8000a726 (0x8c3f2f23) sw      gp, -1826(t5)
core   0: 3 0x8000a726 (0x8c3f2f23) mem 0x80010000 0x00000001
core   0: 0x8000a72a (0x0000bfe5) c.j     pc - 8
core   0: 3 0x8000a72a (0xbfe5)
core   0: 0x8000a722 (0x00006f17) auipc   t5, 0x6
core   0: 3 0x8000a722 (0x00006f17) x30 0x80010722
core   0: 0x8000a726 (0x8c3f2f23) sw      gp, -1826(t5)
core   0: 3 0x8000a726 (0x8c3f2f23) mem 0x80010000 0x00000001
core   0: 0x8000a72a (0x0000bfe5) c.j     pc - 8
core   0: 3 0x8000a72a (0xbfe5)
core   0: 0x8000a722 (0x00006f17) auipc   t5, 0x6
core   0: 3 0x8000a722 (0x00006f17) x30 0x80010722
core   0: 0x8000a726 (0x8c3f2f23) sw      gp, -1826(t5)
core   0: 3 0x8000a726 (0x8c3f2f23) mem 0x80010000 0x00000001
core   0: 0x8000a72a (0x0000bfe5) c.j     pc - 8
core   0: 3 0x8000a72a (0xbfe5)
core   0: 0x8000a722 (0x00006f17) auipc   t5, 0x6
core   0: 3 0x8000a722 (0x00006f17) x30 0x80010722
core   0: 0x8000a726 (0x8c3f2f23) sw      gp, -1826(t5)
core   0: 3 0x8000a726 (0x8c3f2f23) mem 0x80010000 0x00000001
core   0: 0x8000a72a (0x0000bfe5) c.j     pc - 8
core   0: 3 0x8000a72a (0xbfe5)
core   0: 0x8000a722 (0x00006f17) auipc   t5, 0x6
core   0: 3 0x8000a722 (0x00006f17) x30 0x80010722
core   0: 0x8000a726 (0x8c3f2f23) sw      gp, -1826(t5)
core   0: 3 0x8000a726 (0x8c3f2f23) mem 0x80010000 0x00000001
core   0: 0x8000a72a (0x0000bfe5) c.j     pc - 8
core   0: 3 0x8000a72a (0xbfe5)
core   0: 0x8000a722 (0x00006f17) auipc   t5, 0x6
core   0: 3 0x8000a722 (0x00006f17) x30 0x80010722
core   0: 0x8000a726 (0x8c3f2f23) sw      gp, -1826(t5)
core   0: 3 0x8000a726 (0x8c3f2f23) mem 0x80010000 0x00000001
core   0: 0x8000a72a (0x0000bfe5) c.j     pc - 8
core   0: 3 0x8000a72a (0xbfe5)
core   0: 0x8000a722 (0x00006f17) auipc   t5, 0x6
core   0: 3 0x8000a722 (0x00006f17) x30 0x80010722
core   0: 0x8000a726 (0x8c3f2f23) sw      gp, -1826(t5)
core   0: 3 0x8000a726 (0x8c3f2f23) mem 0x80010000 0x00000001
core   0: 0x8000a72a (0x0000bfe5) c.j     pc - 8
core   0: 3 0x8000a72a (0xbfe5)
core   0: 0x8000a722 (0x00006f17) auipc   t5, 0x6
core   0: 3 0x8000a722 (0x00006f17) x30 0x80010722
core   0: 0x8000a726 (0x8c3f2f23) sw      gp, -1826(t5)
core   0: 3 0x8000a726 (0x8c3f2f23) mem 0x80010000 0x00000001
core   0: 0x8000a72a (0x0000bfe5) c.j     pc - 8
core   0: 3 0x8000a72a (0xbfe5)
core   0: 0x8000a722 (0x00006f17) auipc   t5, 0x6
core   0: 3 0x8000a722 (0x00006f17) x30 0x80010722
core   0: 0x8000a726 (0x8c3f2f23) sw      gp, -1826(t5)
core   0: 3 0x8000a726 (0x8c3f2f23) mem 0x80010000 0x00000001
core   0: 0x8000a72a (0x0000bfe5) c.j     pc - 8
core   0: 3 0x8000a72a (0xbfe5)
core   0: 0x8000a722 (0x00006f17) auipc   t5, 0x6
core   0: 3 0x8000a722 (0x00006f17) x30 0x80010722
core   0: 0x8000a726 (0x8c3f2f23) sw      gp, -1826(t5)
core   0: 3 0x8000a726 (0x8c3f2f23) mem 0x80010000 0x00000001
core   0: 0x8000a72a (0x0000bfe5) c.j     pc - 8
core   0: 3 0x8000a72a (0xbfe5)
core   0: 0x8000a722 (0x00006f17) auipc   t5, 0x6
core   0: 3 0x8000a722 (0x00006f17) x30 0x80010722
core   0: 0x8000a726 (0x8c3f2f23) sw      gp, -1826(t5)
core   0: 3 0x8000a726 (0x8c3f2f23) mem 0x80010000 0x00000001
core   0: 0x8000a72a (0x0000bfe5) c.j     pc - 8
core   0: 3 0x8000a72a (0xbfe5)
core   0: 0x8000a722 (0x00006f17) auipc   t5, 0x6
core   0: 3 0x8000a722 (0x00006f17) x30 0x80010722
core   0: 0x8000a726 (0x8c3f2f23) sw      gp, -1826(t5)
core   0: 3 0x8000a726 (0x8c3f2f23) mem 0x80010000 0x00000001
core   0: 0x8000a72a (0x0000bfe5) c.j     pc - 8
core   0: 3 0x8000a72a (0xbfe5)
core   0: 0x8000a722 (0x00006f17) auipc   t5, 0x6
core   0: 3 0x8000a722 (0x00006f17) x30 0x80010722
core   0: 0x8000a726 (0x8c3f2f23) sw      gp, -1826(t5)
core   0: 3 0x8000a726 (0x8c3f2f23) mem 0x80010000 0x00000001
core   0: 0x8000a72a (0x0000bfe5) c.j     pc - 8
core   0: 3 0x8000a72a (0xbfe5)
core   0: 0x8000a722 (0x00006f17) auipc   t5, 0x6
core   0: 3 0x8000a722 (0x00006f17) x30 0x80010722
core   0: 0x8000a726 (0x8c3f2f23) sw      gp, -1826(t5)
core   0: 3 0x8000a726 (0x8c3f2f23) mem 0x80010000 0x00000001
core   0: 0x8000a72a (0x0000bfe5) c.j     pc - 8
core   0: 3 0x8000a72a (0xbfe5)
core   0: 0x8000a722 (0x00006f17) auipc   t5, 0x6
core   0: 3 0x8000a722 (0x00006f17) x30 0x80010722
core   0: 0x8000a726 (0x8c3f2f23) sw      gp, -1826(t5)
core   0: 3 0x8000a726 (0x8c3f2f23) mem 0x80010000 0x00000001
core   0: 0x8000a72a (0x0000bfe5) c.j     pc - 8
core   0: 3 0x8000a72a (0xbfe5)
core   0: 0x8000a722 (0x00006f17) auipc   t5, 0x6
core   0: 3 0x8000a722 (0x00006f17) x30 0x80010722
core   0: 0x8000a726 (0x8c3f2f23) sw      gp, -1826(t5)
core   0: 3 0x8000a726 (0x8c3f2f23) mem 0x80010000 0x00000001
core   0: 0x8000a72a (0x0000bfe5) c.j     pc - 8
core   0: 3 0x8000a72a (0xbfe5)
core   0: 0x8000a722 (0x00006f17) auipc   t5, 0x6
core   0: 3 0x8000a722 (0x00006f17) x30 0x80010722
core   0: 0x8000a726 (0x8c3f2f23) sw      gp, -1826(t5)
core   0: 3 0x8000a726 (0x8c3f2f23) mem 0x80010000 0x00000001
core   0: 0x8000a72a (0x0000bfe5) c.j     pc - 8
core   0: 3 0x8000a72a (0xbfe5)
core   0: 0x8000a722 (0x00006f17) auipc   t5, 0x6
core   0: 3 0x8000a722 (0x00006f17) x30 0x80010722
core   0: 0x8000a726 (0x8c3f2f23) sw      gp, -1826(t5)
core   0: 3 0x8000a726 (0x8c3f2f23) mem 0x80010000 0x00000001
core   0: 0x8000a72a (0x0000bfe5) c.j     pc - 8
core   0: 3 0x8000a72a (0xbfe5)
core   0: 0x8000a722 (0x00006f17) auipc   t5, 0x6
core   0: 3 0x8000a722 (0x00006f17) x30 0x80010722
core   0: 0x8000a726 (0x8c3f2f23) sw      gp, -1826(t5)
core   0: 3 0x8000a726 (0x8c3f2f23) mem 0x80010000 0x00000001
core   0: 0x8000a72a (0x0000bfe5) c.j     pc - 8
core   0: 3 0x8000a72a (0xbfe5)
core   0: 0x8000a722 (0x00006f17) auipc   t5, 0x6
core   0: 3 0x8000a722 (0x00006f17) x30 0x80010722
core   0: 0x8000a726 (0x8c3f2f23) sw      gp, -1826(t5)
core   0: 3 0x8000a726 (0x8c3f2f23) mem 0x80010000 0x00000001
core   0: 0x8000a72a (0x0000bfe5) c.j     pc - 8
core   0: 3 0x8000a72a (0xbfe5)
core   0: 0x8000a722 (0x00006f17) auipc   t5, 0x6
core   0: 3 0x8000a722 (0x00006f17) x30 0x80010722
core   0: 0x8000a726 (0x8c3f2f23) sw      gp, -1826(t5)
core   0: 3 0x8000a726 (0x8c3f2f23) mem 0x80010000 0x00000001
core   0: 0x8000a72a (0x0000bfe5) c.j     pc - 8
core   0: 3 0x8000a72a (0xbfe5)
core   0: 0x8000a722 (0x00006f17) auipc   t5, 0x6
core   0: 3 0x8000a722 (0x00006f17) x30 0x80010722
core   0: 0x8000a726 (0x8c3f2f23) sw      gp, -1826(t5)
core   0: 3 0x8000a726 (0x8c3f2f23) mem 0x80010000 0x00000001
core   0: 0x8000a72a (0x0000bfe5) c.j     pc - 8
core   0: 3 0x8000a72a (0xbfe5)
core   0: 0x8000a722 (0x00006f17) auipc   t5, 0x6
core   0: 3 0x8000a722 (0x00006f17) x30 0x80010722
core   0: 0x8000a726 (0x8c3f2f23) sw      gp, -1826(t5)
core   0: 3 0x8000a726 (0x8c3f2f23) mem 0x80010000 0x00000001
core   0: 0x8000a72a (0x0000bfe5) c.j     pc - 8
core   0: 3 0x8000a72a (0xbfe5)
core   0: 0x8000a722 (0x00006f17) auipc   t5, 0x6
core   0: 3 0x8000a722 (0x00006f17) x30 0x80010722
core   0: 0x8000a726 (0x8c3f2f23) sw      gp, -1826(t5)
core   0: 3 0x8000a726 (0x8c3f2f23) mem 0x80010000 0x00000001
core   0: 0x8000a72a (0x0000bfe5) c.j     pc - 8
core   0: 3 0x8000a72a (0xbfe5)
core   0: 0x8000a722 (0x00006f17) auipc   t5, 0x6
core   0: 3 0x8000a722 (0x00006f17) x30 0x80010722
core   0: 0x8000a726 (0x8c3f2f23) sw      gp, -1826(t5)
core   0: 3 0x8000a726 (0x8c3f2f23) mem 0x80010000 0x00000001
core   0: 0x8000a72a (0x0000bfe5) c.j     pc - 8
core   0: 3 0x8000a72a (0xbfe5)
core   0: 0x8000a722 (0x00006f17) auipc   t5, 0x6
core   0: 3 0x8000a722 (0x00006f17) x30 0x80010722
core   0: 0x8000a726 (0x8c3f2f23) sw      gp, -1826(t5)
core   0: 3 0x8000a726 (0x8c3f2f23) mem 0x80010000 0x00000001
core   0: 0x8000a72a (0x0000bfe5) c.j     pc - 8
core   0: 3 0x8000a72a (0xbfe5)
core   0: 0x8000a722 (0x00006f17) auipc   t5, 0x6
core   0: 3 0x8000a722 (0x00006f17) x30 0x80010722
core   0: 0x8000a726 (0x8c3f2f23) sw      gp, -1826(t5)
core   0: 3 0x8000a726 (0x8c3f2f23) mem 0x80010000 0x00000001
core   0: 0x8000a72a (0x0000bfe5) c.j     pc - 8
core   0: 3 0x8000a72a (0xbfe5)
core   0: 0x8000a722 (0x00006f17) auipc   t5, 0x6
core   0: 3 0x8000a722 (0x00006f17) x30 0x80010722
core   0: 0x8000a726 (0x8c3f2f23) sw      gp, -1826(t5)
core   0: 3 0x8000a726 (0x8c3f2f23) mem 0x80010000 0x00000001
core   0: 0x8000a72a (0x0000bfe5) c.j     pc - 8
core   0: 3 0x8000a72a (0xbfe5)
core   0: 0x8000a722 (0x00006f17) auipc   t5, 0x6
core   0: 3 0x8000a722 (0x00006f17) x30 0x80010722
core   0: 0x8000a726 (0x8c3f2f23) sw      gp, -1826(t5)
core   0: 3 0x8000a726 (0x8c3f2f23) mem 0x80010000 0x00000001
core   0: 0x8000a72a (0x0000bfe5) c.j     pc - 8
core   0: 3 0x8000a72a (0xbfe5)
core   0: 0x8000a722 (0x00006f17) auipc   t5, 0x6
core   0: 3 0x8000a722 (0x00006f17) x30 0x80010722
core   0: 0x8000a726 (0x8c3f2f23) sw      gp, -1826(t5)
core   0: 3 0x8000a726 (0x8c3f2f23) mem 0x80010000 0x00000001
core   0: 0x8000a72a (0x0000bfe5) c.j     pc - 8
core   0: 3 0x8000a72a (0xbfe5)
core   0: 0x8000a722 (0x00006f17) auipc   t5, 0x6
core   0: 3 0x8000a722 (0x00006f17) x30 0x80010722
core   0: 0x8000a726 (0x8c3f2f23) sw      gp, -1826(t5)
core   0: 3 0x8000a726 (0x8c3f2f23) mem 0x80010000 0x00000001
core   0: 0x8000a72a (0x0000bfe5) c.j     pc - 8
core   0: 3 0x8000a72a (0xbfe5)
core   0: 0x8000a722 (0x00006f17) auipc   t5, 0x6
core   0: 3 0x8000a722 (0x00006f17) x30 0x80010722
core   0: 0x8000a726 (0x8c3f2f23) sw      gp, -1826(t5)
core   0: 3 0x8000a726 (0x8c3f2f23) mem 0x80010000 0x00000001
core   0: 0x8000a72a (0x0000bfe5) c.j     pc - 8
core   0: 3 0x8000a72a (0xbfe5)
core   0: 0x8000a722 (0x00006f17) auipc   t5, 0x6
core   0: 3 0x8000a722 (0x00006f17) x30 0x80010722
core   0: 0x8000a726 (0x8c3f2f23) sw      gp, -1826(t5)
core   0: 3 0x8000a726 (0x8c3f2f23) mem 0x80010000 0x00000001
core   0: 0x8000a72a (0x0000bfe5) c.j     pc - 8
core   0: 3 0x8000a72a (0xbfe5)
core   0: 0x8000a722 (0x00006f17) auipc   t5, 0x6
core   0: 3 0x8000a722 (0x00006f17) x30 0x80010722
core   0: 0x8000a726 (0x8c3f2f23) sw      gp, -1826(t5)
core   0: 3 0x8000a726 (0x8c3f2f23) mem 0x80010000 0x00000001
core   0: 0x8000a72a (0x0000bfe5) c.j     pc - 8
core   0: 3 0x8000a72a (0xbfe5)
core   0: 0x8000a722 (0x00006f17) auipc   t5, 0x6
core   0: 3 0x8000a722 (0x00006f17) x30 0x80010722
core   0: 0x8000a726 (0x8c3f2f23) sw      gp, -1826(t5)
core   0: 3 0x8000a726 (0x8c3f2f23) mem 0x80010000 0x00000001
core   0: 0x8000a72a (0x0000bfe5) c.j     pc - 8
core   0: 3 0x8000a72a (0xbfe5)
core   0: 0x8000a722 (0x00006f17) auipc   t5, 0x6
core   0: 3 0x8000a722 (0x00006f17) x30 0x80010722
core   0: 0x8000a726 (0x8c3f2f23) sw      gp, -1826(t5)
core   0: 3 0x8000a726 (0x8c3f2f23) mem 0x80010000 0x00000001
core   0: 0x8000a72a (0x0000bfe5) c.j     pc - 8
core   0: 3 0x8000a72a (0xbfe5)
core   0: 0x8000a722 (0x00006f17) auipc   t5, 0x6
core   0: 3 0x8000a722 (0x00006f17) x30 0x80010722
core   0: 0x8000a726 (0x8c3f2f23) sw      gp, -1826(t5)
core   0: 3 0x8000a726 (0x8c3f2f23) mem 0x80010000 0x00000001
core   0: 0x8000a72a (0x0000bfe5) c.j     pc - 8
core   0: 3 0x8000a72a (0xbfe5)
core   0: 0x8000a722 (0x00006f17) auipc   t5, 0x6
core   0: 3 0x8000a722 (0x00006f17) x30 0x80010722
core   0: 0x8000a726 (0x8c3f2f23) sw      gp, -1826(t5)
core   0: 3 0x8000a726 (0x8c3f2f23) mem 0x80010000 0x00000001
core   0: 0x8000a72a (0x0000bfe5) c.j     pc - 8
core   0: 3 0x8000a72a (0xbfe5)
core   0: 0x8000a722 (0x00006f17) auipc   t5, 0x6
core   0: 3 0x8000a722 (0x00006f17) x30 0x80010722
core   0: 0x8000a726 (0x8c3f2f23) sw      gp, -1826(t5)
core   0: 3 0x8000a726 (0x8c3f2f23) mem 0x80010000 0x00000001
core   0: 0x8000a72a (0x0000bfe5) c.j     pc - 8
core   0: 3 0x8000a72a (0xbfe5)
core   0: 0x8000a722 (0x00006f17) auipc   t5, 0x6
core   0: 3 0x8000a722 (0x00006f17) x30 0x80010722
core   0: 0x8000a726 (0x8c3f2f23) sw      gp, -1826(t5)
core   0: 3 0x8000a726 (0x8c3f2f23) mem 0x80010000 0x00000001
core   0: 0x8000a72a (0x0000bfe5) c.j     pc - 8
core   0: 3 0x8000a72a (0xbfe5)
core   0: 0x8000a722 (0x00006f17) auipc   t5, 0x6
core   0: 3 0x8000a722 (0x00006f17) x30 0x80010722
core   0: 0x8000a726 (0x8c3f2f23) sw      gp, -1826(t5)
core   0: 3 0x8000a726 (0x8c3f2f23) mem 0x80010000 0x00000001
core   0: 0x8000a72a (0x0000bfe5) c.j     pc - 8
core   0: 3 0x8000a72a (0xbfe5)
core   0: 0x8000a722 (0x00006f17) auipc   t5, 0x6
core   0: 3 0x8000a722 (0x00006f17) x30 0x80010722
core   0: 0x8000a726 (0x8c3f2f23) sw      gp, -1826(t5)
core   0: 3 0x8000a726 (0x8c3f2f23) mem 0x80010000 0x00000001
core   0: 0x8000a72a (0x0000bfe5) c.j     pc - 8
core   0: 3 0x8000a72a (0xbfe5)
core   0: 0x8000a722 (0x00006f17) auipc   t5, 0x6
core   0: 3 0x8000a722 (0x00006f17) x30 0x80010722
core   0: 0x8000a726 (0x8c3f2f23) sw      gp, -1826(t5)
core   0: 3 0x8000a726 (0x8c3f2f23) mem 0x80010000 0x00000001
core   0: 0x8000a72a (0x0000bfe5) c.j     pc - 8
core   0: 3 0x8000a72a (0xbfe5)
core   0: 0x8000a722 (0x00006f17) auipc   t5, 0x6
core   0: 3 0x8000a722 (0x00006f17) x30 0x80010722
core   0: 0x8000a726 (0x8c3f2f23) sw      gp, -1826(t5)
core   0: 3 0x8000a726 (0x8c3f2f23) mem 0x80010000 0x00000001
core   0: 0x8000a72a (0x0000bfe5) c.j     pc - 8
core   0: 3 0x8000a72a (0xbfe5)
core   0: 0x8000a722 (0x00006f17) auipc   t5, 0x6
core   0: 3 0x8000a722 (0x00006f17) x30 0x80010722
core   0: 0x8000a726 (0x8c3f2f23) sw      gp, -1826(t5)
core   0: 3 0x8000a726 (0x8c3f2f23) mem 0x80010000 0x00000001
core   0: 0x8000a72a (0x0000bfe5) c.j     pc - 8
core   0: 3 0x8000a72a (0xbfe5)
core   0: 0x8000a722 (0x00006f17) auipc   t5, 0x6
core   0: 3 0x8000a722 (0x00006f17) x30 0x80010722
core   0: 0x8000a726 (0x8c3f2f23) sw      gp, -1826(t5)
core   0: 3 0x8000a726 (0x8c3f2f23) mem 0x80010000 0x00000001
core   0: 0x8000a72a (0x0000bfe5) c.j     pc - 8
core   0: 3 0x8000a72a (0xbfe5)
core   0: 0x8000a722 (0x00006f17) auipc   t5, 0x6
core   0: 3 0x8000a722 (0x00006f17) x30 0x80010722
core   0: 0x8000a726 (0x8c3f2f23) sw      gp, -1826(t5)
core   0: 3 0x8000a726 (0x8c3f2f23) mem 0x80010000 0x00000001
core   0: 0x8000a72a (0x0000bfe5) c.j     pc - 8
core   0: 3 0x8000a72a (0xbfe5)
core   0: 0x8000a722 (0x00006f17) auipc   t5, 0x6
core   0: 3 0x8000a722 (0x00006f17) x30 0x80010722
core   0: 0x8000a726 (0x8c3f2f23) sw      gp, -1826(t5)
core   0: 3 0x8000a726 (0x8c3f2f23) mem 0x80010000 0x00000001
core   0: 0x8000a72a (0x0000bfe5) c.j     pc - 8
core   0: 3 0x8000a72a (0xbfe5)
core   0: 0x8000a722 (0x00006f17) auipc   t5, 0x6
core   0: 3 0x8000a722 (0x00006f17) x30 0x80010722
core   0: 0x8000a726 (0x8c3f2f23) sw      gp, -1826(t5)
core   0: 3 0x8000a726 (0x8c3f2f23) mem 0x80010000 0x00000001
core   0: 0x8000a72a (0x0000bfe5) c.j     pc - 8
core   0: 3 0x8000a72a (0xbfe5)
core   0: 0x8000a722 (0x00006f17) auipc   t5, 0x6
core   0: 3 0x8000a722 (0x00006f17) x30 0x80010722
core   0: 0x8000a726 (0x8c3f2f23) sw      gp, -1826(t5)
core   0: 3 0x8000a726 (0x8c3f2f23) mem 0x80010000 0x00000001
core   0: 0x8000a72a (0x0000bfe5) c.j     pc - 8
core   0: 3 0x8000a72a (0xbfe5)
core   0: 0x8000a722 (0x00006f17) auipc   t5, 0x6
core   0: 3 0x8000a722 (0x00006f17) x30 0x80010722
core   0: 0x8000a726 (0x8c3f2f23) sw      gp, -1826(t5)
core   0: 3 0x8000a726 (0x8c3f2f23) mem 0x80010000 0x00000001
core   0: 0x8000a72a (0x0000bfe5) c.j     pc - 8
core   0: 3 0x8000a72a (0xbfe5)
core   0: 0x8000a722 (0x00006f17) auipc   t5, 0x6
core   0: 3 0x8000a722 (0x00006f17) x30 0x80010722
core   0: 0x8000a726 (0x8c3f2f23) sw      gp, -1826(t5)
core   0: 3 0x8000a726 (0x8c3f2f23) mem 0x80010000 0x00000001
core   0: 0x8000a72a (0x0000bfe5) c.j     pc - 8
core   0: 3 0x8000a72a (0xbfe5)
core   0: 0x8000a722 (0x00006f17) auipc   t5, 0x6
core   0: 3 0x8000a722 (0x00006f17) x30 0x80010722
core   0: 0x8000a726 (0x8c3f2f23) sw      gp, -1826(t5)
core   0: 3 0x8000a726 (0x8c3f2f23) mem 0x80010000 0x00000001
core   0: 0x8000a72a (0x0000bfe5) c.j     pc - 8
core   0: 3 0x8000a72a (0xbfe5)
core   0: 0x8000a722 (0x00006f17) auipc   t5, 0x6
core   0: 3 0x8000a722 (0x00006f17) x30 0x80010722
core   0: 0x8000a726 (0x8c3f2f23) sw      gp, -1826(t5)
core   0: 3 0x8000a726 (0x8c3f2f23) mem 0x80010000 0x00000001
core   0: 0x8000a72a (0x0000bfe5) c.j     pc - 8
core   0: 3 0x8000a72a (0xbfe5)
core   0: 0x8000a722 (0x00006f17) auipc   t5, 0x6
core   0: 3 0x8000a722 (0x00006f17) x30 0x80010722
core   0: 0x8000a726 (0x8c3f2f23) sw      gp, -1826(t5)
core   0: 3 0x8000a726 (0x8c3f2f23) mem 0x80010000 0x00000001
core   0: 0x8000a72a (0x0000bfe5) c.j     pc - 8
core   0: 3 0x8000a72a (0xbfe5)
core   0: 0x8000a722 (0x00006f17) auipc   t5, 0x6
core   0: 3 0x8000a722 (0x00006f17) x30 0x80010722
core   0: 0x8000a726 (0x8c3f2f23) sw      gp, -1826(t5)
core   0: 3 0x8000a726 (0x8c3f2f23) mem 0x80010000 0x00000001
core   0: 0x8000a72a (0x0000bfe5) c.j     pc - 8
core   0: 3 0x8000a72a (0xbfe5)
core   0: 0x8000a722 (0x00006f17) auipc   t5, 0x6
core   0: 3 0x8000a722 (0x00006f17) x30 0x80010722
core   0: 0x8000a726 (0x8c3f2f23) sw      gp, -1826(t5)
core   0: 3 0x8000a726 (0x8c3f2f23) mem 0x80010000 0x00000001
core   0: 0x8000a72a (0x0000bfe5) c.j     pc - 8
core   0: 3 0x8000a72a (0xbfe5)
core   0: 0x8000a722 (0x00006f17) auipc   t5, 0x6
core   0: 3 0x8000a722 (0x00006f17) x30 0x80010722
core   0: 0x8000a726 (0x8c3f2f23) sw      gp, -1826(t5)
core   0: 3 0x8000a726 (0x8c3f2f23) mem 0x80010000 0x00000001
core   0: 0x8000a72a (0x0000bfe5) c.j     pc - 8
core   0: 3 0x8000a72a (0xbfe5)
core   0: 0x8000a722 (0x00006f17) auipc   t5, 0x6
core   0: 3 0x8000a722 (0x00006f17) x30 0x80010722
core   0: 0x8000a726 (0x8c3f2f23) sw      gp, -1826(t5)
core   0: 3 0x8000a726 (0x8c3f2f23) mem 0x80010000 0x00000001
core   0: 0x8000a72a (0x0000bfe5) c.j     pc - 8
core   0: 3 0x8000a72a (0xbfe5)
core   0: 0x8000a722 (0x00006f17) auipc   t5, 0x6
core   0: 3 0x8000a722 (0x00006f17) x30 0x80010722
core   0: 0x8000a726 (0x8c3f2f23) sw      gp, -1826(t5)
core   0: 3 0x8000a726 (0x8c3f2f23) mem 0x80010000 0x00000001
core   0: 0x8000a72a (0x0000bfe5) c.j     pc - 8
core   0: 3 0x8000a72a (0xbfe5)
core   0: 0x8000a722 (0x00006f17) auipc   t5, 0x6
core   0: 3 0x8000a722 (0x00006f17) x30 0x80010722
core   0: 0x8000a726 (0x8c3f2f23) sw      gp, -1826(t5)
core   0: 3 0x8000a726 (0x8c3f2f23) mem 0x80010000 0x00000001
core   0: 0x8000a72a (0x0000bfe5) c.j     pc - 8
core   0: 3 0x8000a72a (0xbfe5)
core   0: 0x8000a722 (0x00006f17) auipc   t5, 0x6
core   0: 3 0x8000a722 (0x00006f17) x30 0x80010722
core   0: 0x8000a726 (0x8c3f2f23) sw      gp, -1826(t5)
core   0: 3 0x8000a726 (0x8c3f2f23) mem 0x80010000 0x00000001
core   0: 0x8000a72a (0x0000bfe5) c.j     pc - 8
core   0: 3 0x8000a72a (0xbfe5)
core   0: 0x8000a722 (0x00006f17) auipc   t5, 0x6
core   0: 3 0x8000a722 (0x00006f17) x30 0x80010722
core   0: 0x8000a726 (0x8c3f2f23) sw      gp, -1826(t5)
core   0: 3 0x8000a726 (0x8c3f2f23) mem 0x80010000 0x00000001
core   0: 0x8000a72a (0x0000bfe5) c.j     pc - 8
core   0: 3 0x8000a72a (0xbfe5)
core   0: 0x8000a722 (0x00006f17) auipc   t5, 0x6
core   0: 3 0x8000a722 (0x00006f17) x30 0x80010722
core   0: 0x8000a726 (0x8c3f2f23) sw      gp, -1826(t5)
core   0: 3 0x8000a726 (0x8c3f2f23) mem 0x80010000 0x00000001
core   0: 0x8000a72a (0x0000bfe5) c.j     pc - 8
core   0: 3 0x8000a72a (0xbfe5)
core   0: 0x8000a722 (0x00006f17) auipc   t5, 0x6
core   0: 3 0x8000a722 (0x00006f17) x30 0x80010722
core   0: 0x8000a726 (0x8c3f2f23) sw      gp, -1826(t5)
core   0: 3 0x8000a726 (0x8c3f2f23) mem 0x80010000 0x00000001
core   0: 0x8000a72a (0x0000bfe5) c.j     pc - 8
core   0: 3 0x8000a72a (0xbfe5)
core   0: 0x8000a722 (0x00006f17) auipc   t5, 0x6
core   0: 3 0x8000a722 (0x00006f17) x30 0x80010722
core   0: 0x8000a726 (0x8c3f2f23) sw      gp, -1826(t5)
core   0: 3 0x8000a726 (0x8c3f2f23) mem 0x80010000 0x00000001
core   0: 0x8000a72a (0x0000bfe5) c.j     pc - 8
core   0: 3 0x8000a72a (0xbfe5)
core   0: 0x8000a722 (0x00006f17) auipc   t5, 0x6
core   0: 3 0x8000a722 (0x00006f17) x30 0x80010722
core   0: 0x8000a726 (0x8c3f2f23) sw      gp, -1826(t5)
core   0: 3 0x8000a726 (0x8c3f2f23) mem 0x80010000 0x00000001
core   0: 0x8000a72a (0x0000bfe5) c.j     pc - 8
core   0: 3 0x8000a72a (0xbfe5)
core   0: 0x8000a722 (0x00006f17) auipc   t5, 0x6
core   0: 3 0x8000a722 (0x00006f17) x30 0x80010722
core   0: 0x8000a726 (0x8c3f2f23) sw      gp, -1826(t5)
core   0: 3 0x8000a726 (0x8c3f2f23) mem 0x80010000 0x00000001
core   0: 0x8000a72a (0x0000bfe5) c.j     pc - 8
core   0: 3 0x8000a72a (0xbfe5)
core   0: 0x8000a722 (0x00006f17) auipc   t5, 0x6
core   0: 3 0x8000a722 (0x00006f17) x30 0x80010722
core   0: 0x8000a726 (0x8c3f2f23) sw      gp, -1826(t5)
core   0: 3 0x8000a726 (0x8c3f2f23) mem 0x80010000 0x00000001
core   0: 0x8000a72a (0x0000bfe5) c.j     pc - 8
core   0: 3 0x8000a72a (0xbfe5)
core   0: 0x8000a722 (0x00006f17) auipc   t5, 0x6
core   0: 3 0x8000a722 (0x00006f17) x30 0x80010722
core   0: 0x8000a726 (0x8c3f2f23) sw      gp, -1826(t5)
core   0: 3 0x8000a726 (0x8c3f2f23) mem 0x80010000 0x00000001
core   0: 0x8000a72a (0x0000bfe5) c.j     pc - 8
core   0: 3 0x8000a72a (0xbfe5)
core   0: 0x8000a722 (0x00006f17) auipc   t5, 0x6
core   0: 3 0x8000a722 (0x00006f17) x30 0x80010722
core   0: 0x8000a726 (0x8c3f2f23) sw      gp, -1826(t5)
core   0: 3 0x8000a726 (0x8c3f2f23) mem 0x80010000 0x00000001
core   0: 0x8000a72a (0x0000bfe5) c.j     pc - 8
core   0: 3 0x8000a72a (0xbfe5)
core   0: 0x8000a722 (0x00006f17) auipc   t5, 0x6
core   0: 3 0x8000a722 (0x00006f17) x30 0x80010722
core   0: 0x8000a726 (0x8c3f2f23) sw      gp, -1826(t5)
core   0: 3 0x8000a726 (0x8c3f2f23) mem 0x80010000 0x00000001
core   0: 0x8000a72a (0x0000bfe5) c.j     pc - 8
core   0: 3 0x8000a72a (0xbfe5)
core   0: 0x8000a722 (0x00006f17) auipc   t5, 0x6
core   0: 3 0x8000a722 (0x00006f17) x30 0x80010722
core   0: 0x8000a726 (0x8c3f2f23) sw      gp, -1826(t5)
core   0: 3 0x8000a726 (0x8c3f2f23) mem 0x80010000 0x00000001
core   0: 0x8000a72a (0x0000bfe5) c.j     pc - 8
core   0: 3 0x8000a72a (0xbfe5)
core   0: 0x8000a722 (0x00006f17) auipc   t5, 0x6
core   0: 3 0x8000a722 (0x00006f17) x30 0x80010722
core   0: 0x8000a726 (0x8c3f2f23) sw      gp, -1826(t5)
core   0: 3 0x8000a726 (0x8c3f2f23) mem 0x80010000 0x00000001
core   0: 0x8000a72a (0x0000bfe5) c.j     pc - 8
core   0: 3 0x8000a72a (0xbfe5)
core   0: 0x8000a722 (0x00006f17) auipc   t5, 0x6
core   0: 3 0x8000a722 (0x00006f17) x30 0x80010722
core   0: 0x8000a726 (0x8c3f2f23) sw      gp, -1826(t5)
core   0: 3 0x8000a726 (0x8c3f2f23) mem 0x80010000 0x00000001
core   0: 0x8000a72a (0x0000bfe5) c.j     pc - 8
core   0: 3 0x8000a72a (0xbfe5)
core   0: 0x8000a722 (0x00006f17) auipc   t5, 0x6
core   0: 3 0x8000a722 (0x00006f17) x30 0x80010722
core   0: 0x8000a726 (0x8c3f2f23) sw      gp, -1826(t5)
core   0: 3 0x8000a726 (0x8c3f2f23) mem 0x80010000 0x00000001
core   0: 0x8000a72a (0x0000bfe5) c.j     pc - 8
core   0: 3 0x8000a72a (0xbfe5)
core   0: 0x8000a722 (0x00006f17) auipc   t5, 0x6
core   0: 3 0x8000a722 (0x00006f17) x30 0x80010722
core   0: 0x8000a726 (0x8c3f2f23) sw      gp, -1826(t5)
core   0: 3 0x8000a726 (0x8c3f2f23) mem 0x80010000 0x00000001
core   0: 0x8000a72a (0x0000bfe5) c.j     pc - 8
core   0: 3 0x8000a72a (0xbfe5)
core   0: 0x8000a722 (0x00006f17) auipc   t5, 0x6
core   0: 3 0x8000a722 (0x00006f17) x30 0x80010722
core   0: 0x8000a726 (0x8c3f2f23) sw      gp, -1826(t5)
core   0: 3 0x8000a726 (0x8c3f2f23) mem 0x80010000 0x00000001
core   0: 0x8000a72a (0x0000bfe5) c.j     pc - 8
core   0: 3 0x8000a72a (0xbfe5)
core   0: 0x8000a722 (0x00006f17) auipc   t5, 0x6
core   0: 3 0x8000a722 (0x00006f17) x30 0x80010722
core   0: 0x8000a726 (0x8c3f2f23) sw      gp, -1826(t5)
core   0: 3 0x8000a726 (0x8c3f2f23) mem 0x80010000 0x00000001
core   0: 0x8000a72a (0x0000bfe5) c.j     pc - 8
core   0: 3 0x8000a72a (0xbfe5)
core   0: 0x8000a722 (0x00006f17) auipc   t5, 0x6
core   0: 3 0x8000a722 (0x00006f17) x30 0x80010722
core   0: 0x8000a726 (0x8c3f2f23) sw      gp, -1826(t5)
core   0: 3 0x8000a726 (0x8c3f2f23) mem 0x80010000 0x00000001
core   0: 0x8000a72a (0x0000bfe5) c.j     pc - 8
core   0: 3 0x8000a72a (0xbfe5)
core   0: 0x8000a722 (0x00006f17) auipc   t5, 0x6
core   0: 3 0x8000a722 (0x00006f17) x30 0x80010722
core   0: 0x8000a726 (0x8c3f2f23) sw      gp, -1826(t5)
core   0: 3 0x8000a726 (0x8c3f2f23) mem 0x80010000 0x00000001
core   0: 0x8000a72a (0x0000bfe5) c.j     pc - 8
core   0: 3 0x8000a72a (0xbfe5)
core   0: 0x8000a722 (0x00006f17) auipc   t5, 0x6
core   0: 3 0x8000a722 (0x00006f17) x30 0x80010722
core   0: 0x8000a726 (0x8c3f2f23) sw      gp, -1826(t5)
core   0: 3 0x8000a726 (0x8c3f2f23) mem 0x80010000 0x00000001
core   0: 0x8000a72a (0x0000bfe5) c.j     pc - 8
core   0: 3 0x8000a72a (0xbfe5)
core   0: 0x8000a722 (0x00006f17) auipc   t5, 0x6
core   0: 3 0x8000a722 (0x00006f17) x30 0x80010722
core   0: 0x8000a726 (0x8c3f2f23) sw      gp, -1826(t5)
core   0: 3 0x8000a726 (0x8c3f2f23) mem 0x80010000 0x00000001
core   0: 0x8000a72a (0x0000bfe5) c.j     pc - 8
core   0: 3 0x8000a72a (0xbfe5)
core   0: 0x8000a722 (0x00006f17) auipc   t5, 0x6
core   0: 3 0x8000a722 (0x00006f17) x30 0x80010722
core   0: 0x8000a726 (0x8c3f2f23) sw      gp, -1826(t5)
core   0: 3 0x8000a726 (0x8c3f2f23) mem 0x80010000 0x00000001
core   0: 0x8000a72a (0x0000bfe5) c.j     pc - 8
core   0: 3 0x8000a72a (0xbfe5)
core   0: 0x8000a722 (0x00006f17) auipc   t5, 0x6
core   0: 3 0x8000a722 (0x00006f17) x30 0x80010722
core   0: 0x8000a726 (0x8c3f2f23) sw      gp, -1826(t5)
core   0: 3 0x8000a726 (0x8c3f2f23) mem 0x80010000 0x00000001
core   0: 0x8000a72a (0x0000bfe5) c.j     pc - 8
core   0: 3 0x8000a72a (0xbfe5)
core   0: 0x8000a722 (0x00006f17) auipc   t5, 0x6
core   0: 3 0x8000a722 (0x00006f17) x30 0x80010722
core   0: 0x8000a726 (0x8c3f2f23) sw      gp, -1826(t5)
core   0: 3 0x8000a726 (0x8c3f2f23) mem 0x80010000 0x00000001
core   0: 0x8000a72a (0x0000bfe5) c.j     pc - 8
core   0: 3 0x8000a72a (0xbfe5)
core   0: 0x8000a722 (0x00006f17) auipc   t5, 0x6
core   0: 3 0x8000a722 (0x00006f17) x30 0x80010722
core   0: 0x8000a726 (0x8c3f2f23) sw      gp, -1826(t5)
core   0: 3 0x8000a726 (0x8c3f2f23) mem 0x80010000 0x00000001
core   0: 0x8000a72a (0x0000bfe5) c.j     pc - 8
core   0: 3 0x8000a72a (0xbfe5)
core   0: 0x8000a722 (0x00006f17) auipc   t5, 0x6
core   0: 3 0x8000a722 (0x00006f17) x30 0x80010722
core   0: 0x8000a726 (0x8c3f2f23) sw      gp, -1826(t5)
core   0: 3 0x8000a726 (0x8c3f2f23) mem 0x80010000 0x00000001
core   0: 0x8000a72a (0x0000bfe5) c.j     pc - 8
core   0: 3 0x8000a72a (0xbfe5)
core   0: 0x8000a722 (0x00006f17) auipc   t5, 0x6
core   0: 3 0x8000a722 (0x00006f17) x30 0x80010722
core   0: 0x8000a726 (0x8c3f2f23) sw      gp, -1826(t5)
core   0: 3 0x8000a726 (0x8c3f2f23) mem 0x80010000 0x00000001
core   0: 0x8000a72a (0x0000bfe5) c.j     pc - 8
core   0: 3 0x8000a72a (0xbfe5)
core   0: 0x8000a722 (0x00006f17) auipc   t5, 0x6
core   0: 3 0x8000a722 (0x00006f17) x30 0x80010722
core   0: 0x8000a726 (0x8c3f2f23) sw      gp, -1826(t5)
core   0: 3 0x8000a726 (0x8c3f2f23) mem 0x80010000 0x00000001
core   0: 0x8000a72a (0x0000bfe5) c.j     pc - 8
core   0: 3 0x8000a72a (0xbfe5)
core   0: 0x8000a722 (0x00006f17) auipc   t5, 0x6
core   0: 3 0x8000a722 (0x00006f17) x30 0x80010722
core   0: 0x8000a726 (0x8c3f2f23) sw      gp, -1826(t5)
core   0: 3 0x8000a726 (0x8c3f2f23) mem 0x80010000 0x00000001
core   0: 0x8000a72a (0x0000bfe5) c.j     pc - 8
core   0: 3 0x8000a72a (0xbfe5)
core   0: 0x8000a722 (0x00006f17) auipc   t5, 0x6
core   0: 3 0x8000a722 (0x00006f17) x30 0x80010722
core   0: 0x8000a726 (0x8c3f2f23) sw      gp, -1826(t5)
core   0: 3 0x8000a726 (0x8c3f2f23) mem 0x80010000 0x00000001
core   0: 0x8000a72a (0x0000bfe5) c.j     pc - 8
core   0: 3 0x8000a72a (0xbfe5)
core   0: 0x8000a722 (0x00006f17) auipc   t5, 0x6
core   0: 3 0x8000a722 (0x00006f17) x30 0x80010722
core   0: 0x8000a726 (0x8c3f2f23) sw      gp, -1826(t5)
core   0: 3 0x8000a726 (0x8c3f2f23) mem 0x80010000 0x00000001
core   0: 0x8000a72a (0x0000bfe5) c.j     pc - 8
core   0: 3 0x8000a72a (0xbfe5)
core   0: 0x8000a722 (0x00006f17) auipc   t5, 0x6
core   0: 3 0x8000a722 (0x00006f17) x30 0x80010722
core   0: 0x8000a726 (0x8c3f2f23) sw      gp, -1826(t5)
core   0: 3 0x8000a726 (0x8c3f2f23) mem 0x80010000 0x00000001
core   0: 0x8000a72a (0x0000bfe5) c.j     pc - 8
core   0: 3 0x8000a72a (0xbfe5)
core   0: 0x8000a722 (0x00006f17) auipc   t5, 0x6
core   0: 3 0x8000a722 (0x00006f17) x30 0x80010722
core   0: 0x8000a726 (0x8c3f2f23) sw      gp, -1826(t5)
core   0: 3 0x8000a726 (0x8c3f2f23) mem 0x80010000 0x00000001
core   0: 0x8000a72a (0x0000bfe5) c.j     pc - 8
core   0: 3 0x8000a72a (0xbfe5)
core   0: 0x8000a722 (0x00006f17) auipc   t5, 0x6
core   0: 3 0x8000a722 (0x00006f17) x30 0x80010722
core   0: 0x8000a726 (0x8c3f2f23) sw      gp, -1826(t5)
core   0: 3 0x8000a726 (0x8c3f2f23) mem 0x80010000 0x00000001
core   0: 0x8000a72a (0x0000bfe5) c.j     pc - 8
core   0: 3 0x8000a72a (0xbfe5)
core   0: 0x8000a722 (0x00006f17) auipc   t5, 0x6
core   0: 3 0x8000a722 (0x00006f17) x30 0x80010722
core   0: 0x8000a726 (0x8c3f2f23) sw      gp, -1826(t5)
core   0: 3 0x8000a726 (0x8c3f2f23) mem 0x80010000 0x00000001
core   0: 0x8000a72a (0x0000bfe5) c.j     pc - 8
core   0: 3 0x8000a72a (0xbfe5)
core   0: 0x8000a722 (0x00006f17) auipc   t5, 0x6
core   0: 3 0x8000a722 (0x00006f17) x30 0x80010722
core   0: 0x8000a726 (0x8c3f2f23) sw      gp, -1826(t5)
core   0: 3 0x8000a726 (0x8c3f2f23) mem 0x80010000 0x00000001
core   0: 0x8000a72a (0x0000bfe5) c.j     pc - 8
core   0: 3 0x8000a72a (0xbfe5)
core   0: 0x8000a722 (0x00006f17) auipc   t5, 0x6
core   0: 3 0x8000a722 (0x00006f17) x30 0x80010722
core   0: 0x8000a726 (0x8c3f2f23) sw      gp, -1826(t5)
core   0: 3 0x8000a726 (0x8c3f2f23) mem 0x80010000 0x00000001
core   0: 0x8000a72a (0x0000bfe5) c.j     pc - 8
core   0: 3 0x8000a72a (0xbfe5)
core   0: 0x8000a722 (0x00006f17) auipc   t5, 0x6
core   0: 3 0x8000a722 (0x00006f17) x30 0x80010722
core   0: 0x8000a726 (0x8c3f2f23) sw      gp, -1826(t5)
core   0: 3 0x8000a726 (0x8c3f2f23) mem 0x80010000 0x00000001
core   0: 0x8000a72a (0x0000bfe5) c.j     pc - 8
core   0: 3 0x8000a72a (0xbfe5)
core   0: 0x8000a722 (0x00006f17) auipc   t5, 0x6
core   0: 3 0x8000a722 (0x00006f17) x30 0x80010722
core   0: 0x8000a726 (0x8c3f2f23) sw      gp, -1826(t5)
core   0: 3 0x8000a726 (0x8c3f2f23) mem 0x80010000 0x00000001
core   0: 0x8000a72a (0x0000bfe5) c.j     pc - 8
core   0: 3 0x8000a72a (0xbfe5)
core   0: 0x8000a722 (0x00006f17) auipc   t5, 0x6
core   0: 3 0x8000a722 (0x00006f17) x30 0x80010722
core   0: 0x8000a726 (0x8c3f2f23) sw      gp, -1826(t5)
core   0: 3 0x8000a726 (0x8c3f2f23) mem 0x80010000 0x00000001
core   0: 0x8000a72a (0x0000bfe5) c.j     pc - 8
core   0: 3 0x8000a72a (0xbfe5)
core   0: 0x8000a722 (0x00006f17) auipc   t5, 0x6
core   0: 3 0x8000a722 (0x00006f17) x30 0x80010722
core   0: 0x8000a726 (0x8c3f2f23) sw      gp, -1826(t5)
core   0: 3 0x8000a726 (0x8c3f2f23) mem 0x80010000 0x00000001
core   0: 0x8000a72a (0x0000bfe5) c.j     pc - 8
core   0: 3 0x8000a72a (0xbfe5)
core   0: 0x8000a722 (0x00006f17) auipc   t5, 0x6
core   0: 3 0x8000a722 (0x00006f17) x30 0x80010722
core   0: 0x8000a726 (0x8c3f2f23) sw      gp, -1826(t5)
core   0: 3 0x8000a726 (0x8c3f2f23) mem 0x80010000 0x00000001
core   0: 0x8000a72a (0x0000bfe5) c.j     pc - 8
core   0: 3 0x8000a72a (0xbfe5)
core   0: 0x8000a722 (0x00006f17) auipc   t5, 0x6
core   0: 3 0x8000a722 (0x00006f17) x30 0x80010722
core   0: 0x8000a726 (0x8c3f2f23) sw      gp, -1826(t5)
core   0: 3 0x8000a726 (0x8c3f2f23) mem 0x80010000 0x00000001
core   0: 0x8000a72a (0x0000bfe5) c.j     pc - 8
core   0: 3 0x8000a72a (0xbfe5)
core   0: 0x8000a722 (0x00006f17) auipc   t5, 0x6
core   0: 3 0x8000a722 (0x00006f17) x30 0x80010722
core   0: 0x8000a726 (0x8c3f2f23) sw      gp, -1826(t5)
core   0: 3 0x8000a726 (0x8c3f2f23) mem 0x80010000 0x00000001
core   0: 0x8000a72a (0x0000bfe5) c.j     pc - 8
core   0: 3 0x8000a72a (0xbfe5)
core   0: 0x8000a722 (0x00006f17) auipc   t5, 0x6
core   0: 3 0x8000a722 (0x00006f17) x30 0x80010722
core   0: 0x8000a726 (0x8c3f2f23) sw      gp, -1826(t5)
core   0: 3 0x8000a726 (0x8c3f2f23) mem 0x80010000 0x00000001
core   0: 0x8000a72a (0x0000bfe5) c.j     pc - 8
core   0: 3 0x8000a72a (0xbfe5)
core   0: 0x8000a722 (0x00006f17) auipc   t5, 0x6
core   0: 3 0x8000a722 (0x00006f17) x30 0x80010722
core   0: 0x8000a726 (0x8c3f2f23) sw      gp, -1826(t5)
core   0: 3 0x8000a726 (0x8c3f2f23) mem 0x80010000 0x00000001
core   0: 0x8000a72a (0x0000bfe5) c.j     pc - 8
core   0: 3 0x8000a72a (0xbfe5)
core   0: 0x8000a722 (0x00006f17) auipc   t5, 0x6
core   0: 3 0x8000a722 (0x00006f17) x30 0x80010722
core   0: 0x8000a726 (0x8c3f2f23) sw      gp, -1826(t5)
core   0: 3 0x8000a726 (0x8c3f2f23) mem 0x80010000 0x00000001
core   0: 0x8000a72a (0x0000bfe5) c.j     pc - 8
core   0: 3 0x8000a72a (0xbfe5)
core   0: 0x8000a722 (0x00006f17) auipc   t5, 0x6
core   0: 3 0x8000a722 (0x00006f17) x30 0x80010722
core   0: 0x8000a726 (0x8c3f2f23) sw      gp, -1826(t5)
core   0: 3 0x8000a726 (0x8c3f2f23) mem 0x80010000 0x00000001
core   0: 0x8000a72a (0x0000bfe5) c.j     pc - 8
core   0: 3 0x8000a72a (0xbfe5)
core   0: 0x8000a722 (0x00006f17) auipc   t5, 0x6
core   0: 3 0x8000a722 (0x00006f17) x30 0x80010722
core   0: 0x8000a726 (0x8c3f2f23) sw      gp, -1826(t5)
core   0: 3 0x8000a726 (0x8c3f2f23) mem 0x80010000 0x00000001
core   0: 0x8000a72a (0x0000bfe5) c.j     pc - 8
core   0: 3 0x8000a72a (0xbfe5)
core   0: 0x8000a722 (0x00006f17) auipc   t5, 0x6
core   0: 3 0x8000a722 (0x00006f17) x30 0x80010722
core   0: 0x8000a726 (0x8c3f2f23) sw      gp, -1826(t5)
core   0: 3 0x8000a726 (0x8c3f2f23) mem 0x80010000 0x00000001
core   0: 0x8000a72a (0x0000bfe5) c.j     pc - 8
core   0: 3 0x8000a72a (0xbfe5)
core   0: 0x8000a722 (0x00006f17) auipc   t5, 0x6
core   0: 3 0x8000a722 (0x00006f17) x30 0x80010722
core   0: 0x8000a726 (0x8c3f2f23) sw      gp, -1826(t5)
core   0: 3 0x8000a726 (0x8c3f2f23) mem 0x80010000 0x00000001
core   0: 0x8000a72a (0x0000bfe5) c.j     pc - 8
core   0: 3 0x8000a72a (0xbfe5)
core   0: 0x8000a722 (0x00006f17) auipc   t5, 0x6
core   0: 3 0x8000a722 (0x00006f17) x30 0x80010722
core   0: 0x8000a726 (0x8c3f2f23) sw      gp, -1826(t5)
core   0: 3 0x8000a726 (0x8c3f2f23) mem 0x80010000 0x00000001
core   0: 0x8000a72a (0x0000bfe5) c.j     pc - 8
core   0: 3 0x8000a72a (0xbfe5)
core   0: 0x8000a722 (0x00006f17) auipc   t5, 0x6
core   0: 3 0x8000a722 (0x00006f17) x30 0x80010722
core   0: 0x8000a726 (0x8c3f2f23) sw      gp, -1826(t5)
core   0: 3 0x8000a726 (0x8c3f2f23) mem 0x80010000 0x00000001
core   0: 0x8000a72a (0x0000bfe5) c.j     pc - 8
core   0: 3 0x8000a72a (0xbfe5)
core   0: 0x8000a722 (0x00006f17) auipc   t5, 0x6
core   0: 3 0x8000a722 (0x00006f17) x30 0x80010722
core   0: 0x8000a726 (0x8c3f2f23) sw      gp, -1826(t5)
core   0: 3 0x8000a726 (0x8c3f2f23) mem 0x80010000 0x00000001
core   0: 0x8000a72a (0x0000bfe5) c.j     pc - 8
core   0: 3 0x8000a72a (0xbfe5)
core   0: 0x8000a722 (0x00006f17) auipc   t5, 0x6
core   0: 3 0x8000a722 (0x00006f17) x30 0x80010722
core   0: 0x8000a726 (0x8c3f2f23) sw      gp, -1826(t5)
core   0: 3 0x8000a726 (0x8c3f2f23) mem 0x80010000 0x00000001
core   0: 0x8000a72a (0x0000bfe5) c.j     pc - 8
core   0: 3 0x8000a72a (0xbfe5)
core   0: 0x8000a722 (0x00006f17) auipc   t5, 0x6
core   0: 3 0x8000a722 (0x00006f17) x30 0x80010722
core   0: 0x8000a726 (0x8c3f2f23) sw      gp, -1826(t5)
core   0: 3 0x8000a726 (0x8c3f2f23) mem 0x80010000 0x00000001
core   0: 0x8000a72a (0x0000bfe5) c.j     pc - 8
core   0: 3 0x8000a72a (0xbfe5)
core   0: 0x8000a722 (0x00006f17) auipc   t5, 0x6
core   0: 3 0x8000a722 (0x00006f17) x30 0x80010722
core   0: 0x8000a726 (0x8c3f2f23) sw      gp, -1826(t5)
core   0: 3 0x8000a726 (0x8c3f2f23) mem 0x80010000 0x00000001
core   0: 0x8000a72a (0x0000bfe5) c.j     pc - 8
core   0: 3 0x8000a72a (0xbfe5)
core   0: 0x8000a722 (0x00006f17) auipc   t5, 0x6
core   0: 3 0x8000a722 (0x00006f17) x30 0x80010722
core   0: 0x8000a726 (0x8c3f2f23) sw      gp, -1826(t5)
core   0: 3 0x8000a726 (0x8c3f2f23) mem 0x80010000 0x00000001
core   0: 0x8000a72a (0x0000bfe5) c.j     pc - 8
core   0: 3 0x8000a72a (0xbfe5)
core   0: 0x8000a722 (0x00006f17) auipc   t5, 0x6
core   0: 3 0x8000a722 (0x00006f17) x30 0x80010722
core   0: 0x8000a726 (0x8c3f2f23) sw      gp, -1826(t5)
core   0: 3 0x8000a726 (0x8c3f2f23) mem 0x80010000 0x00000001
core   0: 0x8000a72a (0x0000bfe5) c.j     pc - 8
core   0: 3 0x8000a72a (0xbfe5)
core   0: 0x8000a722 (0x00006f17) auipc   t5, 0x6
core   0: 3 0x8000a722 (0x00006f17) x30 0x80010722
core   0: 0x8000a726 (0x8c3f2f23) sw      gp, -1826(t5)
core   0: 3 0x8000a726 (0x8c3f2f23) mem 0x80010000 0x00000001
core   0: 0x8000a72a (0x0000bfe5) c.j     pc - 8
core   0: 3 0x8000a72a (0xbfe5)
core   0: 0x8000a722 (0x00006f17) auipc   t5, 0x6
core   0: 3 0x8000a722 (0x00006f17) x30 0x80010722
core   0: 0x8000a726 (0x8c3f2f23) sw      gp, -1826(t5)
core   0: 3 0x8000a726 (0x8c3f2f23) mem 0x80010000 0x00000001
core   0: 0x8000a72a (0x0000bfe5) c.j     pc - 8
core   0: 3 0x8000a72a (0xbfe5)
core   0: 0x8000a722 (0x00006f17) auipc   t5, 0x6
core   0: 3 0x8000a722 (0x00006f17) x30 0x80010722
core   0: 0x8000a726 (0x8c3f2f23) sw      gp, -1826(t5)
core   0: 3 0x8000a726 (0x8c3f2f23) mem 0x80010000 0x00000001
core   0: 0x8000a72a (0x0000bfe5) c.j     pc - 8
core   0: 3 0x8000a72a (0xbfe5)
core   0: 0x8000a722 (0x00006f17) auipc   t5, 0x6
core   0: 3 0x8000a722 (0x00006f17) x30 0x80010722
core   0: 0x8000a726 (0x8c3f2f23) sw      gp, -1826(t5)
core   0: 3 0x8000a726 (0x8c3f2f23) mem 0x80010000 0x00000001
core   0: 0x8000a72a (0x0000bfe5) c.j     pc - 8
core   0: 3 0x8000a72a (0xbfe5)
core   0: 0x8000a722 (0x00006f17) auipc   t5, 0x6
core   0: 3 0x8000a722 (0x00006f17) x30 0x80010722
core   0: 0x8000a726 (0x8c3f2f23) sw      gp, -1826(t5)
core   0: 3 0x8000a726 (0x8c3f2f23) mem 0x80010000 0x00000001
core   0: 0x8000a72a (0x0000bfe5) c.j     pc - 8
core   0: 3 0x8000a72a (0xbfe5)
core   0: 0x8000a722 (0x00006f17) auipc   t5, 0x6
core   0: 3 0x8000a722 (0x00006f17) x30 0x80010722
core   0: 0x8000a726 (0x8c3f2f23) sw      gp, -1826(t5)
core   0: 3 0x8000a726 (0x8c3f2f23) mem 0x80010000 0x00000001
core   0: 0x8000a72a (0x0000bfe5) c.j     pc - 8
core   0: 3 0x8000a72a (0xbfe5)
core   0: 0x8000a722 (0x00006f17) auipc   t5, 0x6
core   0: 3 0x8000a722 (0x00006f17) x30 0x80010722
core   0: 0x8000a726 (0x8c3f2f23) sw      gp, -1826(t5)
core   0: 3 0x8000a726 (0x8c3f2f23) mem 0x80010000 0x00000001
core   0: 0x8000a72a (0x0000bfe5) c.j     pc - 8
core   0: 3 0x8000a72a (0xbfe5)
core   0: 0x8000a722 (0x00006f17) auipc   t5, 0x6
core   0: 3 0x8000a722 (0x00006f17) x30 0x80010722
core   0: 0x8000a726 (0x8c3f2f23) sw      gp, -1826(t5)
core   0: 3 0x8000a726 (0x8c3f2f23) mem 0x80010000 0x00000001
core   0: 0x8000a72a (0x0000bfe5) c.j     pc - 8
core   0: 3 0x8000a72a (0xbfe5)
core   0: 0x8000a722 (0x00006f17) auipc   t5, 0x6
core   0: 3 0x8000a722 (0x00006f17) x30 0x80010722
core   0: 0x8000a726 (0x8c3f2f23) sw      gp, -1826(t5)
core   0: 3 0x8000a726 (0x8c3f2f23) mem 0x80010000 0x00000001
core   0: 0x8000a72a (0x0000bfe5) c.j     pc - 8
core   0: 3 0x8000a72a (0xbfe5)
core   0: 0x8000a722 (0x00006f17) auipc   t5, 0x6
core   0: 3 0x8000a722 (0x00006f17) x30 0x80010722
core   0: 0x8000a726 (0x8c3f2f23) sw      gp, -1826(t5)
core   0: 3 0x8000a726 (0x8c3f2f23) mem 0x80010000 0x00000001
core   0: 0x8000a72a (0x0000bfe5) c.j     pc - 8
core   0: 3 0x8000a72a (0xbfe5)
core   0: 0x8000a722 (0x00006f17) auipc   t5, 0x6
core   0: 3 0x8000a722 (0x00006f17) x30 0x80010722
core   0: 0x8000a726 (0x8c3f2f23) sw      gp, -1826(t5)
core   0: 3 0x8000a726 (0x8c3f2f23) mem 0x80010000 0x00000001
core   0: 0x8000a72a (0x0000bfe5) c.j     pc - 8
core   0: 3 0x8000a72a (0xbfe5)
core   0: 0x8000a722 (0x00006f17) auipc   t5, 0x6
core   0: 3 0x8000a722 (0x00006f17) x30 0x80010722
core   0: 0x8000a726 (0x8c3f2f23) sw      gp, -1826(t5)
core   0: 3 0x8000a726 (0x8c3f2f23) mem 0x80010000 0x00000001
core   0: 0x8000a72a (0x0000bfe5) c.j     pc - 8
core   0: 3 0x8000a72a (0xbfe5)
core   0: 0x8000a722 (0x00006f17) auipc   t5, 0x6
core   0: 3 0x8000a722 (0x00006f17) x30 0x80010722
core   0: 0x8000a726 (0x8c3f2f23) sw      gp, -1826(t5)
core   0: 3 0x8000a726 (0x8c3f2f23) mem 0x80010000 0x00000001
core   0: 0x8000a72a (0x0000bfe5) c.j     pc - 8
core   0: 3 0x8000a72a (0xbfe5)
core   0: 0x8000a722 (0x00006f17) auipc   t5, 0x6
core   0: 3 0x8000a722 (0x00006f17) x30 0x80010722
core   0: 0x8000a726 (0x8c3f2f23) sw      gp, -1826(t5)
core   0: 3 0x8000a726 (0x8c3f2f23) mem 0x80010000 0x00000001
core   0: 0x8000a72a (0x0000bfe5) c.j     pc - 8
core   0: 3 0x8000a72a (0xbfe5)
core   0: 0x8000a722 (0x00006f17) auipc   t5, 0x6
core   0: 3 0x8000a722 (0x00006f17) x30 0x80010722
core   0: 0x8000a726 (0x8c3f2f23) sw      gp, -1826(t5)
core   0: 3 0x8000a726 (0x8c3f2f23) mem 0x80010000 0x00000001
core   0: 0x8000a72a (0x0000bfe5) c.j     pc - 8
core   0: 3 0x8000a72a (0xbfe5)
core   0: 0x8000a722 (0x00006f17) auipc   t5, 0x6
core   0: 3 0x8000a722 (0x00006f17) x30 0x80010722
core   0: 0x8000a726 (0x8c3f2f23) sw      gp, -1826(t5)
core   0: 3 0x8000a726 (0x8c3f2f23) mem 0x80010000 0x00000001
core   0: 0x8000a72a (0x0000bfe5) c.j     pc - 8
core   0: 3 0x8000a72a (0xbfe5)
core   0: 0x8000a722 (0x00006f17) auipc   t5, 0x6
core   0: 3 0x8000a722 (0x00006f17) x30 0x80010722
core   0: 0x8000a726 (0x8c3f2f23) sw      gp, -1826(t5)
core   0: 3 0x8000a726 (0x8c3f2f23) mem 0x80010000 0x00000001
core   0: 0x8000a72a (0x0000bfe5) c.j     pc - 8
core   0: 3 0x8000a72a (0xbfe5)
core   0: 0x8000a722 (0x00006f17) auipc   t5, 0x6
core   0: 3 0x8000a722 (0x00006f17) x30 0x80010722
core   0: 0x8000a726 (0x8c3f2f23) sw      gp, -1826(t5)
core   0: 3 0x8000a726 (0x8c3f2f23) mem 0x80010000 0x00000001
core   0: 0x8000a72a (0x0000bfe5) c.j     pc - 8
core   0: 3 0x8000a72a (0xbfe5)
core   0: 0x8000a722 (0x00006f17) auipc   t5, 0x6
core   0: 3 0x8000a722 (0x00006f17) x30 0x80010722
core   0: 0x8000a726 (0x8c3f2f23) sw      gp, -1826(t5)
core   0: 3 0x8000a726 (0x8c3f2f23) mem 0x80010000 0x00000001
core   0: 0x8000a72a (0x0000bfe5) c.j     pc - 8
core   0: 3 0x8000a72a (0xbfe5)
core   0: 0x8000a722 (0x00006f17) auipc   t5, 0x6
core   0: 3 0x8000a722 (0x00006f17) x30 0x80010722
core   0: 0x8000a726 (0x8c3f2f23) sw      gp, -1826(t5)
core   0: 3 0x8000a726 (0x8c3f2f23) mem 0x80010000 0x00000001
core   0: 0x8000a72a (0x0000bfe5) c.j     pc - 8
core   0: 3 0x8000a72a (0xbfe5)
core   0: 0x8000a722 (0x00006f17) auipc   t5, 0x6
core   0: 3 0x8000a722 (0x00006f17) x30 0x80010722
core   0: 0x8000a726 (0x8c3f2f23) sw      gp, -1826(t5)
core   0: 3 0x8000a726 (0x8c3f2f23) mem 0x80010000 0x00000001
core   0: 0x8000a72a (0x0000bfe5) c.j     pc - 8
core   0: 3 0x8000a72a (0xbfe5)
core   0: 0x8000a722 (0x00006f17) auipc   t5, 0x6
core   0: 3 0x8000a722 (0x00006f17) x30 0x80010722
core   0: 0x8000a726 (0x8c3f2f23) sw      gp, -1826(t5)
core   0: 3 0x8000a726 (0x8c3f2f23) mem 0x80010000 0x00000001
core   0: 0x8000a72a (0x0000bfe5) c.j     pc - 8
core   0: 3 0x8000a72a (0xbfe5)
core   0: 0x8000a722 (0x00006f17) auipc   t5, 0x6
core   0: 3 0x8000a722 (0x00006f17) x30 0x80010722
core   0: 0x8000a726 (0x8c3f2f23) sw      gp, -1826(t5)
core   0: 3 0x8000a726 (0x8c3f2f23) mem 0x80010000 0x00000001
core   0: 0x8000a72a (0x0000bfe5) c.j     pc - 8
core   0: 3 0x8000a72a (0xbfe5)
core   0: 0x8000a722 (0x00006f17) auipc   t5, 0x6
core   0: 3 0x8000a722 (0x00006f17) x30 0x80010722
core   0: 0x8000a726 (0x8c3f2f23) sw      gp, -1826(t5)
core   0: 3 0x8000a726 (0x8c3f2f23) mem 0x80010000 0x00000001
core   0: 0x8000a72a (0x0000bfe5) c.j     pc - 8
core   0: 3 0x8000a72a (0xbfe5)
core   0: 0x8000a722 (0x00006f17) auipc   t5, 0x6
core   0: 3 0x8000a722 (0x00006f17) x30 0x80010722
core   0: 0x8000a726 (0x8c3f2f23) sw      gp, -1826(t5)
core   0: 3 0x8000a726 (0x8c3f2f23) mem 0x80010000 0x00000001
core   0: 0x8000a72a (0x0000bfe5) c.j     pc - 8
core   0: 3 0x8000a72a (0xbfe5)
core   0: 0x8000a722 (0x00006f17) auipc   t5, 0x6
core   0: 3 0x8000a722 (0x00006f17) x30 0x80010722
core   0: 0x8000a726 (0x8c3f2f23) sw      gp, -1826(t5)
core   0: 3 0x8000a726 (0x8c3f2f23) mem 0x80010000 0x00000001
core   0: 0x8000a72a (0x0000bfe5) c.j     pc - 8
core   0: 3 0x8000a72a (0xbfe5)
core   0: 0x8000a722 (0x00006f17) auipc   t5, 0x6
core   0: 3 0x8000a722 (0x00006f17) x30 0x80010722
core   0: 0x8000a726 (0x8c3f2f23) sw      gp, -1826(t5)
core   0: 3 0x8000a726 (0x8c3f2f23) mem 0x80010000 0x00000001
core   0: 0x8000a72a (0x0000bfe5) c.j     pc - 8
core   0: 3 0x8000a72a (0xbfe5)
core   0: 0x8000a722 (0x00006f17) auipc   t5, 0x6
core   0: 3 0x8000a722 (0x00006f17) x30 0x80010722
core   0: 0x8000a726 (0x8c3f2f23) sw      gp, -1826(t5)
core   0: 3 0x8000a726 (0x8c3f2f23) mem 0x80010000 0x00000001
core   0: 0x8000a72a (0x0000bfe5) c.j     pc - 8
core   0: 3 0x8000a72a (0xbfe5)
core   0: 0x8000a722 (0x00006f17) auipc   t5, 0x6
core   0: 3 0x8000a722 (0x00006f17) x30 0x80010722
core   0: 0x8000a726 (0x8c3f2f23) sw      gp, -1826(t5)
core   0: 3 0x8000a726 (0x8c3f2f23) mem 0x80010000 0x00000001
core   0: 0x8000a72a (0x0000bfe5) c.j     pc - 8
core   0: 3 0x8000a72a (0xbfe5)
core   0: 0x8000a722 (0x00006f17) auipc   t5, 0x6
core   0: 3 0x8000a722 (0x00006f17) x30 0x80010722
core   0: 0x8000a726 (0x8c3f2f23) sw      gp, -1826(t5)
core   0: 3 0x8000a726 (0x8c3f2f23) mem 0x80010000 0x00000001
core   0: 0x8000a72a (0x0000bfe5) c.j     pc - 8
core   0: 3 0x8000a72a (0xbfe5)
core   0: 0x8000a722 (0x00006f17) auipc   t5, 0x6
core   0: 3 0x8000a722 (0x00006f17) x30 0x80010722
core   0: 0x8000a726 (0x8c3f2f23) sw      gp, -1826(t5)
core   0: 3 0x8000a726 (0x8c3f2f23) mem 0x80010000 0x00000001
core   0: 0x8000a72a (0x0000bfe5) c.j     pc - 8
core   0: 3 0x8000a72a (0xbfe5)
core   0: 0x8000a722 (0x00006f17) auipc   t5, 0x6
core   0: 3 0x8000a722 (0x00006f17) x30 0x80010722
core   0: 0x8000a726 (0x8c3f2f23) sw      gp, -1826(t5)
core   0: 3 0x8000a726 (0x8c3f2f23) mem 0x80010000 0x00000001
core   0: 0x8000a72a (0x0000bfe5) c.j     pc - 8
core   0: 3 0x8000a72a (0xbfe5)
core   0: 0x8000a722 (0x00006f17) auipc   t5, 0x6
core   0: 3 0x8000a722 (0x00006f17) x30 0x80010722
core   0: 0x8000a726 (0x8c3f2f23) sw      gp, -1826(t5)
core   0: 3 0x8000a726 (0x8c3f2f23) mem 0x80010000 0x00000001
core   0: 0x8000a72a (0x0000bfe5) c.j     pc - 8
core   0: 3 0x8000a72a (0xbfe5)
core   0: 0x8000a722 (0x00006f17) auipc   t5, 0x6
core   0: 3 0x8000a722 (0x00006f17) x30 0x80010722
core   0: 0x8000a726 (0x8c3f2f23) sw      gp, -1826(t5)
core   0: 3 0x8000a726 (0x8c3f2f23) mem 0x80010000 0x00000001
core   0: 0x8000a72a (0x0000bfe5) c.j     pc - 8
core   0: 3 0x8000a72a (0xbfe5)
core   0: 0x8000a722 (0x00006f17) auipc   t5, 0x6
core   0: 3 0x8000a722 (0x00006f17) x30 0x80010722
core   0: 0x8000a726 (0x8c3f2f23) sw      gp, -1826(t5)
core   0: 3 0x8000a726 (0x8c3f2f23) mem 0x80010000 0x00000001
core   0: 0x8000a72a (0x0000bfe5) c.j     pc - 8
core   0: 3 0x8000a72a (0xbfe5)
core   0: 0x8000a722 (0x00006f17) auipc   t5, 0x6
core   0: 3 0x8000a722 (0x00006f17) x30 0x80010722
core   0: 0x8000a726 (0x8c3f2f23) sw      gp, -1826(t5)
core   0: 3 0x8000a726 (0x8c3f2f23) mem 0x80010000 0x00000001
core   0: 0x8000a72a (0x0000bfe5) c.j     pc - 8
core   0: 3 0x8000a72a (0xbfe5)
core   0: 0x8000a722 (0x00006f17) auipc   t5, 0x6
core   0: 3 0x8000a722 (0x00006f17) x30 0x80010722
core   0: 0x8000a726 (0x8c3f2f23) sw      gp, -1826(t5)
core   0: 3 0x8000a726 (0x8c3f2f23) mem 0x80010000 0x00000001
core   0: 0x8000a72a (0x0000bfe5) c.j     pc - 8
core   0: 3 0x8000a72a (0xbfe5)
core   0: 0x8000a722 (0x00006f17) auipc   t5, 0x6
core   0: 3 0x8000a722 (0x00006f17) x30 0x80010722
core   0: 0x8000a726 (0x8c3f2f23) sw      gp, -1826(t5)
core   0: 3 0x8000a726 (0x8c3f2f23) mem 0x80010000 0x00000001
core   0: 0x8000a72a (0x0000bfe5) c.j     pc - 8
core   0: 3 0x8000a72a (0xbfe5)
core   0: 0x8000a722 (0x00006f17) auipc   t5, 0x6
core   0: 3 0x8000a722 (0x00006f17) x30 0x80010722
core   0: 0x8000a726 (0x8c3f2f23) sw      gp, -1826(t5)
core   0: 3 0x8000a726 (0x8c3f2f23) mem 0x80010000 0x00000001
core   0: 0x8000a72a (0x0000bfe5) c.j     pc - 8
core   0: 3 0x8000a72a (0xbfe5)
core   0: 0x8000a722 (0x00006f17) auipc   t5, 0x6
core   0: 3 0x8000a722 (0x00006f17) x30 0x80010722
core   0: 0x8000a726 (0x8c3f2f23) sw      gp, -1826(t5)
core   0: 3 0x8000a726 (0x8c3f2f23) mem 0x80010000 0x00000001
